
===========================================================================
report_checks -unconstrained
===========================================================================
======================= nom_ss_100C_1v60 Corner ===================================

Startpoint: A[2] (input port clocked by __VIRTUAL_CLK__)
Endpoint: P[15] (output port clocked by __VIRTUAL_CLK__)
Path Group: __VIRTUAL_CLK__
Path Type: max

Fanout         Cap        Slew       Delay        Time   Description
---------------------------------------------------------------------------------------------
                      0.000000    0.000000    0.000000   clock __VIRTUAL_CLK__ (rise edge)
                                  0.000000    0.000000   clock network delay (ideal)
                                  2.000000    2.000000 ^ input external delay
     1    0.003338    0.035830    0.018636    2.018636 ^ A[2] (in)
                                                         A[2] (net)
                      0.035830    0.000000    2.018636 ^ input3/A (sky130_fd_sc_hd__buf_1)
     2    0.016698    0.322849    0.315148    2.333784 ^ input3/X (sky130_fd_sc_hd__buf_1)
                                                         net3 (net)
                      0.322850    0.000509    2.334294 ^ fanout37/A (sky130_fd_sc_hd__buf_6)
     9    0.036995    0.132062    0.332231    2.666525 ^ fanout37/X (sky130_fd_sc_hd__buf_6)
                                                         net37 (net)
                      0.132109    0.002355    2.668880 ^ rebuffer26/A (sky130_fd_sc_hd__buf_1)
     2    0.010335    0.207204    0.274889    2.943769 ^ rebuffer26/X (sky130_fd_sc_hd__buf_1)
                                                         net73 (net)
                      0.207204    0.000407    2.944176 ^ rebuffer27/A (sky130_fd_sc_hd__dlymetal6s2s_1)
     1    0.004401    0.107469    0.250721    3.194897 ^ rebuffer27/X (sky130_fd_sc_hd__dlymetal6s2s_1)
                                                         net74 (net)
                      0.107469    0.000173    3.195070 ^ _397_/B (sky130_fd_sc_hd__and4_1)
     3    0.013730    0.244881    0.520491    3.715561 ^ _397_/X (sky130_fd_sc_hd__and4_1)
                                                         _044_ (net)
                      0.244881    0.000236    3.715797 ^ _398_/A_N (sky130_fd_sc_hd__and3b_1)
     2    0.006132    0.097490    0.451903    4.167700 v _398_/X (sky130_fd_sc_hd__and3b_1)
                                                         _045_ (net)
                      0.097490    0.000198    4.167898 v _403_/A (sky130_fd_sc_hd__and3_1)
     4    0.014113    0.159967    0.398597    4.566495 v _403_/X (sky130_fd_sc_hd__and3_1)
                                                         _050_ (net)
                      0.159967    0.000389    4.566885 v _426_/A (sky130_fd_sc_hd__and3_1)
     3    0.008003    0.112972    0.380026    4.946910 v _426_/X (sky130_fd_sc_hd__and3_1)
                                                         _072_ (net)
                      0.112972    0.000246    4.947156 v _497_/C (sky130_fd_sc_hd__and3b_1)
     2    0.007547    0.108745    0.421892    5.369049 v _497_/X (sky130_fd_sc_hd__and3b_1)
                                                         _141_ (net)
                      0.108745    0.000192    5.369241 v _499_/D (sky130_fd_sc_hd__or4_4)
     2    0.006983    0.165148    0.867310    6.236551 v _499_/X (sky130_fd_sc_hd__or4_4)
                                                         _143_ (net)
                      0.165149    0.000194    6.236745 v _506_/A2 (sky130_fd_sc_hd__a22oi_2)
     1    0.003770    0.201429    0.326359    6.563105 ^ _506_/Y (sky130_fd_sc_hd__a22oi_2)
                                                         _150_ (net)
                      0.201429    0.000122    6.563227 ^ _507_/B (sky130_fd_sc_hd__nor2_1)
     2    0.006453    0.081369    0.150511    6.713738 v _507_/Y (sky130_fd_sc_hd__nor2_1)
                                                         _151_ (net)
                      0.081369    0.000195    6.713932 v _508_/B (sky130_fd_sc_hd__and2_4)
     4    0.013776    0.069899    0.309890    7.023823 v _508_/X (sky130_fd_sc_hd__and2_4)
                                                         _152_ (net)
                      0.069899    0.000315    7.024138 v _539_/B (sky130_fd_sc_hd__or3_4)
     3    0.011852    0.139481    0.752733    7.776871 v _539_/X (sky130_fd_sc_hd__or3_4)
                                                         _182_ (net)
                      0.139481    0.000250    7.777122 v _556_/A2 (sky130_fd_sc_hd__a211o_1)
     1    0.002499    0.082173    0.557038    8.334160 v _556_/X (sky130_fd_sc_hd__a211o_1)
                                                         _198_ (net)
                      0.082173    0.000071    8.334230 v _557_/B1 (sky130_fd_sc_hd__a21o_1)
     1    0.005565    0.082026    0.305136    8.639367 v _557_/X (sky130_fd_sc_hd__a21o_1)
                                                         _199_ (net)
                      0.082026    0.000179    8.639546 v _558_/C1 (sky130_fd_sc_hd__o211a_4)
     4    0.017270    0.095774    0.284867    8.924414 v _558_/X (sky130_fd_sc_hd__o211a_4)
                                                         _200_ (net)
                      0.095778    0.000805    8.925219 v _580_/A2 (sky130_fd_sc_hd__o2111a_1)
     1    0.005692    0.097703    0.440997    9.366215 v _580_/X (sky130_fd_sc_hd__o2111a_1)
                                                         _220_ (net)
                      0.097703    0.000188    9.366403 v _583_/C (sky130_fd_sc_hd__or3_4)
     1    0.008732    0.132114    0.680930   10.047333 v _583_/X (sky130_fd_sc_hd__or3_4)
                                                         net23 (net)
                      0.132114    0.000363   10.047696 v output23/A (sky130_fd_sc_hd__buf_8)
     1    0.034964    0.068390    0.269203   10.316899 v output23/X (sky130_fd_sc_hd__buf_8)
                                                         P[15] (net)
                      0.068403    0.000935   10.317835 v P[15] (out)
                                             10.317835   data arrival time

                      0.000000   10.000000   10.000000   clock __VIRTUAL_CLK__ (rise edge)
                                  0.000000   10.000000   clock network delay (ideal)
                                 -0.250000    9.750000   clock uncertainty
                                  0.000000    9.750000   clock reconvergence pessimism
                                 -2.000000    7.750000   output external delay
                                              7.750000   data required time
---------------------------------------------------------------------------------------------
                                              7.750000   data required time
                                            -10.317835   data arrival time
---------------------------------------------------------------------------------------------
                                             -2.567835   slack (VIOLATED)




===========================================================================
report_checks --slack_max -0.01
============================================================================
======================= nom_ss_100C_1v60 Corner ===================================

Startpoint: A[2] (input port clocked by __VIRTUAL_CLK__)
Endpoint: P[15] (output port clocked by __VIRTUAL_CLK__)
Path Group: __VIRTUAL_CLK__
Path Type: max

Fanout         Cap        Slew       Delay        Time   Description
---------------------------------------------------------------------------------------------
                      0.000000    0.000000    0.000000   clock __VIRTUAL_CLK__ (rise edge)
                                  0.000000    0.000000   clock network delay (ideal)
                                  2.000000    2.000000 ^ input external delay
     1    0.003338    0.035830    0.018636    2.018636 ^ A[2] (in)
                                                         A[2] (net)
                      0.035830    0.000000    2.018636 ^ input3/A (sky130_fd_sc_hd__buf_1)
     2    0.016698    0.322849    0.315148    2.333784 ^ input3/X (sky130_fd_sc_hd__buf_1)
                                                         net3 (net)
                      0.322850    0.000509    2.334294 ^ fanout37/A (sky130_fd_sc_hd__buf_6)
     9    0.036995    0.132062    0.332231    2.666525 ^ fanout37/X (sky130_fd_sc_hd__buf_6)
                                                         net37 (net)
                      0.132109    0.002355    2.668880 ^ rebuffer26/A (sky130_fd_sc_hd__buf_1)
     2    0.010335    0.207204    0.274889    2.943769 ^ rebuffer26/X (sky130_fd_sc_hd__buf_1)
                                                         net73 (net)
                      0.207204    0.000407    2.944176 ^ rebuffer27/A (sky130_fd_sc_hd__dlymetal6s2s_1)
     1    0.004401    0.107469    0.250721    3.194897 ^ rebuffer27/X (sky130_fd_sc_hd__dlymetal6s2s_1)
                                                         net74 (net)
                      0.107469    0.000173    3.195070 ^ _397_/B (sky130_fd_sc_hd__and4_1)
     3    0.013730    0.244881    0.520491    3.715561 ^ _397_/X (sky130_fd_sc_hd__and4_1)
                                                         _044_ (net)
                      0.244881    0.000236    3.715797 ^ _398_/A_N (sky130_fd_sc_hd__and3b_1)
     2    0.006132    0.097490    0.451903    4.167700 v _398_/X (sky130_fd_sc_hd__and3b_1)
                                                         _045_ (net)
                      0.097490    0.000198    4.167898 v _403_/A (sky130_fd_sc_hd__and3_1)
     4    0.014113    0.159967    0.398597    4.566495 v _403_/X (sky130_fd_sc_hd__and3_1)
                                                         _050_ (net)
                      0.159967    0.000389    4.566885 v _426_/A (sky130_fd_sc_hd__and3_1)
     3    0.008003    0.112972    0.380026    4.946910 v _426_/X (sky130_fd_sc_hd__and3_1)
                                                         _072_ (net)
                      0.112972    0.000246    4.947156 v _497_/C (sky130_fd_sc_hd__and3b_1)
     2    0.007547    0.108745    0.421892    5.369049 v _497_/X (sky130_fd_sc_hd__and3b_1)
                                                         _141_ (net)
                      0.108745    0.000192    5.369241 v _499_/D (sky130_fd_sc_hd__or4_4)
     2    0.006983    0.165148    0.867310    6.236551 v _499_/X (sky130_fd_sc_hd__or4_4)
                                                         _143_ (net)
                      0.165149    0.000194    6.236745 v _506_/A2 (sky130_fd_sc_hd__a22oi_2)
     1    0.003770    0.201429    0.326359    6.563105 ^ _506_/Y (sky130_fd_sc_hd__a22oi_2)
                                                         _150_ (net)
                      0.201429    0.000122    6.563227 ^ _507_/B (sky130_fd_sc_hd__nor2_1)
     2    0.006453    0.081369    0.150511    6.713738 v _507_/Y (sky130_fd_sc_hd__nor2_1)
                                                         _151_ (net)
                      0.081369    0.000195    6.713932 v _508_/B (sky130_fd_sc_hd__and2_4)
     4    0.013776    0.069899    0.309890    7.023823 v _508_/X (sky130_fd_sc_hd__and2_4)
                                                         _152_ (net)
                      0.069899    0.000315    7.024138 v _539_/B (sky130_fd_sc_hd__or3_4)
     3    0.011852    0.139481    0.752733    7.776871 v _539_/X (sky130_fd_sc_hd__or3_4)
                                                         _182_ (net)
                      0.139481    0.000250    7.777122 v _556_/A2 (sky130_fd_sc_hd__a211o_1)
     1    0.002499    0.082173    0.557038    8.334160 v _556_/X (sky130_fd_sc_hd__a211o_1)
                                                         _198_ (net)
                      0.082173    0.000071    8.334230 v _557_/B1 (sky130_fd_sc_hd__a21o_1)
     1    0.005565    0.082026    0.305136    8.639367 v _557_/X (sky130_fd_sc_hd__a21o_1)
                                                         _199_ (net)
                      0.082026    0.000179    8.639546 v _558_/C1 (sky130_fd_sc_hd__o211a_4)
     4    0.017270    0.095774    0.284867    8.924414 v _558_/X (sky130_fd_sc_hd__o211a_4)
                                                         _200_ (net)
                      0.095778    0.000805    8.925219 v _580_/A2 (sky130_fd_sc_hd__o2111a_1)
     1    0.005692    0.097703    0.440997    9.366215 v _580_/X (sky130_fd_sc_hd__o2111a_1)
                                                         _220_ (net)
                      0.097703    0.000188    9.366403 v _583_/C (sky130_fd_sc_hd__or3_4)
     1    0.008732    0.132114    0.680930   10.047333 v _583_/X (sky130_fd_sc_hd__or3_4)
                                                         net23 (net)
                      0.132114    0.000363   10.047696 v output23/A (sky130_fd_sc_hd__buf_8)
     1    0.034964    0.068390    0.269203   10.316899 v output23/X (sky130_fd_sc_hd__buf_8)
                                                         P[15] (net)
                      0.068403    0.000935   10.317835 v P[15] (out)
                                             10.317835   data arrival time

                      0.000000   10.000000   10.000000   clock __VIRTUAL_CLK__ (rise edge)
                                  0.000000   10.000000   clock network delay (ideal)
                                 -0.250000    9.750000   clock uncertainty
                                  0.000000    9.750000   clock reconvergence pessimism
                                 -2.000000    7.750000   output external delay
                                              7.750000   data required time
---------------------------------------------------------------------------------------------
                                              7.750000   data required time
                                            -10.317835   data arrival time
---------------------------------------------------------------------------------------------
                                             -2.567835   slack (VIOLATED)




===========================================================================
 report_check_types -max_slew -max_cap -max_fanout -violators
============================================================================
======================= nom_ss_100C_1v60 Corner ===================================



===========================================================================
report_parasitic_annotation -report_unannotated
============================================================================
Found 0 unannotated drivers.
Found 0 partially unannotated drivers.

===========================================================================
max slew violation count 0
max fanout violation count 0
max cap violation count 0
============================================================================

===========================================================================
check_setup -verbose -unconstrained_endpoints -multiple_clock -no_clock -no_input_delay -loops -generated_clocks
===========================================================================
