
===========================================================================
report_checks -path_delay min (Hold)
============================================================================
======================= nom_ss_100C_1v60 Corner ===================================

Startpoint: B[1] (input port clocked by __VIRTUAL_CLK__)
Endpoint: P[1] (output port clocked by __VIRTUAL_CLK__)
Path Group: __VIRTUAL_CLK__
Path Type: min

Fanout         Cap        Slew       Delay        Time   Description
---------------------------------------------------------------------------------------------
                      0.000000    0.000000    0.000000   clock __VIRTUAL_CLK__ (rise edge)
                                  0.000000    0.000000   clock network delay (ideal)
                                  2.000000    2.000000 ^ input external delay
     1    0.005737    0.052197    0.031254    2.031254 ^ B[1] (in)
                                                         B[1] (net)
                      0.052197    0.000000    2.031254 ^ input10/A (sky130_fd_sc_hd__buf_6)
     2    0.015319    0.069392    0.170350    2.201604 ^ input10/X (sky130_fd_sc_hd__buf_6)
                                                         net10 (net)
                      0.069394    0.000484    2.202088 ^ fanout44/A (sky130_fd_sc_hd__buf_6)
     6    0.025315    0.098061    0.202168    2.404256 ^ fanout44/X (sky130_fd_sc_hd__buf_6)
                                                         net44 (net)
                      0.098063    0.000622    2.404877 ^ _295_/A (sky130_fd_sc_hd__and3_1)
     1    0.002115    0.078028    0.274531    2.679408 ^ _295_/X (sky130_fd_sc_hd__and3_1)
                                                         net24 (net)
                      0.078028    0.000060    2.679468 ^ output24/A (sky130_fd_sc_hd__buf_2)
     1    0.034916    0.277019    0.350458    3.029926 ^ output24/X (sky130_fd_sc_hd__buf_2)
                                                         P[1] (net)
                      0.277019    0.000902    3.030828 ^ P[1] (out)
                                              3.030828   data arrival time

                      0.000000    0.000000    0.000000   clock __VIRTUAL_CLK__ (rise edge)
                                  0.000000    0.000000   clock network delay (ideal)
                                  0.250000    0.250000   clock uncertainty
                                  0.000000    0.250000   clock reconvergence pessimism
                                 -2.000000   -1.750000   output external delay
                                             -1.750000   data required time
---------------------------------------------------------------------------------------------
                                             -1.750000   data required time
                                             -3.030828   data arrival time
---------------------------------------------------------------------------------------------
                                              4.780828   slack (MET)


Startpoint: A[4] (input port clocked by __VIRTUAL_CLK__)
Endpoint: P[4] (output port clocked by __VIRTUAL_CLK__)
Path Group: __VIRTUAL_CLK__
Path Type: min

Fanout         Cap        Slew       Delay        Time   Description
---------------------------------------------------------------------------------------------
                      0.000000    0.000000    0.000000   clock __VIRTUAL_CLK__ (rise edge)
                                  0.000000    0.000000   clock network delay (ideal)
                                  2.000000    2.000000 v input external delay
     1    0.002773    0.018353    0.009148    2.009148 v A[4] (in)
                                                         A[4] (net)
                      0.018353    0.000000    2.009148 v input5/A (sky130_fd_sc_hd__clkbuf_2)
     1    0.015492    0.120647    0.220562    2.229709 v input5/X (sky130_fd_sc_hd__clkbuf_2)
                                                         net5 (net)
                      0.120660    0.001315    2.231024 v fanout36/A (sky130_fd_sc_hd__buf_6)
     7    0.033507    0.074960    0.269986    2.501011 v fanout36/X (sky130_fd_sc_hd__buf_6)
                                                         net36 (net)
                      0.075017    0.001853    2.502864 v _333_/A2 (sky130_fd_sc_hd__a21oi_1)
     1    0.003339    0.160771    0.240380    2.743243 ^ _333_/Y (sky130_fd_sc_hd__a21oi_1)
                                                         _267_ (net)
                      0.160771    0.000104    2.743347 ^ _334_/B (sky130_fd_sc_hd__nor2_1)
     1    0.005355    0.068498    0.124772    2.868120 v _334_/Y (sky130_fd_sc_hd__nor2_1)
                                                         net27 (net)
                      0.068498    0.000196    2.868316 v output27/A (sky130_fd_sc_hd__buf_2)
     1    0.034393    0.166436    0.344226    3.212541 v output27/X (sky130_fd_sc_hd__buf_2)
                                                         P[4] (net)
                      0.166437    0.000748    3.213289 v P[4] (out)
                                              3.213289   data arrival time

                      0.000000    0.000000    0.000000   clock __VIRTUAL_CLK__ (rise edge)
                                  0.000000    0.000000   clock network delay (ideal)
                                  0.250000    0.250000   clock uncertainty
                                  0.000000    0.250000   clock reconvergence pessimism
                                 -2.000000   -1.750000   output external delay
                                             -1.750000   data required time
---------------------------------------------------------------------------------------------
                                             -1.750000   data required time
                                             -3.213289   data arrival time
---------------------------------------------------------------------------------------------
                                              4.963289   slack (MET)


Startpoint: A[1] (input port clocked by __VIRTUAL_CLK__)
Endpoint: P[0] (output port clocked by __VIRTUAL_CLK__)
Path Group: __VIRTUAL_CLK__
Path Type: min

Fanout         Cap        Slew       Delay        Time   Description
---------------------------------------------------------------------------------------------
                      0.000000    0.000000    0.000000   clock __VIRTUAL_CLK__ (rise edge)
                                  0.000000    0.000000   clock network delay (ideal)
                                  2.000000    2.000000 ^ input external delay
     1    0.003356    0.035955    0.018729    2.018729 ^ A[1] (in)
                                                         A[1] (net)
                      0.035955    0.000000    2.018729 ^ input2/A (sky130_fd_sc_hd__buf_4)
     2    0.018555    0.102724    0.214673    2.233402 ^ input2/X (sky130_fd_sc_hd__buf_4)
                                                         net2 (net)
                      0.102724    0.000502    2.233904 ^ fanout39/A (sky130_fd_sc_hd__buf_6)
     6    0.026621    0.101842    0.220578    2.454482 ^ fanout39/X (sky130_fd_sc_hd__buf_6)
                                                         net39 (net)
                      0.101842    0.000356    2.454838 ^ rebuffer39/A (sky130_fd_sc_hd__dlygate4sd1_1)
     1    0.003189    0.070147    0.388051    2.842889 ^ rebuffer39/X (sky130_fd_sc_hd__dlygate4sd1_1)
                                                         net86 (net)
                      0.070147    0.000095    2.842984 ^ _294_/A (sky130_fd_sc_hd__nand2_1)
     1    0.002182    0.058667    0.087912    2.930896 v _294_/Y (sky130_fd_sc_hd__nand2_1)
                                                         net17 (net)
                      0.058667    0.000063    2.930959 v output17/A (sky130_fd_sc_hd__buf_2)
     1    0.034406    0.166537    0.339762    3.270720 v output17/X (sky130_fd_sc_hd__buf_2)
                                                         P[0] (net)
                      0.166538    0.000748    3.271469 v P[0] (out)
                                              3.271469   data arrival time

                      0.000000    0.000000    0.000000   clock __VIRTUAL_CLK__ (rise edge)
                                  0.000000    0.000000   clock network delay (ideal)
                                  0.250000    0.250000   clock uncertainty
                                  0.000000    0.250000   clock reconvergence pessimism
                                 -2.000000   -1.750000   output external delay
                                             -1.750000   data required time
---------------------------------------------------------------------------------------------
                                             -1.750000   data required time
                                             -3.271469   data arrival time
---------------------------------------------------------------------------------------------
                                              5.021469   slack (MET)


Startpoint: B[0] (input port clocked by __VIRTUAL_CLK__)
Endpoint: P[2] (output port clocked by __VIRTUAL_CLK__)
Path Group: __VIRTUAL_CLK__
Path Type: min

Fanout         Cap        Slew       Delay        Time   Description
---------------------------------------------------------------------------------------------
                      0.000000    0.000000    0.000000   clock __VIRTUAL_CLK__ (rise edge)
                                  0.000000    0.000000   clock network delay (ideal)
                                  2.000000    2.000000 v input external delay
     1    0.007319    0.036429    0.023253    2.023253 v B[0] (in)
                                                         B[0] (net)
                      0.036430    0.000000    2.023253 v input9/A (sky130_fd_sc_hd__buf_8)
     2    0.009680    0.040469    0.192629    2.215882 v input9/X (sky130_fd_sc_hd__buf_8)
                                                         net9 (net)
                      0.040469    0.000319    2.216200 v fanout33/A (sky130_fd_sc_hd__buf_8)
     4    0.021717    0.053378    0.209897    2.426098 v fanout33/X (sky130_fd_sc_hd__buf_8)
                                                         net33 (net)
                      0.053382    0.000494    2.426591 v _299_/A (sky130_fd_sc_hd__nand2_1)
     5    0.018172    0.272899    0.235380    2.661972 ^ _299_/Y (sky130_fd_sc_hd__nand2_1)
                                                         _235_ (net)
                      0.272901    0.000615    2.662587 ^ _300_/B1 (sky130_fd_sc_hd__o21a_1)
     1    0.004655    0.096061    0.319894    2.982481 ^ _300_/X (sky130_fd_sc_hd__o21a_1)
                                                         _236_ (net)
                      0.096061    0.000164    2.982645 ^ _302_/A (sky130_fd_sc_hd__nor2_1)
     1    0.003132    0.049237    0.091755    3.074400 v _302_/Y (sky130_fd_sc_hd__nor2_1)
                                                         net25 (net)
                      0.049237    0.000096    3.074497 v output25/A (sky130_fd_sc_hd__buf_2)
     1    0.034318    0.166230    0.335169    3.409666 v output25/X (sky130_fd_sc_hd__buf_2)
                                                         P[2] (net)
                      0.166230    0.000733    3.410399 v P[2] (out)
                                              3.410399   data arrival time

                      0.000000    0.000000    0.000000   clock __VIRTUAL_CLK__ (rise edge)
                                  0.000000    0.000000   clock network delay (ideal)
                                  0.250000    0.250000   clock uncertainty
                                  0.000000    0.250000   clock reconvergence pessimism
                                 -2.000000   -1.750000   output external delay
                                             -1.750000   data required time
---------------------------------------------------------------------------------------------
                                             -1.750000   data required time
                                             -3.410399   data arrival time
---------------------------------------------------------------------------------------------
                                              5.160398   slack (MET)


Startpoint: B[7] (input port clocked by __VIRTUAL_CLK__)
Endpoint: P[15] (output port clocked by __VIRTUAL_CLK__)
Path Group: __VIRTUAL_CLK__
Path Type: min

Fanout         Cap        Slew       Delay        Time   Description
---------------------------------------------------------------------------------------------
                      0.000000    0.000000    0.000000   clock __VIRTUAL_CLK__ (rise edge)
                                  0.000000    0.000000   clock network delay (ideal)
                                  2.000000    2.000000 ^ input external delay
     1    0.002852    0.032596    0.016071    2.016071 ^ B[7] (in)
                                                         B[7] (net)
                      0.032596    0.000000    2.016071 ^ input16/A (sky130_fd_sc_hd__dlymetal6s2s_1)
     5    0.021082    0.343573    0.340742    2.356813 ^ input16/X (sky130_fd_sc_hd__dlymetal6s2s_1)
                                                         net16 (net)
                      0.343581    0.001352    2.358165 ^ _576_/A1 (sky130_fd_sc_hd__a41o_1)
     2    0.007709    0.134432    0.473670    2.831834 ^ _576_/X (sky130_fd_sc_hd__a41o_1)
                                                         _216_ (net)
                      0.134432    0.000310    2.832144 ^ _577_/B1 (sky130_fd_sc_hd__o31a_1)
     2    0.004930    0.107113    0.293089    3.125234 ^ _577_/X (sky130_fd_sc_hd__o31a_1)
                                                         _217_ (net)
                      0.107113    0.000122    3.125356 ^ _583_/A (sky130_fd_sc_hd__or3_4)
     1    0.009333    0.071989    0.240852    3.366208 ^ _583_/X (sky130_fd_sc_hd__or3_4)
                                                         net23 (net)
                      0.071995    0.000391    3.366599 ^ output23/A (sky130_fd_sc_hd__buf_8)
     1    0.034964    0.106111    0.206579    3.573178 ^ output23/X (sky130_fd_sc_hd__buf_8)
                                                         P[15] (net)
                      0.106118    0.000935    3.574114 ^ P[15] (out)
                                              3.574114   data arrival time

                      0.000000    0.000000    0.000000   clock __VIRTUAL_CLK__ (rise edge)
                                  0.000000    0.000000   clock network delay (ideal)
                                  0.250000    0.250000   clock uncertainty
                                  0.000000    0.250000   clock reconvergence pessimism
                                 -2.000000   -1.750000   output external delay
                                             -1.750000   data required time
---------------------------------------------------------------------------------------------
                                             -1.750000   data required time
                                             -3.574114   data arrival time
---------------------------------------------------------------------------------------------
                                              5.324114   slack (MET)


Startpoint: B[0] (input port clocked by __VIRTUAL_CLK__)
Endpoint: P[3] (output port clocked by __VIRTUAL_CLK__)
Path Group: __VIRTUAL_CLK__
Path Type: min

Fanout         Cap        Slew       Delay        Time   Description
---------------------------------------------------------------------------------------------
                      0.000000    0.000000    0.000000   clock __VIRTUAL_CLK__ (rise edge)
                                  0.000000    0.000000   clock network delay (ideal)
                                  2.000000    2.000000 v input external delay
     1    0.007319    0.036429    0.023253    2.023253 v B[0] (in)
                                                         B[0] (net)
                      0.036430    0.000000    2.023253 v input9/A (sky130_fd_sc_hd__buf_8)
     2    0.009680    0.040469    0.192629    2.215882 v input9/X (sky130_fd_sc_hd__buf_8)
                                                         net9 (net)
                      0.040469    0.000319    2.216200 v fanout33/A (sky130_fd_sc_hd__buf_8)
     4    0.021717    0.053378    0.209897    2.426098 v fanout33/X (sky130_fd_sc_hd__buf_8)
                                                         net33 (net)
                      0.053382    0.000494    2.426591 v _299_/A (sky130_fd_sc_hd__nand2_1)
     5    0.018172    0.272899    0.235380    2.661972 ^ _299_/Y (sky130_fd_sc_hd__nand2_1)
                                                         _235_ (net)
                      0.272901    0.000634    2.662606 ^ _301_/C (sky130_fd_sc_hd__nor3_2)
     5    0.019247    0.117278    0.204830    2.867436 v _301_/Y (sky130_fd_sc_hd__nor3_2)
                                                         _237_ (net)
                      0.117284    0.000989    2.868425 v _314_/A (sky130_fd_sc_hd__nand2_1)
     2    0.007070    0.121139    0.154239    3.022664 ^ _314_/Y (sky130_fd_sc_hd__nand2_1)
                                                         _249_ (net)
                      0.121139    0.000178    3.022842 ^ _316_/A (sky130_fd_sc_hd__and2_1)
     1    0.002347    0.073694    0.230581    3.253423 ^ _316_/X (sky130_fd_sc_hd__and2_1)
                                                         net26 (net)
                      0.073694    0.000067    3.253490 ^ output26/A (sky130_fd_sc_hd__buf_2)
     1    0.034393    0.273094    0.345801    3.599292 ^ output26/X (sky130_fd_sc_hd__buf_2)
                                                         P[3] (net)
                      0.273094    0.000748    3.600039 ^ P[3] (out)
                                              3.600039   data arrival time

                      0.000000    0.000000    0.000000   clock __VIRTUAL_CLK__ (rise edge)
                                  0.000000    0.000000   clock network delay (ideal)
                                  0.250000    0.250000   clock uncertainty
                                  0.000000    0.250000   clock reconvergence pessimism
                                 -2.000000   -1.750000   output external delay
                                             -1.750000   data required time
---------------------------------------------------------------------------------------------
                                             -1.750000   data required time
                                             -3.600039   data arrival time
---------------------------------------------------------------------------------------------
                                              5.350039   slack (MET)


Startpoint: B[4] (input port clocked by __VIRTUAL_CLK__)
Endpoint: P[5] (output port clocked by __VIRTUAL_CLK__)
Path Group: __VIRTUAL_CLK__
Path Type: min

Fanout         Cap        Slew       Delay        Time   Description
---------------------------------------------------------------------------------------------
                      0.000000    0.000000    0.000000   clock __VIRTUAL_CLK__ (rise edge)
                                  0.000000    0.000000   clock network delay (ideal)
                                  2.000000    2.000000 ^ input external delay
     1    0.002596    0.030909    0.014718    2.014718 ^ B[4] (in)
                                                         B[4] (net)
                      0.030909    0.000000    2.014718 ^ input13/A (sky130_fd_sc_hd__buf_2)
    10    0.049084    0.382445    0.402484    2.417202 ^ input13/X (sky130_fd_sc_hd__buf_2)
                                                         net13 (net)
                      0.382469    0.002555    2.419757 ^ _330_/B (sky130_fd_sc_hd__and3_1)
     2    0.006617    0.136556    0.447494    2.867251 ^ _330_/X (sky130_fd_sc_hd__and3_1)
                                                         _264_ (net)
                      0.136556    0.000149    2.867400 ^ _584_/A (sky130_fd_sc_hd__or3b_1)
     1    0.002146    0.054772    0.194866    3.062266 ^ _584_/X (sky130_fd_sc_hd__or3b_1)
                                                         _223_ (net)
                      0.054772    0.000061    3.062327 ^ _585_/B (sky130_fd_sc_hd__and2b_1)
     1    0.005794    0.108597    0.253141    3.315468 ^ _585_/X (sky130_fd_sc_hd__and2b_1)
                                                         net28 (net)
                      0.108597    0.000217    3.315685 ^ output28/A (sky130_fd_sc_hd__buf_2)
     1    0.034323    0.272635    0.361750    3.677436 ^ output28/X (sky130_fd_sc_hd__buf_2)
                                                         P[5] (net)
                      0.272635    0.000733    3.678169 ^ P[5] (out)
                                              3.678169   data arrival time

                      0.000000    0.000000    0.000000   clock __VIRTUAL_CLK__ (rise edge)
                                  0.000000    0.000000   clock network delay (ideal)
                                  0.250000    0.250000   clock uncertainty
                                  0.000000    0.250000   clock reconvergence pessimism
                                 -2.000000   -1.750000   output external delay
                                             -1.750000   data required time
---------------------------------------------------------------------------------------------
                                             -1.750000   data required time
                                             -3.678169   data arrival time
---------------------------------------------------------------------------------------------
                                              5.428168   slack (MET)


Startpoint: B[4] (input port clocked by __VIRTUAL_CLK__)
Endpoint: P[9] (output port clocked by __VIRTUAL_CLK__)
Path Group: __VIRTUAL_CLK__
Path Type: min

Fanout         Cap        Slew       Delay        Time   Description
---------------------------------------------------------------------------------------------
                      0.000000    0.000000    0.000000   clock __VIRTUAL_CLK__ (rise edge)
                                  0.000000    0.000000   clock network delay (ideal)
                                  2.000000    2.000000 v input external delay
     1    0.002468    0.017205    0.008191    2.008191 v B[4] (in)
                                                         B[4] (net)
                      0.017205    0.000000    2.008191 v input13/A (sky130_fd_sc_hd__buf_2)
    10    0.047383    0.218687    0.360914    2.369105 v input13/X (sky130_fd_sc_hd__buf_2)
                                                         net13 (net)
                      0.218753    0.003594    2.372699 v _444_/A (sky130_fd_sc_hd__nand2_1)
     3    0.016032    0.243391    0.291564    2.664263 ^ _444_/Y (sky130_fd_sc_hd__nand2_1)
                                                         _090_ (net)
                      0.243391    0.000714    2.664977 ^ _446_/B (sky130_fd_sc_hd__xnor2_1)
     2    0.005884    0.118638    0.218189    2.883165 v _446_/Y (sky130_fd_sc_hd__xnor2_1)
                                                         _092_ (net)
                      0.118638    0.000166    2.883331 v _447_/B1 (sky130_fd_sc_hd__a21o_1)
     3    0.015330    0.152544    0.392753    3.276084 v _447_/X (sky130_fd_sc_hd__a21o_1)
                                                         _093_ (net)
                      0.152544    0.000634    3.276718 v _486_/A (sky130_fd_sc_hd__nand2_2)
     1    0.008679    0.096745    0.149988    3.426706 ^ _486_/Y (sky130_fd_sc_hd__nand2_2)
                                                         _131_ (net)
                      0.096745    0.000251    3.426957 ^ _487_/B (sky130_fd_sc_hd__xnor2_2)
     1    0.007832    0.099873    0.150338    3.577295 v _487_/Y (sky130_fd_sc_hd__xnor2_2)
                                                         net32 (net)
                      0.099873    0.000326    3.577621 v output32/A (sky130_fd_sc_hd__buf_6)
     1    0.034033    0.075649    0.260893    3.838514 v output32/X (sky130_fd_sc_hd__buf_6)
                                                         P[9] (net)
                      0.075654    0.000644    3.839158 v P[9] (out)
                                              3.839158   data arrival time

                      0.000000    0.000000    0.000000   clock __VIRTUAL_CLK__ (rise edge)
                                  0.000000    0.000000   clock network delay (ideal)
                                  0.250000    0.250000   clock uncertainty
                                  0.000000    0.250000   clock reconvergence pessimism
                                 -2.000000   -1.750000   output external delay
                                             -1.750000   data required time
---------------------------------------------------------------------------------------------
                                             -1.750000   data required time
                                             -3.839158   data arrival time
---------------------------------------------------------------------------------------------
                                              5.589158   slack (MET)


Startpoint: B[7] (input port clocked by __VIRTUAL_CLK__)
Endpoint: P[14] (output port clocked by __VIRTUAL_CLK__)
Path Group: __VIRTUAL_CLK__
Path Type: min

Fanout         Cap        Slew       Delay        Time   Description
---------------------------------------------------------------------------------------------
                      0.000000    0.000000    0.000000   clock __VIRTUAL_CLK__ (rise edge)
                                  0.000000    0.000000   clock network delay (ideal)
                                  2.000000    2.000000 ^ input external delay
     1    0.002852    0.032596    0.016071    2.016071 ^ B[7] (in)
                                                         B[7] (net)
                      0.032596    0.000000    2.016071 ^ input16/A (sky130_fd_sc_hd__dlymetal6s2s_1)
     5    0.021082    0.343573    0.340742    2.356813 ^ input16/X (sky130_fd_sc_hd__dlymetal6s2s_1)
                                                         net16 (net)
                      0.343581    0.001352    2.358165 ^ _576_/A1 (sky130_fd_sc_hd__a41o_1)
     2    0.007709    0.134432    0.473670    2.831834 ^ _576_/X (sky130_fd_sc_hd__a41o_1)
                                                         _216_ (net)
                      0.134432    0.000309    2.832143 ^ _578_/D (sky130_fd_sc_hd__or4_1)
     1    0.001774    0.050578    0.184796    3.016939 ^ _578_/X (sky130_fd_sc_hd__or4_1)
                                                         _218_ (net)
                      0.050578    0.000049    3.016988 ^ _579_/B (sky130_fd_sc_hd__and2b_1)
     2    0.013394    0.206887    0.329449    3.346438 ^ _579_/X (sky130_fd_sc_hd__and2b_1)
                                                         _219_ (net)
                      0.206887    0.000674    3.347112 ^ _581_/B (sky130_fd_sc_hd__xor2_1)
     1    0.005077    0.084174    0.200468    3.547580 v _581_/X (sky130_fd_sc_hd__xor2_1)
                                                         net22 (net)
                      0.084174    0.000190    3.547770 v output22/A (sky130_fd_sc_hd__buf_4)
     1    0.035061    0.104481    0.312729    3.860498 v output22/X (sky130_fd_sc_hd__buf_4)
                                                         P[14] (net)
                      0.104487    0.000926    3.861424 v P[14] (out)
                                              3.861424   data arrival time

                      0.000000    0.000000    0.000000   clock __VIRTUAL_CLK__ (rise edge)
                                  0.000000    0.000000   clock network delay (ideal)
                                  0.250000    0.250000   clock uncertainty
                                  0.000000    0.250000   clock reconvergence pessimism
                                 -2.000000   -1.750000   output external delay
                                             -1.750000   data required time
---------------------------------------------------------------------------------------------
                                             -1.750000   data required time
                                             -3.861424   data arrival time
---------------------------------------------------------------------------------------------
                                              5.611424   slack (MET)


Startpoint: B[4] (input port clocked by __VIRTUAL_CLK__)
Endpoint: P[6] (output port clocked by __VIRTUAL_CLK__)
Path Group: __VIRTUAL_CLK__
Path Type: min

Fanout         Cap        Slew       Delay        Time   Description
---------------------------------------------------------------------------------------------
                      0.000000    0.000000    0.000000   clock __VIRTUAL_CLK__ (rise edge)
                                  0.000000    0.000000   clock network delay (ideal)
                                  2.000000    2.000000 ^ input external delay
     1    0.002596    0.030909    0.014718    2.014718 ^ B[4] (in)
                                                         B[4] (net)
                      0.030909    0.000000    2.014718 ^ input13/A (sky130_fd_sc_hd__buf_2)
    10    0.049084    0.382445    0.402484    2.417202 ^ input13/X (sky130_fd_sc_hd__buf_2)
                                                         net13 (net)
                      0.382469    0.002555    2.419757 ^ _330_/B (sky130_fd_sc_hd__and3_1)
     2    0.006617    0.136556    0.447494    2.867251 ^ _330_/X (sky130_fd_sc_hd__and3_1)
                                                         _264_ (net)
                      0.136556    0.000188    2.867439 ^ _382_/A1 (sky130_fd_sc_hd__o21ba_1)
     3    0.025278    0.391301    0.517254    3.384692 ^ _382_/X (sky130_fd_sc_hd__o21ba_1)
                                                         _030_ (net)
                      0.391301    0.001234    3.385926 ^ _383_/B (sky130_fd_sc_hd__xor2_2)
     1    0.008702    0.079807    0.264821    3.650747 v _383_/X (sky130_fd_sc_hd__xor2_2)
                                                         net29 (net)
                      0.079807    0.000389    3.651136 v output29/A (sky130_fd_sc_hd__buf_6)
     1    0.034010    0.075626    0.251116    3.902251 v output29/X (sky130_fd_sc_hd__buf_6)
                                                         P[6] (net)
                      0.075631    0.000644    3.902895 v P[6] (out)
                                              3.902895   data arrival time

                      0.000000    0.000000    0.000000   clock __VIRTUAL_CLK__ (rise edge)
                                  0.000000    0.000000   clock network delay (ideal)
                                  0.250000    0.250000   clock uncertainty
                                  0.000000    0.250000   clock reconvergence pessimism
                                 -2.000000   -1.750000   output external delay
                                             -1.750000   data required time
---------------------------------------------------------------------------------------------
                                             -1.750000   data required time
                                             -3.902895   data arrival time
---------------------------------------------------------------------------------------------
                                              5.652895   slack (MET)


Startpoint: B[4] (input port clocked by __VIRTUAL_CLK__)
Endpoint: P[8] (output port clocked by __VIRTUAL_CLK__)
Path Group: __VIRTUAL_CLK__
Path Type: min

Fanout         Cap        Slew       Delay        Time   Description
---------------------------------------------------------------------------------------------
                      0.000000    0.000000    0.000000   clock __VIRTUAL_CLK__ (rise edge)
                                  0.000000    0.000000   clock network delay (ideal)
                                  2.000000    2.000000 v input external delay
     1    0.002468    0.017205    0.008191    2.008191 v B[4] (in)
                                                         B[4] (net)
                      0.017205    0.000000    2.008191 v input13/A (sky130_fd_sc_hd__buf_2)
    10    0.047383    0.218687    0.360914    2.369105 v input13/X (sky130_fd_sc_hd__buf_2)
                                                         net13 (net)
                      0.218753    0.003594    2.372699 v _444_/A (sky130_fd_sc_hd__nand2_1)
     3    0.016032    0.243391    0.291564    2.664263 ^ _444_/Y (sky130_fd_sc_hd__nand2_1)
                                                         _090_ (net)
                      0.243391    0.000714    2.664977 ^ _446_/B (sky130_fd_sc_hd__xnor2_1)
     2    0.005884    0.118638    0.218189    2.883165 v _446_/Y (sky130_fd_sc_hd__xnor2_1)
                                                         _092_ (net)
                      0.118638    0.000172    2.883337 v _448_/C (sky130_fd_sc_hd__nand3_1)
     1    0.003250    0.088558    0.149381    3.032717 ^ _448_/Y (sky130_fd_sc_hd__nand3_1)
                                                         _094_ (net)
                      0.088558    0.000099    3.032816 ^ _449_/B (sky130_fd_sc_hd__nand2_1)
     3    0.011419    0.201470    0.214246    3.247062 v _449_/Y (sky130_fd_sc_hd__nand2_1)
                                                         _095_ (net)
                      0.201470    0.000306    3.247368 v _452_/A (sky130_fd_sc_hd__xnor2_1)
     1    0.007924    0.148021    0.337051    3.584419 v _452_/Y (sky130_fd_sc_hd__xnor2_1)
                                                         net31 (net)
                      0.148021    0.000272    3.584692 v output31/A (sky130_fd_sc_hd__buf_4)
     1    0.034126    0.102747    0.341341    3.926033 v output31/X (sky130_fd_sc_hd__buf_4)
                                                         P[8] (net)
                      0.102749    0.000668    3.926701 v P[8] (out)
                                              3.926701   data arrival time

                      0.000000    0.000000    0.000000   clock __VIRTUAL_CLK__ (rise edge)
                                  0.000000    0.000000   clock network delay (ideal)
                                  0.250000    0.250000   clock uncertainty
                                  0.000000    0.250000   clock reconvergence pessimism
                                 -2.000000   -1.750000   output external delay
                                             -1.750000   data required time
---------------------------------------------------------------------------------------------
                                             -1.750000   data required time
                                             -3.926701   data arrival time
---------------------------------------------------------------------------------------------
                                              5.676701   slack (MET)


Startpoint: B[5] (input port clocked by __VIRTUAL_CLK__)
Endpoint: P[11] (output port clocked by __VIRTUAL_CLK__)
Path Group: __VIRTUAL_CLK__
Path Type: min

Fanout         Cap        Slew       Delay        Time   Description
---------------------------------------------------------------------------------------------
                      0.000000    0.000000    0.000000   clock __VIRTUAL_CLK__ (rise edge)
                                  0.000000    0.000000   clock network delay (ideal)
                                  2.000000    2.000000 ^ input external delay
     1    0.003303    0.035594    0.018449    2.018449 ^ B[5] (in)
                                                         B[5] (net)
                      0.035594    0.000000    2.018449 ^ input14/A (sky130_fd_sc_hd__clkbuf_2)
     5    0.022890    0.202716    0.272407    2.290856 ^ input14/X (sky130_fd_sc_hd__clkbuf_2)
                                                         net14 (net)
                      0.202723    0.001415    2.292271 ^ _480_/C (sky130_fd_sc_hd__and3b_1)
     2    0.010795    0.194463    0.454101    2.746372 ^ _480_/X (sky130_fd_sc_hd__and3b_1)
                                                         _125_ (net)
                      0.194463    0.000328    2.746700 ^ _481_/B (sky130_fd_sc_hd__nand2b_1)
     2    0.008057    0.159296    0.219555    2.966255 v _481_/Y (sky130_fd_sc_hd__nand2b_1)
                                                         _126_ (net)
                      0.159296    0.000220    2.966475 v _510_/C1 (sky130_fd_sc_hd__o211ai_2)
     3    0.015596    0.178069    0.202997    3.169471 ^ _510_/Y (sky130_fd_sc_hd__o211ai_2)
                                                         _154_ (net)
                      0.178069    0.000498    3.169969 ^ _541_/A2 (sky130_fd_sc_hd__a21o_1)
     1    0.009248    0.143486    0.316899    3.486868 ^ _541_/X (sky130_fd_sc_hd__a21o_1)
                                                         _184_ (net)
                      0.143486    0.000268    3.487135 ^ _542_/A (sky130_fd_sc_hd__xnor2_2)
     1    0.010642    0.125069    0.206322    3.693457 v _542_/Y (sky130_fd_sc_hd__xnor2_2)
                                                         net19 (net)
                      0.125069    0.000531    3.693988 v output19/A (sky130_fd_sc_hd__buf_6)
     1    0.034127    0.075762    0.273231    3.967219 v output19/X (sky130_fd_sc_hd__buf_6)
                                                         P[11] (net)
                      0.075767    0.000676    3.967895 v P[11] (out)
                                              3.967895   data arrival time

                      0.000000    0.000000    0.000000   clock __VIRTUAL_CLK__ (rise edge)
                                  0.000000    0.000000   clock network delay (ideal)
                                  0.250000    0.250000   clock uncertainty
                                  0.000000    0.250000   clock reconvergence pessimism
                                 -2.000000   -1.750000   output external delay
                                             -1.750000   data required time
---------------------------------------------------------------------------------------------
                                             -1.750000   data required time
                                             -3.967895   data arrival time
---------------------------------------------------------------------------------------------
                                              5.717895   slack (MET)


Startpoint: B[5] (input port clocked by __VIRTUAL_CLK__)
Endpoint: P[10] (output port clocked by __VIRTUAL_CLK__)
Path Group: __VIRTUAL_CLK__
Path Type: min

Fanout         Cap        Slew       Delay        Time   Description
---------------------------------------------------------------------------------------------
                      0.000000    0.000000    0.000000   clock __VIRTUAL_CLK__ (rise edge)
                                  0.000000    0.000000   clock network delay (ideal)
                                  2.000000    2.000000 v input external delay
     1    0.003118    0.019679    0.010239    2.010239 v B[5] (in)
                                                         B[5] (net)
                      0.019679    0.000000    2.010239 v input14/A (sky130_fd_sc_hd__clkbuf_2)
     5    0.022310    0.162887    0.255068    2.265308 v input14/X (sky130_fd_sc_hd__clkbuf_2)
                                                         net14 (net)
                      0.162896    0.001372    2.266680 v _480_/C (sky130_fd_sc_hd__and3b_1)
     2    0.010320    0.126819    0.469688    2.736367 v _480_/X (sky130_fd_sc_hd__and3b_1)
                                                         _125_ (net)
                      0.126819    0.000311    2.736678 v _481_/B (sky130_fd_sc_hd__nand2b_1)
     2    0.008413    0.156492    0.192371    2.929049 ^ _481_/Y (sky130_fd_sc_hd__nand2b_1)
                                                         _126_ (net)
                      0.156492    0.000229    2.929278 ^ _510_/C1 (sky130_fd_sc_hd__o211ai_2)
     3    0.014725    0.228253    0.286300    3.215579 v _510_/Y (sky130_fd_sc_hd__o211ai_2)
                                                         _154_ (net)
                      0.228253    0.000464    3.216043 v _511_/A (sky130_fd_sc_hd__inv_2)
     1    0.002150    0.062760    0.114395    3.330437 ^ _511_/Y (sky130_fd_sc_hd__inv_2)
                                                         _155_ (net)
                      0.062760    0.000060    3.330497 ^ _513_/A (sky130_fd_sc_hd__or2_1)
     1    0.009356    0.154779    0.226567    3.557064 ^ _513_/X (sky130_fd_sc_hd__or2_1)
                                                         _157_ (net)
                      0.154779    0.000189    3.557253 ^ _517_/A (sky130_fd_sc_hd__xnor2_2)
     1    0.009450    0.115588    0.202283    3.759536 v _517_/Y (sky130_fd_sc_hd__xnor2_2)
                                                         net18 (net)
                      0.115588    0.000441    3.759977 v output18/A (sky130_fd_sc_hd__buf_6)
     1    0.033969    0.075565    0.268466    4.028442 v output18/X (sky130_fd_sc_hd__buf_6)
                                                         P[10] (net)
                      0.075569    0.000623    4.029066 v P[10] (out)
                                              4.029066   data arrival time

                      0.000000    0.000000    0.000000   clock __VIRTUAL_CLK__ (rise edge)
                                  0.000000    0.000000   clock network delay (ideal)
                                  0.250000    0.250000   clock uncertainty
                                  0.000000    0.250000   clock reconvergence pessimism
                                 -2.000000   -1.750000   output external delay
                                             -1.750000   data required time
---------------------------------------------------------------------------------------------
                                             -1.750000   data required time
                                             -4.029066   data arrival time
---------------------------------------------------------------------------------------------
                                              5.779066   slack (MET)


Startpoint: B[5] (input port clocked by __VIRTUAL_CLK__)
Endpoint: P[12] (output port clocked by __VIRTUAL_CLK__)
Path Group: __VIRTUAL_CLK__
Path Type: min

Fanout         Cap        Slew       Delay        Time   Description
---------------------------------------------------------------------------------------------
                      0.000000    0.000000    0.000000   clock __VIRTUAL_CLK__ (rise edge)
                                  0.000000    0.000000   clock network delay (ideal)
                                  2.000000    2.000000 ^ input external delay
     1    0.003303    0.035594    0.018449    2.018449 ^ B[5] (in)
                                                         B[5] (net)
                      0.035594    0.000000    2.018449 ^ input14/A (sky130_fd_sc_hd__clkbuf_2)
     5    0.022890    0.202716    0.272407    2.290856 ^ input14/X (sky130_fd_sc_hd__clkbuf_2)
                                                         net14 (net)
                      0.202723    0.001415    2.292271 ^ _480_/C (sky130_fd_sc_hd__and3b_1)
     2    0.010795    0.194463    0.454101    2.746372 ^ _480_/X (sky130_fd_sc_hd__and3b_1)
                                                         _125_ (net)
                      0.194463    0.000328    2.746700 ^ _481_/B (sky130_fd_sc_hd__nand2b_1)
     2    0.008057    0.159296    0.219555    2.966255 v _481_/Y (sky130_fd_sc_hd__nand2b_1)
                                                         _126_ (net)
                      0.159296    0.000220    2.966475 v _510_/C1 (sky130_fd_sc_hd__o211ai_2)
     3    0.015596    0.178069    0.202997    3.169471 ^ _510_/Y (sky130_fd_sc_hd__o211ai_2)
                                                         _154_ (net)
                      0.178069    0.000510    3.169981 ^ _558_/A1 (sky130_fd_sc_hd__o211a_4)
     4    0.018069    0.127390    0.433051    3.603032 ^ _558_/X (sky130_fd_sc_hd__o211a_4)
                                                         _200_ (net)
                      0.127393    0.000829    3.603861 ^ _559_/B (sky130_fd_sc_hd__xnor2_1)
     1    0.007115    0.136036    0.189201    3.793062 v _559_/Y (sky130_fd_sc_hd__xnor2_1)
                                                         net20 (net)
                      0.136036    0.000284    3.793346 v output20/A (sky130_fd_sc_hd__buf_6)
     1    0.034743    0.076539    0.279181    4.072526 v output20/X (sky130_fd_sc_hd__buf_6)
                                                         P[12] (net)
                      0.076549    0.000876    4.073402 v P[12] (out)
                                              4.073402   data arrival time

                      0.000000    0.000000    0.000000   clock __VIRTUAL_CLK__ (rise edge)
                                  0.000000    0.000000   clock network delay (ideal)
                                  0.250000    0.250000   clock uncertainty
                                  0.000000    0.250000   clock reconvergence pessimism
                                 -2.000000   -1.750000   output external delay
                                             -1.750000   data required time
---------------------------------------------------------------------------------------------
                                             -1.750000   data required time
                                             -4.073402   data arrival time
---------------------------------------------------------------------------------------------
                                              5.823402   slack (MET)


Startpoint: A[6] (input port clocked by __VIRTUAL_CLK__)
Endpoint: P[13] (output port clocked by __VIRTUAL_CLK__)
Path Group: __VIRTUAL_CLK__
Path Type: min

Fanout         Cap        Slew       Delay        Time   Description
---------------------------------------------------------------------------------------------
                      0.000000    0.000000    0.000000   clock __VIRTUAL_CLK__ (rise edge)
                                  0.000000    0.000000   clock network delay (ideal)
                                  2.000000    2.000000 ^ input external delay
     1    0.002897    0.032893    0.016304    2.016304 ^ A[6] (in)
                                                         A[6] (net)
                      0.032893    0.000000    2.016304 ^ input7/A (sky130_fd_sc_hd__clkbuf_2)
     3    0.023502    0.207669    0.274762    2.291066 ^ input7/X (sky130_fd_sc_hd__clkbuf_2)
                                                         net7 (net)
                      0.207755    0.001500    2.292566 ^ _545_/B (sky130_fd_sc_hd__and3_1)
     1    0.003082    0.090058    0.343084    2.635650 ^ _545_/X (sky130_fd_sc_hd__and3_1)
                                                         _187_ (net)
                      0.090058    0.000092    2.635742 ^ _566_/B1 (sky130_fd_sc_hd__a21oi_1)
     2    0.009503    0.099065    0.120331    2.756073 v _566_/Y (sky130_fd_sc_hd__a21oi_1)
                                                         _207_ (net)
                      0.099065    0.000311    2.756385 v _568_/B (sky130_fd_sc_hd__xnor2_1)
     2    0.010004    0.174853    0.404139    3.160523 ^ _568_/Y (sky130_fd_sc_hd__xnor2_1)
                                                         _209_ (net)
                      0.174853    0.000360    3.160883 ^ _570_/A (sky130_fd_sc_hd__xnor2_1)
     3    0.010771    0.185840    0.325356    3.486239 ^ _570_/Y (sky130_fd_sc_hd__xnor2_1)
                                                         _211_ (net)
                      0.185840    0.000281    3.486520 ^ _571_/B1 (sky130_fd_sc_hd__a211oi_1)
     1    0.005406    0.085142    0.148931    3.635451 v _571_/Y (sky130_fd_sc_hd__a211oi_1)
                                                         _212_ (net)
                      0.085142    0.000175    3.635626 v _573_/A (sky130_fd_sc_hd__nor2_2)
     1    0.007116    0.168100    0.217079    3.852705 ^ _573_/Y (sky130_fd_sc_hd__nor2_2)
                                                         net21 (net)
                      0.168100    0.000287    3.852992 ^ output21/A (sky130_fd_sc_hd__buf_6)
     1    0.034896    0.124868    0.268547    4.121539 ^ output21/X (sky130_fd_sc_hd__buf_6)
                                                         P[13] (net)
                      0.124872    0.000881    4.122420 ^ P[13] (out)
                                              4.122420   data arrival time

                      0.000000    0.000000    0.000000   clock __VIRTUAL_CLK__ (rise edge)
                                  0.000000    0.000000   clock network delay (ideal)
                                  0.250000    0.250000   clock uncertainty
                                  0.000000    0.250000   clock reconvergence pessimism
                                 -2.000000   -1.750000   output external delay
                                             -1.750000   data required time
---------------------------------------------------------------------------------------------
                                             -1.750000   data required time
                                             -4.122420   data arrival time
---------------------------------------------------------------------------------------------
                                              5.872420   slack (MET)


Startpoint: A[3] (input port clocked by __VIRTUAL_CLK__)
Endpoint: P[7] (output port clocked by __VIRTUAL_CLK__)
Path Group: __VIRTUAL_CLK__
Path Type: min

Fanout         Cap        Slew       Delay        Time   Description
---------------------------------------------------------------------------------------------
                      0.000000    0.000000    0.000000   clock __VIRTUAL_CLK__ (rise edge)
                                  0.000000    0.000000   clock network delay (ideal)
                                  2.000000    2.000000 v input external delay
     1    0.002885    0.018783    0.009504    2.009504 v A[3] (in)
                                                         A[3] (net)
                      0.018783    0.000000    2.009504 v input4/A (sky130_fd_sc_hd__clkbuf_4)
    10    0.051686    0.193765    0.342676    2.352180 v input4/X (sky130_fd_sc_hd__clkbuf_4)
                                                         net4 (net)
                      0.193855    0.003938    2.356118 v _344_/A (sky130_fd_sc_hd__nand4_4)
     5    0.030582    0.174618    0.236337    2.592454 ^ _344_/Y (sky130_fd_sc_hd__nand4_4)
                                                         _277_ (net)
                      0.174629    0.001550    2.594005 ^ _408_/A1 (sky130_fd_sc_hd__a31oi_1)
     1    0.002528    0.055658    0.190000    2.784004 v _408_/Y (sky130_fd_sc_hd__a31oi_1)
                                                         _055_ (net)
                      0.055658    0.000072    2.784076 v _411_/A (sky130_fd_sc_hd__nor2_1)
     1    0.005165    0.191628    0.209249    2.993325 ^ _411_/Y (sky130_fd_sc_hd__nor2_1)
                                                         _058_ (net)
                      0.191628    0.000156    2.993482 ^ _413_/B (sky130_fd_sc_hd__xnor2_1)
     2    0.005501    0.110767    0.271532    3.265014 ^ _413_/Y (sky130_fd_sc_hd__xnor2_1)
                                                         _060_ (net)
                      0.110767    0.000138    3.265152 ^ _414_/B (sky130_fd_sc_hd__and2_1)
     2    0.005912    0.121027    0.278352    3.543504 ^ _414_/X (sky130_fd_sc_hd__and2_1)
                                                         _061_ (net)
                      0.121027    0.000188    3.543692 ^ _416_/A (sky130_fd_sc_hd__or2_4)
     1    0.009972    0.074999    0.241055    3.784746 ^ _416_/X (sky130_fd_sc_hd__or2_4)
                                                         _063_ (net)
                      0.074999    0.000311    3.785058 ^ _418_/A (sky130_fd_sc_hd__xor2_2)
     1    0.007873    0.075942    0.153581    3.938639 v _418_/X (sky130_fd_sc_hd__xor2_2)
                                                         net30 (net)
                      0.075942    0.000330    3.938969 v output30/A (sky130_fd_sc_hd__buf_6)
     1    0.034040    0.075659    0.249370    4.188339 v output30/X (sky130_fd_sc_hd__buf_6)
                                                         P[7] (net)
                      0.075664    0.000655    4.188993 v P[7] (out)
                                              4.188993   data arrival time

                      0.000000    0.000000    0.000000   clock __VIRTUAL_CLK__ (rise edge)
                                  0.000000    0.000000   clock network delay (ideal)
                                  0.250000    0.250000   clock uncertainty
                                  0.000000    0.250000   clock reconvergence pessimism
                                 -2.000000   -1.750000   output external delay
                                             -1.750000   data required time
---------------------------------------------------------------------------------------------
                                             -1.750000   data required time
                                             -4.188993   data arrival time
---------------------------------------------------------------------------------------------
                                              5.938993   slack (MET)



