
===========================================================================
report_checks -path_delay min (Hold)
============================================================================
======================= max_ss_100C_1v60 Corner ===================================

Startpoint: B[6] (input port clocked by __VIRTUAL_CLK__)
Endpoint: P[15] (output port clocked by __VIRTUAL_CLK__)
Path Group: __VIRTUAL_CLK__
Path Type: min

Fanout         Cap        Slew       Delay        Time   Description
---------------------------------------------------------------------------------------------
                      0.000000    0.000000    0.000000   clock __VIRTUAL_CLK__ (rise edge)
                                  0.000000    0.000000   clock network delay (ideal)
                                  2.000000    2.000000 ^ input external delay
     1    0.006011    0.054040    0.032694    2.032694 ^ B[6] (in)
                                                         B[6] (net)
                      0.054042    0.000000    2.032694 ^ input15/A (sky130_fd_sc_hd__buf_6)
     5    0.027421    0.104813    0.198487    2.231181 ^ input15/X (sky130_fd_sc_hd__buf_6)
                                                         net15 (net)
                      0.104940    0.002220    2.233401 ^ _532_/A (sky130_fd_sc_hd__and4_1)
     2    0.006036    0.143450    0.395482    2.628883 ^ _532_/X (sky130_fd_sc_hd__and4_1)
                                                         _186_ (net)
                      0.143450    0.000400    2.629284 ^ _553_/B1 (sky130_fd_sc_hd__a211oi_1)
     1    0.005072    0.077030    0.127530    2.756814 v _553_/Y (sky130_fd_sc_hd__a211oi_1)
                                                         _205_ (net)
                      0.077030    0.000276    2.757090 v _554_/B1 (sky130_fd_sc_hd__o21ai_1)
     1    0.003949    0.151971    0.141792    2.898882 ^ _554_/Y (sky130_fd_sc_hd__o21ai_1)
                                                         net22 (net)
                      0.151971    0.000270    2.899152 ^ output22/A (sky130_fd_sc_hd__buf_4)
     1    0.034483    0.166246    0.318567    3.217719 ^ output22/X (sky130_fd_sc_hd__buf_4)
                                                         P[15] (net)
                      0.166260    0.001666    3.219384 ^ P[15] (out)
                                              3.219384   data arrival time

                      0.000000    0.000000    0.000000   clock __VIRTUAL_CLK__ (rise edge)
                                  0.000000    0.000000   clock network delay (ideal)
                                  0.250000    0.250000   clock uncertainty
                                  0.000000    0.250000   clock reconvergence pessimism
                                 -2.000000   -1.750000   output external delay
                                             -1.750000   data required time
---------------------------------------------------------------------------------------------
                                             -1.750000   data required time
                                             -3.219384   data arrival time
---------------------------------------------------------------------------------------------
                                              4.969384   slack (MET)


Startpoint: B[0] (input port clocked by __VIRTUAL_CLK__)
Endpoint: P[1] (output port clocked by __VIRTUAL_CLK__)
Path Group: __VIRTUAL_CLK__
Path Type: min

Fanout         Cap        Slew       Delay        Time   Description
---------------------------------------------------------------------------------------------
                      0.000000    0.000000    0.000000   clock __VIRTUAL_CLK__ (rise edge)
                                  0.000000    0.000000   clock network delay (ideal)
                                  2.000000    2.000000 v input external delay
     1    0.002618    0.017766    0.008706    2.008706 v B[0] (in)
                                                         B[0] (net)
                      0.017766    0.000000    2.008706 v input9/A (sky130_fd_sc_hd__buf_1)
     2    0.009623    0.120966    0.194810    2.203516 v input9/X (sky130_fd_sc_hd__buf_1)
                                                         net9 (net)
                      0.120966    0.000299    2.203815 v fanout33/A (sky130_fd_sc_hd__clkbuf_2)
    10    0.030616    0.217313    0.342395    2.546210 v fanout33/X (sky130_fd_sc_hd__clkbuf_2)
                                                         net33 (net)
                      0.217325    0.001753    2.547963 v _276_/A1 (sky130_fd_sc_hd__a21oi_1)
     1    0.003286    0.159470    0.275292    2.823256 ^ _276_/Y (sky130_fd_sc_hd__a21oi_1)
                                                         _212_ (net)
                      0.159470    0.000236    2.823492 ^ _277_/C (sky130_fd_sc_hd__nor3_1)
     1    0.002717    0.057079    0.111141    2.934633 v _277_/Y (sky130_fd_sc_hd__nor3_1)
                                                         net23 (net)
                      0.057079    0.000164    2.934797 v output23/A (sky130_fd_sc_hd__buf_2)
     1    0.034073    0.165469    0.337367    3.272165 v output23/X (sky130_fd_sc_hd__buf_2)
                                                         P[1] (net)
                      0.165483    0.001623    3.273787 v P[1] (out)
                                              3.273787   data arrival time

                      0.000000    0.000000    0.000000   clock __VIRTUAL_CLK__ (rise edge)
                                  0.000000    0.000000   clock network delay (ideal)
                                  0.250000    0.250000   clock uncertainty
                                  0.000000    0.250000   clock reconvergence pessimism
                                 -2.000000   -1.750000   output external delay
                                             -1.750000   data required time
---------------------------------------------------------------------------------------------
                                             -1.750000   data required time
                                             -3.273787   data arrival time
---------------------------------------------------------------------------------------------
                                              5.023787   slack (MET)


Startpoint: B[1] (input port clocked by __VIRTUAL_CLK__)
Endpoint: P[2] (output port clocked by __VIRTUAL_CLK__)
Path Group: __VIRTUAL_CLK__
Path Type: min

Fanout         Cap        Slew       Delay        Time   Description
---------------------------------------------------------------------------------------------
                      0.000000    0.000000    0.000000   clock __VIRTUAL_CLK__ (rise edge)
                                  0.000000    0.000000   clock network delay (ideal)
                                  2.000000    2.000000 v input external delay
     1    0.002721    0.018153    0.009030    2.009030 v B[1] (in)
                                                         B[1] (net)
                      0.018154    0.000000    2.009030 v input10/A (sky130_fd_sc_hd__clkbuf_1)
     2    0.009065    0.115079    0.190228    2.199258 v input10/X (sky130_fd_sc_hd__clkbuf_1)
                                                         net10 (net)
                      0.115079    0.000388    2.199646 v fanout49/A (sky130_fd_sc_hd__buf_2)
    10    0.035076    0.169612    0.367359    2.567005 v fanout49/X (sky130_fd_sc_hd__buf_2)
                                                         net49 (net)
                      0.169651    0.002530    2.569534 v _279_/A2 (sky130_fd_sc_hd__a21oi_1)
     1    0.003172    0.156082    0.276499    2.846033 ^ _279_/Y (sky130_fd_sc_hd__a21oi_1)
                                                         _214_ (net)
                      0.156082    0.000235    2.846268 ^ _280_/B (sky130_fd_sc_hd__nor2_1)
     1    0.002678    0.050201    0.101982    2.948250 v _280_/Y (sky130_fd_sc_hd__nor2_1)
                                                         net24 (net)
                      0.050203    0.000160    2.948409 v output24/A (sky130_fd_sc_hd__buf_2)
     1    0.034192    0.165994    0.334540    3.282949 v output24/X (sky130_fd_sc_hd__buf_2)
                                                         P[2] (net)
                      0.166010    0.001704    3.284652 v P[2] (out)
                                              3.284652   data arrival time

                      0.000000    0.000000    0.000000   clock __VIRTUAL_CLK__ (rise edge)
                                  0.000000    0.000000   clock network delay (ideal)
                                  0.250000    0.250000   clock uncertainty
                                  0.000000    0.250000   clock reconvergence pessimism
                                 -2.000000   -1.750000   output external delay
                                             -1.750000   data required time
---------------------------------------------------------------------------------------------
                                             -1.750000   data required time
                                             -3.284652   data arrival time
---------------------------------------------------------------------------------------------
                                              5.034652   slack (MET)


Startpoint: A[0] (input port clocked by __VIRTUAL_CLK__)
Endpoint: P[4] (output port clocked by __VIRTUAL_CLK__)
Path Group: __VIRTUAL_CLK__
Path Type: min

Fanout         Cap        Slew       Delay        Time   Description
---------------------------------------------------------------------------------------------
                      0.000000    0.000000    0.000000   clock __VIRTUAL_CLK__ (rise edge)
                                  0.000000    0.000000   clock network delay (ideal)
                                  2.000000    2.000000 v input external delay
     1    0.003271    0.020273    0.010763    2.010763 v A[0] (in)
                                                         A[0] (net)
                      0.020274    0.000000    2.010763 v input1/A (sky130_fd_sc_hd__buf_4)
     2    0.018298    0.073588    0.248860    2.259623 v input1/X (sky130_fd_sc_hd__buf_4)
                                                         net1 (net)
                      0.073645    0.001876    2.261499 v fanout50/A (sky130_fd_sc_hd__buf_2)
    10    0.043381    0.202236    0.372310    2.633809 v fanout50/X (sky130_fd_sc_hd__buf_2)
                                                         net50 (net)
                      0.202247    0.001755    2.635564 v _293_/A (sky130_fd_sc_hd__nand2_1)
     3    0.008413    0.144201    0.207429    2.842993 ^ _293_/Y (sky130_fd_sc_hd__nand2_1)
                                                         _226_ (net)
                      0.144201    0.000266    2.843260 ^ _308_/A (sky130_fd_sc_hd__and2_1)
     1    0.003716    0.091251    0.257652    3.100912 ^ _308_/X (sky130_fd_sc_hd__and2_1)
                                                         _241_ (net)
                      0.091251    0.000268    3.101179 ^ _309_/B (sky130_fd_sc_hd__nor2_1)
     1    0.007202    0.072992    0.106503    3.207682 v _309_/Y (sky130_fd_sc_hd__nor2_1)
                                                         net26 (net)
                      0.072995    0.000538    3.208220 v output26/A (sky130_fd_sc_hd__buf_2)
     1    0.034460    0.166921    0.345905    3.554125 v output26/X (sky130_fd_sc_hd__buf_2)
                                                         P[4] (net)
                      0.166934    0.001614    3.555739 v P[4] (out)
                                              3.555739   data arrival time

                      0.000000    0.000000    0.000000   clock __VIRTUAL_CLK__ (rise edge)
                                  0.000000    0.000000   clock network delay (ideal)
                                  0.250000    0.250000   clock uncertainty
                                  0.000000    0.250000   clock reconvergence pessimism
                                 -2.000000   -1.750000   output external delay
                                             -1.750000   data required time
---------------------------------------------------------------------------------------------
                                             -1.750000   data required time
                                             -3.555739   data arrival time
---------------------------------------------------------------------------------------------
                                              5.305739   slack (MET)


Startpoint: B[7] (input port clocked by __VIRTUAL_CLK__)
Endpoint: P[14] (output port clocked by __VIRTUAL_CLK__)
Path Group: __VIRTUAL_CLK__
Path Type: min

Fanout         Cap        Slew       Delay        Time   Description
---------------------------------------------------------------------------------------------
                      0.000000    0.000000    0.000000   clock __VIRTUAL_CLK__ (rise edge)
                                  0.000000    0.000000   clock network delay (ideal)
                                  2.000000    2.000000 v input external delay
     1    0.005533    0.029232    0.017908    2.017908 v B[7] (in)
                                                         B[7] (net)
                      0.029235    0.000000    2.017908 v input16/A (sky130_fd_sc_hd__buf_6)
     6    0.026524    0.068408    0.216730    2.234638 v input16/X (sky130_fd_sc_hd__buf_6)
                                                         net16 (net)
                      0.068525    0.002512    2.237150 v _548_/A1 (sky130_fd_sc_hd__a32o_1)
     2    0.008303    0.113512    0.440318    2.677469 v _548_/X (sky130_fd_sc_hd__a32o_1)
                                                         _201_ (net)
                      0.113512    0.000499    2.677967 v _549_/B (sky130_fd_sc_hd__nand2b_1)
     1    0.005109    0.106502    0.150414    2.828381 ^ _549_/Y (sky130_fd_sc_hd__nand2b_1)
                                                         _202_ (net)
                      0.106502    0.000378    2.828759 ^ _550_/B (sky130_fd_sc_hd__xnor2_1)
     2    0.014004    0.233385    0.326195    3.154954 ^ _550_/Y (sky130_fd_sc_hd__xnor2_1)
                                                         _203_ (net)
                      0.233385    0.000868    3.155822 ^ _552_/B (sky130_fd_sc_hd__xnor2_2)
     1    0.005228    0.082193    0.177777    3.333600 v _552_/Y (sky130_fd_sc_hd__xnor2_2)
                                                         net21 (net)
                      0.082193    0.000391    3.333990 v output21/A (sky130_fd_sc_hd__buf_6)
     1    0.034948    0.076828    0.252788    3.586779 v output21/X (sky130_fd_sc_hd__buf_6)
                                                         P[14] (net)
                      0.076881    0.001790    3.588568 v P[14] (out)
                                              3.588568   data arrival time

                      0.000000    0.000000    0.000000   clock __VIRTUAL_CLK__ (rise edge)
                                  0.000000    0.000000   clock network delay (ideal)
                                  0.250000    0.250000   clock uncertainty
                                  0.000000    0.250000   clock reconvergence pessimism
                                 -2.000000   -1.750000   output external delay
                                             -1.750000   data required time
---------------------------------------------------------------------------------------------
                                             -1.750000   data required time
                                             -3.588568   data arrival time
---------------------------------------------------------------------------------------------
                                              5.338568   slack (MET)


Startpoint: A[0] (input port clocked by __VIRTUAL_CLK__)
Endpoint: P[6] (output port clocked by __VIRTUAL_CLK__)
Path Group: __VIRTUAL_CLK__
Path Type: min

Fanout         Cap        Slew       Delay        Time   Description
---------------------------------------------------------------------------------------------
                      0.000000    0.000000    0.000000   clock __VIRTUAL_CLK__ (rise edge)
                                  0.000000    0.000000   clock network delay (ideal)
                                  2.000000    2.000000 v input external delay
     1    0.003271    0.020273    0.010763    2.010763 v A[0] (in)
                                                         A[0] (net)
                      0.020274    0.000000    2.010763 v input1/A (sky130_fd_sc_hd__buf_4)
     2    0.018298    0.073588    0.248860    2.259623 v input1/X (sky130_fd_sc_hd__buf_4)
                                                         net1 (net)
                      0.073645    0.001876    2.261499 v fanout50/A (sky130_fd_sc_hd__buf_2)
    10    0.043381    0.202236    0.372310    2.633809 v fanout50/X (sky130_fd_sc_hd__buf_2)
                                                         net50 (net)
                      0.202247    0.001755    2.635564 v _293_/A (sky130_fd_sc_hd__nand2_1)
     3    0.008413    0.144201    0.207429    2.842993 ^ _293_/Y (sky130_fd_sc_hd__nand2_1)
                                                         _226_ (net)
                      0.144201    0.000310    2.843302 ^ _307_/A (sky130_fd_sc_hd__nor2_1)
     4    0.011378    0.111926    0.166445    3.009748 v _307_/Y (sky130_fd_sc_hd__nor2_1)
                                                         _240_ (net)
                      0.111927    0.000623    3.010370 v _351_/A (sky130_fd_sc_hd__nand2_1)
     2    0.007191    0.122353    0.152906    3.163276 ^ _351_/Y (sky130_fd_sc_hd__nand2_1)
                                                         _012_ (net)
                      0.122353    0.000298    3.163575 ^ _352_/B (sky130_fd_sc_hd__xnor2_1)
     1    0.006464    0.126271    0.179560    3.343135 v _352_/Y (sky130_fd_sc_hd__xnor2_1)
                                                         net28 (net)
                      0.126271    0.000465    3.343600 v output28/A (sky130_fd_sc_hd__buf_2)
     1    0.034449    0.166908    0.371408    3.715008 v output28/X (sky130_fd_sc_hd__buf_2)
                                                         P[6] (net)
                      0.166922    0.001613    3.716621 v P[6] (out)
                                              3.716621   data arrival time

                      0.000000    0.000000    0.000000   clock __VIRTUAL_CLK__ (rise edge)
                                  0.000000    0.000000   clock network delay (ideal)
                                  0.250000    0.250000   clock uncertainty
                                  0.000000    0.250000   clock reconvergence pessimism
                                 -2.000000   -1.750000   output external delay
                                             -1.750000   data required time
---------------------------------------------------------------------------------------------
                                             -1.750000   data required time
                                             -3.716621   data arrival time
---------------------------------------------------------------------------------------------
                                              5.466620   slack (MET)


Startpoint: A[2] (input port clocked by __VIRTUAL_CLK__)
Endpoint: P[3] (output port clocked by __VIRTUAL_CLK__)
Path Group: __VIRTUAL_CLK__
Path Type: min

Fanout         Cap        Slew       Delay        Time   Description
---------------------------------------------------------------------------------------------
                      0.000000    0.000000    0.000000   clock __VIRTUAL_CLK__ (rise edge)
                                  0.000000    0.000000   clock network delay (ideal)
                                  2.000000    2.000000 v input external delay
     1    0.002798    0.018443    0.009271    2.009271 v A[2] (in)
                                                         A[2] (net)
                      0.018446    0.000000    2.009271 v input3/A (sky130_fd_sc_hd__clkbuf_2)
     3    0.018410    0.137449    0.235437    2.244709 v input3/X (sky130_fd_sc_hd__clkbuf_2)
                                                         net3 (net)
                      0.137464    0.001514    2.246222 v fanout39/A (sky130_fd_sc_hd__buf_6)
     6    0.017345    0.053500    0.253441    2.499664 v fanout39/X (sky130_fd_sc_hd__buf_6)
                                                         net39 (net)
                      0.053503    0.000456    2.500120 v _282_/B1 (sky130_fd_sc_hd__a21oi_1)
     1    0.002170    0.127728    0.162551    2.662671 ^ _282_/Y (sky130_fd_sc_hd__a21oi_1)
                                                         _216_ (net)
                      0.127728    0.000134    2.662805 ^ _283_/C (sky130_fd_sc_hd__or3_1)
     2    0.008926    0.144086    0.252766    2.915571 ^ _283_/X (sky130_fd_sc_hd__or3_1)
                                                         _217_ (net)
                      0.144086    0.000652    2.916224 ^ _291_/A (sky130_fd_sc_hd__nand2_1)
     1    0.003265    0.078317    0.130578    3.046802 v _291_/Y (sky130_fd_sc_hd__nand2_1)
                                                         _225_ (net)
                      0.078317    0.000199    3.047000 v _292_/B (sky130_fd_sc_hd__and2_1)
     1    0.008903    0.113964    0.369219    3.416219 v _292_/X (sky130_fd_sc_hd__and2_1)
                                                         net25 (net)
                      0.113965    0.000691    3.416911 v output25/A (sky130_fd_sc_hd__buf_2)
     1    0.034463    0.166949    0.365517    3.782428 v output25/X (sky130_fd_sc_hd__buf_2)
                                                         P[3] (net)
                      0.166962    0.001615    3.784043 v P[3] (out)
                                              3.784043   data arrival time

                      0.000000    0.000000    0.000000   clock __VIRTUAL_CLK__ (rise edge)
                                  0.000000    0.000000   clock network delay (ideal)
                                  0.250000    0.250000   clock uncertainty
                                  0.000000    0.250000   clock reconvergence pessimism
                                 -2.000000   -1.750000   output external delay
                                             -1.750000   data required time
---------------------------------------------------------------------------------------------
                                             -1.750000   data required time
                                             -3.784043   data arrival time
---------------------------------------------------------------------------------------------
                                              5.534043   slack (MET)


Startpoint: A[0] (input port clocked by __VIRTUAL_CLK__)
Endpoint: P[5] (output port clocked by __VIRTUAL_CLK__)
Path Group: __VIRTUAL_CLK__
Path Type: min

Fanout         Cap        Slew       Delay        Time   Description
---------------------------------------------------------------------------------------------
                      0.000000    0.000000    0.000000   clock __VIRTUAL_CLK__ (rise edge)
                                  0.000000    0.000000   clock network delay (ideal)
                                  2.000000    2.000000 v input external delay
     1    0.003271    0.020273    0.010763    2.010763 v A[0] (in)
                                                         A[0] (net)
                      0.020274    0.000000    2.010763 v input1/A (sky130_fd_sc_hd__buf_4)
     2    0.018298    0.073588    0.248860    2.259623 v input1/X (sky130_fd_sc_hd__buf_4)
                                                         net1 (net)
                      0.073645    0.001876    2.261499 v fanout50/A (sky130_fd_sc_hd__buf_2)
    10    0.043381    0.202236    0.372310    2.633809 v fanout50/X (sky130_fd_sc_hd__buf_2)
                                                         net50 (net)
                      0.202247    0.001755    2.635564 v _293_/A (sky130_fd_sc_hd__nand2_1)
     3    0.008413    0.144201    0.207429    2.842993 ^ _293_/Y (sky130_fd_sc_hd__nand2_1)
                                                         _226_ (net)
                      0.144201    0.000310    2.843302 ^ _307_/A (sky130_fd_sc_hd__nor2_1)
     4    0.011378    0.111926    0.166445    3.009748 v _307_/Y (sky130_fd_sc_hd__nor2_1)
                                                         _240_ (net)
                      0.111927    0.000623    3.010370 v _351_/A (sky130_fd_sc_hd__nand2_1)
     2    0.007191    0.122353    0.152906    3.163276 ^ _351_/Y (sky130_fd_sc_hd__nand2_1)
                                                         _012_ (net)
                      0.122353    0.000286    3.163562 ^ _556_/A (sky130_fd_sc_hd__and2_1)
     1    0.005799    0.119427    0.272388    3.435950 ^ _556_/X (sky130_fd_sc_hd__and2_1)
                                                         net27 (net)
                      0.119427    0.000423    3.436372 ^ output27/A (sky130_fd_sc_hd__buf_2)
     1    0.034449    0.273764    0.366882    3.803254 ^ output27/X (sky130_fd_sc_hd__buf_2)
                                                         P[5] (net)
                      0.273769    0.001614    3.804868 ^ P[5] (out)
                                              3.804868   data arrival time

                      0.000000    0.000000    0.000000   clock __VIRTUAL_CLK__ (rise edge)
                                  0.000000    0.000000   clock network delay (ideal)
                                  0.250000    0.250000   clock uncertainty
                                  0.000000    0.250000   clock reconvergence pessimism
                                 -2.000000   -1.750000   output external delay
                                             -1.750000   data required time
---------------------------------------------------------------------------------------------
                                             -1.750000   data required time
                                             -3.804868   data arrival time
---------------------------------------------------------------------------------------------
                                              5.554868   slack (MET)


Startpoint: A[0] (input port clocked by __VIRTUAL_CLK__)
Endpoint: P[7] (output port clocked by __VIRTUAL_CLK__)
Path Group: __VIRTUAL_CLK__
Path Type: min

Fanout         Cap        Slew       Delay        Time   Description
---------------------------------------------------------------------------------------------
                      0.000000    0.000000    0.000000   clock __VIRTUAL_CLK__ (rise edge)
                                  0.000000    0.000000   clock network delay (ideal)
                                  2.000000    2.000000 v input external delay
     1    0.003271    0.020273    0.010763    2.010763 v A[0] (in)
                                                         A[0] (net)
                      0.020274    0.000000    2.010763 v input1/A (sky130_fd_sc_hd__buf_4)
     2    0.018298    0.073588    0.248860    2.259623 v input1/X (sky130_fd_sc_hd__buf_4)
                                                         net1 (net)
                      0.073645    0.001876    2.261499 v fanout50/A (sky130_fd_sc_hd__buf_2)
    10    0.043381    0.202236    0.372310    2.633809 v fanout50/X (sky130_fd_sc_hd__buf_2)
                                                         net50 (net)
                      0.202265    0.002508    2.636317 v _331_/A (sky130_fd_sc_hd__nand3_1)
     2    0.008896    0.167776    0.228496    2.864812 ^ _331_/Y (sky130_fd_sc_hd__nand3_1)
                                                         _263_ (net)
                      0.167776    0.000670    2.865483 ^ _353_/A2 (sky130_fd_sc_hd__a31oi_2)
     2    0.012390    0.075684    0.295080    3.160563 v _353_/Y (sky130_fd_sc_hd__a31oi_2)
                                                         _013_ (net)
                      0.075734    0.000946    3.161508 v _385_/B (sky130_fd_sc_hd__xnor2_2)
     2    0.015581    0.145793    0.352655    3.514164 ^ _385_/Y (sky130_fd_sc_hd__xnor2_2)
                                                         _045_ (net)
                      0.145796    0.000936    3.515100 ^ _387_/A (sky130_fd_sc_hd__xor2_2)
     1    0.012189    0.094752    0.208432    3.723532 v _387_/X (sky130_fd_sc_hd__xor2_2)
                                                         net29 (net)
                      0.094774    0.001307    3.724839 v output29/A (sky130_fd_sc_hd__buf_6)
     1    0.033944    0.075546    0.257850    3.982688 v output29/X (sky130_fd_sc_hd__buf_6)
                                                         P[7] (net)
                      0.075588    0.001587    3.984275 v P[7] (out)
                                              3.984275   data arrival time

                      0.000000    0.000000    0.000000   clock __VIRTUAL_CLK__ (rise edge)
                                  0.000000    0.000000   clock network delay (ideal)
                                  0.250000    0.250000   clock uncertainty
                                  0.000000    0.250000   clock reconvergence pessimism
                                 -2.000000   -1.750000   output external delay
                                             -1.750000   data required time
---------------------------------------------------------------------------------------------
                                             -1.750000   data required time
                                             -3.984275   data arrival time
---------------------------------------------------------------------------------------------
                                              5.734275   slack (MET)


Startpoint: B[2] (input port clocked by __VIRTUAL_CLK__)
Endpoint: P[12] (output port clocked by __VIRTUAL_CLK__)
Path Group: __VIRTUAL_CLK__
Path Type: min

Fanout         Cap        Slew       Delay        Time   Description
---------------------------------------------------------------------------------------------
                      0.000000    0.000000    0.000000   clock __VIRTUAL_CLK__ (rise edge)
                                  0.000000    0.000000   clock network delay (ideal)
                                  2.000000    2.000000 ^ input external delay
     1    0.003128    0.034420    0.017574    2.017574 ^ B[2] (in)
                                                         B[2] (net)
                      0.034420    0.000000    2.017574 ^ input11/A (sky130_fd_sc_hd__buf_4)
     5    0.027137    0.135332    0.241452    2.259026 ^ input11/X (sky130_fd_sc_hd__buf_4)
                                                         net11 (net)
                      0.135402    0.002844    2.261870 ^ _440_/A (sky130_fd_sc_hd__nand4_1)
     3    0.011900    0.415008    0.388107    2.649977 v _440_/Y (sky130_fd_sc_hd__nand4_1)
                                                         _098_ (net)
                      0.415011    0.000929    2.650906 v _495_/A (sky130_fd_sc_hd__nand2_1)
     1    0.003516    0.080182    0.222149    2.873055 ^ _495_/Y (sky130_fd_sc_hd__nand2_1)
                                                         _151_ (net)
                      0.080182    0.000238    2.873292 ^ _497_/A2 (sky130_fd_sc_hd__o21ai_1)
     2    0.011661    0.199322    0.217058    3.090350 v _497_/Y (sky130_fd_sc_hd__o21ai_1)
                                                         _153_ (net)
                      0.199333    0.001199    3.091550 v _521_/A (sky130_fd_sc_hd__nand2_1)
     1    0.004696    0.096257    0.168524    3.260073 ^ _521_/Y (sky130_fd_sc_hd__nand2_1)
                                                         _176_ (net)
                      0.096257    0.000219    3.260292 ^ _524_/B (sky130_fd_sc_hd__xnor2_1)
     1    0.005090    0.105289    0.153571    3.413863 v _524_/Y (sky130_fd_sc_hd__xnor2_1)
                                                         _179_ (net)
                      0.105289    0.000241    3.414104 v _525_/A (sky130_fd_sc_hd__inv_2)
     3    0.016554    0.129672    0.152106    3.566210 ^ _525_/Y (sky130_fd_sc_hd__inv_2)
                                                         _180_ (net)
                      0.129689    0.001219    3.567430 ^ _530_/A (sky130_fd_sc_hd__xnor2_2)
     1    0.012016    0.136154    0.210421    3.777851 v _530_/Y (sky130_fd_sc_hd__xnor2_2)
                                                         net19 (net)
                      0.136159    0.001053    3.778904 v output19/A (sky130_fd_sc_hd__buf_6)
     1    0.034173    0.075827    0.278187    4.057091 v output19/X (sky130_fd_sc_hd__buf_6)
                                                         P[12] (net)
                      0.075873    0.001663    4.058754 v P[12] (out)
                                              4.058754   data arrival time

                      0.000000    0.000000    0.000000   clock __VIRTUAL_CLK__ (rise edge)
                                  0.000000    0.000000   clock network delay (ideal)
                                  0.250000    0.250000   clock uncertainty
                                  0.000000    0.250000   clock reconvergence pessimism
                                 -2.000000   -1.750000   output external delay
                                             -1.750000   data required time
---------------------------------------------------------------------------------------------
                                             -1.750000   data required time
                                             -4.058754   data arrival time
---------------------------------------------------------------------------------------------
                                              5.808754   slack (MET)


Startpoint: B[6] (input port clocked by __VIRTUAL_CLK__)
Endpoint: P[13] (output port clocked by __VIRTUAL_CLK__)
Path Group: __VIRTUAL_CLK__
Path Type: min

Fanout         Cap        Slew       Delay        Time   Description
---------------------------------------------------------------------------------------------
                      0.000000    0.000000    0.000000   clock __VIRTUAL_CLK__ (rise edge)
                                  0.000000    0.000000   clock network delay (ideal)
                                  2.000000    2.000000 v input external delay
     1    0.005632    0.029619    0.018221    2.018221 v B[6] (in)
                                                         B[6] (net)
                      0.029622    0.000000    2.018221 v input15/A (sky130_fd_sc_hd__buf_6)
     5    0.026642    0.069052    0.216298    2.234519 v input15/X (sky130_fd_sc_hd__buf_6)
                                                         net15 (net)
                      0.069328    0.003775    2.238294 v _506_/A (sky130_fd_sc_hd__nand2_1)
     3    0.009065    0.146043    0.151844    2.390138 ^ _506_/Y (sky130_fd_sc_hd__nand2_1)
                                                         _161_ (net)
                      0.146046    0.000494    2.390632 ^ _510_/A (sky130_fd_sc_hd__or2_1)
     3    0.008843    0.147213    0.259272    2.649904 ^ _510_/X (sky130_fd_sc_hd__or2_1)
                                                         _165_ (net)
                      0.147213    0.000609    2.650512 ^ _538_/A (sky130_fd_sc_hd__nand3_1)
     1    0.002652    0.119146    0.163262    2.813774 v _538_/Y (sky130_fd_sc_hd__nand3_1)
                                                         _192_ (net)
                      0.119146    0.000125    2.813899 v _540_/A (sky130_fd_sc_hd__nand2_1)
     3    0.011737    0.184173    0.201745    3.015644 ^ _540_/Y (sky130_fd_sc_hd__nand2_1)
                                                         _194_ (net)
                      0.184181    0.001055    3.016699 ^ _542_/B (sky130_fd_sc_hd__xor2_1)
     1    0.005955    0.090492    0.200392    3.217092 v _542_/X (sky130_fd_sc_hd__xor2_1)
                                                         _196_ (net)
                      0.090493    0.000418    3.217510 v _543_/A (sky130_fd_sc_hd__inv_2)
     2    0.006017    0.056970    0.092059    3.309569 ^ _543_/Y (sky130_fd_sc_hd__inv_2)
                                                         _197_ (net)
                      0.056972    0.000386    3.309956 ^ _545_/B1 (sky130_fd_sc_hd__o31ai_1)
     1    0.003579    0.102496    0.134710    3.444665 v _545_/Y (sky130_fd_sc_hd__o31ai_1)
                                                         _199_ (net)
                      0.102496    0.000261    3.444926 v _546_/A2 (sky130_fd_sc_hd__o21a_1)
     1    0.010343    0.123445    0.387488    3.832414 v _546_/X (sky130_fd_sc_hd__o21a_1)
                                                         net20 (net)
                      0.123451    0.000947    3.833361 v output20/A (sky130_fd_sc_hd__buf_6)
     1    0.035093    0.077005    0.272966    4.106327 v output20/X (sky130_fd_sc_hd__buf_6)
                                                         P[13] (net)
                      0.077064    0.001872    4.108199 v P[13] (out)
                                              4.108199   data arrival time

                      0.000000    0.000000    0.000000   clock __VIRTUAL_CLK__ (rise edge)
                                  0.000000    0.000000   clock network delay (ideal)
                                  0.250000    0.250000   clock uncertainty
                                  0.000000    0.250000   clock reconvergence pessimism
                                 -2.000000   -1.750000   output external delay
                                             -1.750000   data required time
---------------------------------------------------------------------------------------------
                                             -1.750000   data required time
                                             -4.108199   data arrival time
---------------------------------------------------------------------------------------------
                                              5.858199   slack (MET)


Startpoint: A[0] (input port clocked by __VIRTUAL_CLK__)
Endpoint: P[8] (output port clocked by __VIRTUAL_CLK__)
Path Group: __VIRTUAL_CLK__
Path Type: min

Fanout         Cap        Slew       Delay        Time   Description
---------------------------------------------------------------------------------------------
                      0.000000    0.000000    0.000000   clock __VIRTUAL_CLK__ (rise edge)
                                  0.000000    0.000000   clock network delay (ideal)
                                  2.000000    2.000000 v input external delay
     1    0.003271    0.020273    0.010763    2.010763 v A[0] (in)
                                                         A[0] (net)
                      0.020274    0.000000    2.010763 v input1/A (sky130_fd_sc_hd__buf_4)
     2    0.018298    0.073588    0.248860    2.259623 v input1/X (sky130_fd_sc_hd__buf_4)
                                                         net1 (net)
                      0.073645    0.001876    2.261499 v fanout50/A (sky130_fd_sc_hd__buf_2)
    10    0.043381    0.202236    0.372310    2.633809 v fanout50/X (sky130_fd_sc_hd__buf_2)
                                                         net50 (net)
                      0.202265    0.002508    2.636317 v _331_/A (sky130_fd_sc_hd__nand3_1)
     2    0.008896    0.167776    0.228496    2.864812 ^ _331_/Y (sky130_fd_sc_hd__nand3_1)
                                                         _263_ (net)
                      0.167776    0.000670    2.865483 ^ _353_/A2 (sky130_fd_sc_hd__a31oi_2)
     2    0.012390    0.075684    0.295080    3.160563 v _353_/Y (sky130_fd_sc_hd__a31oi_2)
                                                         _013_ (net)
                      0.075686    0.000518    3.161080 v _384_/A_N (sky130_fd_sc_hd__and2b_1)
     1    0.005564    0.105993    0.397693    3.558773 ^ _384_/X (sky130_fd_sc_hd__and2b_1)
                                                         _044_ (net)
                      0.105993    0.000407    3.559180 ^ _420_/B1 (sky130_fd_sc_hd__a21o_4)
     4    0.029949    0.140522    0.237858    3.797037 ^ _420_/X (sky130_fd_sc_hd__a21o_4)
                                                         _079_ (net)
                      0.140550    0.001959    3.798996 ^ _421_/B (sky130_fd_sc_hd__xnor2_2)
     1    0.013362    0.147003    0.202508    4.001504 v _421_/Y (sky130_fd_sc_hd__xnor2_2)
                                                         net30 (net)
                      0.147081    0.001474    4.002978 v output30/A (sky130_fd_sc_hd__buf_6)
     1    0.034023    0.075634    0.283350    4.286329 v output30/X (sky130_fd_sc_hd__buf_6)
                                                         P[8] (net)
                      0.075677    0.001602    4.287931 v P[8] (out)
                                              4.287931   data arrival time

                      0.000000    0.000000    0.000000   clock __VIRTUAL_CLK__ (rise edge)
                                  0.000000    0.000000   clock network delay (ideal)
                                  0.250000    0.250000   clock uncertainty
                                  0.000000    0.250000   clock reconvergence pessimism
                                 -2.000000   -1.750000   output external delay
                                             -1.750000   data required time
---------------------------------------------------------------------------------------------
                                             -1.750000   data required time
                                             -4.287931   data arrival time
---------------------------------------------------------------------------------------------
                                              6.037931   slack (MET)


Startpoint: A[4] (input port clocked by __VIRTUAL_CLK__)
Endpoint: P[9] (output port clocked by __VIRTUAL_CLK__)
Path Group: __VIRTUAL_CLK__
Path Type: min

Fanout         Cap        Slew       Delay        Time   Description
---------------------------------------------------------------------------------------------
                      0.000000    0.000000    0.000000   clock __VIRTUAL_CLK__ (rise edge)
                                  0.000000    0.000000   clock network delay (ideal)
                                  2.000000    2.000000 v input external delay
     1    0.002680    0.018000    0.008900    2.008900 v A[4] (in)
                                                         A[4] (net)
                      0.018000    0.000000    2.008900 v input5/A (sky130_fd_sc_hd__buf_1)
     2    0.018772    0.218735    0.267667    2.276567 v input5/X (sky130_fd_sc_hd__buf_1)
                                                         net5 (net)
                      0.218735    0.000749    2.277316 v fanout37/A (sky130_fd_sc_hd__buf_2)
    10    0.044750    0.208506    0.447722    2.725038 v fanout37/X (sky130_fd_sc_hd__buf_2)
                                                         net37 (net)
                      0.208609    0.004270    2.729308 v _388_/B (sky130_fd_sc_hd__nand2_1)
     3    0.016219    0.245950    0.298741    3.028049 ^ _388_/Y (sky130_fd_sc_hd__nand2_1)
                                                         _047_ (net)
                      0.245960    0.001327    3.029376 ^ _416_/A (sky130_fd_sc_hd__xnor2_1)
     2    0.006886    0.130425    0.308229    3.337605 ^ _416_/Y (sky130_fd_sc_hd__xnor2_1)
                                                         _075_ (net)
                      0.130425    0.000497    3.338103 ^ _418_/C (sky130_fd_sc_hd__or3_4)
     2    0.012904    0.086235    0.260191    3.598294 ^ _418_/X (sky130_fd_sc_hd__or3_4)
                                                         _077_ (net)
                      0.086235    0.000447    3.598740 ^ _460_/A2 (sky130_fd_sc_hd__a21o_1)
     1    0.009837    0.145724    0.286751    3.885492 ^ _460_/X (sky130_fd_sc_hd__a21o_1)
                                                         _118_ (net)
                      0.145724    0.000570    3.886061 ^ _461_/B (sky130_fd_sc_hd__xor2_2)
     1    0.010657    0.089404    0.185991    4.072052 v _461_/X (sky130_fd_sc_hd__xor2_2)
                                                         net31 (net)
                      0.089412    0.000923    4.072976 v output31/A (sky130_fd_sc_hd__buf_6)
     1    0.033950    0.075554    0.255248    4.328224 v output31/X (sky130_fd_sc_hd__buf_6)
                                                         P[9] (net)
                      0.075596    0.001589    4.329812 v P[9] (out)
                                              4.329812   data arrival time

                      0.000000    0.000000    0.000000   clock __VIRTUAL_CLK__ (rise edge)
                                  0.000000    0.000000   clock network delay (ideal)
                                  0.250000    0.250000   clock uncertainty
                                  0.000000    0.250000   clock reconvergence pessimism
                                 -2.000000   -1.750000   output external delay
                                             -1.750000   data required time
---------------------------------------------------------------------------------------------
                                             -1.750000   data required time
                                             -4.329812   data arrival time
---------------------------------------------------------------------------------------------
                                              6.079813   slack (MET)


Startpoint: B[5] (input port clocked by __VIRTUAL_CLK__)
Endpoint: P[10] (output port clocked by __VIRTUAL_CLK__)
Path Group: __VIRTUAL_CLK__
Path Type: min

Fanout         Cap        Slew       Delay        Time   Description
---------------------------------------------------------------------------------------------
                      0.000000    0.000000    0.000000   clock __VIRTUAL_CLK__ (rise edge)
                                  0.000000    0.000000   clock network delay (ideal)
                                  2.000000    2.000000 v input external delay
     1    0.003167    0.019867    0.010431    2.010431 v B[5] (in)
                                                         B[5] (net)
                      0.019868    0.000000    2.010431 v input14/A (sky130_fd_sc_hd__buf_1)
     2    0.010756    0.132969    0.204910    2.215341 v input14/X (sky130_fd_sc_hd__buf_1)
                                                         net14 (net)
                      0.132969    0.000590    2.215931 v fanout45/A (sky130_fd_sc_hd__dlymetal6s2s_1)
     5    0.021480    0.222704    0.441064    2.656995 v fanout45/X (sky130_fd_sc_hd__dlymetal6s2s_1)
                                                         net45 (net)
                      0.222709    0.001390    2.658385 v _462_/A (sky130_fd_sc_hd__and3_1)
     2    0.015117    0.162423    0.464458    3.122843 v _462_/X (sky130_fd_sc_hd__and3_1)
                                                         _119_ (net)
                      0.162428    0.001162    3.124005 v _475_/A (sky130_fd_sc_hd__xnor2_2)
     2    0.008915    0.099037    0.340451    3.464456 ^ _475_/Y (sky130_fd_sc_hd__xnor2_2)
                                                         _132_ (net)
                      0.099040    0.000659    3.465116 ^ _477_/B1 (sky130_fd_sc_hd__a21oi_2)
     3    0.011118    0.063199    0.093891    3.559006 v _477_/Y (sky130_fd_sc_hd__a21oi_2)
                                                         _134_ (net)
                      0.063211    0.000824    3.559830 v _478_/A (sky130_fd_sc_hd__inv_2)
     1    0.002645    0.034284    0.062557    3.622387 ^ _478_/Y (sky130_fd_sc_hd__inv_2)
                                                         _135_ (net)
                      0.034284    0.000124    3.622511 ^ _479_/B (sky130_fd_sc_hd__nand2_1)
     1    0.008810    0.160104    0.161204    3.783715 v _479_/Y (sky130_fd_sc_hd__nand2_1)
                                                         _136_ (net)
                      0.160108    0.000673    3.784388 v _483_/A (sky130_fd_sc_hd__xnor2_2)
     1    0.009651    0.117239    0.311016    4.095404 v _483_/Y (sky130_fd_sc_hd__xnor2_2)
                                                         net17 (net)
                      0.117241    0.000661    4.096065 v output17/A (sky130_fd_sc_hd__buf_6)
     1    0.034079    0.075712    0.268904    4.364968 v output17/X (sky130_fd_sc_hd__buf_6)
                                                         P[10] (net)
                      0.075756    0.001625    4.366594 v P[10] (out)
                                              4.366594   data arrival time

                      0.000000    0.000000    0.000000   clock __VIRTUAL_CLK__ (rise edge)
                                  0.000000    0.000000   clock network delay (ideal)
                                  0.250000    0.250000   clock uncertainty
                                  0.000000    0.250000   clock reconvergence pessimism
                                 -2.000000   -1.750000   output external delay
                                             -1.750000   data required time
---------------------------------------------------------------------------------------------
                                             -1.750000   data required time
                                             -4.366594   data arrival time
---------------------------------------------------------------------------------------------
                                              6.116594   slack (MET)


Startpoint: A[3] (input port clocked by __VIRTUAL_CLK__)
Endpoint: P[11] (output port clocked by __VIRTUAL_CLK__)
Path Group: __VIRTUAL_CLK__
Path Type: min

Fanout         Cap        Slew       Delay        Time   Description
---------------------------------------------------------------------------------------------
                      0.000000    0.000000    0.000000   clock __VIRTUAL_CLK__ (rise edge)
                                  0.000000    0.000000   clock network delay (ideal)
                                  2.000000    2.000000 v input external delay
     1    0.002728    0.018181    0.009051    2.009051 v A[3] (in)
                                                         A[3] (net)
                      0.018181    0.000000    2.009051 v input4/A (sky130_fd_sc_hd__clkbuf_2)
     3    0.017426    0.131207    0.230525    2.239577 v input4/X (sky130_fd_sc_hd__clkbuf_2)
                                                         net4 (net)
                      0.131231    0.001783    2.241360 v _463_/A (sky130_fd_sc_hd__nand3_1)
     1    0.004861    0.110604    0.153416    2.394776 ^ _463_/Y (sky130_fd_sc_hd__nand3_1)
                                                         _120_ (net)
                      0.110604    0.000359    2.395135 ^ _464_/A2 (sky130_fd_sc_hd__o21a_1)
     2    0.014729    0.236560    0.347338    2.742473 ^ _464_/X (sky130_fd_sc_hd__o21a_1)
                                                         _121_ (net)
                      0.236562    0.001199    2.743672 ^ _465_/B1 (sky130_fd_sc_hd__a21oi_4)
     2    0.016101    0.082830    0.138018    2.881690 v _465_/Y (sky130_fd_sc_hd__a21oi_4)
                                                         _122_ (net)
                      0.082833    0.000941    2.882631 v _467_/A (sky130_fd_sc_hd__nor2_4)
     2    0.013576    0.180225    0.229034    3.111665 ^ _467_/Y (sky130_fd_sc_hd__nor2_4)
                                                         _124_ (net)
                      0.180227    0.000961    3.112626 ^ _472_/A (sky130_fd_sc_hd__nand2_1)
     2    0.010554    0.190232    0.233778    3.346404 v _472_/Y (sky130_fd_sc_hd__nand2_1)
                                                         _129_ (net)
                      0.190233    0.000781    3.347185 v _502_/C (sky130_fd_sc_hd__nand3_2)
     3    0.009410    0.103491    0.193973    3.541158 ^ _502_/Y (sky130_fd_sc_hd__nand3_2)
                                                         _158_ (net)
                      0.103493    0.000608    3.541765 ^ _503_/B (sky130_fd_sc_hd__and2b_1)
     1    0.005666    0.107005    0.270006    3.811772 ^ _503_/X (sky130_fd_sc_hd__and2b_1)
                                                         _159_ (net)
                      0.107005    0.000408    3.812180 ^ _505_/A (sky130_fd_sc_hd__xnor2_1)
     1    0.011802    0.206019    0.255740    4.067920 v _505_/Y (sky130_fd_sc_hd__xnor2_1)
                                                         net18 (net)
                      0.206019    0.000801    4.068721 v output18/A (sky130_fd_sc_hd__buf_6)
     1    0.033944    0.075520    0.311906    4.380627 v output18/X (sky130_fd_sc_hd__buf_6)
                                                         P[11] (net)
                      0.075562    0.001587    4.382214 v P[11] (out)
                                              4.382214   data arrival time

                      0.000000    0.000000    0.000000   clock __VIRTUAL_CLK__ (rise edge)
                                  0.000000    0.000000   clock network delay (ideal)
                                  0.250000    0.250000   clock uncertainty
                                  0.000000    0.250000   clock reconvergence pessimism
                                 -2.000000   -1.750000   output external delay
                                             -1.750000   data required time
---------------------------------------------------------------------------------------------
                                             -1.750000   data required time
                                             -4.382214   data arrival time
---------------------------------------------------------------------------------------------
                                              6.132214   slack (MET)



