
===========================================================================
report_checks -unconstrained
===========================================================================
======================= nom_tt_025C_1v80 Corner ===================================

Startpoint: B[1] (input port clocked by __VIRTUAL_CLK__)
Endpoint: P[14] (output port clocked by __VIRTUAL_CLK__)
Path Group: __VIRTUAL_CLK__
Path Type: max

Fanout         Cap        Slew       Delay        Time   Description
---------------------------------------------------------------------------------------------
                      0.000000    0.000000    0.000000   clock __VIRTUAL_CLK__ (rise edge)
                                  0.000000    0.000000   clock network delay (ideal)
                                  2.000000    2.000000 ^ input external delay
    16    0.064487    0.293876    0.204515    2.204515 ^ B[1] (in)
                                                         B[1] (net)
                      0.293938    0.000000    2.204515 ^ _245_/D (sky130_fd_sc_hd__nand4_2)
     5    0.014659    0.164997    0.197030    2.401545 v _245_/Y (sky130_fd_sc_hd__nand4_2)
                                                         _176_ (net)
                      0.164997    0.000045    2.401590 v _247_/S (sky130_fd_sc_hd__mux2_1)
     4    0.016420    0.116883    0.425299    2.826889 v _247_/X (sky130_fd_sc_hd__mux2_1)
                                                         _178_ (net)
                      0.116883    0.000104    2.826994 v _250_/B (sky130_fd_sc_hd__xor2_2)
     3    0.008303    0.074117    0.179413    3.006407 v _250_/X (sky130_fd_sc_hd__xor2_2)
                                                         _181_ (net)
                      0.074117    0.000009    3.006416 v _255_/B (sky130_fd_sc_hd__and3_2)
     3    0.009461    0.053616    0.224785    3.231201 v _255_/X (sky130_fd_sc_hd__and3_2)
                                                         _186_ (net)
                      0.053616    0.000076    3.231277 v _275_/A (sky130_fd_sc_hd__or4_2)
     2    0.006769    0.118270    0.683856    3.915133 v _275_/X (sky130_fd_sc_hd__or4_2)
                                                         _206_ (net)
                      0.118270    0.000020    3.915153 v _276_/C (sky130_fd_sc_hd__and3_2)
     5    0.018592    0.072851    0.283124    4.198277 v _276_/X (sky130_fd_sc_hd__and3_2)
                                                         _207_ (net)
                      0.072851    0.000144    4.198421 v _279_/B (sky130_fd_sc_hd__or3_2)
     2    0.005296    0.087130    0.465767    4.664188 v _279_/X (sky130_fd_sc_hd__or3_2)
                                                         _210_ (net)
                      0.087130    0.000015    4.664203 v _289_/B1 (sky130_fd_sc_hd__o211a_2)
     3    0.011154    0.060592    0.172347    4.836550 v _289_/X (sky130_fd_sc_hd__o211a_2)
                                                         _220_ (net)
                      0.060592    0.000041    4.836591 v _299_/A (sky130_fd_sc_hd__or3b_2)
     3    0.008964    0.100898    0.498829    5.335420 v _299_/X (sky130_fd_sc_hd__or3b_2)
                                                         _000_ (net)
                      0.100898    0.000031    5.335451 v _351_/A1 (sky130_fd_sc_hd__o211a_2)
     4    0.024217    0.089200    0.338021    5.673472 v _351_/X (sky130_fd_sc_hd__o211a_2)
                                                         _050_ (net)
                      0.089204    0.000711    5.674183 v _446_/A1 (sky130_fd_sc_hd__o31ai_2)
     3    0.019543    0.431994    0.449989    6.124173 ^ _446_/Y (sky130_fd_sc_hd__o31ai_2)
                                                         _141_ (net)
                      0.431994    0.000262    6.124434 ^ _457_/A2 (sky130_fd_sc_hd__o211a_2)
     3    0.021605    0.139655    0.312553    6.436987 ^ _457_/X (sky130_fd_sc_hd__o211a_2)
                                                         _151_ (net)
                      0.139655    0.000287    6.437274 ^ _463_/A (sky130_fd_sc_hd__xor2_2)
     1    0.034933    0.434540    0.385373    6.822647 ^ _463_/X (sky130_fd_sc_hd__xor2_2)
                                                         P[14] (net)
                      0.434540    0.000238    6.822885 ^ P[14] (out)
                                              6.822885   data arrival time

                      0.000000   10.000000   10.000000   clock __VIRTUAL_CLK__ (rise edge)
                                  0.000000   10.000000   clock network delay (ideal)
                                 -0.250000    9.750000   clock uncertainty
                                  0.000000    9.750000   clock reconvergence pessimism
                                 -2.000000    7.750000   output external delay
                                              7.750000   data required time
---------------------------------------------------------------------------------------------
                                              7.750000   data required time
                                             -6.822885   data arrival time
---------------------------------------------------------------------------------------------
                                              0.927115   slack (MET)




===========================================================================
report_checks --slack_max -0.01
============================================================================
======================= nom_tt_025C_1v80 Corner ===================================

No paths found.


===========================================================================
 report_check_types -max_slew -max_cap -max_fanout -violators
============================================================================
======================= nom_tt_025C_1v80 Corner ===================================

max fanout

Pin                                   Limit Fanout  Slack
---------------------------------------------------------
A[2]                                     10     19     -9 (VIOLATED)
A[6]                                     10     19     -9 (VIOLATED)
B[5]                                     10     19     -9 (VIOLATED)
B[7]                                     10     17     -7 (VIOLATED)
A[4]                                     10     16     -6 (VIOLATED)
B[1]                                     10     16     -6 (VIOLATED)
B[3]                                     10     16     -6 (VIOLATED)
A[0]                                     10     14     -4 (VIOLATED)
B[6]                                     10     12     -2 (VIOLATED)
B[2]                                     10     11        (VIOLATED)



===========================================================================
report_parasitic_annotation -report_unannotated
============================================================================
Found 1 unannotated drivers.
 _474_/HI
Found 0 partially unannotated drivers.

===========================================================================
max slew violation count 0
Writing metric design__max_slew_violation__count__corner:nom_tt_025C_1v80: 0
max fanout violation count 10
Writing metric design__max_fanout_violation__count__corner:nom_tt_025C_1v80: 10
max cap violation count 0
Writing metric design__max_cap_violation__count__corner:nom_tt_025C_1v80: 0
============================================================================

===========================================================================
check_setup -verbose -unconstrained_endpoints -multiple_clock -no_clock -no_input_delay -loops -generated_clocks
===========================================================================
Warning: There is 1 unconstrained endpoint.
  P[0]
