
===========================================================================
report_checks -path_delay max (Setup)
============================================================================
======================= nom_tt_025C_1v80 Corner ===================================

Startpoint: B[1] (input port clocked by __VIRTUAL_CLK__)
Endpoint: P[14] (output port clocked by __VIRTUAL_CLK__)
Path Group: __VIRTUAL_CLK__
Path Type: max

Fanout         Cap        Slew       Delay        Time   Description
---------------------------------------------------------------------------------------------
                      0.000000    0.000000    0.000000   clock __VIRTUAL_CLK__ (rise edge)
                                  0.000000    0.000000   clock network delay (ideal)
                                  2.000000    2.000000 v input external delay
     1    0.005664    0.015061    0.009206    2.009206 v B[1] (in)
                                                         B[1] (net)
                      0.015063    0.000000    2.009206 v input10/A (sky130_fd_sc_hd__buf_6)
     3    0.019859    0.033406    0.112705    2.121911 v input10/X (sky130_fd_sc_hd__buf_6)
                                                         net10 (net)
                      0.033419    0.000836    2.122747 v fanout47/A (sky130_fd_sc_hd__buf_8)
     5    0.029071    0.036446    0.124589    2.247337 v fanout47/X (sky130_fd_sc_hd__buf_8)
                                                         net47 (net)
                      0.036564    0.001792    2.249129 v _260_/C (sky130_fd_sc_hd__and4_1)
     2    0.005019    0.047574    0.190245    2.439374 v _260_/X (sky130_fd_sc_hd__and4_1)
                                                         _193_ (net)
                      0.047574    0.000159    2.439533 v _364_/B (sky130_fd_sc_hd__or2_4)
     1    0.001946    0.041589    0.214998    2.654532 v _364_/X (sky130_fd_sc_hd__or2_4)
                                                         _065_ (net)
                      0.041589    0.000040    2.654572 v _366_/C (sky130_fd_sc_hd__and3b_1)
     3    0.007390    0.056785    0.194188    2.848759 v _366_/X (sky130_fd_sc_hd__and3b_1)
                                                         _067_ (net)
                      0.056785    0.000148    2.848907 v _395_/A1 (sky130_fd_sc_hd__o211a_1)
     2    0.011903    0.077618    0.266339    3.115246 v _395_/X (sky130_fd_sc_hd__o211a_1)
                                                         _095_ (net)
                      0.077620    0.000456    3.115702 v _398_/A1 (sky130_fd_sc_hd__o31ai_4)
     4    0.009082    0.208350    0.276426    3.392127 ^ _398_/Y (sky130_fd_sc_hd__o31ai_4)
                                                         _098_ (net)
                      0.208350    0.000248    3.392375 ^ _400_/C_N (sky130_fd_sc_hd__or4bb_4)
     3    0.006835    0.089157    0.564736    3.957112 v _400_/X (sky130_fd_sc_hd__or4bb_4)
                                                         _100_ (net)
                      0.089157    0.000202    3.957314 v _402_/C (sky130_fd_sc_hd__and3_1)
     2    0.008454    0.060956    0.221797    4.179111 v _402_/X (sky130_fd_sc_hd__and3_1)
                                                         _102_ (net)
                      0.060956    0.000238    4.179348 v _404_/C1 (sky130_fd_sc_hd__a211oi_2)
     3    0.008251    0.222120    0.201305    4.380653 ^ _404_/Y (sky130_fd_sc_hd__a211oi_2)
                                                         _104_ (net)
                      0.222120    0.000274    4.380927 ^ _445_/B_N (sky130_fd_sc_hd__and4bb_1)
     2    0.008925    0.066307    0.272583    4.653510 v _445_/X (sky130_fd_sc_hd__and4bb_1)
                                                         _143_ (net)
                      0.066307    0.000238    4.653748 v _446_/B2 (sky130_fd_sc_hd__a221o_1)
     1    0.004969    0.062719    0.335120    4.988868 v _446_/X (sky130_fd_sc_hd__a221o_1)
                                                         _144_ (net)
                      0.062719    0.000168    4.989037 v _447_/B1 (sky130_fd_sc_hd__a31o_4)
     3    0.015879    0.050721    0.229829    5.218865 v _447_/X (sky130_fd_sc_hd__a31o_4)
                                                         _145_ (net)
                      0.050721    0.000766    5.219631 v _458_/A2 (sky130_fd_sc_hd__o211a_4)
     3    0.013868    0.051192    0.244392    5.464023 v _458_/X (sky130_fd_sc_hd__o211a_4)
                                                         _155_ (net)
                      0.051196    0.000521    5.464544 v _464_/A (sky130_fd_sc_hd__xor2_1)
     1    0.005160    0.152452    0.176124    5.640669 ^ _464_/X (sky130_fd_sc_hd__xor2_1)
                                                         net22 (net)
                      0.152452    0.000109    5.640778 ^ output22/A (sky130_fd_sc_hd__buf_6)
     1    0.034800    0.078291    0.158144    5.798922 ^ output22/X (sky130_fd_sc_hd__buf_6)
                                                         P[14] (net)
                      0.078302    0.000940    5.799862 ^ P[14] (out)
                                              5.799862   data arrival time

                      0.000000   10.000000   10.000000   clock __VIRTUAL_CLK__ (rise edge)
                                  0.000000   10.000000   clock network delay (ideal)
                                 -0.250000    9.750000   clock uncertainty
                                  0.000000    9.750000   clock reconvergence pessimism
                                 -2.000000    7.750000   output external delay
                                              7.750000   data required time
---------------------------------------------------------------------------------------------
                                              7.750000   data required time
                                             -5.799862   data arrival time
---------------------------------------------------------------------------------------------
                                              1.950138   slack (MET)


Startpoint: B[1] (input port clocked by __VIRTUAL_CLK__)
Endpoint: P[13] (output port clocked by __VIRTUAL_CLK__)
Path Group: __VIRTUAL_CLK__
Path Type: max

Fanout         Cap        Slew       Delay        Time   Description
---------------------------------------------------------------------------------------------
                      0.000000    0.000000    0.000000   clock __VIRTUAL_CLK__ (rise edge)
                                  0.000000    0.000000   clock network delay (ideal)
                                  2.000000    2.000000 v input external delay
     1    0.005664    0.015061    0.009206    2.009206 v B[1] (in)
                                                         B[1] (net)
                      0.015063    0.000000    2.009206 v input10/A (sky130_fd_sc_hd__buf_6)
     3    0.019859    0.033406    0.112705    2.121911 v input10/X (sky130_fd_sc_hd__buf_6)
                                                         net10 (net)
                      0.033419    0.000836    2.122747 v fanout47/A (sky130_fd_sc_hd__buf_8)
     5    0.029071    0.036446    0.124589    2.247337 v fanout47/X (sky130_fd_sc_hd__buf_8)
                                                         net47 (net)
                      0.036564    0.001792    2.249129 v _260_/C (sky130_fd_sc_hd__and4_1)
     2    0.005019    0.047574    0.190245    2.439374 v _260_/X (sky130_fd_sc_hd__and4_1)
                                                         _193_ (net)
                      0.047574    0.000159    2.439533 v _364_/B (sky130_fd_sc_hd__or2_4)
     1    0.001946    0.041589    0.214998    2.654532 v _364_/X (sky130_fd_sc_hd__or2_4)
                                                         _065_ (net)
                      0.041589    0.000040    2.654572 v _366_/C (sky130_fd_sc_hd__and3b_1)
     3    0.007390    0.056785    0.194188    2.848759 v _366_/X (sky130_fd_sc_hd__and3b_1)
                                                         _067_ (net)
                      0.056785    0.000148    2.848907 v _395_/A1 (sky130_fd_sc_hd__o211a_1)
     2    0.011903    0.077618    0.266339    3.115246 v _395_/X (sky130_fd_sc_hd__o211a_1)
                                                         _095_ (net)
                      0.077620    0.000456    3.115702 v _398_/A1 (sky130_fd_sc_hd__o31ai_4)
     4    0.009082    0.208350    0.276426    3.392127 ^ _398_/Y (sky130_fd_sc_hd__o31ai_4)
                                                         _098_ (net)
                      0.208350    0.000248    3.392375 ^ _400_/C_N (sky130_fd_sc_hd__or4bb_4)
     3    0.006835    0.089157    0.564736    3.957112 v _400_/X (sky130_fd_sc_hd__or4bb_4)
                                                         _100_ (net)
                      0.089157    0.000202    3.957314 v _402_/C (sky130_fd_sc_hd__and3_1)
     2    0.008454    0.060956    0.221797    4.179111 v _402_/X (sky130_fd_sc_hd__and3_1)
                                                         _102_ (net)
                      0.060956    0.000238    4.179348 v _404_/C1 (sky130_fd_sc_hd__a211oi_2)
     3    0.008251    0.222120    0.201305    4.380653 ^ _404_/Y (sky130_fd_sc_hd__a211oi_2)
                                                         _104_ (net)
                      0.222120    0.000274    4.380927 ^ _445_/B_N (sky130_fd_sc_hd__and4bb_1)
     2    0.008925    0.066307    0.272583    4.653510 v _445_/X (sky130_fd_sc_hd__and4bb_1)
                                                         _143_ (net)
                      0.066307    0.000238    4.653748 v _446_/B2 (sky130_fd_sc_hd__a221o_1)
     1    0.004969    0.062719    0.335120    4.988868 v _446_/X (sky130_fd_sc_hd__a221o_1)
                                                         _144_ (net)
                      0.062719    0.000168    4.989037 v _447_/B1 (sky130_fd_sc_hd__a31o_4)
     3    0.015879    0.050721    0.229829    5.218865 v _447_/X (sky130_fd_sc_hd__a31o_4)
                                                         _145_ (net)
                      0.050721    0.000766    5.219631 v _458_/A2 (sky130_fd_sc_hd__o211a_4)
     3    0.013868    0.051192    0.244392    5.464023 v _458_/X (sky130_fd_sc_hd__o211a_4)
                                                         _155_ (net)
                      0.051192    0.000164    5.464188 v _459_/B (sky130_fd_sc_hd__nor2_1)
     1    0.006846    0.141430    0.133647    5.597835 ^ _459_/Y (sky130_fd_sc_hd__nor2_1)
                                                         net21 (net)
                      0.141431    0.000353    5.598188 ^ output21/A (sky130_fd_sc_hd__buf_4)
     1    0.034851    0.104337    0.190189    5.788377 ^ output21/X (sky130_fd_sc_hd__buf_4)
                                                         P[13] (net)
                      0.104346    0.001017    5.789394 ^ P[13] (out)
                                              5.789394   data arrival time

                      0.000000   10.000000   10.000000   clock __VIRTUAL_CLK__ (rise edge)
                                  0.000000   10.000000   clock network delay (ideal)
                                 -0.250000    9.750000   clock uncertainty
                                  0.000000    9.750000   clock reconvergence pessimism
                                 -2.000000    7.750000   output external delay
                                              7.750000   data required time
---------------------------------------------------------------------------------------------
                                              7.750000   data required time
                                             -5.789394   data arrival time
---------------------------------------------------------------------------------------------
                                              1.960606   slack (MET)


Startpoint: B[1] (input port clocked by __VIRTUAL_CLK__)
Endpoint: P[15] (output port clocked by __VIRTUAL_CLK__)
Path Group: __VIRTUAL_CLK__
Path Type: max

Fanout         Cap        Slew       Delay        Time   Description
---------------------------------------------------------------------------------------------
                      0.000000    0.000000    0.000000   clock __VIRTUAL_CLK__ (rise edge)
                                  0.000000    0.000000   clock network delay (ideal)
                                  2.000000    2.000000 v input external delay
     1    0.005664    0.015061    0.009206    2.009206 v B[1] (in)
                                                         B[1] (net)
                      0.015063    0.000000    2.009206 v input10/A (sky130_fd_sc_hd__buf_6)
     3    0.019859    0.033406    0.112705    2.121911 v input10/X (sky130_fd_sc_hd__buf_6)
                                                         net10 (net)
                      0.033419    0.000836    2.122747 v fanout47/A (sky130_fd_sc_hd__buf_8)
     5    0.029071    0.036446    0.124589    2.247337 v fanout47/X (sky130_fd_sc_hd__buf_8)
                                                         net47 (net)
                      0.036564    0.001792    2.249129 v _260_/C (sky130_fd_sc_hd__and4_1)
     2    0.005019    0.047574    0.190245    2.439374 v _260_/X (sky130_fd_sc_hd__and4_1)
                                                         _193_ (net)
                      0.047574    0.000159    2.439533 v _364_/B (sky130_fd_sc_hd__or2_4)
     1    0.001946    0.041589    0.214998    2.654532 v _364_/X (sky130_fd_sc_hd__or2_4)
                                                         _065_ (net)
                      0.041589    0.000040    2.654572 v _366_/C (sky130_fd_sc_hd__and3b_1)
     3    0.007390    0.056785    0.194188    2.848759 v _366_/X (sky130_fd_sc_hd__and3b_1)
                                                         _067_ (net)
                      0.056785    0.000148    2.848907 v _395_/A1 (sky130_fd_sc_hd__o211a_1)
     2    0.011903    0.077618    0.266339    3.115246 v _395_/X (sky130_fd_sc_hd__o211a_1)
                                                         _095_ (net)
                      0.077620    0.000456    3.115702 v _398_/A1 (sky130_fd_sc_hd__o31ai_4)
     4    0.009082    0.208350    0.276426    3.392127 ^ _398_/Y (sky130_fd_sc_hd__o31ai_4)
                                                         _098_ (net)
                      0.208350    0.000248    3.392375 ^ _400_/C_N (sky130_fd_sc_hd__or4bb_4)
     3    0.006835    0.089157    0.564736    3.957112 v _400_/X (sky130_fd_sc_hd__or4bb_4)
                                                         _100_ (net)
                      0.089157    0.000202    3.957314 v _402_/C (sky130_fd_sc_hd__and3_1)
     2    0.008454    0.060956    0.221797    4.179111 v _402_/X (sky130_fd_sc_hd__and3_1)
                                                         _102_ (net)
                      0.060956    0.000238    4.179348 v _404_/C1 (sky130_fd_sc_hd__a211oi_2)
     3    0.008251    0.222120    0.201305    4.380653 ^ _404_/Y (sky130_fd_sc_hd__a211oi_2)
                                                         _104_ (net)
                      0.222120    0.000274    4.380927 ^ _445_/B_N (sky130_fd_sc_hd__and4bb_1)
     2    0.008925    0.066307    0.272583    4.653510 v _445_/X (sky130_fd_sc_hd__and4bb_1)
                                                         _143_ (net)
                      0.066307    0.000238    4.653748 v _446_/B2 (sky130_fd_sc_hd__a221o_1)
     1    0.004969    0.062719    0.335120    4.988868 v _446_/X (sky130_fd_sc_hd__a221o_1)
                                                         _144_ (net)
                      0.062719    0.000168    4.989037 v _447_/B1 (sky130_fd_sc_hd__a31o_4)
     3    0.015879    0.050721    0.229829    5.218865 v _447_/X (sky130_fd_sc_hd__a31o_4)
                                                         _145_ (net)
                      0.050721    0.000766    5.219631 v _458_/A2 (sky130_fd_sc_hd__o211a_4)
     3    0.013868    0.051192    0.244392    5.464023 v _458_/X (sky130_fd_sc_hd__o211a_4)
                                                         _155_ (net)
                      0.051196    0.000516    5.464539 v _466_/A1 (sky130_fd_sc_hd__a21o_1)
     1    0.004965    0.042180    0.162993    5.627532 v _466_/X (sky130_fd_sc_hd__a21o_1)
                                                         net23 (net)
                      0.042180    0.000115    5.627647 v output23/A (sky130_fd_sc_hd__buf_6)
     1    0.034836    0.044124    0.135580    5.763228 v output23/X (sky130_fd_sc_hd__buf_6)
                                                         P[15] (net)
                      0.044149    0.000965    5.764193 v P[15] (out)
                                              5.764193   data arrival time

                      0.000000   10.000000   10.000000   clock __VIRTUAL_CLK__ (rise edge)
                                  0.000000   10.000000   clock network delay (ideal)
                                 -0.250000    9.750000   clock uncertainty
                                  0.000000    9.750000   clock reconvergence pessimism
                                 -2.000000    7.750000   output external delay
                                              7.750000   data required time
---------------------------------------------------------------------------------------------
                                              7.750000   data required time
                                             -5.764193   data arrival time
---------------------------------------------------------------------------------------------
                                              1.985807   slack (MET)


Startpoint: B[1] (input port clocked by __VIRTUAL_CLK__)
Endpoint: P[12] (output port clocked by __VIRTUAL_CLK__)
Path Group: __VIRTUAL_CLK__
Path Type: max

Fanout         Cap        Slew       Delay        Time   Description
---------------------------------------------------------------------------------------------
                      0.000000    0.000000    0.000000   clock __VIRTUAL_CLK__ (rise edge)
                                  0.000000    0.000000   clock network delay (ideal)
                                  2.000000    2.000000 v input external delay
     1    0.005664    0.015061    0.009206    2.009206 v B[1] (in)
                                                         B[1] (net)
                      0.015063    0.000000    2.009206 v input10/A (sky130_fd_sc_hd__buf_6)
     3    0.019859    0.033406    0.112705    2.121911 v input10/X (sky130_fd_sc_hd__buf_6)
                                                         net10 (net)
                      0.033419    0.000836    2.122747 v fanout47/A (sky130_fd_sc_hd__buf_8)
     5    0.029071    0.036446    0.124589    2.247337 v fanout47/X (sky130_fd_sc_hd__buf_8)
                                                         net47 (net)
                      0.036564    0.001792    2.249129 v _260_/C (sky130_fd_sc_hd__and4_1)
     2    0.005019    0.047574    0.190245    2.439374 v _260_/X (sky130_fd_sc_hd__and4_1)
                                                         _193_ (net)
                      0.047574    0.000159    2.439533 v _364_/B (sky130_fd_sc_hd__or2_4)
     1    0.001946    0.041589    0.214998    2.654532 v _364_/X (sky130_fd_sc_hd__or2_4)
                                                         _065_ (net)
                      0.041589    0.000040    2.654572 v _366_/C (sky130_fd_sc_hd__and3b_1)
     3    0.007390    0.056785    0.194188    2.848759 v _366_/X (sky130_fd_sc_hd__and3b_1)
                                                         _067_ (net)
                      0.056785    0.000148    2.848907 v _395_/A1 (sky130_fd_sc_hd__o211a_1)
     2    0.011903    0.077618    0.266339    3.115246 v _395_/X (sky130_fd_sc_hd__o211a_1)
                                                         _095_ (net)
                      0.077620    0.000456    3.115702 v _398_/A1 (sky130_fd_sc_hd__o31ai_4)
     4    0.009082    0.208350    0.276426    3.392127 ^ _398_/Y (sky130_fd_sc_hd__o31ai_4)
                                                         _098_ (net)
                      0.208350    0.000248    3.392375 ^ _400_/C_N (sky130_fd_sc_hd__or4bb_4)
     3    0.006835    0.089157    0.564736    3.957112 v _400_/X (sky130_fd_sc_hd__or4bb_4)
                                                         _100_ (net)
                      0.089157    0.000202    3.957314 v _402_/C (sky130_fd_sc_hd__and3_1)
     2    0.008454    0.060956    0.221797    4.179111 v _402_/X (sky130_fd_sc_hd__and3_1)
                                                         _102_ (net)
                      0.060956    0.000238    4.179348 v _404_/C1 (sky130_fd_sc_hd__a211oi_2)
     3    0.008251    0.222120    0.201305    4.380653 ^ _404_/Y (sky130_fd_sc_hd__a211oi_2)
                                                         _104_ (net)
                      0.222120    0.000274    4.380927 ^ _445_/B_N (sky130_fd_sc_hd__and4bb_1)
     2    0.008925    0.066307    0.272583    4.653510 v _445_/X (sky130_fd_sc_hd__and4bb_1)
                                                         _143_ (net)
                      0.066307    0.000238    4.653748 v _446_/B2 (sky130_fd_sc_hd__a221o_1)
     1    0.004969    0.062719    0.335120    4.988868 v _446_/X (sky130_fd_sc_hd__a221o_1)
                                                         _144_ (net)
                      0.062719    0.000168    4.989037 v _447_/B1 (sky130_fd_sc_hd__a31o_4)
     3    0.015879    0.050721    0.229829    5.218865 v _447_/X (sky130_fd_sc_hd__a31o_4)
                                                         _145_ (net)
                      0.050721    0.000833    5.219698 v _448_/B (sky130_fd_sc_hd__xnor2_1)
     1    0.007133    0.199213    0.194014    5.413713 ^ _448_/Y (sky130_fd_sc_hd__xnor2_1)
                                                         net20 (net)
                      0.199214    0.000374    5.414087 ^ output20/A (sky130_fd_sc_hd__buf_4)
     1    0.035438    0.106496    0.206912    5.620999 ^ output20/X (sky130_fd_sc_hd__buf_4)
                                                         P[12] (net)
                      0.106510    0.001245    5.622244 ^ P[12] (out)
                                              5.622244   data arrival time

                      0.000000   10.000000   10.000000   clock __VIRTUAL_CLK__ (rise edge)
                                  0.000000   10.000000   clock network delay (ideal)
                                 -0.250000    9.750000   clock uncertainty
                                  0.000000    9.750000   clock reconvergence pessimism
                                 -2.000000    7.750000   output external delay
                                              7.750000   data required time
---------------------------------------------------------------------------------------------
                                              7.750000   data required time
                                             -5.622244   data arrival time
---------------------------------------------------------------------------------------------
                                              2.127756   slack (MET)


Startpoint: A[2] (input port clocked by __VIRTUAL_CLK__)
Endpoint: P[11] (output port clocked by __VIRTUAL_CLK__)
Path Group: __VIRTUAL_CLK__
Path Type: max

Fanout         Cap        Slew       Delay        Time   Description
---------------------------------------------------------------------------------------------
                      0.000000    0.000000    0.000000   clock __VIRTUAL_CLK__ (rise edge)
                                  0.000000    0.000000   clock network delay (ideal)
                                  2.000000    2.000000 ^ input external delay
     1    0.003664    0.023478    0.013357    2.013357 ^ A[2] (in)
                                                         A[2] (net)
                      0.023486    0.000000    2.013357 ^ input3/A (sky130_fd_sc_hd__clkbuf_2)
     1    0.007689    0.051862    0.102055    2.115412 ^ input3/X (sky130_fd_sc_hd__clkbuf_2)
                                                         net3 (net)
                      0.051864    0.000372    2.115784 ^ fanout39/A (sky130_fd_sc_hd__buf_6)
     3    0.016382    0.044283    0.102524    2.218308 ^ fanout39/X (sky130_fd_sc_hd__buf_6)
                                                         net39 (net)
                      0.044283    0.000187    2.218495 ^ rebuffer22/A (sky130_fd_sc_hd__dlygate4sd1_1)
     3    0.011578    0.119127    0.246802    2.465297 ^ rebuffer22/X (sky130_fd_sc_hd__dlygate4sd1_1)
                                                         net71 (net)
                      0.119127    0.000423    2.465720 ^ _234_/A (sky130_fd_sc_hd__nand4_2)
     4    0.015686    0.146606    0.146622    2.612342 v _234_/Y (sky130_fd_sc_hd__nand4_2)
                                                         _168_ (net)
                      0.146608    0.000402    2.612744 v _273_/S (sky130_fd_sc_hd__mux2_4)
     2    0.012102    0.062476    0.351965    2.964710 v _273_/X (sky130_fd_sc_hd__mux2_4)
                                                         _206_ (net)
                      0.062476    0.000429    2.965139 v _275_/A (sky130_fd_sc_hd__xor2_2)
     2    0.011739    0.074562    0.194443    3.159582 v _275_/X (sky130_fd_sc_hd__xor2_2)
                                                         _208_ (net)
                      0.074563    0.000283    3.159865 v _278_/B (sky130_fd_sc_hd__xnor2_2)
     2    0.009707    0.069650    0.155599    3.315464 v _278_/Y (sky130_fd_sc_hd__xnor2_2)
                                                         _211_ (net)
                      0.069650    0.000159    3.315624 v _280_/A2 (sky130_fd_sc_hd__o311a_4)
     2    0.023846    0.079311    0.398339    3.713962 v _280_/X (sky130_fd_sc_hd__o311a_4)
                                                         _213_ (net)
                      0.079316    0.001292    3.715254 v _284_/A (sky130_fd_sc_hd__xnor2_4)
     2    0.015866    0.080238    0.168155    3.883410 v _284_/Y (sky130_fd_sc_hd__xnor2_4)
                                                         _217_ (net)
                      0.080244    0.000748    3.884158 v _285_/A (sky130_fd_sc_hd__xor2_2)
     2    0.013218    0.108841    0.204992    4.089149 v _285_/X (sky130_fd_sc_hd__xor2_2)
                                                         _218_ (net)
                      0.108841    0.000205    4.089354 v _299_/B1 (sky130_fd_sc_hd__a22o_4)
     3    0.018509    0.057962    0.262641    4.351995 v _299_/X (sky130_fd_sc_hd__a22o_4)
                                                         _002_ (net)
                      0.057962    0.000791    4.352787 v _321_/A (sky130_fd_sc_hd__xor2_2)
     2    0.012022    0.100837    0.193361    4.546148 v _321_/X (sky130_fd_sc_hd__xor2_2)
                                                         _024_ (net)
                      0.100837    0.000243    4.546391 v _352_/A3 (sky130_fd_sc_hd__a32o_2)
     4    0.020908    0.080459    0.330935    4.877326 v _352_/X (sky130_fd_sc_hd__a32o_2)
                                                         _054_ (net)
                      0.080489    0.001468    4.878794 v _409_/A2 (sky130_fd_sc_hd__a21o_1)
     2    0.005803    0.045726    0.199894    5.078688 v _409_/X (sky130_fd_sc_hd__a21o_1)
                                                         _109_ (net)
                      0.045726    0.000185    5.078873 v _429_/A1 (sky130_fd_sc_hd__a21o_1)
     1    0.009429    0.060284    0.180938    5.259811 v _429_/X (sky130_fd_sc_hd__a21o_1)
                                                         _128_ (net)
                      0.060284    0.000353    5.260164 v _430_/A (sky130_fd_sc_hd__xnor2_2)
     1    0.008459    0.160594    0.187641    5.447805 ^ _430_/Y (sky130_fd_sc_hd__xnor2_2)
                                                         net19 (net)
                      0.160595    0.000449    5.448254 ^ output19/A (sky130_fd_sc_hd__buf_6)
     1    0.035421    0.079521    0.160556    5.608809 ^ output19/X (sky130_fd_sc_hd__buf_6)
                                                         P[11] (net)
                      0.079542    0.001233    5.610043 ^ P[11] (out)
                                              5.610043   data arrival time

                      0.000000   10.000000   10.000000   clock __VIRTUAL_CLK__ (rise edge)
                                  0.000000   10.000000   clock network delay (ideal)
                                 -0.250000    9.750000   clock uncertainty
                                  0.000000    9.750000   clock reconvergence pessimism
                                 -2.000000    7.750000   output external delay
                                              7.750000   data required time
---------------------------------------------------------------------------------------------
                                              7.750000   data required time
                                             -5.610043   data arrival time
---------------------------------------------------------------------------------------------
                                              2.139957   slack (MET)


Startpoint: A[2] (input port clocked by __VIRTUAL_CLK__)
Endpoint: P[10] (output port clocked by __VIRTUAL_CLK__)
Path Group: __VIRTUAL_CLK__
Path Type: max

Fanout         Cap        Slew       Delay        Time   Description
---------------------------------------------------------------------------------------------
                      0.000000    0.000000    0.000000   clock __VIRTUAL_CLK__ (rise edge)
                                  0.000000    0.000000   clock network delay (ideal)
                                  2.000000    2.000000 ^ input external delay
     1    0.003664    0.023478    0.013357    2.013357 ^ A[2] (in)
                                                         A[2] (net)
                      0.023486    0.000000    2.013357 ^ input3/A (sky130_fd_sc_hd__clkbuf_2)
     1    0.007689    0.051862    0.102055    2.115412 ^ input3/X (sky130_fd_sc_hd__clkbuf_2)
                                                         net3 (net)
                      0.051864    0.000372    2.115784 ^ fanout39/A (sky130_fd_sc_hd__buf_6)
     3    0.016382    0.044283    0.102524    2.218308 ^ fanout39/X (sky130_fd_sc_hd__buf_6)
                                                         net39 (net)
                      0.044283    0.000187    2.218495 ^ rebuffer22/A (sky130_fd_sc_hd__dlygate4sd1_1)
     3    0.011578    0.119127    0.246802    2.465297 ^ rebuffer22/X (sky130_fd_sc_hd__dlygate4sd1_1)
                                                         net71 (net)
                      0.119127    0.000423    2.465720 ^ _234_/A (sky130_fd_sc_hd__nand4_2)
     4    0.015686    0.146606    0.146622    2.612342 v _234_/Y (sky130_fd_sc_hd__nand4_2)
                                                         _168_ (net)
                      0.146608    0.000402    2.612744 v _273_/S (sky130_fd_sc_hd__mux2_4)
     2    0.012102    0.062476    0.351965    2.964710 v _273_/X (sky130_fd_sc_hd__mux2_4)
                                                         _206_ (net)
                      0.062476    0.000429    2.965139 v _275_/A (sky130_fd_sc_hd__xor2_2)
     2    0.011739    0.074562    0.194443    3.159582 v _275_/X (sky130_fd_sc_hd__xor2_2)
                                                         _208_ (net)
                      0.074563    0.000283    3.159865 v _278_/B (sky130_fd_sc_hd__xnor2_2)
     2    0.009707    0.069650    0.155599    3.315464 v _278_/Y (sky130_fd_sc_hd__xnor2_2)
                                                         _211_ (net)
                      0.069650    0.000159    3.315624 v _280_/A2 (sky130_fd_sc_hd__o311a_4)
     2    0.023846    0.079311    0.398339    3.713962 v _280_/X (sky130_fd_sc_hd__o311a_4)
                                                         _213_ (net)
                      0.079311    0.001028    3.714990 v _316_/A1 (sky130_fd_sc_hd__o21bai_2)
     2    0.015470    0.209796    0.229725    3.944715 ^ _316_/Y (sky130_fd_sc_hd__o21bai_2)
                                                         _019_ (net)
                      0.209803    0.000975    3.945690 ^ _318_/B (sky130_fd_sc_hd__xnor2_2)
     2    0.013729    0.218368    0.169775    4.115466 ^ _318_/Y (sky130_fd_sc_hd__xnor2_2)
                                                         _021_ (net)
                      0.218368    0.000336    4.115801 ^ _319_/A (sky130_fd_sc_hd__xor2_2)
     3    0.018813    0.259570    0.269671    4.385472 ^ _319_/X (sky130_fd_sc_hd__xor2_2)
                                                         _022_ (net)
                      0.259572    0.000628    4.386100 ^ _321_/B (sky130_fd_sc_hd__xor2_2)
     2    0.012974    0.196671    0.229949    4.616049 ^ _321_/X (sky130_fd_sc_hd__xor2_2)
                                                         _024_ (net)
                      0.196671    0.000263    4.616313 ^ _352_/A3 (sky130_fd_sc_hd__a32o_2)
     4    0.021846    0.143033    0.279889    4.896202 ^ _352_/X (sky130_fd_sc_hd__a32o_2)
                                                         _054_ (net)
                      0.143048    0.001545    4.897747 ^ _409_/A2 (sky130_fd_sc_hd__a21o_1)
     2    0.006137    0.065202    0.151481    5.049227 ^ _409_/X (sky130_fd_sc_hd__a21o_1)
                                                         _109_ (net)
                      0.065202    0.000174    5.049401 ^ rebuffer34/A (sky130_fd_sc_hd__buf_1)
     1    0.009315    0.117009    0.138552    5.187953 ^ rebuffer34/X (sky130_fd_sc_hd__buf_1)
                                                         net83 (net)
                      0.117009    0.000249    5.188202 ^ _410_/B (sky130_fd_sc_hd__xor2_2)
     1    0.008893    0.153845    0.181189    5.369391 ^ _410_/X (sky130_fd_sc_hd__xor2_2)
                                                         net18 (net)
                      0.153846    0.000490    5.369881 ^ output18/A (sky130_fd_sc_hd__buf_6)
     1    0.035571    0.079713    0.159285    5.529165 ^ output18/X (sky130_fd_sc_hd__buf_6)
                                                         P[10] (net)
                      0.079736    0.001293    5.530458 ^ P[10] (out)
                                              5.530458   data arrival time

                      0.000000   10.000000   10.000000   clock __VIRTUAL_CLK__ (rise edge)
                                  0.000000   10.000000   clock network delay (ideal)
                                 -0.250000    9.750000   clock uncertainty
                                  0.000000    9.750000   clock reconvergence pessimism
                                 -2.000000    7.750000   output external delay
                                              7.750000   data required time
---------------------------------------------------------------------------------------------
                                              7.750000   data required time
                                             -5.530458   data arrival time
---------------------------------------------------------------------------------------------
                                              2.219542   slack (MET)


Startpoint: A[2] (input port clocked by __VIRTUAL_CLK__)
Endpoint: P[9] (output port clocked by __VIRTUAL_CLK__)
Path Group: __VIRTUAL_CLK__
Path Type: max

Fanout         Cap        Slew       Delay        Time   Description
---------------------------------------------------------------------------------------------
                      0.000000    0.000000    0.000000   clock __VIRTUAL_CLK__ (rise edge)
                                  0.000000    0.000000   clock network delay (ideal)
                                  2.000000    2.000000 ^ input external delay
     1    0.003664    0.023478    0.013357    2.013357 ^ A[2] (in)
                                                         A[2] (net)
                      0.023486    0.000000    2.013357 ^ input3/A (sky130_fd_sc_hd__clkbuf_2)
     1    0.007689    0.051862    0.102055    2.115412 ^ input3/X (sky130_fd_sc_hd__clkbuf_2)
                                                         net3 (net)
                      0.051864    0.000372    2.115784 ^ fanout39/A (sky130_fd_sc_hd__buf_6)
     3    0.016382    0.044283    0.102524    2.218308 ^ fanout39/X (sky130_fd_sc_hd__buf_6)
                                                         net39 (net)
                      0.044283    0.000187    2.218495 ^ rebuffer22/A (sky130_fd_sc_hd__dlygate4sd1_1)
     3    0.011578    0.119127    0.246802    2.465297 ^ rebuffer22/X (sky130_fd_sc_hd__dlygate4sd1_1)
                                                         net71 (net)
                      0.119127    0.000423    2.465720 ^ _234_/A (sky130_fd_sc_hd__nand4_2)
     4    0.015686    0.146606    0.146622    2.612342 v _234_/Y (sky130_fd_sc_hd__nand4_2)
                                                         _168_ (net)
                      0.146608    0.000402    2.612744 v _273_/S (sky130_fd_sc_hd__mux2_4)
     2    0.012102    0.062476    0.351965    2.964710 v _273_/X (sky130_fd_sc_hd__mux2_4)
                                                         _206_ (net)
                      0.062476    0.000429    2.965139 v _275_/A (sky130_fd_sc_hd__xor2_2)
     2    0.011739    0.074562    0.194443    3.159582 v _275_/X (sky130_fd_sc_hd__xor2_2)
                                                         _208_ (net)
                      0.074563    0.000283    3.159865 v _278_/B (sky130_fd_sc_hd__xnor2_2)
     2    0.009707    0.069650    0.155599    3.315464 v _278_/Y (sky130_fd_sc_hd__xnor2_2)
                                                         _211_ (net)
                      0.069650    0.000159    3.315624 v _280_/A2 (sky130_fd_sc_hd__o311a_4)
     2    0.023846    0.079311    0.398339    3.713962 v _280_/X (sky130_fd_sc_hd__o311a_4)
                                                         _213_ (net)
                      0.079316    0.001292    3.715254 v _284_/A (sky130_fd_sc_hd__xnor2_4)
     2    0.015866    0.080238    0.168155    3.883410 v _284_/Y (sky130_fd_sc_hd__xnor2_4)
                                                         _217_ (net)
                      0.080244    0.000748    3.884158 v _285_/A (sky130_fd_sc_hd__xor2_2)
     2    0.013218    0.108841    0.204992    4.089149 v _285_/X (sky130_fd_sc_hd__xor2_2)
                                                         _218_ (net)
                      0.108841    0.000205    4.089354 v _299_/B1 (sky130_fd_sc_hd__a22o_4)
     3    0.018509    0.057962    0.262641    4.351995 v _299_/X (sky130_fd_sc_hd__a22o_4)
                                                         _002_ (net)
                      0.057962    0.000791    4.352787 v _321_/A (sky130_fd_sc_hd__xor2_2)
     2    0.012022    0.100837    0.193361    4.546148 v _321_/X (sky130_fd_sc_hd__xor2_2)
                                                         _024_ (net)
                      0.100837    0.000243    4.546391 v _352_/A3 (sky130_fd_sc_hd__a32o_2)
     4    0.020908    0.080459    0.330935    4.877326 v _352_/X (sky130_fd_sc_hd__a32o_2)
                                                         _054_ (net)
                      0.080476    0.001162    4.878489 v _354_/A2 (sky130_fd_sc_hd__a21o_1)
     1    0.009255    0.059731    0.215964    5.094452 v _354_/X (sky130_fd_sc_hd__a21o_1)
                                                         _055_ (net)
                      0.059732    0.000351    5.094803 v _380_/B (sky130_fd_sc_hd__xnor2_2)
     1    0.010243    0.179857    0.176264    5.271067 ^ _380_/Y (sky130_fd_sc_hd__xnor2_2)
                                                         net32 (net)
                      0.179859    0.000651    5.271718 ^ output32/A (sky130_fd_sc_hd__buf_6)
     1    0.035156    0.079270    0.164357    5.436075 ^ output32/X (sky130_fd_sc_hd__buf_6)
                                                         P[9] (net)
                      0.079287    0.001140    5.437215 ^ P[9] (out)
                                              5.437215   data arrival time

                      0.000000   10.000000   10.000000   clock __VIRTUAL_CLK__ (rise edge)
                                  0.000000   10.000000   clock network delay (ideal)
                                 -0.250000    9.750000   clock uncertainty
                                  0.000000    9.750000   clock reconvergence pessimism
                                 -2.000000    7.750000   output external delay
                                              7.750000   data required time
---------------------------------------------------------------------------------------------
                                              7.750000   data required time
                                             -5.437215   data arrival time
---------------------------------------------------------------------------------------------
                                              2.312785   slack (MET)


Startpoint: A[2] (input port clocked by __VIRTUAL_CLK__)
Endpoint: P[8] (output port clocked by __VIRTUAL_CLK__)
Path Group: __VIRTUAL_CLK__
Path Type: max

Fanout         Cap        Slew       Delay        Time   Description
---------------------------------------------------------------------------------------------
                      0.000000    0.000000    0.000000   clock __VIRTUAL_CLK__ (rise edge)
                                  0.000000    0.000000   clock network delay (ideal)
                                  2.000000    2.000000 ^ input external delay
     1    0.003664    0.023478    0.013357    2.013357 ^ A[2] (in)
                                                         A[2] (net)
                      0.023486    0.000000    2.013357 ^ input3/A (sky130_fd_sc_hd__clkbuf_2)
     1    0.007689    0.051862    0.102055    2.115412 ^ input3/X (sky130_fd_sc_hd__clkbuf_2)
                                                         net3 (net)
                      0.051864    0.000372    2.115784 ^ fanout39/A (sky130_fd_sc_hd__buf_6)
     3    0.016382    0.044283    0.102524    2.218308 ^ fanout39/X (sky130_fd_sc_hd__buf_6)
                                                         net39 (net)
                      0.044283    0.000187    2.218495 ^ rebuffer22/A (sky130_fd_sc_hd__dlygate4sd1_1)
     3    0.011578    0.119127    0.246802    2.465297 ^ rebuffer22/X (sky130_fd_sc_hd__dlygate4sd1_1)
                                                         net71 (net)
                      0.119127    0.000423    2.465720 ^ _234_/A (sky130_fd_sc_hd__nand4_2)
     4    0.015686    0.146606    0.146622    2.612342 v _234_/Y (sky130_fd_sc_hd__nand4_2)
                                                         _168_ (net)
                      0.146608    0.000402    2.612744 v _273_/S (sky130_fd_sc_hd__mux2_4)
     2    0.012102    0.062476    0.351965    2.964710 v _273_/X (sky130_fd_sc_hd__mux2_4)
                                                         _206_ (net)
                      0.062476    0.000429    2.965139 v _275_/A (sky130_fd_sc_hd__xor2_2)
     2    0.011739    0.074562    0.194443    3.159582 v _275_/X (sky130_fd_sc_hd__xor2_2)
                                                         _208_ (net)
                      0.074563    0.000283    3.159865 v _278_/B (sky130_fd_sc_hd__xnor2_2)
     2    0.009707    0.069650    0.155599    3.315464 v _278_/Y (sky130_fd_sc_hd__xnor2_2)
                                                         _211_ (net)
                      0.069650    0.000159    3.315624 v _280_/A2 (sky130_fd_sc_hd__o311a_4)
     2    0.023846    0.079311    0.398339    3.713962 v _280_/X (sky130_fd_sc_hd__o311a_4)
                                                         _213_ (net)
                      0.079316    0.001292    3.715254 v _284_/A (sky130_fd_sc_hd__xnor2_4)
     2    0.015866    0.080238    0.168155    3.883410 v _284_/Y (sky130_fd_sc_hd__xnor2_4)
                                                         _217_ (net)
                      0.080244    0.000748    3.884158 v _285_/A (sky130_fd_sc_hd__xor2_2)
     2    0.013218    0.108841    0.204992    4.089149 v _285_/X (sky130_fd_sc_hd__xor2_2)
                                                         _218_ (net)
                      0.108841    0.000205    4.089354 v _299_/B1 (sky130_fd_sc_hd__a22o_4)
     3    0.018509    0.057962    0.262641    4.351995 v _299_/X (sky130_fd_sc_hd__a22o_4)
                                                         _002_ (net)
                      0.057962    0.000791    4.352787 v _321_/A (sky130_fd_sc_hd__xor2_2)
     2    0.012022    0.100837    0.193361    4.546148 v _321_/X (sky130_fd_sc_hd__xor2_2)
                                                         _024_ (net)
                      0.100837    0.000243    4.546391 v _352_/A3 (sky130_fd_sc_hd__a32o_2)
     4    0.020908    0.080459    0.330935    4.877326 v _352_/X (sky130_fd_sc_hd__a32o_2)
                                                         _054_ (net)
                      0.080483    0.001341    4.878667 v _353_/B (sky130_fd_sc_hd__xnor2_1)
     1    0.006946    0.195744    0.202958    5.081625 ^ _353_/Y (sky130_fd_sc_hd__xnor2_1)
                                                         net31 (net)
                      0.195744    0.000362    5.081987 ^ output31/A (sky130_fd_sc_hd__buf_4)
     1    0.034907    0.105068    0.205085    5.287073 ^ output31/X (sky130_fd_sc_hd__buf_4)
                                                         P[8] (net)
                      0.105077    0.001037    5.288110 ^ P[8] (out)
                                              5.288110   data arrival time

                      0.000000   10.000000   10.000000   clock __VIRTUAL_CLK__ (rise edge)
                                  0.000000   10.000000   clock network delay (ideal)
                                 -0.250000    9.750000   clock uncertainty
                                  0.000000    9.750000   clock reconvergence pessimism
                                 -2.000000    7.750000   output external delay
                                              7.750000   data required time
---------------------------------------------------------------------------------------------
                                              7.750000   data required time
                                             -5.288110   data arrival time
---------------------------------------------------------------------------------------------
                                              2.461890   slack (MET)


Startpoint: A[2] (input port clocked by __VIRTUAL_CLK__)
Endpoint: P[7] (output port clocked by __VIRTUAL_CLK__)
Path Group: __VIRTUAL_CLK__
Path Type: max

Fanout         Cap        Slew       Delay        Time   Description
---------------------------------------------------------------------------------------------
                      0.000000    0.000000    0.000000   clock __VIRTUAL_CLK__ (rise edge)
                                  0.000000    0.000000   clock network delay (ideal)
                                  2.000000    2.000000 ^ input external delay
     1    0.003664    0.023478    0.013357    2.013357 ^ A[2] (in)
                                                         A[2] (net)
                      0.023486    0.000000    2.013357 ^ input3/A (sky130_fd_sc_hd__clkbuf_2)
     1    0.007689    0.051862    0.102055    2.115412 ^ input3/X (sky130_fd_sc_hd__clkbuf_2)
                                                         net3 (net)
                      0.051864    0.000372    2.115784 ^ fanout39/A (sky130_fd_sc_hd__buf_6)
     3    0.016382    0.044283    0.102524    2.218308 ^ fanout39/X (sky130_fd_sc_hd__buf_6)
                                                         net39 (net)
                      0.044283    0.000187    2.218495 ^ rebuffer22/A (sky130_fd_sc_hd__dlygate4sd1_1)
     3    0.011578    0.119127    0.246802    2.465297 ^ rebuffer22/X (sky130_fd_sc_hd__dlygate4sd1_1)
                                                         net71 (net)
                      0.119127    0.000423    2.465720 ^ _234_/A (sky130_fd_sc_hd__nand4_2)
     4    0.015686    0.146606    0.146622    2.612342 v _234_/Y (sky130_fd_sc_hd__nand4_2)
                                                         _168_ (net)
                      0.146608    0.000402    2.612744 v _273_/S (sky130_fd_sc_hd__mux2_4)
     2    0.012102    0.062476    0.351965    2.964710 v _273_/X (sky130_fd_sc_hd__mux2_4)
                                                         _206_ (net)
                      0.062476    0.000429    2.965139 v _275_/A (sky130_fd_sc_hd__xor2_2)
     2    0.011739    0.074562    0.194443    3.159582 v _275_/X (sky130_fd_sc_hd__xor2_2)
                                                         _208_ (net)
                      0.074563    0.000283    3.159865 v _278_/B (sky130_fd_sc_hd__xnor2_2)
     2    0.009707    0.069650    0.155599    3.315464 v _278_/Y (sky130_fd_sc_hd__xnor2_2)
                                                         _211_ (net)
                      0.069650    0.000159    3.315624 v _280_/A2 (sky130_fd_sc_hd__o311a_4)
     2    0.023846    0.079311    0.398339    3.713962 v _280_/X (sky130_fd_sc_hd__o311a_4)
                                                         _213_ (net)
                      0.079316    0.001292    3.715254 v _284_/A (sky130_fd_sc_hd__xnor2_4)
     2    0.015866    0.080238    0.168155    3.883410 v _284_/Y (sky130_fd_sc_hd__xnor2_4)
                                                         _217_ (net)
                      0.080244    0.000748    3.884158 v _285_/A (sky130_fd_sc_hd__xor2_2)
     2    0.013218    0.108841    0.204992    4.089149 v _285_/X (sky130_fd_sc_hd__xor2_2)
                                                         _218_ (net)
                      0.108841    0.000274    4.089424 v _286_/A (sky130_fd_sc_hd__xnor2_2)
     3    0.014424    0.226142    0.256519    4.345942 ^ _286_/Y (sky130_fd_sc_hd__xnor2_2)
                                                         _219_ (net)
                      0.226142    0.000393    4.346335 ^ _293_/A (sky130_fd_sc_hd__xor2_1)
     3    0.008752    0.216346    0.245277    4.591612 ^ _293_/X (sky130_fd_sc_hd__xor2_1)
                                                         _226_ (net)
                      0.216346    0.000166    4.591778 ^ _296_/B (sky130_fd_sc_hd__nand2_1)
     2    0.006435    0.073114    0.108353    4.700131 v _296_/Y (sky130_fd_sc_hd__nand2_1)
                                                         _000_ (net)
                      0.073114    0.000107    4.700239 v _322_/B1 (sky130_fd_sc_hd__o21a_1)
     1    0.009666    0.065285    0.142616    4.842854 v _322_/X (sky130_fd_sc_hd__o21a_1)
                                                         _025_ (net)
                      0.065286    0.000394    4.843249 v _323_/B (sky130_fd_sc_hd__xnor2_2)
     1    0.010126    0.178601    0.177401    5.020650 ^ _323_/Y (sky130_fd_sc_hd__xnor2_2)
                                                         net30 (net)
                      0.178612    0.000608    5.021258 ^ output30/A (sky130_fd_sc_hd__buf_6)
     1    0.035125    0.079204    0.164125    5.185382 ^ output30/X (sky130_fd_sc_hd__buf_6)
                                                         P[7] (net)
                      0.079216    0.001011    5.186394 ^ P[7] (out)
                                              5.186394   data arrival time

                      0.000000   10.000000   10.000000   clock __VIRTUAL_CLK__ (rise edge)
                                  0.000000   10.000000   clock network delay (ideal)
                                 -0.250000    9.750000   clock uncertainty
                                  0.000000    9.750000   clock reconvergence pessimism
                                 -2.000000    7.750000   output external delay
                                              7.750000   data required time
---------------------------------------------------------------------------------------------
                                              7.750000   data required time
                                             -5.186394   data arrival time
---------------------------------------------------------------------------------------------
                                              2.563606   slack (MET)


Startpoint: A[2] (input port clocked by __VIRTUAL_CLK__)
Endpoint: P[6] (output port clocked by __VIRTUAL_CLK__)
Path Group: __VIRTUAL_CLK__
Path Type: max

Fanout         Cap        Slew       Delay        Time   Description
---------------------------------------------------------------------------------------------
                      0.000000    0.000000    0.000000   clock __VIRTUAL_CLK__ (rise edge)
                                  0.000000    0.000000   clock network delay (ideal)
                                  2.000000    2.000000 ^ input external delay
     1    0.003664    0.023478    0.013357    2.013357 ^ A[2] (in)
                                                         A[2] (net)
                      0.023486    0.000000    2.013357 ^ input3/A (sky130_fd_sc_hd__clkbuf_2)
     1    0.007689    0.051862    0.102055    2.115412 ^ input3/X (sky130_fd_sc_hd__clkbuf_2)
                                                         net3 (net)
                      0.051864    0.000372    2.115784 ^ fanout39/A (sky130_fd_sc_hd__buf_6)
     3    0.016382    0.044283    0.102524    2.218308 ^ fanout39/X (sky130_fd_sc_hd__buf_6)
                                                         net39 (net)
                      0.044283    0.000187    2.218495 ^ rebuffer22/A (sky130_fd_sc_hd__dlygate4sd1_1)
     3    0.011578    0.119127    0.246802    2.465297 ^ rebuffer22/X (sky130_fd_sc_hd__dlygate4sd1_1)
                                                         net71 (net)
                      0.119127    0.000423    2.465720 ^ _234_/A (sky130_fd_sc_hd__nand4_2)
     4    0.015686    0.146606    0.146622    2.612342 v _234_/Y (sky130_fd_sc_hd__nand4_2)
                                                         _168_ (net)
                      0.146608    0.000402    2.612744 v _273_/S (sky130_fd_sc_hd__mux2_4)
     2    0.012102    0.062476    0.351965    2.964710 v _273_/X (sky130_fd_sc_hd__mux2_4)
                                                         _206_ (net)
                      0.062476    0.000429    2.965139 v _275_/A (sky130_fd_sc_hd__xor2_2)
     2    0.011739    0.074562    0.194443    3.159582 v _275_/X (sky130_fd_sc_hd__xor2_2)
                                                         _208_ (net)
                      0.074563    0.000283    3.159865 v _278_/B (sky130_fd_sc_hd__xnor2_2)
     2    0.009707    0.069650    0.155599    3.315464 v _278_/Y (sky130_fd_sc_hd__xnor2_2)
                                                         _211_ (net)
                      0.069650    0.000159    3.315624 v _280_/A2 (sky130_fd_sc_hd__o311a_4)
     2    0.023846    0.079311    0.398339    3.713962 v _280_/X (sky130_fd_sc_hd__o311a_4)
                                                         _213_ (net)
                      0.079316    0.001292    3.715254 v _284_/A (sky130_fd_sc_hd__xnor2_4)
     2    0.017148    0.185117    0.219271    3.934526 ^ _284_/Y (sky130_fd_sc_hd__xnor2_4)
                                                         _217_ (net)
                      0.185118    0.000813    3.935339 ^ _285_/A (sky130_fd_sc_hd__xor2_2)
     2    0.014521    0.213201    0.230371    4.165709 ^ _285_/X (sky130_fd_sc_hd__xor2_2)
                                                         _218_ (net)
                      0.213201    0.000300    4.166010 ^ _286_/A (sky130_fd_sc_hd__xnor2_2)
     3    0.013395    0.093684    0.132534    4.298543 v _286_/Y (sky130_fd_sc_hd__xnor2_2)
                                                         _219_ (net)
                      0.093684    0.000364    4.298907 v _293_/A (sky130_fd_sc_hd__xor2_1)
     3    0.008259    0.105663    0.197265    4.496172 v _293_/X (sky130_fd_sc_hd__xor2_1)
                                                         _226_ (net)
                      0.105663    0.000140    4.496313 v _297_/A (sky130_fd_sc_hd__or2_1)
     1    0.003140    0.049931    0.245050    4.741363 v _297_/X (sky130_fd_sc_hd__or2_1)
                                                         _001_ (net)
                      0.049931    0.000104    4.741467 v _298_/B (sky130_fd_sc_hd__and2_1)
     1    0.006101    0.048639    0.167927    4.909394 v _298_/X (sky130_fd_sc_hd__and2_1)
                                                         net29 (net)
                      0.048640    0.000246    4.909639 v output29/A (sky130_fd_sc_hd__buf_4)
     1    0.034227    0.059024    0.169349    5.078988 v output29/X (sky130_fd_sc_hd__buf_4)
                                                         P[6] (net)
                      0.059040    0.000932    5.079920 v P[6] (out)
                                              5.079920   data arrival time

                      0.000000   10.000000   10.000000   clock __VIRTUAL_CLK__ (rise edge)
                                  0.000000   10.000000   clock network delay (ideal)
                                 -0.250000    9.750000   clock uncertainty
                                  0.000000    9.750000   clock reconvergence pessimism
                                 -2.000000    7.750000   output external delay
                                              7.750000   data required time
---------------------------------------------------------------------------------------------
                                              7.750000   data required time
                                             -5.079920   data arrival time
---------------------------------------------------------------------------------------------
                                              2.670080   slack (MET)


Startpoint: A[2] (input port clocked by __VIRTUAL_CLK__)
Endpoint: P[5] (output port clocked by __VIRTUAL_CLK__)
Path Group: __VIRTUAL_CLK__
Path Type: max

Fanout         Cap        Slew       Delay        Time   Description
---------------------------------------------------------------------------------------------
                      0.000000    0.000000    0.000000   clock __VIRTUAL_CLK__ (rise edge)
                                  0.000000    0.000000   clock network delay (ideal)
                                  2.000000    2.000000 v input external delay
     1    0.003434    0.010105    0.005516    2.005516 v A[2] (in)
                                                         A[2] (net)
                      0.010105    0.000000    2.005516 v input3/A (sky130_fd_sc_hd__clkbuf_2)
     1    0.007210    0.037985    0.097192    2.102709 v input3/X (sky130_fd_sc_hd__clkbuf_2)
                                                         net3 (net)
                      0.037987    0.000344    2.103052 v fanout39/A (sky130_fd_sc_hd__buf_6)
     3    0.015508    0.029909    0.117885    2.220938 v fanout39/X (sky130_fd_sc_hd__buf_6)
                                                         net39 (net)
                      0.029909    0.000177    2.221115 v rebuffer22/A (sky130_fd_sc_hd__dlygate4sd1_1)
     3    0.011128    0.066324    0.255790    2.476905 v rebuffer22/X (sky130_fd_sc_hd__dlygate4sd1_1)
                                                         net71 (net)
                      0.066325    0.000381    2.477285 v rebuffer23/A (sky130_fd_sc_hd__buf_1)
     2    0.005303    0.039741    0.108749    2.586034 v rebuffer23/X (sky130_fd_sc_hd__buf_1)
                                                         net72 (net)
                      0.039741    0.000116    2.586150 v rebuffer24/A (sky130_fd_sc_hd__dlymetal6s2s_1)
     1    0.003257    0.040157    0.133299    2.719449 v rebuffer24/X (sky130_fd_sc_hd__dlymetal6s2s_1)
                                                         net73 (net)
                      0.040157    0.000106    2.719555 v _239_/A1 (sky130_fd_sc_hd__a22o_1)
     1    0.004101    0.046275    0.207265    2.926820 v _239_/X (sky130_fd_sc_hd__a22o_1)
                                                         _173_ (net)
                      0.046275    0.000151    2.926971 v _240_/B (sky130_fd_sc_hd__nand2_1)
     2    0.009620    0.101873    0.103960    3.030930 ^ _240_/Y (sky130_fd_sc_hd__nand2_1)
                                                         _174_ (net)
                      0.101873    0.000279    3.031209 ^ _250_/A (sky130_fd_sc_hd__xnor2_1)
     3    0.009284    0.241845    0.171016    3.202225 ^ _250_/Y (sky130_fd_sc_hd__xnor2_1)
                                                         _184_ (net)
                      0.241845    0.000196    3.202421 ^ _251_/B (sky130_fd_sc_hd__nor2_1)
     3    0.008936    0.080638    0.108096    3.310517 v _251_/Y (sky130_fd_sc_hd__nor2_1)
                                                         _185_ (net)
                      0.080638    0.000245    3.310762 v _252_/B (sky130_fd_sc_hd__or2_1)
     1    0.005441    0.060137    0.231446    3.542208 v _252_/X (sky130_fd_sc_hd__or2_1)
                                                         _186_ (net)
                      0.060137    0.000187    3.542395 v _254_/B (sky130_fd_sc_hd__xnor2_1)
     2    0.010040    0.257070    0.241317    3.783712 ^ _254_/Y (sky130_fd_sc_hd__xnor2_1)
                                                         _188_ (net)
                      0.257072    0.000531    3.784243 ^ _256_/B (sky130_fd_sc_hd__xnor2_1)
     2    0.005612    0.074854    0.121702    3.905945 v _256_/Y (sky130_fd_sc_hd__xnor2_1)
                                                         _190_ (net)
                      0.074854    0.000185    3.906129 v _257_/C (sky130_fd_sc_hd__and3_1)
     3    0.008769    0.062001    0.216842    4.122972 v _257_/X (sky130_fd_sc_hd__and3_1)
                                                         _191_ (net)
                      0.062001    0.000152    4.123124 v _295_/A2 (sky130_fd_sc_hd__o21a_1)
     4    0.013634    0.082948    0.218628    4.341752 v _295_/X (sky130_fd_sc_hd__o21a_1)
                                                         _228_ (net)
                      0.082949    0.000460    4.342212 v _468_/A (sky130_fd_sc_hd__nor2_1)
     1    0.007137    0.146285    0.163762    4.505974 ^ _468_/Y (sky130_fd_sc_hd__nor2_1)
                                                         net28 (net)
                      0.146286    0.000356    4.506330 ^ output28/A (sky130_fd_sc_hd__buf_2)
     1    0.035156    0.174831    0.235770    4.742100 ^ output28/X (sky130_fd_sc_hd__buf_2)
                                                         P[5] (net)
                      0.174835    0.001016    4.743116 ^ P[5] (out)
                                              4.743116   data arrival time

                      0.000000   10.000000   10.000000   clock __VIRTUAL_CLK__ (rise edge)
                                  0.000000   10.000000   clock network delay (ideal)
                                 -0.250000    9.750000   clock uncertainty
                                  0.000000    9.750000   clock reconvergence pessimism
                                 -2.000000    7.750000   output external delay
                                              7.750000   data required time
---------------------------------------------------------------------------------------------
                                              7.750000   data required time
                                             -4.743116   data arrival time
---------------------------------------------------------------------------------------------
                                              3.006884   slack (MET)


Startpoint: A[2] (input port clocked by __VIRTUAL_CLK__)
Endpoint: P[4] (output port clocked by __VIRTUAL_CLK__)
Path Group: __VIRTUAL_CLK__
Path Type: max

Fanout         Cap        Slew       Delay        Time   Description
---------------------------------------------------------------------------------------------
                      0.000000    0.000000    0.000000   clock __VIRTUAL_CLK__ (rise edge)
                                  0.000000    0.000000   clock network delay (ideal)
                                  2.000000    2.000000 v input external delay
     1    0.003434    0.010105    0.005516    2.005516 v A[2] (in)
                                                         A[2] (net)
                      0.010105    0.000000    2.005516 v input3/A (sky130_fd_sc_hd__clkbuf_2)
     1    0.007210    0.037985    0.097192    2.102709 v input3/X (sky130_fd_sc_hd__clkbuf_2)
                                                         net3 (net)
                      0.037987    0.000344    2.103052 v fanout39/A (sky130_fd_sc_hd__buf_6)
     3    0.015508    0.029909    0.117885    2.220938 v fanout39/X (sky130_fd_sc_hd__buf_6)
                                                         net39 (net)
                      0.029909    0.000177    2.221115 v rebuffer22/A (sky130_fd_sc_hd__dlygate4sd1_1)
     3    0.011128    0.066324    0.255790    2.476905 v rebuffer22/X (sky130_fd_sc_hd__dlygate4sd1_1)
                                                         net71 (net)
                      0.066325    0.000381    2.477285 v rebuffer23/A (sky130_fd_sc_hd__buf_1)
     2    0.005303    0.039741    0.108749    2.586034 v rebuffer23/X (sky130_fd_sc_hd__buf_1)
                                                         net72 (net)
                      0.039741    0.000116    2.586150 v rebuffer24/A (sky130_fd_sc_hd__dlymetal6s2s_1)
     1    0.003257    0.040157    0.133299    2.719449 v rebuffer24/X (sky130_fd_sc_hd__dlymetal6s2s_1)
                                                         net73 (net)
                      0.040157    0.000106    2.719555 v _239_/A1 (sky130_fd_sc_hd__a22o_1)
     1    0.004101    0.046275    0.207265    2.926820 v _239_/X (sky130_fd_sc_hd__a22o_1)
                                                         _173_ (net)
                      0.046275    0.000151    2.926971 v _240_/B (sky130_fd_sc_hd__nand2_1)
     2    0.009620    0.101873    0.103960    3.030930 ^ _240_/Y (sky130_fd_sc_hd__nand2_1)
                                                         _174_ (net)
                      0.101873    0.000279    3.031209 ^ _250_/A (sky130_fd_sc_hd__xnor2_1)
     3    0.009284    0.241845    0.171016    3.202225 ^ _250_/Y (sky130_fd_sc_hd__xnor2_1)
                                                         _184_ (net)
                      0.241845    0.000196    3.202421 ^ _251_/B (sky130_fd_sc_hd__nor2_1)
     3    0.008936    0.080638    0.108096    3.310517 v _251_/Y (sky130_fd_sc_hd__nor2_1)
                                                         _185_ (net)
                      0.080638    0.000245    3.310762 v _252_/B (sky130_fd_sc_hd__or2_1)
     1    0.005441    0.060137    0.231446    3.542208 v _252_/X (sky130_fd_sc_hd__or2_1)
                                                         _186_ (net)
                      0.060137    0.000187    3.542395 v _254_/B (sky130_fd_sc_hd__xnor2_1)
     2    0.010040    0.257070    0.241317    3.783712 ^ _254_/Y (sky130_fd_sc_hd__xnor2_1)
                                                         _188_ (net)
                      0.257072    0.000531    3.784243 ^ _256_/B (sky130_fd_sc_hd__xnor2_1)
     2    0.005612    0.074854    0.121702    3.905945 v _256_/Y (sky130_fd_sc_hd__xnor2_1)
                                                         _190_ (net)
                      0.074854    0.000185    3.906129 v _257_/C (sky130_fd_sc_hd__and3_1)
     3    0.008769    0.062001    0.216842    4.122972 v _257_/X (sky130_fd_sc_hd__and3_1)
                                                         _191_ (net)
                      0.062001    0.000169    4.123140 v _259_/A (sky130_fd_sc_hd__nor2_1)
     1    0.006355    0.133378    0.146414    4.269554 ^ _259_/Y (sky130_fd_sc_hd__nor2_1)
                                                         net27 (net)
                      0.133379    0.000271    4.269825 ^ output27/A (sky130_fd_sc_hd__buf_2)
     1    0.034305    0.170843    0.229490    4.499315 ^ output27/X (sky130_fd_sc_hd__buf_2)
                                                         P[4] (net)
                      0.170846    0.000968    4.500282 ^ P[4] (out)
                                              4.500282   data arrival time

                      0.000000   10.000000   10.000000   clock __VIRTUAL_CLK__ (rise edge)
                                  0.000000   10.000000   clock network delay (ideal)
                                 -0.250000    9.750000   clock uncertainty
                                  0.000000    9.750000   clock reconvergence pessimism
                                 -2.000000    7.750000   output external delay
                                              7.750000   data required time
---------------------------------------------------------------------------------------------
                                              7.750000   data required time
                                             -4.500282   data arrival time
---------------------------------------------------------------------------------------------
                                              3.249717   slack (MET)


Startpoint: A[2] (input port clocked by __VIRTUAL_CLK__)
Endpoint: P[3] (output port clocked by __VIRTUAL_CLK__)
Path Group: __VIRTUAL_CLK__
Path Type: max

Fanout         Cap        Slew       Delay        Time   Description
---------------------------------------------------------------------------------------------
                      0.000000    0.000000    0.000000   clock __VIRTUAL_CLK__ (rise edge)
                                  0.000000    0.000000   clock network delay (ideal)
                                  2.000000    2.000000 v input external delay
     1    0.003434    0.010105    0.005516    2.005516 v A[2] (in)
                                                         A[2] (net)
                      0.010105    0.000000    2.005516 v input3/A (sky130_fd_sc_hd__clkbuf_2)
     1    0.007210    0.037985    0.097192    2.102709 v input3/X (sky130_fd_sc_hd__clkbuf_2)
                                                         net3 (net)
                      0.037987    0.000344    2.103052 v fanout39/A (sky130_fd_sc_hd__buf_6)
     3    0.015508    0.029909    0.117885    2.220938 v fanout39/X (sky130_fd_sc_hd__buf_6)
                                                         net39 (net)
                      0.029909    0.000177    2.221115 v rebuffer22/A (sky130_fd_sc_hd__dlygate4sd1_1)
     3    0.011128    0.066324    0.255790    2.476905 v rebuffer22/X (sky130_fd_sc_hd__dlygate4sd1_1)
                                                         net71 (net)
                      0.066325    0.000381    2.477285 v rebuffer23/A (sky130_fd_sc_hd__buf_1)
     2    0.005303    0.039741    0.108749    2.586034 v rebuffer23/X (sky130_fd_sc_hd__buf_1)
                                                         net72 (net)
                      0.039741    0.000116    2.586150 v rebuffer24/A (sky130_fd_sc_hd__dlymetal6s2s_1)
     1    0.003257    0.040157    0.133299    2.719449 v rebuffer24/X (sky130_fd_sc_hd__dlymetal6s2s_1)
                                                         net73 (net)
                      0.040157    0.000106    2.719555 v _239_/A1 (sky130_fd_sc_hd__a22o_1)
     1    0.004101    0.046275    0.207265    2.926820 v _239_/X (sky130_fd_sc_hd__a22o_1)
                                                         _173_ (net)
                      0.046275    0.000151    2.926971 v _240_/B (sky130_fd_sc_hd__nand2_1)
     2    0.009620    0.101873    0.103960    3.030930 ^ _240_/Y (sky130_fd_sc_hd__nand2_1)
                                                         _174_ (net)
                      0.101873    0.000279    3.031209 ^ _250_/A (sky130_fd_sc_hd__xnor2_1)
     3    0.009284    0.241845    0.171016    3.202225 ^ _250_/Y (sky130_fd_sc_hd__xnor2_1)
                                                         _184_ (net)
                      0.241845    0.000196    3.202421 ^ _251_/B (sky130_fd_sc_hd__nor2_1)
     3    0.008936    0.080638    0.108096    3.310517 v _251_/Y (sky130_fd_sc_hd__nor2_1)
                                                         _185_ (net)
                      0.080638    0.000155    3.310672 v _473_/A (sky130_fd_sc_hd__nor2_1)
     1    0.003890    0.093776    0.123023    3.433695 ^ _473_/Y (sky130_fd_sc_hd__nor2_1)
                                                         net26 (net)
                      0.093776    0.000140    3.433835 ^ output26/A (sky130_fd_sc_hd__buf_2)
     1    0.034429    0.171220    0.216454    3.650289 ^ output26/X (sky130_fd_sc_hd__buf_2)
                                                         P[3] (net)
                      0.171221    0.000854    3.651143 ^ P[3] (out)
                                              3.651143   data arrival time

                      0.000000   10.000000   10.000000   clock __VIRTUAL_CLK__ (rise edge)
                                  0.000000   10.000000   clock network delay (ideal)
                                 -0.250000    9.750000   clock uncertainty
                                  0.000000    9.750000   clock reconvergence pessimism
                                 -2.000000    7.750000   output external delay
                                              7.750000   data required time
---------------------------------------------------------------------------------------------
                                              7.750000   data required time
                                             -3.651143   data arrival time
---------------------------------------------------------------------------------------------
                                              4.098857   slack (MET)


Startpoint: A[0] (input port clocked by __VIRTUAL_CLK__)
Endpoint: P[2] (output port clocked by __VIRTUAL_CLK__)
Path Group: __VIRTUAL_CLK__
Path Type: max

Fanout         Cap        Slew       Delay        Time   Description
---------------------------------------------------------------------------------------------
                      0.000000    0.000000    0.000000   clock __VIRTUAL_CLK__ (rise edge)
                                  0.000000    0.000000   clock network delay (ideal)
                                  2.000000    2.000000 v input external delay
     1    0.004139    0.011721    0.006719    2.006719 v A[0] (in)
                                                         A[0] (net)
                      0.011723    0.000000    2.006719 v input1/A (sky130_fd_sc_hd__buf_4)
     5    0.025189    0.048887    0.143585    2.150304 v input1/X (sky130_fd_sc_hd__buf_4)
                                                         net1 (net)
                      0.048901    0.000875    2.151179 v fanout49/A (sky130_fd_sc_hd__buf_8)
     6    0.024707    0.033568    0.128369    2.279548 v fanout49/X (sky130_fd_sc_hd__buf_8)
                                                         net49 (net)
                      0.033578    0.000648    2.280196 v rebuffer16/A (sky130_fd_sc_hd__dlygate4sd1_1)
     3    0.009170    0.058001    0.250176    2.530372 v rebuffer16/X (sky130_fd_sc_hd__dlygate4sd1_1)
                                                         net65 (net)
                      0.058002    0.000291    2.530663 v _246_/A1 (sky130_fd_sc_hd__a22oi_1)
     2    0.005921    0.203662    0.211337    2.742000 ^ _246_/Y (sky130_fd_sc_hd__a22oi_1)
                                                         _180_ (net)
                      0.203662    0.000151    2.742150 ^ _247_/B (sky130_fd_sc_hd__or2_1)
     1    0.005213    0.061506    0.145470    2.887620 ^ _247_/X (sky130_fd_sc_hd__or2_1)
                                                         _181_ (net)
                      0.061506    0.000119    2.887739 ^ _471_/A (sky130_fd_sc_hd__xnor2_1)
     1    0.003602    0.130877    0.116501    3.004240 ^ _471_/Y (sky130_fd_sc_hd__xnor2_1)
                                                         net25 (net)
                      0.130877    0.000124    3.004364 ^ output25/A (sky130_fd_sc_hd__buf_2)
     1    0.034665    0.172516    0.230022    3.234387 ^ output25/X (sky130_fd_sc_hd__buf_2)
                                                         P[2] (net)
                      0.172519    0.000947    3.235334 ^ P[2] (out)
                                              3.235334   data arrival time

                      0.000000   10.000000   10.000000   clock __VIRTUAL_CLK__ (rise edge)
                                  0.000000   10.000000   clock network delay (ideal)
                                 -0.250000    9.750000   clock uncertainty
                                  0.000000    9.750000   clock reconvergence pessimism
                                 -2.000000    7.750000   output external delay
                                              7.750000   data required time
---------------------------------------------------------------------------------------------
                                              7.750000   data required time
                                             -3.235334   data arrival time
---------------------------------------------------------------------------------------------
                                              4.514666   slack (MET)


Startpoint: A[0] (input port clocked by __VIRTUAL_CLK__)
Endpoint: P[1] (output port clocked by __VIRTUAL_CLK__)
Path Group: __VIRTUAL_CLK__
Path Type: max

Fanout         Cap        Slew       Delay        Time   Description
---------------------------------------------------------------------------------------------
                      0.000000    0.000000    0.000000   clock __VIRTUAL_CLK__ (rise edge)
                                  0.000000    0.000000   clock network delay (ideal)
                                  2.000000    2.000000 v input external delay
     1    0.004139    0.011721    0.006719    2.006719 v A[0] (in)
                                                         A[0] (net)
                      0.011723    0.000000    2.006719 v input1/A (sky130_fd_sc_hd__buf_4)
     5    0.025189    0.048887    0.143585    2.150304 v input1/X (sky130_fd_sc_hd__buf_4)
                                                         net1 (net)
                      0.048901    0.000875    2.151179 v fanout49/A (sky130_fd_sc_hd__buf_8)
     6    0.024707    0.033568    0.128369    2.279548 v fanout49/X (sky130_fd_sc_hd__buf_8)
                                                         net49 (net)
                      0.033578    0.000648    2.280196 v rebuffer16/A (sky130_fd_sc_hd__dlygate4sd1_1)
     3    0.009170    0.058001    0.250176    2.530372 v rebuffer16/X (sky130_fd_sc_hd__dlygate4sd1_1)
                                                         net65 (net)
                      0.058002    0.000284    2.530656 v _470_/A (sky130_fd_sc_hd__and2_1)
     1    0.002468    0.033584    0.135399    2.666055 v _470_/X (sky130_fd_sc_hd__and2_1)
                                                         mul_ll.mul_ll.pp2 (net)
                      0.033584    0.000052    2.666107 v _475_/A (sky130_fd_sc_hd__clkbuf_1)
     1    0.002601    0.025553    0.081196    2.747304 v _475_/X (sky130_fd_sc_hd__clkbuf_1)
                                                         net24 (net)
                      0.025553    0.000082    2.747386 v output24/A (sky130_fd_sc_hd__buf_2)
     1    0.034638    0.090569    0.172194    2.919580 v output24/X (sky130_fd_sc_hd__buf_2)
                                                         P[1] (net)
                      0.090579    0.000931    2.920511 v P[1] (out)
                                              2.920511   data arrival time

                      0.000000   10.000000   10.000000   clock __VIRTUAL_CLK__ (rise edge)
                                  0.000000   10.000000   clock network delay (ideal)
                                 -0.250000    9.750000   clock uncertainty
                                  0.000000    9.750000   clock reconvergence pessimism
                                 -2.000000    7.750000   output external delay
                                              7.750000   data required time
---------------------------------------------------------------------------------------------
                                              7.750000   data required time
                                             -2.920511   data arrival time
---------------------------------------------------------------------------------------------
                                              4.829489   slack (MET)


Startpoint: B[0] (input port clocked by __VIRTUAL_CLK__)
Endpoint: P[0] (output port clocked by __VIRTUAL_CLK__)
Path Group: __VIRTUAL_CLK__
Path Type: max

Fanout         Cap        Slew       Delay        Time   Description
---------------------------------------------------------------------------------------------
                      0.000000    0.000000    0.000000   clock __VIRTUAL_CLK__ (rise edge)
                                  0.000000    0.000000   clock network delay (ideal)
                                  2.000000    2.000000 ^ input external delay
     1    0.002963    0.020432    0.010898    2.010898 ^ B[0] (in)
                                                         B[0] (net)
                      0.020432    0.000000    2.010898 ^ input9/A (sky130_fd_sc_hd__clkbuf_4)
     9    0.040347    0.129143    0.186607    2.197506 ^ input9/X (sky130_fd_sc_hd__clkbuf_4)
                                                         net9 (net)
                      0.129192    0.002092    2.199598 ^ _469_/B (sky130_fd_sc_hd__and2_1)
     1    0.003255    0.050398    0.141605    2.341203 ^ _469_/X (sky130_fd_sc_hd__and2_1)
                                                         mul_ll.mul_ll.pp1 (net)
                      0.050398    0.000081    2.341284 ^ _474_/A (sky130_fd_sc_hd__clkbuf_1)
     1    0.006318    0.083134    0.110467    2.451750 ^ _474_/X (sky130_fd_sc_hd__clkbuf_1)
                                                         net17 (net)
                      0.083134    0.000268    2.452018 ^ output17/A (sky130_fd_sc_hd__buf_2)
     1    0.035271    0.175126    0.215195    2.667213 ^ output17/X (sky130_fd_sc_hd__buf_2)
                                                         P[0] (net)
                      0.175130    0.001052    2.668265 ^ P[0] (out)
                                              2.668265   data arrival time

                      0.000000   10.000000   10.000000   clock __VIRTUAL_CLK__ (rise edge)
                                  0.000000   10.000000   clock network delay (ideal)
                                 -0.250000    9.750000   clock uncertainty
                                  0.000000    9.750000   clock reconvergence pessimism
                                 -2.000000    7.750000   output external delay
                                              7.750000   data required time
---------------------------------------------------------------------------------------------
                                              7.750000   data required time
                                             -2.668265   data arrival time
---------------------------------------------------------------------------------------------
                                              5.081735   slack (MET)



