
===========================================================================
report_checks -path_delay min (Hold)
============================================================================
======================= max_tt_025C_1v80 Corner ===================================

Startpoint: B[0] (input port clocked by __VIRTUAL_CLK__)
Endpoint: P[4] (output port clocked by __VIRTUAL_CLK__)
Path Group: __VIRTUAL_CLK__
Path Type: min

Fanout         Cap        Slew       Delay        Time   Description
---------------------------------------------------------------------------------------------
                      0.000000    0.000000    0.000000   clock __VIRTUAL_CLK__ (rise edge)
                                  0.000000    0.000000   clock network delay (ideal)
                                  2.000000    2.000000 v input external delay
     1    0.002758    0.008518    0.004403    2.004403 v B[0] (in)
                                                         B[0] (net)
                      0.008524    0.000000    2.004403 v input9/A (sky130_fd_sc_hd__clkbuf_2)
     7    0.036742    0.141034    0.178095    2.182498 v input9/X (sky130_fd_sc_hd__clkbuf_2)
                                                         net9 (net)
                      0.141096    0.001350    2.183848 v _480_/A1 (sky130_fd_sc_hd__a21oi_1)
     1    0.002784    0.088547    0.155259    2.339107 ^ _480_/Y (sky130_fd_sc_hd__a21oi_1)
                                                         _165_ (net)
                      0.088547    0.000131    2.339238 ^ _481_/B (sky130_fd_sc_hd__nor2_1)
     1    0.003022    0.030211    0.047529    2.386767 v _481_/Y (sky130_fd_sc_hd__nor2_1)
                                                         net27 (net)
                      0.030211    0.000206    2.386973 v output27/A (sky130_fd_sc_hd__buf_2)
     1    0.034036    0.089518    0.172535    2.559508 v output27/X (sky130_fd_sc_hd__buf_2)
                                                         P[4] (net)
                      0.089552    0.001616    2.561123 v P[4] (out)
                                              2.561123   data arrival time

                      0.000000    0.000000    0.000000   clock __VIRTUAL_CLK__ (rise edge)
                                  0.000000    0.000000   clock network delay (ideal)
                                  0.250000    0.250000   clock uncertainty
                                  0.000000    0.250000   clock reconvergence pessimism
                                 -2.000000   -1.750000   output external delay
                                             -1.750000   data required time
---------------------------------------------------------------------------------------------
                                             -1.750000   data required time
                                             -2.561123   data arrival time
---------------------------------------------------------------------------------------------
                                              4.311123   slack (MET)


Startpoint: B[0] (input port clocked by __VIRTUAL_CLK__)
Endpoint: P[0] (output port clocked by __VIRTUAL_CLK__)
Path Group: __VIRTUAL_CLK__
Path Type: min

Fanout         Cap        Slew       Delay        Time   Description
---------------------------------------------------------------------------------------------
                      0.000000    0.000000    0.000000   clock __VIRTUAL_CLK__ (rise edge)
                                  0.000000    0.000000   clock network delay (ideal)
                                  2.000000    2.000000 v input external delay
     1    0.002758    0.008518    0.004403    2.004403 v B[0] (in)
                                                         B[0] (net)
                      0.008524    0.000000    2.004403 v input9/A (sky130_fd_sc_hd__clkbuf_2)
     7    0.036742    0.141034    0.178095    2.182498 v input9/X (sky130_fd_sc_hd__clkbuf_2)
                                                         net9 (net)
                      0.141102    0.001573    2.184070 v _474_/B (sky130_fd_sc_hd__and2_1)
     1    0.002338    0.031623    0.191493    2.375563 v _474_/X (sky130_fd_sc_hd__and2_1)
                                                         mul_ll.mul_ll.pp1 (net)
                      0.031623    0.000108    2.375671 v _482_/A (sky130_fd_sc_hd__clkbuf_1)
     1    0.002490    0.024972    0.079672    2.455343 v _482_/X (sky130_fd_sc_hd__clkbuf_1)
                                                         net17 (net)
                      0.024973    0.000180    2.455523 v output17/A (sky130_fd_sc_hd__buf_2)
     1    0.034029    0.089537    0.170266    2.625789 v output17/X (sky130_fd_sc_hd__buf_2)
                                                         P[0] (net)
                      0.089571    0.001613    2.627402 v P[0] (out)
                                              2.627402   data arrival time

                      0.000000    0.000000    0.000000   clock __VIRTUAL_CLK__ (rise edge)
                                  0.000000    0.000000   clock network delay (ideal)
                                  0.250000    0.250000   clock uncertainty
                                  0.000000    0.250000   clock reconvergence pessimism
                                 -2.000000   -1.750000   output external delay
                                             -1.750000   data required time
---------------------------------------------------------------------------------------------
                                             -1.750000   data required time
                                             -2.627402   data arrival time
---------------------------------------------------------------------------------------------
                                              4.377403   slack (MET)


Startpoint: B[0] (input port clocked by __VIRTUAL_CLK__)
Endpoint: P[2] (output port clocked by __VIRTUAL_CLK__)
Path Group: __VIRTUAL_CLK__
Path Type: min

Fanout         Cap        Slew       Delay        Time   Description
---------------------------------------------------------------------------------------------
                      0.000000    0.000000    0.000000   clock __VIRTUAL_CLK__ (rise edge)
                                  0.000000    0.000000   clock network delay (ideal)
                                  2.000000    2.000000 ^ input external delay
     1    0.002988    0.020540    0.011022    2.011022 ^ B[0] (in)
                                                         B[0] (net)
                      0.020541    0.000000    2.011022 ^ input9/A (sky130_fd_sc_hd__clkbuf_2)
     7    0.037572    0.206267    0.208641    2.219663 ^ input9/X (sky130_fd_sc_hd__clkbuf_2)
                                                         net9 (net)
                      0.206366    0.003720    2.223383 ^ _476_/A2 (sky130_fd_sc_hd__a22o_1)
     1    0.001881    0.036764    0.163156    2.386539 ^ _476_/X (sky130_fd_sc_hd__a22o_1)
                                                         _163_ (net)
                      0.036764    0.000085    2.386624 ^ _477_/B (sky130_fd_sc_hd__and2_1)
     1    0.003042    0.048027    0.113974    2.500598 ^ _477_/X (sky130_fd_sc_hd__and2_1)
                                                         net25 (net)
                      0.048027    0.000189    2.500787 ^ output25/A (sky130_fd_sc_hd__buf_2)
     1    0.034377    0.170787    0.198836    2.699623 ^ output25/X (sky130_fd_sc_hd__buf_2)
                                                         P[2] (net)
                      0.170859    0.001595    2.701218 ^ P[2] (out)
                                              2.701218   data arrival time

                      0.000000    0.000000    0.000000   clock __VIRTUAL_CLK__ (rise edge)
                                  0.000000    0.000000   clock network delay (ideal)
                                  0.250000    0.250000   clock uncertainty
                                  0.000000    0.250000   clock reconvergence pessimism
                                 -2.000000   -1.750000   output external delay
                                             -1.750000   data required time
---------------------------------------------------------------------------------------------
                                             -1.750000   data required time
                                             -2.701218   data arrival time
---------------------------------------------------------------------------------------------
                                              4.451218   slack (MET)


Startpoint: A[0] (input port clocked by __VIRTUAL_CLK__)
Endpoint: P[1] (output port clocked by __VIRTUAL_CLK__)
Path Group: __VIRTUAL_CLK__
Path Type: min

Fanout         Cap        Slew       Delay        Time   Description
---------------------------------------------------------------------------------------------
                      0.000000    0.000000    0.000000   clock __VIRTUAL_CLK__ (rise edge)
                                  0.000000    0.000000   clock network delay (ideal)
                                  2.000000    2.000000 v input external delay
     1    0.003271    0.009712    0.005274    2.005274 v A[0] (in)
                                                         A[0] (net)
                      0.009715    0.000000    2.005274 v input1/A (sky130_fd_sc_hd__clkbuf_2)
     3    0.026603    0.105252    0.150493    2.155766 v input1/X (sky130_fd_sc_hd__clkbuf_2)
                                                         net1 (net)
                      0.105412    0.003029    2.158795 v clone8/A (sky130_fd_sc_hd__buf_4)
     5    0.030460    0.054899    0.190197    2.348992 v clone8/X (sky130_fd_sc_hd__buf_4)
                                                         net59 (net)
                      0.054925    0.001166    2.350158 v _475_/A (sky130_fd_sc_hd__and2_1)
     1    0.002443    0.031916    0.133827    2.483985 v _475_/X (sky130_fd_sc_hd__and2_1)
                                                         mul_ll.mul_ll.pp2 (net)
                      0.031916    0.000168    2.484154 v _483_/A (sky130_fd_sc_hd__clkbuf_1)
     1    0.002388    0.024440    0.079258    2.563411 v _483_/X (sky130_fd_sc_hd__clkbuf_1)
                                                         net24 (net)
                      0.024441    0.000152    2.563563 v output24/A (sky130_fd_sc_hd__buf_2)
     1    0.034387    0.090303    0.170726    2.734289 v output24/X (sky130_fd_sc_hd__buf_2)
                                                         P[1] (net)
                      0.090335    0.001595    2.735884 v P[1] (out)
                                              2.735884   data arrival time

                      0.000000    0.000000    0.000000   clock __VIRTUAL_CLK__ (rise edge)
                                  0.000000    0.000000   clock network delay (ideal)
                                  0.250000    0.250000   clock uncertainty
                                  0.000000    0.250000   clock reconvergence pessimism
                                 -2.000000   -1.750000   output external delay
                                             -1.750000   data required time
---------------------------------------------------------------------------------------------
                                             -1.750000   data required time
                                             -2.735884   data arrival time
---------------------------------------------------------------------------------------------
                                              4.485884   slack (MET)


Startpoint: B[1] (input port clocked by __VIRTUAL_CLK__)
Endpoint: P[5] (output port clocked by __VIRTUAL_CLK__)
Path Group: __VIRTUAL_CLK__
Path Type: min

Fanout         Cap        Slew       Delay        Time   Description
---------------------------------------------------------------------------------------------
                      0.000000    0.000000    0.000000   clock __VIRTUAL_CLK__ (rise edge)
                                  0.000000    0.000000   clock network delay (ideal)
                                  2.000000    2.000000 v input external delay
     1    0.002804    0.008623    0.004480    2.004480 v B[1] (in)
                                                         B[1] (net)
                      0.008630    0.000000    2.004480 v input10/A (sky130_fd_sc_hd__buf_4)
     5    0.030090    0.055146    0.145922    2.150402 v input10/X (sky130_fd_sc_hd__buf_4)
                                                         net10 (net)
                      0.055442    0.003231    2.153633 v _289_/A (sky130_fd_sc_hd__nand2_1)
     1    0.005542    0.060571    0.075244    2.228877 ^ _289_/Y (sky130_fd_sc_hd__nand2_1)
                                                         _222_ (net)
                      0.060571    0.000258    2.229135 ^ _294_/A (sky130_fd_sc_hd__xnor2_1)
     2    0.005694    0.077931    0.132647    2.361781 ^ _294_/Y (sky130_fd_sc_hd__xnor2_1)
                                                         _227_ (net)
                      0.077931    0.000313    2.362094 ^ _472_/A (sky130_fd_sc_hd__or3_1)
     1    0.002085    0.032256    0.101533    2.463627 ^ _472_/X (sky130_fd_sc_hd__or3_1)
                                                         _162_ (net)
                      0.032257    0.000136    2.463764 ^ _473_/B (sky130_fd_sc_hd__and2_1)
     1    0.002808    0.046087    0.110815    2.574579 ^ _473_/X (sky130_fd_sc_hd__and2_1)
                                                         net28 (net)
                      0.046087    0.000206    2.574785 ^ output28/A (sky130_fd_sc_hd__buf_2)
     1    0.033996    0.169015    0.196812    2.771597 ^ output28/X (sky130_fd_sc_hd__buf_2)
                                                         P[5] (net)
                      0.169086    0.001604    2.773201 ^ P[5] (out)
                                              2.773201   data arrival time

                      0.000000    0.000000    0.000000   clock __VIRTUAL_CLK__ (rise edge)
                                  0.000000    0.000000   clock network delay (ideal)
                                  0.250000    0.250000   clock uncertainty
                                  0.000000    0.250000   clock reconvergence pessimism
                                 -2.000000   -1.750000   output external delay
                                             -1.750000   data required time
---------------------------------------------------------------------------------------------
                                             -1.750000   data required time
                                             -2.773201   data arrival time
---------------------------------------------------------------------------------------------
                                              4.523201   slack (MET)


Startpoint: A[7] (input port clocked by __VIRTUAL_CLK__)
Endpoint: P[15] (output port clocked by __VIRTUAL_CLK__)
Path Group: __VIRTUAL_CLK__
Path Type: min

Fanout         Cap        Slew       Delay        Time   Description
---------------------------------------------------------------------------------------------
                      0.000000    0.000000    0.000000   clock __VIRTUAL_CLK__ (rise edge)
                                  0.000000    0.000000   clock network delay (ideal)
                                  2.000000    2.000000 ^ input external delay
     1    0.002462    0.018291    0.009172    2.009172 ^ A[7] (in)
                                                         A[7] (net)
                      0.018291    0.000000    2.009172 ^ input8/A (sky130_fd_sc_hd__buf_2)
     8    0.042907    0.211025    0.212806    2.221978 ^ input8/X (sky130_fd_sc_hd__buf_2)
                                                         net8 (net)
                      0.211062    0.002373    2.224351 ^ _466_/B (sky130_fd_sc_hd__nand3_1)
     2    0.006019    0.079254    0.131169    2.355520 v _466_/Y (sky130_fd_sc_hd__nand3_1)
                                                         _158_ (net)
                      0.079255    0.000359    2.355879 v _470_/B1_N (sky130_fd_sc_hd__a21bo_1)
     1    0.005016    0.051742    0.197163    2.553042 ^ _470_/X (sky130_fd_sc_hd__a21bo_1)
                                                         _161_ (net)
                      0.051743    0.000371    2.553413 ^ _471_/B1 (sky130_fd_sc_hd__a21o_1)
     1    0.005131    0.053230    0.091810    2.645223 ^ _471_/X (sky130_fd_sc_hd__a21o_1)
                                                         net23 (net)
                      0.053230    0.000242    2.645465 ^ output23/A (sky130_fd_sc_hd__buf_6)
     1    0.034248    0.076563    0.127413    2.772878 ^ output23/X (sky130_fd_sc_hd__buf_6)
                                                         P[15] (net)
                      0.076657    0.001749    2.774627 ^ P[15] (out)
                                              2.774627   data arrival time

                      0.000000    0.000000    0.000000   clock __VIRTUAL_CLK__ (rise edge)
                                  0.000000    0.000000   clock network delay (ideal)
                                  0.250000    0.250000   clock uncertainty
                                  0.000000    0.250000   clock reconvergence pessimism
                                 -2.000000   -1.750000   output external delay
                                             -1.750000   data required time
---------------------------------------------------------------------------------------------
                                             -1.750000   data required time
                                             -2.774627   data arrival time
---------------------------------------------------------------------------------------------
                                              4.524627   slack (MET)


Startpoint: A[7] (input port clocked by __VIRTUAL_CLK__)
Endpoint: P[14] (output port clocked by __VIRTUAL_CLK__)
Path Group: __VIRTUAL_CLK__
Path Type: min

Fanout         Cap        Slew       Delay        Time   Description
---------------------------------------------------------------------------------------------
                      0.000000    0.000000    0.000000   clock __VIRTUAL_CLK__ (rise edge)
                                  0.000000    0.000000   clock network delay (ideal)
                                  2.000000    2.000000 ^ input external delay
     1    0.002462    0.018291    0.009172    2.009172 ^ A[7] (in)
                                                         A[7] (net)
                      0.018291    0.000000    2.009172 ^ input8/A (sky130_fd_sc_hd__buf_2)
     8    0.042907    0.211025    0.212806    2.221978 ^ input8/X (sky130_fd_sc_hd__buf_2)
                                                         net8 (net)
                      0.211062    0.002350    2.224328 ^ _467_/A1 (sky130_fd_sc_hd__o211a_1)
     2    0.008133    0.080330    0.218356    2.442685 ^ _467_/X (sky130_fd_sc_hd__o211a_1)
                                                         _159_ (net)
                      0.080332    0.000530    2.443215 ^ _468_/B (sky130_fd_sc_hd__xor2_1)
     2    0.012106    0.073065    0.111865    2.555079 v _468_/X (sky130_fd_sc_hd__xor2_1)
                                                         _160_ (net)
                      0.073072    0.000738    2.555817 v _469_/B (sky130_fd_sc_hd__xor2_2)
     1    0.005521    0.096521    0.140618    2.696435 ^ _469_/X (sky130_fd_sc_hd__xor2_2)
                                                         net22 (net)
                      0.096522    0.000417    2.696851 ^ output22/A (sky130_fd_sc_hd__buf_6)
     1    0.034181    0.076637    0.141807    2.838658 ^ output22/X (sky130_fd_sc_hd__buf_6)
                                                         P[14] (net)
                      0.076680    0.001663    2.840321 ^ P[14] (out)
                                              2.840321   data arrival time

                      0.000000    0.000000    0.000000   clock __VIRTUAL_CLK__ (rise edge)
                                  0.000000    0.000000   clock network delay (ideal)
                                  0.250000    0.250000   clock uncertainty
                                  0.000000    0.250000   clock reconvergence pessimism
                                 -2.000000   -1.750000   output external delay
                                             -1.750000   data required time
---------------------------------------------------------------------------------------------
                                             -1.750000   data required time
                                             -2.840321   data arrival time
---------------------------------------------------------------------------------------------
                                              4.590321   slack (MET)


Startpoint: B[1] (input port clocked by __VIRTUAL_CLK__)
Endpoint: P[6] (output port clocked by __VIRTUAL_CLK__)
Path Group: __VIRTUAL_CLK__
Path Type: min

Fanout         Cap        Slew       Delay        Time   Description
---------------------------------------------------------------------------------------------
                      0.000000    0.000000    0.000000   clock __VIRTUAL_CLK__ (rise edge)
                                  0.000000    0.000000   clock network delay (ideal)
                                  2.000000    2.000000 ^ input external delay
     1    0.003052    0.020819    0.011246    2.011246 ^ B[1] (in)
                                                         B[1] (net)
                      0.020827    0.000000    2.011246 ^ input10/A (sky130_fd_sc_hd__buf_4)
     5    0.031072    0.094354    0.138151    2.149397 ^ input10/X (sky130_fd_sc_hd__buf_4)
                                                         net10 (net)
                      0.094574    0.003712    2.153109 ^ _291_/A (sky130_fd_sc_hd__and3_1)
     2    0.006990    0.085362    0.181405    2.334514 ^ _291_/X (sky130_fd_sc_hd__and3_1)
                                                         _224_ (net)
                      0.085363    0.000449    2.334964 ^ _293_/C1 (sky130_fd_sc_hd__a211oi_1)
     2    0.006092    0.047718    0.063617    2.398581 v _293_/Y (sky130_fd_sc_hd__a211oi_1)
                                                         _226_ (net)
                      0.047737    0.000480    2.399060 v _302_/A2 (sky130_fd_sc_hd__o21ai_1)
     1    0.002346    0.070321    0.105350    2.504411 ^ _302_/Y (sky130_fd_sc_hd__o21ai_1)
                                                         _002_ (net)
                      0.070321    0.000148    2.504558 ^ _303_/B (sky130_fd_sc_hd__and2_1)
     1    0.006245    0.075677    0.145968    2.650526 ^ _303_/X (sky130_fd_sc_hd__and2_1)
                                                         net29 (net)
                      0.075677    0.000355    2.650881 ^ output29/A (sky130_fd_sc_hd__clkbuf_4)
     1    0.034086    0.111775    0.195036    2.845918 ^ output29/X (sky130_fd_sc_hd__clkbuf_4)
                                                         P[6] (net)
                      0.111800    0.001639    2.847557 ^ P[6] (out)
                                              2.847557   data arrival time

                      0.000000    0.000000    0.000000   clock __VIRTUAL_CLK__ (rise edge)
                                  0.000000    0.000000   clock network delay (ideal)
                                  0.250000    0.250000   clock uncertainty
                                  0.000000    0.250000   clock reconvergence pessimism
                                 -2.000000   -1.750000   output external delay
                                             -1.750000   data required time
---------------------------------------------------------------------------------------------
                                             -1.750000   data required time
                                             -2.847557   data arrival time
---------------------------------------------------------------------------------------------
                                              4.597556   slack (MET)


Startpoint: B[0] (input port clocked by __VIRTUAL_CLK__)
Endpoint: P[3] (output port clocked by __VIRTUAL_CLK__)
Path Group: __VIRTUAL_CLK__
Path Type: min

Fanout         Cap        Slew       Delay        Time   Description
---------------------------------------------------------------------------------------------
                      0.000000    0.000000    0.000000   clock __VIRTUAL_CLK__ (rise edge)
                                  0.000000    0.000000   clock network delay (ideal)
                                  2.000000    2.000000 v input external delay
     1    0.002758    0.008518    0.004403    2.004403 v B[0] (in)
                                                         B[0] (net)
                      0.008524    0.000000    2.004403 v input9/A (sky130_fd_sc_hd__clkbuf_2)
     7    0.036742    0.141034    0.178095    2.182498 v input9/X (sky130_fd_sc_hd__clkbuf_2)
                                                         net9 (net)
                      0.141207    0.003557    2.186055 v _254_/B (sky130_fd_sc_hd__and4_1)
     4    0.012705    0.073279    0.255535    2.441590 v _254_/X (sky130_fd_sc_hd__and4_1)
                                                         _187_ (net)
                      0.073291    0.000951    2.442540 v _256_/B (sky130_fd_sc_hd__nand2_1)
     2    0.009417    0.093733    0.114712    2.557252 ^ _256_/Y (sky130_fd_sc_hd__nand2_1)
                                                         _189_ (net)
                      0.093736    0.000452    2.557704 ^ _479_/A (sky130_fd_sc_hd__and2_1)
     1    0.003588    0.052589    0.132302    2.690006 ^ _479_/X (sky130_fd_sc_hd__and2_1)
                                                         net26 (net)
                      0.052589    0.000261    2.690267 ^ output26/A (sky130_fd_sc_hd__buf_2)
     1    0.034449    0.171113    0.200808    2.891075 ^ output26/X (sky130_fd_sc_hd__buf_2)
                                                         P[3] (net)
                      0.171185    0.001613    2.892689 ^ P[3] (out)
                                              2.892689   data arrival time

                      0.000000    0.000000    0.000000   clock __VIRTUAL_CLK__ (rise edge)
                                  0.000000    0.000000   clock network delay (ideal)
                                  0.250000    0.250000   clock uncertainty
                                  0.000000    0.250000   clock reconvergence pessimism
                                 -2.000000   -1.750000   output external delay
                                             -1.750000   data required time
---------------------------------------------------------------------------------------------
                                             -1.750000   data required time
                                             -2.892689   data arrival time
---------------------------------------------------------------------------------------------
                                              4.642689   slack (MET)


Startpoint: B[4] (input port clocked by __VIRTUAL_CLK__)
Endpoint: P[9] (output port clocked by __VIRTUAL_CLK__)
Path Group: __VIRTUAL_CLK__
Path Type: min

Fanout         Cap        Slew       Delay        Time   Description
---------------------------------------------------------------------------------------------
                      0.000000    0.000000    0.000000   clock __VIRTUAL_CLK__ (rise edge)
                                  0.000000    0.000000   clock network delay (ideal)
                                  2.000000    2.000000 ^ input external delay
     1    0.002778    0.019638    0.010284    2.010284 ^ B[4] (in)
                                                         B[4] (net)
                      0.019638    0.000000    2.010284 ^ input13/A (sky130_fd_sc_hd__clkbuf_4)
     8    0.050505    0.157929    0.206084    2.216368 ^ input13/X (sky130_fd_sc_hd__clkbuf_4)
                                                         net13 (net)
                      0.158116    0.004481    2.220849 ^ _380_/A1 (sky130_fd_sc_hd__a31o_1)
     2    0.006415    0.071721    0.180365    2.401214 ^ _380_/X (sky130_fd_sc_hd__a31o_1)
                                                         _077_ (net)
                      0.071723    0.000463    2.401677 ^ _382_/B1 (sky130_fd_sc_hd__a21o_1)
     2    0.005526    0.056640    0.099641    2.501318 ^ _382_/X (sky130_fd_sc_hd__a21o_1)
                                                         _079_ (net)
                      0.056641    0.000341    2.501659 ^ _383_/B (sky130_fd_sc_hd__and2b_1)
     2    0.012508    0.121753    0.177962    2.679621 ^ _383_/X (sky130_fd_sc_hd__and2b_1)
                                                         _080_ (net)
                      0.121758    0.000967    2.680588 ^ _384_/A (sky130_fd_sc_hd__xnor2_2)
     1    0.011899    0.067098    0.108137    2.788725 v _384_/Y (sky130_fd_sc_hd__xnor2_2)
                                                         net32 (net)
                      0.067114    0.001011    2.789735 v output32/A (sky130_fd_sc_hd__buf_6)
     1    0.034177    0.043890    0.145887    2.935622 v output32/X (sky130_fd_sc_hd__buf_6)
                                                         P[9] (net)
                      0.043973    0.001662    2.937284 v P[9] (out)
                                              2.937284   data arrival time

                      0.000000    0.000000    0.000000   clock __VIRTUAL_CLK__ (rise edge)
                                  0.000000    0.000000   clock network delay (ideal)
                                  0.250000    0.250000   clock uncertainty
                                  0.000000    0.250000   clock reconvergence pessimism
                                 -2.000000   -1.750000   output external delay
                                             -1.750000   data required time
---------------------------------------------------------------------------------------------
                                             -1.750000   data required time
                                             -2.937284   data arrival time
---------------------------------------------------------------------------------------------
                                              4.687284   slack (MET)


Startpoint: B[1] (input port clocked by __VIRTUAL_CLK__)
Endpoint: P[7] (output port clocked by __VIRTUAL_CLK__)
Path Group: __VIRTUAL_CLK__
Path Type: min

Fanout         Cap        Slew       Delay        Time   Description
---------------------------------------------------------------------------------------------
                      0.000000    0.000000    0.000000   clock __VIRTUAL_CLK__ (rise edge)
                                  0.000000    0.000000   clock network delay (ideal)
                                  2.000000    2.000000 v input external delay
     1    0.002804    0.008623    0.004480    2.004480 v B[1] (in)
                                                         B[1] (net)
                      0.008630    0.000000    2.004480 v input10/A (sky130_fd_sc_hd__buf_4)
     5    0.030090    0.055146    0.145922    2.150402 v input10/X (sky130_fd_sc_hd__buf_4)
                                                         net10 (net)
                      0.055442    0.003231    2.153633 v _289_/A (sky130_fd_sc_hd__nand2_1)
     1    0.005542    0.060571    0.075244    2.228877 ^ _289_/Y (sky130_fd_sc_hd__nand2_1)
                                                         _222_ (net)
                      0.060571    0.000258    2.229135 ^ _294_/A (sky130_fd_sc_hd__xnor2_1)
     2    0.005451    0.051276    0.083082    2.312217 v _294_/Y (sky130_fd_sc_hd__xnor2_1)
                                                         _227_ (net)
                      0.051276    0.000205    2.312422 v _300_/B1 (sky130_fd_sc_hd__o21ai_1)
     3    0.009649    0.157809    0.133229    2.445650 ^ _300_/Y (sky130_fd_sc_hd__o21ai_1)
                                                         _000_ (net)
                      0.157813    0.000663    2.446313 ^ _301_/C (sky130_fd_sc_hd__or3_4)
     3    0.015804    0.058657    0.170448    2.616761 ^ _301_/X (sky130_fd_sc_hd__or3_4)
                                                         _001_ (net)
                      0.058672    0.000954    2.617715 ^ _327_/B (sky130_fd_sc_hd__and2b_1)
     1    0.009148    0.092930    0.157939    2.775654 ^ _327_/X (sky130_fd_sc_hd__and2b_1)
                                                         _026_ (net)
                      0.092933    0.000705    2.776358 ^ _328_/B (sky130_fd_sc_hd__xnor2_2)
     1    0.008147    0.051309    0.079564    2.855922 v _328_/Y (sky130_fd_sc_hd__xnor2_2)
                                                         net30 (net)
                      0.051315    0.000561    2.856483 v output30/A (sky130_fd_sc_hd__buf_6)
     1    0.033939    0.043677    0.138514    2.994997 v output30/X (sky130_fd_sc_hd__buf_6)
                                                         P[7] (net)
                      0.043752    0.001583    2.996580 v P[7] (out)
                                              2.996580   data arrival time

                      0.000000    0.000000    0.000000   clock __VIRTUAL_CLK__ (rise edge)
                                  0.000000    0.000000   clock network delay (ideal)
                                  0.250000    0.250000   clock uncertainty
                                  0.000000    0.250000   clock reconvergence pessimism
                                 -2.000000   -1.750000   output external delay
                                             -1.750000   data required time
---------------------------------------------------------------------------------------------
                                             -1.750000   data required time
                                             -2.996580   data arrival time
---------------------------------------------------------------------------------------------
                                              4.746580   slack (MET)


Startpoint: A[4] (input port clocked by __VIRTUAL_CLK__)
Endpoint: P[11] (output port clocked by __VIRTUAL_CLK__)
Path Group: __VIRTUAL_CLK__
Path Type: min

Fanout         Cap        Slew       Delay        Time   Description
---------------------------------------------------------------------------------------------
                      0.000000    0.000000    0.000000   clock __VIRTUAL_CLK__ (rise edge)
                                  0.000000    0.000000   clock network delay (ideal)
                                  2.000000    2.000000 v input external delay
     1    0.002577    0.008100    0.004095    2.004095 v A[4] (in)
                                                         A[4] (net)
                      0.008102    0.000000    2.004095 v input5/A (sky130_fd_sc_hd__clkbuf_1)
     2    0.005023    0.038057    0.082424    2.086519 v input5/X (sky130_fd_sc_hd__clkbuf_1)
                                                         net5 (net)
                      0.038058    0.000300    2.086819 v fanout36/A (sky130_fd_sc_hd__buf_2)
     6    0.038082    0.095513    0.181945    2.268764 v fanout36/X (sky130_fd_sc_hd__buf_2)
                                                         net36 (net)
                      0.095866    0.004712    2.273476 v _378_/B (sky130_fd_sc_hd__nand4_2)
     5    0.019339    0.120759    0.161317    2.434793 ^ _378_/Y (sky130_fd_sc_hd__nand4_2)
                                                         _075_ (net)
                      0.120791    0.001592    2.436384 ^ _409_/A2 (sky130_fd_sc_hd__a211o_1)
     2    0.006874    0.068895    0.159097    2.595482 ^ _409_/X (sky130_fd_sc_hd__a211o_1)
                                                         _105_ (net)
                      0.068897    0.000479    2.595961 ^ _433_/B1 (sky130_fd_sc_hd__o21ai_1)
     1    0.009147    0.085298    0.099917    2.695878 v _433_/Y (sky130_fd_sc_hd__o21ai_1)
                                                         _128_ (net)
                      0.085302    0.000736    2.696614 v _434_/B (sky130_fd_sc_hd__xnor2_2)
     1    0.009135    0.056425    0.158155    2.854768 v _434_/Y (sky130_fd_sc_hd__xnor2_2)
                                                         net19 (net)
                      0.056439    0.000830    2.855599 v output19/A (sky130_fd_sc_hd__buf_6)
     1    0.034858    0.044433    0.141388    2.996987 v output19/X (sky130_fd_sc_hd__buf_6)
                                                         P[11] (net)
                      0.044529    0.001791    2.998778 v P[11] (out)
                                              2.998778   data arrival time

                      0.000000    0.000000    0.000000   clock __VIRTUAL_CLK__ (rise edge)
                                  0.000000    0.000000   clock network delay (ideal)
                                  0.250000    0.250000   clock uncertainty
                                  0.000000    0.250000   clock reconvergence pessimism
                                 -2.000000   -1.750000   output external delay
                                             -1.750000   data required time
---------------------------------------------------------------------------------------------
                                             -1.750000   data required time
                                             -2.998778   data arrival time
---------------------------------------------------------------------------------------------
                                              4.748777   slack (MET)


Startpoint: A[4] (input port clocked by __VIRTUAL_CLK__)
Endpoint: P[10] (output port clocked by __VIRTUAL_CLK__)
Path Group: __VIRTUAL_CLK__
Path Type: min

Fanout         Cap        Slew       Delay        Time   Description
---------------------------------------------------------------------------------------------
                      0.000000    0.000000    0.000000   clock __VIRTUAL_CLK__ (rise edge)
                                  0.000000    0.000000   clock network delay (ideal)
                                  2.000000    2.000000 v input external delay
     1    0.002577    0.008100    0.004095    2.004095 v A[4] (in)
                                                         A[4] (net)
                      0.008102    0.000000    2.004095 v input5/A (sky130_fd_sc_hd__clkbuf_1)
     2    0.005023    0.038057    0.082424    2.086519 v input5/X (sky130_fd_sc_hd__clkbuf_1)
                                                         net5 (net)
                      0.038058    0.000300    2.086819 v fanout36/A (sky130_fd_sc_hd__buf_2)
     6    0.038082    0.095513    0.181945    2.268764 v fanout36/X (sky130_fd_sc_hd__buf_2)
                                                         net36 (net)
                      0.095866    0.004712    2.273476 v _378_/B (sky130_fd_sc_hd__nand4_2)
     5    0.019339    0.120759    0.161317    2.434793 ^ _378_/Y (sky130_fd_sc_hd__nand4_2)
                                                         _075_ (net)
                      0.120792    0.001608    2.436400 ^ _410_/C1 (sky130_fd_sc_hd__o211a_1)
     1    0.005173    0.057869    0.167403    2.603803 ^ _410_/X (sky130_fd_sc_hd__o211a_1)
                                                         _106_ (net)
                      0.057870    0.000363    2.604166 ^ _411_/A (sky130_fd_sc_hd__or2_4)
     4    0.022666    0.079287    0.149675    2.753840 ^ _411_/X (sky130_fd_sc_hd__or2_4)
                                                         _107_ (net)
                      0.079305    0.001171    2.755011 ^ _415_/B (sky130_fd_sc_hd__xor2_1)
     1    0.008122    0.057077    0.092379    2.847391 v _415_/X (sky130_fd_sc_hd__xor2_1)
                                                         net18 (net)
                      0.057084    0.000663    2.848054 v output18/A (sky130_fd_sc_hd__buf_4)
     1    0.034994    0.059978    0.173343    3.021397 v output18/X (sky130_fd_sc_hd__buf_4)
                                                         P[10] (net)
                      0.060048    0.001834    3.023232 v P[10] (out)
                                              3.023232   data arrival time

                      0.000000    0.000000    0.000000   clock __VIRTUAL_CLK__ (rise edge)
                                  0.000000    0.000000   clock network delay (ideal)
                                  0.250000    0.250000   clock uncertainty
                                  0.000000    0.250000   clock reconvergence pessimism
                                 -2.000000   -1.750000   output external delay
                                             -1.750000   data required time
---------------------------------------------------------------------------------------------
                                             -1.750000   data required time
                                             -3.023232   data arrival time
---------------------------------------------------------------------------------------------
                                              4.773232   slack (MET)


Startpoint: B[1] (input port clocked by __VIRTUAL_CLK__)
Endpoint: P[8] (output port clocked by __VIRTUAL_CLK__)
Path Group: __VIRTUAL_CLK__
Path Type: min

Fanout         Cap        Slew       Delay        Time   Description
---------------------------------------------------------------------------------------------
                      0.000000    0.000000    0.000000   clock __VIRTUAL_CLK__ (rise edge)
                                  0.000000    0.000000   clock network delay (ideal)
                                  2.000000    2.000000 v input external delay
     1    0.002804    0.008623    0.004480    2.004480 v B[1] (in)
                                                         B[1] (net)
                      0.008630    0.000000    2.004480 v input10/A (sky130_fd_sc_hd__buf_4)
     5    0.030090    0.055146    0.145922    2.150402 v input10/X (sky130_fd_sc_hd__buf_4)
                                                         net10 (net)
                      0.055442    0.003231    2.153633 v _289_/A (sky130_fd_sc_hd__nand2_1)
     1    0.005542    0.060571    0.075244    2.228877 ^ _289_/Y (sky130_fd_sc_hd__nand2_1)
                                                         _222_ (net)
                      0.060571    0.000258    2.229135 ^ _294_/A (sky130_fd_sc_hd__xnor2_1)
     2    0.005451    0.051276    0.083082    2.312217 v _294_/Y (sky130_fd_sc_hd__xnor2_1)
                                                         _227_ (net)
                      0.051276    0.000205    2.312422 v _300_/B1 (sky130_fd_sc_hd__o21ai_1)
     3    0.009649    0.157809    0.133229    2.445650 ^ _300_/Y (sky130_fd_sc_hd__o21ai_1)
                                                         _000_ (net)
                      0.157813    0.000663    2.446313 ^ _301_/C (sky130_fd_sc_hd__or3_4)
     3    0.015804    0.058657    0.170448    2.616761 ^ _301_/X (sky130_fd_sc_hd__or3_4)
                                                         _001_ (net)
                      0.058707    0.001543    2.618304 ^ _356_/A2 (sky130_fd_sc_hd__a21oi_4)
     4    0.023898    0.064552    0.079335    2.697638 v _356_/Y (sky130_fd_sc_hd__a21oi_4)
                                                         _054_ (net)
                      0.064664    0.002077    2.699716 v _358_/B (sky130_fd_sc_hd__xnor2_1)
     1    0.011868    0.097288    0.175556    2.875271 v _358_/Y (sky130_fd_sc_hd__xnor2_1)
                                                         net31 (net)
                      0.097296    0.000959    2.876230 v output31/A (sky130_fd_sc_hd__buf_6)
     1    0.033943    0.043732    0.159682    3.035913 v output31/X (sky130_fd_sc_hd__buf_6)
                                                         P[8] (net)
                      0.043808    0.001586    3.037498 v P[8] (out)
                                              3.037498   data arrival time

                      0.000000    0.000000    0.000000   clock __VIRTUAL_CLK__ (rise edge)
                                  0.000000    0.000000   clock network delay (ideal)
                                  0.250000    0.250000   clock uncertainty
                                  0.000000    0.250000   clock reconvergence pessimism
                                 -2.000000   -1.750000   output external delay
                                             -1.750000   data required time
---------------------------------------------------------------------------------------------
                                             -1.750000   data required time
                                             -3.037498   data arrival time
---------------------------------------------------------------------------------------------
                                              4.787498   slack (MET)


Startpoint: A[7] (input port clocked by __VIRTUAL_CLK__)
Endpoint: P[12] (output port clocked by __VIRTUAL_CLK__)
Path Group: __VIRTUAL_CLK__
Path Type: min

Fanout         Cap        Slew       Delay        Time   Description
---------------------------------------------------------------------------------------------
                      0.000000    0.000000    0.000000   clock __VIRTUAL_CLK__ (rise edge)
                                  0.000000    0.000000   clock network delay (ideal)
                                  2.000000    2.000000 v input external delay
     1    0.002302    0.007471    0.003627    2.003627 v A[7] (in)
                                                         A[7] (net)
                      0.007472    0.000000    2.003627 v input8/A (sky130_fd_sc_hd__buf_2)
     8    0.041347    0.102572    0.173506    2.177133 v input8/X (sky130_fd_sc_hd__buf_2)
                                                         net8 (net)
                      0.103215    0.006572    2.183705 v _400_/B (sky130_fd_sc_hd__nand3_1)
     3    0.007955    0.096008    0.138016    2.321722 ^ _400_/Y (sky130_fd_sc_hd__nand3_1)
                                                         _096_ (net)
                      0.096008    0.000262    2.321984 ^ _425_/B1 (sky130_fd_sc_hd__a2bb2o_1)
     4    0.016046    0.162329    0.227532    2.549515 ^ _425_/X (sky130_fd_sc_hd__a2bb2o_1)
                                                         _120_ (net)
                      0.162339    0.001414    2.550929 ^ _445_/A (sky130_fd_sc_hd__nand3_1)
     3    0.010769    0.122704    0.151014    2.701943 v _445_/Y (sky130_fd_sc_hd__nand3_1)
                                                         _139_ (net)
                      0.122706    0.000321    2.702264 v _448_/A (sky130_fd_sc_hd__nand2_1)
     1    0.009928    0.100514    0.132586    2.834849 ^ _448_/Y (sky130_fd_sc_hd__nand2_1)
                                                         _142_ (net)
                      0.100559    0.000785    2.835635 ^ _453_/A (sky130_fd_sc_hd__xnor2_2)
     1    0.009487    0.057682    0.094944    2.930579 v _453_/Y (sky130_fd_sc_hd__xnor2_2)
                                                         net20 (net)
                      0.057697    0.000868    2.931447 v output20/A (sky130_fd_sc_hd__buf_6)
     1    0.034858    0.044435    0.141969    3.073416 v output20/X (sky130_fd_sc_hd__buf_6)
                                                         P[12] (net)
                      0.044530    0.001791    3.075207 v P[12] (out)
                                              3.075207   data arrival time

                      0.000000    0.000000    0.000000   clock __VIRTUAL_CLK__ (rise edge)
                                  0.000000    0.000000   clock network delay (ideal)
                                  0.250000    0.250000   clock uncertainty
                                  0.000000    0.250000   clock reconvergence pessimism
                                 -2.000000   -1.750000   output external delay
                                             -1.750000   data required time
---------------------------------------------------------------------------------------------
                                             -1.750000   data required time
                                             -3.075207   data arrival time
---------------------------------------------------------------------------------------------
                                              4.825207   slack (MET)


Startpoint: A[7] (input port clocked by __VIRTUAL_CLK__)
Endpoint: P[13] (output port clocked by __VIRTUAL_CLK__)
Path Group: __VIRTUAL_CLK__
Path Type: min

Fanout         Cap        Slew       Delay        Time   Description
---------------------------------------------------------------------------------------------
                      0.000000    0.000000    0.000000   clock __VIRTUAL_CLK__ (rise edge)
                                  0.000000    0.000000   clock network delay (ideal)
                                  2.000000    2.000000 v input external delay
     1    0.002302    0.007471    0.003627    2.003627 v A[7] (in)
                                                         A[7] (net)
                      0.007472    0.000000    2.003627 v input8/A (sky130_fd_sc_hd__buf_2)
     8    0.041347    0.102572    0.173506    2.177133 v input8/X (sky130_fd_sc_hd__buf_2)
                                                         net8 (net)
                      0.103215    0.006572    2.183705 v _400_/B (sky130_fd_sc_hd__nand3_1)
     3    0.007955    0.096008    0.138016    2.321722 ^ _400_/Y (sky130_fd_sc_hd__nand3_1)
                                                         _096_ (net)
                      0.096008    0.000262    2.321984 ^ _425_/B1 (sky130_fd_sc_hd__a2bb2o_1)
     4    0.016046    0.162329    0.227532    2.549515 ^ _425_/X (sky130_fd_sc_hd__a2bb2o_1)
                                                         _120_ (net)
                      0.162339    0.001404    2.550920 ^ _446_/A1 (sky130_fd_sc_hd__a21oi_1)
     3    0.013864    0.075998    0.151147    2.702067 v _446_/Y (sky130_fd_sc_hd__a21oi_1)
                                                         _140_ (net)
                      0.076011    0.000788    2.702854 v _462_/C1 (sky130_fd_sc_hd__a211oi_1)
     1    0.004998    0.211193    0.222226    2.925081 ^ _462_/Y (sky130_fd_sc_hd__a211oi_1)
                                                         _155_ (net)
                      0.211193    0.000374    2.925454 ^ _464_/A (sky130_fd_sc_hd__nor2_2)
     1    0.009639    0.036962    0.085454    3.010909 v _464_/Y (sky130_fd_sc_hd__nor2_2)
                                                         net21 (net)
                      0.037015    0.000869    3.011778 v output21/A (sky130_fd_sc_hd__buf_6)
     1    0.035093    0.044665    0.132999    3.144776 v output21/X (sky130_fd_sc_hd__buf_6)
                                                         P[13] (net)
                      0.044769    0.001867    3.146643 v P[13] (out)
                                              3.146643   data arrival time

                      0.000000    0.000000    0.000000   clock __VIRTUAL_CLK__ (rise edge)
                                  0.000000    0.000000   clock network delay (ideal)
                                  0.250000    0.250000   clock uncertainty
                                  0.000000    0.250000   clock reconvergence pessimism
                                 -2.000000   -1.750000   output external delay
                                             -1.750000   data required time
---------------------------------------------------------------------------------------------
                                             -1.750000   data required time
                                             -3.146643   data arrival time
---------------------------------------------------------------------------------------------
                                              4.896643   slack (MET)



