
===========================================================================
report_checks -path_delay min (Hold)
============================================================================
======================= nom_tt_025C_1v80 Corner ===================================

Startpoint: B[0] (input port clocked by __VIRTUAL_CLK__)
Endpoint: P[0] (output port clocked by __VIRTUAL_CLK__)
Path Group: __VIRTUAL_CLK__
Path Type: min

Fanout         Cap        Slew       Delay        Time   Description
---------------------------------------------------------------------------------------------
                      0.000000    0.000000    0.000000   clock __VIRTUAL_CLK__ (rise edge)
                                  0.000000    0.000000   clock network delay (ideal)
                                  2.000000    2.000000 v input external delay
     1    0.004133    0.011723    0.006706    2.006706 v B[0] (in)
                                                         B[0] (net)
                      0.011725    0.000000    2.006706 v input9/A (sky130_fd_sc_hd__buf_4)
     4    0.025099    0.048991    0.143323    2.150029 v input9/X (sky130_fd_sc_hd__buf_4)
                                                         net9 (net)
                      0.049069    0.001730    2.151759 v fanout33/A (sky130_fd_sc_hd__buf_8)
    10    0.040787    0.045278    0.138688    2.290448 v fanout33/X (sky130_fd_sc_hd__buf_8)
                                                         net33 (net)
                      0.045824    0.003817    2.294265 v _291_/A (sky130_fd_sc_hd__and2_1)
     1    0.003417    0.036408    0.135717    2.429981 v _291_/X (sky130_fd_sc_hd__and2_1)
                                                         net17 (net)
                      0.036408    0.000124    2.430105 v output17/A (sky130_fd_sc_hd__buf_2)
     1    0.035544    0.092498    0.178454    2.608559 v output17/X (sky130_fd_sc_hd__buf_2)
                                                         P[0] (net)
                      0.092511    0.001068    2.609627 v P[0] (out)
                                              2.609627   data arrival time

                      0.000000    0.000000    0.000000   clock __VIRTUAL_CLK__ (rise edge)
                                  0.000000    0.000000   clock network delay (ideal)
                                  0.250000    0.250000   clock uncertainty
                                  0.000000    0.250000   clock reconvergence pessimism
                                 -2.000000   -1.750000   output external delay
                                             -1.750000   data required time
---------------------------------------------------------------------------------------------
                                             -1.750000   data required time
                                             -2.609627   data arrival time
---------------------------------------------------------------------------------------------
                                              4.359627   slack (MET)


Startpoint: A[2] (input port clocked by __VIRTUAL_CLK__)
Endpoint: P[2] (output port clocked by __VIRTUAL_CLK__)
Path Group: __VIRTUAL_CLK__
Path Type: min

Fanout         Cap        Slew       Delay        Time   Description
---------------------------------------------------------------------------------------------
                      0.000000    0.000000    0.000000   clock __VIRTUAL_CLK__ (rise edge)
                                  0.000000    0.000000   clock network delay (ideal)
                                  2.000000    2.000000 v input external delay
     1    0.003605    0.010500    0.005806    2.005806 v A[2] (in)
                                                         A[2] (net)
                      0.010505    0.000000    2.005806 v input3/A (sky130_fd_sc_hd__clkbuf_2)
     3    0.016229    0.068658    0.123845    2.129651 v input3/X (sky130_fd_sc_hd__clkbuf_2)
                                                         net3 (net)
                      0.068672    0.000971    2.130622 v fanout38/A (sky130_fd_sc_hd__buf_6)
     5    0.024949    0.036899    0.139826    2.270448 v fanout38/X (sky130_fd_sc_hd__buf_6)
                                                         net38 (net)
                      0.037062    0.001978    2.272427 v _300_/B (sky130_fd_sc_hd__nand2_2)
     5    0.015772    0.089624    0.098672    2.371098 ^ _300_/Y (sky130_fd_sc_hd__nand2_2)
                                                         _236_ (net)
                      0.089625    0.000318    2.371416 ^ _302_/B (sky130_fd_sc_hd__xor2_1)
     1    0.002262    0.034012    0.065425    2.436841 v _302_/X (sky130_fd_sc_hd__xor2_1)
                                                         net25 (net)
                      0.034012    0.000048    2.436889 v output25/A (sky130_fd_sc_hd__buf_2)
     1    0.034782    0.090828    0.176088    2.612978 v output25/X (sky130_fd_sc_hd__buf_2)
                                                         P[2] (net)
                      0.090838    0.000958    2.613935 v P[2] (out)
                                              2.613935   data arrival time

                      0.000000    0.000000    0.000000   clock __VIRTUAL_CLK__ (rise edge)
                                  0.000000    0.000000   clock network delay (ideal)
                                  0.250000    0.250000   clock uncertainty
                                  0.000000    0.250000   clock reconvergence pessimism
                                 -2.000000   -1.750000   output external delay
                                             -1.750000   data required time
---------------------------------------------------------------------------------------------
                                             -1.750000   data required time
                                             -2.613935   data arrival time
---------------------------------------------------------------------------------------------
                                              4.363935   slack (MET)


Startpoint: B[0] (input port clocked by __VIRTUAL_CLK__)
Endpoint: P[4] (output port clocked by __VIRTUAL_CLK__)
Path Group: __VIRTUAL_CLK__
Path Type: min

Fanout         Cap        Slew       Delay        Time   Description
---------------------------------------------------------------------------------------------
                      0.000000    0.000000    0.000000   clock __VIRTUAL_CLK__ (rise edge)
                                  0.000000    0.000000   clock network delay (ideal)
                                  2.000000    2.000000 v input external delay
     1    0.004133    0.011723    0.006706    2.006706 v B[0] (in)
                                                         B[0] (net)
                      0.011725    0.000000    2.006706 v input9/A (sky130_fd_sc_hd__buf_4)
     4    0.025099    0.048991    0.143323    2.150029 v input9/X (sky130_fd_sc_hd__buf_4)
                                                         net9 (net)
                      0.049069    0.001730    2.151759 v fanout33/A (sky130_fd_sc_hd__buf_8)
    10    0.040787    0.045278    0.138688    2.290448 v fanout33/X (sky130_fd_sc_hd__buf_8)
                                                         net33 (net)
                      0.045282    0.000612    2.291060 v _334_/A1 (sky130_fd_sc_hd__a21oi_1)
     1    0.003907    0.106873    0.132973    2.424033 ^ _334_/Y (sky130_fd_sc_hd__a21oi_1)
                                                         _268_ (net)
                      0.106873    0.000108    2.424140 ^ _335_/B (sky130_fd_sc_hd__nor2_1)
     1    0.004966    0.040944    0.061201    2.485342 v _335_/Y (sky130_fd_sc_hd__nor2_1)
                                                         net27 (net)
                      0.040944    0.000212    2.485554 v output27/A (sky130_fd_sc_hd__buf_2)
     1    0.034488    0.090113    0.178590    2.664144 v output27/X (sky130_fd_sc_hd__buf_2)
                                                         P[4] (net)
                      0.090121    0.000873    2.665017 v P[4] (out)
                                              2.665017   data arrival time

                      0.000000    0.000000    0.000000   clock __VIRTUAL_CLK__ (rise edge)
                                  0.000000    0.000000   clock network delay (ideal)
                                  0.250000    0.250000   clock uncertainty
                                  0.000000    0.250000   clock reconvergence pessimism
                                 -2.000000   -1.750000   output external delay
                                             -1.750000   data required time
---------------------------------------------------------------------------------------------
                                             -1.750000   data required time
                                             -2.665017   data arrival time
---------------------------------------------------------------------------------------------
                                              4.415017   slack (MET)


Startpoint: B[1] (input port clocked by __VIRTUAL_CLK__)
Endpoint: P[1] (output port clocked by __VIRTUAL_CLK__)
Path Group: __VIRTUAL_CLK__
Path Type: min

Fanout         Cap        Slew       Delay        Time   Description
---------------------------------------------------------------------------------------------
                      0.000000    0.000000    0.000000   clock __VIRTUAL_CLK__ (rise edge)
                                  0.000000    0.000000   clock network delay (ideal)
                                  2.000000    2.000000 v input external delay
     1    0.003519    0.010303    0.005660    2.005660 v B[1] (in)
                                                         B[1] (net)
                      0.010308    0.000000    2.005660 v input10/A (sky130_fd_sc_hd__clkbuf_2)
     2    0.015341    0.065452    0.121570    2.127229 v input10/X (sky130_fd_sc_hd__clkbuf_2)
                                                         net10 (net)
                      0.065452    0.000302    2.127531 v fanout48/A (sky130_fd_sc_hd__buf_6)
    10    0.037300    0.046015    0.147778    2.275310 v fanout48/X (sky130_fd_sc_hd__buf_6)
                                                         net48 (net)
                      0.046019    0.000518    2.275828 v _293_/B (sky130_fd_sc_hd__nand4_2)
     3    0.009590    0.070805    0.100014    2.375842 ^ _293_/Y (sky130_fd_sc_hd__nand4_2)
                                                         _230_ (net)
                      0.070805    0.000203    2.376045 ^ _295_/A (sky130_fd_sc_hd__and2_1)
     1    0.002906    0.046893    0.119495    2.495540 ^ _295_/X (sky130_fd_sc_hd__and2_1)
                                                         net24 (net)
                      0.046893    0.000072    2.495612 ^ output24/A (sky130_fd_sc_hd__buf_2)
     1    0.034810    0.172717    0.200284    2.695895 ^ output24/X (sky130_fd_sc_hd__buf_2)
                                                         P[1] (net)
                      0.172772    0.000961    2.696857 ^ P[1] (out)
                                              2.696857   data arrival time

                      0.000000    0.000000    0.000000   clock __VIRTUAL_CLK__ (rise edge)
                                  0.000000    0.000000   clock network delay (ideal)
                                  0.250000    0.250000   clock uncertainty
                                  0.000000    0.250000   clock reconvergence pessimism
                                 -2.000000   -1.750000   output external delay
                                             -1.750000   data required time
---------------------------------------------------------------------------------------------
                                             -1.750000   data required time
                                             -2.696857   data arrival time
---------------------------------------------------------------------------------------------
                                              4.446857   slack (MET)


Startpoint: A[7] (input port clocked by __VIRTUAL_CLK__)
Endpoint: P[15] (output port clocked by __VIRTUAL_CLK__)
Path Group: __VIRTUAL_CLK__
Path Type: min

Fanout         Cap        Slew       Delay        Time   Description
---------------------------------------------------------------------------------------------
                      0.000000    0.000000    0.000000   clock __VIRTUAL_CLK__ (rise edge)
                                  0.000000    0.000000   clock network delay (ideal)
                                  2.000000    2.000000 ^ input external delay
     1    0.004203    0.025830    0.015265    2.015265 ^ A[7] (in)
                                                         A[7] (net)
                      0.025830    0.000000    2.015265 ^ input8/A (sky130_fd_sc_hd__buf_2)
     8    0.032616    0.162671    0.184417    2.199682 ^ input8/X (sky130_fd_sc_hd__buf_2)
                                                         net8 (net)
                      0.162681    0.001047    2.200729 ^ _575_/A2 (sky130_fd_sc_hd__a41o_1)
     2    0.009465    0.097313    0.230205    2.430934 ^ _575_/X (sky130_fd_sc_hd__a41o_1)
                                                         _216_ (net)
                      0.097313    0.000306    2.431240 ^ _576_/B (sky130_fd_sc_hd__and2_1)
     1    0.003804    0.054662    0.136934    2.568174 ^ _576_/X (sky130_fd_sc_hd__and2_1)
                                                         _217_ (net)
                      0.054662    0.000131    2.568305 ^ _581_/A (sky130_fd_sc_hd__or3_4)
     1    0.008158    0.039145    0.120652    2.688958 ^ _581_/X (sky130_fd_sc_hd__or3_4)
                                                         net23 (net)
                      0.039150    0.000210    2.689168 ^ output23/A (sky130_fd_sc_hd__buf_8)
     1    0.034961    0.066615    0.114213    2.803380 ^ output23/X (sky130_fd_sc_hd__buf_8)
                                                         P[15] (net)
                      0.066632    0.001034    2.804414 ^ P[15] (out)
                                              2.804414   data arrival time

                      0.000000    0.000000    0.000000   clock __VIRTUAL_CLK__ (rise edge)
                                  0.000000    0.000000   clock network delay (ideal)
                                  0.250000    0.250000   clock uncertainty
                                  0.000000    0.250000   clock reconvergence pessimism
                                 -2.000000   -1.750000   output external delay
                                             -1.750000   data required time
---------------------------------------------------------------------------------------------
                                             -1.750000   data required time
                                             -2.804414   data arrival time
---------------------------------------------------------------------------------------------
                                              4.554414   slack (MET)


Startpoint: A[7] (input port clocked by __VIRTUAL_CLK__)
Endpoint: P[14] (output port clocked by __VIRTUAL_CLK__)
Path Group: __VIRTUAL_CLK__
Path Type: min

Fanout         Cap        Slew       Delay        Time   Description
---------------------------------------------------------------------------------------------
                      0.000000    0.000000    0.000000   clock __VIRTUAL_CLK__ (rise edge)
                                  0.000000    0.000000   clock network delay (ideal)
                                  2.000000    2.000000 ^ input external delay
     1    0.004203    0.025830    0.015265    2.015265 ^ A[7] (in)
                                                         A[7] (net)
                      0.025830    0.000000    2.015265 ^ input8/A (sky130_fd_sc_hd__buf_2)
     8    0.032616    0.162671    0.184417    2.199682 ^ input8/X (sky130_fd_sc_hd__buf_2)
                                                         net8 (net)
                      0.162681    0.001047    2.200729 ^ _575_/A2 (sky130_fd_sc_hd__a41o_1)
     2    0.009465    0.097313    0.230205    2.430934 ^ _575_/X (sky130_fd_sc_hd__a41o_1)
                                                         _216_ (net)
                      0.097313    0.000333    2.431267 ^ _577_/B (sky130_fd_sc_hd__xor2_1)
     2    0.009364    0.061901    0.104617    2.535884 v _577_/X (sky130_fd_sc_hd__xor2_1)
                                                         _218_ (net)
                      0.061902    0.000359    2.536243 v _579_/B (sky130_fd_sc_hd__xor2_1)
     1    0.005602    0.047436    0.155231    2.691474 v _579_/X (sky130_fd_sc_hd__xor2_1)
                                                         net22 (net)
                      0.047436    0.000157    2.691631 v output22/A (sky130_fd_sc_hd__buf_6)
     1    0.034983    0.044240    0.137913    2.829545 v output22/X (sky130_fd_sc_hd__buf_6)
                                                         P[14] (net)
                      0.044271    0.001064    2.830608 v P[14] (out)
                                              2.830608   data arrival time

                      0.000000    0.000000    0.000000   clock __VIRTUAL_CLK__ (rise edge)
                                  0.000000    0.000000   clock network delay (ideal)
                                  0.250000    0.250000   clock uncertainty
                                  0.000000    0.250000   clock reconvergence pessimism
                                 -2.000000   -1.750000   output external delay
                                             -1.750000   data required time
---------------------------------------------------------------------------------------------
                                             -1.750000   data required time
                                             -2.830608   data arrival time
---------------------------------------------------------------------------------------------
                                              4.580608   slack (MET)


Startpoint: A[2] (input port clocked by __VIRTUAL_CLK__)
Endpoint: P[3] (output port clocked by __VIRTUAL_CLK__)
Path Group: __VIRTUAL_CLK__
Path Type: min

Fanout         Cap        Slew       Delay        Time   Description
---------------------------------------------------------------------------------------------
                      0.000000    0.000000    0.000000   clock __VIRTUAL_CLK__ (rise edge)
                                  0.000000    0.000000   clock network delay (ideal)
                                  2.000000    2.000000 v input external delay
     1    0.003605    0.010500    0.005806    2.005806 v A[2] (in)
                                                         A[2] (net)
                      0.010505    0.000000    2.005806 v input3/A (sky130_fd_sc_hd__clkbuf_2)
     3    0.016229    0.068658    0.123845    2.129651 v input3/X (sky130_fd_sc_hd__clkbuf_2)
                                                         net3 (net)
                      0.068672    0.000971    2.130622 v fanout38/A (sky130_fd_sc_hd__buf_6)
     5    0.024949    0.036899    0.139826    2.270448 v fanout38/X (sky130_fd_sc_hd__buf_6)
                                                         net38 (net)
                      0.037062    0.001978    2.272427 v _300_/B (sky130_fd_sc_hd__nand2_2)
     5    0.015772    0.089624    0.098672    2.371098 ^ _300_/Y (sky130_fd_sc_hd__nand2_2)
                                                         _236_ (net)
                      0.089625    0.000312    2.371410 ^ _301_/B (sky130_fd_sc_hd__nor2_1)
     4    0.012160    0.063358    0.082693    2.454103 v _301_/Y (sky130_fd_sc_hd__nor2_1)
                                                         _237_ (net)
                      0.063361    0.000528    2.454631 v _314_/A (sky130_fd_sc_hd__nand2_1)
     2    0.008033    0.082486    0.094536    2.549167 ^ _314_/Y (sky130_fd_sc_hd__nand2_1)
                                                         _249_ (net)
                      0.082487    0.000234    2.549402 ^ _316_/A (sky130_fd_sc_hd__and2_1)
     1    0.005547    0.069495    0.141987    2.691389 ^ _316_/X (sky130_fd_sc_hd__and2_1)
                                                         net26 (net)
                      0.069495    0.000257    2.691646 ^ output26/A (sky130_fd_sc_hd__buf_2)
     1    0.034785    0.172769    0.208595    2.900241 ^ output26/X (sky130_fd_sc_hd__buf_2)
                                                         P[3] (net)
                      0.172772    0.000993    2.901235 ^ P[3] (out)
                                              2.901235   data arrival time

                      0.000000    0.000000    0.000000   clock __VIRTUAL_CLK__ (rise edge)
                                  0.000000    0.000000   clock network delay (ideal)
                                  0.250000    0.250000   clock uncertainty
                                  0.000000    0.250000   clock reconvergence pessimism
                                 -2.000000   -1.750000   output external delay
                                             -1.750000   data required time
---------------------------------------------------------------------------------------------
                                             -1.750000   data required time
                                             -2.901235   data arrival time
---------------------------------------------------------------------------------------------
                                              4.651235   slack (MET)


Startpoint: B[0] (input port clocked by __VIRTUAL_CLK__)
Endpoint: P[5] (output port clocked by __VIRTUAL_CLK__)
Path Group: __VIRTUAL_CLK__
Path Type: min

Fanout         Cap        Slew       Delay        Time   Description
---------------------------------------------------------------------------------------------
                      0.000000    0.000000    0.000000   clock __VIRTUAL_CLK__ (rise edge)
                                  0.000000    0.000000   clock network delay (ideal)
                                  2.000000    2.000000 ^ input external delay
     1    0.004381    0.026599    0.015878    2.015878 ^ B[0] (in)
                                                         B[0] (net)
                      0.026600    0.000000    2.015878 ^ input9/A (sky130_fd_sc_hd__buf_4)
     4    0.026159    0.081203    0.132696    2.148574 ^ input9/X (sky130_fd_sc_hd__buf_4)
                                                         net9 (net)
                      0.081305    0.001818    2.150392 ^ fanout33/A (sky130_fd_sc_hd__buf_8)
    10    0.041921    0.077518    0.135565    2.285957 ^ fanout33/X (sky130_fd_sc_hd__buf_8)
                                                         net33 (net)
                      0.077532    0.000857    2.286815 ^ _333_/A (sky130_fd_sc_hd__and3_1)
     3    0.009385    0.105644    0.193316    2.480131 ^ _333_/X (sky130_fd_sc_hd__and3_1)
                                                         _267_ (net)
                      0.105644    0.000142    2.480273 ^ _582_/B (sky130_fd_sc_hd__or3b_1)
     1    0.002082    0.032536    0.110019    2.590291 ^ _582_/X (sky130_fd_sc_hd__or3b_1)
                                                         _222_ (net)
                      0.032536    0.000041    2.590333 ^ _583_/B (sky130_fd_sc_hd__and2b_1)
     1    0.005613    0.063946    0.127961    2.718293 ^ _583_/X (sky130_fd_sc_hd__and2b_1)
                                                         net28 (net)
                      0.063946    0.000259    2.718552 ^ output28/A (sky130_fd_sc_hd__buf_2)
     1    0.034740    0.172522    0.206411    2.924963 ^ output28/X (sky130_fd_sc_hd__buf_2)
                                                         P[5] (net)
                      0.172525    0.000977    2.925940 ^ P[5] (out)
                                              2.925940   data arrival time

                      0.000000    0.000000    0.000000   clock __VIRTUAL_CLK__ (rise edge)
                                  0.000000    0.000000   clock network delay (ideal)
                                  0.250000    0.250000   clock uncertainty
                                  0.000000    0.250000   clock reconvergence pessimism
                                 -2.000000   -1.750000   output external delay
                                             -1.750000   data required time
---------------------------------------------------------------------------------------------
                                             -1.750000   data required time
                                             -2.925940   data arrival time
---------------------------------------------------------------------------------------------
                                              4.675940   slack (MET)


Startpoint: B[0] (input port clocked by __VIRTUAL_CLK__)
Endpoint: P[6] (output port clocked by __VIRTUAL_CLK__)
Path Group: __VIRTUAL_CLK__
Path Type: min

Fanout         Cap        Slew       Delay        Time   Description
---------------------------------------------------------------------------------------------
                      0.000000    0.000000    0.000000   clock __VIRTUAL_CLK__ (rise edge)
                                  0.000000    0.000000   clock network delay (ideal)
                                  2.000000    2.000000 ^ input external delay
     1    0.004381    0.026599    0.015878    2.015878 ^ B[0] (in)
                                                         B[0] (net)
                      0.026600    0.000000    2.015878 ^ input9/A (sky130_fd_sc_hd__buf_4)
     4    0.026159    0.081203    0.132696    2.148574 ^ input9/X (sky130_fd_sc_hd__buf_4)
                                                         net9 (net)
                      0.081305    0.001818    2.150392 ^ fanout33/A (sky130_fd_sc_hd__buf_8)
    10    0.041921    0.077518    0.135565    2.285957 ^ fanout33/X (sky130_fd_sc_hd__buf_8)
                                                         net33 (net)
                      0.077532    0.000857    2.286815 ^ _333_/A (sky130_fd_sc_hd__and3_1)
     3    0.009385    0.105644    0.193316    2.480131 ^ _333_/X (sky130_fd_sc_hd__and3_1)
                                                         _267_ (net)
                      0.105644    0.000224    2.480355 ^ _381_/A2 (sky130_fd_sc_hd__o21ba_1)
     3    0.017192    0.174677    0.222309    2.702664 ^ _381_/X (sky130_fd_sc_hd__o21ba_1)
                                                         _030_ (net)
                      0.174677    0.000710    2.703374 ^ _382_/A (sky130_fd_sc_hd__xor2_2)
     1    0.007741    0.042040    0.105449    2.808823 v _382_/X (sky130_fd_sc_hd__xor2_2)
                                                         net29 (net)
                      0.042065    0.000397    2.809221 v output29/A (sky130_fd_sc_hd__buf_6)
     1    0.035152    0.044394    0.135670    2.944890 v output29/X (sky130_fd_sc_hd__buf_6)
                                                         P[6] (net)
                      0.044429    0.001127    2.946017 v P[6] (out)
                                              2.946017   data arrival time

                      0.000000    0.000000    0.000000   clock __VIRTUAL_CLK__ (rise edge)
                                  0.000000    0.000000   clock network delay (ideal)
                                  0.250000    0.250000   clock uncertainty
                                  0.000000    0.250000   clock reconvergence pessimism
                                 -2.000000   -1.750000   output external delay
                                             -1.750000   data required time
---------------------------------------------------------------------------------------------
                                             -1.750000   data required time
                                             -2.946017   data arrival time
---------------------------------------------------------------------------------------------
                                              4.696017   slack (MET)


Startpoint: B[4] (input port clocked by __VIRTUAL_CLK__)
Endpoint: P[8] (output port clocked by __VIRTUAL_CLK__)
Path Group: __VIRTUAL_CLK__
Path Type: min

Fanout         Cap        Slew       Delay        Time   Description
---------------------------------------------------------------------------------------------
                      0.000000    0.000000    0.000000   clock __VIRTUAL_CLK__ (rise edge)
                                  0.000000    0.000000   clock network delay (ideal)
                                  2.000000    2.000000 v input external delay
     1    0.003747    0.010829    0.006045    2.006045 v B[4] (in)
                                                         B[4] (net)
                      0.010834    0.000000    2.006045 v input13/A (sky130_fd_sc_hd__buf_2)
     8    0.033007    0.087274    0.162494    2.168539 v input13/X (sky130_fd_sc_hd__buf_2)
                                                         net13 (net)
                      0.087331    0.002016    2.170555 v _442_/A (sky130_fd_sc_hd__nand2_1)
     4    0.014936    0.142614    0.147875    2.318430 ^ _442_/Y (sky130_fd_sc_hd__nand2_1)
                                                         _089_ (net)
                      0.142619    0.000720    2.319149 ^ _443_/B (sky130_fd_sc_hd__nand2_1)
     1    0.003219    0.043973    0.073301    2.392451 v _443_/Y (sky130_fd_sc_hd__nand2_1)
                                                         _090_ (net)
                      0.043973    0.000105    2.392556 v _445_/A (sky130_fd_sc_hd__nand2_1)
     2    0.006394    0.067629    0.075835    2.468391 ^ _445_/Y (sky130_fd_sc_hd__nand2_1)
                                                         _092_ (net)
                      0.067630    0.000190    2.468581 ^ _447_/C (sky130_fd_sc_hd__nand3_1)
     1    0.005319    0.072334    0.094013    2.562594 v _447_/Y (sky130_fd_sc_hd__nand3_1)
                                                         _094_ (net)
                      0.072334    0.000188    2.562783 v _448_/B (sky130_fd_sc_hd__nand2_2)
     3    0.019238    0.107092    0.126302    2.689085 ^ _448_/Y (sky130_fd_sc_hd__nand2_2)
                                                         _095_ (net)
                      0.107096    0.000533    2.689618 ^ _450_/A (sky130_fd_sc_hd__xor2_1)
     1    0.007134    0.053330    0.099011    2.788629 v _450_/X (sky130_fd_sc_hd__xor2_1)
                                                         net31 (net)
                      0.053332    0.000352    2.788981 v output31/A (sky130_fd_sc_hd__buf_4)
     1    0.034193    0.059007    0.171364    2.960345 v output31/X (sky130_fd_sc_hd__buf_4)
                                                         P[8] (net)
                      0.059023    0.000930    2.961275 v P[8] (out)
                                              2.961275   data arrival time

                      0.000000    0.000000    0.000000   clock __VIRTUAL_CLK__ (rise edge)
                                  0.000000    0.000000   clock network delay (ideal)
                                  0.250000    0.250000   clock uncertainty
                                  0.000000    0.250000   clock reconvergence pessimism
                                 -2.000000   -1.750000   output external delay
                                             -1.750000   data required time
---------------------------------------------------------------------------------------------
                                             -1.750000   data required time
                                             -2.961275   data arrival time
---------------------------------------------------------------------------------------------
                                              4.711275   slack (MET)


Startpoint: B[4] (input port clocked by __VIRTUAL_CLK__)
Endpoint: P[9] (output port clocked by __VIRTUAL_CLK__)
Path Group: __VIRTUAL_CLK__
Path Type: min

Fanout         Cap        Slew       Delay        Time   Description
---------------------------------------------------------------------------------------------
                      0.000000    0.000000    0.000000   clock __VIRTUAL_CLK__ (rise edge)
                                  0.000000    0.000000   clock network delay (ideal)
                                  2.000000    2.000000 v input external delay
     1    0.003747    0.010829    0.006045    2.006045 v B[4] (in)
                                                         B[4] (net)
                      0.010834    0.000000    2.006045 v input13/A (sky130_fd_sc_hd__buf_2)
     8    0.033007    0.087274    0.162494    2.168539 v input13/X (sky130_fd_sc_hd__buf_2)
                                                         net13 (net)
                      0.087331    0.002016    2.170555 v _442_/A (sky130_fd_sc_hd__nand2_1)
     4    0.014936    0.142614    0.147875    2.318430 ^ _442_/Y (sky130_fd_sc_hd__nand2_1)
                                                         _089_ (net)
                      0.142619    0.000720    2.319149 ^ _443_/B (sky130_fd_sc_hd__nand2_1)
     1    0.003219    0.043973    0.073301    2.392451 v _443_/Y (sky130_fd_sc_hd__nand2_1)
                                                         _090_ (net)
                      0.043973    0.000105    2.392556 v _445_/A (sky130_fd_sc_hd__nand2_1)
     2    0.006394    0.067629    0.075835    2.468391 ^ _445_/Y (sky130_fd_sc_hd__nand2_1)
                                                         _092_ (net)
                      0.067630    0.000197    2.468589 ^ _446_/B1 (sky130_fd_sc_hd__a21o_1)
     3    0.011504    0.105525    0.133835    2.602424 ^ _446_/X (sky130_fd_sc_hd__a21o_1)
                                                         _093_ (net)
                      0.105525    0.000333    2.602756 ^ _479_/B1 (sky130_fd_sc_hd__o21a_1)
     1    0.009341    0.096409    0.170858    2.773614 ^ _479_/X (sky130_fd_sc_hd__o21a_1)
                                                         _125_ (net)
                      0.096409    0.000250    2.773865 ^ _480_/B (sky130_fd_sc_hd__xnor2_2)
     1    0.008892    0.054402    0.082802    2.856666 v _480_/Y (sky130_fd_sc_hd__xnor2_2)
                                                         net32 (net)
                      0.054405    0.000483    2.857150 v output32/A (sky130_fd_sc_hd__buf_6)
     1    0.034175    0.043588    0.140452    2.997601 v output32/X (sky130_fd_sc_hd__buf_6)
                                                         P[9] (net)
                      0.043611    0.000921    2.998522 v P[9] (out)
                                              2.998522   data arrival time

                      0.000000    0.000000    0.000000   clock __VIRTUAL_CLK__ (rise edge)
                                  0.000000    0.000000   clock network delay (ideal)
                                  0.250000    0.250000   clock uncertainty
                                  0.000000    0.250000   clock reconvergence pessimism
                                 -2.000000   -1.750000   output external delay
                                             -1.750000   data required time
---------------------------------------------------------------------------------------------
                                             -1.750000   data required time
                                             -2.998522   data arrival time
---------------------------------------------------------------------------------------------
                                              4.748522   slack (MET)


Startpoint: A[5] (input port clocked by __VIRTUAL_CLK__)
Endpoint: P[10] (output port clocked by __VIRTUAL_CLK__)
Path Group: __VIRTUAL_CLK__
Path Type: min

Fanout         Cap        Slew       Delay        Time   Description
---------------------------------------------------------------------------------------------
                      0.000000    0.000000    0.000000   clock __VIRTUAL_CLK__ (rise edge)
                                  0.000000    0.000000   clock network delay (ideal)
                                  2.000000    2.000000 v input external delay
     1    0.002619    0.008207    0.004134    2.004134 v A[5] (in)
                                                         A[5] (net)
                      0.008207    0.000000    2.004134 v input6/A (sky130_fd_sc_hd__buf_2)
    10    0.036745    0.092873    0.167258    2.171391 v input6/X (sky130_fd_sc_hd__buf_2)
                                                         net6 (net)
                      0.093188    0.004065    2.175457 v _287_/A (sky130_fd_sc_hd__inv_2)
     2    0.005354    0.040941    0.067655    2.243112 ^ _287_/Y (sky130_fd_sc_hd__inv_2)
                                                         _225_ (net)
                      0.040941    0.000087    2.243199 ^ _474_/A1 (sky130_fd_sc_hd__o211a_1)
     2    0.010937    0.101428    0.195221    2.438420 ^ _474_/X (sky130_fd_sc_hd__o211a_1)
                                                         _120_ (net)
                      0.101430    0.000626    2.439046 ^ _475_/B (sky130_fd_sc_hd__xnor2_1)
     2    0.007232    0.065564    0.096300    2.535345 v _475_/Y (sky130_fd_sc_hd__xnor2_1)
                                                         _121_ (net)
                      0.065565    0.000339    2.535684 v _477_/B1 (sky130_fd_sc_hd__a21o_1)
     2    0.011738    0.067661    0.195549    2.731233 v _477_/X (sky130_fd_sc_hd__a21o_1)
                                                         _123_ (net)
                      0.067662    0.000400    2.731632 v _511_/B1 (sky130_fd_sc_hd__o311ai_4)
     3    0.017780    0.087579    0.114236    2.845869 ^ _511_/Y (sky130_fd_sc_hd__o311ai_4)
                                                         _156_ (net)
                      0.087583    0.001096    2.846965 ^ _512_/B (sky130_fd_sc_hd__xor2_1)
     1    0.005881    0.048562    0.084401    2.931366 v _512_/X (sky130_fd_sc_hd__xor2_1)
                                                         net18 (net)
                      0.048563    0.000237    2.931603 v output18/A (sky130_fd_sc_hd__buf_2)
     1    0.034434    0.089993    0.181672    3.113276 v output18/X (sky130_fd_sc_hd__buf_2)
                                                         P[10] (net)
                      0.090005    0.000997    3.114273 v P[10] (out)
                                              3.114273   data arrival time

                      0.000000    0.000000    0.000000   clock __VIRTUAL_CLK__ (rise edge)
                                  0.000000    0.000000   clock network delay (ideal)
                                  0.250000    0.250000   clock uncertainty
                                  0.000000    0.250000   clock reconvergence pessimism
                                 -2.000000   -1.750000   output external delay
                                             -1.750000   data required time
---------------------------------------------------------------------------------------------
                                             -1.750000   data required time
                                             -3.114273   data arrival time
---------------------------------------------------------------------------------------------
                                              4.864273   slack (MET)


Startpoint: A[3] (input port clocked by __VIRTUAL_CLK__)
Endpoint: P[13] (output port clocked by __VIRTUAL_CLK__)
Path Group: __VIRTUAL_CLK__
Path Type: min

Fanout         Cap        Slew       Delay        Time   Description
---------------------------------------------------------------------------------------------
                      0.000000    0.000000    0.000000   clock __VIRTUAL_CLK__ (rise edge)
                                  0.000000    0.000000   clock network delay (ideal)
                                  2.000000    2.000000 ^ input external delay
     1    0.003606    0.023226    0.013151    2.013151 ^ A[3] (in)
                                                         A[3] (net)
                      0.023234    0.000000    2.013151 ^ input4/A (sky130_fd_sc_hd__clkbuf_2)
     3    0.018948    0.109192    0.143219    2.156370 ^ input4/X (sky130_fd_sc_hd__clkbuf_2)
                                                         net4 (net)
                      0.109215    0.001297    2.157667 ^ _527_/A1 (sky130_fd_sc_hd__a311o_1)
     2    0.014800    0.166078    0.255450    2.413117 ^ _527_/X (sky130_fd_sc_hd__a311o_1)
                                                         _171_ (net)
                      0.166080    0.000904    2.414021 ^ _528_/A (sky130_fd_sc_hd__inv_2)
     1    0.003339    0.033797    0.041786    2.455807 v _528_/Y (sky130_fd_sc_hd__inv_2)
                                                         _172_ (net)
                      0.033797    0.000112    2.455920 v _530_/A (sky130_fd_sc_hd__nor2_1)
     2    0.006706    0.139315    0.140405    2.596325 ^ _530_/Y (sky130_fd_sc_hd__nor2_1)
                                                         _174_ (net)
                      0.139316    0.000245    2.596570 ^ _552_/A (sky130_fd_sc_hd__or3_2)
     4    0.012623    0.071177    0.171847    2.768417 ^ _552_/X (sky130_fd_sc_hd__or3_2)
                                                         _195_ (net)
                      0.071178    0.000433    2.768850 ^ _571_/A1 (sky130_fd_sc_hd__a211oi_1)
     1    0.003666    0.051280    0.072200    2.841051 v _571_/Y (sky130_fd_sc_hd__a211oi_1)
                                                         _213_ (net)
                      0.051280    0.000099    2.841149 v _573_/A (sky130_fd_sc_hd__nor2_1)
     1    0.003988    0.094675    0.113370    2.954520 ^ _573_/Y (sky130_fd_sc_hd__nor2_1)
                                                         net21 (net)
                      0.094675    0.000143    2.954663 ^ output21/A (sky130_fd_sc_hd__buf_4)
     1    0.035103    0.104794    0.175264    3.129926 ^ output21/X (sky130_fd_sc_hd__buf_4)
                                                         P[13] (net)
                      0.104805    0.001120    3.131047 ^ P[13] (out)
                                              3.131047   data arrival time

                      0.000000    0.000000    0.000000   clock __VIRTUAL_CLK__ (rise edge)
                                  0.000000    0.000000   clock network delay (ideal)
                                  0.250000    0.250000   clock uncertainty
                                  0.000000    0.250000   clock reconvergence pessimism
                                 -2.000000   -1.750000   output external delay
                                             -1.750000   data required time
---------------------------------------------------------------------------------------------
                                             -1.750000   data required time
                                             -3.131047   data arrival time
---------------------------------------------------------------------------------------------
                                              4.881047   slack (MET)


Startpoint: A[3] (input port clocked by __VIRTUAL_CLK__)
Endpoint: P[12] (output port clocked by __VIRTUAL_CLK__)
Path Group: __VIRTUAL_CLK__
Path Type: min

Fanout         Cap        Slew       Delay        Time   Description
---------------------------------------------------------------------------------------------
                      0.000000    0.000000    0.000000   clock __VIRTUAL_CLK__ (rise edge)
                                  0.000000    0.000000   clock network delay (ideal)
                                  2.000000    2.000000 ^ input external delay
     1    0.003606    0.023226    0.013151    2.013151 ^ A[3] (in)
                                                         A[3] (net)
                      0.023234    0.000000    2.013151 ^ input4/A (sky130_fd_sc_hd__clkbuf_2)
     3    0.018948    0.109192    0.143219    2.156370 ^ input4/X (sky130_fd_sc_hd__clkbuf_2)
                                                         net4 (net)
                      0.109215    0.001297    2.157667 ^ _527_/A1 (sky130_fd_sc_hd__a311o_1)
     2    0.014800    0.166078    0.255450    2.413117 ^ _527_/X (sky130_fd_sc_hd__a311o_1)
                                                         _171_ (net)
                      0.166080    0.000904    2.414021 ^ _528_/A (sky130_fd_sc_hd__inv_2)
     1    0.003339    0.033797    0.041786    2.455807 v _528_/Y (sky130_fd_sc_hd__inv_2)
                                                         _172_ (net)
                      0.033797    0.000112    2.455920 v _530_/A (sky130_fd_sc_hd__nor2_1)
     2    0.006706    0.139315    0.140405    2.596325 ^ _530_/Y (sky130_fd_sc_hd__nor2_1)
                                                         _174_ (net)
                      0.139316    0.000245    2.596570 ^ _552_/A (sky130_fd_sc_hd__or3_2)
     4    0.012623    0.071177    0.171847    2.768417 ^ _552_/X (sky130_fd_sc_hd__or3_2)
                                                         _195_ (net)
                      0.071177    0.000188    2.768605 ^ _555_/A (sky130_fd_sc_hd__nand2_1)
     1    0.006223    0.051795    0.070248    2.838853 v _555_/Y (sky130_fd_sc_hd__nand2_1)
                                                         _198_ (net)
                      0.051797    0.000252    2.839105 v _558_/A (sky130_fd_sc_hd__xnor2_1)
     1    0.008901    0.075406    0.156142    2.995247 v _558_/Y (sky130_fd_sc_hd__xnor2_1)
                                                         net20 (net)
                      0.075435    0.000439    2.995686 v output20/A (sky130_fd_sc_hd__buf_6)
     1    0.034368    0.043768    0.150273    3.145959 v output20/X (sky130_fd_sc_hd__buf_6)
                                                         P[12] (net)
                      0.043793    0.000967    3.146926 v P[12] (out)
                                              3.146926   data arrival time

                      0.000000    0.000000    0.000000   clock __VIRTUAL_CLK__ (rise edge)
                                  0.000000    0.000000   clock network delay (ideal)
                                  0.250000    0.250000   clock uncertainty
                                  0.000000    0.250000   clock reconvergence pessimism
                                 -2.000000   -1.750000   output external delay
                                             -1.750000   data required time
---------------------------------------------------------------------------------------------
                                             -1.750000   data required time
                                             -3.146926   data arrival time
---------------------------------------------------------------------------------------------
                                              4.896925   slack (MET)


Startpoint: B[4] (input port clocked by __VIRTUAL_CLK__)
Endpoint: P[11] (output port clocked by __VIRTUAL_CLK__)
Path Group: __VIRTUAL_CLK__
Path Type: min

Fanout         Cap        Slew       Delay        Time   Description
---------------------------------------------------------------------------------------------
                      0.000000    0.000000    0.000000   clock __VIRTUAL_CLK__ (rise edge)
                                  0.000000    0.000000   clock network delay (ideal)
                                  2.000000    2.000000 v input external delay
     1    0.003747    0.010829    0.006045    2.006045 v B[4] (in)
                                                         B[4] (net)
                      0.010834    0.000000    2.006045 v input13/A (sky130_fd_sc_hd__buf_2)
     8    0.033007    0.087274    0.162494    2.168539 v input13/X (sky130_fd_sc_hd__buf_2)
                                                         net13 (net)
                      0.087328    0.001976    2.170515 v _481_/A (sky130_fd_sc_hd__nand2_1)
     4    0.013383    0.129140    0.138375    2.308889 ^ _481_/Y (sky130_fd_sc_hd__nand2_1)
                                                         _126_ (net)
                      0.129141    0.000230    2.309120 ^ _486_/A (sky130_fd_sc_hd__nand2_1)
     1    0.002419    0.040095    0.061638    2.370758 v _486_/Y (sky130_fd_sc_hd__nand2_1)
                                                         _131_ (net)
                      0.040095    0.000056    2.370814 v _487_/B (sky130_fd_sc_hd__and2_1)
     2    0.005813    0.045955    0.162353    2.533166 v _487_/X (sky130_fd_sc_hd__and2_1)
                                                         _132_ (net)
                      0.045955    0.000121    2.533288 v _505_/A (sky130_fd_sc_hd__nand3_1)
     4    0.010627    0.118518    0.115071    2.648359 ^ _505_/Y (sky130_fd_sc_hd__nand3_1)
                                                         _150_ (net)
                      0.118519    0.000236    2.648595 ^ _508_/B (sky130_fd_sc_hd__nand3b_1)
     2    0.005878    0.081451    0.108791    2.757385 v _508_/Y (sky130_fd_sc_hd__nand3b_1)
                                                         _153_ (net)
                      0.081451    0.000141    2.757526 v _537_/B1_N (sky130_fd_sc_hd__a21bo_1)
     1    0.009793    0.089028    0.226125    2.983652 ^ _537_/X (sky130_fd_sc_hd__a21bo_1)
                                                         _181_ (net)
                      0.089028    0.000306    2.983958 ^ _538_/B (sky130_fd_sc_hd__xor2_2)
     1    0.008674    0.044222    0.082082    3.066040 v _538_/X (sky130_fd_sc_hd__xor2_2)
                                                         net19 (net)
                      0.044246    0.000416    3.066455 v output19/A (sky130_fd_sc_hd__buf_6)
     1    0.035156    0.044375    0.136674    3.203130 v output19/X (sky130_fd_sc_hd__buf_6)
                                                         P[11] (net)
                      0.044404    0.001034    3.204164 v P[11] (out)
                                              3.204164   data arrival time

                      0.000000    0.000000    0.000000   clock __VIRTUAL_CLK__ (rise edge)
                                  0.000000    0.000000   clock network delay (ideal)
                                  0.250000    0.250000   clock uncertainty
                                  0.000000    0.250000   clock reconvergence pessimism
                                 -2.000000   -1.750000   output external delay
                                             -1.750000   data required time
---------------------------------------------------------------------------------------------
                                             -1.750000   data required time
                                             -3.204164   data arrival time
---------------------------------------------------------------------------------------------
                                              4.954164   slack (MET)


Startpoint: B[0] (input port clocked by __VIRTUAL_CLK__)
Endpoint: P[7] (output port clocked by __VIRTUAL_CLK__)
Path Group: __VIRTUAL_CLK__
Path Type: min

Fanout         Cap        Slew       Delay        Time   Description
---------------------------------------------------------------------------------------------
                      0.000000    0.000000    0.000000   clock __VIRTUAL_CLK__ (rise edge)
                                  0.000000    0.000000   clock network delay (ideal)
                                  2.000000    2.000000 ^ input external delay
     1    0.004381    0.026599    0.015878    2.015878 ^ B[0] (in)
                                                         B[0] (net)
                      0.026600    0.000000    2.015878 ^ input9/A (sky130_fd_sc_hd__buf_4)
     4    0.026159    0.081203    0.132696    2.148574 ^ input9/X (sky130_fd_sc_hd__buf_4)
                                                         net9 (net)
                      0.081305    0.001818    2.150392 ^ fanout33/A (sky130_fd_sc_hd__buf_8)
    10    0.041921    0.077518    0.135565    2.285957 ^ fanout33/X (sky130_fd_sc_hd__buf_8)
                                                         net33 (net)
                      0.077532    0.000857    2.286815 ^ _333_/A (sky130_fd_sc_hd__and3_1)
     3    0.009385    0.105644    0.193316    2.480131 ^ _333_/X (sky130_fd_sc_hd__and3_1)
                                                         _267_ (net)
                      0.105644    0.000224    2.480355 ^ _381_/A2 (sky130_fd_sc_hd__o21ba_1)
     3    0.017192    0.174677    0.222309    2.702664 ^ _381_/X (sky130_fd_sc_hd__o21ba_1)
                                                         _030_ (net)
                      0.174677    0.000442    2.703106 ^ _414_/A2 (sky130_fd_sc_hd__a21o_1)
     2    0.014160    0.127718    0.206386    2.909492 ^ _414_/X (sky130_fd_sc_hd__a21o_1)
                                                         _062_ (net)
                      0.127760    0.000499    2.909991 ^ rebuffer49/A (sky130_fd_sc_hd__clkbuf_2)
     1    0.009645    0.061996    0.146833    3.056823 ^ rebuffer49/X (sky130_fd_sc_hd__clkbuf_2)
                                                         net100 (net)
                      0.061996    0.000203    3.057027 ^ _415_/A (sky130_fd_sc_hd__xor2_2)
     1    0.009886    0.046918    0.083059    3.140086 v _415_/X (sky130_fd_sc_hd__xor2_2)
                                                         net30 (net)
                      0.046927    0.000629    3.140715 v output30/A (sky130_fd_sc_hd__buf_6)
     1    0.034612    0.043936    0.137495    3.278209 v output30/X (sky130_fd_sc_hd__buf_6)
                                                         P[7] (net)
                      0.043959    0.000927    3.279136 v P[7] (out)
                                              3.279136   data arrival time

                      0.000000    0.000000    0.000000   clock __VIRTUAL_CLK__ (rise edge)
                                  0.000000    0.000000   clock network delay (ideal)
                                  0.250000    0.250000   clock uncertainty
                                  0.000000    0.250000   clock reconvergence pessimism
                                 -2.000000   -1.750000   output external delay
                                             -1.750000   data required time
---------------------------------------------------------------------------------------------
                                             -1.750000   data required time
                                             -3.279136   data arrival time
---------------------------------------------------------------------------------------------
                                              5.029136   slack (MET)



