
===========================================================================
report_checks -unconstrained
===========================================================================
======================= nom_ff_n40C_1v95 Corner ===================================

Startpoint: a[3] (input port clocked by __VIRTUAL_CLK__)
Endpoint: y[13] (output port clocked by __VIRTUAL_CLK__)
Path Group: __VIRTUAL_CLK__
Path Type: max

Fanout         Cap        Slew       Delay        Time   Description
---------------------------------------------------------------------------------------------
                      0.000000    0.000000    0.000000   clock __VIRTUAL_CLK__ (rise edge)
                                  0.000000    0.000000   clock network delay (ideal)
                                  2.000000    2.000000 ^ input external delay
     1    0.003265    0.015585    0.008463    2.008463 ^ a[3] (in)
                                                         a[3] (net)
                      0.015585    0.000000    2.008463 ^ input4/A (sky130_fd_sc_hd__clkbuf_2)
     5    0.023903    0.103331    0.112456    2.120919 ^ input4/X (sky130_fd_sc_hd__clkbuf_2)
                                                         net4 (net)
                      0.103339    0.000743    2.121663 ^ fanout40/A (sky130_fd_sc_hd__buf_2)
    10    0.042447    0.157148    0.174582    2.296245 ^ fanout40/X (sky130_fd_sc_hd__buf_2)
                                                         net40 (net)
                      0.157181    0.001878    2.298124 ^ _321_/B (sky130_fd_sc_hd__nand2_1)
     3    0.007844    0.057394    0.062865    2.360989 v _321_/Y (sky130_fd_sc_hd__nand2_1)
                                                         _254_ (net)
                      0.057394    0.000157    2.361146 v _324_/B (sky130_fd_sc_hd__or3_4)
     2    0.006585    0.048267    0.228857    2.590003 v _324_/X (sky130_fd_sc_hd__or3_4)
                                                         _257_ (net)
                      0.048268    0.000173    2.590176 v _327_/A2 (sky130_fd_sc_hd__a21o_1)
     3    0.009590    0.044384    0.138377    2.728554 v _327_/X (sky130_fd_sc_hd__a21o_1)
                                                         _260_ (net)
                      0.044385    0.000298    2.728851 v _359_/A1 (sky130_fd_sc_hd__a21bo_1)
     2    0.008296    0.041750    0.124821    2.853672 v _359_/X (sky130_fd_sc_hd__a21bo_1)
                                                         _011_ (net)
                      0.041750    0.000206    2.853878 v _360_/C (sky130_fd_sc_hd__nand3_2)
     4    0.019358    0.089862    0.090317    2.944195 ^ _360_/Y (sky130_fd_sc_hd__nand3_2)
                                                         _012_ (net)
                      0.089868    0.000592    2.944787 ^ _362_/B (sky130_fd_sc_hd__nand3_2)
     4    0.017304    0.083917    0.083840    3.028626 v _362_/Y (sky130_fd_sc_hd__nand3_2)
                                                         _014_ (net)
                      0.083946    0.000332    3.028958 v _366_/A2 (sky130_fd_sc_hd__a211o_1)
     2    0.007415    0.048940    0.213811    3.242769 v _366_/X (sky130_fd_sc_hd__a211o_1)
                                                         _018_ (net)
                      0.048940    0.000201    3.242970 v _369_/B2 (sky130_fd_sc_hd__a2bb2o_4)
     2    0.005140    0.026589    0.132261    3.375231 v _369_/X (sky130_fd_sc_hd__a2bb2o_4)
                                                         _021_ (net)
                      0.026589    0.000118    3.375349 v _406_/A2 (sky130_fd_sc_hd__a21o_1)
     2    0.009580    0.044358    0.130185    3.505534 v _406_/X (sky130_fd_sc_hd__a21o_1)
                                                         _057_ (net)
                      0.044361    0.000373    3.505907 v _439_/A1 (sky130_fd_sc_hd__a21o_1)
     4    0.018780    0.069186    0.143817    3.649724 v _439_/X (sky130_fd_sc_hd__a21o_1)
                                                         _089_ (net)
                      0.069204    0.001061    3.650785 v _542_/A2 (sky130_fd_sc_hd__a2111o_1)
     2    0.009106    0.064258    0.284749    3.935534 v _542_/X (sky130_fd_sc_hd__a2111o_1)
                                                         _188_ (net)
                      0.064259    0.000336    3.935870 v _543_/B (sky130_fd_sc_hd__and3_4)
     5    0.017520    0.037912    0.135600    4.071469 v _543_/X (sky130_fd_sc_hd__and3_4)
                                                         _189_ (net)
                      0.037927    0.000718    4.072187 v _558_/C (sky130_fd_sc_hd__or4_4)
     1    0.008894    0.063803    0.292455    4.364643 v _558_/X (sky130_fd_sc_hd__or4_4)
                                                         _203_ (net)
                      0.063803    0.000274    4.364917 v _559_/B (sky130_fd_sc_hd__nand2b_4)
     1    0.011253    0.046430    0.064409    4.429327 ^ _559_/Y (sky130_fd_sc_hd__nand2b_4)
                                                         net21 (net)
                      0.046432    0.000565    4.429892 ^ output21/A (sky130_fd_sc_hd__buf_8)
     1    0.034574    0.049725    0.082235    4.512127 ^ output21/X (sky130_fd_sc_hd__buf_8)
                                                         y[13] (net)
                      0.049740    0.000829    4.512956 ^ y[13] (out)
                                              4.512956   data arrival time

                      0.000000   10.000000   10.000000   clock __VIRTUAL_CLK__ (rise edge)
                                  0.000000   10.000000   clock network delay (ideal)
                                 -0.250000    9.750000   clock uncertainty
                                  0.000000    9.750000   clock reconvergence pessimism
                                 -2.000000    7.750000   output external delay
                                              7.750000   data required time
---------------------------------------------------------------------------------------------
                                              7.750000   data required time
                                             -4.512956   data arrival time
---------------------------------------------------------------------------------------------
                                              3.237044   slack (MET)




===========================================================================
report_checks --slack_max -0.01
============================================================================
======================= nom_ff_n40C_1v95 Corner ===================================

No paths found.


===========================================================================
 report_check_types -max_slew -max_cap -max_fanout -violators
============================================================================
======================= nom_ff_n40C_1v95 Corner ===================================



===========================================================================
report_parasitic_annotation -report_unannotated
============================================================================
Found 0 unannotated drivers.
Found 0 partially unannotated drivers.

===========================================================================
max slew violation count 0
max fanout violation count 0
max cap violation count 0
============================================================================

===========================================================================
check_setup -verbose -unconstrained_endpoints -multiple_clock -no_clock -no_input_delay -loops -generated_clocks
===========================================================================
