
===========================================================================
report_checks -path_delay min (Hold)
============================================================================
======================= min_tt_025C_1v80 Corner ===================================

Startpoint: B[0] (input port clocked by __VIRTUAL_CLK__)
Endpoint: P[4] (output port clocked by __VIRTUAL_CLK__)
Path Group: __VIRTUAL_CLK__
Path Type: min

Fanout         Cap        Slew       Delay        Time   Description
---------------------------------------------------------------------------------------------
                      0.000000    0.000000    0.000000   clock __VIRTUAL_CLK__ (rise edge)
                                  0.000000    0.000000   clock network delay (ideal)
                                  2.000000    2.000000 v input external delay
     1    0.002563    0.008084    0.004015    2.004015 v B[0] (in)
                                                         B[0] (net)
                      0.008084    0.000000    2.004015 v input9/A (sky130_fd_sc_hd__clkbuf_2)
     7    0.030784    0.120312    0.162580    2.166596 v input9/X (sky130_fd_sc_hd__clkbuf_2)
                                                         net9 (net)
                      0.120313    0.000440    2.167036 v _475_/A1 (sky130_fd_sc_hd__a21oi_1)
     1    0.003271    0.095422    0.154457    2.321493 ^ _475_/Y (sky130_fd_sc_hd__a21oi_1)
                                                         _162_ (net)
                      0.095422    0.000035    2.321528 ^ _476_/B (sky130_fd_sc_hd__nor2_1)
     1    0.002330    0.029054    0.045210    2.366738 v _476_/Y (sky130_fd_sc_hd__nor2_1)
                                                         net27 (net)
                      0.029054    0.000023    2.366760 v output27/A (sky130_fd_sc_hd__buf_2)
     1    0.033969    0.088769    0.173051    2.539812 v output27/X (sky130_fd_sc_hd__buf_2)
                                                         P[4] (net)
                      0.088769    0.000183    2.539995 v P[4] (out)
                                              2.539995   data arrival time

                      0.000000    0.000000    0.000000   clock __VIRTUAL_CLK__ (rise edge)
                                  0.000000    0.000000   clock network delay (ideal)
                                  0.250000    0.250000   clock uncertainty
                                  0.000000    0.250000   clock reconvergence pessimism
                                 -2.000000   -1.750000   output external delay
                                             -1.750000   data required time
---------------------------------------------------------------------------------------------
                                             -1.750000   data required time
                                             -2.539995   data arrival time
---------------------------------------------------------------------------------------------
                                              4.289995   slack (MET)


Startpoint: A[0] (input port clocked by __VIRTUAL_CLK__)
Endpoint: P[0] (output port clocked by __VIRTUAL_CLK__)
Path Group: __VIRTUAL_CLK__
Path Type: min

Fanout         Cap        Slew       Delay        Time   Description
---------------------------------------------------------------------------------------------
                      0.000000    0.000000    0.000000   clock __VIRTUAL_CLK__ (rise edge)
                                  0.000000    0.000000   clock network delay (ideal)
                                  2.000000    2.000000 v input external delay
     1    0.003062    0.009240    0.004863    2.004863 v A[0] (in)
                                                         A[0] (net)
                      0.009240    0.000000    2.004863 v input1/A (sky130_fd_sc_hd__buf_4)
     4    0.031721    0.056155    0.149448    2.154312 v input1/X (sky130_fd_sc_hd__buf_4)
                                                         net1 (net)
                      0.056297    0.002468    2.156780 v _470_/A (sky130_fd_sc_hd__and2_1)
     1    0.002658    0.032878    0.135751    2.292531 v _470_/X (sky130_fd_sc_hd__and2_1)
                                                         mul_ll.mul_ll.pp0 (net)
                      0.032878    0.000017    2.292548 v _477_/A (sky130_fd_sc_hd__clkbuf_1)
     1    0.002358    0.024286    0.079568    2.372116 v _477_/X (sky130_fd_sc_hd__clkbuf_1)
                                                         net17 (net)
                      0.024286    0.000023    2.372139 v output17/A (sky130_fd_sc_hd__buf_2)
     1    0.034035    0.088952    0.171107    2.543246 v output17/X (sky130_fd_sc_hd__buf_2)
                                                         P[0] (net)
                      0.088952    0.000200    2.543447 v P[0] (out)
                                              2.543447   data arrival time

                      0.000000    0.000000    0.000000   clock __VIRTUAL_CLK__ (rise edge)
                                  0.000000    0.000000   clock network delay (ideal)
                                  0.250000    0.250000   clock uncertainty
                                  0.000000    0.250000   clock reconvergence pessimism
                                 -2.000000   -1.750000   output external delay
                                             -1.750000   data required time
---------------------------------------------------------------------------------------------
                                             -1.750000   data required time
                                             -2.543447   data arrival time
---------------------------------------------------------------------------------------------
                                              4.293447   slack (MET)


Startpoint: B[0] (input port clocked by __VIRTUAL_CLK__)
Endpoint: P[2] (output port clocked by __VIRTUAL_CLK__)
Path Group: __VIRTUAL_CLK__
Path Type: min

Fanout         Cap        Slew       Delay        Time   Description
---------------------------------------------------------------------------------------------
                      0.000000    0.000000    0.000000   clock __VIRTUAL_CLK__ (rise edge)
                                  0.000000    0.000000   clock network delay (ideal)
                                  2.000000    2.000000 ^ input external delay
     1    0.002793    0.019701    0.010270    2.010270 ^ B[0] (in)
                                                         B[0] (net)
                      0.019701    0.000000    2.010270 ^ input9/A (sky130_fd_sc_hd__clkbuf_2)
     7    0.031614    0.175002    0.187691    2.197961 ^ input9/X (sky130_fd_sc_hd__clkbuf_2)
                                                         net9 (net)
                      0.175025    0.001653    2.199614 ^ _471_/A2 (sky130_fd_sc_hd__a22o_1)
     1    0.002427    0.040712    0.159795    2.359409 ^ _471_/X (sky130_fd_sc_hd__a22o_1)
                                                         _160_ (net)
                      0.040712    0.000026    2.359436 ^ _472_/B (sky130_fd_sc_hd__and2_1)
     1    0.004200    0.057783    0.123426    2.482862 ^ _472_/X (sky130_fd_sc_hd__and2_1)
                                                         net25 (net)
                      0.057783    0.000082    2.482944 ^ output25/A (sky130_fd_sc_hd__buf_2)
     1    0.034256    0.170104    0.202979    2.685923 ^ output25/X (sky130_fd_sc_hd__buf_2)
                                                         P[2] (net)
                      0.170104    0.000345    2.686268 ^ P[2] (out)
                                              2.686268   data arrival time

                      0.000000    0.000000    0.000000   clock __VIRTUAL_CLK__ (rise edge)
                                  0.000000    0.000000   clock network delay (ideal)
                                  0.250000    0.250000   clock uncertainty
                                  0.000000    0.250000   clock reconvergence pessimism
                                 -2.000000   -1.750000   output external delay
                                             -1.750000   data required time
---------------------------------------------------------------------------------------------
                                             -1.750000   data required time
                                             -2.686268   data arrival time
---------------------------------------------------------------------------------------------
                                              4.436267   slack (MET)


Startpoint: A[0] (input port clocked by __VIRTUAL_CLK__)
Endpoint: P[5] (output port clocked by __VIRTUAL_CLK__)
Path Group: __VIRTUAL_CLK__
Path Type: min

Fanout         Cap        Slew       Delay        Time   Description
---------------------------------------------------------------------------------------------
                      0.000000    0.000000    0.000000   clock __VIRTUAL_CLK__ (rise edge)
                                  0.000000    0.000000   clock network delay (ideal)
                                  2.000000    2.000000 ^ input external delay
     1    0.003310    0.021939    0.012089    2.012089 ^ A[0] (in)
                                                         A[0] (net)
                      0.021939    0.000000    2.012089 ^ input1/A (sky130_fd_sc_hd__buf_4)
     4    0.032714    0.098221    0.143371    2.155460 ^ input1/X (sky130_fd_sc_hd__buf_4)
                                                         net1 (net)
                      0.098321    0.002539    2.157999 ^ _295_/B (sky130_fd_sc_hd__and3_1)
     2    0.004796    0.066127    0.171491    2.329490 ^ _295_/X (sky130_fd_sc_hd__and3_1)
                                                         _227_ (net)
                      0.066127    0.000037    2.329528 ^ _468_/B (sky130_fd_sc_hd__or3_1)
     1    0.002114    0.032409    0.095768    2.425295 ^ _468_/X (sky130_fd_sc_hd__or3_1)
                                                         _159_ (net)
                      0.032409    0.000020    2.425315 ^ _469_/B (sky130_fd_sc_hd__and2_1)
     1    0.002398    0.042715    0.107783    2.533098 ^ _469_/X (sky130_fd_sc_hd__and2_1)
                                                         net28 (net)
                      0.042715    0.000016    2.533114 ^ output28/A (sky130_fd_sc_hd__buf_2)
     1    0.033941    0.168592    0.196346    2.729460 ^ output28/X (sky130_fd_sc_hd__buf_2)
                                                         P[5] (net)
                      0.168592    0.000174    2.729635 ^ P[5] (out)
                                              2.729635   data arrival time

                      0.000000    0.000000    0.000000   clock __VIRTUAL_CLK__ (rise edge)
                                  0.000000    0.000000   clock network delay (ideal)
                                  0.250000    0.250000   clock uncertainty
                                  0.000000    0.250000   clock reconvergence pessimism
                                 -2.000000   -1.750000   output external delay
                                             -1.750000   data required time
---------------------------------------------------------------------------------------------
                                             -1.750000   data required time
                                             -2.729635   data arrival time
---------------------------------------------------------------------------------------------
                                              4.479635   slack (MET)


Startpoint: A[7] (input port clocked by __VIRTUAL_CLK__)
Endpoint: P[15] (output port clocked by __VIRTUAL_CLK__)
Path Group: __VIRTUAL_CLK__
Path Type: min

Fanout         Cap        Slew       Delay        Time   Description
---------------------------------------------------------------------------------------------
                      0.000000    0.000000    0.000000   clock __VIRTUAL_CLK__ (rise edge)
                                  0.000000    0.000000   clock network delay (ideal)
                                  2.000000    2.000000 ^ input external delay
     1    0.002440    0.018205    0.009039    2.009039 ^ A[7] (in)
                                                         A[7] (net)
                      0.018205    0.000000    2.009039 ^ input8/A (sky130_fd_sc_hd__buf_2)
     8    0.038660    0.190576    0.201333    2.210372 ^ input8/X (sky130_fd_sc_hd__buf_2)
                                                         net8 (net)
                      0.190580    0.000737    2.211109 ^ _462_/B (sky130_fd_sc_hd__nand3_1)
     2    0.004963    0.069682    0.118110    2.329218 v _462_/Y (sky130_fd_sc_hd__nand3_1)
                                                         _155_ (net)
                      0.069682    0.000044    2.329263 v _466_/B1_N (sky130_fd_sc_hd__a21bo_1)
     1    0.003997    0.043875    0.187071    2.516334 ^ _466_/X (sky130_fd_sc_hd__a21bo_1)
                                                         _158_ (net)
                      0.043875    0.000057    2.516391 ^ _467_/B1 (sky130_fd_sc_hd__a21o_1)
     1    0.005102    0.052964    0.088995    2.605386 ^ _467_/X (sky130_fd_sc_hd__a21o_1)
                                                         net23 (net)
                      0.052964    0.000025    2.605411 ^ output23/A (sky130_fd_sc_hd__buf_6)
     1    0.034142    0.076510    0.128071    2.733483 ^ output23/X (sky130_fd_sc_hd__buf_6)
                                                         P[15] (net)
                      0.076510    0.000277    2.733760 ^ P[15] (out)
                                              2.733760   data arrival time

                      0.000000    0.000000    0.000000   clock __VIRTUAL_CLK__ (rise edge)
                                  0.000000    0.000000   clock network delay (ideal)
                                  0.250000    0.250000   clock uncertainty
                                  0.000000    0.250000   clock reconvergence pessimism
                                 -2.000000   -1.750000   output external delay
                                             -1.750000   data required time
---------------------------------------------------------------------------------------------
                                             -1.750000   data required time
                                             -2.733760   data arrival time
---------------------------------------------------------------------------------------------
                                              4.483760   slack (MET)


Startpoint: A[7] (input port clocked by __VIRTUAL_CLK__)
Endpoint: P[14] (output port clocked by __VIRTUAL_CLK__)
Path Group: __VIRTUAL_CLK__
Path Type: min

Fanout         Cap        Slew       Delay        Time   Description
---------------------------------------------------------------------------------------------
                      0.000000    0.000000    0.000000   clock __VIRTUAL_CLK__ (rise edge)
                                  0.000000    0.000000   clock network delay (ideal)
                                  2.000000    2.000000 ^ input external delay
     1    0.002440    0.018205    0.009039    2.009039 ^ A[7] (in)
                                                         A[7] (net)
                      0.018205    0.000000    2.009039 ^ input8/A (sky130_fd_sc_hd__buf_2)
     8    0.038660    0.190576    0.201333    2.210372 ^ input8/X (sky130_fd_sc_hd__buf_2)
                                                         net8 (net)
                      0.190578    0.000596    2.210968 ^ _463_/A1 (sky130_fd_sc_hd__o211a_1)
     2    0.007955    0.078841    0.213092    2.424060 ^ _463_/X (sky130_fd_sc_hd__o211a_1)
                                                         _156_ (net)
                      0.078841    0.000075    2.424135 ^ _464_/B (sky130_fd_sc_hd__xor2_1)
     2    0.011774    0.071504    0.110077    2.534212 v _464_/X (sky130_fd_sc_hd__xor2_1)
                                                         _157_ (net)
                      0.071504    0.000154    2.534366 v _465_/B (sky130_fd_sc_hd__xor2_2)
     1    0.005462    0.095993    0.139654    2.674021 ^ _465_/X (sky130_fd_sc_hd__xor2_2)
                                                         net22 (net)
                      0.095993    0.000062    2.674083 ^ output22/A (sky130_fd_sc_hd__buf_6)
     1    0.034054    0.076535    0.142331    2.816414 ^ output22/X (sky130_fd_sc_hd__buf_6)
                                                         P[14] (net)
                      0.076535    0.000208    2.816622 ^ P[14] (out)
                                              2.816622   data arrival time

                      0.000000    0.000000    0.000000   clock __VIRTUAL_CLK__ (rise edge)
                                  0.000000    0.000000   clock network delay (ideal)
                                  0.250000    0.250000   clock uncertainty
                                  0.000000    0.250000   clock reconvergence pessimism
                                 -2.000000   -1.750000   output external delay
                                             -1.750000   data required time
---------------------------------------------------------------------------------------------
                                             -1.750000   data required time
                                             -2.816622   data arrival time
---------------------------------------------------------------------------------------------
                                              4.566623   slack (MET)


Startpoint: B[0] (input port clocked by __VIRTUAL_CLK__)
Endpoint: P[3] (output port clocked by __VIRTUAL_CLK__)
Path Group: __VIRTUAL_CLK__
Path Type: min

Fanout         Cap        Slew       Delay        Time   Description
---------------------------------------------------------------------------------------------
                      0.000000    0.000000    0.000000   clock __VIRTUAL_CLK__ (rise edge)
                                  0.000000    0.000000   clock network delay (ideal)
                                  2.000000    2.000000 v input external delay
     1    0.002563    0.008084    0.004015    2.004015 v B[0] (in)
                                                         B[0] (net)
                      0.008084    0.000000    2.004015 v input9/A (sky130_fd_sc_hd__clkbuf_2)
     7    0.030784    0.120312    0.162580    2.166596 v input9/X (sky130_fd_sc_hd__clkbuf_2)
                                                         net9 (net)
                      0.120334    0.001593    2.168188 v _253_/B (sky130_fd_sc_hd__and4_1)
     4    0.014047    0.078335    0.251243    2.419431 v _253_/X (sky130_fd_sc_hd__and4_1)
                                                         _185_ (net)
                      0.078335    0.000277    2.419708 v _255_/B (sky130_fd_sc_hd__nand2_1)
     2    0.008530    0.086096    0.111779    2.531487 ^ _255_/Y (sky130_fd_sc_hd__nand2_1)
                                                         _187_ (net)
                      0.086096    0.000051    2.531538 ^ _474_/A (sky130_fd_sc_hd__and2_1)
     1    0.004344    0.059036    0.134990    2.666528 ^ _474_/X (sky130_fd_sc_hd__and2_1)
                                                         net26 (net)
                      0.059036    0.000086    2.666614 ^ output26/A (sky130_fd_sc_hd__buf_2)
     1    0.034256    0.170111    0.203441    2.870055 ^ output26/X (sky130_fd_sc_hd__buf_2)
                                                         P[3] (net)
                      0.170111    0.000345    2.870400 ^ P[3] (out)
                                              2.870400   data arrival time

                      0.000000    0.000000    0.000000   clock __VIRTUAL_CLK__ (rise edge)
                                  0.000000    0.000000   clock network delay (ideal)
                                  0.250000    0.250000   clock uncertainty
                                  0.000000    0.250000   clock reconvergence pessimism
                                 -2.000000   -1.750000   output external delay
                                             -1.750000   data required time
---------------------------------------------------------------------------------------------
                                             -1.750000   data required time
                                             -2.870400   data arrival time
---------------------------------------------------------------------------------------------
                                              4.620400   slack (MET)


Startpoint: A[0] (input port clocked by __VIRTUAL_CLK__)
Endpoint: P[6] (output port clocked by __VIRTUAL_CLK__)
Path Group: __VIRTUAL_CLK__
Path Type: min

Fanout         Cap        Slew       Delay        Time   Description
---------------------------------------------------------------------------------------------
                      0.000000    0.000000    0.000000   clock __VIRTUAL_CLK__ (rise edge)
                                  0.000000    0.000000   clock network delay (ideal)
                                  2.000000    2.000000 ^ input external delay
     1    0.003310    0.021939    0.012089    2.012089 ^ A[0] (in)
                                                         A[0] (net)
                      0.021939    0.000000    2.012089 ^ input1/A (sky130_fd_sc_hd__buf_4)
     4    0.032714    0.098221    0.143371    2.155460 ^ input1/X (sky130_fd_sc_hd__buf_4)
                                                         net1 (net)
                      0.098321    0.002539    2.157999 ^ _295_/B (sky130_fd_sc_hd__and3_1)
     2    0.004796    0.066127    0.171491    2.329490 ^ _295_/X (sky130_fd_sc_hd__and3_1)
                                                         _227_ (net)
                      0.066127    0.000041    2.329531 ^ _298_/A1 (sky130_fd_sc_hd__o21ai_1)
     3    0.008876    0.072466    0.103604    2.433135 v _298_/Y (sky130_fd_sc_hd__o21ai_1)
                                                         _230_ (net)
                      0.072466    0.000168    2.433303 v _300_/B1_N (sky130_fd_sc_hd__a21bo_1)
     1    0.003156    0.037644    0.183164    2.616467 ^ _300_/X (sky130_fd_sc_hd__a21bo_1)
                                                         _001_ (net)
                      0.037644    0.000034    2.616500 ^ _301_/B (sky130_fd_sc_hd__and2_4)
     1    0.009244    0.047171    0.139840    2.756340 ^ _301_/X (sky130_fd_sc_hd__and2_4)
                                                         net29 (net)
                      0.047171    0.000166    2.756507 ^ output29/A (sky130_fd_sc_hd__buf_8)
     1    0.034028    0.065301    0.116441    2.872947 ^ output29/X (sky130_fd_sc_hd__buf_8)
                                                         P[6] (net)
                      0.065301    0.000193    2.873141 ^ P[6] (out)
                                              2.873141   data arrival time

                      0.000000    0.000000    0.000000   clock __VIRTUAL_CLK__ (rise edge)
                                  0.000000    0.000000   clock network delay (ideal)
                                  0.250000    0.250000   clock uncertainty
                                  0.000000    0.250000   clock reconvergence pessimism
                                 -2.000000   -1.750000   output external delay
                                             -1.750000   data required time
---------------------------------------------------------------------------------------------
                                             -1.750000   data required time
                                             -2.873141   data arrival time
---------------------------------------------------------------------------------------------
                                              4.623140   slack (MET)


Startpoint: B[4] (input port clocked by __VIRTUAL_CLK__)
Endpoint: P[9] (output port clocked by __VIRTUAL_CLK__)
Path Group: __VIRTUAL_CLK__
Path Type: min

Fanout         Cap        Slew       Delay        Time   Description
---------------------------------------------------------------------------------------------
                      0.000000    0.000000    0.000000   clock __VIRTUAL_CLK__ (rise edge)
                                  0.000000    0.000000   clock network delay (ideal)
                                  2.000000    2.000000 ^ input external delay
     1    0.002832    0.019870    0.010410    2.010410 ^ B[4] (in)
                                                         B[4] (net)
                      0.019870    0.000000    2.010410 ^ input13/A (sky130_fd_sc_hd__clkbuf_4)
     8    0.047328    0.149081    0.201674    2.212084 ^ input13/X (sky130_fd_sc_hd__clkbuf_4)
                                                         net13 (net)
                      0.149088    0.000847    2.212931 ^ _375_/A1 (sky130_fd_sc_hd__a31o_1)
     2    0.005944    0.067539    0.175163    2.388095 ^ _375_/X (sky130_fd_sc_hd__a31o_1)
                                                         _073_ (net)
                      0.067539    0.000089    2.388184 ^ _376_/B1 (sky130_fd_sc_hd__a21oi_1)
     3    0.009291    0.054017    0.066575    2.454759 v _376_/Y (sky130_fd_sc_hd__a21oi_1)
                                                         _074_ (net)
                      0.054017    0.000114    2.454873 v _378_/A (sky130_fd_sc_hd__nor2_1)
     1    0.009746    0.189646    0.185489    2.640362 ^ _378_/Y (sky130_fd_sc_hd__nor2_1)
                                                         _076_ (net)
                      0.189646    0.000117    2.640479 ^ _379_/A (sky130_fd_sc_hd__xnor2_2)
     1    0.007955    0.048148    0.108313    2.748792 v _379_/Y (sky130_fd_sc_hd__xnor2_2)
                                                         net32 (net)
                      0.048148    0.000215    2.749007 v output32/A (sky130_fd_sc_hd__buf_6)
     1    0.033933    0.043324    0.137942    2.886949 v output32/X (sky130_fd_sc_hd__buf_6)
                                                         P[9] (net)
                      0.043324    0.000174    2.887122 v P[9] (out)
                                              2.887122   data arrival time

                      0.000000    0.000000    0.000000   clock __VIRTUAL_CLK__ (rise edge)
                                  0.000000    0.000000   clock network delay (ideal)
                                  0.250000    0.250000   clock uncertainty
                                  0.000000    0.250000   clock reconvergence pessimism
                                 -2.000000   -1.750000   output external delay
                                             -1.750000   data required time
---------------------------------------------------------------------------------------------
                                             -1.750000   data required time
                                             -2.887122   data arrival time
---------------------------------------------------------------------------------------------
                                              4.637122   slack (MET)


Startpoint: B[4] (input port clocked by __VIRTUAL_CLK__)
Endpoint: P[8] (output port clocked by __VIRTUAL_CLK__)
Path Group: __VIRTUAL_CLK__
Path Type: min

Fanout         Cap        Slew       Delay        Time   Description
---------------------------------------------------------------------------------------------
                      0.000000    0.000000    0.000000   clock __VIRTUAL_CLK__ (rise edge)
                                  0.000000    0.000000   clock network delay (ideal)
                                  2.000000    2.000000 v input external delay
     1    0.002588    0.008142    0.004059    2.004059 v B[4] (in)
                                                         B[4] (net)
                      0.008142    0.000000    2.004059 v input13/A (sky130_fd_sc_hd__clkbuf_4)
     8    0.046390    0.101819    0.184318    2.188377 v input13/X (sky130_fd_sc_hd__clkbuf_4)
                                                         net13 (net)
                      0.101823    0.000820    2.189197 v _348_/A (sky130_fd_sc_hd__nand2_1)
     1    0.004874    0.060856    0.091426    2.280623 ^ _348_/Y (sky130_fd_sc_hd__nand2_1)
                                                         _047_ (net)
                      0.060856    0.000045    2.280668 ^ _349_/B (sky130_fd_sc_hd__xor2_1)
     2    0.007944    0.056382    0.085387    2.366055 v _349_/X (sky130_fd_sc_hd__xor2_1)
                                                         _048_ (net)
                      0.056382    0.000099    2.366154 v _352_/A (sky130_fd_sc_hd__xnor2_1)
     3    0.012510    0.101495    0.177703    2.543857 v _352_/Y (sky130_fd_sc_hd__xnor2_1)
                                                         _051_ (net)
                      0.101495    0.000186    2.544043 v _354_/A (sky130_fd_sc_hd__xor2_1)
     1    0.005141    0.045505    0.187308    2.731351 v _354_/X (sky130_fd_sc_hd__xor2_1)
                                                         net31 (net)
                      0.045505    0.000109    2.731460 v output31/A (sky130_fd_sc_hd__buf_4)
     1    0.033926    0.058381    0.168150    2.899611 v output31/X (sky130_fd_sc_hd__buf_4)
                                                         P[8] (net)
                      0.058381    0.000167    2.899778 v P[8] (out)
                                              2.899778   data arrival time

                      0.000000    0.000000    0.000000   clock __VIRTUAL_CLK__ (rise edge)
                                  0.000000    0.000000   clock network delay (ideal)
                                  0.250000    0.250000   clock uncertainty
                                  0.000000    0.250000   clock reconvergence pessimism
                                 -2.000000   -1.750000   output external delay
                                             -1.750000   data required time
---------------------------------------------------------------------------------------------
                                             -1.750000   data required time
                                             -2.899778   data arrival time
---------------------------------------------------------------------------------------------
                                              4.649777   slack (MET)


Startpoint: B[1] (input port clocked by __VIRTUAL_CLK__)
Endpoint: P[1] (output port clocked by __VIRTUAL_CLK__)
Path Group: __VIRTUAL_CLK__
Path Type: min

Fanout         Cap        Slew       Delay        Time   Description
---------------------------------------------------------------------------------------------
                      0.000000    0.000000    0.000000   clock __VIRTUAL_CLK__ (rise edge)
                                  0.000000    0.000000   clock network delay (ideal)
                                  2.000000    2.000000 ^ input external delay
     1    0.005528    0.031601    0.019532    2.019532 ^ B[1] (in)
                                                         B[1] (net)
                      0.031602    0.000000    2.019532 ^ input10/A (sky130_fd_sc_hd__buf_6)
     1    0.010170    0.033349    0.085657    2.105189 ^ input10/X (sky130_fd_sc_hd__buf_6)
                                                         net10 (net)
                      0.033357    0.000226    2.105415 ^ fanout47/A (sky130_fd_sc_hd__buf_8)
     6    0.030305    0.059682    0.106812    2.212226 ^ fanout47/X (sky130_fd_sc_hd__buf_8)
                                                         net47 (net)
                      0.059682    0.000219    2.212445 ^ rebuffer28/A (sky130_fd_sc_hd__dlygate4sd1_1)
     2    0.004652    0.056174    0.206062    2.418507 ^ rebuffer28/X (sky130_fd_sc_hd__dlygate4sd1_1)
                                                         net76 (net)
                      0.056174    0.000015    2.418523 ^ rebuffer29/A (sky130_fd_sc_hd__dlygate4sd1_1)
     1    0.006299    0.070992    0.216047    2.634570 ^ rebuffer29/X (sky130_fd_sc_hd__dlygate4sd1_1)
                                                         net77 (net)
                      0.070992    0.000159    2.634729 ^ _478_/A (sky130_fd_sc_hd__clkbuf_1)
     1    0.003010    0.046496    0.089781    2.724509 ^ _478_/X (sky130_fd_sc_hd__clkbuf_1)
                                                         net24 (net)
                      0.046496    0.000038    2.724548 ^ output24/A (sky130_fd_sc_hd__buf_2)
     1    0.034018    0.168948    0.198032    2.922580 ^ output24/X (sky130_fd_sc_hd__buf_2)
                                                         P[1] (net)
                      0.168948    0.000200    2.922780 ^ P[1] (out)
                                              2.922780   data arrival time

                      0.000000    0.000000    0.000000   clock __VIRTUAL_CLK__ (rise edge)
                                  0.000000    0.000000   clock network delay (ideal)
                                  0.250000    0.250000   clock uncertainty
                                  0.000000    0.250000   clock reconvergence pessimism
                                 -2.000000   -1.750000   output external delay
                                             -1.750000   data required time
---------------------------------------------------------------------------------------------
                                             -1.750000   data required time
                                             -2.922780   data arrival time
---------------------------------------------------------------------------------------------
                                              4.672780   slack (MET)


Startpoint: B[1] (input port clocked by __VIRTUAL_CLK__)
Endpoint: P[7] (output port clocked by __VIRTUAL_CLK__)
Path Group: __VIRTUAL_CLK__
Path Type: min

Fanout         Cap        Slew       Delay        Time   Description
---------------------------------------------------------------------------------------------
                      0.000000    0.000000    0.000000   clock __VIRTUAL_CLK__ (rise edge)
                                  0.000000    0.000000   clock network delay (ideal)
                                  2.000000    2.000000 ^ input external delay
     1    0.005528    0.031601    0.019532    2.019532 ^ B[1] (in)
                                                         B[1] (net)
                      0.031602    0.000000    2.019532 ^ input10/A (sky130_fd_sc_hd__buf_6)
     1    0.010170    0.033349    0.085657    2.105189 ^ input10/X (sky130_fd_sc_hd__buf_6)
                                                         net10 (net)
                      0.033357    0.000226    2.105415 ^ fanout47/A (sky130_fd_sc_hd__buf_8)
     6    0.030305    0.059682    0.106812    2.212226 ^ fanout47/X (sky130_fd_sc_hd__buf_8)
                                                         net47 (net)
                      0.059682    0.000331    2.212558 ^ _289_/A (sky130_fd_sc_hd__and3_1)
     2    0.014733    0.154217    0.223373    2.435931 ^ _289_/X (sky130_fd_sc_hd__and3_1)
                                                         _221_ (net)
                      0.154217    0.000164    2.436095 ^ _290_/A2 (sky130_fd_sc_hd__o211ai_4)
     6    0.025134    0.100676    0.130943    2.567038 v _290_/Y (sky130_fd_sc_hd__o211ai_4)
                                                         _222_ (net)
                      0.100676    0.000415    2.567453 v _326_/A (sky130_fd_sc_hd__and4_1)
     1    0.003600    0.037008    0.172176    2.739629 v _326_/X (sky130_fd_sc_hd__and4_1)
                                                         _026_ (net)
                      0.037008    0.000049    2.739678 v _328_/A_N (sky130_fd_sc_hd__nand2b_4)
     1    0.008779    0.039007    0.138948    2.878626 v _328_/Y (sky130_fd_sc_hd__nand2b_4)
                                                         net30 (net)
                      0.039007    0.000180    2.878806 v output30/A (sky130_fd_sc_hd__buf_8)
     1    0.033967    0.039521    0.131226    3.010033 v output30/X (sky130_fd_sc_hd__buf_8)
                                                         P[7] (net)
                      0.039521    0.000176    3.010209 v P[7] (out)
                                              3.010209   data arrival time

                      0.000000    0.000000    0.000000   clock __VIRTUAL_CLK__ (rise edge)
                                  0.000000    0.000000   clock network delay (ideal)
                                  0.250000    0.250000   clock uncertainty
                                  0.000000    0.250000   clock reconvergence pessimism
                                 -2.000000   -1.750000   output external delay
                                             -1.750000   data required time
---------------------------------------------------------------------------------------------
                                             -1.750000   data required time
                                             -3.010209   data arrival time
---------------------------------------------------------------------------------------------
                                              4.760208   slack (MET)


Startpoint: B[4] (input port clocked by __VIRTUAL_CLK__)
Endpoint: P[11] (output port clocked by __VIRTUAL_CLK__)
Path Group: __VIRTUAL_CLK__
Path Type: min

Fanout         Cap        Slew       Delay        Time   Description
---------------------------------------------------------------------------------------------
                      0.000000    0.000000    0.000000   clock __VIRTUAL_CLK__ (rise edge)
                                  0.000000    0.000000   clock network delay (ideal)
                                  2.000000    2.000000 ^ input external delay
     1    0.002832    0.019870    0.010410    2.010410 ^ B[4] (in)
                                                         B[4] (net)
                      0.019870    0.000000    2.010410 ^ input13/A (sky130_fd_sc_hd__clkbuf_4)
     8    0.047328    0.149081    0.201674    2.212084 ^ input13/X (sky130_fd_sc_hd__clkbuf_4)
                                                         net13 (net)
                      0.149179    0.003147    2.215232 ^ _384_/A1 (sky130_fd_sc_hd__a22oi_2)
     2    0.007704    0.056561    0.108416    2.323647 v _384_/Y (sky130_fd_sc_hd__a22oi_2)
                                                         _081_ (net)
                      0.056562    0.000128    2.323775 v _385_/B (sky130_fd_sc_hd__nor2_1)
     1    0.005396    0.117672    0.117684    2.441459 ^ _385_/Y (sky130_fd_sc_hd__nor2_1)
                                                         _082_ (net)
                      0.117672    0.000068    2.441527 ^ _399_/A (sky130_fd_sc_hd__xor2_1)
     2    0.007033    0.052995    0.101769    2.543296 v _399_/X (sky130_fd_sc_hd__xor2_1)
                                                         _096_ (net)
                      0.052995    0.000130    2.543426 v _402_/A (sky130_fd_sc_hd__nand2_1)
     3    0.011819    0.114571    0.113479    2.656904 ^ _402_/Y (sky130_fd_sc_hd__nand2_1)
                                                         _099_ (net)
                      0.114571    0.000115    2.657019 ^ _430_/A2 (sky130_fd_sc_hd__a21oi_2)
     1    0.009022    0.047559    0.083643    2.740662 v _430_/Y (sky130_fd_sc_hd__a21oi_2)
                                                         _126_ (net)
                      0.047559    0.000118    2.740780 v _431_/B (sky130_fd_sc_hd__xnor2_2)
     1    0.008832    0.055250    0.141439    2.882219 v _431_/Y (sky130_fd_sc_hd__xnor2_2)
                                                         net19 (net)
                      0.055251    0.000293    2.882513 v output19/A (sky130_fd_sc_hd__buf_6)
     1    0.034680    0.043962    0.141478    3.023990 v output19/X (sky130_fd_sc_hd__buf_6)
                                                         P[11] (net)
                      0.043967    0.000463    3.024454 v P[11] (out)
                                              3.024454   data arrival time

                      0.000000    0.000000    0.000000   clock __VIRTUAL_CLK__ (rise edge)
                                  0.000000    0.000000   clock network delay (ideal)
                                  0.250000    0.250000   clock uncertainty
                                  0.000000    0.250000   clock reconvergence pessimism
                                 -2.000000   -1.750000   output external delay
                                             -1.750000   data required time
---------------------------------------------------------------------------------------------
                                             -1.750000   data required time
                                             -3.024454   data arrival time
---------------------------------------------------------------------------------------------
                                              4.774454   slack (MET)


Startpoint: B[4] (input port clocked by __VIRTUAL_CLK__)
Endpoint: P[10] (output port clocked by __VIRTUAL_CLK__)
Path Group: __VIRTUAL_CLK__
Path Type: min

Fanout         Cap        Slew       Delay        Time   Description
---------------------------------------------------------------------------------------------
                      0.000000    0.000000    0.000000   clock __VIRTUAL_CLK__ (rise edge)
                                  0.000000    0.000000   clock network delay (ideal)
                                  2.000000    2.000000 ^ input external delay
     1    0.002832    0.019870    0.010410    2.010410 ^ B[4] (in)
                                                         B[4] (net)
                      0.019870    0.000000    2.010410 ^ input13/A (sky130_fd_sc_hd__clkbuf_4)
     8    0.047328    0.149081    0.201674    2.212084 ^ input13/X (sky130_fd_sc_hd__clkbuf_4)
                                                         net13 (net)
                      0.149179    0.003147    2.215232 ^ _384_/A1 (sky130_fd_sc_hd__a22oi_2)
     2    0.007704    0.056561    0.108416    2.323647 v _384_/Y (sky130_fd_sc_hd__a22oi_2)
                                                         _081_ (net)
                      0.056562    0.000128    2.323775 v _385_/B (sky130_fd_sc_hd__nor2_1)
     1    0.005396    0.117672    0.117684    2.441459 ^ _385_/Y (sky130_fd_sc_hd__nor2_1)
                                                         _082_ (net)
                      0.117672    0.000068    2.441527 ^ _399_/A (sky130_fd_sc_hd__xor2_1)
     2    0.007033    0.052995    0.101769    2.543296 v _399_/X (sky130_fd_sc_hd__xor2_1)
                                                         _096_ (net)
                      0.052995    0.000130    2.543426 v _402_/A (sky130_fd_sc_hd__nand2_1)
     3    0.011819    0.114571    0.113479    2.656904 ^ _402_/Y (sky130_fd_sc_hd__nand2_1)
                                                         _099_ (net)
                      0.114571    0.000106    2.657011 ^ _403_/B (sky130_fd_sc_hd__nand2b_1)
     1    0.015920    0.124670    0.140254    2.797264 v _403_/Y (sky130_fd_sc_hd__nand2b_1)
                                                         _100_ (net)
                      0.124670    0.000151    2.797415 v _409_/B (sky130_fd_sc_hd__xnor2_4)
     1    0.009207    0.043530    0.160139    2.957554 v _409_/Y (sky130_fd_sc_hd__xnor2_4)
                                                         net18 (net)
                      0.043531    0.000323    2.957876 v output18/A (sky130_fd_sc_hd__buf_6)
     1    0.034453    0.043799    0.136188    3.094064 v output18/X (sky130_fd_sc_hd__buf_6)
                                                         P[10] (net)
                      0.043802    0.000418    3.094482 v P[10] (out)
                                              3.094482   data arrival time

                      0.000000    0.000000    0.000000   clock __VIRTUAL_CLK__ (rise edge)
                                  0.000000    0.000000   clock network delay (ideal)
                                  0.250000    0.250000   clock uncertainty
                                  0.000000    0.250000   clock reconvergence pessimism
                                 -2.000000   -1.750000   output external delay
                                             -1.750000   data required time
---------------------------------------------------------------------------------------------
                                             -1.750000   data required time
                                             -3.094482   data arrival time
---------------------------------------------------------------------------------------------
                                              4.844482   slack (MET)


Startpoint: B[7] (input port clocked by __VIRTUAL_CLK__)
Endpoint: P[12] (output port clocked by __VIRTUAL_CLK__)
Path Group: __VIRTUAL_CLK__
Path Type: min

Fanout         Cap        Slew       Delay        Time   Description
---------------------------------------------------------------------------------------------
                      0.000000    0.000000    0.000000   clock __VIRTUAL_CLK__ (rise edge)
                                  0.000000    0.000000   clock network delay (ideal)
                                  2.000000    2.000000 v input external delay
     1    0.002556    0.008069    0.004007    2.004007 v B[7] (in)
                                                         B[7] (net)
                      0.008069    0.000000    2.004007 v input16/A (sky130_fd_sc_hd__buf_1)
     2    0.013773    0.085414    0.120443    2.124449 v input16/X (sky130_fd_sc_hd__buf_1)
                                                         net16 (net)
                      0.085416    0.000517    2.124967 v fanout40/A (sky130_fd_sc_hd__clkbuf_2)
     7    0.021682    0.087808    0.171863    2.296830 v fanout40/X (sky130_fd_sc_hd__clkbuf_2)
                                                         net40 (net)
                      0.087809    0.000334    2.297164 v _419_/A1 (sky130_fd_sc_hd__a31o_1)
     2    0.011095    0.069390    0.225466    2.522630 v _419_/X (sky130_fd_sc_hd__a31o_1)
                                                         _115_ (net)
                      0.069390    0.000286    2.522917 v _421_/A (sky130_fd_sc_hd__nand2_1)
     2    0.007193    0.075790    0.091959    2.614875 ^ _421_/Y (sky130_fd_sc_hd__nand2_1)
                                                         _117_ (net)
                      0.075790    0.000094    2.614969 ^ _442_/A (sky130_fd_sc_hd__nand3_1)
     3    0.011300    0.126755    0.128222    2.743191 v _442_/Y (sky130_fd_sc_hd__nand3_1)
                                                         _137_ (net)
                      0.126755    0.000072    2.743264 v _445_/A (sky130_fd_sc_hd__nand2_1)
     1    0.005515    0.065482    0.106117    2.849381 ^ _445_/Y (sky130_fd_sc_hd__nand2_1)
                                                         _140_ (net)
                      0.065482    0.000062    2.849443 ^ _449_/A (sky130_fd_sc_hd__xnor2_1)
     1    0.009866    0.083450    0.109075    2.958518 v _449_/Y (sky130_fd_sc_hd__xnor2_1)
                                                         net20 (net)
                      0.083450    0.000362    2.958880 v output20/A (sky130_fd_sc_hd__buf_6)
     1    0.034894    0.044173    0.154616    3.113496 v output20/X (sky130_fd_sc_hd__buf_6)
                                                         P[12] (net)
                      0.044179    0.000523    3.114019 v P[12] (out)
                                              3.114019   data arrival time

                      0.000000    0.000000    0.000000   clock __VIRTUAL_CLK__ (rise edge)
                                  0.000000    0.000000   clock network delay (ideal)
                                  0.250000    0.250000   clock uncertainty
                                  0.000000    0.250000   clock reconvergence pessimism
                                 -2.000000   -1.750000   output external delay
                                             -1.750000   data required time
---------------------------------------------------------------------------------------------
                                             -1.750000   data required time
                                             -3.114019   data arrival time
---------------------------------------------------------------------------------------------
                                              4.864019   slack (MET)


Startpoint: A[3] (input port clocked by __VIRTUAL_CLK__)
Endpoint: P[13] (output port clocked by __VIRTUAL_CLK__)
Path Group: __VIRTUAL_CLK__
Path Type: min

Fanout         Cap        Slew       Delay        Time   Description
---------------------------------------------------------------------------------------------
                      0.000000    0.000000    0.000000   clock __VIRTUAL_CLK__ (rise edge)
                                  0.000000    0.000000   clock network delay (ideal)
                                  2.000000    2.000000 ^ input external delay
     1    0.002593    0.018851    0.009580    2.009580 ^ A[3] (in)
                                                         A[3] (net)
                      0.018851    0.000000    2.009580 ^ input4/A (sky130_fd_sc_hd__buf_2)
     9    0.035612    0.176565    0.191793    2.201373 ^ input4/X (sky130_fd_sc_hd__buf_2)
                                                         net4 (net)
                      0.176579    0.001342    2.202715 ^ _387_/B1 (sky130_fd_sc_hd__a21o_1)
     2    0.006582    0.066313    0.127958    2.330673 ^ _387_/X (sky130_fd_sc_hd__a21o_1)
                                                         _084_ (net)
                      0.066313    0.000100    2.330773 ^ _419_/A3 (sky130_fd_sc_hd__a31o_1)
     2    0.011554    0.117617    0.199162    2.529934 ^ _419_/X (sky130_fd_sc_hd__a31o_1)
                                                         _115_ (net)
                      0.117617    0.000300    2.530234 ^ _421_/A (sky130_fd_sc_hd__nand2_1)
     2    0.006949    0.062419    0.089144    2.619377 v _421_/Y (sky130_fd_sc_hd__nand2_1)
                                                         _117_ (net)
                      0.062419    0.000090    2.619468 v _442_/A (sky130_fd_sc_hd__nand3_1)
     3    0.011888    0.130344    0.130728    2.750196 ^ _442_/Y (sky130_fd_sc_hd__nand3_1)
                                                         _137_ (net)
                      0.130344    0.000141    2.750336 ^ _459_/C1 (sky130_fd_sc_hd__o211a_4)
     3    0.020696    0.080730    0.203739    2.954075 ^ _459_/X (sky130_fd_sc_hd__o211a_4)
                                                         _153_ (net)
                      0.080730    0.000206    2.954281 ^ _460_/B (sky130_fd_sc_hd__nor2_2)
     1    0.008376    0.032332    0.050144    3.004425 v _460_/Y (sky130_fd_sc_hd__nor2_2)
                                                         net21 (net)
                      0.032333    0.000243    3.004668 v output21/A (sky130_fd_sc_hd__buf_6)
     1    0.034076    0.043485    0.131157    3.135825 v output21/X (sky130_fd_sc_hd__buf_6)
                                                         P[13] (net)
                      0.043485    0.000217    3.136043 v P[13] (out)
                                              3.136043   data arrival time

                      0.000000    0.000000    0.000000   clock __VIRTUAL_CLK__ (rise edge)
                                  0.000000    0.000000   clock network delay (ideal)
                                  0.250000    0.250000   clock uncertainty
                                  0.000000    0.250000   clock reconvergence pessimism
                                 -2.000000   -1.750000   output external delay
                                             -1.750000   data required time
---------------------------------------------------------------------------------------------
                                             -1.750000   data required time
                                             -3.136043   data arrival time
---------------------------------------------------------------------------------------------
                                              4.886043   slack (MET)



