Reading timing models for corner nom_tt_025C_1v80…
Reading timing library for the 'nom_tt_025C_1v80' corner at '/home/gmun/.volare/volare/sky130/versions/0fe599b2afb6708d281543108caf8310912f54af/sky130A/libs.ref/sky130_fd_sc_hd/lib/sky130_fd_sc_hd__tt_025C_1v80.lib'…
Reading timing models for corner nom_ff_n40C_1v95…
Reading timing library for the 'nom_ff_n40C_1v95' corner at '/home/gmun/.volare/volare/sky130/versions/0fe599b2afb6708d281543108caf8310912f54af/sky130A/libs.ref/sky130_fd_sc_hd/lib/sky130_fd_sc_hd__ff_n40C_1v95.lib'…
Reading timing models for corner nom_ss_100C_1v60…
Reading timing library for the 'nom_ss_100C_1v60' corner at '/home/gmun/.volare/volare/sky130/versions/0fe599b2afb6708d281543108caf8310912f54af/sky130A/libs.ref/sky130_fd_sc_hd/lib/sky130_fd_sc_hd__ss_100C_1v60.lib'…
Reading OpenROAD database at '/home/gmun/Downloads/8Bits_corrigiendo2op_2Bits/runs/mult8_2bits_2op_e2497/50-openroad-globalplacement/mult8_2bits_2op_e2497.odb'…
Reading design constraints file at '/nix/store/ss2cw3sxbrwwx9jl0rrppbw4kgcmgi2n-python3-3.11.9-env/lib/python3.11/site-packages/openlane/scripts/base.sdc'…
[WARNING STA-0366] port '__VIRTUAL_CLK__' not found.
[INFO] Using clock __VIRTUAL_CLK__…
[INFO] Setting output delay to: 2
[INFO] Setting input delay to: 2
[WARNING STA-0366] port '__VIRTUAL_CLK__' not found.
[INFO] Setting load to: 0.033442
[INFO] Setting clock uncertainty to: 0.25
[INFO] Setting clock transition to: 0.1499999999999999944488848768742172978818416595458984375
[WARNING STA-0419] transition time can not be specified for virtual clocks.
[INFO] Setting timing derate to: 5%
[WARNING STA-0450] virtual clock __VIRTUAL_CLK__ can not be propagated.
[INFO] Setting RC values…
[INFO RSZ-0027] Inserted 16 input buffers.
[INFO RSZ-0028] Inserted 15 output buffers.
[INFO RSZ-0058] Using max wire length 6335um.
Iteration | Resized | Buffers | Nets repaired | Remaining
---------------------------------------------------------
        0 |       0 |       0 |             0 |       335
       10 |       9 |       0 |             0 |       325
       20 |      19 |       0 |             0 |       315
       30 |      27 |       0 |             0 |       305
       40 |      35 |       0 |             0 |       295
       50 |      45 |       0 |             0 |       285
       60 |      53 |       0 |             0 |       275
       70 |      61 |       0 |             0 |       265
       80 |      71 |       0 |             0 |       255
       90 |      81 |       0 |             0 |       245
      100 |      91 |       0 |             0 |       235
      110 |     101 |       0 |             0 |       225
      120 |     111 |       0 |             0 |       215
      130 |     119 |       0 |             0 |       205
      140 |     128 |       0 |             0 |       195
      150 |     136 |       0 |             0 |       185
      160 |     144 |       0 |             0 |       175
      170 |     151 |       0 |             0 |       165
      180 |     159 |       0 |             0 |       155
      190 |     168 |       0 |             0 |       145
      200 |     177 |       0 |             0 |       135
      210 |     185 |       0 |             0 |       125
      220 |     194 |       0 |             0 |       115
      230 |     201 |       1 |             1 |       105
      240 |     208 |       1 |             1 |        95
      250 |     218 |       1 |             1 |        85
      260 |     228 |       1 |             1 |        75
      270 |     238 |       1 |             1 |        65
      280 |     248 |       1 |             1 |        55
      290 |     258 |       1 |             1 |        45
      300 |     267 |       1 |             1 |        35
      310 |     277 |      10 |             9 |        25
      320 |     290 |      20 |            17 |        15
      330 |     290 |      20 |            17 |         5
    final |     290 |      20 |            17 |         0
---------------------------------------------------------
[INFO RSZ-0034] Found 1 slew violations.
[INFO RSZ-0035] Found 16 fanout violations.
[INFO RSZ-0038] Inserted 20 buffers in 17 nets.
[INFO RSZ-0039] Resized 290 instances.
[INFO RSZ-0042] Inserted 1 tie sky130_fd_sc_hd__conb_1 instances.
Placement Analysis
---------------------------------
total displacement        539.1 u
average displacement        0.6 u
max displacement            5.2 u
original HPWL            7816.5 u
legalized HPWL           8102.6 u
delta HPWL                    4 %

[INFO DPL-0020] Mirrored 106 instances
[INFO DPL-0021] HPWL before            8102.6 u
[INFO DPL-0022] HPWL after             7940.3 u
[INFO DPL-0023] HPWL delta               -2.0 %
[INFO] Setting RC values…
Setting global connections for newly added cells…
[INFO] Setting global connections...
Updating metrics…
Cell type report:                       Count       Area
  Fill cell                               130     487.97
  Tap cell                                469     586.81
  Timing Repair Buffer                     51     265.25
  Inverter                                 12      45.04
  Multi-Input combinational cell          275    1941.86
  Total                                   937    3326.94
Writing OpenROAD database to '/home/gmun/Downloads/8Bits_corrigiendo2op_2Bits/runs/mult8_2bits_2op_e2497/54-openroad-repairdesignpostgpl/mult8_2bits_2op_e2497.odb'…
Writing netlist to '/home/gmun/Downloads/8Bits_corrigiendo2op_2Bits/runs/mult8_2bits_2op_e2497/54-openroad-repairdesignpostgpl/mult8_2bits_2op_e2497.nl.v'…
Writing powered netlist to '/home/gmun/Downloads/8Bits_corrigiendo2op_2Bits/runs/mult8_2bits_2op_e2497/54-openroad-repairdesignpostgpl/mult8_2bits_2op_e2497.pnl.v'…
Writing layout to '/home/gmun/Downloads/8Bits_corrigiendo2op_2Bits/runs/mult8_2bits_2op_e2497/54-openroad-repairdesignpostgpl/mult8_2bits_2op_e2497.def'…
Writing timing constraints to '/home/gmun/Downloads/8Bits_corrigiendo2op_2Bits/runs/mult8_2bits_2op_e2497/54-openroad-repairdesignpostgpl/mult8_2bits_2op_e2497.sdc'…
