
===========================================================================
report_checks -path_delay max (Setup)
============================================================================
======================= nom_ss_100C_1v60 Corner ===================================

Startpoint: A[2] (input port clocked by __VIRTUAL_CLK__)
Endpoint: P[14] (output port clocked by __VIRTUAL_CLK__)
Path Group: __VIRTUAL_CLK__
Path Type: max

Fanout         Cap        Slew       Delay        Time   Description
---------------------------------------------------------------------------------------------
                      0.000000    0.000000    0.000000   clock __VIRTUAL_CLK__ (rise edge)
                                  0.000000    0.000000   clock network delay (ideal)
                                  2.000000    2.000000 ^ input external delay
     1    0.002774    0.032085    0.015656    2.015656 ^ A[2] (in)
                                                         A[2] (net)
                      0.032085    0.000000    2.015656 ^ input3/A (sky130_fd_sc_hd__buf_1)
     2    0.017170    0.331325    0.319504    2.335160 ^ input3/X (sky130_fd_sc_hd__buf_1)
                                                         net3 (net)
                      0.331327    0.000671    2.335830 ^ fanout36/A (sky130_fd_sc_hd__buf_4)
    10    0.039056    0.186216    0.409162    2.744992 ^ fanout36/X (sky130_fd_sc_hd__buf_4)
                                                         net36 (net)
                      0.186225    0.001550    2.746542 ^ _317_/A (sky130_fd_sc_hd__nand2_1)
     4    0.014387    0.247396    0.281708    3.028249 v _317_/Y (sky130_fd_sc_hd__nand2_1)
                                                         _250_ (net)
                      0.247396    0.000592    3.028841 v _319_/A_N (sky130_fd_sc_hd__nand3b_1)
     3    0.009019    0.258397    0.519183    3.548023 v _319_/Y (sky130_fd_sc_hd__nand3b_1)
                                                         _252_ (net)
                      0.258397    0.000171    3.548194 v _321_/B (sky130_fd_sc_hd__and3_1)
     4    0.013541    0.155402    0.517620    4.065814 v _321_/X (sky130_fd_sc_hd__and3_1)
                                                         _254_ (net)
                      0.155402    0.000570    4.066384 v _348_/B (sky130_fd_sc_hd__nor2_2)
     2    0.007339    0.173729    0.210357    4.276742 ^ _348_/Y (sky130_fd_sc_hd__nor2_2)
                                                         _280_ (net)
                      0.173729    0.000092    4.276833 ^ _349_/A_N (sky130_fd_sc_hd__and2b_1)
     2    0.006062    0.092113    0.429026    4.705859 v _349_/X (sky130_fd_sc_hd__and2b_1)
                                                         _281_ (net)
                      0.092113    0.000147    4.706006 v _353_/A (sky130_fd_sc_hd__or4_4)
     2    0.006259    0.161702    1.066661    5.772666 v _353_/X (sky130_fd_sc_hd__or4_4)
                                                         _001_ (net)
                      0.161702    0.000173    5.772840 v _361_/C (sky130_fd_sc_hd__and3_1)
     3    0.013661    0.156283    0.498936    6.271775 v _361_/X (sky130_fd_sc_hd__and3_1)
                                                         _009_ (net)
                      0.156284    0.000800    6.272575 v _363_/B (sky130_fd_sc_hd__or3b_4)
     3    0.013978    0.146347    0.803677    7.076252 v _363_/X (sky130_fd_sc_hd__or3b_4)
                                                         _011_ (net)
                      0.146347    0.000470    7.076722 v _380_/B (sky130_fd_sc_hd__nand2b_4)
     2    0.022524    0.137974    0.192852    7.269574 ^ _380_/Y (sky130_fd_sc_hd__nand2b_4)
                                                         _027_ (net)
                      0.137978    0.000900    7.270474 ^ _410_/A (sky130_fd_sc_hd__xor2_4)
     2    0.015310    0.252574    0.317885    7.588358 ^ _410_/X (sky130_fd_sc_hd__xor2_4)
                                                         _057_ (net)
                      0.252574    0.000162    7.588520 ^ _443_/A2 (sky130_fd_sc_hd__a21oi_4)
     3    0.011941    0.103862    0.189853    7.778374 v _443_/Y (sky130_fd_sc_hd__a21oi_4)
                                                         _089_ (net)
                      0.103862    0.000441    7.778815 v _507_/A (sky130_fd_sc_hd__or3b_4)
     3    0.017363    0.157248    0.838665    8.617480 v _507_/X (sky130_fd_sc_hd__or3b_4)
                                                         _151_ (net)
                      0.157250    0.000961    8.618442 v _555_/A3 (sky130_fd_sc_hd__a311oi_4)
     4    0.017646    0.506948    0.652816    9.271256 ^ _555_/Y (sky130_fd_sc_hd__a311oi_4)
                                                         _197_ (net)
                      0.506948    0.000867    9.272123 ^ _569_/A1 (sky130_fd_sc_hd__o211a_1)
     2    0.007738    0.135523    0.517988    9.790112 ^ _569_/X (sky130_fd_sc_hd__o211a_1)
                                                         _210_ (net)
                      0.135523    0.000201    9.790313 ^ _578_/A (sky130_fd_sc_hd__xor2_1)
     1    0.007826    0.326227    0.366409   10.156722 ^ _578_/X (sky130_fd_sc_hd__xor2_1)
                                                         net21 (net)
                      0.326227    0.000311   10.157033 ^ output21/A (sky130_fd_sc_hd__buf_6)
     1    0.034689    0.125641    0.328998   10.486031 ^ output21/X (sky130_fd_sc_hd__buf_6)
                                                         P[14] (net)
                      0.125645    0.000870   10.486900 ^ P[14] (out)
                                             10.486900   data arrival time

                      0.000000   10.000000   10.000000   clock __VIRTUAL_CLK__ (rise edge)
                                  0.000000   10.000000   clock network delay (ideal)
                                 -0.250000    9.750000   clock uncertainty
                                  0.000000    9.750000   clock reconvergence pessimism
                                 -2.000000    7.750000   output external delay
                                              7.750000   data required time
---------------------------------------------------------------------------------------------
                                              7.750000   data required time
                                            -10.486900   data arrival time
---------------------------------------------------------------------------------------------
                                             -2.736901   slack (VIOLATED)


Startpoint: A[2] (input port clocked by __VIRTUAL_CLK__)
Endpoint: P[15] (output port clocked by __VIRTUAL_CLK__)
Path Group: __VIRTUAL_CLK__
Path Type: max

Fanout         Cap        Slew       Delay        Time   Description
---------------------------------------------------------------------------------------------
                      0.000000    0.000000    0.000000   clock __VIRTUAL_CLK__ (rise edge)
                                  0.000000    0.000000   clock network delay (ideal)
                                  2.000000    2.000000 ^ input external delay
     1    0.002774    0.032085    0.015656    2.015656 ^ A[2] (in)
                                                         A[2] (net)
                      0.032085    0.000000    2.015656 ^ input3/A (sky130_fd_sc_hd__buf_1)
     2    0.017170    0.331325    0.319504    2.335160 ^ input3/X (sky130_fd_sc_hd__buf_1)
                                                         net3 (net)
                      0.331327    0.000671    2.335830 ^ fanout36/A (sky130_fd_sc_hd__buf_4)
    10    0.039056    0.186216    0.409162    2.744992 ^ fanout36/X (sky130_fd_sc_hd__buf_4)
                                                         net36 (net)
                      0.186225    0.001550    2.746542 ^ _317_/A (sky130_fd_sc_hd__nand2_1)
     4    0.014387    0.247396    0.281708    3.028249 v _317_/Y (sky130_fd_sc_hd__nand2_1)
                                                         _250_ (net)
                      0.247396    0.000592    3.028841 v _319_/A_N (sky130_fd_sc_hd__nand3b_1)
     3    0.009019    0.258397    0.519183    3.548023 v _319_/Y (sky130_fd_sc_hd__nand3b_1)
                                                         _252_ (net)
                      0.258397    0.000171    3.548194 v _321_/B (sky130_fd_sc_hd__and3_1)
     4    0.013541    0.155402    0.517620    4.065814 v _321_/X (sky130_fd_sc_hd__and3_1)
                                                         _254_ (net)
                      0.155402    0.000570    4.066384 v _348_/B (sky130_fd_sc_hd__nor2_2)
     2    0.007339    0.173729    0.210357    4.276742 ^ _348_/Y (sky130_fd_sc_hd__nor2_2)
                                                         _280_ (net)
                      0.173729    0.000092    4.276833 ^ _349_/A_N (sky130_fd_sc_hd__and2b_1)
     2    0.006062    0.092113    0.429026    4.705859 v _349_/X (sky130_fd_sc_hd__and2b_1)
                                                         _281_ (net)
                      0.092113    0.000147    4.706006 v _353_/A (sky130_fd_sc_hd__or4_4)
     2    0.006259    0.161702    1.066661    5.772666 v _353_/X (sky130_fd_sc_hd__or4_4)
                                                         _001_ (net)
                      0.161702    0.000173    5.772840 v _361_/C (sky130_fd_sc_hd__and3_1)
     3    0.013661    0.156283    0.498936    6.271775 v _361_/X (sky130_fd_sc_hd__and3_1)
                                                         _009_ (net)
                      0.156284    0.000800    6.272575 v _363_/B (sky130_fd_sc_hd__or3b_4)
     3    0.013978    0.146347    0.803677    7.076252 v _363_/X (sky130_fd_sc_hd__or3b_4)
                                                         _011_ (net)
                      0.146347    0.000470    7.076722 v _380_/B (sky130_fd_sc_hd__nand2b_4)
     2    0.022524    0.137974    0.192852    7.269574 ^ _380_/Y (sky130_fd_sc_hd__nand2b_4)
                                                         _027_ (net)
                      0.137978    0.000900    7.270474 ^ _410_/A (sky130_fd_sc_hd__xor2_4)
     2    0.015310    0.252574    0.317885    7.588358 ^ _410_/X (sky130_fd_sc_hd__xor2_4)
                                                         _057_ (net)
                      0.252574    0.000162    7.588520 ^ _443_/A2 (sky130_fd_sc_hd__a21oi_4)
     3    0.011941    0.103862    0.189853    7.778374 v _443_/Y (sky130_fd_sc_hd__a21oi_4)
                                                         _089_ (net)
                      0.103862    0.000441    7.778815 v _507_/A (sky130_fd_sc_hd__or3b_4)
     3    0.017363    0.157248    0.838665    8.617480 v _507_/X (sky130_fd_sc_hd__or3b_4)
                                                         _151_ (net)
                      0.157250    0.000961    8.618442 v _555_/A3 (sky130_fd_sc_hd__a311oi_4)
     4    0.017646    0.506948    0.652816    9.271256 ^ _555_/Y (sky130_fd_sc_hd__a311oi_4)
                                                         _197_ (net)
                      0.506948    0.000862    9.272119 ^ _577_/A1 (sky130_fd_sc_hd__o2111a_1)
     1    0.004241    0.113520    0.572313    9.844431 ^ _577_/X (sky130_fd_sc_hd__o2111a_1)
                                                         _218_ (net)
                      0.113520    0.000134    9.844565 ^ _580_/B (sky130_fd_sc_hd__or3_4)
     1    0.009224    0.072164    0.241743   10.086308 ^ _580_/X (sky130_fd_sc_hd__or3_4)
                                                         net22 (net)
                      0.072165    0.000384   10.086692 ^ output22/A (sky130_fd_sc_hd__buf_8)
     1    0.034319    0.104589    0.205564   10.292255 ^ output22/X (sky130_fd_sc_hd__buf_8)
                                                         P[15] (net)
                      0.104593    0.000762   10.293017 ^ P[15] (out)
                                             10.293017   data arrival time

                      0.000000   10.000000   10.000000   clock __VIRTUAL_CLK__ (rise edge)
                                  0.000000   10.000000   clock network delay (ideal)
                                 -0.250000    9.750000   clock uncertainty
                                  0.000000    9.750000   clock reconvergence pessimism
                                 -2.000000    7.750000   output external delay
                                              7.750000   data required time
---------------------------------------------------------------------------------------------
                                              7.750000   data required time
                                            -10.293017   data arrival time
---------------------------------------------------------------------------------------------
                                             -2.543017   slack (VIOLATED)


Startpoint: A[2] (input port clocked by __VIRTUAL_CLK__)
Endpoint: P[13] (output port clocked by __VIRTUAL_CLK__)
Path Group: __VIRTUAL_CLK__
Path Type: max

Fanout         Cap        Slew       Delay        Time   Description
---------------------------------------------------------------------------------------------
                      0.000000    0.000000    0.000000   clock __VIRTUAL_CLK__ (rise edge)
                                  0.000000    0.000000   clock network delay (ideal)
                                  2.000000    2.000000 ^ input external delay
     1    0.002774    0.032085    0.015656    2.015656 ^ A[2] (in)
                                                         A[2] (net)
                      0.032085    0.000000    2.015656 ^ input3/A (sky130_fd_sc_hd__buf_1)
     2    0.017170    0.331325    0.319504    2.335160 ^ input3/X (sky130_fd_sc_hd__buf_1)
                                                         net3 (net)
                      0.331327    0.000671    2.335830 ^ fanout36/A (sky130_fd_sc_hd__buf_4)
    10    0.039056    0.186216    0.409162    2.744992 ^ fanout36/X (sky130_fd_sc_hd__buf_4)
                                                         net36 (net)
                      0.186225    0.001550    2.746542 ^ _317_/A (sky130_fd_sc_hd__nand2_1)
     4    0.014387    0.247396    0.281708    3.028249 v _317_/Y (sky130_fd_sc_hd__nand2_1)
                                                         _250_ (net)
                      0.247396    0.000592    3.028841 v _319_/A_N (sky130_fd_sc_hd__nand3b_1)
     3    0.009019    0.258397    0.519183    3.548023 v _319_/Y (sky130_fd_sc_hd__nand3b_1)
                                                         _252_ (net)
                      0.258397    0.000171    3.548194 v _321_/B (sky130_fd_sc_hd__and3_1)
     4    0.013541    0.155402    0.517620    4.065814 v _321_/X (sky130_fd_sc_hd__and3_1)
                                                         _254_ (net)
                      0.155402    0.000570    4.066384 v _348_/B (sky130_fd_sc_hd__nor2_2)
     2    0.007339    0.173729    0.210357    4.276742 ^ _348_/Y (sky130_fd_sc_hd__nor2_2)
                                                         _280_ (net)
                      0.173729    0.000092    4.276833 ^ _349_/A_N (sky130_fd_sc_hd__and2b_1)
     2    0.006062    0.092113    0.429026    4.705859 v _349_/X (sky130_fd_sc_hd__and2b_1)
                                                         _281_ (net)
                      0.092113    0.000147    4.706006 v _353_/A (sky130_fd_sc_hd__or4_4)
     2    0.006259    0.161702    1.066661    5.772666 v _353_/X (sky130_fd_sc_hd__or4_4)
                                                         _001_ (net)
                      0.161702    0.000173    5.772840 v _361_/C (sky130_fd_sc_hd__and3_1)
     3    0.013661    0.156283    0.498936    6.271775 v _361_/X (sky130_fd_sc_hd__and3_1)
                                                         _009_ (net)
                      0.156284    0.000800    6.272575 v _363_/B (sky130_fd_sc_hd__or3b_4)
     3    0.013978    0.146347    0.803677    7.076252 v _363_/X (sky130_fd_sc_hd__or3b_4)
                                                         _011_ (net)
                      0.146347    0.000470    7.076722 v _380_/B (sky130_fd_sc_hd__nand2b_4)
     2    0.022524    0.137974    0.192852    7.269574 ^ _380_/Y (sky130_fd_sc_hd__nand2b_4)
                                                         _027_ (net)
                      0.137978    0.000900    7.270474 ^ _410_/A (sky130_fd_sc_hd__xor2_4)
     2    0.015310    0.252574    0.317885    7.588358 ^ _410_/X (sky130_fd_sc_hd__xor2_4)
                                                         _057_ (net)
                      0.252574    0.000162    7.588520 ^ _443_/A2 (sky130_fd_sc_hd__a21oi_4)
     3    0.011941    0.103862    0.189853    7.778374 v _443_/Y (sky130_fd_sc_hd__a21oi_4)
                                                         _089_ (net)
                      0.103862    0.000441    7.778815 v _507_/A (sky130_fd_sc_hd__or3b_4)
     3    0.017363    0.157248    0.838665    8.617480 v _507_/X (sky130_fd_sc_hd__or3b_4)
                                                         _151_ (net)
                      0.157250    0.000961    8.618442 v _555_/A3 (sky130_fd_sc_hd__a311oi_4)
     4    0.017646    0.506948    0.652816    9.271256 ^ _555_/Y (sky130_fd_sc_hd__a311oi_4)
                                                         _197_ (net)
                      0.506948    0.000867    9.272123 ^ _569_/A1 (sky130_fd_sc_hd__o211a_1)
     2    0.007738    0.135523    0.517988    9.790112 ^ _569_/X (sky130_fd_sc_hd__o211a_1)
                                                         _210_ (net)
                      0.135523    0.000154    9.790266 ^ _570_/B (sky130_fd_sc_hd__nor2_1)
     1    0.007077    0.110477    0.125668    9.915935 v _570_/Y (sky130_fd_sc_hd__nor2_1)
                                                         net20 (net)
                      0.110477    0.000287    9.916221 v output20/A (sky130_fd_sc_hd__buf_6)
     1    0.034851    0.076682    0.266881   10.183102 v output20/X (sky130_fd_sc_hd__buf_6)
                                                         P[13] (net)
                      0.076693    0.000881   10.183983 v P[13] (out)
                                             10.183983   data arrival time

                      0.000000   10.000000   10.000000   clock __VIRTUAL_CLK__ (rise edge)
                                  0.000000   10.000000   clock network delay (ideal)
                                 -0.250000    9.750000   clock uncertainty
                                  0.000000    9.750000   clock reconvergence pessimism
                                 -2.000000    7.750000   output external delay
                                              7.750000   data required time
---------------------------------------------------------------------------------------------
                                              7.750000   data required time
                                            -10.183983   data arrival time
---------------------------------------------------------------------------------------------
                                             -2.433983   slack (VIOLATED)


Startpoint: A[2] (input port clocked by __VIRTUAL_CLK__)
Endpoint: P[12] (output port clocked by __VIRTUAL_CLK__)
Path Group: __VIRTUAL_CLK__
Path Type: max

Fanout         Cap        Slew       Delay        Time   Description
---------------------------------------------------------------------------------------------
                      0.000000    0.000000    0.000000   clock __VIRTUAL_CLK__ (rise edge)
                                  0.000000    0.000000   clock network delay (ideal)
                                  2.000000    2.000000 ^ input external delay
     1    0.002774    0.032085    0.015656    2.015656 ^ A[2] (in)
                                                         A[2] (net)
                      0.032085    0.000000    2.015656 ^ input3/A (sky130_fd_sc_hd__buf_1)
     2    0.017170    0.331325    0.319504    2.335160 ^ input3/X (sky130_fd_sc_hd__buf_1)
                                                         net3 (net)
                      0.331327    0.000671    2.335830 ^ fanout36/A (sky130_fd_sc_hd__buf_4)
    10    0.039056    0.186216    0.409162    2.744992 ^ fanout36/X (sky130_fd_sc_hd__buf_4)
                                                         net36 (net)
                      0.186225    0.001550    2.746542 ^ _317_/A (sky130_fd_sc_hd__nand2_1)
     4    0.014387    0.247396    0.281708    3.028249 v _317_/Y (sky130_fd_sc_hd__nand2_1)
                                                         _250_ (net)
                      0.247396    0.000592    3.028841 v _319_/A_N (sky130_fd_sc_hd__nand3b_1)
     3    0.009019    0.258397    0.519183    3.548023 v _319_/Y (sky130_fd_sc_hd__nand3b_1)
                                                         _252_ (net)
                      0.258397    0.000171    3.548194 v _321_/B (sky130_fd_sc_hd__and3_1)
     4    0.013541    0.155402    0.517620    4.065814 v _321_/X (sky130_fd_sc_hd__and3_1)
                                                         _254_ (net)
                      0.155402    0.000570    4.066384 v _348_/B (sky130_fd_sc_hd__nor2_2)
     2    0.007339    0.173729    0.210357    4.276742 ^ _348_/Y (sky130_fd_sc_hd__nor2_2)
                                                         _280_ (net)
                      0.173729    0.000092    4.276833 ^ _349_/A_N (sky130_fd_sc_hd__and2b_1)
     2    0.006062    0.092113    0.429026    4.705859 v _349_/X (sky130_fd_sc_hd__and2b_1)
                                                         _281_ (net)
                      0.092113    0.000147    4.706006 v _353_/A (sky130_fd_sc_hd__or4_4)
     2    0.006259    0.161702    1.066661    5.772666 v _353_/X (sky130_fd_sc_hd__or4_4)
                                                         _001_ (net)
                      0.161702    0.000173    5.772840 v _361_/C (sky130_fd_sc_hd__and3_1)
     3    0.013661    0.156283    0.498936    6.271775 v _361_/X (sky130_fd_sc_hd__and3_1)
                                                         _009_ (net)
                      0.156284    0.000800    6.272575 v _363_/B (sky130_fd_sc_hd__or3b_4)
     3    0.013978    0.146347    0.803677    7.076252 v _363_/X (sky130_fd_sc_hd__or3b_4)
                                                         _011_ (net)
                      0.146347    0.000470    7.076722 v _380_/B (sky130_fd_sc_hd__nand2b_4)
     2    0.022524    0.137974    0.192852    7.269574 ^ _380_/Y (sky130_fd_sc_hd__nand2b_4)
                                                         _027_ (net)
                      0.137978    0.000900    7.270474 ^ _410_/A (sky130_fd_sc_hd__xor2_4)
     2    0.015310    0.252574    0.317885    7.588358 ^ _410_/X (sky130_fd_sc_hd__xor2_4)
                                                         _057_ (net)
                      0.252574    0.000162    7.588520 ^ _443_/A2 (sky130_fd_sc_hd__a21oi_4)
     3    0.011941    0.103862    0.189853    7.778374 v _443_/Y (sky130_fd_sc_hd__a21oi_4)
                                                         _089_ (net)
                      0.103862    0.000441    7.778815 v _507_/A (sky130_fd_sc_hd__or3b_4)
     3    0.017363    0.157248    0.838665    8.617480 v _507_/X (sky130_fd_sc_hd__or3b_4)
                                                         _151_ (net)
                      0.157250    0.000961    8.618442 v _555_/A3 (sky130_fd_sc_hd__a311oi_4)
     4    0.017646    0.506948    0.652816    9.271256 ^ _555_/Y (sky130_fd_sc_hd__a311oi_4)
                                                         _197_ (net)
                      0.506948    0.000608    9.271865 ^ _556_/B (sky130_fd_sc_hd__xnor2_1)
     1    0.010981    0.451140    0.435784    9.707648 ^ _556_/Y (sky130_fd_sc_hd__xnor2_1)
                                                         net19 (net)
                      0.451141    0.000464    9.708112 ^ output19/A (sky130_fd_sc_hd__buf_6)
     1    0.033916    0.124875    0.370874   10.078986 ^ output19/X (sky130_fd_sc_hd__buf_6)
                                                         P[12] (net)
                      0.124876    0.000613   10.079598 ^ P[12] (out)
                                             10.079598   data arrival time

                      0.000000   10.000000   10.000000   clock __VIRTUAL_CLK__ (rise edge)
                                  0.000000   10.000000   clock network delay (ideal)
                                 -0.250000    9.750000   clock uncertainty
                                  0.000000    9.750000   clock reconvergence pessimism
                                 -2.000000    7.750000   output external delay
                                              7.750000   data required time
---------------------------------------------------------------------------------------------
                                              7.750000   data required time
                                            -10.079598   data arrival time
---------------------------------------------------------------------------------------------
                                             -2.329599   slack (VIOLATED)


Startpoint: A[2] (input port clocked by __VIRTUAL_CLK__)
Endpoint: P[11] (output port clocked by __VIRTUAL_CLK__)
Path Group: __VIRTUAL_CLK__
Path Type: max

Fanout         Cap        Slew       Delay        Time   Description
---------------------------------------------------------------------------------------------
                      0.000000    0.000000    0.000000   clock __VIRTUAL_CLK__ (rise edge)
                                  0.000000    0.000000   clock network delay (ideal)
                                  2.000000    2.000000 ^ input external delay
     1    0.002774    0.032085    0.015656    2.015656 ^ A[2] (in)
                                                         A[2] (net)
                      0.032085    0.000000    2.015656 ^ input3/A (sky130_fd_sc_hd__buf_1)
     2    0.017170    0.331325    0.319504    2.335160 ^ input3/X (sky130_fd_sc_hd__buf_1)
                                                         net3 (net)
                      0.331327    0.000671    2.335830 ^ fanout36/A (sky130_fd_sc_hd__buf_4)
    10    0.039056    0.186216    0.409162    2.744992 ^ fanout36/X (sky130_fd_sc_hd__buf_4)
                                                         net36 (net)
                      0.186225    0.001550    2.746542 ^ _317_/A (sky130_fd_sc_hd__nand2_1)
     4    0.014387    0.247396    0.281708    3.028249 v _317_/Y (sky130_fd_sc_hd__nand2_1)
                                                         _250_ (net)
                      0.247396    0.000592    3.028841 v _319_/A_N (sky130_fd_sc_hd__nand3b_1)
     3    0.009019    0.258397    0.519183    3.548023 v _319_/Y (sky130_fd_sc_hd__nand3b_1)
                                                         _252_ (net)
                      0.258397    0.000171    3.548194 v _321_/B (sky130_fd_sc_hd__and3_1)
     4    0.013541    0.155402    0.517620    4.065814 v _321_/X (sky130_fd_sc_hd__and3_1)
                                                         _254_ (net)
                      0.155402    0.000570    4.066384 v _348_/B (sky130_fd_sc_hd__nor2_2)
     2    0.007339    0.173729    0.210357    4.276742 ^ _348_/Y (sky130_fd_sc_hd__nor2_2)
                                                         _280_ (net)
                      0.173729    0.000092    4.276833 ^ _349_/A_N (sky130_fd_sc_hd__and2b_1)
     2    0.006062    0.092113    0.429026    4.705859 v _349_/X (sky130_fd_sc_hd__and2b_1)
                                                         _281_ (net)
                      0.092113    0.000147    4.706006 v _353_/A (sky130_fd_sc_hd__or4_4)
     2    0.006259    0.161702    1.066661    5.772666 v _353_/X (sky130_fd_sc_hd__or4_4)
                                                         _001_ (net)
                      0.161702    0.000173    5.772840 v _361_/C (sky130_fd_sc_hd__and3_1)
     3    0.013661    0.156283    0.498936    6.271775 v _361_/X (sky130_fd_sc_hd__and3_1)
                                                         _009_ (net)
                      0.156284    0.000800    6.272575 v _363_/B (sky130_fd_sc_hd__or3b_4)
     3    0.013978    0.146347    0.803677    7.076252 v _363_/X (sky130_fd_sc_hd__or3b_4)
                                                         _011_ (net)
                      0.146347    0.000470    7.076722 v _380_/B (sky130_fd_sc_hd__nand2b_4)
     2    0.022524    0.137974    0.192852    7.269574 ^ _380_/Y (sky130_fd_sc_hd__nand2b_4)
                                                         _027_ (net)
                      0.137978    0.000900    7.270474 ^ _410_/A (sky130_fd_sc_hd__xor2_4)
     2    0.015310    0.252574    0.317885    7.588358 ^ _410_/X (sky130_fd_sc_hd__xor2_4)
                                                         _057_ (net)
                      0.252574    0.000162    7.588520 ^ _443_/A2 (sky130_fd_sc_hd__a21oi_4)
     3    0.011941    0.103862    0.189853    7.778374 v _443_/Y (sky130_fd_sc_hd__a21oi_4)
                                                         _089_ (net)
                      0.103862    0.000441    7.778815 v _507_/A (sky130_fd_sc_hd__or3b_4)
     3    0.017363    0.157248    0.838665    8.617480 v _507_/X (sky130_fd_sc_hd__or3b_4)
                                                         _151_ (net)
                      0.157248    0.000782    8.618262 v _510_/A2 (sky130_fd_sc_hd__a21o_1)
     1    0.004516    0.074326    0.367920    8.986182 v _510_/X (sky130_fd_sc_hd__a21o_1)
                                                         _154_ (net)
                      0.074326    0.000131    8.986313 v _538_/B (sky130_fd_sc_hd__nand2_2)
     1    0.008654    0.098513    0.127366    9.113678 ^ _538_/Y (sky130_fd_sc_hd__nand2_2)
                                                         _181_ (net)
                      0.098513    0.000171    9.113850 ^ _539_/B (sky130_fd_sc_hd__xnor2_2)
     1    0.010129    0.277968    0.236268    9.350118 ^ _539_/Y (sky130_fd_sc_hd__xnor2_2)
                                                         net18 (net)
                      0.277968    0.000416    9.350533 ^ output18/A (sky130_fd_sc_hd__buf_6)
     1    0.034123    0.123397    0.311120    9.661654 ^ output18/X (sky130_fd_sc_hd__buf_6)
                                                         P[11] (net)
                      0.123399    0.000676    9.662329 ^ P[11] (out)
                                              9.662329   data arrival time

                      0.000000   10.000000   10.000000   clock __VIRTUAL_CLK__ (rise edge)
                                  0.000000   10.000000   clock network delay (ideal)
                                 -0.250000    9.750000   clock uncertainty
                                  0.000000    9.750000   clock reconvergence pessimism
                                 -2.000000    7.750000   output external delay
                                              7.750000   data required time
---------------------------------------------------------------------------------------------
                                              7.750000   data required time
                                             -9.662329   data arrival time
---------------------------------------------------------------------------------------------
                                             -1.912329   slack (VIOLATED)


Startpoint: A[2] (input port clocked by __VIRTUAL_CLK__)
Endpoint: P[10] (output port clocked by __VIRTUAL_CLK__)
Path Group: __VIRTUAL_CLK__
Path Type: max

Fanout         Cap        Slew       Delay        Time   Description
---------------------------------------------------------------------------------------------
                      0.000000    0.000000    0.000000   clock __VIRTUAL_CLK__ (rise edge)
                                  0.000000    0.000000   clock network delay (ideal)
                                  2.000000    2.000000 ^ input external delay
     1    0.002774    0.032085    0.015656    2.015656 ^ A[2] (in)
                                                         A[2] (net)
                      0.032085    0.000000    2.015656 ^ input3/A (sky130_fd_sc_hd__buf_1)
     2    0.017170    0.331325    0.319504    2.335160 ^ input3/X (sky130_fd_sc_hd__buf_1)
                                                         net3 (net)
                      0.331327    0.000671    2.335830 ^ fanout36/A (sky130_fd_sc_hd__buf_4)
    10    0.039056    0.186216    0.409162    2.744992 ^ fanout36/X (sky130_fd_sc_hd__buf_4)
                                                         net36 (net)
                      0.186225    0.001550    2.746542 ^ _317_/A (sky130_fd_sc_hd__nand2_1)
     4    0.014387    0.247396    0.281708    3.028249 v _317_/Y (sky130_fd_sc_hd__nand2_1)
                                                         _250_ (net)
                      0.247396    0.000592    3.028841 v _319_/A_N (sky130_fd_sc_hd__nand3b_1)
     3    0.009019    0.258397    0.519183    3.548023 v _319_/Y (sky130_fd_sc_hd__nand3b_1)
                                                         _252_ (net)
                      0.258397    0.000171    3.548194 v _321_/B (sky130_fd_sc_hd__and3_1)
     4    0.013541    0.155402    0.517620    4.065814 v _321_/X (sky130_fd_sc_hd__and3_1)
                                                         _254_ (net)
                      0.155402    0.000570    4.066384 v _348_/B (sky130_fd_sc_hd__nor2_2)
     2    0.007339    0.173729    0.210357    4.276742 ^ _348_/Y (sky130_fd_sc_hd__nor2_2)
                                                         _280_ (net)
                      0.173729    0.000092    4.276833 ^ _349_/A_N (sky130_fd_sc_hd__and2b_1)
     2    0.006062    0.092113    0.429026    4.705859 v _349_/X (sky130_fd_sc_hd__and2b_1)
                                                         _281_ (net)
                      0.092113    0.000147    4.706006 v _353_/A (sky130_fd_sc_hd__or4_4)
     2    0.006259    0.161702    1.066661    5.772666 v _353_/X (sky130_fd_sc_hd__or4_4)
                                                         _001_ (net)
                      0.161702    0.000173    5.772840 v _361_/C (sky130_fd_sc_hd__and3_1)
     3    0.013661    0.156283    0.498936    6.271775 v _361_/X (sky130_fd_sc_hd__and3_1)
                                                         _009_ (net)
                      0.156284    0.000800    6.272575 v _363_/B (sky130_fd_sc_hd__or3b_4)
     3    0.013978    0.146347    0.803677    7.076252 v _363_/X (sky130_fd_sc_hd__or3b_4)
                                                         _011_ (net)
                      0.146347    0.000470    7.076722 v _380_/B (sky130_fd_sc_hd__nand2b_4)
     2    0.022524    0.137974    0.192852    7.269574 ^ _380_/Y (sky130_fd_sc_hd__nand2b_4)
                                                         _027_ (net)
                      0.137978    0.000900    7.270474 ^ _410_/A (sky130_fd_sc_hd__xor2_4)
     2    0.015310    0.252574    0.317885    7.588358 ^ _410_/X (sky130_fd_sc_hd__xor2_4)
                                                         _057_ (net)
                      0.252574    0.000162    7.588520 ^ _443_/A2 (sky130_fd_sc_hd__a21oi_4)
     3    0.011941    0.103862    0.189853    7.778374 v _443_/Y (sky130_fd_sc_hd__a21oi_4)
                                                         _089_ (net)
                      0.103862    0.000441    7.778815 v _507_/A (sky130_fd_sc_hd__or3b_4)
     3    0.017363    0.157248    0.838665    8.617480 v _507_/X (sky130_fd_sc_hd__or3b_4)
                                                         _151_ (net)
                      0.157248    0.000611    8.618092 v _509_/A (sky130_fd_sc_hd__nand2_1)
     1    0.008768    0.152774    0.190057    8.808148 ^ _509_/Y (sky130_fd_sc_hd__nand2_1)
                                                         _153_ (net)
                      0.152774    0.000179    8.808328 ^ _511_/B (sky130_fd_sc_hd__xnor2_2)
     1    0.009199    0.262245    0.252612    9.060940 ^ _511_/Y (sky130_fd_sc_hd__xnor2_2)
                                                         net17 (net)
                      0.262245    0.000401    9.061340 ^ output17/A (sky130_fd_sc_hd__buf_6)
     1    0.034062    0.123032    0.305539    9.366879 ^ output17/X (sky130_fd_sc_hd__buf_6)
                                                         P[10] (net)
                      0.123033    0.000655    9.367534 ^ P[10] (out)
                                              9.367534   data arrival time

                      0.000000   10.000000   10.000000   clock __VIRTUAL_CLK__ (rise edge)
                                  0.000000   10.000000   clock network delay (ideal)
                                 -0.250000    9.750000   clock uncertainty
                                  0.000000    9.750000   clock reconvergence pessimism
                                 -2.000000    7.750000   output external delay
                                              7.750000   data required time
---------------------------------------------------------------------------------------------
                                              7.750000   data required time
                                             -9.367534   data arrival time
---------------------------------------------------------------------------------------------
                                             -1.617534   slack (VIOLATED)


Startpoint: A[2] (input port clocked by __VIRTUAL_CLK__)
Endpoint: P[9] (output port clocked by __VIRTUAL_CLK__)
Path Group: __VIRTUAL_CLK__
Path Type: max

Fanout         Cap        Slew       Delay        Time   Description
---------------------------------------------------------------------------------------------
                      0.000000    0.000000    0.000000   clock __VIRTUAL_CLK__ (rise edge)
                                  0.000000    0.000000   clock network delay (ideal)
                                  2.000000    2.000000 ^ input external delay
     1    0.002774    0.032085    0.015656    2.015656 ^ A[2] (in)
                                                         A[2] (net)
                      0.032085    0.000000    2.015656 ^ input3/A (sky130_fd_sc_hd__buf_1)
     2    0.017170    0.331325    0.319504    2.335160 ^ input3/X (sky130_fd_sc_hd__buf_1)
                                                         net3 (net)
                      0.331327    0.000671    2.335830 ^ fanout36/A (sky130_fd_sc_hd__buf_4)
    10    0.039056    0.186216    0.409162    2.744992 ^ fanout36/X (sky130_fd_sc_hd__buf_4)
                                                         net36 (net)
                      0.186225    0.001550    2.746542 ^ _317_/A (sky130_fd_sc_hd__nand2_1)
     4    0.014387    0.247396    0.281708    3.028249 v _317_/Y (sky130_fd_sc_hd__nand2_1)
                                                         _250_ (net)
                      0.247396    0.000592    3.028841 v _319_/A_N (sky130_fd_sc_hd__nand3b_1)
     3    0.009019    0.258397    0.519183    3.548023 v _319_/Y (sky130_fd_sc_hd__nand3b_1)
                                                         _252_ (net)
                      0.258397    0.000171    3.548194 v _321_/B (sky130_fd_sc_hd__and3_1)
     4    0.013541    0.155402    0.517620    4.065814 v _321_/X (sky130_fd_sc_hd__and3_1)
                                                         _254_ (net)
                      0.155402    0.000570    4.066384 v _348_/B (sky130_fd_sc_hd__nor2_2)
     2    0.007339    0.173729    0.210357    4.276742 ^ _348_/Y (sky130_fd_sc_hd__nor2_2)
                                                         _280_ (net)
                      0.173729    0.000092    4.276833 ^ _349_/A_N (sky130_fd_sc_hd__and2b_1)
     2    0.006062    0.092113    0.429026    4.705859 v _349_/X (sky130_fd_sc_hd__and2b_1)
                                                         _281_ (net)
                      0.092113    0.000147    4.706006 v _353_/A (sky130_fd_sc_hd__or4_4)
     2    0.006259    0.161702    1.066661    5.772666 v _353_/X (sky130_fd_sc_hd__or4_4)
                                                         _001_ (net)
                      0.161702    0.000173    5.772840 v _361_/C (sky130_fd_sc_hd__and3_1)
     3    0.013661    0.156283    0.498936    6.271775 v _361_/X (sky130_fd_sc_hd__and3_1)
                                                         _009_ (net)
                      0.156284    0.000800    6.272575 v _363_/B (sky130_fd_sc_hd__or3b_4)
     3    0.013978    0.146347    0.803677    7.076252 v _363_/X (sky130_fd_sc_hd__or3b_4)
                                                         _011_ (net)
                      0.146347    0.000370    7.076622 v _374_/A (sky130_fd_sc_hd__and3_1)
     2    0.004534    0.086036    0.345226    7.421848 v _374_/X (sky130_fd_sc_hd__and3_1)
                                                         _022_ (net)
                      0.086036    0.000105    7.421953 v _411_/B1 (sky130_fd_sc_hd__a21o_1)
     2    0.017598    0.172012    0.393514    7.815467 v _411_/X (sky130_fd_sc_hd__a21o_1)
                                                         _058_ (net)
                      0.172014    0.000951    7.816418 v _443_/A1 (sky130_fd_sc_hd__a21oi_4)
     3    0.012701    0.217104    0.292199    8.108617 ^ _443_/Y (sky130_fd_sc_hd__a21oi_4)
                                                         _089_ (net)
                      0.217104    0.000457    8.109075 ^ _480_/A2 (sky130_fd_sc_hd__o21a_1)
     1    0.009333    0.163374    0.329762    8.438836 ^ _480_/X (sky130_fd_sc_hd__o21a_1)
                                                         _125_ (net)
                      0.163374    0.000290    8.439126 ^ _481_/B (sky130_fd_sc_hd__xnor2_2)
     1    0.009278    0.263449    0.257335    8.696461 ^ _481_/Y (sky130_fd_sc_hd__xnor2_2)
                                                         net31 (net)
                      0.263449    0.000430    8.696891 ^ output31/A (sky130_fd_sc_hd__buf_6)
     1    0.033957    0.122735    0.305748    9.002639 ^ output31/X (sky130_fd_sc_hd__buf_6)
                                                         P[9] (net)
                      0.122735    0.000624    9.003263 ^ P[9] (out)
                                              9.003263   data arrival time

                      0.000000   10.000000   10.000000   clock __VIRTUAL_CLK__ (rise edge)
                                  0.000000   10.000000   clock network delay (ideal)
                                 -0.250000    9.750000   clock uncertainty
                                  0.000000    9.750000   clock reconvergence pessimism
                                 -2.000000    7.750000   output external delay
                                              7.750000   data required time
---------------------------------------------------------------------------------------------
                                              7.750000   data required time
                                             -9.003263   data arrival time
---------------------------------------------------------------------------------------------
                                             -1.253262   slack (VIOLATED)


Startpoint: A[2] (input port clocked by __VIRTUAL_CLK__)
Endpoint: P[8] (output port clocked by __VIRTUAL_CLK__)
Path Group: __VIRTUAL_CLK__
Path Type: max

Fanout         Cap        Slew       Delay        Time   Description
---------------------------------------------------------------------------------------------
                      0.000000    0.000000    0.000000   clock __VIRTUAL_CLK__ (rise edge)
                                  0.000000    0.000000   clock network delay (ideal)
                                  2.000000    2.000000 ^ input external delay
     1    0.002774    0.032085    0.015656    2.015656 ^ A[2] (in)
                                                         A[2] (net)
                      0.032085    0.000000    2.015656 ^ input3/A (sky130_fd_sc_hd__buf_1)
     2    0.017170    0.331325    0.319504    2.335160 ^ input3/X (sky130_fd_sc_hd__buf_1)
                                                         net3 (net)
                      0.331327    0.000671    2.335830 ^ fanout36/A (sky130_fd_sc_hd__buf_4)
    10    0.039056    0.186216    0.409162    2.744992 ^ fanout36/X (sky130_fd_sc_hd__buf_4)
                                                         net36 (net)
                      0.186225    0.001550    2.746542 ^ _317_/A (sky130_fd_sc_hd__nand2_1)
     4    0.014387    0.247396    0.281708    3.028249 v _317_/Y (sky130_fd_sc_hd__nand2_1)
                                                         _250_ (net)
                      0.247396    0.000592    3.028841 v _319_/A_N (sky130_fd_sc_hd__nand3b_1)
     3    0.009019    0.258397    0.519183    3.548023 v _319_/Y (sky130_fd_sc_hd__nand3b_1)
                                                         _252_ (net)
                      0.258397    0.000171    3.548194 v _321_/B (sky130_fd_sc_hd__and3_1)
     4    0.013541    0.155402    0.517620    4.065814 v _321_/X (sky130_fd_sc_hd__and3_1)
                                                         _254_ (net)
                      0.155402    0.000570    4.066384 v _348_/B (sky130_fd_sc_hd__nor2_2)
     2    0.007339    0.173729    0.210357    4.276742 ^ _348_/Y (sky130_fd_sc_hd__nor2_2)
                                                         _280_ (net)
                      0.173729    0.000092    4.276833 ^ _349_/A_N (sky130_fd_sc_hd__and2b_1)
     2    0.006062    0.092113    0.429026    4.705859 v _349_/X (sky130_fd_sc_hd__and2b_1)
                                                         _281_ (net)
                      0.092113    0.000147    4.706006 v _353_/A (sky130_fd_sc_hd__or4_4)
     2    0.006259    0.161702    1.066661    5.772666 v _353_/X (sky130_fd_sc_hd__or4_4)
                                                         _001_ (net)
                      0.161702    0.000173    5.772840 v _361_/C (sky130_fd_sc_hd__and3_1)
     3    0.013661    0.156283    0.498936    6.271775 v _361_/X (sky130_fd_sc_hd__and3_1)
                                                         _009_ (net)
                      0.156284    0.000800    6.272575 v _363_/B (sky130_fd_sc_hd__or3b_4)
     3    0.013978    0.146347    0.803677    7.076252 v _363_/X (sky130_fd_sc_hd__or3b_4)
                                                         _011_ (net)
                      0.146347    0.000370    7.076622 v _374_/A (sky130_fd_sc_hd__and3_1)
     2    0.004534    0.086036    0.345226    7.421848 v _374_/X (sky130_fd_sc_hd__and3_1)
                                                         _022_ (net)
                      0.086036    0.000105    7.421953 v _411_/B1 (sky130_fd_sc_hd__a21o_1)
     2    0.017598    0.172012    0.393514    7.815467 v _411_/X (sky130_fd_sc_hd__a21o_1)
                                                         _058_ (net)
                      0.172014    0.000951    7.816418 v _443_/A1 (sky130_fd_sc_hd__a21oi_4)
     3    0.012701    0.217104    0.292199    8.108617 ^ _443_/Y (sky130_fd_sc_hd__a21oi_4)
                                                         _089_ (net)
                      0.217104    0.000401    8.109017 ^ _444_/B (sky130_fd_sc_hd__xor2_1)
     1    0.009298    0.369182    0.444100    8.553118 ^ _444_/X (sky130_fd_sc_hd__xor2_1)
                                                         net30 (net)
                      0.369182    0.000339    8.553457 ^ output30/A (sky130_fd_sc_hd__buf_4)
     1    0.034118    0.166237    0.410121    8.963577 ^ output30/X (sky130_fd_sc_hd__buf_4)
                                                         P[8] (net)
                      0.166237    0.000668    8.964246 ^ P[8] (out)
                                              8.964246   data arrival time

                      0.000000   10.000000   10.000000   clock __VIRTUAL_CLK__ (rise edge)
                                  0.000000   10.000000   clock network delay (ideal)
                                 -0.250000    9.750000   clock uncertainty
                                  0.000000    9.750000   clock reconvergence pessimism
                                 -2.000000    7.750000   output external delay
                                              7.750000   data required time
---------------------------------------------------------------------------------------------
                                              7.750000   data required time
                                             -8.964246   data arrival time
---------------------------------------------------------------------------------------------
                                             -1.214246   slack (VIOLATED)


Startpoint: A[2] (input port clocked by __VIRTUAL_CLK__)
Endpoint: P[7] (output port clocked by __VIRTUAL_CLK__)
Path Group: __VIRTUAL_CLK__
Path Type: max

Fanout         Cap        Slew       Delay        Time   Description
---------------------------------------------------------------------------------------------
                      0.000000    0.000000    0.000000   clock __VIRTUAL_CLK__ (rise edge)
                                  0.000000    0.000000   clock network delay (ideal)
                                  2.000000    2.000000 ^ input external delay
     1    0.002774    0.032085    0.015656    2.015656 ^ A[2] (in)
                                                         A[2] (net)
                      0.032085    0.000000    2.015656 ^ input3/A (sky130_fd_sc_hd__buf_1)
     2    0.017170    0.331325    0.319504    2.335160 ^ input3/X (sky130_fd_sc_hd__buf_1)
                                                         net3 (net)
                      0.331327    0.000671    2.335830 ^ fanout36/A (sky130_fd_sc_hd__buf_4)
    10    0.039056    0.186216    0.409162    2.744992 ^ fanout36/X (sky130_fd_sc_hd__buf_4)
                                                         net36 (net)
                      0.186225    0.001550    2.746542 ^ _317_/A (sky130_fd_sc_hd__nand2_1)
     4    0.014387    0.247396    0.281708    3.028249 v _317_/Y (sky130_fd_sc_hd__nand2_1)
                                                         _250_ (net)
                      0.247396    0.000592    3.028841 v _319_/A_N (sky130_fd_sc_hd__nand3b_1)
     3    0.009019    0.258397    0.519183    3.548023 v _319_/Y (sky130_fd_sc_hd__nand3b_1)
                                                         _252_ (net)
                      0.258397    0.000171    3.548194 v _321_/B (sky130_fd_sc_hd__and3_1)
     4    0.013541    0.155402    0.517620    4.065814 v _321_/X (sky130_fd_sc_hd__and3_1)
                                                         _254_ (net)
                      0.155402    0.000570    4.066384 v _348_/B (sky130_fd_sc_hd__nor2_2)
     2    0.007339    0.173729    0.210357    4.276742 ^ _348_/Y (sky130_fd_sc_hd__nor2_2)
                                                         _280_ (net)
                      0.173729    0.000092    4.276833 ^ _349_/A_N (sky130_fd_sc_hd__and2b_1)
     2    0.006062    0.092113    0.429026    4.705859 v _349_/X (sky130_fd_sc_hd__and2b_1)
                                                         _281_ (net)
                      0.092113    0.000147    4.706006 v _353_/A (sky130_fd_sc_hd__or4_4)
     2    0.006259    0.161702    1.066661    5.772666 v _353_/X (sky130_fd_sc_hd__or4_4)
                                                         _001_ (net)
                      0.161702    0.000173    5.772840 v _361_/C (sky130_fd_sc_hd__and3_1)
     3    0.013661    0.156283    0.498936    6.271775 v _361_/X (sky130_fd_sc_hd__and3_1)
                                                         _009_ (net)
                      0.156284    0.000800    6.272575 v _363_/B (sky130_fd_sc_hd__or3b_4)
     3    0.013978    0.146347    0.803677    7.076252 v _363_/X (sky130_fd_sc_hd__or3b_4)
                                                         _011_ (net)
                      0.146347    0.000370    7.076622 v _374_/A (sky130_fd_sc_hd__and3_1)
     2    0.004534    0.086036    0.345226    7.421848 v _374_/X (sky130_fd_sc_hd__and3_1)
                                                         _022_ (net)
                      0.086036    0.000105    7.421953 v _411_/B1 (sky130_fd_sc_hd__a21o_1)
     2    0.017598    0.172012    0.393514    7.815467 v _411_/X (sky130_fd_sc_hd__a21o_1)
                                                         _058_ (net)
                      0.172013    0.000779    7.816246 v _412_/B (sky130_fd_sc_hd__xor2_1)
     1    0.009274    0.368307    0.394480    8.210726 ^ _412_/X (sky130_fd_sc_hd__xor2_1)
                                                         net29 (net)
                      0.368307    0.000536    8.211261 ^ output29/A (sky130_fd_sc_hd__buf_4)
     1    0.034453    0.167611    0.410719    8.621980 ^ output29/X (sky130_fd_sc_hd__buf_4)
                                                         P[7] (net)
                      0.167612    0.000773    8.622752 ^ P[7] (out)
                                              8.622752   data arrival time

                      0.000000   10.000000   10.000000   clock __VIRTUAL_CLK__ (rise edge)
                                  0.000000   10.000000   clock network delay (ideal)
                                 -0.250000    9.750000   clock uncertainty
                                  0.000000    9.750000   clock reconvergence pessimism
                                 -2.000000    7.750000   output external delay
                                              7.750000   data required time
---------------------------------------------------------------------------------------------
                                              7.750000   data required time
                                             -8.622752   data arrival time
---------------------------------------------------------------------------------------------
                                             -0.872753   slack (VIOLATED)


Startpoint: A[2] (input port clocked by __VIRTUAL_CLK__)
Endpoint: P[6] (output port clocked by __VIRTUAL_CLK__)
Path Group: __VIRTUAL_CLK__
Path Type: max

Fanout         Cap        Slew       Delay        Time   Description
---------------------------------------------------------------------------------------------
                      0.000000    0.000000    0.000000   clock __VIRTUAL_CLK__ (rise edge)
                                  0.000000    0.000000   clock network delay (ideal)
                                  2.000000    2.000000 ^ input external delay
     1    0.002774    0.032085    0.015656    2.015656 ^ A[2] (in)
                                                         A[2] (net)
                      0.032085    0.000000    2.015656 ^ input3/A (sky130_fd_sc_hd__buf_1)
     2    0.017170    0.331325    0.319504    2.335160 ^ input3/X (sky130_fd_sc_hd__buf_1)
                                                         net3 (net)
                      0.331327    0.000671    2.335830 ^ fanout36/A (sky130_fd_sc_hd__buf_4)
    10    0.039056    0.186216    0.409162    2.744992 ^ fanout36/X (sky130_fd_sc_hd__buf_4)
                                                         net36 (net)
                      0.186225    0.001550    2.746542 ^ _317_/A (sky130_fd_sc_hd__nand2_1)
     4    0.014387    0.247396    0.281708    3.028249 v _317_/Y (sky130_fd_sc_hd__nand2_1)
                                                         _250_ (net)
                      0.247396    0.000592    3.028841 v _319_/A_N (sky130_fd_sc_hd__nand3b_1)
     3    0.009019    0.258397    0.519183    3.548023 v _319_/Y (sky130_fd_sc_hd__nand3b_1)
                                                         _252_ (net)
                      0.258397    0.000171    3.548194 v _321_/B (sky130_fd_sc_hd__and3_1)
     4    0.013541    0.155402    0.517620    4.065814 v _321_/X (sky130_fd_sc_hd__and3_1)
                                                         _254_ (net)
                      0.155402    0.000570    4.066384 v _348_/B (sky130_fd_sc_hd__nor2_2)
     2    0.007339    0.173729    0.210357    4.276742 ^ _348_/Y (sky130_fd_sc_hd__nor2_2)
                                                         _280_ (net)
                      0.173729    0.000092    4.276833 ^ _349_/A_N (sky130_fd_sc_hd__and2b_1)
     2    0.006062    0.092113    0.429026    4.705859 v _349_/X (sky130_fd_sc_hd__and2b_1)
                                                         _281_ (net)
                      0.092113    0.000147    4.706006 v _353_/A (sky130_fd_sc_hd__or4_4)
     2    0.006259    0.161702    1.066661    5.772666 v _353_/X (sky130_fd_sc_hd__or4_4)
                                                         _001_ (net)
                      0.161702    0.000173    5.772840 v _361_/C (sky130_fd_sc_hd__and3_1)
     3    0.013661    0.156283    0.498936    6.271775 v _361_/X (sky130_fd_sc_hd__and3_1)
                                                         _009_ (net)
                      0.156284    0.000800    6.272575 v _363_/B (sky130_fd_sc_hd__or3b_4)
     3    0.013978    0.146347    0.803677    7.076252 v _363_/X (sky130_fd_sc_hd__or3b_4)
                                                         _011_ (net)
                      0.146347    0.000370    7.076622 v _374_/A (sky130_fd_sc_hd__and3_1)
     2    0.004534    0.086036    0.345226    7.421848 v _374_/X (sky130_fd_sc_hd__and3_1)
                                                         _022_ (net)
                      0.086036    0.000097    7.421945 v _376_/A_N (sky130_fd_sc_hd__and2b_1)
     1    0.005061    0.099624    0.397559    7.819503 ^ _376_/X (sky130_fd_sc_hd__and2b_1)
                                                         _024_ (net)
                      0.099624    0.000149    7.819653 ^ _379_/A (sky130_fd_sc_hd__xor2_1)
     1    0.007449    0.315190    0.342988    8.162641 ^ _379_/X (sky130_fd_sc_hd__xor2_1)
                                                         net28 (net)
                      0.315190    0.000358    8.162998 ^ output28/A (sky130_fd_sc_hd__buf_4)
     1    0.034687    0.168016    0.390074    8.553072 ^ output28/X (sky130_fd_sc_hd__buf_4)
                                                         P[6] (net)
                      0.168017    0.000845    8.553917 ^ P[6] (out)
                                              8.553917   data arrival time

                      0.000000   10.000000   10.000000   clock __VIRTUAL_CLK__ (rise edge)
                                  0.000000   10.000000   clock network delay (ideal)
                                 -0.250000    9.750000   clock uncertainty
                                  0.000000    9.750000   clock reconvergence pessimism
                                 -2.000000    7.750000   output external delay
                                              7.750000   data required time
---------------------------------------------------------------------------------------------
                                              7.750000   data required time
                                             -8.553917   data arrival time
---------------------------------------------------------------------------------------------
                                             -0.803917   slack (VIOLATED)


Startpoint: A[2] (input port clocked by __VIRTUAL_CLK__)
Endpoint: P[5] (output port clocked by __VIRTUAL_CLK__)
Path Group: __VIRTUAL_CLK__
Path Type: max

Fanout         Cap        Slew       Delay        Time   Description
---------------------------------------------------------------------------------------------
                      0.000000    0.000000    0.000000   clock __VIRTUAL_CLK__ (rise edge)
                                  0.000000    0.000000   clock network delay (ideal)
                                  2.000000    2.000000 ^ input external delay
     1    0.002774    0.032085    0.015656    2.015656 ^ A[2] (in)
                                                         A[2] (net)
                      0.032085    0.000000    2.015656 ^ input3/A (sky130_fd_sc_hd__buf_1)
     2    0.017170    0.331325    0.319504    2.335160 ^ input3/X (sky130_fd_sc_hd__buf_1)
                                                         net3 (net)
                      0.331327    0.000671    2.335830 ^ fanout36/A (sky130_fd_sc_hd__buf_4)
    10    0.039056    0.186216    0.409162    2.744992 ^ fanout36/X (sky130_fd_sc_hd__buf_4)
                                                         net36 (net)
                      0.186225    0.001550    2.746542 ^ _317_/A (sky130_fd_sc_hd__nand2_1)
     4    0.014387    0.247396    0.281708    3.028249 v _317_/Y (sky130_fd_sc_hd__nand2_1)
                                                         _250_ (net)
                      0.247396    0.000592    3.028841 v _319_/A_N (sky130_fd_sc_hd__nand3b_1)
     3    0.009019    0.258397    0.519183    3.548023 v _319_/Y (sky130_fd_sc_hd__nand3b_1)
                                                         _252_ (net)
                      0.258397    0.000171    3.548194 v _321_/B (sky130_fd_sc_hd__and3_1)
     4    0.013541    0.155402    0.517620    4.065814 v _321_/X (sky130_fd_sc_hd__and3_1)
                                                         _254_ (net)
                      0.155402    0.000296    4.066110 v _324_/A_N (sky130_fd_sc_hd__and4b_1)
     2    0.005788    0.141855    0.571961    4.638071 ^ _324_/X (sky130_fd_sc_hd__and4b_1)
                                                         _257_ (net)
                      0.141855    0.000115    4.638186 ^ rebuffer12/A (sky130_fd_sc_hd__dlygate4sd1_1)
     2    0.005075    0.095082    0.425733    5.063919 ^ rebuffer12/X (sky130_fd_sc_hd__dlygate4sd1_1)
                                                         net58 (net)
                      0.095082    0.000119    5.064038 ^ _326_/A_N (sky130_fd_sc_hd__and2b_1)
     1    0.009143    0.116989    0.420078    5.484116 v _326_/X (sky130_fd_sc_hd__and2b_1)
                                                         _259_ (net)
                      0.116989    0.000295    5.484410 v _327_/B (sky130_fd_sc_hd__xnor2_2)
     2    0.011367    0.149816    0.298892    5.783303 v _327_/Y (sky130_fd_sc_hd__xnor2_2)
                                                         _260_ (net)
                      0.149816    0.000526    5.783829 v _329_/B (sky130_fd_sc_hd__xnor2_1)
     2    0.010081    0.198128    0.324455    6.108284 v _329_/Y (sky130_fd_sc_hd__xnor2_1)
                                                         _262_ (net)
                      0.198128    0.000430    6.108714 v _330_/C (sky130_fd_sc_hd__and3_1)
     3    0.007711    0.110543    0.467816    6.576530 v _330_/X (sky130_fd_sc_hd__and3_1)
                                                         _263_ (net)
                      0.110543    0.000167    6.576697 v _581_/B (sky130_fd_sc_hd__or3b_1)
     1    0.001930    0.126942    0.792957    7.369654 v _581_/X (sky130_fd_sc_hd__or3b_1)
                                                         _220_ (net)
                      0.126942    0.000053    7.369707 v _582_/B (sky130_fd_sc_hd__and2b_1)
     1    0.006419    0.094885    0.376691    7.746397 v _582_/X (sky130_fd_sc_hd__and2b_1)
                                                         net27 (net)
                      0.094885    0.000296    7.746693 v output27/A (sky130_fd_sc_hd__clkbuf_4)
     1    0.034393    0.139429    0.337258    8.083952 v output27/X (sky130_fd_sc_hd__clkbuf_4)
                                                         P[5] (net)
                      0.139431    0.000748    8.084700 v P[5] (out)
                                              8.084700   data arrival time

                      0.000000   10.000000   10.000000   clock __VIRTUAL_CLK__ (rise edge)
                                  0.000000   10.000000   clock network delay (ideal)
                                 -0.250000    9.750000   clock uncertainty
                                  0.000000    9.750000   clock reconvergence pessimism
                                 -2.000000    7.750000   output external delay
                                              7.750000   data required time
---------------------------------------------------------------------------------------------
                                              7.750000   data required time
                                             -8.084700   data arrival time
---------------------------------------------------------------------------------------------
                                             -0.334699   slack (VIOLATED)


Startpoint: A[2] (input port clocked by __VIRTUAL_CLK__)
Endpoint: P[4] (output port clocked by __VIRTUAL_CLK__)
Path Group: __VIRTUAL_CLK__
Path Type: max

Fanout         Cap        Slew       Delay        Time   Description
---------------------------------------------------------------------------------------------
                      0.000000    0.000000    0.000000   clock __VIRTUAL_CLK__ (rise edge)
                                  0.000000    0.000000   clock network delay (ideal)
                                  2.000000    2.000000 ^ input external delay
     1    0.002774    0.032085    0.015656    2.015656 ^ A[2] (in)
                                                         A[2] (net)
                      0.032085    0.000000    2.015656 ^ input3/A (sky130_fd_sc_hd__buf_1)
     2    0.017170    0.331325    0.319504    2.335160 ^ input3/X (sky130_fd_sc_hd__buf_1)
                                                         net3 (net)
                      0.331327    0.000671    2.335830 ^ fanout36/A (sky130_fd_sc_hd__buf_4)
    10    0.039056    0.186216    0.409162    2.744992 ^ fanout36/X (sky130_fd_sc_hd__buf_4)
                                                         net36 (net)
                      0.186225    0.001550    2.746542 ^ _317_/A (sky130_fd_sc_hd__nand2_1)
     4    0.014387    0.247396    0.281708    3.028249 v _317_/Y (sky130_fd_sc_hd__nand2_1)
                                                         _250_ (net)
                      0.247396    0.000592    3.028841 v _319_/A_N (sky130_fd_sc_hd__nand3b_1)
     3    0.009019    0.258397    0.519183    3.548023 v _319_/Y (sky130_fd_sc_hd__nand3b_1)
                                                         _252_ (net)
                      0.258397    0.000171    3.548194 v _321_/B (sky130_fd_sc_hd__and3_1)
     4    0.013541    0.155402    0.517620    4.065814 v _321_/X (sky130_fd_sc_hd__and3_1)
                                                         _254_ (net)
                      0.155402    0.000296    4.066110 v _324_/A_N (sky130_fd_sc_hd__and4b_1)
     2    0.005788    0.141855    0.571961    4.638071 ^ _324_/X (sky130_fd_sc_hd__and4b_1)
                                                         _257_ (net)
                      0.141855    0.000115    4.638186 ^ rebuffer12/A (sky130_fd_sc_hd__dlygate4sd1_1)
     2    0.005075    0.095082    0.425733    5.063919 ^ rebuffer12/X (sky130_fd_sc_hd__dlygate4sd1_1)
                                                         net58 (net)
                      0.095082    0.000119    5.064038 ^ _326_/A_N (sky130_fd_sc_hd__and2b_1)
     1    0.009143    0.116989    0.420078    5.484116 v _326_/X (sky130_fd_sc_hd__and2b_1)
                                                         _259_ (net)
                      0.116989    0.000295    5.484410 v _327_/B (sky130_fd_sc_hd__xnor2_2)
     2    0.011367    0.149816    0.298892    5.783303 v _327_/Y (sky130_fd_sc_hd__xnor2_2)
                                                         _260_ (net)
                      0.149816    0.000526    5.783829 v _329_/B (sky130_fd_sc_hd__xnor2_1)
     2    0.010081    0.198128    0.324455    6.108284 v _329_/Y (sky130_fd_sc_hd__xnor2_1)
                                                         _262_ (net)
                      0.198128    0.000430    6.108714 v _330_/C (sky130_fd_sc_hd__and3_1)
     3    0.007711    0.110543    0.467816    6.576530 v _330_/X (sky130_fd_sc_hd__and3_1)
                                                         _263_ (net)
                      0.110543    0.000193    6.576723 v _332_/A (sky130_fd_sc_hd__nor2_1)
     1    0.006854    0.239267    0.267117    6.843839 ^ _332_/Y (sky130_fd_sc_hd__nor2_1)
                                                         net26 (net)
                      0.239267    0.000310    6.844149 ^ output26/A (sky130_fd_sc_hd__buf_2)
     1    0.034323    0.272924    0.421777    7.265926 ^ output26/X (sky130_fd_sc_hd__buf_2)
                                                         P[4] (net)
                      0.272924    0.000733    7.266659 ^ P[4] (out)
                                              7.266659   data arrival time

                      0.000000   10.000000   10.000000   clock __VIRTUAL_CLK__ (rise edge)
                                  0.000000   10.000000   clock network delay (ideal)
                                 -0.250000    9.750000   clock uncertainty
                                  0.000000    9.750000   clock reconvergence pessimism
                                 -2.000000    7.750000   output external delay
                                              7.750000   data required time
---------------------------------------------------------------------------------------------
                                              7.750000   data required time
                                             -7.266659   data arrival time
---------------------------------------------------------------------------------------------
                                              0.483341   slack (MET)


Startpoint: A[0] (input port clocked by __VIRTUAL_CLK__)
Endpoint: P[3] (output port clocked by __VIRTUAL_CLK__)
Path Group: __VIRTUAL_CLK__
Path Type: max

Fanout         Cap        Slew       Delay        Time   Description
---------------------------------------------------------------------------------------------
                      0.000000    0.000000    0.000000   clock __VIRTUAL_CLK__ (rise edge)
                                  0.000000    0.000000   clock network delay (ideal)
                                  2.000000    2.000000 v input external delay
     1    0.005072    0.027405    0.016389    2.016389 v A[0] (in)
                                                         A[0] (net)
                      0.027405    0.000000    2.016389 v input1/A (sky130_fd_sc_hd__buf_6)
     3    0.016226    0.051812    0.199690    2.216078 v input1/X (sky130_fd_sc_hd__buf_6)
                                                         net1 (net)
                      0.051814    0.000398    2.216476 v fanout44/A (sky130_fd_sc_hd__buf_6)
     5    0.015018    0.050172    0.208815    2.425291 v fanout44/X (sky130_fd_sc_hd__buf_6)
                                                         net44 (net)
                      0.050179    0.000569    2.425860 v _306_/D (sky130_fd_sc_hd__and4_1)
     2    0.003758    0.080961    0.398605    2.824465 v _306_/X (sky130_fd_sc_hd__and4_1)
                                                         _240_ (net)
                      0.080961    0.000098    2.824563 v _307_/A_N (sky130_fd_sc_hd__and3b_1)
     1    0.006771    0.139766    0.460613    3.285176 ^ _307_/X (sky130_fd_sc_hd__and3b_1)
                                                         _241_ (net)
                      0.139766    0.000232    3.285407 ^ _309_/S (sky130_fd_sc_hd__mux2_4)
     3    0.014774    0.110909    0.624666    3.910073 v _309_/X (sky130_fd_sc_hd__mux2_4)
                                                         _243_ (net)
                      0.110983    0.000512    3.910585 v _310_/B (sky130_fd_sc_hd__xor2_2)
     2    0.005134    0.098685    0.280394    4.190979 v _310_/X (sky130_fd_sc_hd__xor2_2)
                                                         _244_ (net)
                      0.098690    0.000120    4.191099 v rebuffer11/A (sky130_fd_sc_hd__dlygate4sd1_1)
     3    0.007910    0.102394    0.529935    4.721035 v rebuffer11/X (sky130_fd_sc_hd__dlygate4sd1_1)
                                                         net57 (net)
                      0.102394    0.000198    4.721232 v _312_/B (sky130_fd_sc_hd__or2_1)
     1    0.002251    0.091551    0.459474    5.180706 v _312_/X (sky130_fd_sc_hd__or2_1)
                                                         _246_ (net)
                      0.091551    0.000067    5.180772 v _313_/B (sky130_fd_sc_hd__and2_1)
     1    0.006047    0.093732    0.353180    5.533953 v _313_/X (sky130_fd_sc_hd__and2_1)
                                                         net25 (net)
                      0.093732    0.000268    5.534220 v output25/A (sky130_fd_sc_hd__buf_2)
     1    0.034393    0.166403    0.356134    5.890354 v output25/X (sky130_fd_sc_hd__buf_2)
                                                         P[3] (net)
                      0.166404    0.000747    5.891101 v P[3] (out)
                                              5.891101   data arrival time

                      0.000000   10.000000   10.000000   clock __VIRTUAL_CLK__ (rise edge)
                                  0.000000   10.000000   clock network delay (ideal)
                                 -0.250000    9.750000   clock uncertainty
                                  0.000000    9.750000   clock reconvergence pessimism
                                 -2.000000    7.750000   output external delay
                                              7.750000   data required time
---------------------------------------------------------------------------------------------
                                              7.750000   data required time
                                             -5.891101   data arrival time
---------------------------------------------------------------------------------------------
                                              1.858898   slack (MET)


Startpoint: B[1] (input port clocked by __VIRTUAL_CLK__)
Endpoint: P[2] (output port clocked by __VIRTUAL_CLK__)
Path Group: __VIRTUAL_CLK__
Path Type: max

Fanout         Cap        Slew       Delay        Time   Description
---------------------------------------------------------------------------------------------
                      0.000000    0.000000    0.000000   clock __VIRTUAL_CLK__ (rise edge)
                                  0.000000    0.000000   clock network delay (ideal)
                                  2.000000    2.000000 ^ input external delay
     1    0.002978    0.033432    0.016733    2.016733 ^ B[1] (in)
                                                         B[1] (net)
                      0.033432    0.000000    2.016733 ^ input10/A (sky130_fd_sc_hd__clkbuf_2)
     5    0.036096    0.309837    0.345984    2.362717 ^ input10/X (sky130_fd_sc_hd__clkbuf_2)
                                                         net10 (net)
                      0.309841    0.000920    2.363637 ^ fanout43/A (sky130_fd_sc_hd__buf_6)
    10    0.037517    0.133452    0.329032    2.692669 ^ fanout43/X (sky130_fd_sc_hd__buf_6)
                                                         net43 (net)
                      0.133454    0.000898    2.693567 ^ _295_/D (sky130_fd_sc_hd__and4_1)
     2    0.009349    0.188630    0.501123    3.194690 ^ _295_/X (sky130_fd_sc_hd__and4_1)
                                                         _230_ (net)
                      0.188630    0.000114    3.194804 ^ _297_/B1 (sky130_fd_sc_hd__a21oi_1)
     1    0.005067    0.123830    0.134433    3.329237 v _297_/Y (sky130_fd_sc_hd__a21oi_1)
                                                         _232_ (net)
                      0.123830    0.000154    3.329391 v _299_/A (sky130_fd_sc_hd__xnor2_1)
     2    0.006778    0.313663    0.363554    3.692944 ^ _299_/Y (sky130_fd_sc_hd__xnor2_1)
                                                         _234_ (net)
                      0.313663    0.000221    3.693166 ^ _300_/C (sky130_fd_sc_hd__and3_1)
     5    0.017640    0.286931    0.551812    4.244977 ^ _300_/X (sky130_fd_sc_hd__and3_1)
                                                         _235_ (net)
                      0.286931    0.000307    4.245284 ^ _302_/A (sky130_fd_sc_hd__nor2_1)
     1    0.002628    0.075640    0.160701    4.405985 v _302_/Y (sky130_fd_sc_hd__nor2_1)
                                                         net24 (net)
                      0.075640    0.000073    4.406058 v output24/A (sky130_fd_sc_hd__buf_2)
     1    0.034056    0.165045    0.346486    4.752544 v output24/X (sky130_fd_sc_hd__buf_2)
                                                         P[2] (net)
                      0.165045    0.000655    4.753199 v P[2] (out)
                                              4.753199   data arrival time

                      0.000000   10.000000   10.000000   clock __VIRTUAL_CLK__ (rise edge)
                                  0.000000   10.000000   clock network delay (ideal)
                                 -0.250000    9.750000   clock uncertainty
                                  0.000000    9.750000   clock reconvergence pessimism
                                 -2.000000    7.750000   output external delay
                                              7.750000   data required time
---------------------------------------------------------------------------------------------
                                              7.750000   data required time
                                             -4.753199   data arrival time
---------------------------------------------------------------------------------------------
                                              2.996801   slack (MET)


Startpoint: B[1] (input port clocked by __VIRTUAL_CLK__)
Endpoint: P[1] (output port clocked by __VIRTUAL_CLK__)
Path Group: __VIRTUAL_CLK__
Path Type: max

Fanout         Cap        Slew       Delay        Time   Description
---------------------------------------------------------------------------------------------
                      0.000000    0.000000    0.000000   clock __VIRTUAL_CLK__ (rise edge)
                                  0.000000    0.000000   clock network delay (ideal)
                                  2.000000    2.000000 v input external delay
     1    0.002793    0.018432    0.009214    2.009214 v B[1] (in)
                                                         B[1] (net)
                      0.018433    0.000000    2.009214 v input10/A (sky130_fd_sc_hd__clkbuf_2)
     5    0.035371    0.248747    0.317065    2.326279 v input10/X (sky130_fd_sc_hd__clkbuf_2)
                                                         net10 (net)
                      0.248747    0.000897    2.327176 v fanout43/A (sky130_fd_sc_hd__buf_6)
    10    0.036402    0.078996    0.334885    2.662060 v fanout43/X (sky130_fd_sc_hd__buf_6)
                                                         net43 (net)
                      0.079000    0.000745    2.662806 v _290_/A_N (sky130_fd_sc_hd__nand2b_1)
     1    0.002589    0.087256    0.289075    2.951880 v _290_/Y (sky130_fd_sc_hd__nand2b_1)
                                                         _226_ (net)
                      0.087256    0.000051    2.951931 v _291_/B1 (sky130_fd_sc_hd__a22o_1)
     1    0.002265    0.066341    0.324610    3.276541 v _291_/X (sky130_fd_sc_hd__a22o_1)
                                                         _227_ (net)
                      0.066341    0.000067    3.276608 v _292_/B (sky130_fd_sc_hd__and2_1)
     1    0.002261    0.063829    0.305008    3.581616 v _292_/X (sky130_fd_sc_hd__and2_1)
                                                         net23 (net)
                      0.063829    0.000046    3.581662 v output23/A (sky130_fd_sc_hd__buf_2)
     1    0.033928    0.164583    0.340692    3.922354 v output23/X (sky130_fd_sc_hd__buf_2)
                                                         P[1] (net)
                      0.164583    0.000613    3.922966 v P[1] (out)
                                              3.922966   data arrival time

                      0.000000   10.000000   10.000000   clock __VIRTUAL_CLK__ (rise edge)
                                  0.000000   10.000000   clock network delay (ideal)
                                 -0.250000    9.750000   clock uncertainty
                                  0.000000    9.750000   clock reconvergence pessimism
                                 -2.000000    7.750000   output external delay
                                              7.750000   data required time
---------------------------------------------------------------------------------------------
                                              7.750000   data required time
                                             -3.922966   data arrival time
---------------------------------------------------------------------------------------------
                                              3.827034   slack (MET)



