
===========================================================================
report_checks -path_delay min (Hold)
============================================================================
======================= nom_tt_025C_1v80 Corner ===================================

Startpoint: b[0] (input port clocked by __VIRTUAL_CLK__)
Endpoint: y[0] (output port clocked by __VIRTUAL_CLK__)
Path Group: __VIRTUAL_CLK__
Path Type: min

Fanout         Cap        Slew       Delay        Time   Description
---------------------------------------------------------------------------------------------
                      0.000000    0.000000    0.000000   clock __VIRTUAL_CLK__ (rise edge)
                                  0.000000    0.000000   clock network delay (ideal)
                                  2.000000    2.000000 v input external delay
     1    0.002619    0.008214    0.004112    2.004112 v b[0] (in)
                                                         b[0] (net)
                      0.008214    0.000000    2.004112 v input9/A (sky130_fd_sc_hd__dlymetal6s2s_1)
     5    0.015915    0.091852    0.170883    2.174995 v input9/X (sky130_fd_sc_hd__dlymetal6s2s_1)
                                                         net9 (net)
                      0.091852    0.000052    2.175047 v _311_/B (sky130_fd_sc_hd__and2_1)
     2    0.003618    0.038338    0.175965    2.351012 v _311_/X (sky130_fd_sc_hd__and2_1)
                                                         net17 (net)
                      0.038338    0.000003    2.351015 v output17/A (sky130_fd_sc_hd__buf_2)
     1    0.034570    0.090023    0.178123    2.529138 v output17/X (sky130_fd_sc_hd__buf_2)
                                                         y[0] (net)
                      0.090023    0.000250    2.529389 v y[0] (out)
                                              2.529389   data arrival time

                      0.000000    0.000000    0.000000   clock __VIRTUAL_CLK__ (rise edge)
                                  0.000000    0.000000   clock network delay (ideal)
                                  0.250000    0.250000   clock uncertainty
                                  0.000000    0.250000   clock reconvergence pessimism
                                 -2.000000   -1.750000   output external delay
                                             -1.750000   data required time
---------------------------------------------------------------------------------------------
                                             -1.750000   data required time
                                             -2.529389   data arrival time
---------------------------------------------------------------------------------------------
                                              4.279388   slack (MET)


Startpoint: b[0] (input port clocked by __VIRTUAL_CLK__)
Endpoint: y[1] (output port clocked by __VIRTUAL_CLK__)
Path Group: __VIRTUAL_CLK__
Path Type: min

Fanout         Cap        Slew       Delay        Time   Description
---------------------------------------------------------------------------------------------
                      0.000000    0.000000    0.000000   clock __VIRTUAL_CLK__ (rise edge)
                                  0.000000    0.000000   clock network delay (ideal)
                                  2.000000    2.000000 v input external delay
     1    0.002619    0.008214    0.004112    2.004112 v b[0] (in)
                                                         b[0] (net)
                      0.008214    0.000000    2.004112 v input9/A (sky130_fd_sc_hd__dlymetal6s2s_1)
     5    0.015915    0.091852    0.170883    2.174995 v input9/X (sky130_fd_sc_hd__dlymetal6s2s_1)
                                                         net9 (net)
                      0.091852    0.000079    2.175074 v _572_/B2 (sky130_fd_sc_hd__a22oi_1)
     1    0.003084    0.140661    0.169315    2.344388 ^ _572_/Y (sky130_fd_sc_hd__a22oi_1)
                                                         _213_ (net)
                      0.140661    0.000007    2.344395 ^ _573_/B (sky130_fd_sc_hd__nor2_1)
     1    0.002295    0.031685    0.052088    2.396483 v _573_/Y (sky130_fd_sc_hd__nor2_1)
                                                         net24 (net)
                      0.031685    0.000008    2.396491 v output24/A (sky130_fd_sc_hd__buf_2)
     1    0.034384    0.089649    0.174946    2.571437 v output24/X (sky130_fd_sc_hd__buf_2)
                                                         y[1] (net)
                      0.089649    0.000203    2.571640 v y[1] (out)
                                              2.571640   data arrival time

                      0.000000    0.000000    0.000000   clock __VIRTUAL_CLK__ (rise edge)
                                  0.000000    0.000000   clock network delay (ideal)
                                  0.250000    0.250000   clock uncertainty
                                  0.000000    0.250000   clock reconvergence pessimism
                                 -2.000000   -1.750000   output external delay
                                             -1.750000   data required time
---------------------------------------------------------------------------------------------
                                             -1.750000   data required time
                                             -2.571640   data arrival time
---------------------------------------------------------------------------------------------
                                              4.321640   slack (MET)


Startpoint: b[1] (input port clocked by __VIRTUAL_CLK__)
Endpoint: y[2] (output port clocked by __VIRTUAL_CLK__)
Path Group: __VIRTUAL_CLK__
Path Type: min

Fanout         Cap        Slew       Delay        Time   Description
---------------------------------------------------------------------------------------------
                      0.000000    0.000000    0.000000   clock __VIRTUAL_CLK__ (rise edge)
                                  0.000000    0.000000   clock network delay (ideal)
                                  2.000000    2.000000 v input external delay
     1    0.002826    0.008691    0.004458    2.004458 v b[1] (in)
                                                         b[1] (net)
                      0.008691    0.000000    2.004458 v input10/A (sky130_fd_sc_hd__clkbuf_1)
     2    0.006107    0.043824    0.087764    2.092222 v input10/X (sky130_fd_sc_hd__clkbuf_1)
                                                         net10 (net)
                      0.043824    0.000038    2.092260 v fanout54/A (sky130_fd_sc_hd__clkbuf_2)
     6    0.017422    0.072695    0.141787    2.234046 v fanout54/X (sky130_fd_sc_hd__clkbuf_2)
                                                         net54 (net)
                      0.072695    0.000030    2.234077 v _312_/A (sky130_fd_sc_hd__and3_1)
     3    0.006982    0.051470    0.171369    2.405446 v _312_/X (sky130_fd_sc_hd__and3_1)
                                                         _246_ (net)
                      0.051470    0.000023    2.405469 v _574_/B (sky130_fd_sc_hd__nor2_1)
     1    0.002735    0.077126    0.082636    2.488105 ^ _574_/Y (sky130_fd_sc_hd__nor2_1)
                                                         _214_ (net)
                      0.077126    0.000004    2.488109 ^ _575_/B (sky130_fd_sc_hd__nor2_1)
     1    0.002101    0.025474    0.040305    2.528414 v _575_/Y (sky130_fd_sc_hd__nor2_1)
                                                         net25 (net)
                      0.025474    0.000006    2.528420 v output25/A (sky130_fd_sc_hd__buf_2)
     1    0.034296    0.089498    0.172116    2.700536 v output25/X (sky130_fd_sc_hd__buf_2)
                                                         y[2] (net)
                      0.089498    0.000191    2.700726 v y[2] (out)
                                              2.700726   data arrival time

                      0.000000    0.000000    0.000000   clock __VIRTUAL_CLK__ (rise edge)
                                  0.000000    0.000000   clock network delay (ideal)
                                  0.250000    0.250000   clock uncertainty
                                  0.000000    0.250000   clock reconvergence pessimism
                                 -2.000000   -1.750000   output external delay
                                             -1.750000   data required time
---------------------------------------------------------------------------------------------
                                             -1.750000   data required time
                                             -2.700726   data arrival time
---------------------------------------------------------------------------------------------
                                              4.450726   slack (MET)


Startpoint: a[7] (input port clocked by __VIRTUAL_CLK__)
Endpoint: y[15] (output port clocked by __VIRTUAL_CLK__)
Path Group: __VIRTUAL_CLK__
Path Type: min

Fanout         Cap        Slew       Delay        Time   Description
---------------------------------------------------------------------------------------------
                      0.000000    0.000000    0.000000   clock __VIRTUAL_CLK__ (rise edge)
                                  0.000000    0.000000   clock network delay (ideal)
                                  2.000000    2.000000 v input external delay
     1    0.002467    0.007863    0.003850    2.003850 v a[7] (in)
                                                         a[7] (net)
                      0.007863    0.000000    2.003850 v input8/A (sky130_fd_sc_hd__clkbuf_1)
     2    0.005688    0.041553    0.085532    2.089382 v input8/X (sky130_fd_sc_hd__clkbuf_1)
                                                         net8 (net)
                      0.041553    0.000010    2.089391 v fanout35/A (sky130_fd_sc_hd__buf_1)
     5    0.012910    0.080363    0.131074    2.220466 v fanout35/X (sky130_fd_sc_hd__buf_1)
                                                         net35 (net)
                      0.080363    0.000017    2.220483 v _567_/C1 (sky130_fd_sc_hd__o311a_1)
     1    0.002065    0.024564    0.112851    2.333333 v _567_/X (sky130_fd_sc_hd__o311a_1)
                                                         _210_ (net)
                      0.024564    0.000008    2.333342 v _568_/B (sky130_fd_sc_hd__or2_1)
     1    0.002529    0.047290    0.193051    2.526392 v _568_/X (sky130_fd_sc_hd__or2_1)
                                                         net23 (net)
                      0.047290    0.000010    2.526402 v output23/A (sky130_fd_sc_hd__buf_2)
     1    0.034110    0.088907    0.181232    2.707634 v output23/X (sky130_fd_sc_hd__buf_2)
                                                         y[15] (net)
                      0.088907    0.000111    2.707745 v y[15] (out)
                                              2.707745   data arrival time

                      0.000000    0.000000    0.000000   clock __VIRTUAL_CLK__ (rise edge)
                                  0.000000    0.000000   clock network delay (ideal)
                                  0.250000    0.250000   clock uncertainty
                                  0.000000    0.250000   clock reconvergence pessimism
                                 -2.000000   -1.750000   output external delay
                                             -1.750000   data required time
---------------------------------------------------------------------------------------------
                                             -1.750000   data required time
                                             -2.707745   data arrival time
---------------------------------------------------------------------------------------------
                                              4.457746   slack (MET)


Startpoint: b[3] (input port clocked by __VIRTUAL_CLK__)
Endpoint: y[3] (output port clocked by __VIRTUAL_CLK__)
Path Group: __VIRTUAL_CLK__
Path Type: min

Fanout         Cap        Slew       Delay        Time   Description
---------------------------------------------------------------------------------------------
                      0.000000    0.000000    0.000000   clock __VIRTUAL_CLK__ (rise edge)
                                  0.000000    0.000000   clock network delay (ideal)
                                  2.000000    2.000000 v input external delay
     1    0.002554    0.008063    0.003996    2.003996 v b[3] (in)
                                                         b[3] (net)
                      0.008063    0.000000    2.003996 v input12/A (sky130_fd_sc_hd__buf_1)
     2    0.009436    0.061318    0.102349    2.106346 v input12/X (sky130_fd_sc_hd__buf_1)
                                                         net12 (net)
                      0.061318    0.000040    2.106385 v fanout50/A (sky130_fd_sc_hd__buf_2)
    10    0.033416    0.087529    0.185924    2.292310 v fanout50/X (sky130_fd_sc_hd__buf_2)
                                                         net50 (net)
                      0.087536    0.000847    2.293157 v _282_/B (sky130_fd_sc_hd__nand2_1)
     1    0.004906    0.059533    0.093436    2.386593 ^ _282_/Y (sky130_fd_sc_hd__nand2_1)
                                                         _217_ (net)
                      0.059533    0.000007    2.386600 ^ _314_/A (sky130_fd_sc_hd__xnor2_1)
     2    0.004779    0.049606    0.078974    2.465574 v _314_/Y (sky130_fd_sc_hd__xnor2_1)
                                                         _248_ (net)
                      0.049606    0.000021    2.465595 v _576_/B (sky130_fd_sc_hd__nor2_1)
     1    0.002948    0.080698    0.084667    2.550262 ^ _576_/Y (sky130_fd_sc_hd__nor2_1)
                                                         _215_ (net)
                      0.080698    0.000007    2.550269 ^ _577_/B (sky130_fd_sc_hd__nor2_1)
     1    0.007464    0.044136    0.063789    2.614058 v _577_/Y (sky130_fd_sc_hd__nor2_1)
                                                         net26 (net)
                      0.044136    0.000117    2.614175 v output26/A (sky130_fd_sc_hd__buf_2)
     1    0.034124    0.088959    0.179900    2.794075 v output26/X (sky130_fd_sc_hd__buf_2)
                                                         y[3] (net)
                      0.088959    0.000111    2.794186 v y[3] (out)
                                              2.794186   data arrival time

                      0.000000    0.000000    0.000000   clock __VIRTUAL_CLK__ (rise edge)
                                  0.000000    0.000000   clock network delay (ideal)
                                  0.250000    0.250000   clock uncertainty
                                  0.000000    0.250000   clock reconvergence pessimism
                                 -2.000000   -1.750000   output external delay
                                             -1.750000   data required time
---------------------------------------------------------------------------------------------
                                             -1.750000   data required time
                                             -2.794186   data arrival time
---------------------------------------------------------------------------------------------
                                              4.544186   slack (MET)


Startpoint: a[7] (input port clocked by __VIRTUAL_CLK__)
Endpoint: y[14] (output port clocked by __VIRTUAL_CLK__)
Path Group: __VIRTUAL_CLK__
Path Type: min

Fanout         Cap        Slew       Delay        Time   Description
---------------------------------------------------------------------------------------------
                      0.000000    0.000000    0.000000   clock __VIRTUAL_CLK__ (rise edge)
                                  0.000000    0.000000   clock network delay (ideal)
                                  2.000000    2.000000 v input external delay
     1    0.002467    0.007863    0.003850    2.003850 v a[7] (in)
                                                         a[7] (net)
                      0.007863    0.000000    2.003850 v input8/A (sky130_fd_sc_hd__clkbuf_1)
     2    0.005688    0.041553    0.085532    2.089382 v input8/X (sky130_fd_sc_hd__clkbuf_1)
                                                         net8 (net)
                      0.041553    0.000010    2.089391 v fanout35/A (sky130_fd_sc_hd__buf_1)
     5    0.012910    0.080363    0.131074    2.220466 v fanout35/X (sky130_fd_sc_hd__buf_1)
                                                         net35 (net)
                      0.080363    0.000014    2.220480 v _560_/A (sky130_fd_sc_hd__and3_1)
     1    0.005034    0.042732    0.165552    2.386032 v _560_/X (sky130_fd_sc_hd__and3_1)
                                                         _204_ (net)
                      0.042732    0.000021    2.386053 v _562_/A (sky130_fd_sc_hd__xnor2_1)
     2    0.008558    0.074516    0.150473    2.536526 v _562_/Y (sky130_fd_sc_hd__xnor2_1)
                                                         _206_ (net)
                      0.074516    0.000051    2.536577 v _566_/A (sky130_fd_sc_hd__xnor2_1)
     1    0.003823    0.043376    0.138397    2.674974 v _566_/Y (sky130_fd_sc_hd__xnor2_1)
                                                         net22 (net)
                      0.043376    0.000028    2.675002 v output22/A (sky130_fd_sc_hd__buf_2)
     1    0.034006    0.088698    0.179370    2.854372 v output22/X (sky130_fd_sc_hd__buf_2)
                                                         y[14] (net)
                      0.088698    0.000087    2.854459 v y[14] (out)
                                              2.854459   data arrival time

                      0.000000    0.000000    0.000000   clock __VIRTUAL_CLK__ (rise edge)
                                  0.000000    0.000000   clock network delay (ideal)
                                  0.250000    0.250000   clock uncertainty
                                  0.000000    0.250000   clock reconvergence pessimism
                                 -2.000000   -1.750000   output external delay
                                             -1.750000   data required time
---------------------------------------------------------------------------------------------
                                             -1.750000   data required time
                                             -2.854459   data arrival time
---------------------------------------------------------------------------------------------
                                              4.604459   slack (MET)


Startpoint: b[7] (input port clocked by __VIRTUAL_CLK__)
Endpoint: y[10] (output port clocked by __VIRTUAL_CLK__)
Path Group: __VIRTUAL_CLK__
Path Type: min

Fanout         Cap        Slew       Delay        Time   Description
---------------------------------------------------------------------------------------------
                      0.000000    0.000000    0.000000   clock __VIRTUAL_CLK__ (rise edge)
                                  0.000000    0.000000   clock network delay (ideal)
                                  2.000000    2.000000 v input external delay
     1    0.002642    0.008267    0.004146    2.004146 v b[7] (in)
                                                         b[7] (net)
                      0.008267    0.000000    2.004146 v input16/A (sky130_fd_sc_hd__clkbuf_2)
     5    0.019522    0.080155    0.132282    2.136428 v input16/X (sky130_fd_sc_hd__clkbuf_2)
                                                         net16 (net)
                      0.080156    0.000474    2.136903 v _441_/A2 (sky130_fd_sc_hd__a31o_1)
     2    0.008057    0.057854    0.240787    2.377689 v _441_/X (sky130_fd_sc_hd__a31o_1)
                                                         _090_ (net)
                      0.057854    0.000060    2.377749 v _464_/A (sky130_fd_sc_hd__nand2_1)
     2    0.005569    0.063111    0.076613    2.454362 ^ _464_/Y (sky130_fd_sc_hd__nand2_1)
                                                         _113_ (net)
                      0.063111    0.000016    2.454378 ^ _493_/A2 (sky130_fd_sc_hd__a21oi_1)
     3    0.007456    0.050559    0.088851    2.543229 v _493_/Y (sky130_fd_sc_hd__a21oi_1)
                                                         _141_ (net)
                      0.050559    0.000046    2.543275 v _494_/B (sky130_fd_sc_hd__nor2_1)
     1    0.005122    0.117038    0.112129    2.655404 ^ _494_/Y (sky130_fd_sc_hd__nor2_1)
                                                         _142_ (net)
                      0.117038    0.000009    2.655413 ^ _498_/A (sky130_fd_sc_hd__xnor2_1)
     1    0.006217    0.058757    0.103925    2.759338 v _498_/Y (sky130_fd_sc_hd__xnor2_1)
                                                         net18 (net)
                      0.058757    0.000112    2.759450 v output18/A (sky130_fd_sc_hd__buf_2)
     1    0.034472    0.089701    0.186889    2.946339 v output18/X (sky130_fd_sc_hd__buf_2)
                                                         y[10] (net)
                      0.089701    0.000227    2.946566 v y[10] (out)
                                              2.946566   data arrival time

                      0.000000    0.000000    0.000000   clock __VIRTUAL_CLK__ (rise edge)
                                  0.000000    0.000000   clock network delay (ideal)
                                  0.250000    0.250000   clock uncertainty
                                  0.000000    0.250000   clock reconvergence pessimism
                                 -2.000000   -1.750000   output external delay
                                             -1.750000   data required time
---------------------------------------------------------------------------------------------
                                             -1.750000   data required time
                                             -2.946566   data arrival time
---------------------------------------------------------------------------------------------
                                              4.696567   slack (MET)


Startpoint: a[2] (input port clocked by __VIRTUAL_CLK__)
Endpoint: y[11] (output port clocked by __VIRTUAL_CLK__)
Path Group: __VIRTUAL_CLK__
Path Type: min

Fanout         Cap        Slew       Delay        Time   Description
---------------------------------------------------------------------------------------------
                      0.000000    0.000000    0.000000   clock __VIRTUAL_CLK__ (rise edge)
                                  0.000000    0.000000   clock network delay (ideal)
                                  2.000000    2.000000 v input external delay
     1    0.002953    0.008987    0.004673    2.004673 v a[2] (in)
                                                         a[2] (net)
                      0.008987    0.000000    2.004673 v input3/A (sky130_fd_sc_hd__clkbuf_2)
     5    0.019480    0.080064    0.132315    2.136989 v input3/X (sky130_fd_sc_hd__clkbuf_2)
                                                         net3 (net)
                      0.080070    0.000763    2.137752 v _471_/A1 (sky130_fd_sc_hd__a31o_1)
     2    0.008704    0.059704    0.212850    2.350602 v _471_/X (sky130_fd_sc_hd__a31o_1)
                                                         _119_ (net)
                      0.059704    0.000097    2.350699 v _489_/A (sky130_fd_sc_hd__nand2_1)
     3    0.007150    0.076888    0.087458    2.438158 ^ _489_/Y (sky130_fd_sc_hd__nand2_1)
                                                         _137_ (net)
                      0.076888    0.000010    2.438167 ^ _520_/A2 (sky130_fd_sc_hd__a21oi_1)
     3    0.009772    0.063235    0.105229    2.543397 v _520_/Y (sky130_fd_sc_hd__a21oi_1)
                                                         _167_ (net)
                      0.063235    0.000065    2.543462 v _521_/B (sky130_fd_sc_hd__nor2_1)
     1    0.005610    0.125501    0.122927    2.666389 ^ _521_/Y (sky130_fd_sc_hd__nor2_1)
                                                         _168_ (net)
                      0.125501    0.000023    2.666412 ^ _523_/A (sky130_fd_sc_hd__xnor2_1)
     1    0.005901    0.054659    0.104422    2.770834 v _523_/Y (sky130_fd_sc_hd__xnor2_1)
                                                         net19 (net)
                      0.054659    0.000103    2.770937 v output19/A (sky130_fd_sc_hd__buf_2)
     1    0.034472    0.089697    0.185025    2.955962 v output19/X (sky130_fd_sc_hd__buf_2)
                                                         y[11] (net)
                      0.089697    0.000227    2.956190 v y[11] (out)
                                              2.956190   data arrival time

                      0.000000    0.000000    0.000000   clock __VIRTUAL_CLK__ (rise edge)
                                  0.000000    0.000000   clock network delay (ideal)
                                  0.250000    0.250000   clock uncertainty
                                  0.000000    0.250000   clock reconvergence pessimism
                                 -2.000000   -1.750000   output external delay
                                             -1.750000   data required time
---------------------------------------------------------------------------------------------
                                             -1.750000   data required time
                                             -2.956190   data arrival time
---------------------------------------------------------------------------------------------
                                              4.706190   slack (MET)


Startpoint: a[3] (input port clocked by __VIRTUAL_CLK__)
Endpoint: y[12] (output port clocked by __VIRTUAL_CLK__)
Path Group: __VIRTUAL_CLK__
Path Type: min

Fanout         Cap        Slew       Delay        Time   Description
---------------------------------------------------------------------------------------------
                      0.000000    0.000000    0.000000   clock __VIRTUAL_CLK__ (rise edge)
                                  0.000000    0.000000   clock network delay (ideal)
                                  2.000000    2.000000 v input external delay
     1    0.002953    0.008987    0.004673    2.004673 v a[3] (in)
                                                         a[3] (net)
                      0.008987    0.000000    2.004673 v input4/A (sky130_fd_sc_hd__clkbuf_2)
     5    0.018902    0.078010    0.130763    2.135436 v input4/X (sky130_fd_sc_hd__clkbuf_2)
                                                         net4 (net)
                      0.078015    0.000675    2.136111 v _475_/A (sky130_fd_sc_hd__nand2_1)
     2    0.011002    0.108200    0.119686    2.255796 ^ _475_/Y (sky130_fd_sc_hd__nand2_1)
                                                         _123_ (net)
                      0.108200    0.000071    2.255867 ^ _499_/A2 (sky130_fd_sc_hd__o21bai_2)
     2    0.010642    0.058264    0.089798    2.345665 v _499_/Y (sky130_fd_sc_hd__o21bai_2)
                                                         _146_ (net)
                      0.058264    0.000211    2.345876 v _516_/A (sky130_fd_sc_hd__nand2_1)
     2    0.005360    0.061360    0.075466    2.421342 ^ _516_/Y (sky130_fd_sc_hd__nand2_1)
                                                         _163_ (net)
                      0.061360    0.000007    2.421349 ^ _538_/B (sky130_fd_sc_hd__nand2_1)
     1    0.004986    0.046273    0.064108    2.485457 v _538_/Y (sky130_fd_sc_hd__nand2_1)
                                                         _184_ (net)
                      0.046273    0.000013    2.485470 v _540_/B (sky130_fd_sc_hd__xnor2_1)
     2    0.005648    0.052844    0.134144    2.619614 v _540_/Y (sky130_fd_sc_hd__xnor2_1)
                                                         _186_ (net)
                      0.052844    0.000041    2.619655 v _544_/B1 (sky130_fd_sc_hd__a21oi_1)
     1    0.002703    0.087875    0.110295    2.729950 ^ _544_/Y (sky130_fd_sc_hd__a21oi_1)
                                                         _190_ (net)
                      0.087875    0.000004    2.729954 ^ _545_/B (sky130_fd_sc_hd__nor2_1)
     1    0.005472    0.038889    0.058220    2.788173 v _545_/Y (sky130_fd_sc_hd__nor2_1)
                                                         net20 (net)
                      0.038889    0.000088    2.788261 v output20/A (sky130_fd_sc_hd__buf_2)
     1    0.034472    0.089797    0.178195    2.966456 v output20/X (sky130_fd_sc_hd__buf_2)
                                                         y[12] (net)
                      0.089797    0.000227    2.966684 v y[12] (out)
                                              2.966684   data arrival time

                      0.000000    0.000000    0.000000   clock __VIRTUAL_CLK__ (rise edge)
                                  0.000000    0.000000   clock network delay (ideal)
                                  0.250000    0.250000   clock uncertainty
                                  0.000000    0.250000   clock reconvergence pessimism
                                 -2.000000   -1.750000   output external delay
                                             -1.750000   data required time
---------------------------------------------------------------------------------------------
                                             -1.750000   data required time
                                             -2.966684   data arrival time
---------------------------------------------------------------------------------------------
                                              4.716684   slack (MET)


Startpoint: b[7] (input port clocked by __VIRTUAL_CLK__)
Endpoint: y[9] (output port clocked by __VIRTUAL_CLK__)
Path Group: __VIRTUAL_CLK__
Path Type: min

Fanout         Cap        Slew       Delay        Time   Description
---------------------------------------------------------------------------------------------
                      0.000000    0.000000    0.000000   clock __VIRTUAL_CLK__ (rise edge)
                                  0.000000    0.000000   clock network delay (ideal)
                                  2.000000    2.000000 ^ input external delay
     1    0.002872    0.020043    0.010545    2.010545 ^ b[7] (in)
                                                         b[7] (net)
                      0.020043    0.000000    2.010545 ^ input16/A (sky130_fd_sc_hd__clkbuf_2)
     5    0.020470    0.116982    0.148070    2.158616 ^ input16/X (sky130_fd_sc_hd__clkbuf_2)
                                                         net16 (net)
                      0.116982    0.000501    2.159117 ^ _441_/A2 (sky130_fd_sc_hd__a31o_1)
     2    0.008516    0.089971    0.190572    2.349689 ^ _441_/X (sky130_fd_sc_hd__a31o_1)
                                                         _090_ (net)
                      0.089971    0.000059    2.349748 ^ _465_/A (sky130_fd_sc_hd__xnor2_1)
     2    0.006014    0.081307    0.143073    2.492822 ^ _465_/Y (sky130_fd_sc_hd__xnor2_1)
                                                         _114_ (net)
                      0.081307    0.000034    2.492856 ^ _467_/B1 (sky130_fd_sc_hd__a21o_1)
     3    0.006660    0.067908    0.109182    2.602037 ^ _467_/X (sky130_fd_sc_hd__a21o_1)
                                                         _116_ (net)
                      0.067908    0.000026    2.602063 ^ _468_/B (sky130_fd_sc_hd__and2b_1)
     1    0.005052    0.061484    0.134218    2.736281 ^ _468_/X (sky130_fd_sc_hd__and2b_1)
                                                         _117_ (net)
                      0.061484    0.000013    2.736294 ^ _470_/A (sky130_fd_sc_hd__xor2_1)
     1    0.007526    0.054828    0.087199    2.823493 v _470_/X (sky130_fd_sc_hd__xor2_1)
                                                         net32 (net)
                      0.054828    0.000160    2.823653 v output32/A (sky130_fd_sc_hd__buf_2)
     1    0.034472    0.089697    0.185102    3.008755 v output32/X (sky130_fd_sc_hd__buf_2)
                                                         y[9] (net)
                      0.089697    0.000227    3.008982 v y[9] (out)
                                              3.008982   data arrival time

                      0.000000    0.000000    0.000000   clock __VIRTUAL_CLK__ (rise edge)
                                  0.000000    0.000000   clock network delay (ideal)
                                  0.250000    0.250000   clock uncertainty
                                  0.000000    0.250000   clock reconvergence pessimism
                                 -2.000000   -1.750000   output external delay
                                             -1.750000   data required time
---------------------------------------------------------------------------------------------
                                             -1.750000   data required time
                                             -3.008982   data arrival time
---------------------------------------------------------------------------------------------
                                              4.758982   slack (MET)


Startpoint: b[3] (input port clocked by __VIRTUAL_CLK__)
Endpoint: y[5] (output port clocked by __VIRTUAL_CLK__)
Path Group: __VIRTUAL_CLK__
Path Type: min

Fanout         Cap        Slew       Delay        Time   Description
---------------------------------------------------------------------------------------------
                      0.000000    0.000000    0.000000   clock __VIRTUAL_CLK__ (rise edge)
                                  0.000000    0.000000   clock network delay (ideal)
                                  2.000000    2.000000 ^ input external delay
     1    0.002730    0.019431    0.010046    2.010046 ^ b[3] (in)
                                                         b[3] (net)
                      0.019431    0.000000    2.010046 ^ input12/A (sky130_fd_sc_hd__buf_1)
     2    0.009754    0.121838    0.126981    2.137027 ^ input12/X (sky130_fd_sc_hd__buf_1)
                                                         net12 (net)
                      0.121838    0.000041    2.137068 ^ fanout50/A (sky130_fd_sc_hd__buf_2)
    10    0.035082    0.174347    0.229254    2.366322 ^ fanout50/X (sky130_fd_sc_hd__buf_2)
                                                         net50 (net)
                      0.174348    0.000883    2.367205 ^ _306_/B (sky130_fd_sc_hd__and3_1)
     2    0.006847    0.086603    0.206361    2.573566 ^ _306_/X (sky130_fd_sc_hd__and3_1)
                                                         _241_ (net)
                      0.086603    0.000018    2.573584 ^ _307_/A2 (sky130_fd_sc_hd__o21ai_2)
     6    0.015099    0.068395    0.089663    2.663247 v _307_/Y (sky130_fd_sc_hd__o21ai_2)
                                                         _242_ (net)
                      0.068395    0.000143    2.663390 v _570_/A1 (sky130_fd_sc_hd__a21oi_1)
     1    0.002642    0.086764    0.124251    2.787641 ^ _570_/Y (sky130_fd_sc_hd__a21oi_1)
                                                         _212_ (net)
                      0.086764    0.000002    2.787642 ^ _571_/B (sky130_fd_sc_hd__nor2_1)
     1    0.006163    0.037070    0.060931    2.848573 v _571_/Y (sky130_fd_sc_hd__nor2_1)
                                                         net28 (net)
                      0.037070    0.000073    2.848646 v output28/A (sky130_fd_sc_hd__buf_2)
     1    0.034020    0.088774    0.176679    3.025325 v output28/X (sky130_fd_sc_hd__buf_2)
                                                         y[5] (net)
                      0.088774    0.000087    3.025413 v y[5] (out)
                                              3.025413   data arrival time

                      0.000000    0.000000    0.000000   clock __VIRTUAL_CLK__ (rise edge)
                                  0.000000    0.000000   clock network delay (ideal)
                                  0.250000    0.250000   clock uncertainty
                                  0.000000    0.250000   clock reconvergence pessimism
                                 -2.000000   -1.750000   output external delay
                                             -1.750000   data required time
---------------------------------------------------------------------------------------------
                                             -1.750000   data required time
                                             -3.025413   data arrival time
---------------------------------------------------------------------------------------------
                                              4.775412   slack (MET)


Startpoint: a[3] (input port clocked by __VIRTUAL_CLK__)
Endpoint: y[13] (output port clocked by __VIRTUAL_CLK__)
Path Group: __VIRTUAL_CLK__
Path Type: min

Fanout         Cap        Slew       Delay        Time   Description
---------------------------------------------------------------------------------------------
                      0.000000    0.000000    0.000000   clock __VIRTUAL_CLK__ (rise edge)
                                  0.000000    0.000000   clock network delay (ideal)
                                  2.000000    2.000000 v input external delay
     1    0.002953    0.008987    0.004673    2.004673 v a[3] (in)
                                                         a[3] (net)
                      0.008987    0.000000    2.004673 v input4/A (sky130_fd_sc_hd__clkbuf_2)
     5    0.018902    0.078010    0.130763    2.135436 v input4/X (sky130_fd_sc_hd__clkbuf_2)
                                                         net4 (net)
                      0.078015    0.000675    2.136111 v _475_/A (sky130_fd_sc_hd__nand2_1)
     2    0.011002    0.108200    0.119686    2.255796 ^ _475_/Y (sky130_fd_sc_hd__nand2_1)
                                                         _123_ (net)
                      0.108200    0.000071    2.255867 ^ _499_/A2 (sky130_fd_sc_hd__o21bai_2)
     2    0.010642    0.058264    0.089798    2.345665 v _499_/Y (sky130_fd_sc_hd__o21bai_2)
                                                         _146_ (net)
                      0.058264    0.000211    2.345876 v _516_/A (sky130_fd_sc_hd__nand2_1)
     2    0.005360    0.061360    0.075466    2.421342 ^ _516_/Y (sky130_fd_sc_hd__nand2_1)
                                                         _163_ (net)
                      0.061360    0.000011    2.421353 ^ _539_/A2 (sky130_fd_sc_hd__a21oi_1)
     3    0.006293    0.046909    0.082276    2.503629 v _539_/Y (sky130_fd_sc_hd__a21oi_1)
                                                         _185_ (net)
                      0.046909    0.000026    2.503655 v _557_/A1 (sky130_fd_sc_hd__o22a_1)
     1    0.001862    0.033257    0.197487    2.701142 v _557_/X (sky130_fd_sc_hd__o22a_1)
                                                         _202_ (net)
                      0.033257    0.000005    2.701147 v _559_/A_N (sky130_fd_sc_hd__nand2b_1)
     1    0.004951    0.047906    0.143737    2.844884 v _559_/Y (sky130_fd_sc_hd__nand2b_1)
                                                         net21 (net)
                      0.047906    0.000071    2.844955 v output21/A (sky130_fd_sc_hd__buf_2)
     1    0.034472    0.089733    0.182079    3.027035 v output21/X (sky130_fd_sc_hd__buf_2)
                                                         y[13] (net)
                      0.089733    0.000227    3.027262 v y[13] (out)
                                              3.027262   data arrival time

                      0.000000    0.000000    0.000000   clock __VIRTUAL_CLK__ (rise edge)
                                  0.000000    0.000000   clock network delay (ideal)
                                  0.250000    0.250000   clock uncertainty
                                  0.000000    0.250000   clock reconvergence pessimism
                                 -2.000000   -1.750000   output external delay
                                             -1.750000   data required time
---------------------------------------------------------------------------------------------
                                             -1.750000   data required time
                                             -3.027262   data arrival time
---------------------------------------------------------------------------------------------
                                              4.777262   slack (MET)


Startpoint: b[6] (input port clocked by __VIRTUAL_CLK__)
Endpoint: y[7] (output port clocked by __VIRTUAL_CLK__)
Path Group: __VIRTUAL_CLK__
Path Type: min

Fanout         Cap        Slew       Delay        Time   Description
---------------------------------------------------------------------------------------------
                      0.000000    0.000000    0.000000   clock __VIRTUAL_CLK__ (rise edge)
                                  0.000000    0.000000   clock network delay (ideal)
                                  2.000000    2.000000 v input external delay
     1    0.002472    0.007875    0.003859    2.003859 v b[6] (in)
                                                         b[6] (net)
                      0.007875    0.000000    2.003859 v input15/A (sky130_fd_sc_hd__buf_1)
     2    0.008666    0.057064    0.099043    2.102902 v input15/X (sky130_fd_sc_hd__buf_1)
                                                         net15 (net)
                      0.057064    0.000027    2.102929 v fanout45/A (sky130_fd_sc_hd__buf_2)
    10    0.031502    0.083392    0.180487    2.283417 v fanout45/X (sky130_fd_sc_hd__buf_2)
                                                         net45 (net)
                      0.083396    0.000645    2.284061 v _340_/C1 (sky130_fd_sc_hd__o211a_1)
     4    0.011602    0.068235    0.160627    2.444688 v _340_/X (sky130_fd_sc_hd__o211a_1)
                                                         _273_ (net)
                      0.068235    0.000076    2.444764 v _402_/A (sky130_fd_sc_hd__nand3_1)
     2    0.004642    0.067515    0.084879    2.529642 ^ _402_/Y (sky130_fd_sc_hd__nand3_1)
                                                         _053_ (net)
                      0.067515    0.000007    2.529650 ^ _404_/A2 (sky130_fd_sc_hd__a21o_1)
     2    0.004848    0.052705    0.122794    2.652443 ^ _404_/X (sky130_fd_sc_hd__a21o_1)
                                                         _055_ (net)
                      0.052705    0.000010    2.652453 ^ _405_/B (sky130_fd_sc_hd__and2b_1)
     1    0.004854    0.059789    0.128881    2.781334 ^ _405_/X (sky130_fd_sc_hd__and2b_1)
                                                         _056_ (net)
                      0.059789    0.000009    2.781343 ^ _407_/A (sky130_fd_sc_hd__xor2_1)
     1    0.008264    0.057617    0.090299    2.871642 v _407_/X (sky130_fd_sc_hd__xor2_1)
                                                         net30 (net)
                      0.057617    0.000158    2.871800 v output30/A (sky130_fd_sc_hd__buf_2)
     1    0.034141    0.088938    0.185844    3.057644 v output30/X (sky130_fd_sc_hd__buf_2)
                                                         y[7] (net)
                      0.088938    0.000115    3.057759 v y[7] (out)
                                              3.057759   data arrival time

                      0.000000    0.000000    0.000000   clock __VIRTUAL_CLK__ (rise edge)
                                  0.000000    0.000000   clock network delay (ideal)
                                  0.250000    0.250000   clock uncertainty
                                  0.000000    0.250000   clock reconvergence pessimism
                                 -2.000000   -1.750000   output external delay
                                             -1.750000   data required time
---------------------------------------------------------------------------------------------
                                             -1.750000   data required time
                                             -3.057759   data arrival time
---------------------------------------------------------------------------------------------
                                              4.807759   slack (MET)


Startpoint: b[3] (input port clocked by __VIRTUAL_CLK__)
Endpoint: y[4] (output port clocked by __VIRTUAL_CLK__)
Path Group: __VIRTUAL_CLK__
Path Type: min

Fanout         Cap        Slew       Delay        Time   Description
---------------------------------------------------------------------------------------------
                      0.000000    0.000000    0.000000   clock __VIRTUAL_CLK__ (rise edge)
                                  0.000000    0.000000   clock network delay (ideal)
                                  2.000000    2.000000 v input external delay
     1    0.002554    0.008063    0.003996    2.003996 v b[3] (in)
                                                         b[3] (net)
                      0.008063    0.000000    2.003996 v input12/A (sky130_fd_sc_hd__buf_1)
     2    0.009436    0.061318    0.102349    2.106346 v input12/X (sky130_fd_sc_hd__buf_1)
                                                         net12 (net)
                      0.061318    0.000040    2.106385 v fanout50/A (sky130_fd_sc_hd__buf_2)
    10    0.033416    0.087529    0.185924    2.292310 v fanout50/X (sky130_fd_sc_hd__buf_2)
                                                         net50 (net)
                      0.087536    0.000847    2.293157 v _282_/B (sky130_fd_sc_hd__nand2_1)
     1    0.004906    0.059533    0.093436    2.386593 ^ _282_/Y (sky130_fd_sc_hd__nand2_1)
                                                         _217_ (net)
                      0.059533    0.000007    2.386600 ^ _314_/A (sky130_fd_sc_hd__xnor2_1)
     2    0.005203    0.075598    0.128630    2.515230 ^ _314_/Y (sky130_fd_sc_hd__xnor2_1)
                                                         _248_ (net)
                      0.075598    0.000021    2.515252 ^ _315_/B (sky130_fd_sc_hd__and2_1)
     3    0.008460    0.098145    0.162780    2.678032 ^ _315_/X (sky130_fd_sc_hd__and2_1)
                                                         _249_ (net)
                      0.098145    0.000033    2.678065 ^ _317_/B1 (sky130_fd_sc_hd__a21o_1)
     1    0.002139    0.031927    0.086263    2.764328 ^ _317_/X (sky130_fd_sc_hd__a21o_1)
                                                         _251_ (net)
                      0.031927    0.000006    2.764334 ^ _318_/B (sky130_fd_sc_hd__and2_1)
     1    0.006914    0.081577    0.139361    2.903695 ^ _318_/X (sky130_fd_sc_hd__and2_1)
                                                         net27 (net)
                      0.081577    0.000097    2.903792 ^ output27/A (sky130_fd_sc_hd__buf_2)
     1    0.034089    0.169410    0.211363    3.115155 ^ output27/X (sky130_fd_sc_hd__buf_2)
                                                         y[4] (net)
                      0.169410    0.000103    3.115258 ^ y[4] (out)
                                              3.115258   data arrival time

                      0.000000    0.000000    0.000000   clock __VIRTUAL_CLK__ (rise edge)
                                  0.000000    0.000000   clock network delay (ideal)
                                  0.250000    0.250000   clock uncertainty
                                  0.000000    0.250000   clock reconvergence pessimism
                                 -2.000000   -1.750000   output external delay
                                             -1.750000   data required time
---------------------------------------------------------------------------------------------
                                             -1.750000   data required time
                                             -3.115258   data arrival time
---------------------------------------------------------------------------------------------
                                              4.865258   slack (MET)


Startpoint: b[4] (input port clocked by __VIRTUAL_CLK__)
Endpoint: y[6] (output port clocked by __VIRTUAL_CLK__)
Path Group: __VIRTUAL_CLK__
Path Type: min

Fanout         Cap        Slew       Delay        Time   Description
---------------------------------------------------------------------------------------------
                      0.000000    0.000000    0.000000   clock __VIRTUAL_CLK__ (rise edge)
                                  0.000000    0.000000   clock network delay (ideal)
                                  2.000000    2.000000 v input external delay
     1    0.002524    0.007995    0.003947    2.003947 v b[4] (in)
                                                         b[4] (net)
                      0.007995    0.000000    2.003947 v input13/A (sky130_fd_sc_hd__buf_1)
     2    0.010415    0.066736    0.106430    2.110377 v input13/X (sky130_fd_sc_hd__buf_1)
                                                         net13 (net)
                      0.066736    0.000055    2.110431 v fanout48/A (sky130_fd_sc_hd__clkbuf_4)
    10    0.034632    0.080092    0.193054    2.303486 v fanout48/X (sky130_fd_sc_hd__clkbuf_4)
                                                         net48 (net)
                      0.080097    0.000705    2.304190 v _283_/A (sky130_fd_sc_hd__and4_1)
     3    0.014261    0.079247    0.207624    2.511814 v _283_/X (sky130_fd_sc_hd__and4_1)
                                                         _218_ (net)
                      0.079247    0.000082    2.511896 v _367_/A (sky130_fd_sc_hd__xnor2_2)
     5    0.012290    0.076539    0.227302    2.739198 ^ _367_/Y (sky130_fd_sc_hd__xnor2_2)
                                                         _019_ (net)
                      0.076539    0.000043    2.739241 ^ _371_/B (sky130_fd_sc_hd__nor2_1)
     2    0.007737    0.045781    0.063387    2.802628 v _371_/Y (sky130_fd_sc_hd__nor2_1)
                                                         _023_ (net)
                      0.045781    0.000015    2.802643 v _372_/B (sky130_fd_sc_hd__xnor2_1)
     1    0.006097    0.058049    0.136451    2.939094 v _372_/Y (sky130_fd_sc_hd__xnor2_1)
                                                         net29 (net)
                      0.058049    0.000071    2.939165 v output29/A (sky130_fd_sc_hd__buf_2)
     1    0.034072    0.088783    0.185924    3.125090 v output29/X (sky130_fd_sc_hd__buf_2)
                                                         y[6] (net)
                      0.088783    0.000099    3.125189 v y[6] (out)
                                              3.125189   data arrival time

                      0.000000    0.000000    0.000000   clock __VIRTUAL_CLK__ (rise edge)
                                  0.000000    0.000000   clock network delay (ideal)
                                  0.250000    0.250000   clock uncertainty
                                  0.000000    0.250000   clock reconvergence pessimism
                                 -2.000000   -1.750000   output external delay
                                             -1.750000   data required time
---------------------------------------------------------------------------------------------
                                             -1.750000   data required time
                                             -3.125189   data arrival time
---------------------------------------------------------------------------------------------
                                              4.875189   slack (MET)


Startpoint: b[6] (input port clocked by __VIRTUAL_CLK__)
Endpoint: y[8] (output port clocked by __VIRTUAL_CLK__)
Path Group: __VIRTUAL_CLK__
Path Type: min

Fanout         Cap        Slew       Delay        Time   Description
---------------------------------------------------------------------------------------------
                      0.000000    0.000000    0.000000   clock __VIRTUAL_CLK__ (rise edge)
                                  0.000000    0.000000   clock network delay (ideal)
                                  2.000000    2.000000 v input external delay
     1    0.002472    0.007875    0.003859    2.003859 v b[6] (in)
                                                         b[6] (net)
                      0.007875    0.000000    2.003859 v input15/A (sky130_fd_sc_hd__buf_1)
     2    0.008666    0.057064    0.099043    2.102902 v input15/X (sky130_fd_sc_hd__buf_1)
                                                         net15 (net)
                      0.057064    0.000027    2.102929 v fanout45/A (sky130_fd_sc_hd__buf_2)
    10    0.031502    0.083392    0.180487    2.283417 v fanout45/X (sky130_fd_sc_hd__buf_2)
                                                         net45 (net)
                      0.083396    0.000645    2.284061 v _340_/C1 (sky130_fd_sc_hd__o211a_1)
     4    0.011602    0.068235    0.160627    2.444688 v _340_/X (sky130_fd_sc_hd__o211a_1)
                                                         _273_ (net)
                      0.068235    0.000076    2.444764 v _402_/A (sky130_fd_sc_hd__nand3_1)
     2    0.004642    0.067515    0.084879    2.529642 ^ _402_/Y (sky130_fd_sc_hd__nand3_1)
                                                         _053_ (net)
                      0.067515    0.000007    2.529650 ^ _404_/A2 (sky130_fd_sc_hd__a21o_1)
     2    0.004848    0.052705    0.122794    2.652443 ^ _404_/X (sky130_fd_sc_hd__a21o_1)
                                                         _055_ (net)
                      0.052705    0.000012    2.652455 ^ _439_/A1 (sky130_fd_sc_hd__a21o_1)
     4    0.017415    0.154854    0.189082    2.841537 ^ _439_/X (sky130_fd_sc_hd__a21o_1)
                                                         _089_ (net)
                      0.154855    0.000313    2.841850 ^ _440_/B (sky130_fd_sc_hd__xor2_1)
     1    0.007758    0.055661    0.113870    2.955719 v _440_/X (sky130_fd_sc_hd__xor2_1)
                                                         net31 (net)
                      0.055661    0.000124    2.955844 v output31/A (sky130_fd_sc_hd__buf_2)
     1    0.034020    0.088662    0.184750    3.140594 v output31/X (sky130_fd_sc_hd__buf_2)
                                                         y[8] (net)
                      0.088662    0.000087    3.140681 v y[8] (out)
                                              3.140681   data arrival time

                      0.000000    0.000000    0.000000   clock __VIRTUAL_CLK__ (rise edge)
                                  0.000000    0.000000   clock network delay (ideal)
                                  0.250000    0.250000   clock uncertainty
                                  0.000000    0.250000   clock reconvergence pessimism
                                 -2.000000   -1.750000   output external delay
                                             -1.750000   data required time
---------------------------------------------------------------------------------------------
                                             -1.750000   data required time
                                             -3.140681   data arrival time
---------------------------------------------------------------------------------------------
                                              4.890680   slack (MET)



