Using 4 threads…
Using a tile size of (500 µm)²…
Reading /home/gmun/Downloads/Sin_Corregir/runs/mult8_2bits_1op_e16917/79-magic-streamout/mult8_2bits_1op_e16917.magic.gds ..
Reading /home/gmun/Downloads/Sin_Corregir/runs/mult8_2bits_1op_e16917/80-klayout-streamout/mult8_2bits_1op_e16917.klayout.gds ..
--- Running XOR for layer 122/16 ---
"input" in: xor.drc:109
    Polygons (raw): 3189 (flat)  79 (hierarchical)
    Elapsed: 0.000s  Memory: 585.00M
"input" in: xor.drc:109
    Polygons (raw): 3189 (flat)  79 (hierarchical)
    Elapsed: 0.000s  Memory: 585.00M
"^" in: xor.drc:109
    Polygons (raw): 0 (flat)  0 (hierarchical)
    Elapsed: 0.070s  Memory: 873.00M
XOR differences: 0
"output" in: xor.drc:86
    Polygons (raw): 0 (flat)  0 (hierarchical)
    Elapsed: 0.000s  Memory: 873.00M
--- Running XOR for layer 235/4 ---
"input" in: xor.drc:109
    Polygons (raw): 1 (flat)  1 (hierarchical)
    Elapsed: 0.010s  Memory: 873.00M
"input" in: xor.drc:109
    Polygons (raw): 1 (flat)  1 (hierarchical)
    Elapsed: 0.000s  Memory: 873.00M
"^" in: xor.drc:109
    Polygons (raw): 0 (flat)  0 (hierarchical)
    Elapsed: 0.010s  Memory: 873.00M
XOR differences: 0
"output" in: xor.drc:86
    Polygons (raw): 0 (flat)  0 (hierarchical)
    Elapsed: 0.000s  Memory: 873.00M
--- Running XOR for layer 236/0 ---
"input" in: xor.drc:109
    Polygons (raw): 2687 (flat)  77 (hierarchical)
    Elapsed: 0.000s  Memory: 873.00M
"input" in: xor.drc:109
    Polygons (raw): 2687 (flat)  77 (hierarchical)
    Elapsed: 0.000s  Memory: 873.00M
"^" in: xor.drc:109
    Polygons (raw): 0 (flat)  0 (hierarchical)
    Elapsed: 0.060s  Memory: 873.00M
XOR differences: 0
"output" in: xor.drc:86
    Polygons (raw): 0 (flat)  0 (hierarchical)
    Elapsed: 0.010s  Memory: 873.00M
--- Running XOR for layer 64/16 ---
"input" in: xor.drc:109
    Polygons (raw): 3189 (flat)  79 (hierarchical)
    Elapsed: 0.000s  Memory: 873.00M
"input" in: xor.drc:109
    Polygons (raw): 3189 (flat)  79 (hierarchical)
    Elapsed: 0.010s  Memory: 873.00M
"^" in: xor.drc:109
    Polygons (raw): 0 (flat)  0 (hierarchical)
    Elapsed: 0.070s  Memory: 873.00M
XOR differences: 0
"output" in: xor.drc:86
    Polygons (raw): 0 (flat)  0 (hierarchical)
    Elapsed: 0.000s  Memory: 873.00M
--- Running XOR for layer 64/20 ---
"input" in: xor.drc:109
    Polygons (raw): 3658 (flat)  80 (hierarchical)
    Elapsed: 0.000s  Memory: 873.00M
"input" in: xor.drc:109
    Polygons (raw): 3658 (flat)  80 (hierarchical)
    Elapsed: 0.000s  Memory: 873.00M
"^" in: xor.drc:109
    Polygons (raw): 0 (flat)  0 (hierarchical)
    Elapsed: 0.120s  Memory: 873.00M
XOR differences: 0
"output" in: xor.drc:86
    Polygons (raw): 0 (flat)  0 (hierarchical)
    Elapsed: 0.050s  Memory: 873.00M
--- Running XOR for layer 64/5 ---
"input" in: xor.drc:109
    Polygons (raw): 0 (flat)  0 (hierarchical)
    Elapsed: 0.010s  Memory: 873.00M
"input" in: xor.drc:109
    Polygons (raw): 0 (flat)  0 (hierarchical)
    Elapsed: 0.000s  Memory: 873.00M
"^" in: xor.drc:109
    Polygons (raw): 0 (flat)  0 (hierarchical)
    Elapsed: 0.030s  Memory: 873.00M
XOR differences: 0
"output" in: xor.drc:86
    Polygons (raw): 0 (flat)  0 (hierarchical)
    Elapsed: 0.000s  Memory: 873.00M
--- Running XOR for layer 64/59 ---
"input" in: xor.drc:109
    Polygons (raw): 0 (flat)  0 (hierarchical)
    Elapsed: 0.010s  Memory: 873.00M
"input" in: xor.drc:109
    Polygons (raw): 0 (flat)  0 (hierarchical)
    Elapsed: 0.000s  Memory: 873.00M
"^" in: xor.drc:109
    Polygons (raw): 0 (flat)  0 (hierarchical)
    Elapsed: 0.030s  Memory: 873.00M
XOR differences: 0
"output" in: xor.drc:86
    Polygons (raw): 0 (flat)  0 (hierarchical)
    Elapsed: 0.000s  Memory: 873.00M
--- Running XOR for layer 65/20 ---
"input" in: xor.drc:109
    Polygons (raw): 5636 (flat)  215 (hierarchical)
    Elapsed: 0.000s  Memory: 873.00M
"input" in: xor.drc:109
    Polygons (raw): 5636 (flat)  215 (hierarchical)
    Elapsed: 0.000s  Memory: 873.00M
"^" in: xor.drc:109
    Polygons (raw): 0 (flat)  0 (hierarchical)
    Elapsed: 0.090s  Memory: 873.00M
XOR differences: 0
"output" in: xor.drc:86
    Polygons (raw): 0 (flat)  0 (hierarchical)
    Elapsed: 0.000s  Memory: 873.00M
--- Running XOR for layer 65/44 ---
"input" in: xor.drc:109
    Polygons (raw): 938 (flat)  2 (hierarchical)
    Elapsed: 0.000s  Memory: 873.00M
"input" in: xor.drc:109
    Polygons (raw): 938 (flat)  2 (hierarchical)
    Elapsed: 0.000s  Memory: 873.00M
"^" in: xor.drc:109
    Polygons (raw): 0 (flat)  0 (hierarchical)
    Elapsed: 0.020s  Memory: 873.00M
XOR differences: 0
"output" in: xor.drc:86
    Polygons (raw): 0 (flat)  0 (hierarchical)
    Elapsed: 0.000s  Memory: 873.00M
--- Running XOR for layer 66/20 ---
"input" in: xor.drc:109
    Polygons (raw): 6121 (flat)  351 (hierarchical)
    Elapsed: 0.000s  Memory: 873.00M
"input" in: xor.drc:109
    Polygons (raw): 6121 (flat)  351 (hierarchical)
    Elapsed: 0.000s  Memory: 873.00M
"^" in: xor.drc:109
    Polygons (raw): 0 (flat)  0 (hierarchical)
    Elapsed: 0.160s  Memory: 873.00M
XOR differences: 0
"output" in: xor.drc:86
    Polygons (raw): 0 (flat)  0 (hierarchical)
    Elapsed: 0.010s  Memory: 873.00M
--- Running XOR for layer 66/44 ---
"input" in: xor.drc:109
    Polygons (raw): 25084 (flat)  1988 (hierarchical)
    Elapsed: 0.000s  Memory: 873.00M
"input" in: xor.drc:109
    Polygons (raw): 25084 (flat)  1988 (hierarchical)
    Elapsed: 0.010s  Memory: 874.00M
"^" in: xor.drc:109
    Polygons (raw): 0 (flat)  0 (hierarchical)
    Elapsed: 0.300s  Memory: 874.00M
XOR differences: 0
"output" in: xor.drc:86
    Polygons (raw): 0 (flat)  0 (hierarchical)
    Elapsed: 0.040s  Memory: 874.00M
--- Running XOR for layer 67/16 ---
"input" in: xor.drc:109
    Polygons (raw): 2410 (flat)  637 (hierarchical)
    Elapsed: 0.000s  Memory: 874.00M
"input" in: xor.drc:109
    Polygons (raw): 2410 (flat)  637 (hierarchical)
    Elapsed: 0.000s  Memory: 874.00M
"^" in: xor.drc:109
    Polygons (raw): 0 (flat)  0 (hierarchical)
    Elapsed: 0.040s  Memory: 874.00M
XOR differences: 0
"output" in: xor.drc:86
    Polygons (raw): 0 (flat)  0 (hierarchical)
    Elapsed: 0.000s  Memory: 874.00M
--- Running XOR for layer 67/20 ---
"input" in: xor.drc:109
    Polygons (raw): 17910 (flat)  1752 (hierarchical)
    Elapsed: 0.000s  Memory: 874.00M
"input" in: xor.drc:109
    Polygons (raw): 17910 (flat)  614 (hierarchical)
    Elapsed: 0.000s  Memory: 874.00M
"^" in: xor.drc:109
    Polygons (raw): 0 (flat)  0 (hierarchical)
    Elapsed: 0.560s  Memory: 874.00M
XOR differences: 0
"output" in: xor.drc:86
    Polygons (raw): 0 (flat)  0 (hierarchical)
    Elapsed: 0.050s  Memory: 874.00M
--- Running XOR for layer 67/44 ---
"input" in: xor.drc:109
    Polygons (raw): 54463 (flat)  2355 (hierarchical)
    Elapsed: 0.000s  Memory: 874.00M
"input" in: xor.drc:109
    Polygons (raw): 54463 (flat)  1217 (hierarchical)
    Elapsed: 0.000s  Memory: 874.00M
"^" in: xor.drc:109
    Polygons (raw): 0 (flat)  0 (hierarchical)
    Elapsed: 0.650s  Memory: 874.00M
XOR differences: 0
"output" in: xor.drc:86
    Polygons (raw): 0 (flat)  0 (hierarchical)
    Elapsed: 0.030s  Memory: 874.00M
--- Running XOR for layer 67/5 ---
"input" in: xor.drc:109
    Polygons (raw): 0 (flat)  0 (hierarchical)
    Elapsed: 0.000s  Memory: 874.00M
"input" in: xor.drc:109
    Polygons (raw): 0 (flat)  0 (hierarchical)
    Elapsed: 0.010s  Memory: 874.00M
"^" in: xor.drc:109
    Polygons (raw): 0 (flat)  0 (hierarchical)
    Elapsed: 0.010s  Memory: 874.00M
XOR differences: 0
"output" in: xor.drc:86
    Polygons (raw): 0 (flat)  0 (hierarchical)
    Elapsed: 0.000s  Memory: 874.00M
--- Running XOR for layer 68/16 ---
"input" in: xor.drc:109
    Polygons (raw): 7324 (flat)  162 (hierarchical)
    Elapsed: 0.000s  Memory: 874.00M
"input" in: xor.drc:109
    Polygons (raw): 7324 (flat)  162 (hierarchical)
    Elapsed: 0.000s  Memory: 874.00M
"^" in: xor.drc:109
    Polygons (raw): 0 (flat)  0 (hierarchical)
    Elapsed: 0.120s  Memory: 874.00M
XOR differences: 0
"output" in: xor.drc:86
    Polygons (raw): 0 (flat)  0 (hierarchical)
    Elapsed: 0.000s  Memory: 874.00M
--- Running XOR for layer 68/20 ---
"input" in: xor.drc:109
    Polygons (raw): 11680 (flat)  4516 (hierarchical)
    Elapsed: 0.000s  Memory: 874.00M
"input" in: xor.drc:109
    Polygons (raw): 10985 (flat)  1503 (hierarchical)
    Elapsed: 0.000s  Memory: 874.00M
"^" in: xor.drc:109
    Polygons (raw): 0 (flat)  0 (hierarchical)
    Elapsed: 0.340s  Memory: 874.00M
XOR differences: 0
"output" in: xor.drc:86
    Polygons (raw): 0 (flat)  0 (hierarchical)
    Elapsed: 0.050s  Memory: 874.00M
--- Running XOR for layer 68/44 ---
"input" in: xor.drc:109
    Polygons (raw): 1710 (flat)  1710 (hierarchical)
    Elapsed: 0.000s  Memory: 874.00M
"input" in: xor.drc:109
    Polygons (raw): 1710 (flat)  6 (hierarchical)
    Elapsed: 0.010s  Memory: 874.00M
"^" in: xor.drc:109
    Polygons (raw): 0 (flat)  0 (hierarchical)
    Elapsed: 0.040s  Memory: 874.00M
XOR differences: 0
"output" in: xor.drc:86
    Polygons (raw): 0 (flat)  0 (hierarchical)
    Elapsed: 0.000s  Memory: 874.00M
--- Running XOR for layer 68/5 ---
"input" in: xor.drc:109
    Polygons (raw): 0 (flat)  0 (hierarchical)
    Elapsed: 0.000s  Memory: 874.00M
"input" in: xor.drc:109
    Polygons (raw): 0 (flat)  0 (hierarchical)
    Elapsed: 0.000s  Memory: 874.00M
"^" in: xor.drc:109
    Polygons (raw): 0 (flat)  0 (hierarchical)
    Elapsed: 0.030s  Memory: 874.00M
XOR differences: 0
"output" in: xor.drc:86
    Polygons (raw): 0 (flat)  0 (hierarchical)
    Elapsed: 0.000s  Memory: 874.00M
--- Running XOR for layer 69/16 ---
"input" in: xor.drc:109
    Polygons (raw): 13 (flat)  13 (hierarchical)
    Elapsed: 0.000s  Memory: 874.00M
"input" in: xor.drc:109
    Polygons (raw): 13 (flat)  13 (hierarchical)
    Elapsed: 0.000s  Memory: 874.00M
"^" in: xor.drc:109
    Polygons (raw): 0 (flat)  0 (hierarchical)
    Elapsed: 0.010s  Memory: 874.00M
XOR differences: 0
"output" in: xor.drc:86
    Polygons (raw): 0 (flat)  0 (hierarchical)
    Elapsed: 0.000s  Memory: 874.00M
--- Running XOR for layer 69/20 ---
"input" in: xor.drc:109
    Polygons (raw): 1951 (flat)  1951 (hierarchical)
    Elapsed: 0.000s  Memory: 874.00M
"input" in: xor.drc:109
    Polygons (raw): 2162 (flat)  824 (hierarchical)
    Elapsed: 0.000s  Memory: 874.00M
"^" in: xor.drc:109
    Polygons (raw): 0 (flat)  0 (hierarchical)
    Elapsed: 0.060s  Memory: 874.00M
XOR differences: 0
"output" in: xor.drc:86
    Polygons (raw): 0 (flat)  0 (hierarchical)
    Elapsed: 0.000s  Memory: 874.00M
--- Running XOR for layer 69/44 ---
"input" in: xor.drc:109
    Polygons (raw): 556 (flat)  556 (hierarchical)
    Elapsed: 0.000s  Memory: 874.00M
"input" in: xor.drc:109
    Polygons (raw): 556 (flat)  5 (hierarchical)
    Elapsed: 0.000s  Memory: 874.00M
"^" in: xor.drc:109
    Polygons (raw): 0 (flat)  0 (hierarchical)
    Elapsed: 0.020s  Memory: 874.00M
XOR differences: 0
"output" in: xor.drc:86
    Polygons (raw): 0 (flat)  0 (hierarchical)
    Elapsed: 0.000s  Memory: 874.00M
--- Running XOR for layer 69/5 ---
"input" in: xor.drc:109
    Polygons (raw): 0 (flat)  0 (hierarchical)
    Elapsed: 0.010s  Memory: 874.00M
"input" in: xor.drc:109
    Polygons (raw): 0 (flat)  0 (hierarchical)
    Elapsed: 0.000s  Memory: 874.00M
"^" in: xor.drc:109
    Polygons (raw): 0 (flat)  0 (hierarchical)
    Elapsed: 0.010s  Memory: 874.00M
XOR differences: 0
"output" in: xor.drc:86
    Polygons (raw): 0 (flat)  0 (hierarchical)
    Elapsed: 0.000s  Memory: 874.00M
--- Running XOR for layer 70/16 ---
"input" in: xor.drc:109
    Polygons (raw): 19 (flat)  19 (hierarchical)
    Elapsed: 0.000s  Memory: 874.00M
"input" in: xor.drc:109
    Polygons (raw): 19 (flat)  19 (hierarchical)
    Elapsed: 0.010s  Memory: 874.00M
"^" in: xor.drc:109
    Polygons (raw): 0 (flat)  0 (hierarchical)
    Elapsed: 0.010s  Memory: 874.00M
XOR differences: 0
"output" in: xor.drc:86
    Polygons (raw): 0 (flat)  0 (hierarchical)
    Elapsed: 0.010s  Memory: 874.00M
--- Running XOR for layer 70/20 ---
"input" in: xor.drc:109
    Polygons (raw): 259 (flat)  259 (hierarchical)
    Elapsed: 0.000s  Memory: 874.00M
"input" in: xor.drc:109
    Polygons (raw): 485 (flat)  193 (hierarchical)
    Elapsed: 0.000s  Memory: 874.00M
"^" in: xor.drc:109
    Polygons (raw): 0 (flat)  0 (hierarchical)
    Elapsed: 0.020s  Memory: 874.00M
XOR differences: 0
"output" in: xor.drc:86
    Polygons (raw): 0 (flat)  0 (hierarchical)
    Elapsed: 0.000s  Memory: 874.00M
--- Running XOR for layer 70/44 ---
"input" in: xor.drc:109
    Polygons (raw): 532 (flat)  532 (hierarchical)
    Elapsed: 0.010s  Memory: 875.00M
"input" in: xor.drc:109
    Polygons (raw): 532 (flat)  5 (hierarchical)
    Elapsed: 0.000s  Memory: 875.00M
"^" in: xor.drc:109
    Polygons (raw): 0 (flat)  0 (hierarchical)
    Elapsed: 0.010s  Memory: 875.00M
XOR differences: 0
"output" in: xor.drc:86
    Polygons (raw): 0 (flat)  0 (hierarchical)
    Elapsed: 0.000s  Memory: 875.00M
--- Running XOR for layer 70/5 ---
"input" in: xor.drc:109
    Polygons (raw): 0 (flat)  0 (hierarchical)
    Elapsed: 0.000s  Memory: 875.00M
"input" in: xor.drc:109
    Polygons (raw): 0 (flat)  0 (hierarchical)
    Elapsed: 0.000s  Memory: 875.00M
"^" in: xor.drc:109
    Polygons (raw): 0 (flat)  0 (hierarchical)
    Elapsed: 0.000s  Memory: 875.00M
XOR differences: 0
"output" in: xor.drc:86
    Polygons (raw): 0 (flat)  0 (hierarchical)
    Elapsed: 0.000s  Memory: 875.00M
--- Running XOR for layer 71/16 ---
"input" in: xor.drc:109
    Polygons (raw): 4 (flat)  4 (hierarchical)
    Elapsed: 0.000s  Memory: 875.00M
"input" in: xor.drc:109
    Polygons (raw): 4 (flat)  4 (hierarchical)
    Elapsed: 0.000s  Memory: 875.00M
"^" in: xor.drc:109
    Polygons (raw): 0 (flat)  0 (hierarchical)
    Elapsed: 0.010s  Memory: 875.00M
XOR differences: 0
"output" in: xor.drc:86
    Polygons (raw): 0 (flat)  0 (hierarchical)
    Elapsed: 0.000s  Memory: 876.00M
--- Running XOR for layer 71/20 ---
"input" in: xor.drc:109
    Polygons (raw): 10 (flat)  10 (hierarchical)
    Elapsed: 0.000s  Memory: 876.00M
"input" in: xor.drc:109
    Polygons (raw): 154 (flat)  13 (hierarchical)
    Elapsed: 0.000s  Memory: 876.00M
"^" in: xor.drc:109
    Polygons (raw): 0 (flat)  0 (hierarchical)
    Elapsed: 0.010s  Memory: 876.00M
XOR differences: 0
"output" in: xor.drc:86
    Polygons (raw): 0 (flat)  0 (hierarchical)
    Elapsed: 0.000s  Memory: 876.00M
--- Running XOR for layer 71/44 ---
"input" in: xor.drc:109
    Polygons (raw): 8 (flat)  8 (hierarchical)
    Elapsed: 0.000s  Memory: 876.00M
"input" in: xor.drc:109
    Polygons (raw): 8 (flat)  1 (hierarchical)
    Elapsed: 0.000s  Memory: 876.00M
"^" in: xor.drc:109
    Polygons (raw): 0 (flat)  0 (hierarchical)
    Elapsed: 0.010s  Memory: 876.00M
XOR differences: 0
"output" in: xor.drc:86
    Polygons (raw): 0 (flat)  0 (hierarchical)
    Elapsed: 0.000s  Memory: 876.00M
--- Running XOR for layer 71/5 ---
"input" in: xor.drc:109
    Polygons (raw): 0 (flat)  0 (hierarchical)
    Elapsed: 0.000s  Memory: 876.00M
"input" in: xor.drc:109
    Polygons (raw): 0 (flat)  0 (hierarchical)
    Elapsed: 0.000s  Memory: 876.00M
"^" in: xor.drc:109
    Polygons (raw): 0 (flat)  0 (hierarchical)
    Elapsed: 0.010s  Memory: 877.00M
XOR differences: 0
"output" in: xor.drc:86
    Polygons (raw): 0 (flat)  0 (hierarchical)
    Elapsed: 0.000s  Memory: 877.00M
--- Running XOR for layer 72/16 ---
"input" in: xor.drc:109
    Polygons (raw): 4 (flat)  4 (hierarchical)
    Elapsed: 0.000s  Memory: 877.00M
"input" in: xor.drc:109
    Polygons (raw): 4 (flat)  4 (hierarchical)
    Elapsed: 0.000s  Memory: 877.00M
"^" in: xor.drc:109
    Polygons (raw): 0 (flat)  0 (hierarchical)
    Elapsed: 0.010s  Memory: 877.00M
XOR differences: 0
"output" in: xor.drc:86
    Polygons (raw): 0 (flat)  0 (hierarchical)
    Elapsed: 0.000s  Memory: 877.00M
--- Running XOR for layer 72/20 ---
"input" in: xor.drc:109
    Polygons (raw): 4 (flat)  4 (hierarchical)
    Elapsed: 0.000s  Memory: 877.00M
"input" in: xor.drc:109
    Polygons (raw): 16 (flat)  9 (hierarchical)
    Elapsed: 0.000s  Memory: 877.00M
"^" in: xor.drc:109
    Polygons (raw): 0 (flat)  0 (hierarchical)
    Elapsed: 0.010s  Memory: 877.00M
XOR differences: 0
"output" in: xor.drc:86
    Polygons (raw): 0 (flat)  0 (hierarchical)
    Elapsed: 0.000s  Memory: 877.00M
--- Running XOR for layer 72/5 ---
"input" in: xor.drc:109
    Polygons (raw): 0 (flat)  0 (hierarchical)
    Elapsed: 0.000s  Memory: 878.00M
"input" in: xor.drc:109
    Polygons (raw): 0 (flat)  0 (hierarchical)
    Elapsed: 0.040s  Memory: 878.00M
"^" in: xor.drc:109
    Polygons (raw): 0 (flat)  0 (hierarchical)
    Elapsed: 0.010s  Memory: 878.00M
XOR differences: 0
"output" in: xor.drc:86
    Polygons (raw): 0 (flat)  0 (hierarchical)
    Elapsed: 0.000s  Memory: 878.00M
--- Running XOR for layer 78/44 ---
"input" in: xor.drc:109
    Polygons (raw): 3666 (flat)  82 (hierarchical)
    Elapsed: 0.000s  Memory: 878.00M
"input" in: xor.drc:109
    Polygons (raw): 3666 (flat)  82 (hierarchical)
    Elapsed: 0.000s  Memory: 878.00M
"^" in: xor.drc:109
    Polygons (raw): 0 (flat)  0 (hierarchical)
    Elapsed: 0.100s  Memory: 878.00M
XOR differences: 0
"output" in: xor.drc:86
    Polygons (raw): 0 (flat)  0 (hierarchical)
    Elapsed: 0.000s  Memory: 878.00M
--- Running XOR for layer 81/4 ---
"input" in: xor.drc:109
    Polygons (raw): 3658 (flat)  80 (hierarchical)
    Elapsed: 0.000s  Memory: 878.00M
"input" in: xor.drc:109
    Polygons (raw): 3658 (flat)  80 (hierarchical)
    Elapsed: 0.000s  Memory: 878.00M
"^" in: xor.drc:109
    Polygons (raw): 0 (flat)  0 (hierarchical)
    Elapsed: 0.090s  Memory: 878.00M
XOR differences: 0
"output" in: xor.drc:86
    Polygons (raw): 0 (flat)  0 (hierarchical)
    Elapsed: 0.000s  Memory: 878.00M
--- Running XOR for layer 83/44 ---
"input" in: xor.drc:109
    Polygons (raw): 0 (flat)  0 (hierarchical)
    Elapsed: 0.000s  Memory: 878.00M
"input" in: xor.drc:109
    Polygons (raw): 0 (flat)  0 (hierarchical)
    Elapsed: 0.000s  Memory: 878.00M
"^" in: xor.drc:109
    Polygons (raw): 0 (flat)  0 (hierarchical)
    Elapsed: 0.030s  Memory: 878.00M
XOR differences: 0
"output" in: xor.drc:86
    Polygons (raw): 0 (flat)  0 (hierarchical)
    Elapsed: 0.000s  Memory: 878.00M
--- Running XOR for layer 93/44 ---
"input" in: xor.drc:109
    Polygons (raw): 4127 (flat)  81 (hierarchical)
    Elapsed: 0.010s  Memory: 878.00M
"input" in: xor.drc:109
    Polygons (raw): 4127 (flat)  81 (hierarchical)
    Elapsed: 0.000s  Memory: 878.00M
"^" in: xor.drc:109
    Polygons (raw): 0 (flat)  0 (hierarchical)
    Elapsed: 0.110s  Memory: 878.00M
XOR differences: 0
"output" in: xor.drc:86
    Polygons (raw): 0 (flat)  0 (hierarchical)
    Elapsed: 0.000s  Memory: 878.00M
--- Running XOR for layer 94/20 ---
"input" in: xor.drc:109
    Polygons (raw): 4127 (flat)  81 (hierarchical)
    Elapsed: 0.010s  Memory: 878.00M
"input" in: xor.drc:109
    Polygons (raw): 4127 (flat)  81 (hierarchical)
    Elapsed: 0.000s  Memory: 878.00M
"^" in: xor.drc:109
    Polygons (raw): 0 (flat)  0 (hierarchical)
    Elapsed: 0.110s  Memory: 878.00M
XOR differences: 0
"output" in: xor.drc:86
    Polygons (raw): 0 (flat)  0 (hierarchical)
    Elapsed: 0.040s  Memory: 878.00M
--- Running XOR for layer 95/20 ---
"input" in: xor.drc:109
    Polygons (raw): 2745 (flat)  84 (hierarchical)
    Elapsed: 0.000s  Memory: 878.00M
"input" in: xor.drc:109
    Polygons (raw): 2745 (flat)  84 (hierarchical)
    Elapsed: 0.000s  Memory: 878.00M
"^" in: xor.drc:109
    Polygons (raw): 0 (flat)  0 (hierarchical)
    Elapsed: 0.080s  Memory: 878.00M
XOR differences: 0
"output" in: xor.drc:86
    Polygons (raw): 0 (flat)  0 (hierarchical)
    Elapsed: 0.000s  Memory: 878.00M
---
Total XOR differences: 0
Writing report database: /home/gmun/Downloads/Sin_Corregir/runs/mult8_2bits_1op_e16917/83-klayout-xor/xor.xml ..
Total elapsed: 4.490s  Memory: 878.00M
/home/gmun/Downloads/Sin_Corregir/runs/mult8_2bits_1op_e16917/79-magic-streamout/mult8_2bits_1op_e16917.magic.gds
/home/gmun/Downloads/Sin_Corregir/runs/mult8_2bits_1op_e16917/80-klayout-streamout/mult8_2bits_1op_e16917.klayout.gds
%OL_METRIC_I design__xor_difference__count 0
