
===========================================================================
report_checks -path_delay min (Hold)
============================================================================
======================= max_tt_025C_1v80 Corner ===================================

Startpoint: A[0] (input port clocked by __VIRTUAL_CLK__)
Endpoint: P[1] (output port clocked by __VIRTUAL_CLK__)
Path Group: __VIRTUAL_CLK__
Path Type: min

Fanout         Cap        Slew       Delay        Time   Description
---------------------------------------------------------------------------------------------
                      0.000000    0.000000    0.000000   clock __VIRTUAL_CLK__ (rise edge)
                                  0.000000    0.000000   clock network delay (ideal)
                                  2.000000    2.000000 v input external delay
     1    0.007358    0.018706    0.012025    2.012025 v A[0] (in)
                                                         A[0] (net)
                      0.018716    0.000000    2.012025 v input1/A (sky130_fd_sc_hd__buf_8)
     2    0.006724    0.022211    0.101095    2.113120 v input1/X (sky130_fd_sc_hd__buf_8)
                                                         net1 (net)
                      0.022211    0.000407    2.113526 v fanout49/A (sky130_fd_sc_hd__buf_6)
     8    0.022633    0.035247    0.117503    2.231030 v fanout49/X (sky130_fd_sc_hd__buf_6)
                                                         net49 (net)
                      0.035513    0.002015    2.233045 v _283_/B1 (sky130_fd_sc_hd__a21oi_1)
     1    0.002910    0.088796    0.107791    2.340836 ^ _283_/Y (sky130_fd_sc_hd__a21oi_1)
                                                         _219_ (net)
                      0.088796    0.000134    2.340970 ^ _284_/C (sky130_fd_sc_hd__nor3_1)
     1    0.002893    0.033078    0.051193    2.392163 v _284_/Y (sky130_fd_sc_hd__nor3_1)
                                                         net23 (net)
                      0.033078    0.000115    2.392278 v output23/A (sky130_fd_sc_hd__buf_2)
     1    0.034103    0.089648    0.173880    2.566158 v output23/X (sky130_fd_sc_hd__buf_2)
                                                         P[1] (net)
                      0.089683    0.001638    2.567796 v P[1] (out)
                                              2.567796   data arrival time

                      0.000000    0.000000    0.000000   clock __VIRTUAL_CLK__ (rise edge)
                                  0.000000    0.000000   clock network delay (ideal)
                                  0.250000    0.250000   clock uncertainty
                                  0.000000    0.250000   clock reconvergence pessimism
                                 -2.000000   -1.750000   output external delay
                                             -1.750000   data required time
---------------------------------------------------------------------------------------------
                                             -1.750000   data required time
                                             -2.567796   data arrival time
---------------------------------------------------------------------------------------------
                                              4.317796   slack (MET)


Startpoint: A[0] (input port clocked by __VIRTUAL_CLK__)
Endpoint: P[2] (output port clocked by __VIRTUAL_CLK__)
Path Group: __VIRTUAL_CLK__
Path Type: min

Fanout         Cap        Slew       Delay        Time   Description
---------------------------------------------------------------------------------------------
                      0.000000    0.000000    0.000000   clock __VIRTUAL_CLK__ (rise edge)
                                  0.000000    0.000000   clock network delay (ideal)
                                  2.000000    2.000000 ^ input external delay
     1    0.008019    0.042635    0.027726    2.027726 ^ A[0] (in)
                                                         A[0] (net)
                      0.042640    0.000000    2.027726 ^ input1/A (sky130_fd_sc_hd__buf_8)
     2    0.007361    0.026885    0.083006    2.110732 ^ input1/X (sky130_fd_sc_hd__buf_8)
                                                         net1 (net)
                      0.026891    0.000448    2.111180 ^ fanout49/A (sky130_fd_sc_hd__buf_6)
     8    0.023780    0.057473    0.103442    2.214622 ^ fanout49/X (sky130_fd_sc_hd__buf_6)
                                                         net49 (net)
                      0.057629    0.002071    2.216693 ^ _285_/A (sky130_fd_sc_hd__and2_1)
     3    0.018393    0.186889    0.218378    2.435071 ^ _285_/X (sky130_fd_sc_hd__and2_1)
                                                         _220_ (net)
                      0.186944    0.001983    2.437054 ^ _291_/A (sky130_fd_sc_hd__xnor2_1)
     1    0.002626    0.032918    0.095299    2.532353 v _291_/Y (sky130_fd_sc_hd__xnor2_1)
                                                         net24 (net)
                      0.032918    0.000163    2.532516 v output24/A (sky130_fd_sc_hd__buf_2)
     1    0.034193    0.089866    0.173926    2.706442 v output24/X (sky130_fd_sc_hd__buf_2)
                                                         P[2] (net)
                      0.089904    0.001702    2.708143 v P[2] (out)
                                              2.708143   data arrival time

                      0.000000    0.000000    0.000000   clock __VIRTUAL_CLK__ (rise edge)
                                  0.000000    0.000000   clock network delay (ideal)
                                  0.250000    0.250000   clock uncertainty
                                  0.000000    0.250000   clock reconvergence pessimism
                                 -2.000000   -1.750000   output external delay
                                             -1.750000   data required time
---------------------------------------------------------------------------------------------
                                             -1.750000   data required time
                                             -2.708143   data arrival time
---------------------------------------------------------------------------------------------
                                              4.458143   slack (MET)


Startpoint: B[6] (input port clocked by __VIRTUAL_CLK__)
Endpoint: P[15] (output port clocked by __VIRTUAL_CLK__)
Path Group: __VIRTUAL_CLK__
Path Type: min

Fanout         Cap        Slew       Delay        Time   Description
---------------------------------------------------------------------------------------------
                      0.000000    0.000000    0.000000   clock __VIRTUAL_CLK__ (rise edge)
                                  0.000000    0.000000   clock network delay (ideal)
                                  2.000000    2.000000 v input external delay
     1    0.003335    0.009864    0.005382    2.005382 v B[6] (in)
                                                         B[6] (net)
                      0.009867    0.000000    2.005382 v input15/A (sky130_fd_sc_hd__buf_1)
     3    0.023782    0.141035    0.162496    2.167878 v input15/X (sky130_fd_sc_hd__buf_1)
                                                         net15 (net)
                      0.141092    0.001486    2.169364 v _520_/A (sky130_fd_sc_hd__nand2_1)
     5    0.017496    0.167155    0.187614    2.356978 ^ _520_/Y (sky130_fd_sc_hd__nand2_1)
                                                         _169_ (net)
                      0.167162    0.000934    2.357912 ^ _565_/A3 (sky130_fd_sc_hd__o311a_1)
     1    0.009553    0.105933    0.210945    2.568857 ^ _565_/X (sky130_fd_sc_hd__o311a_1)
                                                         _212_ (net)
                      0.105940    0.001000    2.569857 ^ _566_/B1 (sky130_fd_sc_hd__o21ai_2)
     1    0.006613    0.037683    0.073203    2.643060 v _566_/Y (sky130_fd_sc_hd__o21ai_2)
                                                         net22 (net)
                      0.037691    0.000552    2.643612 v output22/A (sky130_fd_sc_hd__buf_6)
     1    0.035182    0.044728    0.133372    2.776983 v output22/X (sky130_fd_sc_hd__buf_6)
                                                         P[15] (net)
                      0.044827    0.001832    2.778816 v P[15] (out)
                                              2.778816   data arrival time

                      0.000000    0.000000    0.000000   clock __VIRTUAL_CLK__ (rise edge)
                                  0.000000    0.000000   clock network delay (ideal)
                                  0.250000    0.250000   clock uncertainty
                                  0.000000    0.250000   clock reconvergence pessimism
                                 -2.000000   -1.750000   output external delay
                                             -1.750000   data required time
---------------------------------------------------------------------------------------------
                                             -1.750000   data required time
                                             -2.778816   data arrival time
---------------------------------------------------------------------------------------------
                                              4.528816   slack (MET)


Startpoint: A[7] (input port clocked by __VIRTUAL_CLK__)
Endpoint: P[14] (output port clocked by __VIRTUAL_CLK__)
Path Group: __VIRTUAL_CLK__
Path Type: min

Fanout         Cap        Slew       Delay        Time   Description
---------------------------------------------------------------------------------------------
                      0.000000    0.000000    0.000000   clock __VIRTUAL_CLK__ (rise edge)
                                  0.000000    0.000000   clock network delay (ideal)
                                  2.000000    2.000000 v input external delay
     1    0.003169    0.009473    0.005098    2.005098 v A[7] (in)
                                                         A[7] (net)
                      0.009479    0.000000    2.005098 v input8/A (sky130_fd_sc_hd__buf_1)
     3    0.013332    0.083149    0.118530    2.123628 v input8/X (sky130_fd_sc_hd__buf_1)
                                                         net8 (net)
                      0.083217    0.001542    2.125170 v _559_/A2 (sky130_fd_sc_hd__a31o_1)
     2    0.005847    0.047854    0.230452    2.355622 v _559_/X (sky130_fd_sc_hd__a31o_1)
                                                         _206_ (net)
                      0.047856    0.000383    2.356004 v _560_/B (sky130_fd_sc_hd__nand2_1)
     1    0.005346    0.059901    0.078085    2.434089 ^ _560_/Y (sky130_fd_sc_hd__nand2_1)
                                                         _207_ (net)
                      0.059903    0.000417    2.434506 ^ _562_/B (sky130_fd_sc_hd__xnor2_1)
     2    0.013537    0.107448    0.116928    2.551434 v _562_/Y (sky130_fd_sc_hd__xnor2_1)
                                                         _209_ (net)
                      0.107457    0.000824    2.552259 v _564_/A (sky130_fd_sc_hd__xnor2_2)
     1    0.005038    0.038246    0.159341    2.711600 v _564_/Y (sky130_fd_sc_hd__xnor2_2)
                                                         net21 (net)
                      0.038252    0.000373    2.711973 v output21/A (sky130_fd_sc_hd__buf_6)
     1    0.034510    0.044165    0.133226    2.845198 v output21/X (sky130_fd_sc_hd__buf_6)
                                                         P[14] (net)
                      0.044247    0.001663    2.846861 v P[14] (out)
                                              2.846861   data arrival time

                      0.000000    0.000000    0.000000   clock __VIRTUAL_CLK__ (rise edge)
                                  0.000000    0.000000   clock network delay (ideal)
                                  0.250000    0.250000   clock uncertainty
                                  0.000000    0.250000   clock reconvergence pessimism
                                 -2.000000   -1.750000   output external delay
                                             -1.750000   data required time
---------------------------------------------------------------------------------------------
                                             -1.750000   data required time
                                             -2.846861   data arrival time
---------------------------------------------------------------------------------------------
                                              4.596861   slack (MET)


Startpoint: A[4] (input port clocked by __VIRTUAL_CLK__)
Endpoint: P[4] (output port clocked by __VIRTUAL_CLK__)
Path Group: __VIRTUAL_CLK__
Path Type: min

Fanout         Cap        Slew       Delay        Time   Description
---------------------------------------------------------------------------------------------
                      0.000000    0.000000    0.000000   clock __VIRTUAL_CLK__ (rise edge)
                                  0.000000    0.000000   clock network delay (ideal)
                                  2.000000    2.000000 v input external delay
     1    0.002489    0.007899    0.003942    2.003942 v A[4] (in)
                                                         A[4] (net)
                      0.007901    0.000000    2.003942 v input5/A (sky130_fd_sc_hd__dlymetal6s2s_1)
     2    0.022203    0.119221    0.191979    2.195921 v input5/X (sky130_fd_sc_hd__dlymetal6s2s_1)
                                                         net5 (net)
                      0.119347    0.002603    2.198524 v fanout36/A (sky130_fd_sc_hd__buf_2)
    10    0.038080    0.094795    0.219563    2.418087 v fanout36/X (sky130_fd_sc_hd__buf_2)
                                                         net36 (net)
                      0.094830    0.001766    2.419853 v _303_/B (sky130_fd_sc_hd__nand2_2)
     6    0.023011    0.125662    0.148993    2.568846 ^ _303_/Y (sky130_fd_sc_hd__nand2_2)
                                                         _236_ (net)
                      0.125706    0.001926    2.570772 ^ _317_/A (sky130_fd_sc_hd__xnor2_1)
     1    0.007149    0.065089    0.111309    2.682081 v _317_/Y (sky130_fd_sc_hd__xnor2_1)
                                                         net26 (net)
                      0.065092    0.000554    2.682636 v output26/A (sky130_fd_sc_hd__buf_2)
     1    0.034449    0.090248    0.188630    2.871266 v output26/X (sky130_fd_sc_hd__buf_2)
                                                         P[4] (net)
                      0.090281    0.001611    2.872877 v P[4] (out)
                                              2.872877   data arrival time

                      0.000000    0.000000    0.000000   clock __VIRTUAL_CLK__ (rise edge)
                                  0.000000    0.000000   clock network delay (ideal)
                                  0.250000    0.250000   clock uncertainty
                                  0.000000    0.250000   clock reconvergence pessimism
                                 -2.000000   -1.750000   output external delay
                                             -1.750000   data required time
---------------------------------------------------------------------------------------------
                                             -1.750000   data required time
                                             -2.872877   data arrival time
---------------------------------------------------------------------------------------------
                                              4.622877   slack (MET)


Startpoint: A[2] (input port clocked by __VIRTUAL_CLK__)
Endpoint: P[3] (output port clocked by __VIRTUAL_CLK__)
Path Group: __VIRTUAL_CLK__
Path Type: min

Fanout         Cap        Slew       Delay        Time   Description
---------------------------------------------------------------------------------------------
                      0.000000    0.000000    0.000000   clock __VIRTUAL_CLK__ (rise edge)
                                  0.000000    0.000000   clock network delay (ideal)
                                  2.000000    2.000000 v input external delay
     1    0.002745    0.008490    0.004382    2.004382 v A[2] (in)
                                                         A[2] (net)
                      0.008496    0.000000    2.004382 v input3/A (sky130_fd_sc_hd__clkbuf_2)
     5    0.022369    0.090179    0.139145    2.143527 v input3/X (sky130_fd_sc_hd__clkbuf_2)
                                                         net3 (net)
                      0.090222    0.001824    2.145351 v fanout38/A (sky130_fd_sc_hd__buf_6)
    10    0.035497    0.045663    0.155896    2.301247 v fanout38/X (sky130_fd_sc_hd__buf_6)
                                                         net38 (net)
                      0.046667    0.005285    2.306532 v _293_/B1 (sky130_fd_sc_hd__a21oi_1)
     1    0.003058    0.091391    0.113461    2.419993 ^ _293_/Y (sky130_fd_sc_hd__a21oi_1)
                                                         _227_ (net)
                      0.091391    0.000181    2.420174 ^ _294_/C (sky130_fd_sc_hd__or3_1)
     2    0.008091    0.082770    0.140127    2.560301 ^ _294_/X (sky130_fd_sc_hd__or3_1)
                                                         _228_ (net)
                      0.082774    0.000664    2.560965 ^ _301_/B1 (sky130_fd_sc_hd__o21ai_1)
     1    0.002284    0.026720    0.064426    2.625391 v _301_/Y (sky130_fd_sc_hd__o21ai_1)
                                                         _235_ (net)
                      0.026720    0.000139    2.625531 v _302_/B (sky130_fd_sc_hd__and2_1)
     1    0.004875    0.042085    0.152196    2.777727 v _302_/X (sky130_fd_sc_hd__and2_1)
                                                         net25 (net)
                      0.042087    0.000351    2.778079 v output25/A (sky130_fd_sc_hd__buf_2)
     1    0.033969    0.089276    0.177552    2.955630 v output25/X (sky130_fd_sc_hd__buf_2)
                                                         P[3] (net)
                      0.089309    0.001586    2.957217 v P[3] (out)
                                              2.957217   data arrival time

                      0.000000    0.000000    0.000000   clock __VIRTUAL_CLK__ (rise edge)
                                  0.000000    0.000000   clock network delay (ideal)
                                  0.250000    0.250000   clock uncertainty
                                  0.000000    0.250000   clock reconvergence pessimism
                                 -2.000000   -1.750000   output external delay
                                             -1.750000   data required time
---------------------------------------------------------------------------------------------
                                             -1.750000   data required time
                                             -2.957217   data arrival time
---------------------------------------------------------------------------------------------
                                              4.707217   slack (MET)


Startpoint: B[4] (input port clocked by __VIRTUAL_CLK__)
Endpoint: P[9] (output port clocked by __VIRTUAL_CLK__)
Path Group: __VIRTUAL_CLK__
Path Type: min

Fanout         Cap        Slew       Delay        Time   Description
---------------------------------------------------------------------------------------------
                      0.000000    0.000000    0.000000   clock __VIRTUAL_CLK__ (rise edge)
                                  0.000000    0.000000   clock network delay (ideal)
                                  2.000000    2.000000 v input external delay
     1    0.002272    0.007401    0.003578    2.003577 v B[4] (in)
                                                         B[4] (net)
                      0.007402    0.000000    2.003577 v input13/A (sky130_fd_sc_hd__buf_2)
    10    0.041548    0.102932    0.174671    2.178249 v input13/X (sky130_fd_sc_hd__buf_2)
                                                         net13 (net)
                      0.103277    0.004861    2.183109 v _425_/B (sky130_fd_sc_hd__nand2_1)
     3    0.019040    0.178436    0.186799    2.369908 ^ _425_/Y (sky130_fd_sc_hd__nand2_1)
                                                         _078_ (net)
                      0.178455    0.001562    2.371471 ^ _470_/A2 (sky130_fd_sc_hd__o21ai_1)
     2    0.005497    0.061288    0.098277    2.469748 v _470_/Y (sky130_fd_sc_hd__o21ai_1)
                                                         _122_ (net)
                      0.061289    0.000345    2.470093 v _472_/B (sky130_fd_sc_hd__nand2_1)
     2    0.008422    0.085225    0.103181    2.573275 ^ _472_/Y (sky130_fd_sc_hd__nand2_1)
                                                         _124_ (net)
                      0.085229    0.000456    2.573731 ^ _473_/B (sky130_fd_sc_hd__nand2_1)
     2    0.013593    0.102732    0.115558    2.689288 v _473_/Y (sky130_fd_sc_hd__nand2_1)
                                                         _125_ (net)
                      0.102744    0.000927    2.690215 v _475_/A (sky130_fd_sc_hd__xnor2_2)
     1    0.010125    0.060223    0.175013    2.865228 v _475_/Y (sky130_fd_sc_hd__xnor2_2)
                                                         net31 (net)
                      0.060236    0.000855    2.866082 v output31/A (sky130_fd_sc_hd__buf_6)
     1    0.034086    0.043805    0.142662    3.008745 v output31/X (sky130_fd_sc_hd__buf_6)
                                                         P[9] (net)
                      0.043885    0.001634    3.010379 v P[9] (out)
                                              3.010379   data arrival time

                      0.000000    0.000000    0.000000   clock __VIRTUAL_CLK__ (rise edge)
                                  0.000000    0.000000   clock network delay (ideal)
                                  0.250000    0.250000   clock uncertainty
                                  0.000000    0.250000   clock reconvergence pessimism
                                 -2.000000   -1.750000   output external delay
                                             -1.750000   data required time
---------------------------------------------------------------------------------------------
                                             -1.750000   data required time
                                             -3.010379   data arrival time
---------------------------------------------------------------------------------------------
                                              4.760379   slack (MET)


Startpoint: B[2] (input port clocked by __VIRTUAL_CLK__)
Endpoint: P[13] (output port clocked by __VIRTUAL_CLK__)
Path Group: __VIRTUAL_CLK__
Path Type: min

Fanout         Cap        Slew       Delay        Time   Description
---------------------------------------------------------------------------------------------
                      0.000000    0.000000    0.000000   clock __VIRTUAL_CLK__ (rise edge)
                                  0.000000    0.000000   clock network delay (ideal)
                                  2.000000    2.000000 v input external delay
     1    0.002946    0.008954    0.004724    2.004724 v B[2] (in)
                                                         B[2] (net)
                      0.008961    0.000000    2.004724 v input11/A (sky130_fd_sc_hd__buf_4)
     4    0.022361    0.046099    0.139172    2.143895 v input11/X (sky130_fd_sc_hd__buf_4)
                                                         net11 (net)
                      0.046283    0.002451    2.146347 v _447_/A (sky130_fd_sc_hd__nand4_1)
     3    0.011602    0.130711    0.124614    2.270961 ^ _447_/Y (sky130_fd_sc_hd__nand4_1)
                                                         _099_ (net)
                      0.130720    0.000848    2.271809 ^ _509_/A (sky130_fd_sc_hd__nand2_1)
     1    0.003786    0.038277    0.072939    2.344748 v _509_/Y (sky130_fd_sc_hd__nand2_1)
                                                         _159_ (net)
                      0.038278    0.000260    2.345008 v _511_/A2 (sky130_fd_sc_hd__o21ai_1)
     2    0.007960    0.137514    0.176086    2.521095 ^ _511_/Y (sky130_fd_sc_hd__o21ai_1)
                                                         _161_ (net)
                      0.137521    0.000721    2.521816 ^ _535_/A1 (sky130_fd_sc_hd__a21oi_1)
     3    0.011927    0.064217    0.132717    2.654532 v _535_/Y (sky130_fd_sc_hd__a21oi_1)
                                                         _184_ (net)
                      0.064227    0.000673    2.655205 v _557_/A1 (sky130_fd_sc_hd__o21a_1)
     1    0.011072    0.066782    0.225418    2.880623 v _557_/X (sky130_fd_sc_hd__o21a_1)
                                                         net20 (net)
                      0.066795    0.000954    2.881577 v output20/A (sky130_fd_sc_hd__buf_6)
     1    0.034827    0.044419    0.146150    3.027727 v output20/X (sky130_fd_sc_hd__buf_6)
                                                         P[13] (net)
                      0.044514    0.001780    3.029507 v P[13] (out)
                                              3.029507   data arrival time

                      0.000000    0.000000    0.000000   clock __VIRTUAL_CLK__ (rise edge)
                                  0.000000    0.000000   clock network delay (ideal)
                                  0.250000    0.250000   clock uncertainty
                                  0.000000    0.250000   clock reconvergence pessimism
                                 -2.000000   -1.750000   output external delay
                                             -1.750000   data required time
---------------------------------------------------------------------------------------------
                                             -1.750000   data required time
                                             -3.029507   data arrival time
---------------------------------------------------------------------------------------------
                                              4.779507   slack (MET)


Startpoint: B[5] (input port clocked by __VIRTUAL_CLK__)
Endpoint: P[11] (output port clocked by __VIRTUAL_CLK__)
Path Group: __VIRTUAL_CLK__
Path Type: min

Fanout         Cap        Slew       Delay        Time   Description
---------------------------------------------------------------------------------------------
                      0.000000    0.000000    0.000000   clock __VIRTUAL_CLK__ (rise edge)
                                  0.000000    0.000000   clock network delay (ideal)
                                  2.000000    2.000000 v input external delay
     1    0.002837    0.008703    0.004539    2.004539 v B[5] (in)
                                                         B[5] (net)
                      0.008710    0.000000    2.004539 v input14/A (sky130_fd_sc_hd__clkbuf_2)
     4    0.027001    0.106998    0.152072    2.156611 v input14/X (sky130_fd_sc_hd__clkbuf_2)
                                                         net14 (net)
                      0.107092    0.002159    2.158770 v _476_/B (sky130_fd_sc_hd__and3_1)
     2    0.011913    0.071576    0.227853    2.386623 v _476_/X (sky130_fd_sc_hd__and3_1)
                                                         _127_ (net)
                      0.071585    0.000834    2.387457 v _488_/A (sky130_fd_sc_hd__nand2_1)
     2    0.006961    0.074086    0.091257    2.478715 ^ _488_/Y (sky130_fd_sc_hd__nand2_1)
                                                         _139_ (net)
                      0.074117    0.000439    2.479154 ^ _515_/A2 (sky130_fd_sc_hd__a21oi_1)
     3    0.008856    0.057070    0.099437    2.578591 v _515_/Y (sky130_fd_sc_hd__a21oi_1)
                                                         _165_ (net)
                      0.057072    0.000415    2.579006 v _517_/A_N (sky130_fd_sc_hd__and2b_1)
     1    0.009332    0.094434    0.229391    2.808396 ^ _517_/X (sky130_fd_sc_hd__and2b_1)
                                                         _167_ (net)
                      0.094437    0.000721    2.809118 ^ _519_/B (sky130_fd_sc_hd__xnor2_2)
     1    0.009869    0.058100    0.085388    2.894506 v _519_/Y (sky130_fd_sc_hd__xnor2_2)
                                                         net18 (net)
                      0.058144    0.000821    2.895327 v output18/A (sky130_fd_sc_hd__buf_6)
     1    0.033959    0.043695    0.141628    3.036955 v output18/X (sky130_fd_sc_hd__buf_6)
                                                         P[11] (net)
                      0.043770    0.001586    3.038541 v P[11] (out)
                                              3.038541   data arrival time

                      0.000000    0.000000    0.000000   clock __VIRTUAL_CLK__ (rise edge)
                                  0.000000    0.000000   clock network delay (ideal)
                                  0.250000    0.250000   clock uncertainty
                                  0.000000    0.250000   clock reconvergence pessimism
                                 -2.000000   -1.750000   output external delay
                                             -1.750000   data required time
---------------------------------------------------------------------------------------------
                                             -1.750000   data required time
                                             -3.038541   data arrival time
---------------------------------------------------------------------------------------------
                                              4.788540   slack (MET)


Startpoint: B[4] (input port clocked by __VIRTUAL_CLK__)
Endpoint: P[8] (output port clocked by __VIRTUAL_CLK__)
Path Group: __VIRTUAL_CLK__
Path Type: min

Fanout         Cap        Slew       Delay        Time   Description
---------------------------------------------------------------------------------------------
                      0.000000    0.000000    0.000000   clock __VIRTUAL_CLK__ (rise edge)
                                  0.000000    0.000000   clock network delay (ideal)
                                  2.000000    2.000000 v input external delay
     1    0.002272    0.007401    0.003578    2.003577 v B[4] (in)
                                                         B[4] (net)
                      0.007402    0.000000    2.003577 v input13/A (sky130_fd_sc_hd__buf_2)
    10    0.041548    0.102932    0.174671    2.178249 v input13/X (sky130_fd_sc_hd__buf_2)
                                                         net13 (net)
                      0.103277    0.004861    2.183109 v _425_/B (sky130_fd_sc_hd__nand2_1)
     3    0.019040    0.178436    0.186799    2.369908 ^ _425_/Y (sky130_fd_sc_hd__nand2_1)
                                                         _078_ (net)
                      0.178456    0.001580    2.371488 ^ _426_/B (sky130_fd_sc_hd__xor2_1)
     2    0.006491    0.051014    0.112900    2.484389 v _426_/X (sky130_fd_sc_hd__xor2_1)
                                                         _079_ (net)
                      0.051018    0.000473    2.484861 v _428_/C (sky130_fd_sc_hd__nor3_1)
     1    0.003213    0.155276    0.135764    2.620625 ^ _428_/Y (sky130_fd_sc_hd__nor3_1)
                                                         _081_ (net)
                      0.155276    0.000221    2.620846 ^ _429_/B (sky130_fd_sc_hd__or2_4)
     3    0.014450    0.056954    0.162435    2.783281 ^ _429_/X (sky130_fd_sc_hd__or2_4)
                                                         _082_ (net)
                      0.056965    0.000781    2.784062 ^ _431_/A (sky130_fd_sc_hd__xor2_1)
     1    0.008808    0.059773    0.091903    2.875965 v _431_/X (sky130_fd_sc_hd__xor2_1)
                                                         net30 (net)
                      0.059780    0.000664    2.876629 v output30/A (sky130_fd_sc_hd__buf_4)
     1    0.033989    0.058792    0.173624    3.050253 v output30/X (sky130_fd_sc_hd__buf_4)
                                                         P[8] (net)
                      0.058845    0.001589    3.051841 v P[8] (out)
                                              3.051841   data arrival time

                      0.000000    0.000000    0.000000   clock __VIRTUAL_CLK__ (rise edge)
                                  0.000000    0.000000   clock network delay (ideal)
                                  0.250000    0.250000   clock uncertainty
                                  0.000000    0.250000   clock reconvergence pessimism
                                 -2.000000   -1.750000   output external delay
                                             -1.750000   data required time
---------------------------------------------------------------------------------------------
                                             -1.750000   data required time
                                             -3.051841   data arrival time
---------------------------------------------------------------------------------------------
                                              4.801842   slack (MET)


Startpoint: A[4] (input port clocked by __VIRTUAL_CLK__)
Endpoint: P[5] (output port clocked by __VIRTUAL_CLK__)
Path Group: __VIRTUAL_CLK__
Path Type: min

Fanout         Cap        Slew       Delay        Time   Description
---------------------------------------------------------------------------------------------
                      0.000000    0.000000    0.000000   clock __VIRTUAL_CLK__ (rise edge)
                                  0.000000    0.000000   clock network delay (ideal)
                                  2.000000    2.000000 v input external delay
     1    0.002489    0.007899    0.003942    2.003942 v A[4] (in)
                                                         A[4] (net)
                      0.007901    0.000000    2.003942 v input5/A (sky130_fd_sc_hd__dlymetal6s2s_1)
     2    0.022203    0.119221    0.191979    2.195921 v input5/X (sky130_fd_sc_hd__dlymetal6s2s_1)
                                                         net5 (net)
                      0.119347    0.002603    2.198524 v fanout36/A (sky130_fd_sc_hd__buf_2)
    10    0.038080    0.094795    0.219563    2.418087 v fanout36/X (sky130_fd_sc_hd__buf_2)
                                                         net36 (net)
                      0.094830    0.001766    2.419853 v _303_/B (sky130_fd_sc_hd__nand2_2)
     6    0.023011    0.125662    0.148993    2.568846 ^ _303_/Y (sky130_fd_sc_hd__nand2_2)
                                                         _236_ (net)
                      0.125707    0.001943    2.570789 ^ _316_/A (sky130_fd_sc_hd__or3_1)
     2    0.005305    0.058829    0.139808    2.710597 ^ _316_/X (sky130_fd_sc_hd__or3_1)
                                                         _249_ (net)
                      0.058829    0.000242    2.710840 ^ _567_/A (sky130_fd_sc_hd__and2_1)
     1    0.003808    0.054511    0.122008    2.832847 ^ _567_/X (sky130_fd_sc_hd__and2_1)
                                                         _213_ (net)
                      0.054512    0.000247    2.833094 ^ _568_/B (sky130_fd_sc_hd__nor2_1)
     1    0.007267    0.038291    0.054364    2.887458 v _568_/Y (sky130_fd_sc_hd__nor2_1)
                                                         net27 (net)
                      0.038320    0.000574    2.888033 v output27/A (sky130_fd_sc_hd__buf_2)
     1    0.034441    0.090325    0.176795    3.064828 v output27/X (sky130_fd_sc_hd__buf_2)
                                                         P[5] (net)
                      0.090359    0.001611    3.066439 v P[5] (out)
                                              3.066439   data arrival time

                      0.000000    0.000000    0.000000   clock __VIRTUAL_CLK__ (rise edge)
                                  0.000000    0.000000   clock network delay (ideal)
                                  0.250000    0.250000   clock uncertainty
                                  0.000000    0.250000   clock reconvergence pessimism
                                 -2.000000   -1.750000   output external delay
                                             -1.750000   data required time
---------------------------------------------------------------------------------------------
                                             -1.750000   data required time
                                             -3.066439   data arrival time
---------------------------------------------------------------------------------------------
                                              4.816439   slack (MET)


Startpoint: B[4] (input port clocked by __VIRTUAL_CLK__)
Endpoint: P[10] (output port clocked by __VIRTUAL_CLK__)
Path Group: __VIRTUAL_CLK__
Path Type: min

Fanout         Cap        Slew       Delay        Time   Description
---------------------------------------------------------------------------------------------
                      0.000000    0.000000    0.000000   clock __VIRTUAL_CLK__ (rise edge)
                                  0.000000    0.000000   clock network delay (ideal)
                                  2.000000    2.000000 v input external delay
     1    0.002272    0.007401    0.003578    2.003577 v B[4] (in)
                                                         B[4] (net)
                      0.007402    0.000000    2.003577 v input13/A (sky130_fd_sc_hd__buf_2)
    10    0.041548    0.102932    0.174671    2.178249 v input13/X (sky130_fd_sc_hd__buf_2)
                                                         net13 (net)
                      0.103277    0.004861    2.183109 v _425_/B (sky130_fd_sc_hd__nand2_1)
     3    0.019040    0.178436    0.186799    2.369908 ^ _425_/Y (sky130_fd_sc_hd__nand2_1)
                                                         _078_ (net)
                      0.178455    0.001562    2.371471 ^ _470_/A2 (sky130_fd_sc_hd__o21ai_1)
     2    0.005497    0.061288    0.098277    2.469748 v _470_/Y (sky130_fd_sc_hd__o21ai_1)
                                                         _122_ (net)
                      0.061289    0.000345    2.470093 v _472_/B (sky130_fd_sc_hd__nand2_1)
     2    0.008422    0.085225    0.103181    2.573275 ^ _472_/Y (sky130_fd_sc_hd__nand2_1)
                                                         _124_ (net)
                      0.085231    0.000568    2.573843 ^ _495_/C1 (sky130_fd_sc_hd__o311a_4)
     4    0.022798    0.084128    0.225177    2.799020 ^ _495_/X (sky130_fd_sc_hd__o311a_4)
                                                         _146_ (net)
                      0.084177    0.001843    2.800863 ^ _496_/B (sky130_fd_sc_hd__xor2_1)
     1    0.007999    0.056594    0.093522    2.894385 v _496_/X (sky130_fd_sc_hd__xor2_1)
                                                         net17 (net)
                      0.056598    0.000506    2.894891 v output17/A (sky130_fd_sc_hd__buf_4)
     1    0.034092    0.058912    0.172291    3.067182 v output17/X (sky130_fd_sc_hd__buf_4)
                                                         P[10] (net)
                      0.058966    0.001616    3.068798 v P[10] (out)
                                              3.068798   data arrival time

                      0.000000    0.000000    0.000000   clock __VIRTUAL_CLK__ (rise edge)
                                  0.000000    0.000000   clock network delay (ideal)
                                  0.250000    0.250000   clock uncertainty
                                  0.000000    0.250000   clock reconvergence pessimism
                                 -2.000000   -1.750000   output external delay
                                             -1.750000   data required time
---------------------------------------------------------------------------------------------
                                             -1.750000   data required time
                                             -3.068798   data arrival time
---------------------------------------------------------------------------------------------
                                              4.818798   slack (MET)


Startpoint: A[4] (input port clocked by __VIRTUAL_CLK__)
Endpoint: P[6] (output port clocked by __VIRTUAL_CLK__)
Path Group: __VIRTUAL_CLK__
Path Type: min

Fanout         Cap        Slew       Delay        Time   Description
---------------------------------------------------------------------------------------------
                      0.000000    0.000000    0.000000   clock __VIRTUAL_CLK__ (rise edge)
                                  0.000000    0.000000   clock network delay (ideal)
                                  2.000000    2.000000 v input external delay
     1    0.002489    0.007899    0.003942    2.003942 v A[4] (in)
                                                         A[4] (net)
                      0.007901    0.000000    2.003942 v input5/A (sky130_fd_sc_hd__dlymetal6s2s_1)
     2    0.022203    0.119221    0.191979    2.195921 v input5/X (sky130_fd_sc_hd__dlymetal6s2s_1)
                                                         net5 (net)
                      0.119347    0.002603    2.198524 v fanout36/A (sky130_fd_sc_hd__buf_2)
    10    0.038080    0.094795    0.219563    2.418087 v fanout36/X (sky130_fd_sc_hd__buf_2)
                                                         net36 (net)
                      0.094830    0.001766    2.419853 v _303_/B (sky130_fd_sc_hd__nand2_2)
     6    0.023011    0.125662    0.148993    2.568846 ^ _303_/Y (sky130_fd_sc_hd__nand2_2)
                                                         _236_ (net)
                      0.125707    0.001943    2.570789 ^ _316_/A (sky130_fd_sc_hd__or3_1)
     2    0.005305    0.058829    0.139808    2.710597 ^ _316_/X (sky130_fd_sc_hd__or3_1)
                                                         _249_ (net)
                      0.058829    0.000209    2.710806 ^ _358_/A (sky130_fd_sc_hd__nor2_1)
     3    0.013219    0.065214    0.079216    2.790022 v _358_/Y (sky130_fd_sc_hd__nor2_1)
                                                         _013_ (net)
                      0.065254    0.000954    2.790976 v _359_/B (sky130_fd_sc_hd__xor2_1)
     1    0.007696    0.055446    0.165079    2.956055 v _359_/X (sky130_fd_sc_hd__xor2_1)
                                                         net28 (net)
                      0.055452    0.000581    2.956636 v output28/A (sky130_fd_sc_hd__buf_2)
     1    0.034449    0.090237    0.184245    3.140881 v output28/X (sky130_fd_sc_hd__buf_2)
                                                         P[6] (net)
                      0.090270    0.001611    3.142492 v P[6] (out)
                                              3.142492   data arrival time

                      0.000000    0.000000    0.000000   clock __VIRTUAL_CLK__ (rise edge)
                                  0.000000    0.000000   clock network delay (ideal)
                                  0.250000    0.250000   clock uncertainty
                                  0.000000    0.250000   clock reconvergence pessimism
                                 -2.000000   -1.750000   output external delay
                                             -1.750000   data required time
---------------------------------------------------------------------------------------------
                                             -1.750000   data required time
                                             -3.142492   data arrival time
---------------------------------------------------------------------------------------------
                                              4.892492   slack (MET)


Startpoint: B[2] (input port clocked by __VIRTUAL_CLK__)
Endpoint: P[12] (output port clocked by __VIRTUAL_CLK__)
Path Group: __VIRTUAL_CLK__
Path Type: min

Fanout         Cap        Slew       Delay        Time   Description
---------------------------------------------------------------------------------------------
                      0.000000    0.000000    0.000000   clock __VIRTUAL_CLK__ (rise edge)
                                  0.000000    0.000000   clock network delay (ideal)
                                  2.000000    2.000000 v input external delay
     1    0.002946    0.008954    0.004724    2.004724 v B[2] (in)
                                                         B[2] (net)
                      0.008961    0.000000    2.004724 v input11/A (sky130_fd_sc_hd__buf_4)
     4    0.022361    0.046099    0.139172    2.143895 v input11/X (sky130_fd_sc_hd__buf_4)
                                                         net11 (net)
                      0.046283    0.002451    2.146347 v _447_/A (sky130_fd_sc_hd__nand4_1)
     3    0.011602    0.130711    0.124614    2.270961 ^ _447_/Y (sky130_fd_sc_hd__nand4_1)
                                                         _099_ (net)
                      0.130720    0.000848    2.271809 ^ _509_/A (sky130_fd_sc_hd__nand2_1)
     1    0.003786    0.038277    0.072939    2.344748 v _509_/Y (sky130_fd_sc_hd__nand2_1)
                                                         _159_ (net)
                      0.038278    0.000260    2.345008 v _511_/A2 (sky130_fd_sc_hd__o21ai_1)
     2    0.007960    0.137514    0.176086    2.521095 ^ _511_/Y (sky130_fd_sc_hd__o21ai_1)
                                                         _161_ (net)
                      0.137519    0.000610    2.521704 ^ _536_/A (sky130_fd_sc_hd__and3_1)
     1    0.002355    0.045579    0.158982    2.680686 ^ _536_/X (sky130_fd_sc_hd__and3_1)
                                                         _185_ (net)
                      0.045579    0.000095    2.680781 ^ _537_/B (sky130_fd_sc_hd__or2_1)
     2    0.010409    0.106037    0.137361    2.818141 ^ _537_/X (sky130_fd_sc_hd__or2_1)
                                                         _186_ (net)
                      0.106078    0.000585    2.818726 ^ _542_/A (sky130_fd_sc_hd__nand2_1)
     1    0.001763    0.023293    0.051833    2.870559 v _542_/Y (sky130_fd_sc_hd__nand2_1)
                                                         _191_ (net)
                      0.023293    0.000079    2.870638 v _543_/B (sky130_fd_sc_hd__and2_1)
     1    0.011197    0.068030    0.177106    3.047744 v _543_/X (sky130_fd_sc_hd__and2_1)
                                                         net19 (net)
                      0.068040    0.000856    3.048599 v output19/A (sky130_fd_sc_hd__buf_6)
     1    0.034173    0.043887    0.146314    3.194913 v output19/X (sky130_fd_sc_hd__buf_6)
                                                         P[12] (net)
                      0.043969    0.001660    3.196573 v P[12] (out)
                                              3.196573   data arrival time

                      0.000000    0.000000    0.000000   clock __VIRTUAL_CLK__ (rise edge)
                                  0.000000    0.000000   clock network delay (ideal)
                                  0.250000    0.250000   clock uncertainty
                                  0.000000    0.250000   clock reconvergence pessimism
                                 -2.000000   -1.750000   output external delay
                                             -1.750000   data required time
---------------------------------------------------------------------------------------------
                                             -1.750000   data required time
                                             -3.196573   data arrival time
---------------------------------------------------------------------------------------------
                                              4.946573   slack (MET)


Startpoint: B[1] (input port clocked by __VIRTUAL_CLK__)
Endpoint: P[7] (output port clocked by __VIRTUAL_CLK__)
Path Group: __VIRTUAL_CLK__
Path Type: min

Fanout         Cap        Slew       Delay        Time   Description
---------------------------------------------------------------------------------------------
                      0.000000    0.000000    0.000000   clock __VIRTUAL_CLK__ (rise edge)
                                  0.000000    0.000000   clock network delay (ideal)
                                  2.000000    2.000000 v input external delay
     1    0.002678    0.008334    0.004268    2.004268 v B[1] (in)
                                                         B[1] (net)
                      0.008340    0.000000    2.004268 v input10/A (sky130_fd_sc_hd__buf_1)
     2    0.015816    0.096995    0.128527    2.132795 v input10/X (sky130_fd_sc_hd__buf_1)
                                                         net10 (net)
                      0.097059    0.001563    2.134357 v fanout48/A (sky130_fd_sc_hd__dlymetal6s2s_1)
     6    0.021142    0.115020    0.226527    2.360884 v fanout48/X (sky130_fd_sc_hd__dlymetal6s2s_1)
                                                         net48 (net)
                      0.115027    0.001028    2.361912 v _319_/A (sky130_fd_sc_hd__and3_1)
     1    0.005957    0.046946    0.185138    2.547050 v _319_/X (sky130_fd_sc_hd__and3_1)
                                                         _251_ (net)
                      0.046948    0.000417    2.547467 v _344_/A (sky130_fd_sc_hd__xnor2_1)
     2    0.008185    0.104017    0.226128    2.773595 ^ _344_/Y (sky130_fd_sc_hd__xnor2_1)
                                                         _276_ (net)
                      0.104018    0.000526    2.774121 ^ _354_/B (sky130_fd_sc_hd__and2b_1)
     1    0.002918    0.042489    0.129330    2.903451 ^ _354_/X (sky130_fd_sc_hd__and2b_1)
                                                         _009_ (net)
                      0.042489    0.000135    2.903586 ^ _395_/B1 (sky130_fd_sc_hd__a21o_1)
     2    0.012824    0.116436    0.133449    3.037035 ^ _395_/X (sky130_fd_sc_hd__a21o_1)
                                                         _049_ (net)
                      0.116444    0.000790    3.037825 ^ _396_/A (sky130_fd_sc_hd__xor2_1)
     1    0.009091    0.060906    0.111371    3.149197 v _396_/X (sky130_fd_sc_hd__xor2_1)
                                                         net29 (net)
                      0.060916    0.000787    3.149983 v output29/A (sky130_fd_sc_hd__buf_4)
     1    0.034484    0.059356    0.174646    3.324629 v output29/X (sky130_fd_sc_hd__buf_4)
                                                         P[7] (net)
                      0.059412    0.001639    3.326268 v P[7] (out)
                                              3.326268   data arrival time

                      0.000000    0.000000    0.000000   clock __VIRTUAL_CLK__ (rise edge)
                                  0.000000    0.000000   clock network delay (ideal)
                                  0.250000    0.250000   clock uncertainty
                                  0.000000    0.250000   clock reconvergence pessimism
                                 -2.000000   -1.750000   output external delay
                                             -1.750000   data required time
---------------------------------------------------------------------------------------------
                                             -1.750000   data required time
                                             -3.326268   data arrival time
---------------------------------------------------------------------------------------------
                                              5.076268   slack (MET)



