Reading timing models for corner nom_ss_100C_1v60…
Reading cell library for the 'nom_ss_100C_1v60' corner at '/home/gmun/.volare/volare/sky130/versions/0fe599b2afb6708d281543108caf8310912f54af/sky130A/libs.ref/sky130_fd_sc_hd/lib/sky130_fd_sc_hd__ss_100C_1v60.lib'…
Reading top-level netlist at '/home/gmun/Downloads/Referencias/runs/mult2/122-yosys-synthesis/mult2.nl.v'…
Linking design 'mult2' from netlist…
Reading design constraints file at '/nix/store/ss2cw3sxbrwwx9jl0rrppbw4kgcmgi2n-python3-3.11.9-env/lib/python3.11/site-packages/openlane/scripts/base.sdc'…
Warning: base.sdc line 15, port '__VIRTUAL_CLK__' not found.
[INFO] Using clock __VIRTUAL_CLK__…
[INFO] Setting output delay to: 2
[INFO] Setting input delay to: 2
Warning: base.sdc line 32, port '__VIRTUAL_CLK__' not found.
[INFO] Setting load to: 0.033442
[INFO] Setting clock uncertainty to: 0.25
[INFO] Setting clock transition to: 0.1499999999999999944488848768742172978818416595458984375
Warning: base.sdc line 69, transition time can not be specified for virtual clocks.
[INFO] Setting timing derate to: 5%
Reading top-level design parasitics for the 'nom_ss_100C_1v60' corner at '/home/gmun/Downloads/Referencias/runs/mult2/95-openroad-rcx/nom/mult2.nom.spef'…
Warning: /home/gmun/Downloads/Referencias/runs/mult2/95-openroad-rcx/nom/mult2.nom.spef line 3485, instance input1 not found.
Warning: /home/gmun/Downloads/Referencias/runs/mult2/95-openroad-rcx/nom/mult2.nom.spef line 3489, net input1 not found.
Warning: /home/gmun/Downloads/Referencias/runs/mult2/95-openroad-rcx/nom/mult2.nom.spef line 3490, net input1 not found.
Warning: /home/gmun/Downloads/Referencias/runs/mult2/95-openroad-rcx/nom/mult2.nom.spef line 3490, net input4 not found.
Warning: /home/gmun/Downloads/Referencias/runs/mult2/95-openroad-rcx/nom/mult2.nom.spef line 3492, net input1 not found.
Warning: /home/gmun/Downloads/Referencias/runs/mult2/95-openroad-rcx/nom/mult2.nom.spef line 3497, instance input2 not found.
Warning: /home/gmun/Downloads/Referencias/runs/mult2/95-openroad-rcx/nom/mult2.nom.spef line 3501, net input2 not found.
Warning: /home/gmun/Downloads/Referencias/runs/mult2/95-openroad-rcx/nom/mult2.nom.spef line 3502, net input2 not found.
Warning: /home/gmun/Downloads/Referencias/runs/mult2/95-openroad-rcx/nom/mult2.nom.spef line 3504, net input2 not found.
Warning: /home/gmun/Downloads/Referencias/runs/mult2/95-openroad-rcx/nom/mult2.nom.spef line 3509, instance input3 not found.
Warning: /home/gmun/Downloads/Referencias/runs/mult2/95-openroad-rcx/nom/mult2.nom.spef line 3513, net input3 not found.
Warning: /home/gmun/Downloads/Referencias/runs/mult2/95-openroad-rcx/nom/mult2.nom.spef line 3514, net input3 not found.
Warning: /home/gmun/Downloads/Referencias/runs/mult2/95-openroad-rcx/nom/mult2.nom.spef line 3515, net input3 not found.
Warning: /home/gmun/Downloads/Referencias/runs/mult2/95-openroad-rcx/nom/mult2.nom.spef line 3515, net input4 not found.
Warning: /home/gmun/Downloads/Referencias/runs/mult2/95-openroad-rcx/nom/mult2.nom.spef line 3517, net input3 not found.
Warning: /home/gmun/Downloads/Referencias/runs/mult2/95-openroad-rcx/nom/mult2.nom.spef line 3522, instance input4 not found.
Warning: /home/gmun/Downloads/Referencias/runs/mult2/95-openroad-rcx/nom/mult2.nom.spef line 3526, net input4 not found.
Warning: /home/gmun/Downloads/Referencias/runs/mult2/95-openroad-rcx/nom/mult2.nom.spef line 3527, net input4 not found.
Warning: /home/gmun/Downloads/Referencias/runs/mult2/95-openroad-rcx/nom/mult2.nom.spef line 3528, net input1 not found.
Warning: /home/gmun/Downloads/Referencias/runs/mult2/95-openroad-rcx/nom/mult2.nom.spef line 3528, net input4 not found.
Warning: /home/gmun/Downloads/Referencias/runs/mult2/95-openroad-rcx/nom/mult2.nom.spef line 3529, net input3 not found.
Warning: /home/gmun/Downloads/Referencias/runs/mult2/95-openroad-rcx/nom/mult2.nom.spef line 3529, net input4 not found.
Warning: /home/gmun/Downloads/Referencias/runs/mult2/95-openroad-rcx/nom/mult2.nom.spef line 3531, net input4 not found.
Warning: /home/gmun/Downloads/Referencias/runs/mult2/95-openroad-rcx/nom/mult2.nom.spef line 3536, instance output5 not found.
Warning: /home/gmun/Downloads/Referencias/runs/mult2/95-openroad-rcx/nom/mult2.nom.spef line 3540, net output5 not found.
Warning: /home/gmun/Downloads/Referencias/runs/mult2/95-openroad-rcx/nom/mult2.nom.spef line 3543, net output5 not found.
Warning: /home/gmun/Downloads/Referencias/runs/mult2/95-openroad-rcx/nom/mult2.nom.spef line 3548, instance output6 not found.
Warning: /home/gmun/Downloads/Referencias/runs/mult2/95-openroad-rcx/nom/mult2.nom.spef line 3552, net output6 not found.
Warning: /home/gmun/Downloads/Referencias/runs/mult2/95-openroad-rcx/nom/mult2.nom.spef line 3555, net output6 not found.
Warning: /home/gmun/Downloads/Referencias/runs/mult2/95-openroad-rcx/nom/mult2.nom.spef line 3560, instance output7 not found.
Warning: /home/gmun/Downloads/Referencias/runs/mult2/95-openroad-rcx/nom/mult2.nom.spef line 3564, net output7 not found.
Warning: /home/gmun/Downloads/Referencias/runs/mult2/95-openroad-rcx/nom/mult2.nom.spef line 3568, net output7 not found.
Warning: /home/gmun/Downloads/Referencias/runs/mult2/95-openroad-rcx/nom/mult2.nom.spef line 3573, instance output8 not found.
Warning: /home/gmun/Downloads/Referencias/runs/mult2/95-openroad-rcx/nom/mult2.nom.spef line 3577, net output8 not found.
Warning: /home/gmun/Downloads/Referencias/runs/mult2/95-openroad-rcx/nom/mult2.nom.spef line 3578, net output8 not found.
Warning: /home/gmun/Downloads/Referencias/runs/mult2/95-openroad-rcx/nom/mult2.nom.spef line 3579, net input2 not found.
Warning: /home/gmun/Downloads/Referencias/runs/mult2/95-openroad-rcx/nom/mult2.nom.spef line 3580, net input3 not found.
Warning: /home/gmun/Downloads/Referencias/runs/mult2/95-openroad-rcx/nom/mult2.nom.spef line 3581, net input4 not found.
Warning: /home/gmun/Downloads/Referencias/runs/mult2/95-openroad-rcx/nom/mult2.nom.spef line 3583, net output8 not found.
Warning: /home/gmun/Downloads/Referencias/runs/mult2/95-openroad-rcx/nom/mult2.nom.spef line 3593, net net2 not found.
Warning: /home/gmun/Downloads/Referencias/runs/mult2/95-openroad-rcx/nom/mult2.nom.spef line 3597, net net1 not found.
Warning: /home/gmun/Downloads/Referencias/runs/mult2/95-openroad-rcx/nom/mult2.nom.spef line 3602, instance input1 not found.
Warning: /home/gmun/Downloads/Referencias/runs/mult2/95-openroad-rcx/nom/mult2.nom.spef line 3628, net net2 not found.
Warning: /home/gmun/Downloads/Referencias/runs/mult2/95-openroad-rcx/nom/mult2.nom.spef line 3633, instance input2 not found.
Warning: /home/gmun/Downloads/Referencias/runs/mult2/95-openroad-rcx/nom/mult2.nom.spef line 3663, net net3 not found.
Warning: /home/gmun/Downloads/Referencias/runs/mult2/95-openroad-rcx/nom/mult2.nom.spef line 3668, instance input3 not found.
Warning: /home/gmun/Downloads/Referencias/runs/mult2/95-openroad-rcx/nom/mult2.nom.spef line 3696, net net4 not found.
Warning: /home/gmun/Downloads/Referencias/runs/mult2/95-openroad-rcx/nom/mult2.nom.spef line 3701, instance input4 not found.
Warning: /home/gmun/Downloads/Referencias/runs/mult2/95-openroad-rcx/nom/mult2.nom.spef line 3726, net net5 not found.
Warning: /home/gmun/Downloads/Referencias/runs/mult2/95-openroad-rcx/nom/mult2.nom.spef line 3728, instance output5 not found.
Warning: /home/gmun/Downloads/Referencias/runs/mult2/95-openroad-rcx/nom/mult2.nom.spef line 3741, net net6 not found.
Warning: /home/gmun/Downloads/Referencias/runs/mult2/95-openroad-rcx/nom/mult2.nom.spef line 3743, instance output6 not found.
Warning: /home/gmun/Downloads/Referencias/runs/mult2/95-openroad-rcx/nom/mult2.nom.spef line 3744, instance ANTENNA_1 not found.
Warning: /home/gmun/Downloads/Referencias/runs/mult2/95-openroad-rcx/nom/mult2.nom.spef line 3760, net net7 not found.
Warning: /home/gmun/Downloads/Referencias/runs/mult2/95-openroad-rcx/nom/mult2.nom.spef line 3762, instance output7 not found.
Warning: /home/gmun/Downloads/Referencias/runs/mult2/95-openroad-rcx/nom/mult2.nom.spef line 3779, net net8 not found.
Warning: /home/gmun/Downloads/Referencias/runs/mult2/95-openroad-rcx/nom/mult2.nom.spef line 3781, instance output8 not found.
Warning: /home/gmun/Downloads/Referencias/runs/mult2/95-openroad-rcx/nom/mult2.nom.spef line 3811, net net4 not found.
%OL_CREATE_REPORT min.rpt

===========================================================================
report_checks -path_delay min (Hold)
============================================================================
======================= nom_ss_100C_1v60 Corner ===================================

Startpoint: A[0] (input port clocked by __VIRTUAL_CLK__)
Endpoint: P[1] (output port clocked by __VIRTUAL_CLK__)
Path Group: __VIRTUAL_CLK__
Path Type: min

Fanout         Cap        Slew       Delay        Time   Description
---------------------------------------------------------------------------------------------
                      0.000000    0.000000    0.000000   clock __VIRTUAL_CLK__ (rise edge)
                                  0.000000    0.000000   clock network delay (ideal)
                                  2.000000    2.000000 v input external delay
     3    0.006858    0.035599    0.021798    2.021798 v A[0] (in)
                                                         A[0] (net)
                      0.035599    0.000000    2.021798 v _4_/B1 (sky130_fd_sc_hd__a22oi_2)
     1    0.004903    0.191487    0.195093    2.216891 ^ _4_/Y (sky130_fd_sc_hd__a22oi_2)
                                                         _0_ (net)
                      0.191487    0.000142    2.217032 ^ _5_/B (sky130_fd_sc_hd__nor2_2)
     1    0.033442    0.151522    0.207862    2.424894 v _5_/Y (sky130_fd_sc_hd__nor2_2)
                                                         P[1] (net)
                      0.151522    0.000000    2.424894 v P[1] (out)
                                              2.424894   data arrival time

                      0.000000    0.000000    0.000000   clock __VIRTUAL_CLK__ (rise edge)
                                  0.000000    0.000000   clock network delay (ideal)
                                  0.250000    0.250000   clock uncertainty
                                  0.000000    0.250000   clock reconvergence pessimism
                                 -2.000000   -1.750000   output external delay
                                             -1.750000   data required time
---------------------------------------------------------------------------------------------
                                             -1.750000   data required time
                                             -2.424894   data arrival time
---------------------------------------------------------------------------------------------
                                              4.174894   slack (MET)


Startpoint: B[1] (input port clocked by __VIRTUAL_CLK__)
Endpoint: P[3] (output port clocked by __VIRTUAL_CLK__)
Path Group: __VIRTUAL_CLK__
Path Type: min

Fanout         Cap        Slew       Delay        Time   Description
---------------------------------------------------------------------------------------------
                      0.000000    0.000000    0.000000   clock __VIRTUAL_CLK__ (rise edge)
                                  0.000000    0.000000   clock network delay (ideal)
                                  2.000000    2.000000 v input external delay
     3    0.006856    0.035591    0.021792    2.021792 v B[1] (in)
                                                         B[1] (net)
                      0.035591    0.000000    2.021792 v _3_/A (sky130_fd_sc_hd__and4_2)
     2    0.037688    0.203695    0.510754    2.532546 v _3_/X (sky130_fd_sc_hd__and4_2)
                                                         P[3] (net)
                      0.203695    0.000000    2.532546 v P[3] (out)
                                              2.532546   data arrival time

                      0.000000    0.000000    0.000000   clock __VIRTUAL_CLK__ (rise edge)
                                  0.000000    0.000000   clock network delay (ideal)
                                  0.250000    0.250000   clock uncertainty
                                  0.000000    0.250000   clock reconvergence pessimism
                                 -2.000000   -1.750000   output external delay
                                             -1.750000   data required time
---------------------------------------------------------------------------------------------
                                             -1.750000   data required time
                                             -2.532546   data arrival time
---------------------------------------------------------------------------------------------
                                              4.282546   slack (MET)


Startpoint: A[1] (input port clocked by __VIRTUAL_CLK__)
Endpoint: P[2] (output port clocked by __VIRTUAL_CLK__)
Path Group: __VIRTUAL_CLK__
Path Type: min

Fanout         Cap        Slew       Delay        Time   Description
---------------------------------------------------------------------------------------------
                      0.000000    0.000000    0.000000   clock __VIRTUAL_CLK__ (rise edge)
                                  0.000000    0.000000   clock network delay (ideal)
                                  2.000000    2.000000 v input external delay
     3    0.007054    0.036398    0.022390    2.022390 v A[1] (in)
                                                         A[1] (net)
                      0.036398    0.000000    2.022390 v _2_/B (sky130_fd_sc_hd__and3b_2)
     1    0.033442    0.193945    0.533319    2.555709 v _2_/X (sky130_fd_sc_hd__and3b_2)
                                                         P[2] (net)
                      0.193945    0.000000    2.555709 v P[2] (out)
                                              2.555709   data arrival time

                      0.000000    0.000000    0.000000   clock __VIRTUAL_CLK__ (rise edge)
                                  0.000000    0.000000   clock network delay (ideal)
                                  0.250000    0.250000   clock uncertainty
                                  0.000000    0.250000   clock reconvergence pessimism
                                 -2.000000   -1.750000   output external delay
                                             -1.750000   data required time
---------------------------------------------------------------------------------------------
                                             -1.750000   data required time
                                             -2.555709   data arrival time
---------------------------------------------------------------------------------------------
                                              4.305709   slack (MET)


Startpoint: B[0] (input port clocked by __VIRTUAL_CLK__)
Endpoint: P[0] (output port clocked by __VIRTUAL_CLK__)
Path Group: __VIRTUAL_CLK__
Path Type: min

Fanout         Cap        Slew       Delay        Time   Description
---------------------------------------------------------------------------------------------
                      0.000000    0.000000    0.000000   clock __VIRTUAL_CLK__ (rise edge)
                                  0.000000    0.000000   clock network delay (ideal)
                                  2.000000    2.000000 ^ input external delay
     3    0.007496    0.066184    0.039917    2.039917 ^ B[0] (in)
                                                         B[0] (net)
                      0.066184    0.000000    2.039917 ^ _1_/A (sky130_fd_sc_hd__and2_2)
     2    0.004129    0.076204    0.258043    2.297960 ^ _1_/X (sky130_fd_sc_hd__and2_2)
                                                         pp0 (net)
                      0.076204    0.000071    2.298031 ^ _6_/A (sky130_fd_sc_hd__buf_2)
     1    0.033442    0.269959    0.342436    2.640468 ^ _6_/X (sky130_fd_sc_hd__buf_2)
                                                         P[0] (net)
                      0.269959    0.000000    2.640468 ^ P[0] (out)
                                              2.640468   data arrival time

                      0.000000    0.000000    0.000000   clock __VIRTUAL_CLK__ (rise edge)
                                  0.000000    0.000000   clock network delay (ideal)
                                  0.250000    0.250000   clock uncertainty
                                  0.000000    0.250000   clock reconvergence pessimism
                                 -2.000000   -1.750000   output external delay
                                             -1.750000   data required time
---------------------------------------------------------------------------------------------
                                             -1.750000   data required time
                                             -2.640468   data arrival time
---------------------------------------------------------------------------------------------
                                              4.390468   slack (MET)



%OL_END_REPORT
%OL_CREATE_REPORT max.rpt

===========================================================================
report_checks -path_delay max (Setup)
============================================================================
======================= nom_ss_100C_1v60 Corner ===================================

Startpoint: A[0] (input port clocked by __VIRTUAL_CLK__)
Endpoint: P[1] (output port clocked by __VIRTUAL_CLK__)
Path Group: __VIRTUAL_CLK__
Path Type: max

Fanout         Cap        Slew       Delay        Time   Description
---------------------------------------------------------------------------------------------
                      0.000000    0.000000    0.000000   clock __VIRTUAL_CLK__ (rise edge)
                                  0.000000    0.000000   clock network delay (ideal)
                                  2.000000    2.000000 v input external delay
     3    0.006858    0.035599    0.021798    2.021798 v A[0] (in)
                                                         A[0] (net)
                      0.035599    0.000000    2.021798 v _3_/D (sky130_fd_sc_hd__and4_2)
     2    0.037688    0.215161    0.629265    2.651063 v _3_/X (sky130_fd_sc_hd__and4_2)
                                                         P[3] (net)
                      0.215161    0.000000    2.651063 v _5_/A (sky130_fd_sc_hd__nor2_2)
     1    0.033442    0.607910    0.595548    3.246611 ^ _5_/Y (sky130_fd_sc_hd__nor2_2)
                                                         P[1] (net)
                      0.607910    0.000000    3.246611 ^ P[1] (out)
                                              3.246611   data arrival time

                      0.000000   10.000000   10.000000   clock __VIRTUAL_CLK__ (rise edge)
                                  0.000000   10.000000   clock network delay (ideal)
                                 -0.250000    9.750000   clock uncertainty
                                  0.000000    9.750000   clock reconvergence pessimism
                                 -2.000000    7.750000   output external delay
                                              7.750000   data required time
---------------------------------------------------------------------------------------------
                                              7.750000   data required time
                                             -3.246611   data arrival time
---------------------------------------------------------------------------------------------
                                              4.503389   slack (MET)


Startpoint: A[0] (input port clocked by __VIRTUAL_CLK__)
Endpoint: P[2] (output port clocked by __VIRTUAL_CLK__)
Path Group: __VIRTUAL_CLK__
Path Type: max

Fanout         Cap        Slew       Delay        Time   Description
---------------------------------------------------------------------------------------------
                      0.000000    0.000000    0.000000   clock __VIRTUAL_CLK__ (rise edge)
                                  0.000000    0.000000   clock network delay (ideal)
                                  2.000000    2.000000 v input external delay
     3    0.006858    0.035599    0.021798    2.021798 v A[0] (in)
                                                         A[0] (net)
                      0.035599    0.000000    2.021798 v _1_/B (sky130_fd_sc_hd__and2_2)
     2    0.003940    0.074969    0.382685    2.404484 v _1_/X (sky130_fd_sc_hd__and2_2)
                                                         pp0 (net)
                      0.074969    0.000075    2.404559 v _2_/A_N (sky130_fd_sc_hd__and3b_2)
     1    0.033442    0.302111    0.665829    3.070388 ^ _2_/X (sky130_fd_sc_hd__and3b_2)
                                                         P[2] (net)
                      0.302111    0.000000    3.070388 ^ P[2] (out)
                                              3.070388   data arrival time

                      0.000000   10.000000   10.000000   clock __VIRTUAL_CLK__ (rise edge)
                                  0.000000   10.000000   clock network delay (ideal)
                                 -0.250000    9.750000   clock uncertainty
                                  0.000000    9.750000   clock reconvergence pessimism
                                 -2.000000    7.750000   output external delay
                                              7.750000   data required time
---------------------------------------------------------------------------------------------
                                              7.750000   data required time
                                             -3.070388   data arrival time
---------------------------------------------------------------------------------------------
                                              4.679612   slack (MET)


Startpoint: A[0] (input port clocked by __VIRTUAL_CLK__)
Endpoint: P[3] (output port clocked by __VIRTUAL_CLK__)
Path Group: __VIRTUAL_CLK__
Path Type: max

Fanout         Cap        Slew       Delay        Time   Description
---------------------------------------------------------------------------------------------
                      0.000000    0.000000    0.000000   clock __VIRTUAL_CLK__ (rise edge)
                                  0.000000    0.000000   clock network delay (ideal)
                                  2.000000    2.000000 ^ input external delay
     3    0.007440    0.065799    0.039640    2.039640 ^ A[0] (in)
                                                         A[0] (net)
                      0.065799    0.000000    2.039640 ^ _3_/D (sky130_fd_sc_hd__and4_2)
     2    0.038027    0.365012    0.726209    2.765848 ^ _3_/X (sky130_fd_sc_hd__and4_2)
                                                         P[3] (net)
                      0.365012    0.000000    2.765848 ^ P[3] (out)
                                              2.765848   data arrival time

                      0.000000   10.000000   10.000000   clock __VIRTUAL_CLK__ (rise edge)
                                  0.000000   10.000000   clock network delay (ideal)
                                 -0.250000    9.750000   clock uncertainty
                                  0.000000    9.750000   clock reconvergence pessimism
                                 -2.000000    7.750000   output external delay
                                              7.750000   data required time
---------------------------------------------------------------------------------------------
                                              7.750000   data required time
                                             -2.765848   data arrival time
---------------------------------------------------------------------------------------------
                                              4.984152   slack (MET)


Startpoint: A[0] (input port clocked by __VIRTUAL_CLK__)
Endpoint: P[0] (output port clocked by __VIRTUAL_CLK__)
Path Group: __VIRTUAL_CLK__
Path Type: max

Fanout         Cap        Slew       Delay        Time   Description
---------------------------------------------------------------------------------------------
                      0.000000    0.000000    0.000000   clock __VIRTUAL_CLK__ (rise edge)
                                  0.000000    0.000000   clock network delay (ideal)
                                  2.000000    2.000000 v input external delay
     3    0.006858    0.035599    0.021798    2.021798 v A[0] (in)
                                                         A[0] (net)
                      0.035599    0.000000    2.021798 v _1_/B (sky130_fd_sc_hd__and2_2)
     2    0.003940    0.074969    0.382685    2.404484 v _1_/X (sky130_fd_sc_hd__and2_2)
                                                         pp0 (net)
                      0.074969    0.000068    2.404551 v _6_/A (sky130_fd_sc_hd__buf_2)
     1    0.033442    0.165308    0.344666    2.749217 v _6_/X (sky130_fd_sc_hd__buf_2)
                                                         P[0] (net)
                      0.165308    0.000000    2.749217 v P[0] (out)
                                              2.749217   data arrival time

                      0.000000   10.000000   10.000000   clock __VIRTUAL_CLK__ (rise edge)
                                  0.000000   10.000000   clock network delay (ideal)
                                 -0.250000    9.750000   clock uncertainty
                                  0.000000    9.750000   clock reconvergence pessimism
                                 -2.000000    7.750000   output external delay
                                              7.750000   data required time
---------------------------------------------------------------------------------------------
                                              7.750000   data required time
                                             -2.749217   data arrival time
---------------------------------------------------------------------------------------------
                                              5.000782   slack (MET)



%OL_END_REPORT
%OL_CREATE_REPORT checks.rpt

===========================================================================
report_checks -unconstrained
===========================================================================
======================= nom_ss_100C_1v60 Corner ===================================

Startpoint: A[0] (input port clocked by __VIRTUAL_CLK__)
Endpoint: P[1] (output port clocked by __VIRTUAL_CLK__)
Path Group: __VIRTUAL_CLK__
Path Type: max

Fanout         Cap        Slew       Delay        Time   Description
---------------------------------------------------------------------------------------------
                      0.000000    0.000000    0.000000   clock __VIRTUAL_CLK__ (rise edge)
                                  0.000000    0.000000   clock network delay (ideal)
                                  2.000000    2.000000 v input external delay
     3    0.006858    0.035599    0.021798    2.021798 v A[0] (in)
                                                         A[0] (net)
                      0.035599    0.000000    2.021798 v _3_/D (sky130_fd_sc_hd__and4_2)
     2    0.037688    0.215161    0.629265    2.651063 v _3_/X (sky130_fd_sc_hd__and4_2)
                                                         P[3] (net)
                      0.215161    0.000000    2.651063 v _5_/A (sky130_fd_sc_hd__nor2_2)
     1    0.033442    0.607910    0.595548    3.246611 ^ _5_/Y (sky130_fd_sc_hd__nor2_2)
                                                         P[1] (net)
                      0.607910    0.000000    3.246611 ^ P[1] (out)
                                              3.246611   data arrival time

                      0.000000   10.000000   10.000000   clock __VIRTUAL_CLK__ (rise edge)
                                  0.000000   10.000000   clock network delay (ideal)
                                 -0.250000    9.750000   clock uncertainty
                                  0.000000    9.750000   clock reconvergence pessimism
                                 -2.000000    7.750000   output external delay
                                              7.750000   data required time
---------------------------------------------------------------------------------------------
                                              7.750000   data required time
                                             -3.246611   data arrival time
---------------------------------------------------------------------------------------------
                                              4.503389   slack (MET)




===========================================================================
report_checks --slack_max -0.01
============================================================================
======================= nom_ss_100C_1v60 Corner ===================================

No paths found.


===========================================================================
 report_check_types -max_slew -max_cap -max_fanout -violators
============================================================================
======================= nom_ss_100C_1v60 Corner ===================================



===========================================================================
report_parasitic_annotation -report_unannotated
============================================================================
Found 0 unannotated drivers.
Found 8 partially unannotated drivers.
 A[0]
  _1_/B
  _3_/D
  _4_/B1
 A[1]
  _2_/B
  _3_/B
  _4_/A1
 B[0]
  _1_/A
  _3_/C
  _4_/A2
 B[1]
  _2_/C
  _3_/A
  _4_/B2
 _2_/X
  P[2]
 _3_/X
  P[3]
  _5_/A
 _5_/Y
  P[1]
 _6_/X
  P[0]

===========================================================================
max slew violation count 0
%OL_METRIC_I design__max_slew_violation__count__corner:nom_ss_100C_1v60 0
max fanout violation count 0
%OL_METRIC_I design__max_fanout_violation__count__corner:nom_ss_100C_1v60 0
max cap violation count 0
%OL_METRIC_I design__max_cap_violation__count__corner:nom_ss_100C_1v60 0
============================================================================

===========================================================================
check_setup -verbose -unconstrained_endpoints -multiple_clock -no_clock -no_input_delay -loops -generated_clocks
===========================================================================
%OL_END_REPORT
%OL_CREATE_REPORT power.rpt

===========================================================================
 report_power
============================================================================
======================= nom_ss_100C_1v60 Corner ===================================

Group                    Internal    Switching      Leakage        Total
                            Power        Power        Power        Power (Watts)
------------------------------------------------------------------------
Sequential           0.000000e+00 0.000000e+00 0.000000e+00 0.000000e+00   0.0%
Combinational        7.735716e-07 1.942063e-06 3.294528e-08 2.748580e-06 100.0%
Clock                0.000000e+00 0.000000e+00 0.000000e+00 0.000000e+00   0.0%
Macro                0.000000e+00 0.000000e+00 0.000000e+00 0.000000e+00   0.0%
Pad                  0.000000e+00 0.000000e+00 0.000000e+00 0.000000e+00   0.0%
------------------------------------------------------------------------
Total                7.735716e-07 1.942063e-06 3.294528e-08 2.748580e-06 100.0%
                            28.1%        70.7%         1.2%
%OL_METRIC_F power__internal__total 7.735716280876659e-7
%OL_METRIC_F power__switching__total 1.942063136084471e-6
%OL_METRIC_F power__leakage__total 3.294528028163768e-8
%OL_METRIC_F power__total 2.748580072875484e-6

%OL_END_REPORT
%OL_CREATE_REPORT skew.min.rpt

===========================================================================
Clock Skew (Hold)
============================================================================
%OL_METRIC_F clock__skew__worst_hold__corner:nom_ss_100C_1v60 0.0
======================= nom_ss_100C_1v60 Corner ===================================

Clock __VIRTUAL_CLK__
No launch/capture paths found.

%OL_END_REPORT
%OL_CREATE_REPORT skew.max.rpt

===========================================================================
Clock Skew (Setup)
============================================================================
%OL_METRIC_F clock__skew__worst_setup__corner:nom_ss_100C_1v60 0.0
======================= nom_ss_100C_1v60 Corner ===================================

Clock __VIRTUAL_CLK__
No launch/capture paths found.

%OL_END_REPORT
%OL_CREATE_REPORT ws.min.rpt

===========================================================================
Worst Slack (Hold)
============================================================================
%OL_METRIC_F timing__hold__ws__corner:nom_ss_100C_1v60 4.174893882104747
nom_ss_100C_1v60: 4.174893882104747
%OL_END_REPORT
%OL_CREATE_REPORT ws.max.rpt

===========================================================================
Worst Slack (Setup)
============================================================================
%OL_METRIC_F timing__setup__ws__corner:nom_ss_100C_1v60 4.503388900367361
nom_ss_100C_1v60: 4.503388900367361
%OL_END_REPORT
%OL_CREATE_REPORT tns.min.rpt

===========================================================================
Total Negative Slack (Hold)
============================================================================
%OL_METRIC_F timing__hold__tns__corner:nom_ss_100C_1v60 0.0
nom_ss_100C_1v60: 0.0
%OL_END_REPORT
%OL_CREATE_REPORT tns.max.rpt

===========================================================================
Total Negative Slack (Setup)
============================================================================
%OL_METRIC_F timing__setup__tns__corner:nom_ss_100C_1v60 0.0
nom_ss_100C_1v60: 0.0
%OL_END_REPORT
%OL_CREATE_REPORT wns.min.rpt

===========================================================================
Worst Negative Slack (Hold)
============================================================================
%OL_METRIC_F timing__hold__wns__corner:nom_ss_100C_1v60 0
nom_ss_100C_1v60: 0
%OL_END_REPORT
%OL_CREATE_REPORT wns.max.rpt

===========================================================================
Worst Negative Slack (Setup)
============================================================================
%OL_METRIC_F timing__setup__wns__corner:nom_ss_100C_1v60 0.0
nom_ss_100C_1v60: 0.0
%OL_END_REPORT
%OL_CREATE_REPORT violator_list.rpt

===========================================================================
Violator List
============================================================================
%OL_METRIC_I timing__hold_vio__count__corner:nom_ss_100C_1v60 0
%OL_METRIC_F timing__hold_r2r__ws__corner:nom_ss_100C_1v60 inf
%OL_METRIC_I timing__hold_r2r_vio__count__corner:nom_ss_100C_1v60 0
%OL_METRIC_I timing__setup_vio__count__corner:nom_ss_100C_1v60 0
%OL_METRIC_F timing__setup_r2r__ws__corner:nom_ss_100C_1v60 inf
%OL_METRIC_I timing__setup_r2r_vio__count__corner:nom_ss_100C_1v60 0
%OL_END_REPORT
%OL_CREATE_REPORT unpropagated.rpt
__VIRTUAL_CLK__
%OL_END_REPORT
%OL_CREATE_REPORT clock.rpt
Clock: __VIRTUAL_CLK__
Sources: 
Generated: no
Virtual: yes
Propagated: no
Period: 10.000000

===========================================================================
report_clock_properties
============================================================================
Clock                   Period          Waveform
----------------------------------------------------
__VIRTUAL_CLK__      10.000000    0.000000  5.000000

===========================================================================
report_clock_latency
============================================================================
Clock __VIRTUAL_CLK__


===========================================================================
report_clock_min_period
============================================================================
__VIRTUAL_CLK__ period_min = 0.00 fmax = inf
%OL_END_REPORT
Writing SDF files for all corners…
