
===========================================================================
report_checks -path_delay min (Hold)
============================================================================
======================= nom_tt_025C_1v80 Corner ===================================

Startpoint: A[0] (input port clocked by __VIRTUAL_CLK__)
Endpoint: P[0] (output port clocked by __VIRTUAL_CLK__)
Path Group: __VIRTUAL_CLK__
Path Type: min

Fanout         Cap        Slew       Delay        Time   Description
---------------------------------------------------------------------------------------------
                      0.000000    0.000000    0.000000   clock __VIRTUAL_CLK__ (rise edge)
                                  0.000000    0.000000   clock network delay (ideal)
                                  2.000000    2.000000 v input external delay
     1    0.003292    0.009776    0.005245    2.005245 v A[0] (in)
                                                         A[0] (net)
                      0.009776    0.000000    2.005245 v input1/A (sky130_fd_sc_hd__buf_4)
    10    0.030068    0.054088    0.148740    2.153985 v input1/X (sky130_fd_sc_hd__buf_4)
                                                         net1 (net)
                      0.054088    0.000088    2.154073 v _285_/B (sky130_fd_sc_hd__and2_4)
     3    0.006012    0.029522    0.159094    2.313168 v _285_/X (sky130_fd_sc_hd__and2_4)
                                                         net17 (net)
                      0.029522    0.000002    2.313169 v output17/A (sky130_fd_sc_hd__buf_2)
     1    0.034570    0.090087    0.174325    2.487495 v output17/X (sky130_fd_sc_hd__buf_2)
                                                         P[0] (net)
                      0.090087    0.000250    2.487745 v P[0] (out)
                                              2.487745   data arrival time

                      0.000000    0.000000    0.000000   clock __VIRTUAL_CLK__ (rise edge)
                                  0.000000    0.000000   clock network delay (ideal)
                                  0.250000    0.250000   clock uncertainty
                                  0.000000    0.250000   clock reconvergence pessimism
                                 -2.000000   -1.750000   output external delay
                                             -1.750000   data required time
---------------------------------------------------------------------------------------------
                                             -1.750000   data required time
                                             -2.487745   data arrival time
---------------------------------------------------------------------------------------------
                                              4.237745   slack (MET)


Startpoint: A[0] (input port clocked by __VIRTUAL_CLK__)
Endpoint: P[1] (output port clocked by __VIRTUAL_CLK__)
Path Group: __VIRTUAL_CLK__
Path Type: min

Fanout         Cap        Slew       Delay        Time   Description
---------------------------------------------------------------------------------------------
                      0.000000    0.000000    0.000000   clock __VIRTUAL_CLK__ (rise edge)
                                  0.000000    0.000000   clock network delay (ideal)
                                  2.000000    2.000000 v input external delay
     1    0.003292    0.009776    0.005245    2.005245 v A[0] (in)
                                                         A[0] (net)
                      0.009776    0.000000    2.005245 v input1/A (sky130_fd_sc_hd__buf_4)
    10    0.030068    0.054088    0.148740    2.153985 v input1/X (sky130_fd_sc_hd__buf_4)
                                                         net1 (net)
                      0.054088    0.000066    2.154052 v _288_/B (sky130_fd_sc_hd__and3b_1)
     1    0.002748    0.033133    0.160213    2.314264 v _288_/X (sky130_fd_sc_hd__and3b_1)
                                                         net24 (net)
                      0.033133    0.000012    2.314277 v output24/A (sky130_fd_sc_hd__buf_2)
     1    0.034423    0.089726    0.175640    2.489916 v output24/X (sky130_fd_sc_hd__buf_2)
                                                         P[1] (net)
                      0.089726    0.000209    2.490125 v P[1] (out)
                                              2.490125   data arrival time

                      0.000000    0.000000    0.000000   clock __VIRTUAL_CLK__ (rise edge)
                                  0.000000    0.000000   clock network delay (ideal)
                                  0.250000    0.250000   clock uncertainty
                                  0.000000    0.250000   clock reconvergence pessimism
                                 -2.000000   -1.750000   output external delay
                                             -1.750000   data required time
---------------------------------------------------------------------------------------------
                                             -1.750000   data required time
                                             -2.490125   data arrival time
---------------------------------------------------------------------------------------------
                                              4.240125   slack (MET)


Startpoint: B[0] (input port clocked by __VIRTUAL_CLK__)
Endpoint: P[2] (output port clocked by __VIRTUAL_CLK__)
Path Group: __VIRTUAL_CLK__
Path Type: min

Fanout         Cap        Slew       Delay        Time   Description
---------------------------------------------------------------------------------------------
                      0.000000    0.000000    0.000000   clock __VIRTUAL_CLK__ (rise edge)
                                  0.000000    0.000000   clock network delay (ideal)
                                  2.000000    2.000000 v input external delay
     1    0.002818    0.008674    0.004446    2.004446 v B[0] (in)
                                                         B[0] (net)
                      0.008674    0.000000    2.004446 v input9/A (sky130_fd_sc_hd__clkbuf_4)
     8    0.033885    0.078972    0.166189    2.170634 v input9/X (sky130_fd_sc_hd__clkbuf_4)
                                                         net9 (net)
                      0.078972    0.000063    2.170697 v _289_/A (sky130_fd_sc_hd__nand2_1)
     4    0.011531    0.115606    0.123416    2.294113 ^ _289_/Y (sky130_fd_sc_hd__nand2_1)
                                                         _225_ (net)
                      0.115606    0.000022    2.294135 ^ _295_/A (sky130_fd_sc_hd__xor2_1)
     1    0.003208    0.037817    0.080561    2.374696 v _295_/X (sky130_fd_sc_hd__xor2_1)
                                                         net25 (net)
                      0.037817    0.000018    2.374714 v output25/A (sky130_fd_sc_hd__buf_2)
     1    0.034344    0.089517    0.177518    2.552232 v output25/X (sky130_fd_sc_hd__buf_2)
                                                         P[2] (net)
                      0.089517    0.000197    2.552430 v P[2] (out)
                                              2.552430   data arrival time

                      0.000000    0.000000    0.000000   clock __VIRTUAL_CLK__ (rise edge)
                                  0.000000    0.000000   clock network delay (ideal)
                                  0.250000    0.250000   clock uncertainty
                                  0.000000    0.250000   clock reconvergence pessimism
                                 -2.000000   -1.750000   output external delay
                                             -1.750000   data required time
---------------------------------------------------------------------------------------------
                                             -1.750000   data required time
                                             -2.552430   data arrival time
---------------------------------------------------------------------------------------------
                                              4.302430   slack (MET)


Startpoint: B[0] (input port clocked by __VIRTUAL_CLK__)
Endpoint: P[4] (output port clocked by __VIRTUAL_CLK__)
Path Group: __VIRTUAL_CLK__
Path Type: min

Fanout         Cap        Slew       Delay        Time   Description
---------------------------------------------------------------------------------------------
                      0.000000    0.000000    0.000000   clock __VIRTUAL_CLK__ (rise edge)
                                  0.000000    0.000000   clock network delay (ideal)
                                  2.000000    2.000000 v input external delay
     1    0.002818    0.008674    0.004446    2.004446 v B[0] (in)
                                                         B[0] (net)
                      0.008674    0.000000    2.004446 v input9/A (sky130_fd_sc_hd__clkbuf_4)
     8    0.033885    0.078972    0.166189    2.170634 v input9/X (sky130_fd_sc_hd__clkbuf_4)
                                                         net9 (net)
                      0.078985    0.001036    2.171670 v _308_/A (sky130_fd_sc_hd__nand2_1)
     2    0.008560    0.089997    0.104977    2.276647 ^ _308_/Y (sky130_fd_sc_hd__nand2_1)
                                                         _242_ (net)
                      0.089997    0.000022    2.276669 ^ _323_/A (sky130_fd_sc_hd__xnor2_1)
     1    0.006713    0.060115    0.098835    2.375504 v _323_/Y (sky130_fd_sc_hd__xnor2_1)
                                                         net27 (net)
                      0.060115    0.000093    2.375597 v output27/A (sky130_fd_sc_hd__buf_2)
     1    0.034037    0.088705    0.186804    2.562401 v output27/X (sky130_fd_sc_hd__buf_2)
                                                         P[4] (net)
                      0.088705    0.000091    2.562492 v P[4] (out)
                                              2.562492   data arrival time

                      0.000000    0.000000    0.000000   clock __VIRTUAL_CLK__ (rise edge)
                                  0.000000    0.000000   clock network delay (ideal)
                                  0.250000    0.250000   clock uncertainty
                                  0.000000    0.250000   clock reconvergence pessimism
                                 -2.000000   -1.750000   output external delay
                                             -1.750000   data required time
---------------------------------------------------------------------------------------------
                                             -1.750000   data required time
                                             -2.562492   data arrival time
---------------------------------------------------------------------------------------------
                                              4.312492   slack (MET)


Startpoint: B[0] (input port clocked by __VIRTUAL_CLK__)
Endpoint: P[5] (output port clocked by __VIRTUAL_CLK__)
Path Group: __VIRTUAL_CLK__
Path Type: min

Fanout         Cap        Slew       Delay        Time   Description
---------------------------------------------------------------------------------------------
                      0.000000    0.000000    0.000000   clock __VIRTUAL_CLK__ (rise edge)
                                  0.000000    0.000000   clock network delay (ideal)
                                  2.000000    2.000000 ^ input external delay
     1    0.003062    0.020861    0.011213    2.011214 ^ B[0] (in)
                                                         B[0] (net)
                      0.020861    0.000000    2.011214 ^ input9/A (sky130_fd_sc_hd__clkbuf_4)
     8    0.034898    0.114142    0.177042    2.188255 ^ input9/X (sky130_fd_sc_hd__clkbuf_4)
                                                         net9 (net)
                      0.114150    0.001088    2.189343 ^ _366_/A1 (sky130_fd_sc_hd__a31o_1)
     2    0.007836    0.084338    0.179613    2.368956 ^ _366_/X (sky130_fd_sc_hd__a31o_1)
                                                         _022_ (net)
                      0.084338    0.000046    2.369001 ^ _569_/B (sky130_fd_sc_hd__xnor2_1)
     1    0.005921    0.055864    0.084237    2.453238 v _569_/Y (sky130_fd_sc_hd__xnor2_1)
                                                         net28 (net)
                      0.055864    0.000071    2.453310 v output28/A (sky130_fd_sc_hd__buf_2)
     1    0.034141    0.088936    0.185047    2.638357 v output28/X (sky130_fd_sc_hd__buf_2)
                                                         P[5] (net)
                      0.088936    0.000115    2.638472 v P[5] (out)
                                              2.638472   data arrival time

                      0.000000    0.000000    0.000000   clock __VIRTUAL_CLK__ (rise edge)
                                  0.000000    0.000000   clock network delay (ideal)
                                  0.250000    0.250000   clock uncertainty
                                  0.000000    0.250000   clock reconvergence pessimism
                                 -2.000000   -1.750000   output external delay
                                             -1.750000   data required time
---------------------------------------------------------------------------------------------
                                             -1.750000   data required time
                                             -2.638472   data arrival time
---------------------------------------------------------------------------------------------
                                              4.388472   slack (MET)


Startpoint: A[7] (input port clocked by __VIRTUAL_CLK__)
Endpoint: P[15] (output port clocked by __VIRTUAL_CLK__)
Path Group: __VIRTUAL_CLK__
Path Type: min

Fanout         Cap        Slew       Delay        Time   Description
---------------------------------------------------------------------------------------------
                      0.000000    0.000000    0.000000   clock __VIRTUAL_CLK__ (rise edge)
                                  0.000000    0.000000   clock network delay (ideal)
                                  2.000000    2.000000 ^ input external delay
     1    0.002977    0.020493    0.010912    2.010912 ^ A[7] (in)
                                                         A[7] (net)
                      0.020493    0.000000    2.010912 ^ input8/A (sky130_fd_sc_hd__clkbuf_2)
     6    0.023276    0.131564    0.158327    2.169239 ^ input8/X (sky130_fd_sc_hd__clkbuf_2)
                                                         net8 (net)
                      0.131564    0.000327    2.169566 ^ _561_/A2 (sky130_fd_sc_hd__a31o_1)
     2    0.005069    0.061549    0.170274    2.339839 ^ _561_/X (sky130_fd_sc_hd__a31o_1)
                                                         _209_ (net)
                      0.061549    0.000016    2.339856 ^ _563_/C (sky130_fd_sc_hd__and3_1)
     1    0.002694    0.050102    0.149114    2.488970 ^ _563_/X (sky130_fd_sc_hd__and3_1)
                                                         _211_ (net)
                      0.050102    0.000002    2.488972 ^ _568_/A (sky130_fd_sc_hd__or3_4)
     1    0.008651    0.040365    0.120150    2.609122 ^ _568_/X (sky130_fd_sc_hd__or3_4)
                                                         net23 (net)
                      0.040365    0.000048    2.609170 ^ output23/A (sky130_fd_sc_hd__buf_8)
     1    0.034194    0.065525    0.114282    2.723452 ^ output23/X (sky130_fd_sc_hd__buf_8)
                                                         P[15] (net)
                      0.065525    0.000118    2.723570 ^ P[15] (out)
                                              2.723570   data arrival time

                      0.000000    0.000000    0.000000   clock __VIRTUAL_CLK__ (rise edge)
                                  0.000000    0.000000   clock network delay (ideal)
                                  0.250000    0.250000   clock uncertainty
                                  0.000000    0.250000   clock reconvergence pessimism
                                 -2.000000   -1.750000   output external delay
                                             -1.750000   data required time
---------------------------------------------------------------------------------------------
                                             -1.750000   data required time
                                             -2.723570   data arrival time
---------------------------------------------------------------------------------------------
                                              4.473570   slack (MET)


Startpoint: B[0] (input port clocked by __VIRTUAL_CLK__)
Endpoint: P[6] (output port clocked by __VIRTUAL_CLK__)
Path Group: __VIRTUAL_CLK__
Path Type: min

Fanout         Cap        Slew       Delay        Time   Description
---------------------------------------------------------------------------------------------
                      0.000000    0.000000    0.000000   clock __VIRTUAL_CLK__ (rise edge)
                                  0.000000    0.000000   clock network delay (ideal)
                                  2.000000    2.000000 ^ input external delay
     1    0.003062    0.020861    0.011213    2.011214 ^ B[0] (in)
                                                         B[0] (net)
                      0.020861    0.000000    2.011214 ^ input9/A (sky130_fd_sc_hd__clkbuf_4)
     8    0.034898    0.114142    0.177042    2.188255 ^ input9/X (sky130_fd_sc_hd__clkbuf_4)
                                                         net9 (net)
                      0.114150    0.001088    2.189343 ^ _366_/A1 (sky130_fd_sc_hd__a31o_1)
     2    0.007836    0.084338    0.179613    2.368956 ^ _366_/X (sky130_fd_sc_hd__a31o_1)
                                                         _022_ (net)
                      0.084338    0.000040    2.368996 ^ _367_/B (sky130_fd_sc_hd__and2b_1)
     2    0.008500    0.087806    0.160965    2.529961 ^ _367_/X (sky130_fd_sc_hd__and2b_1)
                                                         _023_ (net)
                      0.087806    0.000067    2.530028 ^ _368_/B (sky130_fd_sc_hd__xor2_1)
     1    0.005781    0.048166    0.083999    2.614028 v _368_/X (sky130_fd_sc_hd__xor2_1)
                                                         net29 (net)
                      0.048166    0.000065    2.614093 v output29/A (sky130_fd_sc_hd__buf_2)
     1    0.034124    0.088931    0.181636    2.795728 v output29/X (sky130_fd_sc_hd__buf_2)
                                                         P[6] (net)
                      0.088931    0.000111    2.795840 v P[6] (out)
                                              2.795840   data arrival time

                      0.000000    0.000000    0.000000   clock __VIRTUAL_CLK__ (rise edge)
                                  0.000000    0.000000   clock network delay (ideal)
                                  0.250000    0.250000   clock uncertainty
                                  0.000000    0.250000   clock reconvergence pessimism
                                 -2.000000   -1.750000   output external delay
                                             -1.750000   data required time
---------------------------------------------------------------------------------------------
                                             -1.750000   data required time
                                             -2.795840   data arrival time
---------------------------------------------------------------------------------------------
                                              4.545839   slack (MET)


Startpoint: B[0] (input port clocked by __VIRTUAL_CLK__)
Endpoint: P[3] (output port clocked by __VIRTUAL_CLK__)
Path Group: __VIRTUAL_CLK__
Path Type: min

Fanout         Cap        Slew       Delay        Time   Description
---------------------------------------------------------------------------------------------
                      0.000000    0.000000    0.000000   clock __VIRTUAL_CLK__ (rise edge)
                                  0.000000    0.000000   clock network delay (ideal)
                                  2.000000    2.000000 v input external delay
     1    0.002818    0.008674    0.004446    2.004446 v B[0] (in)
                                                         B[0] (net)
                      0.008674    0.000000    2.004446 v input9/A (sky130_fd_sc_hd__clkbuf_4)
     8    0.033885    0.078972    0.166189    2.170634 v input9/X (sky130_fd_sc_hd__clkbuf_4)
                                                         net9 (net)
                      0.078972    0.000063    2.170697 v _289_/A (sky130_fd_sc_hd__nand2_1)
     4    0.011531    0.115606    0.123416    2.294113 ^ _289_/Y (sky130_fd_sc_hd__nand2_1)
                                                         _225_ (net)
                      0.115606    0.000041    2.294153 ^ _294_/A (sky130_fd_sc_hd__or2_1)
     3    0.009043    0.093681    0.154472    2.448625 ^ _294_/X (sky130_fd_sc_hd__or2_1)
                                                         _230_ (net)
                      0.093681    0.000107    2.448732 ^ _306_/A (sky130_fd_sc_hd__and2_1)
     1    0.003550    0.052276    0.132110    2.580842 ^ _306_/X (sky130_fd_sc_hd__and2_1)
                                                         _241_ (net)
                      0.052276    0.000016    2.580859 ^ _307_/B (sky130_fd_sc_hd__nor2_1)
     1    0.007068    0.037195    0.053164    2.634023 v _307_/Y (sky130_fd_sc_hd__nor2_1)
                                                         net26 (net)
                      0.037195    0.000102    2.634125 v output26/A (sky130_fd_sc_hd__buf_2)
     1    0.034020    0.088773    0.176733    2.810858 v output26/X (sky130_fd_sc_hd__buf_2)
                                                         P[3] (net)
                      0.088773    0.000087    2.810945 v P[3] (out)
                                              2.810945   data arrival time

                      0.000000    0.000000    0.000000   clock __VIRTUAL_CLK__ (rise edge)
                                  0.000000    0.000000   clock network delay (ideal)
                                  0.250000    0.250000   clock uncertainty
                                  0.000000    0.250000   clock reconvergence pessimism
                                 -2.000000   -1.750000   output external delay
                                             -1.750000   data required time
---------------------------------------------------------------------------------------------
                                             -1.750000   data required time
                                             -2.810945   data arrival time
---------------------------------------------------------------------------------------------
                                              4.560945   slack (MET)


Startpoint: A[7] (input port clocked by __VIRTUAL_CLK__)
Endpoint: P[14] (output port clocked by __VIRTUAL_CLK__)
Path Group: __VIRTUAL_CLK__
Path Type: min

Fanout         Cap        Slew       Delay        Time   Description
---------------------------------------------------------------------------------------------
                      0.000000    0.000000    0.000000   clock __VIRTUAL_CLK__ (rise edge)
                                  0.000000    0.000000   clock network delay (ideal)
                                  2.000000    2.000000 v input external delay
     1    0.002747    0.008509    0.004323    2.004323 v A[7] (in)
                                                         A[7] (net)
                      0.008509    0.000000    2.004323 v input8/A (sky130_fd_sc_hd__clkbuf_2)
     6    0.022360    0.090212    0.140143    2.144465 v input8/X (sky130_fd_sc_hd__clkbuf_2)
                                                         net8 (net)
                      0.090212    0.000313    2.144778 v _561_/A2 (sky130_fd_sc_hd__a31o_1)
     2    0.004725    0.042406    0.227788    2.372566 v _561_/X (sky130_fd_sc_hd__a31o_1)
                                                         _209_ (net)
                      0.042406    0.000018    2.372584 v _562_/B (sky130_fd_sc_hd__nand2_1)
     1    0.006137    0.070733    0.080744    2.453328 ^ _562_/Y (sky130_fd_sc_hd__nand2_1)
                                                         _210_ (net)
                      0.070733    0.000055    2.453383 ^ _564_/B (sky130_fd_sc_hd__xnor2_1)
     2    0.009368    0.116496    0.162124    2.615507 ^ _564_/Y (sky130_fd_sc_hd__xnor2_1)
                                                         _212_ (net)
                      0.116496    0.000099    2.615605 ^ _566_/B (sky130_fd_sc_hd__xor2_1)
     1    0.002692    0.036616    0.076448    2.692054 v _566_/X (sky130_fd_sc_hd__xor2_1)
                                                         net22 (net)
                      0.036616    0.000006    2.692059 v output22/A (sky130_fd_sc_hd__buf_4)
     1    0.034088    0.058493    0.164490    2.856549 v output22/X (sky130_fd_sc_hd__buf_4)
                                                         P[14] (net)
                      0.058493    0.000101    2.856650 v P[14] (out)
                                              2.856650   data arrival time

                      0.000000    0.000000    0.000000   clock __VIRTUAL_CLK__ (rise edge)
                                  0.000000    0.000000   clock network delay (ideal)
                                  0.250000    0.250000   clock uncertainty
                                  0.000000    0.250000   clock reconvergence pessimism
                                 -2.000000   -1.750000   output external delay
                                             -1.750000   data required time
---------------------------------------------------------------------------------------------
                                             -1.750000   data required time
                                             -2.856650   data arrival time
---------------------------------------------------------------------------------------------
                                              4.606649   slack (MET)


Startpoint: B[4] (input port clocked by __VIRTUAL_CLK__)
Endpoint: P[8] (output port clocked by __VIRTUAL_CLK__)
Path Group: __VIRTUAL_CLK__
Path Type: min

Fanout         Cap        Slew       Delay        Time   Description
---------------------------------------------------------------------------------------------
                      0.000000    0.000000    0.000000   clock __VIRTUAL_CLK__ (rise edge)
                                  0.000000    0.000000   clock network delay (ideal)
                                  2.000000    2.000000 v input external delay
     1    0.002978    0.009044    0.004716    2.004716 v B[4] (in)
                                                         B[4] (net)
                      0.009044    0.000000    2.004716 v input13/A (sky130_fd_sc_hd__clkbuf_4)
     8    0.039670    0.089601    0.174643    2.179359 v input13/X (sky130_fd_sc_hd__clkbuf_4)
                                                         net13 (net)
                      0.089622    0.001332    2.180691 v _427_/A (sky130_fd_sc_hd__nand2_1)
     2    0.011978    0.116986    0.130919    2.311610 ^ _427_/Y (sky130_fd_sc_hd__nand2_1)
                                                         _081_ (net)
                      0.116986    0.000012    2.311622 ^ _429_/B (sky130_fd_sc_hd__xnor2_1)
     2    0.004568    0.069591    0.139586    2.451208 ^ _429_/Y (sky130_fd_sc_hd__xnor2_1)
                                                         _083_ (net)
                      0.069591    0.000017    2.451225 ^ _430_/B1 (sky130_fd_sc_hd__o21ai_1)
     3    0.009143    0.075199    0.100526    2.551752 v _430_/Y (sky130_fd_sc_hd__o21ai_1)
                                                         _084_ (net)
                      0.075199    0.000031    2.551782 v _432_/A (sky130_fd_sc_hd__nand2_2)
     3    0.016805    0.095585    0.110377    2.662159 ^ _432_/Y (sky130_fd_sc_hd__nand2_2)
                                                         _086_ (net)
                      0.095585    0.000058    2.662217 ^ _434_/B (sky130_fd_sc_hd__xor2_2)
     1    0.008824    0.044548    0.084838    2.747055 v _434_/X (sky130_fd_sc_hd__xor2_2)
                                                         net31 (net)
                      0.044548    0.000124    2.747179 v output31/A (sky130_fd_sc_hd__buf_6)
     1    0.034092    0.043431    0.136542    2.883722 v output31/X (sky130_fd_sc_hd__buf_6)
                                                         P[8] (net)
                      0.043431    0.000097    2.883819 v P[8] (out)
                                              2.883819   data arrival time

                      0.000000    0.000000    0.000000   clock __VIRTUAL_CLK__ (rise edge)
                                  0.000000    0.000000   clock network delay (ideal)
                                  0.250000    0.250000   clock uncertainty
                                  0.000000    0.250000   clock reconvergence pessimism
                                 -2.000000   -1.750000   output external delay
                                             -1.750000   data required time
---------------------------------------------------------------------------------------------
                                             -1.750000   data required time
                                             -2.883819   data arrival time
---------------------------------------------------------------------------------------------
                                              4.633819   slack (MET)


Startpoint: B[4] (input port clocked by __VIRTUAL_CLK__)
Endpoint: P[9] (output port clocked by __VIRTUAL_CLK__)
Path Group: __VIRTUAL_CLK__
Path Type: min

Fanout         Cap        Slew       Delay        Time   Description
---------------------------------------------------------------------------------------------
                      0.000000    0.000000    0.000000   clock __VIRTUAL_CLK__ (rise edge)
                                  0.000000    0.000000   clock network delay (ideal)
                                  2.000000    2.000000 ^ input external delay
     1    0.003222    0.021555    0.011774    2.011774 ^ B[4] (in)
                                                         B[4] (net)
                      0.021555    0.000000    2.011774 ^ input13/A (sky130_fd_sc_hd__clkbuf_4)
     8    0.041008    0.131311    0.189389    2.201163 ^ input13/X (sky130_fd_sc_hd__clkbuf_4)
                                                         net13 (net)
                      0.131320    0.001216    2.202379 ^ _428_/A (sky130_fd_sc_hd__and3_1)
     2    0.007784    0.094631    0.199149    2.401528 ^ _428_/X (sky130_fd_sc_hd__and3_1)
                                                         _082_ (net)
                      0.094631    0.000004    2.401532 ^ _460_/B (sky130_fd_sc_hd__nor3_2)
     3    0.008376    0.036022    0.063559    2.465091 v _460_/Y (sky130_fd_sc_hd__nor3_2)
                                                         _113_ (net)
                      0.036022    0.000040    2.465130 v _462_/A_N (sky130_fd_sc_hd__and2b_1)
     1    0.008935    0.093882    0.218106    2.683236 ^ _462_/X (sky130_fd_sc_hd__and2b_1)
                                                         _115_ (net)
                      0.093882    0.000023    2.683259 ^ _464_/B (sky130_fd_sc_hd__xnor2_2)
     1    0.008974    0.054609    0.082604    2.765863 v _464_/Y (sky130_fd_sc_hd__xnor2_2)
                                                         net32 (net)
                      0.054609    0.000131    2.765994 v output32/A (sky130_fd_sc_hd__buf_6)
     1    0.034059    0.043383    0.140931    2.906924 v output32/X (sky130_fd_sc_hd__buf_6)
                                                         P[9] (net)
                      0.043383    0.000089    2.907014 v P[9] (out)
                                              2.907014   data arrival time

                      0.000000    0.000000    0.000000   clock __VIRTUAL_CLK__ (rise edge)
                                  0.000000    0.000000   clock network delay (ideal)
                                  0.250000    0.250000   clock uncertainty
                                  0.000000    0.250000   clock reconvergence pessimism
                                 -2.000000   -1.750000   output external delay
                                             -1.750000   data required time
---------------------------------------------------------------------------------------------
                                             -1.750000   data required time
                                             -2.907014   data arrival time
---------------------------------------------------------------------------------------------
                                              4.657013   slack (MET)


Startpoint: B[4] (input port clocked by __VIRTUAL_CLK__)
Endpoint: P[10] (output port clocked by __VIRTUAL_CLK__)
Path Group: __VIRTUAL_CLK__
Path Type: min

Fanout         Cap        Slew       Delay        Time   Description
---------------------------------------------------------------------------------------------
                      0.000000    0.000000    0.000000   clock __VIRTUAL_CLK__ (rise edge)
                                  0.000000    0.000000   clock network delay (ideal)
                                  2.000000    2.000000 ^ input external delay
     1    0.003222    0.021555    0.011774    2.011774 ^ B[4] (in)
                                                         B[4] (net)
                      0.021555    0.000000    2.011774 ^ input13/A (sky130_fd_sc_hd__clkbuf_4)
     8    0.041008    0.131311    0.189389    2.201163 ^ input13/X (sky130_fd_sc_hd__clkbuf_4)
                                                         net13 (net)
                      0.131320    0.001216    2.202379 ^ _428_/A (sky130_fd_sc_hd__and3_1)
     2    0.007784    0.094631    0.199149    2.401528 ^ _428_/X (sky130_fd_sc_hd__and3_1)
                                                         _082_ (net)
                      0.094631    0.000006    2.401534 ^ _461_/A2 (sky130_fd_sc_hd__o21ai_1)
     2    0.007454    0.063007    0.090938    2.492472 v _461_/Y (sky130_fd_sc_hd__o21ai_1)
                                                         _114_ (net)
                      0.063007    0.000035    2.492507 v _497_/B1 (sky130_fd_sc_hd__o311a_4)
     3    0.020461    0.046033    0.156967    2.649474 v _497_/X (sky130_fd_sc_hd__o311a_4)
                                                         _149_ (net)
                      0.046034    0.000341    2.649815 v _498_/B (sky130_fd_sc_hd__xor2_1)
     1    0.005320    0.046263    0.148111    2.797926 v _498_/X (sky130_fd_sc_hd__xor2_1)
                                                         net18 (net)
                      0.046263    0.000075    2.798001 v output18/A (sky130_fd_sc_hd__buf_4)
     1    0.034504    0.059055    0.169075    2.967076 v output18/X (sky130_fd_sc_hd__buf_4)
                                                         P[10] (net)
                      0.059055    0.000232    2.967308 v P[10] (out)
                                              2.967308   data arrival time

                      0.000000    0.000000    0.000000   clock __VIRTUAL_CLK__ (rise edge)
                                  0.000000    0.000000   clock network delay (ideal)
                                  0.250000    0.250000   clock uncertainty
                                  0.000000    0.250000   clock reconvergence pessimism
                                 -2.000000   -1.750000   output external delay
                                             -1.750000   data required time
---------------------------------------------------------------------------------------------
                                             -1.750000   data required time
                                             -2.967308   data arrival time
---------------------------------------------------------------------------------------------
                                              4.717309   slack (MET)


Startpoint: B[1] (input port clocked by __VIRTUAL_CLK__)
Endpoint: P[7] (output port clocked by __VIRTUAL_CLK__)
Path Group: __VIRTUAL_CLK__
Path Type: min

Fanout         Cap        Slew       Delay        Time   Description
---------------------------------------------------------------------------------------------
                      0.000000    0.000000    0.000000   clock __VIRTUAL_CLK__ (rise edge)
                                  0.000000    0.000000   clock network delay (ideal)
                                  2.000000    2.000000 ^ input external delay
     1    0.003343    0.022079    0.012194    2.012194 ^ B[1] (in)
                                                         B[1] (net)
                      0.022079    0.000000    2.012194 ^ input10/A (sky130_fd_sc_hd__buf_4)
     5    0.024261    0.076469    0.128285    2.140479 ^ input10/X (sky130_fd_sc_hd__buf_4)
                                                         net10 (net)
                      0.076472    0.000569    2.141048 ^ _360_/A (sky130_fd_sc_hd__and3_1)
     2    0.012247    0.131519    0.212221    2.353269 ^ _360_/X (sky130_fd_sc_hd__and3_1)
                                                         _016_ (net)
                      0.131519    0.000152    2.353422 ^ _362_/B1 (sky130_fd_sc_hd__a22oi_2)
     2    0.008524    0.063595    0.083784    2.437206 v _362_/Y (sky130_fd_sc_hd__a22oi_2)
                                                         _018_ (net)
                      0.063595    0.000101    2.437306 v _363_/B (sky130_fd_sc_hd__nor2_1)
     1    0.003904    0.096800    0.101865    2.539172 ^ _363_/Y (sky130_fd_sc_hd__nor2_1)
                                                         _019_ (net)
                      0.096800    0.000020    2.539191 ^ _400_/B1 (sky130_fd_sc_hd__a21o_1)
     2    0.015661    0.140191    0.166432    2.705623 ^ _400_/X (sky130_fd_sc_hd__a21o_1)
                                                         _055_ (net)
                      0.140191    0.000133    2.705756 ^ _401_/B (sky130_fd_sc_hd__xor2_1)
     1    0.006965    0.052681    0.106222    2.811978 v _401_/X (sky130_fd_sc_hd__xor2_1)
                                                         net30 (net)
                      0.052681    0.000095    2.812073 v output30/A (sky130_fd_sc_hd__buf_4)
     1    0.034192    0.058692    0.171607    2.983679 v output30/X (sky130_fd_sc_hd__buf_4)
                                                         P[7] (net)
                      0.058692    0.000122    2.983802 v P[7] (out)
                                              2.983802   data arrival time

                      0.000000    0.000000    0.000000   clock __VIRTUAL_CLK__ (rise edge)
                                  0.000000    0.000000   clock network delay (ideal)
                                  0.250000    0.250000   clock uncertainty
                                  0.000000    0.250000   clock reconvergence pessimism
                                 -2.000000   -1.750000   output external delay
                                             -1.750000   data required time
---------------------------------------------------------------------------------------------
                                             -1.750000   data required time
                                             -2.983802   data arrival time
---------------------------------------------------------------------------------------------
                                              4.733802   slack (MET)


Startpoint: B[4] (input port clocked by __VIRTUAL_CLK__)
Endpoint: P[11] (output port clocked by __VIRTUAL_CLK__)
Path Group: __VIRTUAL_CLK__
Path Type: min

Fanout         Cap        Slew       Delay        Time   Description
---------------------------------------------------------------------------------------------
                      0.000000    0.000000    0.000000   clock __VIRTUAL_CLK__ (rise edge)
                                  0.000000    0.000000   clock network delay (ideal)
                                  2.000000    2.000000 ^ input external delay
     1    0.003222    0.021555    0.011774    2.011774 ^ B[4] (in)
                                                         B[4] (net)
                      0.021555    0.000000    2.011774 ^ input13/A (sky130_fd_sc_hd__clkbuf_4)
     8    0.041008    0.131311    0.189389    2.201163 ^ input13/X (sky130_fd_sc_hd__clkbuf_4)
                                                         net13 (net)
                      0.131392    0.001751    2.202914 ^ _457_/A1 (sky130_fd_sc_hd__a31o_1)
     2    0.008883    0.093014    0.191597    2.394511 ^ _457_/X (sky130_fd_sc_hd__a31o_1)
                                                         _110_ (net)
                      0.093014    0.000107    2.394618 ^ _491_/A3 (sky130_fd_sc_hd__o32a_1)
     2    0.004268    0.059168    0.151607    2.546226 ^ _491_/X (sky130_fd_sc_hd__o32a_1)
                                                         _143_ (net)
                      0.059168    0.000022    2.546247 ^ _494_/B (sky130_fd_sc_hd__and2_1)
     3    0.007923    0.093329    0.154434    2.700681 ^ _494_/X (sky130_fd_sc_hd__and2_1)
                                                         _146_ (net)
                      0.093329    0.000023    2.700704 ^ _524_/A2 (sky130_fd_sc_hd__o21a_1)
     1    0.009527    0.100686    0.157946    2.858650 ^ _524_/X (sky130_fd_sc_hd__o21a_1)
                                                         _175_ (net)
                      0.100686    0.000029    2.858679 ^ _525_/A (sky130_fd_sc_hd__xnor2_2)
     1    0.007170    0.047547    0.087490    2.946170 v _525_/Y (sky130_fd_sc_hd__xnor2_2)
                                                         net19 (net)
                      0.047547    0.000105    2.946275 v output19/A (sky130_fd_sc_hd__buf_6)
     1    0.034597    0.043849    0.138139    3.084414 v output19/X (sky130_fd_sc_hd__buf_6)
                                                         P[11] (net)
                      0.043849    0.000246    3.084660 v P[11] (out)
                                              3.084660   data arrival time

                      0.000000    0.000000    0.000000   clock __VIRTUAL_CLK__ (rise edge)
                                  0.000000    0.000000   clock network delay (ideal)
                                  0.250000    0.250000   clock uncertainty
                                  0.000000    0.250000   clock reconvergence pessimism
                                 -2.000000   -1.750000   output external delay
                                             -1.750000   data required time
---------------------------------------------------------------------------------------------
                                             -1.750000   data required time
                                             -3.084660   data arrival time
---------------------------------------------------------------------------------------------
                                              4.834660   slack (MET)


Startpoint: B[4] (input port clocked by __VIRTUAL_CLK__)
Endpoint: P[12] (output port clocked by __VIRTUAL_CLK__)
Path Group: __VIRTUAL_CLK__
Path Type: min

Fanout         Cap        Slew       Delay        Time   Description
---------------------------------------------------------------------------------------------
                      0.000000    0.000000    0.000000   clock __VIRTUAL_CLK__ (rise edge)
                                  0.000000    0.000000   clock network delay (ideal)
                                  2.000000    2.000000 ^ input external delay
     1    0.003222    0.021555    0.011774    2.011774 ^ B[4] (in)
                                                         B[4] (net)
                      0.021555    0.000000    2.011774 ^ input13/A (sky130_fd_sc_hd__clkbuf_4)
     8    0.041008    0.131311    0.189389    2.201163 ^ input13/X (sky130_fd_sc_hd__clkbuf_4)
                                                         net13 (net)
                      0.131320    0.001216    2.202379 ^ _428_/A (sky130_fd_sc_hd__and3_1)
     2    0.007784    0.094631    0.199149    2.401528 ^ _428_/X (sky130_fd_sc_hd__and3_1)
                                                         _082_ (net)
                      0.094631    0.000006    2.401534 ^ _461_/A2 (sky130_fd_sc_hd__o21ai_1)
     2    0.007454    0.063007    0.090938    2.492472 v _461_/Y (sky130_fd_sc_hd__o21ai_1)
                                                         _114_ (net)
                      0.063007    0.000035    2.492507 v _497_/B1 (sky130_fd_sc_hd__o311a_4)
     3    0.020461    0.046033    0.156967    2.649474 v _497_/X (sky130_fd_sc_hd__o311a_4)
                                                         _149_ (net)
                      0.046035    0.000390    2.649864 v _544_/A2 (sky130_fd_sc_hd__a21oi_4)
     4    0.017396    0.151677    0.193885    2.843749 ^ _544_/Y (sky130_fd_sc_hd__a21oi_4)
                                                         _194_ (net)
                      0.151677    0.000219    2.843968 ^ _545_/B (sky130_fd_sc_hd__xnor2_1)
     1    0.007681    0.068634    0.111951    2.955919 v _545_/Y (sky130_fd_sc_hd__xnor2_1)
                                                         net20 (net)
                      0.068634    0.000127    2.956046 v output20/A (sky130_fd_sc_hd__buf_6)
     1    0.034597    0.043852    0.147717    3.103763 v output20/X (sky130_fd_sc_hd__buf_6)
                                                         P[12] (net)
                      0.043853    0.000246    3.104008 v P[12] (out)
                                              3.104008   data arrival time

                      0.000000    0.000000    0.000000   clock __VIRTUAL_CLK__ (rise edge)
                                  0.000000    0.000000   clock network delay (ideal)
                                  0.250000    0.250000   clock uncertainty
                                  0.000000    0.250000   clock reconvergence pessimism
                                 -2.000000   -1.750000   output external delay
                                             -1.750000   data required time
---------------------------------------------------------------------------------------------
                                             -1.750000   data required time
                                             -3.104008   data arrival time
---------------------------------------------------------------------------------------------
                                              4.854008   slack (MET)


Startpoint: A[6] (input port clocked by __VIRTUAL_CLK__)
Endpoint: P[13] (output port clocked by __VIRTUAL_CLK__)
Path Group: __VIRTUAL_CLK__
Path Type: min

Fanout         Cap        Slew       Delay        Time   Description
---------------------------------------------------------------------------------------------
                      0.000000    0.000000    0.000000   clock __VIRTUAL_CLK__ (rise edge)
                                  0.000000    0.000000   clock network delay (ideal)
                                  2.000000    2.000000 v input external delay
     1    0.002645    0.008273    0.004150    2.004150 v A[6] (in)
                                                         A[6] (net)
                      0.008273    0.000000    2.004150 v input7/A (sky130_fd_sc_hd__clkbuf_2)
     2    0.011042    0.051240    0.108768    2.112917 v input7/X (sky130_fd_sc_hd__clkbuf_2)
                                                         net7 (net)
                      0.051240    0.000105    2.113023 v _468_/B (sky130_fd_sc_hd__nand2_1)
     4    0.011642    0.114050    0.118597    2.231619 ^ _468_/Y (sky130_fd_sc_hd__nand2_1)
                                                         _120_ (net)
                      0.114050    0.000020    2.231639 ^ _469_/B (sky130_fd_sc_hd__or2_1)
     4    0.009396    0.096858    0.153654    2.385293 ^ _469_/X (sky130_fd_sc_hd__or2_1)
                                                         _121_ (net)
                      0.096858    0.000040    2.385332 ^ _511_/A (sky130_fd_sc_hd__or2_2)
     2    0.016043    0.090654    0.164149    2.549482 ^ _511_/X (sky130_fd_sc_hd__or2_2)
                                                         _162_ (net)
                      0.090654    0.000054    2.549536 ^ _538_/A (sky130_fd_sc_hd__xnor2_1)
     2    0.005216    0.052398    0.090413    2.639949 v _538_/Y (sky130_fd_sc_hd__xnor2_1)
                                                         _188_ (net)
                      0.052398    0.000022    2.639971 v _539_/B1 (sky130_fd_sc_hd__o21a_1)
     4    0.009772    0.060982    0.133606    2.773576 v _539_/X (sky130_fd_sc_hd__o21a_1)
                                                         _189_ (net)
                      0.060982    0.000034    2.773611 v _557_/C1 (sky130_fd_sc_hd__a211oi_1)
     1    0.003275    0.170720    0.179667    2.953277 ^ _557_/Y (sky130_fd_sc_hd__a211oi_1)
                                                         _206_ (net)
                      0.170720    0.000011    2.953288 ^ _559_/A (sky130_fd_sc_hd__nor2_1)
     1    0.005106    0.035784    0.082402    3.035690 v _559_/Y (sky130_fd_sc_hd__nor2_1)
                                                         net21 (net)
                      0.035784    0.000017    3.035707 v output21/A (sky130_fd_sc_hd__buf_6)
     1    0.034080    0.043444    0.132728    3.168435 v output21/X (sky130_fd_sc_hd__buf_6)
                                                         P[13] (net)
                      0.043444    0.000097    3.168532 v P[13] (out)
                                              3.168532   data arrival time

                      0.000000    0.000000    0.000000   clock __VIRTUAL_CLK__ (rise edge)
                                  0.000000    0.000000   clock network delay (ideal)
                                  0.250000    0.250000   clock uncertainty
                                  0.000000    0.250000   clock reconvergence pessimism
                                 -2.000000   -1.750000   output external delay
                                             -1.750000   data required time
---------------------------------------------------------------------------------------------
                                             -1.750000   data required time
                                             -3.168532   data arrival time
---------------------------------------------------------------------------------------------
                                              4.918532   slack (MET)



