
===========================================================================
report_checks -path_delay min (Hold)
============================================================================
======================= nom_tt_025C_1v80 Corner ===================================

Startpoint: A[0] (input port clocked by __VIRTUAL_CLK__)
Endpoint: P[1] (output port clocked by __VIRTUAL_CLK__)
Path Group: __VIRTUAL_CLK__
Path Type: min

Fanout         Cap        Slew       Delay        Time   Description
---------------------------------------------------------------------------------------------
                      0.000000    0.000000    0.000000   clock __VIRTUAL_CLK__ (rise edge)
                                  0.000000    0.000000   clock network delay (ideal)
                                  2.000000    2.000000 v input external delay
    13    0.043763    0.097758    0.070167    2.070167 v A[0] (in)
                                                         A[0] (net)
                      0.097761    0.000000    2.070167 v _283_/B1 (sky130_fd_sc_hd__a21oi_2)
     1    0.004906    0.093967    0.129153    2.199320 ^ _283_/Y (sky130_fd_sc_hd__a21oi_2)
                                                         _219_ (net)
                      0.093967    0.000006    2.199326 ^ _284_/C (sky130_fd_sc_hd__nor3_2)
     1    0.034624    0.087607    0.105703    2.305030 v _284_/Y (sky130_fd_sc_hd__nor3_2)
                                                         P[1] (net)
                      0.087607    0.000173    2.305202 v P[1] (out)
                                              2.305202   data arrival time

                      0.000000    0.000000    0.000000   clock __VIRTUAL_CLK__ (rise edge)
                                  0.000000    0.000000   clock network delay (ideal)
                                  0.250000    0.250000   clock uncertainty
                                  0.000000    0.250000   clock reconvergence pessimism
                                 -2.000000   -1.750000   output external delay
                                             -1.750000   data required time
---------------------------------------------------------------------------------------------
                                             -1.750000   data required time
                                             -2.305202   data arrival time
---------------------------------------------------------------------------------------------
                                              4.055202   slack (MET)


Startpoint: B[0] (input port clocked by __VIRTUAL_CLK__)
Endpoint: P[4] (output port clocked by __VIRTUAL_CLK__)
Path Group: __VIRTUAL_CLK__
Path Type: min

Fanout         Cap        Slew       Delay        Time   Description
---------------------------------------------------------------------------------------------
                      0.000000    0.000000    0.000000   clock __VIRTUAL_CLK__ (rise edge)
                                  0.000000    0.000000   clock network delay (ideal)
                                  2.000000    2.000000 v input external delay
    12    0.045401    0.101398    0.073090    2.073090 v B[0] (in)
                                                         B[0] (net)
                      0.101413    0.000000    2.073090 v _303_/A (sky130_fd_sc_hd__nand2_2)
     6    0.025603    0.138984    0.152939    2.226029 ^ _303_/Y (sky130_fd_sc_hd__nand2_2)
                                                         _236_ (net)
                      0.138984    0.000160    2.226189 ^ _317_/A (sky130_fd_sc_hd__xnor2_2)
     1    0.038093    0.172605    0.194657    2.420846 v _317_/Y (sky130_fd_sc_hd__xnor2_2)
                                                         P[4] (net)
                      0.172610    0.001102    2.421948 v P[4] (out)
                                              2.421948   data arrival time

                      0.000000    0.000000    0.000000   clock __VIRTUAL_CLK__ (rise edge)
                                  0.000000    0.000000   clock network delay (ideal)
                                  0.250000    0.250000   clock uncertainty
                                  0.000000    0.250000   clock reconvergence pessimism
                                 -2.000000   -1.750000   output external delay
                                             -1.750000   data required time
---------------------------------------------------------------------------------------------
                                             -1.750000   data required time
                                             -2.421948   data arrival time
---------------------------------------------------------------------------------------------
                                              4.171948   slack (MET)


Startpoint: A[7] (input port clocked by __VIRTUAL_CLK__)
Endpoint: P[15] (output port clocked by __VIRTUAL_CLK__)
Path Group: __VIRTUAL_CLK__
Path Type: min

Fanout         Cap        Slew       Delay        Time   Description
---------------------------------------------------------------------------------------------
                      0.000000    0.000000    0.000000   clock __VIRTUAL_CLK__ (rise edge)
                                  0.000000    0.000000   clock network delay (ideal)
                                  2.000000    2.000000 v input external delay
    12    0.047184    0.105483    0.075342    2.075342 v A[7] (in)
                                                         A[7] (net)
                      0.105499    0.000000    2.075342 v _280_/A (sky130_fd_sc_hd__inv_2)
     2    0.005288    0.044630    0.072143    2.147485 ^ _280_/Y (sky130_fd_sc_hd__inv_2)
                                                         _216_ (net)
                      0.044630    0.000004    2.147489 ^ _565_/A2 (sky130_fd_sc_hd__o311a_2)
     1    0.006495    0.053740    0.179447    2.326936 ^ _565_/X (sky130_fd_sc_hd__o311a_2)
                                                         _212_ (net)
                      0.053740    0.000052    2.326988 ^ _566_/B1 (sky130_fd_sc_hd__o21ai_2)
     1    0.035026    0.139735    0.132933    2.459921 v _566_/Y (sky130_fd_sc_hd__o21ai_2)
                                                         P[15] (net)
                      0.139736    0.000349    2.460270 v P[15] (out)
                                              2.460270   data arrival time

                      0.000000    0.000000    0.000000   clock __VIRTUAL_CLK__ (rise edge)
                                  0.000000    0.000000   clock network delay (ideal)
                                  0.250000    0.250000   clock uncertainty
                                  0.000000    0.250000   clock reconvergence pessimism
                                 -2.000000   -1.750000   output external delay
                                             -1.750000   data required time
---------------------------------------------------------------------------------------------
                                             -1.750000   data required time
                                             -2.460270   data arrival time
---------------------------------------------------------------------------------------------
                                              4.210269   slack (MET)


Startpoint: A[1] (input port clocked by __VIRTUAL_CLK__)
Endpoint: P[2] (output port clocked by __VIRTUAL_CLK__)
Path Group: __VIRTUAL_CLK__
Path Type: min

Fanout         Cap        Slew       Delay        Time   Description
---------------------------------------------------------------------------------------------
                      0.000000    0.000000    0.000000   clock __VIRTUAL_CLK__ (rise edge)
                                  0.000000    0.000000   clock network delay (ideal)
                                  2.000000    2.000000 v input external delay
    15    0.049587    0.110314    0.079683    2.079683 v A[1] (in)
                                                         A[1] (net)
                      0.110319    0.000000    2.079683 v _287_/A (sky130_fd_sc_hd__nand2_2)
     1    0.001680    0.037456    0.066388    2.146071 ^ _287_/Y (sky130_fd_sc_hd__nand2_2)
                                                         _222_ (net)
                      0.037456    0.000000    2.146072 ^ _290_/A0 (sky130_fd_sc_hd__mux2_1)
     2    0.011468    0.113333    0.169293    2.315364 ^ _290_/X (sky130_fd_sc_hd__mux2_1)
                                                         _225_ (net)
                      0.113333    0.000007    2.315372 ^ _291_/B (sky130_fd_sc_hd__xnor2_2)
     1    0.034670    0.158324    0.168422    2.483793 v _291_/Y (sky130_fd_sc_hd__xnor2_2)
                                                         P[2] (net)
                      0.158324    0.000176    2.483969 v P[2] (out)
                                              2.483969   data arrival time

                      0.000000    0.000000    0.000000   clock __VIRTUAL_CLK__ (rise edge)
                                  0.000000    0.000000   clock network delay (ideal)
                                  0.250000    0.250000   clock uncertainty
                                  0.000000    0.250000   clock reconvergence pessimism
                                 -2.000000   -1.750000   output external delay
                                             -1.750000   data required time
---------------------------------------------------------------------------------------------
                                             -1.750000   data required time
                                             -2.483969   data arrival time
---------------------------------------------------------------------------------------------
                                              4.233969   slack (MET)


Startpoint: B[0] (input port clocked by __VIRTUAL_CLK__)
Endpoint: P[5] (output port clocked by __VIRTUAL_CLK__)
Path Group: __VIRTUAL_CLK__
Path Type: min

Fanout         Cap        Slew       Delay        Time   Description
---------------------------------------------------------------------------------------------
                      0.000000    0.000000    0.000000   clock __VIRTUAL_CLK__ (rise edge)
                                  0.000000    0.000000   clock network delay (ideal)
                                  2.000000    2.000000 v input external delay
    12    0.045401    0.101398    0.073090    2.073090 v B[0] (in)
                                                         B[0] (net)
                      0.101413    0.000000    2.073090 v _303_/A (sky130_fd_sc_hd__nand2_2)
     6    0.025603    0.138984    0.152939    2.226029 ^ _303_/Y (sky130_fd_sc_hd__nand2_2)
                                                         _236_ (net)
                      0.138984    0.000129    2.226158 ^ _316_/A (sky130_fd_sc_hd__or3_2)
     2    0.006931    0.046166    0.151115    2.377273 ^ _316_/X (sky130_fd_sc_hd__or3_2)
                                                         _249_ (net)
                      0.046166    0.000024    2.377296 ^ _567_/A (sky130_fd_sc_hd__and2_2)
     1    0.005537    0.048860    0.136126    2.513423 ^ _567_/X (sky130_fd_sc_hd__and2_2)
                                                         _213_ (net)
                      0.048860    0.000020    2.513443 ^ _568_/B (sky130_fd_sc_hd__nor2_2)
     1    0.038117    0.089144    0.089722    2.603165 v _568_/Y (sky130_fd_sc_hd__nor2_2)
                                                         P[5] (net)
                      0.089163    0.001092    2.604257 v P[5] (out)
                                              2.604257   data arrival time

                      0.000000    0.000000    0.000000   clock __VIRTUAL_CLK__ (rise edge)
                                  0.000000    0.000000   clock network delay (ideal)
                                  0.250000    0.250000   clock uncertainty
                                  0.000000    0.250000   clock reconvergence pessimism
                                 -2.000000   -1.750000   output external delay
                                             -1.750000   data required time
---------------------------------------------------------------------------------------------
                                             -1.750000   data required time
                                             -2.604257   data arrival time
---------------------------------------------------------------------------------------------
                                              4.354257   slack (MET)


Startpoint: A[0] (input port clocked by __VIRTUAL_CLK__)
Endpoint: P[3] (output port clocked by __VIRTUAL_CLK__)
Path Group: __VIRTUAL_CLK__
Path Type: min

Fanout         Cap        Slew       Delay        Time   Description
---------------------------------------------------------------------------------------------
                      0.000000    0.000000    0.000000   clock __VIRTUAL_CLK__ (rise edge)
                                  0.000000    0.000000   clock network delay (ideal)
                                  2.000000    2.000000 v input external delay
    13    0.043763    0.097758    0.070217    2.070217 v A[0] (in)
                                                         A[0] (net)
                      0.097762    0.000000    2.070217 v _298_/D1 (sky130_fd_sc_hd__o2111a_2)
     4    0.010775    0.047033    0.169034    2.239252 v _298_/X (sky130_fd_sc_hd__o2111a_2)
                                                         _232_ (net)
                      0.047033    0.000044    2.239295 v _301_/A1 (sky130_fd_sc_hd__o21ai_2)
     1    0.002170    0.044699    0.114642    2.353938 ^ _301_/Y (sky130_fd_sc_hd__o21ai_2)
                                                         _235_ (net)
                      0.044699    0.000008    2.353945 ^ _302_/B (sky130_fd_sc_hd__and2_2)
     1    0.036521    0.191376    0.252661    2.606606 ^ _302_/X (sky130_fd_sc_hd__and2_2)
                                                         P[3] (net)
                      0.191376    0.000529    2.607135 ^ P[3] (out)
                                              2.607135   data arrival time

                      0.000000    0.000000    0.000000   clock __VIRTUAL_CLK__ (rise edge)
                                  0.000000    0.000000   clock network delay (ideal)
                                  0.250000    0.250000   clock uncertainty
                                  0.000000    0.250000   clock reconvergence pessimism
                                 -2.000000   -1.750000   output external delay
                                             -1.750000   data required time
---------------------------------------------------------------------------------------------
                                             -1.750000   data required time
                                             -2.607135   data arrival time
---------------------------------------------------------------------------------------------
                                              4.357135   slack (MET)


Startpoint: B[0] (input port clocked by __VIRTUAL_CLK__)
Endpoint: P[6] (output port clocked by __VIRTUAL_CLK__)
Path Group: __VIRTUAL_CLK__
Path Type: min

Fanout         Cap        Slew       Delay        Time   Description
---------------------------------------------------------------------------------------------
                      0.000000    0.000000    0.000000   clock __VIRTUAL_CLK__ (rise edge)
                                  0.000000    0.000000   clock network delay (ideal)
                                  2.000000    2.000000 v input external delay
    12    0.045401    0.101398    0.073090    2.073090 v B[0] (in)
                                                         B[0] (net)
                      0.101413    0.000000    2.073090 v _303_/A (sky130_fd_sc_hd__nand2_2)
     6    0.025603    0.138984    0.152939    2.226029 ^ _303_/Y (sky130_fd_sc_hd__nand2_2)
                                                         _236_ (net)
                      0.138984    0.000129    2.226158 ^ _316_/A (sky130_fd_sc_hd__or3_2)
     2    0.006931    0.046166    0.151115    2.377273 ^ _316_/X (sky130_fd_sc_hd__or3_2)
                                                         _249_ (net)
                      0.046166    0.000023    2.377295 ^ _358_/A (sky130_fd_sc_hd__nor2_2)
     3    0.017024    0.043479    0.059150    2.436446 v _358_/Y (sky130_fd_sc_hd__nor2_2)
                                                         _013_ (net)
                      0.043479    0.000127    2.436573 v _359_/B (sky130_fd_sc_hd__xor2_2)
     1    0.038217    0.110522    0.214508    2.651081 v _359_/X (sky130_fd_sc_hd__xor2_2)
                                                         P[6] (net)
                      0.110532    0.001122    2.652203 v P[6] (out)
                                              2.652203   data arrival time

                      0.000000    0.000000    0.000000   clock __VIRTUAL_CLK__ (rise edge)
                                  0.000000    0.000000   clock network delay (ideal)
                                  0.250000    0.250000   clock uncertainty
                                  0.000000    0.250000   clock reconvergence pessimism
                                 -2.000000   -1.750000   output external delay
                                             -1.750000   data required time
---------------------------------------------------------------------------------------------
                                             -1.750000   data required time
                                             -2.652203   data arrival time
---------------------------------------------------------------------------------------------
                                              4.402202   slack (MET)


Startpoint: A[4] (input port clocked by __VIRTUAL_CLK__)
Endpoint: P[9] (output port clocked by __VIRTUAL_CLK__)
Path Group: __VIRTUAL_CLK__
Path Type: min

Fanout         Cap        Slew       Delay        Time   Description
---------------------------------------------------------------------------------------------
                      0.000000    0.000000    0.000000   clock __VIRTUAL_CLK__ (rise edge)
                                  0.000000    0.000000   clock network delay (ideal)
                                  2.000000    2.000000 v input external delay
    11    0.047239    0.105653    0.076397    2.076397 v A[4] (in)
                                                         A[4] (net)
                      0.105742    0.000000    2.076397 v _425_/A (sky130_fd_sc_hd__nand2_2)
     3    0.020373    0.114044    0.136513    2.212910 ^ _425_/Y (sky130_fd_sc_hd__nand2_2)
                                                         _078_ (net)
                      0.114046    0.000401    2.213311 ^ _470_/A2 (sky130_fd_sc_hd__o21ai_2)
     2    0.006446    0.040882    0.070611    2.283922 v _470_/Y (sky130_fd_sc_hd__o21ai_2)
                                                         _122_ (net)
                      0.040882    0.000029    2.283951 v _472_/B (sky130_fd_sc_hd__nand2_2)
     2    0.008010    0.051966    0.073332    2.357282 ^ _472_/Y (sky130_fd_sc_hd__nand2_2)
                                                         _124_ (net)
                      0.051966    0.000033    2.357315 ^ _473_/B (sky130_fd_sc_hd__nand2_2)
     2    0.011370    0.052886    0.069758    2.427072 v _473_/Y (sky130_fd_sc_hd__nand2_2)
                                                         _125_ (net)
                      0.052886    0.000045    2.427117 v _475_/A (sky130_fd_sc_hd__xnor2_2)
     1    0.038626    0.174359    0.241768    2.668886 v _475_/Y (sky130_fd_sc_hd__xnor2_2)
                                                         P[9] (net)
                      0.174365    0.000816    2.669702 v P[9] (out)
                                              2.669702   data arrival time

                      0.000000    0.000000    0.000000   clock __VIRTUAL_CLK__ (rise edge)
                                  0.000000    0.000000   clock network delay (ideal)
                                  0.250000    0.250000   clock uncertainty
                                  0.000000    0.250000   clock reconvergence pessimism
                                 -2.000000   -1.750000   output external delay
                                             -1.750000   data required time
---------------------------------------------------------------------------------------------
                                             -1.750000   data required time
                                             -2.669702   data arrival time
---------------------------------------------------------------------------------------------
                                              4.419702   slack (MET)


Startpoint: B[7] (input port clocked by __VIRTUAL_CLK__)
Endpoint: P[14] (output port clocked by __VIRTUAL_CLK__)
Path Group: __VIRTUAL_CLK__
Path Type: min

Fanout         Cap        Slew       Delay        Time   Description
---------------------------------------------------------------------------------------------
                      0.000000    0.000000    0.000000   clock __VIRTUAL_CLK__ (rise edge)
                                  0.000000    0.000000   clock network delay (ideal)
                                  2.000000    2.000000 v input external delay
    14    0.053741    0.119583    0.085961    2.085961 v B[7] (in)
                                                         B[7] (net)
                      0.119595    0.000000    2.085961 v _559_/A1 (sky130_fd_sc_hd__a31o_2)
     2    0.009010    0.049857    0.246197    2.332158 v _559_/X (sky130_fd_sc_hd__a31o_2)
                                                         _206_ (net)
                      0.049857    0.000019    2.332177 v _560_/B (sky130_fd_sc_hd__nand2_2)
     1    0.008900    0.061277    0.080450    2.412628 ^ _560_/Y (sky130_fd_sc_hd__nand2_2)
                                                         _207_ (net)
                      0.061277    0.000019    2.412647 ^ _562_/B (sky130_fd_sc_hd__xnor2_2)
     2    0.013343    0.083405    0.135993    2.548640 ^ _562_/Y (sky130_fd_sc_hd__xnor2_2)
                                                         _209_ (net)
                      0.083405    0.000016    2.548656 ^ _564_/B (sky130_fd_sc_hd__xnor2_2)
     1    0.035105    0.159953    0.161773    2.710429 v _564_/Y (sky130_fd_sc_hd__xnor2_2)
                                                         P[14] (net)
                      0.159954    0.000363    2.710792 v P[14] (out)
                                              2.710792   data arrival time

                      0.000000    0.000000    0.000000   clock __VIRTUAL_CLK__ (rise edge)
                                  0.000000    0.000000   clock network delay (ideal)
                                  0.250000    0.250000   clock uncertainty
                                  0.000000    0.250000   clock reconvergence pessimism
                                 -2.000000   -1.750000   output external delay
                                             -1.750000   data required time
---------------------------------------------------------------------------------------------
                                             -1.750000   data required time
                                             -2.710792   data arrival time
---------------------------------------------------------------------------------------------
                                              4.460792   slack (MET)


Startpoint: B[2] (input port clocked by __VIRTUAL_CLK__)
Endpoint: P[13] (output port clocked by __VIRTUAL_CLK__)
Path Group: __VIRTUAL_CLK__
Path Type: min

Fanout         Cap        Slew       Delay        Time   Description
---------------------------------------------------------------------------------------------
                      0.000000    0.000000    0.000000   clock __VIRTUAL_CLK__ (rise edge)
                                  0.000000    0.000000   clock network delay (ideal)
                                  2.000000    2.000000 v input external delay
    13    0.049620    0.110518    0.079881    2.079881 v B[2] (in)
                                                         B[2] (net)
                      0.110534    0.000000    2.079881 v _447_/A (sky130_fd_sc_hd__nand4_2)
     3    0.010661    0.079361    0.115299    2.195180 ^ _447_/Y (sky130_fd_sc_hd__nand4_2)
                                                         _099_ (net)
                      0.079361    0.000123    2.195303 ^ _509_/A (sky130_fd_sc_hd__nand2_2)
     1    0.004606    0.029133    0.051245    2.246548 v _509_/Y (sky130_fd_sc_hd__nand2_2)
                                                         _159_ (net)
                      0.029133    0.000014    2.246562 v _511_/A2 (sky130_fd_sc_hd__o21ai_2)
     2    0.008124    0.068609    0.134093    2.380655 ^ _511_/Y (sky130_fd_sc_hd__o21ai_2)
                                                         _161_ (net)
                      0.068609    0.000087    2.380741 ^ _535_/A1 (sky130_fd_sc_hd__a21oi_2)
     3    0.007153    0.027513    0.061226    2.441968 v _535_/Y (sky130_fd_sc_hd__a21oi_2)
                                                         _184_ (net)
                      0.027513    0.000041    2.442008 v _557_/A1 (sky130_fd_sc_hd__o21a_2)
     1    0.038539    0.102638    0.284745    2.726753 v _557_/X (sky130_fd_sc_hd__o21a_2)
                                                         P[13] (net)
                      0.102646    0.001004    2.727758 v P[13] (out)
                                              2.727758   data arrival time

                      0.000000    0.000000    0.000000   clock __VIRTUAL_CLK__ (rise edge)
                                  0.000000    0.000000   clock network delay (ideal)
                                  0.250000    0.250000   clock uncertainty
                                  0.000000    0.250000   clock reconvergence pessimism
                                 -2.000000   -1.750000   output external delay
                                             -1.750000   data required time
---------------------------------------------------------------------------------------------
                                             -1.750000   data required time
                                             -2.727758   data arrival time
---------------------------------------------------------------------------------------------
                                              4.477758   slack (MET)


Startpoint: A[4] (input port clocked by __VIRTUAL_CLK__)
Endpoint: P[8] (output port clocked by __VIRTUAL_CLK__)
Path Group: __VIRTUAL_CLK__
Path Type: min

Fanout         Cap        Slew       Delay        Time   Description
---------------------------------------------------------------------------------------------
                      0.000000    0.000000    0.000000   clock __VIRTUAL_CLK__ (rise edge)
                                  0.000000    0.000000   clock network delay (ideal)
                                  2.000000    2.000000 v input external delay
    11    0.047239    0.105653    0.076397    2.076397 v A[4] (in)
                                                         A[4] (net)
                      0.105742    0.000000    2.076397 v _425_/A (sky130_fd_sc_hd__nand2_2)
     3    0.020373    0.114044    0.136513    2.212910 ^ _425_/Y (sky130_fd_sc_hd__nand2_2)
                                                         _078_ (net)
                      0.114046    0.000409    2.213319 ^ _426_/B (sky130_fd_sc_hd__xor2_2)
     2    0.007390    0.041137    0.086352    2.299670 v _426_/X (sky130_fd_sc_hd__xor2_2)
                                                         _079_ (net)
                      0.041137    0.000045    2.299716 v _428_/C (sky130_fd_sc_hd__nor3_2)
     1    0.001859    0.097150    0.081415    2.381130 ^ _428_/Y (sky130_fd_sc_hd__nor3_2)
                                                         _081_ (net)
                      0.097150    0.000003    2.381133 ^ _429_/B (sky130_fd_sc_hd__or2_2)
     3    0.017697    0.098767    0.168585    2.549718 ^ _429_/X (sky130_fd_sc_hd__or2_2)
                                                         _082_ (net)
                      0.098767    0.000075    2.549793 ^ _431_/A (sky130_fd_sc_hd__xor2_2)
     1    0.038843    0.111893    0.178963    2.728756 v _431_/X (sky130_fd_sc_hd__xor2_2)
                                                         P[8] (net)
                      0.111897    0.000848    2.729604 v P[8] (out)
                                              2.729604   data arrival time

                      0.000000    0.000000    0.000000   clock __VIRTUAL_CLK__ (rise edge)
                                  0.000000    0.000000   clock network delay (ideal)
                                  0.250000    0.250000   clock uncertainty
                                  0.000000    0.250000   clock reconvergence pessimism
                                 -2.000000   -1.750000   output external delay
                                             -1.750000   data required time
---------------------------------------------------------------------------------------------
                                             -1.750000   data required time
                                             -2.729604   data arrival time
---------------------------------------------------------------------------------------------
                                              4.479604   slack (MET)


Startpoint: A[4] (input port clocked by __VIRTUAL_CLK__)
Endpoint: P[10] (output port clocked by __VIRTUAL_CLK__)
Path Group: __VIRTUAL_CLK__
Path Type: min

Fanout         Cap        Slew       Delay        Time   Description
---------------------------------------------------------------------------------------------
                      0.000000    0.000000    0.000000   clock __VIRTUAL_CLK__ (rise edge)
                                  0.000000    0.000000   clock network delay (ideal)
                                  2.000000    2.000000 v input external delay
    11    0.047239    0.105653    0.076397    2.076397 v A[4] (in)
                                                         A[4] (net)
                      0.105742    0.000000    2.076397 v _425_/A (sky130_fd_sc_hd__nand2_2)
     3    0.020373    0.114044    0.136513    2.212910 ^ _425_/Y (sky130_fd_sc_hd__nand2_2)
                                                         _078_ (net)
                      0.114046    0.000401    2.213311 ^ _470_/A2 (sky130_fd_sc_hd__o21ai_2)
     2    0.006446    0.040882    0.070611    2.283922 v _470_/Y (sky130_fd_sc_hd__o21ai_2)
                                                         _122_ (net)
                      0.040882    0.000029    2.283951 v _472_/B (sky130_fd_sc_hd__nand2_2)
     2    0.008010    0.051966    0.073332    2.357282 ^ _472_/Y (sky130_fd_sc_hd__nand2_2)
                                                         _124_ (net)
                      0.051966    0.000037    2.357319 ^ _495_/C1 (sky130_fd_sc_hd__o311a_2)
     4    0.021247    0.123403    0.231668    2.588987 ^ _495_/X (sky130_fd_sc_hd__o311a_2)
                                                         _146_ (net)
                      0.123403    0.000399    2.589386 ^ _496_/B (sky130_fd_sc_hd__xor2_2)
     1    0.038404    0.110797    0.180362    2.769748 v _496_/X (sky130_fd_sc_hd__xor2_2)
                                                         P[10] (net)
                      0.110801    0.000750    2.770498 v P[10] (out)
                                              2.770498   data arrival time

                      0.000000    0.000000    0.000000   clock __VIRTUAL_CLK__ (rise edge)
                                  0.000000    0.000000   clock network delay (ideal)
                                  0.250000    0.250000   clock uncertainty
                                  0.000000    0.250000   clock reconvergence pessimism
                                 -2.000000   -1.750000   output external delay
                                             -1.750000   data required time
---------------------------------------------------------------------------------------------
                                             -1.750000   data required time
                                             -2.770498   data arrival time
---------------------------------------------------------------------------------------------
                                              4.520498   slack (MET)


Startpoint: A[5] (input port clocked by __VIRTUAL_CLK__)
Endpoint: P[11] (output port clocked by __VIRTUAL_CLK__)
Path Group: __VIRTUAL_CLK__
Path Type: min

Fanout         Cap        Slew       Delay        Time   Description
---------------------------------------------------------------------------------------------
                      0.000000    0.000000    0.000000   clock __VIRTUAL_CLK__ (rise edge)
                                  0.000000    0.000000   clock network delay (ideal)
                                  2.000000    2.000000 v input external delay
    13    0.050424    0.112502    0.081545    2.081545 v A[5] (in)
                                                         A[5] (net)
                      0.112584    0.000000    2.081545 v _476_/A (sky130_fd_sc_hd__and3_2)
     2    0.015676    0.063047    0.237220    2.318765 v _476_/X (sky130_fd_sc_hd__and3_2)
                                                         _127_ (net)
                      0.063047    0.000181    2.318946 v _488_/A (sky130_fd_sc_hd__nand2_2)
     2    0.010275    0.063845    0.081846    2.400792 ^ _488_/Y (sky130_fd_sc_hd__nand2_2)
                                                         _139_ (net)
                      0.063845    0.000035    2.400827 ^ _515_/A2 (sky130_fd_sc_hd__a21oi_2)
     3    0.011074    0.037938    0.074076    2.474903 v _515_/Y (sky130_fd_sc_hd__a21oi_2)
                                                         _165_ (net)
                      0.037938    0.000048    2.474951 v _517_/A_N (sky130_fd_sc_hd__and2b_2)
     1    0.009888    0.065584    0.225215    2.700166 ^ _517_/X (sky130_fd_sc_hd__and2b_2)
                                                         _167_ (net)
                      0.065584    0.000043    2.700209 ^ _519_/A (sky130_fd_sc_hd__xnor2_2)
     1    0.038488    0.173584    0.176794    2.877003 v _519_/Y (sky130_fd_sc_hd__xnor2_2)
                                                         P[11] (net)
                      0.173589    0.000781    2.877784 v P[11] (out)
                                              2.877784   data arrival time

                      0.000000    0.000000    0.000000   clock __VIRTUAL_CLK__ (rise edge)
                                  0.000000    0.000000   clock network delay (ideal)
                                  0.250000    0.250000   clock uncertainty
                                  0.000000    0.250000   clock reconvergence pessimism
                                 -2.000000   -1.750000   output external delay
                                             -1.750000   data required time
---------------------------------------------------------------------------------------------
                                             -1.750000   data required time
                                             -2.877784   data arrival time
---------------------------------------------------------------------------------------------
                                              4.627784   slack (MET)


Startpoint: B[0] (input port clocked by __VIRTUAL_CLK__)
Endpoint: P[7] (output port clocked by __VIRTUAL_CLK__)
Path Group: __VIRTUAL_CLK__
Path Type: min

Fanout         Cap        Slew       Delay        Time   Description
---------------------------------------------------------------------------------------------
                      0.000000    0.000000    0.000000   clock __VIRTUAL_CLK__ (rise edge)
                                  0.000000    0.000000   clock network delay (ideal)
                                  2.000000    2.000000 v input external delay
    12    0.045401    0.101398    0.073090    2.073090 v B[0] (in)
                                                         B[0] (net)
                      0.101413    0.000000    2.073090 v _303_/A (sky130_fd_sc_hd__nand2_2)
     6    0.025603    0.138984    0.152939    2.226029 ^ _303_/Y (sky130_fd_sc_hd__nand2_2)
                                                         _236_ (net)
                      0.138984    0.000129    2.226158 ^ _316_/A (sky130_fd_sc_hd__or3_2)
     2    0.006931    0.046166    0.151115    2.377273 ^ _316_/X (sky130_fd_sc_hd__or3_2)
                                                         _249_ (net)
                      0.046166    0.000023    2.377295 ^ _358_/A (sky130_fd_sc_hd__nor2_2)
     3    0.017024    0.043479    0.059150    2.436446 v _358_/Y (sky130_fd_sc_hd__nor2_2)
                                                         _013_ (net)
                      0.043479    0.000129    2.436575 v _395_/A2 (sky130_fd_sc_hd__a21o_2)
     2    0.014745    0.059134    0.240882    2.677458 v _395_/X (sky130_fd_sc_hd__a21o_2)
                                                         _049_ (net)
                      0.059134    0.000124    2.677582 v _396_/B (sky130_fd_sc_hd__xor2_2)
     1    0.039065    0.112496    0.221593    2.899174 v _396_/X (sky130_fd_sc_hd__xor2_2)
                                                         P[7] (net)
                      0.112511    0.001334    2.900508 v P[7] (out)
                                              2.900508   data arrival time

                      0.000000    0.000000    0.000000   clock __VIRTUAL_CLK__ (rise edge)
                                  0.000000    0.000000   clock network delay (ideal)
                                  0.250000    0.250000   clock uncertainty
                                  0.000000    0.250000   clock reconvergence pessimism
                                 -2.000000   -1.750000   output external delay
                                             -1.750000   data required time
---------------------------------------------------------------------------------------------
                                             -1.750000   data required time
                                             -2.900508   data arrival time
---------------------------------------------------------------------------------------------
                                              4.650508   slack (MET)


Startpoint: B[2] (input port clocked by __VIRTUAL_CLK__)
Endpoint: P[12] (output port clocked by __VIRTUAL_CLK__)
Path Group: __VIRTUAL_CLK__
Path Type: min

Fanout         Cap        Slew       Delay        Time   Description
---------------------------------------------------------------------------------------------
                      0.000000    0.000000    0.000000   clock __VIRTUAL_CLK__ (rise edge)
                                  0.000000    0.000000   clock network delay (ideal)
                                  2.000000    2.000000 v input external delay
    13    0.049620    0.110518    0.079881    2.079881 v B[2] (in)
                                                         B[2] (net)
                      0.110534    0.000000    2.079881 v _447_/A (sky130_fd_sc_hd__nand4_2)
     3    0.010661    0.079361    0.115299    2.195180 ^ _447_/Y (sky130_fd_sc_hd__nand4_2)
                                                         _099_ (net)
                      0.079361    0.000123    2.195303 ^ _509_/A (sky130_fd_sc_hd__nand2_2)
     1    0.004606    0.029133    0.051245    2.246548 v _509_/Y (sky130_fd_sc_hd__nand2_2)
                                                         _159_ (net)
                      0.029133    0.000014    2.246562 v _511_/A2 (sky130_fd_sc_hd__o21ai_2)
     2    0.008124    0.068609    0.134093    2.380655 ^ _511_/Y (sky130_fd_sc_hd__o21ai_2)
                                                         _161_ (net)
                      0.068609    0.000084    2.380739 ^ _536_/A (sky130_fd_sc_hd__and3_2)
     1    0.001848    0.038200    0.154711    2.535450 ^ _536_/X (sky130_fd_sc_hd__and3_2)
                                                         _185_ (net)
                      0.038200    0.000002    2.535452 ^ _537_/B (sky130_fd_sc_hd__or2_2)
     2    0.009030    0.057280    0.115207    2.650659 ^ _537_/X (sky130_fd_sc_hd__or2_2)
                                                         _186_ (net)
                      0.057280    0.000064    2.650723 ^ _542_/A (sky130_fd_sc_hd__nand2_2)
     1    0.001482    0.018058    0.035329    2.686053 v _542_/Y (sky130_fd_sc_hd__nand2_2)
                                                         _191_ (net)
                      0.018058    0.000000    2.686053 v _543_/B (sky130_fd_sc_hd__and2_2)
     1    0.039530    0.109118    0.259574    2.945628 v _543_/X (sky130_fd_sc_hd__and2_2)
                                                         P[12] (net)
                      0.109124    0.000940    2.946567 v P[12] (out)
                                              2.946567   data arrival time

                      0.000000    0.000000    0.000000   clock __VIRTUAL_CLK__ (rise edge)
                                  0.000000    0.000000   clock network delay (ideal)
                                  0.250000    0.250000   clock uncertainty
                                  0.000000    0.250000   clock reconvergence pessimism
                                 -2.000000   -1.750000   output external delay
                                             -1.750000   data required time
---------------------------------------------------------------------------------------------
                                             -1.750000   data required time
                                             -2.946567   data arrival time
---------------------------------------------------------------------------------------------
                                              4.696567   slack (MET)



