
===========================================================================
report_checks -unconstrained
===========================================================================
======================= min_ff_n40C_1v95 Corner ===================================

Startpoint: A[0] (input port clocked by __VIRTUAL_CLK__)
Endpoint: P[2] (output port clocked by __VIRTUAL_CLK__)
Path Group: __VIRTUAL_CLK__
Path Type: max

Fanout         Cap        Slew       Delay        Time   Description
---------------------------------------------------------------------------------------------
                      0.000000    0.000000    0.000000   clock __VIRTUAL_CLK__ (rise edge)
                                  0.000000    0.000000   clock network delay (ideal)
                                  2.000000    2.000000 v input external delay
     1    0.002655    0.004519    0.002133    2.002132 v A[0] (in)
                                                         A[0] (net)
                      0.004519    0.000000    2.002132 v input1/A (sky130_fd_sc_hd__buf_1)
     3    0.007540    0.035228    0.061695    2.063827 v input1/X (sky130_fd_sc_hd__buf_1)
                                                         net1 (net)
                      0.035228    0.000076    2.063903 v _1_/B (sky130_fd_sc_hd__and2_1)
     2    0.004594    0.030494    0.102973    2.166877 v _1_/X (sky130_fd_sc_hd__and2_1)
                                                         pp0 (net)
                      0.030494    0.000030    2.166907 v _2_/A_N (sky130_fd_sc_hd__and3b_1)
     1    0.022853    0.173254    0.226346    2.393253 ^ _2_/X (sky130_fd_sc_hd__and3b_1)
                                                         net7 (net)
                      0.173335    0.001531    2.394783 ^ output7/A (sky130_fd_sc_hd__buf_2)
     1    0.033944    0.127175    0.164628    2.559411 ^ output7/X (sky130_fd_sc_hd__buf_2)
                                                         P[2] (net)
                      0.127175    0.000174    2.559586 ^ P[2] (out)
                                              2.559586   data arrival time

                      0.000000   10.000000   10.000000   clock __VIRTUAL_CLK__ (rise edge)
                                  0.000000   10.000000   clock network delay (ideal)
                                 -0.250000    9.750000   clock uncertainty
                                  0.000000    9.750000   clock reconvergence pessimism
                                 -2.000000    7.750000   output external delay
                                              7.750000   data required time
---------------------------------------------------------------------------------------------
                                              7.750000   data required time
                                             -2.559586   data arrival time
---------------------------------------------------------------------------------------------
                                              5.190414   slack (MET)




===========================================================================
report_checks --slack_max -0.01
============================================================================
======================= min_ff_n40C_1v95 Corner ===================================

No paths found.


===========================================================================
 report_check_types -max_slew -max_cap -max_fanout -violators
============================================================================
======================= min_ff_n40C_1v95 Corner ===================================



===========================================================================
report_parasitic_annotation -report_unannotated
============================================================================
Found 0 unannotated drivers.
Found 0 partially unannotated drivers.

===========================================================================
max slew violation count 0
max fanout violation count 0
max cap violation count 0
============================================================================

===========================================================================
check_setup -verbose -unconstrained_endpoints -multiple_clock -no_clock -no_input_delay -loops -generated_clocks
===========================================================================
