
===========================================================================
report_checks -path_delay min (Hold)
============================================================================
======================= min_ff_n40C_1v95 Corner ===================================

Startpoint: B[1] (input port clocked by __VIRTUAL_CLK__)
Endpoint: P[3] (output port clocked by __VIRTUAL_CLK__)
Path Group: __VIRTUAL_CLK__
Path Type: min

Fanout         Cap        Slew       Delay        Time   Description
---------------------------------------------------------------------------------------------
                      0.000000    0.000000    0.000000   clock __VIRTUAL_CLK__ (rise edge)
                                  0.000000    0.000000   clock network delay (ideal)
                                  2.000000    2.000000 v input external delay
     1    0.002594    0.004430    0.002076    2.002076 v B[1] (in)
                                                         B[1] (net)
                      0.004430    0.000000    2.002076 v input4/A (sky130_fd_sc_hd__clkbuf_1)
     3    0.007622    0.035562    0.061859    2.063936 v input4/X (sky130_fd_sc_hd__clkbuf_1)
                                                         net4 (net)
                      0.035562    0.000088    2.064023 v _3_/A (sky130_fd_sc_hd__and4_1)
     2    0.007193    0.036218    0.106205    2.170229 v _3_/X (sky130_fd_sc_hd__and4_1)
                                                         net8 (net)
                      0.036218    0.000054    2.170283 v output8/A (sky130_fd_sc_hd__buf_2)
     1    0.034034    0.062247    0.119756    2.290039 v output8/X (sky130_fd_sc_hd__buf_2)
                                                         P[3] (net)
                      0.062247    0.000200    2.290239 v P[3] (out)
                                              2.290239   data arrival time

                      0.000000    0.000000    0.000000   clock __VIRTUAL_CLK__ (rise edge)
                                  0.000000    0.000000   clock network delay (ideal)
                                  0.250000    0.250000   clock uncertainty
                                  0.000000    0.250000   clock reconvergence pessimism
                                 -2.000000   -1.750000   output external delay
                                             -1.750000   data required time
---------------------------------------------------------------------------------------------
                                             -1.750000   data required time
                                             -2.290239   data arrival time
---------------------------------------------------------------------------------------------
                                              4.040239   slack (MET)


Startpoint: A[0] (input port clocked by __VIRTUAL_CLK__)
Endpoint: P[1] (output port clocked by __VIRTUAL_CLK__)
Path Group: __VIRTUAL_CLK__
Path Type: min

Fanout         Cap        Slew       Delay        Time   Description
---------------------------------------------------------------------------------------------
                      0.000000    0.000000    0.000000   clock __VIRTUAL_CLK__ (rise edge)
                                  0.000000    0.000000   clock network delay (ideal)
                                  2.000000    2.000000 v input external delay
     1    0.002655    0.004519    0.002133    2.002132 v A[0] (in)
                                                         A[0] (net)
                      0.004519    0.000000    2.002132 v input1/A (sky130_fd_sc_hd__buf_1)
     3    0.007540    0.035228    0.061695    2.063827 v input1/X (sky130_fd_sc_hd__buf_1)
                                                         net1 (net)
                      0.035228    0.000093    2.063920 v _4_/B1 (sky130_fd_sc_hd__a22oi_1)
     1    0.004975    0.091440    0.085400    2.149320 ^ _4_/Y (sky130_fd_sc_hd__a22oi_1)
                                                         _0_ (net)
                      0.091440    0.000043    2.149363 ^ _5_/B (sky130_fd_sc_hd__nor2_2)
     2    0.019999    0.043992    0.049944    2.199307 v _5_/Y (sky130_fd_sc_hd__nor2_2)
                                                         net6 (net)
                      0.044083    0.001588    2.200895 v output6/A (sky130_fd_sc_hd__buf_2)
     1    0.034019    0.062225    0.122887    2.323783 v output6/X (sky130_fd_sc_hd__buf_2)
                                                         P[1] (net)
                      0.062225    0.000200    2.323983 v P[1] (out)
                                              2.323983   data arrival time

                      0.000000    0.000000    0.000000   clock __VIRTUAL_CLK__ (rise edge)
                                  0.000000    0.000000   clock network delay (ideal)
                                  0.250000    0.250000   clock uncertainty
                                  0.000000    0.250000   clock reconvergence pessimism
                                 -2.000000   -1.750000   output external delay
                                             -1.750000   data required time
---------------------------------------------------------------------------------------------
                                             -1.750000   data required time
                                             -2.323983   data arrival time
---------------------------------------------------------------------------------------------
                                              4.073983   slack (MET)


Startpoint: A[1] (input port clocked by __VIRTUAL_CLK__)
Endpoint: P[2] (output port clocked by __VIRTUAL_CLK__)
Path Group: __VIRTUAL_CLK__
Path Type: min

Fanout         Cap        Slew       Delay        Time   Description
---------------------------------------------------------------------------------------------
                      0.000000    0.000000    0.000000   clock __VIRTUAL_CLK__ (rise edge)
                                  0.000000    0.000000   clock network delay (ideal)
                                  2.000000    2.000000 v input external delay
     1    0.002689    0.004569    0.002163    2.002163 v A[1] (in)
                                                         A[1] (net)
                      0.004569    0.000000    2.002163 v input2/A (sky130_fd_sc_hd__buf_1)
     3    0.008242    0.037831    0.063879    2.066042 v input2/X (sky130_fd_sc_hd__buf_1)
                                                         net2 (net)
                      0.037831    0.000125    2.066168 v _2_/B (sky130_fd_sc_hd__and3b_1)
     1    0.022694    0.082398    0.158970    2.225137 v _2_/X (sky130_fd_sc_hd__and3b_1)
                                                         net7 (net)
                      0.082428    0.001508    2.226645 v output7/A (sky130_fd_sc_hd__buf_2)
     1    0.033944    0.062189    0.138337    2.364982 v output7/X (sky130_fd_sc_hd__buf_2)
                                                         P[2] (net)
                      0.062189    0.000174    2.365156 v P[2] (out)
                                              2.365156   data arrival time

                      0.000000    0.000000    0.000000   clock __VIRTUAL_CLK__ (rise edge)
                                  0.000000    0.000000   clock network delay (ideal)
                                  0.250000    0.250000   clock uncertainty
                                  0.000000    0.250000   clock reconvergence pessimism
                                 -2.000000   -1.750000   output external delay
                                             -1.750000   data required time
---------------------------------------------------------------------------------------------
                                             -1.750000   data required time
                                             -2.365156   data arrival time
---------------------------------------------------------------------------------------------
                                              4.115156   slack (MET)


Startpoint: B[0] (input port clocked by __VIRTUAL_CLK__)
Endpoint: P[0] (output port clocked by __VIRTUAL_CLK__)
Path Group: __VIRTUAL_CLK__
Path Type: min

Fanout         Cap        Slew       Delay        Time   Description
---------------------------------------------------------------------------------------------
                      0.000000    0.000000    0.000000   clock __VIRTUAL_CLK__ (rise edge)
                                  0.000000    0.000000   clock network delay (ideal)
                                  2.000000    2.000000 v input external delay
     1    0.002635    0.004489    0.002114    2.002114 v B[0] (in)
                                                         B[0] (net)
                      0.004489    0.000000    2.002114 v input3/A (sky130_fd_sc_hd__clkbuf_1)
     3    0.006814    0.032575    0.059392    2.061506 v input3/X (sky130_fd_sc_hd__clkbuf_1)
                                                         net3 (net)
                      0.032575    0.000057    2.061563 v _1_/A (sky130_fd_sc_hd__and2_1)
     2    0.004594    0.028721    0.089867    2.151430 v _1_/X (sky130_fd_sc_hd__and2_1)
                                                         pp0 (net)
                      0.028721    0.000027    2.151457 v _6_/A (sky130_fd_sc_hd__clkbuf_2)
     1    0.024883    0.068759    0.108312    2.259769 v _6_/X (sky130_fd_sc_hd__clkbuf_2)
                                                         net5 (net)
                      0.068822    0.001731    2.261500 v output5/A (sky130_fd_sc_hd__buf_2)
     1    0.034111    0.062410    0.132997    2.394497 v output5/X (sky130_fd_sc_hd__buf_2)
                                                         P[0] (net)
                      0.062410    0.000209    2.394706 v P[0] (out)
                                              2.394706   data arrival time

                      0.000000    0.000000    0.000000   clock __VIRTUAL_CLK__ (rise edge)
                                  0.000000    0.000000   clock network delay (ideal)
                                  0.250000    0.250000   clock uncertainty
                                  0.000000    0.250000   clock reconvergence pessimism
                                 -2.000000   -1.750000   output external delay
                                             -1.750000   data required time
---------------------------------------------------------------------------------------------
                                             -1.750000   data required time
                                             -2.394706   data arrival time
---------------------------------------------------------------------------------------------
                                              4.144706   slack (MET)



