
===========================================================================
report_checks -path_delay min (Hold)
============================================================================
======================= nom_tt_025C_1v80 Corner ===================================

Startpoint: A[2] (input port clocked by __VIRTUAL_CLK__)
Endpoint: P[2] (output port clocked by __VIRTUAL_CLK__)
Path Group: __VIRTUAL_CLK__
Path Type: min

Fanout         Cap        Slew       Delay        Time   Description
---------------------------------------------------------------------------------------------
                      0.000000    0.000000    0.000000   clock __VIRTUAL_CLK__ (rise edge)
                                  0.000000    0.000000   clock network delay (ideal)
                                  2.000000    2.000000 v input external delay
     1    0.002642    0.008267    0.004146    2.004146 v A[2] (in)
                                                         A[2] (net)
                      0.008267    0.000000    2.004146 v input3/A (sky130_fd_sc_hd__clkbuf_2)
     3    0.014643    0.062952    0.118962    2.123107 v input3/X (sky130_fd_sc_hd__clkbuf_2)
                                                         net3 (net)
                      0.062952    0.000217    2.123324 v fanout38/A (sky130_fd_sc_hd__buf_6)
     5    0.022806    0.035238    0.136120    2.259444 v fanout38/X (sky130_fd_sc_hd__buf_6)
                                                         net38 (net)
                      0.035254    0.000652    2.260096 v _300_/B (sky130_fd_sc_hd__nand2_2)
     5    0.014056    0.081167    0.092123    2.352219 ^ _300_/Y (sky130_fd_sc_hd__nand2_2)
                                                         _236_ (net)
                      0.081167    0.000005    2.352224 ^ _302_/B (sky130_fd_sc_hd__xor2_1)
     1    0.002154    0.034205    0.062238    2.414462 v _302_/X (sky130_fd_sc_hd__xor2_1)
                                                         net25 (net)
                      0.034205    0.000005    2.414467 v output25/A (sky130_fd_sc_hd__buf_2)
     1    0.033936    0.088607    0.175302    2.589769 v output25/X (sky130_fd_sc_hd__buf_2)
                                                         P[2] (net)
                      0.088607    0.000071    2.589839 v P[2] (out)
                                              2.589839   data arrival time

                      0.000000    0.000000    0.000000   clock __VIRTUAL_CLK__ (rise edge)
                                  0.000000    0.000000   clock network delay (ideal)
                                  0.250000    0.250000   clock uncertainty
                                  0.000000    0.250000   clock reconvergence pessimism
                                 -2.000000   -1.750000   output external delay
                                             -1.750000   data required time
---------------------------------------------------------------------------------------------
                                             -1.750000   data required time
                                             -2.589839   data arrival time
---------------------------------------------------------------------------------------------
                                              4.339839   slack (MET)


Startpoint: B[0] (input port clocked by __VIRTUAL_CLK__)
Endpoint: P[0] (output port clocked by __VIRTUAL_CLK__)
Path Group: __VIRTUAL_CLK__
Path Type: min

Fanout         Cap        Slew       Delay        Time   Description
---------------------------------------------------------------------------------------------
                      0.000000    0.000000    0.000000   clock __VIRTUAL_CLK__ (rise edge)
                                  0.000000    0.000000   clock network delay (ideal)
                                  2.000000    2.000000 v input external delay
     1    0.003292    0.009776    0.005245    2.005245 v B[0] (in)
                                                         B[0] (net)
                      0.009776    0.000000    2.005245 v input9/A (sky130_fd_sc_hd__buf_4)
     4    0.024193    0.047736    0.142150    2.147395 v input9/X (sky130_fd_sc_hd__buf_4)
                                                         net9 (net)
                      0.047743    0.000605    2.148000 v fanout33/A (sky130_fd_sc_hd__buf_8)
    10    0.037192    0.041873    0.136987    2.284987 v fanout33/X (sky130_fd_sc_hd__buf_8)
                                                         net33 (net)
                      0.041915    0.001221    2.286207 v _291_/A (sky130_fd_sc_hd__and2_1)
     1    0.002797    0.033529    0.130524    2.416731 v _291_/X (sky130_fd_sc_hd__and2_1)
                                                         net17 (net)
                      0.033529    0.000012    2.416743 v output17/A (sky130_fd_sc_hd__buf_2)
     1    0.034006    0.088768    0.175127    2.591870 v output17/X (sky130_fd_sc_hd__buf_2)
                                                         P[0] (net)
                      0.088768    0.000087    2.591957 v P[0] (out)
                                              2.591957   data arrival time

                      0.000000    0.000000    0.000000   clock __VIRTUAL_CLK__ (rise edge)
                                  0.000000    0.000000   clock network delay (ideal)
                                  0.250000    0.250000   clock uncertainty
                                  0.000000    0.250000   clock reconvergence pessimism
                                 -2.000000   -1.750000   output external delay
                                             -1.750000   data required time
---------------------------------------------------------------------------------------------
                                             -1.750000   data required time
                                             -2.591957   data arrival time
---------------------------------------------------------------------------------------------
                                              4.341957   slack (MET)


Startpoint: B[0] (input port clocked by __VIRTUAL_CLK__)
Endpoint: P[4] (output port clocked by __VIRTUAL_CLK__)
Path Group: __VIRTUAL_CLK__
Path Type: min

Fanout         Cap        Slew       Delay        Time   Description
---------------------------------------------------------------------------------------------
                      0.000000    0.000000    0.000000   clock __VIRTUAL_CLK__ (rise edge)
                                  0.000000    0.000000   clock network delay (ideal)
                                  2.000000    2.000000 v input external delay
     1    0.003292    0.009776    0.005245    2.005245 v B[0] (in)
                                                         B[0] (net)
                      0.009776    0.000000    2.005245 v input9/A (sky130_fd_sc_hd__buf_4)
     4    0.024193    0.047736    0.142150    2.147395 v input9/X (sky130_fd_sc_hd__buf_4)
                                                         net9 (net)
                      0.047743    0.000605    2.148000 v fanout33/A (sky130_fd_sc_hd__buf_8)
    10    0.037192    0.041873    0.136987    2.284987 v fanout33/X (sky130_fd_sc_hd__buf_8)
                                                         net33 (net)
                      0.041873    0.000009    2.284996 v _334_/A1 (sky130_fd_sc_hd__a21oi_1)
     1    0.002648    0.086821    0.113580    2.398576 ^ _334_/Y (sky130_fd_sc_hd__a21oi_1)
                                                         _268_ (net)
                      0.086821    0.000002    2.398578 ^ _335_/B (sky130_fd_sc_hd__nor2_1)
     1    0.004297    0.034195    0.052780    2.451357 v _335_/Y (sky130_fd_sc_hd__nor2_1)
                                                         net27 (net)
                      0.034195    0.000051    2.451408 v output27/A (sky130_fd_sc_hd__buf_2)
     1    0.034344    0.089543    0.175958    2.627366 v output27/X (sky130_fd_sc_hd__buf_2)
                                                         P[4] (net)
                      0.089543    0.000197    2.627563 v P[4] (out)
                                              2.627563   data arrival time

                      0.000000    0.000000    0.000000   clock __VIRTUAL_CLK__ (rise edge)
                                  0.000000    0.000000   clock network delay (ideal)
                                  0.250000    0.250000   clock uncertainty
                                  0.000000    0.250000   clock reconvergence pessimism
                                 -2.000000   -1.750000   output external delay
                                             -1.750000   data required time
---------------------------------------------------------------------------------------------
                                             -1.750000   data required time
                                             -2.627563   data arrival time
---------------------------------------------------------------------------------------------
                                              4.377563   slack (MET)


Startpoint: B[1] (input port clocked by __VIRTUAL_CLK__)
Endpoint: P[1] (output port clocked by __VIRTUAL_CLK__)
Path Group: __VIRTUAL_CLK__
Path Type: min

Fanout         Cap        Slew       Delay        Time   Description
---------------------------------------------------------------------------------------------
                      0.000000    0.000000    0.000000   clock __VIRTUAL_CLK__ (rise edge)
                                  0.000000    0.000000   clock network delay (ideal)
                                  2.000000    2.000000 v input external delay
     1    0.002590    0.008147    0.004058    2.004058 v B[1] (in)
                                                         B[1] (net)
                      0.008147    0.000000    2.004058 v input10/A (sky130_fd_sc_hd__clkbuf_2)
     2    0.014496    0.062411    0.118571    2.122629 v input10/X (sky130_fd_sc_hd__clkbuf_2)
                                                         net10 (net)
                      0.062411    0.000026    2.122655 v fanout48/A (sky130_fd_sc_hd__buf_6)
    10    0.034019    0.043376    0.144462    2.267117 v fanout48/X (sky130_fd_sc_hd__buf_6)
                                                         net48 (net)
                      0.043376    0.000021    2.267138 v _293_/B (sky130_fd_sc_hd__nand4_2)
     3    0.008018    0.063054    0.092459    2.359598 ^ _293_/Y (sky130_fd_sc_hd__nand4_2)
                                                         _230_ (net)
                      0.063054    0.000022    2.359620 ^ _295_/A (sky130_fd_sc_hd__and2_1)
     1    0.002655    0.046216    0.114964    2.474584 ^ _295_/X (sky130_fd_sc_hd__and2_1)
                                                         net24 (net)
                      0.046216    0.000008    2.474592 ^ output24/A (sky130_fd_sc_hd__buf_2)
     1    0.033989    0.168788    0.197913    2.672505 ^ output24/X (sky130_fd_sc_hd__buf_2)
                                                         P[1] (net)
                      0.168788    0.000083    2.672587 ^ P[1] (out)
                                              2.672587   data arrival time

                      0.000000    0.000000    0.000000   clock __VIRTUAL_CLK__ (rise edge)
                                  0.000000    0.000000   clock network delay (ideal)
                                  0.250000    0.250000   clock uncertainty
                                  0.000000    0.250000   clock reconvergence pessimism
                                 -2.000000   -1.750000   output external delay
                                             -1.750000   data required time
---------------------------------------------------------------------------------------------
                                             -1.750000   data required time
                                             -2.672587   data arrival time
---------------------------------------------------------------------------------------------
                                              4.422587   slack (MET)


Startpoint: A[7] (input port clocked by __VIRTUAL_CLK__)
Endpoint: P[15] (output port clocked by __VIRTUAL_CLK__)
Path Group: __VIRTUAL_CLK__
Path Type: min

Fanout         Cap        Slew       Delay        Time   Description
---------------------------------------------------------------------------------------------
                      0.000000    0.000000    0.000000   clock __VIRTUAL_CLK__ (rise edge)
                                  0.000000    0.000000   clock network delay (ideal)
                                  2.000000    2.000000 ^ input external delay
     1    0.002762    0.019570    0.010165    2.010164 ^ A[7] (in)
                                                         A[7] (net)
                      0.019570    0.000000    2.010164 ^ input8/A (sky130_fd_sc_hd__buf_2)
     8    0.030216    0.151294    0.174885    2.185050 ^ input8/X (sky130_fd_sc_hd__buf_2)
                                                         net8 (net)
                      0.151294    0.000191    2.185240 ^ _575_/A2 (sky130_fd_sc_hd__a41o_1)
     2    0.008341    0.088180    0.219653    2.404893 ^ _575_/X (sky130_fd_sc_hd__a41o_1)
                                                         _216_ (net)
                      0.088180    0.000063    2.404956 ^ _576_/B (sky130_fd_sc_hd__and2_1)
     1    0.003004    0.049489    0.128576    2.533532 ^ _576_/X (sky130_fd_sc_hd__and2_1)
                                                         _217_ (net)
                      0.049489    0.000007    2.533539 ^ _581_/A (sky130_fd_sc_hd__or3_4)
     1    0.008096    0.039004    0.118667    2.652206 ^ _581_/X (sky130_fd_sc_hd__or3_4)
                                                         net23 (net)
                      0.039004    0.000033    2.652239 ^ output23/A (sky130_fd_sc_hd__buf_8)
     1    0.034852    0.066529    0.114468    2.766706 ^ output23/X (sky130_fd_sc_hd__buf_8)
                                                         P[15] (net)
                      0.066529    0.000282    2.766989 ^ P[15] (out)
                                              2.766989   data arrival time

                      0.000000    0.000000    0.000000   clock __VIRTUAL_CLK__ (rise edge)
                                  0.000000    0.000000   clock network delay (ideal)
                                  0.250000    0.250000   clock uncertainty
                                  0.000000    0.250000   clock reconvergence pessimism
                                 -2.000000   -1.750000   output external delay
                                             -1.750000   data required time
---------------------------------------------------------------------------------------------
                                             -1.750000   data required time
                                             -2.766989   data arrival time
---------------------------------------------------------------------------------------------
                                              4.516989   slack (MET)


Startpoint: A[7] (input port clocked by __VIRTUAL_CLK__)
Endpoint: P[14] (output port clocked by __VIRTUAL_CLK__)
Path Group: __VIRTUAL_CLK__
Path Type: min

Fanout         Cap        Slew       Delay        Time   Description
---------------------------------------------------------------------------------------------
                      0.000000    0.000000    0.000000   clock __VIRTUAL_CLK__ (rise edge)
                                  0.000000    0.000000   clock network delay (ideal)
                                  2.000000    2.000000 ^ input external delay
     1    0.002762    0.019570    0.010165    2.010164 ^ A[7] (in)
                                                         A[7] (net)
                      0.019570    0.000000    2.010164 ^ input8/A (sky130_fd_sc_hd__buf_2)
     8    0.030216    0.151294    0.174885    2.185050 ^ input8/X (sky130_fd_sc_hd__buf_2)
                                                         net8 (net)
                      0.151294    0.000191    2.185240 ^ _575_/A2 (sky130_fd_sc_hd__a41o_1)
     2    0.008341    0.088180    0.219653    2.404893 ^ _575_/X (sky130_fd_sc_hd__a41o_1)
                                                         _216_ (net)
                      0.088180    0.000061    2.404954 ^ _577_/B (sky130_fd_sc_hd__xor2_1)
     2    0.008325    0.057812    0.096626    2.501580 v _577_/X (sky130_fd_sc_hd__xor2_1)
                                                         _218_ (net)
                      0.057812    0.000043    2.501624 v _579_/B (sky130_fd_sc_hd__xor2_1)
     1    0.005465    0.046858    0.153021    2.654644 v _579_/X (sky130_fd_sc_hd__xor2_1)
                                                         net22 (net)
                      0.046858    0.000028    2.654672 v output22/A (sky130_fd_sc_hd__buf_6)
     1    0.034597    0.043851    0.137840    2.792512 v output22/X (sky130_fd_sc_hd__buf_6)
                                                         P[14] (net)
                      0.043851    0.000246    2.792757 v P[14] (out)
                                              2.792757   data arrival time

                      0.000000    0.000000    0.000000   clock __VIRTUAL_CLK__ (rise edge)
                                  0.000000    0.000000   clock network delay (ideal)
                                  0.250000    0.250000   clock uncertainty
                                  0.000000    0.250000   clock reconvergence pessimism
                                 -2.000000   -1.750000   output external delay
                                             -1.750000   data required time
---------------------------------------------------------------------------------------------
                                             -1.750000   data required time
                                             -2.792757   data arrival time
---------------------------------------------------------------------------------------------
                                              4.542758   slack (MET)


Startpoint: A[2] (input port clocked by __VIRTUAL_CLK__)
Endpoint: P[3] (output port clocked by __VIRTUAL_CLK__)
Path Group: __VIRTUAL_CLK__
Path Type: min

Fanout         Cap        Slew       Delay        Time   Description
---------------------------------------------------------------------------------------------
                      0.000000    0.000000    0.000000   clock __VIRTUAL_CLK__ (rise edge)
                                  0.000000    0.000000   clock network delay (ideal)
                                  2.000000    2.000000 v input external delay
     1    0.002642    0.008267    0.004146    2.004146 v A[2] (in)
                                                         A[2] (net)
                      0.008267    0.000000    2.004146 v input3/A (sky130_fd_sc_hd__clkbuf_2)
     3    0.014643    0.062952    0.118962    2.123107 v input3/X (sky130_fd_sc_hd__clkbuf_2)
                                                         net3 (net)
                      0.062952    0.000217    2.123324 v fanout38/A (sky130_fd_sc_hd__buf_6)
     5    0.022806    0.035238    0.136120    2.259444 v fanout38/X (sky130_fd_sc_hd__buf_6)
                                                         net38 (net)
                      0.035254    0.000652    2.260096 v _300_/B (sky130_fd_sc_hd__nand2_2)
     5    0.014056    0.081167    0.092123    2.352219 ^ _300_/Y (sky130_fd_sc_hd__nand2_2)
                                                         _236_ (net)
                      0.081167    0.000032    2.352251 ^ _301_/B (sky130_fd_sc_hd__nor2_1)
     4    0.011028    0.057693    0.076048    2.428299 v _301_/Y (sky130_fd_sc_hd__nor2_1)
                                                         _237_ (net)
                      0.057693    0.000133    2.428433 v _314_/A (sky130_fd_sc_hd__nand2_1)
     2    0.006850    0.074132    0.084666    2.513099 ^ _314_/Y (sky130_fd_sc_hd__nand2_1)
                                                         _249_ (net)
                      0.074132    0.000022    2.513121 ^ _316_/A (sky130_fd_sc_hd__and2_1)
     1    0.005041    0.065075    0.135743    2.648864 ^ _316_/X (sky130_fd_sc_hd__and2_1)
                                                         net26 (net)
                      0.065075    0.000075    2.648939 ^ output26/A (sky130_fd_sc_hd__buf_2)
     1    0.034296    0.170297    0.205907    2.854846 ^ output26/X (sky130_fd_sc_hd__buf_2)
                                                         P[3] (net)
                      0.170297    0.000191    2.855036 ^ P[3] (out)
                                              2.855036   data arrival time

                      0.000000    0.000000    0.000000   clock __VIRTUAL_CLK__ (rise edge)
                                  0.000000    0.000000   clock network delay (ideal)
                                  0.250000    0.250000   clock uncertainty
                                  0.000000    0.250000   clock reconvergence pessimism
                                 -2.000000   -1.750000   output external delay
                                             -1.750000   data required time
---------------------------------------------------------------------------------------------
                                             -1.750000   data required time
                                             -2.855036   data arrival time
---------------------------------------------------------------------------------------------
                                              4.605036   slack (MET)


Startpoint: B[0] (input port clocked by __VIRTUAL_CLK__)
Endpoint: P[5] (output port clocked by __VIRTUAL_CLK__)
Path Group: __VIRTUAL_CLK__
Path Type: min

Fanout         Cap        Slew       Delay        Time   Description
---------------------------------------------------------------------------------------------
                      0.000000    0.000000    0.000000   clock __VIRTUAL_CLK__ (rise edge)
                                  0.000000    0.000000   clock network delay (ideal)
                                  2.000000    2.000000 ^ input external delay
     1    0.003540    0.022941    0.012888    2.012888 ^ B[0] (in)
                                                         B[0] (net)
                      0.022941    0.000000    2.012888 ^ input9/A (sky130_fd_sc_hd__buf_4)
     4    0.025253    0.079067    0.130299    2.143187 ^ input9/X (sky130_fd_sc_hd__buf_4)
                                                         net9 (net)
                      0.079071    0.000635    2.143822 ^ fanout33/A (sky130_fd_sc_hd__buf_8)
    10    0.038326    0.071674    0.132225    2.276047 ^ fanout33/X (sky130_fd_sc_hd__buf_8)
                                                         net33 (net)
                      0.071674    0.000068    2.276116 ^ _333_/A (sky130_fd_sc_hd__and3_1)
     3    0.007919    0.095912    0.180977    2.457093 ^ _333_/X (sky130_fd_sc_hd__and3_1)
                                                         _267_ (net)
                      0.095912    0.000008    2.457101 ^ _582_/B (sky130_fd_sc_hd__or3b_1)
     1    0.001951    0.032380    0.105712    2.562814 ^ _582_/X (sky130_fd_sc_hd__or3b_1)
                                                         _222_ (net)
                      0.032380    0.000003    2.562816 ^ _583_/B (sky130_fd_sc_hd__and2b_1)
     1    0.004600    0.055657    0.121416    2.684232 ^ _583_/X (sky130_fd_sc_hd__and2b_1)
                                                         net28 (net)
                      0.055657    0.000059    2.684290 ^ output28/A (sky130_fd_sc_hd__buf_2)
     1    0.034344    0.170470    0.202593    2.886883 ^ output28/X (sky130_fd_sc_hd__buf_2)
                                                         P[5] (net)
                      0.170470    0.000197    2.887081 ^ P[5] (out)
                                              2.887081   data arrival time

                      0.000000    0.000000    0.000000   clock __VIRTUAL_CLK__ (rise edge)
                                  0.000000    0.000000   clock network delay (ideal)
                                  0.250000    0.250000   clock uncertainty
                                  0.000000    0.250000   clock reconvergence pessimism
                                 -2.000000   -1.750000   output external delay
                                             -1.750000   data required time
---------------------------------------------------------------------------------------------
                                             -1.750000   data required time
                                             -2.887081   data arrival time
---------------------------------------------------------------------------------------------
                                              4.637081   slack (MET)


Startpoint: B[0] (input port clocked by __VIRTUAL_CLK__)
Endpoint: P[6] (output port clocked by __VIRTUAL_CLK__)
Path Group: __VIRTUAL_CLK__
Path Type: min

Fanout         Cap        Slew       Delay        Time   Description
---------------------------------------------------------------------------------------------
                      0.000000    0.000000    0.000000   clock __VIRTUAL_CLK__ (rise edge)
                                  0.000000    0.000000   clock network delay (ideal)
                                  2.000000    2.000000 ^ input external delay
     1    0.003540    0.022941    0.012888    2.012888 ^ B[0] (in)
                                                         B[0] (net)
                      0.022941    0.000000    2.012888 ^ input9/A (sky130_fd_sc_hd__buf_4)
     4    0.025253    0.079067    0.130299    2.143187 ^ input9/X (sky130_fd_sc_hd__buf_4)
                                                         net9 (net)
                      0.079071    0.000635    2.143822 ^ fanout33/A (sky130_fd_sc_hd__buf_8)
    10    0.038326    0.071674    0.132225    2.276047 ^ fanout33/X (sky130_fd_sc_hd__buf_8)
                                                         net33 (net)
                      0.071674    0.000068    2.276116 ^ _333_/A (sky130_fd_sc_hd__and3_1)
     3    0.007919    0.095912    0.180977    2.457093 ^ _333_/X (sky130_fd_sc_hd__and3_1)
                                                         _267_ (net)
                      0.095912    0.000012    2.457105 ^ _381_/A2 (sky130_fd_sc_hd__o21ba_1)
     3    0.016010    0.163539    0.212321    2.669426 ^ _381_/X (sky130_fd_sc_hd__o21ba_1)
                                                         _030_ (net)
                      0.163539    0.000107    2.669533 ^ _382_/A (sky130_fd_sc_hd__xor2_2)
     1    0.007396    0.041197    0.101867    2.771399 v _382_/X (sky130_fd_sc_hd__xor2_2)
                                                         net29 (net)
                      0.041197    0.000117    2.771516 v output29/A (sky130_fd_sc_hd__buf_6)
     1    0.034467    0.043758    0.135302    2.906818 v output29/X (sky130_fd_sc_hd__buf_6)
                                                         P[6] (net)
                      0.043758    0.000215    2.907033 v P[6] (out)
                                              2.907033   data arrival time

                      0.000000    0.000000    0.000000   clock __VIRTUAL_CLK__ (rise edge)
                                  0.000000    0.000000   clock network delay (ideal)
                                  0.250000    0.250000   clock uncertainty
                                  0.000000    0.250000   clock reconvergence pessimism
                                 -2.000000   -1.750000   output external delay
                                             -1.750000   data required time
---------------------------------------------------------------------------------------------
                                             -1.750000   data required time
                                             -2.907033   data arrival time
---------------------------------------------------------------------------------------------
                                              4.657033   slack (MET)


Startpoint: B[4] (input port clocked by __VIRTUAL_CLK__)
Endpoint: P[8] (output port clocked by __VIRTUAL_CLK__)
Path Group: __VIRTUAL_CLK__
Path Type: min

Fanout         Cap        Slew       Delay        Time   Description
---------------------------------------------------------------------------------------------
                      0.000000    0.000000    0.000000   clock __VIRTUAL_CLK__ (rise edge)
                                  0.000000    0.000000   clock network delay (ideal)
                                  2.000000    2.000000 v input external delay
     1    0.002260    0.007388    0.003503    2.003503 v B[4] (in)
                                                         B[4] (net)
                      0.007388    0.000000    2.003503 v input13/A (sky130_fd_sc_hd__buf_2)
     8    0.030576    0.081524    0.157543    2.161046 v input13/X (sky130_fd_sc_hd__buf_2)
                                                         net13 (net)
                      0.081527    0.000618    2.161664 v _442_/A (sky130_fd_sc_hd__nand2_1)
     4    0.014390    0.137698    0.142115    2.303779 ^ _442_/Y (sky130_fd_sc_hd__nand2_1)
                                                         _089_ (net)
                      0.137699    0.000224    2.304003 ^ _443_/B (sky130_fd_sc_hd__nand2_1)
     1    0.002488    0.040477    0.066985    2.370988 v _443_/Y (sky130_fd_sc_hd__nand2_1)
                                                         _090_ (net)
                      0.040477    0.000004    2.370992 v _445_/A (sky130_fd_sc_hd__nand2_1)
     2    0.006227    0.066163    0.073412    2.444404 ^ _445_/Y (sky130_fd_sc_hd__nand2_1)
                                                         _092_ (net)
                      0.066163    0.000035    2.444439 ^ _447_/C (sky130_fd_sc_hd__nand3_1)
     1    0.004505    0.067476    0.087985    2.532424 v _447_/Y (sky130_fd_sc_hd__nand3_1)
                                                         _094_ (net)
                      0.067476    0.000008    2.532432 v _448_/B (sky130_fd_sc_hd__nand2_2)
     3    0.017239    0.099681    0.117534    2.649966 ^ _448_/Y (sky130_fd_sc_hd__nand2_2)
                                                         _095_ (net)
                      0.099681    0.000031    2.649998 ^ _450_/A (sky130_fd_sc_hd__xor2_1)
     1    0.007188    0.053540    0.097119    2.747116 v _450_/X (sky130_fd_sc_hd__xor2_1)
                                                         net31 (net)
                      0.053540    0.000104    2.747220 v output31/A (sky130_fd_sc_hd__buf_4)
     1    0.034035    0.058506    0.171838    2.919058 v output31/X (sky130_fd_sc_hd__buf_4)
                                                         P[8] (net)
                      0.058506    0.000086    2.919144 v P[8] (out)
                                              2.919144   data arrival time

                      0.000000    0.000000    0.000000   clock __VIRTUAL_CLK__ (rise edge)
                                  0.000000    0.000000   clock network delay (ideal)
                                  0.250000    0.250000   clock uncertainty
                                  0.000000    0.250000   clock reconvergence pessimism
                                 -2.000000   -1.750000   output external delay
                                             -1.750000   data required time
---------------------------------------------------------------------------------------------
                                             -1.750000   data required time
                                             -2.919144   data arrival time
---------------------------------------------------------------------------------------------
                                              4.669143   slack (MET)


Startpoint: B[4] (input port clocked by __VIRTUAL_CLK__)
Endpoint: P[9] (output port clocked by __VIRTUAL_CLK__)
Path Group: __VIRTUAL_CLK__
Path Type: min

Fanout         Cap        Slew       Delay        Time   Description
---------------------------------------------------------------------------------------------
                      0.000000    0.000000    0.000000   clock __VIRTUAL_CLK__ (rise edge)
                                  0.000000    0.000000   clock network delay (ideal)
                                  2.000000    2.000000 v input external delay
     1    0.002260    0.007388    0.003503    2.003503 v B[4] (in)
                                                         B[4] (net)
                      0.007388    0.000000    2.003503 v input13/A (sky130_fd_sc_hd__buf_2)
     8    0.030576    0.081524    0.157543    2.161046 v input13/X (sky130_fd_sc_hd__buf_2)
                                                         net13 (net)
                      0.081527    0.000618    2.161664 v _442_/A (sky130_fd_sc_hd__nand2_1)
     4    0.014390    0.137698    0.142115    2.303779 ^ _442_/Y (sky130_fd_sc_hd__nand2_1)
                                                         _089_ (net)
                      0.137699    0.000224    2.304003 ^ _443_/B (sky130_fd_sc_hd__nand2_1)
     1    0.002488    0.040477    0.066985    2.370988 v _443_/Y (sky130_fd_sc_hd__nand2_1)
                                                         _090_ (net)
                      0.040477    0.000004    2.370992 v _445_/A (sky130_fd_sc_hd__nand2_1)
     2    0.006227    0.066163    0.073412    2.444404 ^ _445_/Y (sky130_fd_sc_hd__nand2_1)
                                                         _092_ (net)
                      0.066163    0.000038    2.444442 ^ _446_/B1 (sky130_fd_sc_hd__a21o_1)
     3    0.009968    0.095023    0.124612    2.569054 ^ _446_/X (sky130_fd_sc_hd__a21o_1)
                                                         _093_ (net)
                      0.095023    0.000027    2.569081 ^ _479_/B1 (sky130_fd_sc_hd__o21a_1)
     1    0.009066    0.096335    0.165750    2.734830 ^ _479_/X (sky130_fd_sc_hd__o21a_1)
                                                         _125_ (net)
                      0.096335    0.000027    2.734857 ^ _480_/B (sky130_fd_sc_hd__xnor2_2)
     1    0.008222    0.051840    0.080740    2.815598 v _480_/Y (sky130_fd_sc_hd__xnor2_2)
                                                         net32 (net)
                      0.051840    0.000104    2.815701 v output32/A (sky130_fd_sc_hd__buf_6)
     1    0.034144    0.043455    0.139741    2.955442 v output32/X (sky130_fd_sc_hd__buf_6)
                                                         P[9] (net)
                      0.043455    0.000109    2.955551 v P[9] (out)
                                              2.955551   data arrival time

                      0.000000    0.000000    0.000000   clock __VIRTUAL_CLK__ (rise edge)
                                  0.000000    0.000000   clock network delay (ideal)
                                  0.250000    0.250000   clock uncertainty
                                  0.000000    0.250000   clock reconvergence pessimism
                                 -2.000000   -1.750000   output external delay
                                             -1.750000   data required time
---------------------------------------------------------------------------------------------
                                             -1.750000   data required time
                                             -2.955551   data arrival time
---------------------------------------------------------------------------------------------
                                              4.705552   slack (MET)


Startpoint: A[3] (input port clocked by __VIRTUAL_CLK__)
Endpoint: P[13] (output port clocked by __VIRTUAL_CLK__)
Path Group: __VIRTUAL_CLK__
Path Type: min

Fanout         Cap        Slew       Delay        Time   Description
---------------------------------------------------------------------------------------------
                      0.000000    0.000000    0.000000   clock __VIRTUAL_CLK__ (rise edge)
                                  0.000000    0.000000   clock network delay (ideal)
                                  2.000000    2.000000 ^ input external delay
     1    0.002875    0.020053    0.010553    2.010553 ^ A[3] (in)
                                                         A[3] (net)
                      0.020053    0.000000    2.010553 ^ input4/A (sky130_fd_sc_hd__clkbuf_2)
     3    0.017699    0.102604    0.138084    2.148637 ^ input4/X (sky130_fd_sc_hd__clkbuf_2)
                                                         net4 (net)
                      0.102604    0.000395    2.149032 ^ _527_/A1 (sky130_fd_sc_hd__a311o_1)
     2    0.013577    0.153361    0.244583    2.393615 ^ _527_/X (sky130_fd_sc_hd__a311o_1)
                                                         _171_ (net)
                      0.153361    0.000210    2.393825 ^ _528_/A (sky130_fd_sc_hd__inv_2)
     1    0.002513    0.030733    0.036904    2.430729 v _528_/Y (sky130_fd_sc_hd__inv_2)
                                                         _172_ (net)
                      0.030733    0.000004    2.430733 v _530_/A (sky130_fd_sc_hd__nor2_1)
     2    0.006055    0.128621    0.131330    2.562063 ^ _530_/Y (sky130_fd_sc_hd__nor2_1)
                                                         _174_ (net)
                      0.128621    0.000050    2.562112 ^ _552_/A (sky130_fd_sc_hd__or3_2)
     4    0.011871    0.068028    0.166130    2.728242 ^ _552_/X (sky130_fd_sc_hd__or3_2)
                                                         _195_ (net)
                      0.068028    0.000090    2.728332 ^ _571_/A1 (sky130_fd_sc_hd__a211oi_1)
     1    0.002885    0.045326    0.066670    2.795002 v _571_/Y (sky130_fd_sc_hd__a211oi_1)
                                                         _213_ (net)
                      0.045326    0.000009    2.795012 v _573_/A (sky130_fd_sc_hd__nor2_1)
     1    0.003563    0.090972    0.105929    2.900941 ^ _573_/Y (sky130_fd_sc_hd__nor2_1)
                                                         net21 (net)
                      0.090972    0.000018    2.900959 ^ output21/A (sky130_fd_sc_hd__buf_4)
     1    0.034425    0.102891    0.173200    3.074159 ^ output21/X (sky130_fd_sc_hd__buf_4)
                                                         P[13] (net)
                      0.102891    0.000221    3.074380 ^ P[13] (out)
                                              3.074380   data arrival time

                      0.000000    0.000000    0.000000   clock __VIRTUAL_CLK__ (rise edge)
                                  0.000000    0.000000   clock network delay (ideal)
                                  0.250000    0.250000   clock uncertainty
                                  0.000000    0.250000   clock reconvergence pessimism
                                 -2.000000   -1.750000   output external delay
                                             -1.750000   data required time
---------------------------------------------------------------------------------------------
                                             -1.750000   data required time
                                             -3.074380   data arrival time
---------------------------------------------------------------------------------------------
                                              4.824380   slack (MET)


Startpoint: A[5] (input port clocked by __VIRTUAL_CLK__)
Endpoint: P[10] (output port clocked by __VIRTUAL_CLK__)
Path Group: __VIRTUAL_CLK__
Path Type: min

Fanout         Cap        Slew       Delay        Time   Description
---------------------------------------------------------------------------------------------
                      0.000000    0.000000    0.000000   clock __VIRTUAL_CLK__ (rise edge)
                                  0.000000    0.000000   clock network delay (ideal)
                                  2.000000    2.000000 v input external delay
     1    0.002462    0.007852    0.003846    2.003846 v A[5] (in)
                                                         A[5] (net)
                      0.007852    0.000000    2.003846 v input6/A (sky130_fd_sc_hd__buf_2)
    10    0.034353    0.089945    0.164225    2.168071 v input6/X (sky130_fd_sc_hd__buf_2)
                                                         net6 (net)
                      0.089975    0.001538    2.169609 v _287_/A (sky130_fd_sc_hd__inv_2)
     2    0.005117    0.040769    0.065638    2.235247 ^ _287_/Y (sky130_fd_sc_hd__inv_2)
                                                         _225_ (net)
                      0.040769    0.000005    2.235252 ^ _474_/A1 (sky130_fd_sc_hd__o211a_1)
     2    0.010277    0.096148    0.191580    2.426832 ^ _474_/X (sky130_fd_sc_hd__o211a_1)
                                                         _120_ (net)
                      0.096148    0.000157    2.426989 ^ _475_/B (sky130_fd_sc_hd__xnor2_1)
     2    0.005990    0.056988    0.088150    2.515139 v _475_/Y (sky130_fd_sc_hd__xnor2_1)
                                                         _121_ (net)
                      0.056988    0.000067    2.515205 v _477_/B1 (sky130_fd_sc_hd__a21o_1)
     2    0.011205    0.065433    0.190387    2.705592 v _477_/X (sky130_fd_sc_hd__a21o_1)
                                                         _123_ (net)
                      0.065433    0.000076    2.705669 v _511_/B1 (sky130_fd_sc_hd__o311ai_4)
     3    0.016683    0.084308    0.110833    2.816501 ^ _511_/Y (sky130_fd_sc_hd__o311ai_4)
                                                         _156_ (net)
                      0.084308    0.000377    2.816878 ^ _512_/B (sky130_fd_sc_hd__xor2_1)
     1    0.005562    0.047255    0.081637    2.898515 v _512_/X (sky130_fd_sc_hd__xor2_1)
                                                         net18 (net)
                      0.047255    0.000058    2.898573 v output18/A (sky130_fd_sc_hd__buf_2)
     1    0.033967    0.088584    0.180979    3.079553 v output18/X (sky130_fd_sc_hd__buf_2)
                                                         P[10] (net)
                      0.088584    0.000075    3.079628 v P[10] (out)
                                              3.079628   data arrival time

                      0.000000    0.000000    0.000000   clock __VIRTUAL_CLK__ (rise edge)
                                  0.000000    0.000000   clock network delay (ideal)
                                  0.250000    0.250000   clock uncertainty
                                  0.000000    0.250000   clock reconvergence pessimism
                                 -2.000000   -1.750000   output external delay
                                             -1.750000   data required time
---------------------------------------------------------------------------------------------
                                             -1.750000   data required time
                                             -3.079628   data arrival time
---------------------------------------------------------------------------------------------
                                              4.829628   slack (MET)


Startpoint: A[3] (input port clocked by __VIRTUAL_CLK__)
Endpoint: P[12] (output port clocked by __VIRTUAL_CLK__)
Path Group: __VIRTUAL_CLK__
Path Type: min

Fanout         Cap        Slew       Delay        Time   Description
---------------------------------------------------------------------------------------------
                      0.000000    0.000000    0.000000   clock __VIRTUAL_CLK__ (rise edge)
                                  0.000000    0.000000   clock network delay (ideal)
                                  2.000000    2.000000 ^ input external delay
     1    0.002875    0.020053    0.010553    2.010553 ^ A[3] (in)
                                                         A[3] (net)
                      0.020053    0.000000    2.010553 ^ input4/A (sky130_fd_sc_hd__clkbuf_2)
     3    0.017699    0.102604    0.138084    2.148637 ^ input4/X (sky130_fd_sc_hd__clkbuf_2)
                                                         net4 (net)
                      0.102604    0.000395    2.149032 ^ _527_/A1 (sky130_fd_sc_hd__a311o_1)
     2    0.013577    0.153361    0.244583    2.393615 ^ _527_/X (sky130_fd_sc_hd__a311o_1)
                                                         _171_ (net)
                      0.153361    0.000210    2.393825 ^ _528_/A (sky130_fd_sc_hd__inv_2)
     1    0.002513    0.030733    0.036904    2.430729 v _528_/Y (sky130_fd_sc_hd__inv_2)
                                                         _172_ (net)
                      0.030733    0.000004    2.430733 v _530_/A (sky130_fd_sc_hd__nor2_1)
     2    0.006055    0.128621    0.131330    2.562063 ^ _530_/Y (sky130_fd_sc_hd__nor2_1)
                                                         _174_ (net)
                      0.128621    0.000050    2.562112 ^ _552_/A (sky130_fd_sc_hd__or3_2)
     4    0.011871    0.068028    0.166130    2.728242 ^ _552_/X (sky130_fd_sc_hd__or3_2)
                                                         _195_ (net)
                      0.068028    0.000004    2.728246 ^ _555_/A (sky130_fd_sc_hd__nand2_1)
     1    0.004929    0.044318    0.062465    2.790711 v _555_/Y (sky130_fd_sc_hd__nand2_1)
                                                         _198_ (net)
                      0.044318    0.000016    2.790728 v _558_/A (sky130_fd_sc_hd__xnor2_1)
     1    0.008764    0.074270    0.152254    2.942981 v _558_/Y (sky130_fd_sc_hd__xnor2_1)
                                                         net20 (net)
                      0.074270    0.000123    2.943104 v output20/A (sky130_fd_sc_hd__buf_6)
     1    0.034144    0.043476    0.150056    3.093160 v output20/X (sky130_fd_sc_hd__buf_6)
                                                         P[12] (net)
                      0.043476    0.000109    3.093269 v P[12] (out)
                                              3.093269   data arrival time

                      0.000000    0.000000    0.000000   clock __VIRTUAL_CLK__ (rise edge)
                                  0.000000    0.000000   clock network delay (ideal)
                                  0.250000    0.250000   clock uncertainty
                                  0.000000    0.250000   clock reconvergence pessimism
                                 -2.000000   -1.750000   output external delay
                                             -1.750000   data required time
---------------------------------------------------------------------------------------------
                                             -1.750000   data required time
                                             -3.093269   data arrival time
---------------------------------------------------------------------------------------------
                                              4.843269   slack (MET)


Startpoint: B[4] (input port clocked by __VIRTUAL_CLK__)
Endpoint: P[11] (output port clocked by __VIRTUAL_CLK__)
Path Group: __VIRTUAL_CLK__
Path Type: min

Fanout         Cap        Slew       Delay        Time   Description
---------------------------------------------------------------------------------------------
                      0.000000    0.000000    0.000000   clock __VIRTUAL_CLK__ (rise edge)
                                  0.000000    0.000000   clock network delay (ideal)
                                  2.000000    2.000000 v input external delay
     1    0.002260    0.007388    0.003503    2.003503 v B[4] (in)
                                                         B[4] (net)
                      0.007388    0.000000    2.003503 v input13/A (sky130_fd_sc_hd__buf_2)
     8    0.030576    0.081524    0.157543    2.161046 v input13/X (sky130_fd_sc_hd__buf_2)
                                                         net13 (net)
                      0.081527    0.000602    2.161648 v _481_/A (sky130_fd_sc_hd__nand2_1)
     4    0.011188    0.109915    0.122417    2.284065 ^ _481_/Y (sky130_fd_sc_hd__nand2_1)
                                                         _126_ (net)
                      0.109915    0.000020    2.284085 ^ _486_/A (sky130_fd_sc_hd__nand2_1)
     1    0.001982    0.038128    0.054407    2.338492 v _486_/Y (sky130_fd_sc_hd__nand2_1)
                                                         _131_ (net)
                      0.038128    0.000004    2.338496 v _487_/B (sky130_fd_sc_hd__and2_1)
     2    0.005621    0.045106    0.160669    2.499165 v _487_/X (sky130_fd_sc_hd__and2_1)
                                                         _132_ (net)
                      0.045106    0.000020    2.499186 v _505_/A (sky130_fd_sc_hd__nand3_1)
     4    0.009419    0.110792    0.106780    2.605966 ^ _505_/Y (sky130_fd_sc_hd__nand3_1)
                                                         _150_ (net)
                      0.110792    0.000039    2.606005 ^ _508_/B (sky130_fd_sc_hd__nand3b_1)
     2    0.004671    0.073480    0.097949    2.703953 v _508_/Y (sky130_fd_sc_hd__nand3b_1)
                                                         _153_ (net)
                      0.073480    0.000009    2.703963 v _537_/B1_N (sky130_fd_sc_hd__a21bo_1)
     1    0.008728    0.082839    0.216568    2.920531 ^ _537_/X (sky130_fd_sc_hd__a21bo_1)
                                                         _181_ (net)
                      0.082839    0.000013    2.920543 ^ _538_/B (sky130_fd_sc_hd__xor2_2)
     1    0.008097    0.042997    0.078349    2.998892 v _538_/X (sky130_fd_sc_hd__xor2_2)
                                                         net19 (net)
                      0.042997    0.000096    2.998988 v output19/A (sky130_fd_sc_hd__buf_6)
     1    0.034197    0.043521    0.135934    3.134922 v output19/X (sky130_fd_sc_hd__buf_6)
                                                         P[11] (net)
                      0.043521    0.000121    3.135043 v P[11] (out)
                                              3.135043   data arrival time

                      0.000000    0.000000    0.000000   clock __VIRTUAL_CLK__ (rise edge)
                                  0.000000    0.000000   clock network delay (ideal)
                                  0.250000    0.250000   clock uncertainty
                                  0.000000    0.250000   clock reconvergence pessimism
                                 -2.000000   -1.750000   output external delay
                                             -1.750000   data required time
---------------------------------------------------------------------------------------------
                                             -1.750000   data required time
                                             -3.135043   data arrival time
---------------------------------------------------------------------------------------------
                                              4.885043   slack (MET)


Startpoint: B[0] (input port clocked by __VIRTUAL_CLK__)
Endpoint: P[7] (output port clocked by __VIRTUAL_CLK__)
Path Group: __VIRTUAL_CLK__
Path Type: min

Fanout         Cap        Slew       Delay        Time   Description
---------------------------------------------------------------------------------------------
                      0.000000    0.000000    0.000000   clock __VIRTUAL_CLK__ (rise edge)
                                  0.000000    0.000000   clock network delay (ideal)
                                  2.000000    2.000000 ^ input external delay
     1    0.003540    0.022941    0.012888    2.012888 ^ B[0] (in)
                                                         B[0] (net)
                      0.022941    0.000000    2.012888 ^ input9/A (sky130_fd_sc_hd__buf_4)
     4    0.025253    0.079067    0.130299    2.143187 ^ input9/X (sky130_fd_sc_hd__buf_4)
                                                         net9 (net)
                      0.079071    0.000635    2.143822 ^ fanout33/A (sky130_fd_sc_hd__buf_8)
    10    0.038326    0.071674    0.132225    2.276047 ^ fanout33/X (sky130_fd_sc_hd__buf_8)
                                                         net33 (net)
                      0.071674    0.000068    2.276116 ^ _333_/A (sky130_fd_sc_hd__and3_1)
     3    0.007919    0.095912    0.180977    2.457093 ^ _333_/X (sky130_fd_sc_hd__and3_1)
                                                         _267_ (net)
                      0.095912    0.000012    2.457105 ^ _381_/A2 (sky130_fd_sc_hd__o21ba_1)
     3    0.016010    0.163539    0.212321    2.669426 ^ _381_/X (sky130_fd_sc_hd__o21ba_1)
                                                         _030_ (net)
                      0.163539    0.000095    2.669521 ^ _414_/A2 (sky130_fd_sc_hd__a21o_1)
     2    0.013534    0.122414    0.200524    2.870046 ^ _414_/X (sky130_fd_sc_hd__a21o_1)
                                                         _062_ (net)
                      0.122414    0.000121    2.870166 ^ rebuffer49/A (sky130_fd_sc_hd__clkbuf_2)
     1    0.009741    0.064227    0.145931    3.016097 ^ rebuffer49/X (sky130_fd_sc_hd__clkbuf_2)
                                                         net100 (net)
                      0.064227    0.000020    3.016117 ^ _415_/A (sky130_fd_sc_hd__xor2_2)
     1    0.008786    0.044467    0.080570    3.096688 v _415_/X (sky130_fd_sc_hd__xor2_2)
                                                         net30 (net)
                      0.044468    0.000183    3.096871 v output30/A (sky130_fd_sc_hd__buf_6)
     1    0.034467    0.043749    0.136722    3.233593 v output30/X (sky130_fd_sc_hd__buf_6)
                                                         P[7] (net)
                      0.043750    0.000215    3.233808 v P[7] (out)
                                              3.233808   data arrival time

                      0.000000    0.000000    0.000000   clock __VIRTUAL_CLK__ (rise edge)
                                  0.000000    0.000000   clock network delay (ideal)
                                  0.250000    0.250000   clock uncertainty
                                  0.000000    0.250000   clock reconvergence pessimism
                                 -2.000000   -1.750000   output external delay
                                             -1.750000   data required time
---------------------------------------------------------------------------------------------
                                             -1.750000   data required time
                                             -3.233808   data arrival time
---------------------------------------------------------------------------------------------
                                              4.983807   slack (MET)



