Reading timing models for corner nom_tt_025C_1v80…
Reading timing library for the 'nom_tt_025C_1v80' corner at '/home/gmun/.volare/volare/sky130/versions/0fe599b2afb6708d281543108caf8310912f54af/sky130A/libs.ref/sky130_fd_sc_hd/lib/sky130_fd_sc_hd__tt_025C_1v80.lib'…
Reading timing models for corner nom_ff_n40C_1v95…
Reading timing library for the 'nom_ff_n40C_1v95' corner at '/home/gmun/.volare/volare/sky130/versions/0fe599b2afb6708d281543108caf8310912f54af/sky130A/libs.ref/sky130_fd_sc_hd/lib/sky130_fd_sc_hd__ff_n40C_1v95.lib'…
Reading timing models for corner nom_ss_100C_1v60…
Reading timing library for the 'nom_ss_100C_1v60' corner at '/home/gmun/.volare/volare/sky130/versions/0fe599b2afb6708d281543108caf8310912f54af/sky130A/libs.ref/sky130_fd_sc_hd/lib/sky130_fd_sc_hd__ss_100C_1v60.lib'…
Reading OpenROAD database at '/home/gmun/Downloads/Sin_Corregir/runs/mult8_2bits_1op_e17688/50-openroad-globalplacement/mult8_2bits_1op_e17688.odb'…
Reading design constraints file at '/nix/store/ss2cw3sxbrwwx9jl0rrppbw4kgcmgi2n-python3-3.11.9-env/lib/python3.11/site-packages/openlane/scripts/base.sdc'…
[WARNING STA-0366] port '__VIRTUAL_CLK__' not found.
[INFO] Using clock __VIRTUAL_CLK__…
[INFO] Setting output delay to: 2
[INFO] Setting input delay to: 2
[WARNING STA-0366] port '__VIRTUAL_CLK__' not found.
[INFO] Setting load to: 0.033442
[INFO] Setting clock uncertainty to: 0.25
[INFO] Setting clock transition to: 0.1499999999999999944488848768742172978818416595458984375
[WARNING STA-0419] transition time can not be specified for virtual clocks.
[INFO] Setting timing derate to: 5%
[WARNING STA-0450] virtual clock __VIRTUAL_CLK__ can not be propagated.
[INFO] Setting RC values…
[INFO RSZ-0027] Inserted 16 input buffers.
[INFO RSZ-0028] Inserted 16 output buffers.
[INFO RSZ-0058] Using max wire length 6335um.
Iteration | Resized | Buffers | Nets repaired | Remaining
---------------------------------------------------------
        0 |       0 |       0 |             0 |       286
       10 |       9 |       0 |             0 |       276
       20 |      19 |       0 |             0 |       266
       30 |      29 |       0 |             0 |       256
       40 |      35 |       0 |             0 |       246
       50 |      44 |       0 |             0 |       236
       60 |      53 |       0 |             0 |       226
       70 |      62 |       0 |             0 |       216
       80 |      70 |       0 |             0 |       206
       90 |      80 |       0 |             0 |       196
      100 |      88 |       0 |             0 |       186
      110 |      98 |       0 |             0 |       176
      120 |     108 |       0 |             0 |       166
      130 |     117 |       0 |             0 |       156
      140 |     126 |       0 |             0 |       146
      150 |     135 |       0 |             0 |       136
      160 |     145 |       0 |             0 |       126
      170 |     155 |       0 |             0 |       116
      180 |     164 |       0 |             0 |       106
      190 |     171 |       0 |             0 |        96
      200 |     180 |       0 |             0 |        86
      210 |     189 |       0 |             0 |        76
      220 |     198 |       0 |             0 |        66
      230 |     208 |       0 |             0 |        56
      240 |     218 |       0 |             0 |        46
      250 |     226 |       0 |             0 |        36
      260 |     236 |       4 |             2 |        26
      270 |     253 |      13 |             7 |        16
      280 |     255 |      14 |             8 |         6
    final |     255 |      14 |             8 |         0
---------------------------------------------------------
[INFO RSZ-0035] Found 8 fanout violations.
[INFO RSZ-0038] Inserted 14 buffers in 8 nets.
[INFO RSZ-0039] Resized 255 instances.
Placement Analysis
---------------------------------
total displacement        450.7 u
average displacement        0.5 u
max displacement            6.3 u
original HPWL            7064.1 u
legalized HPWL           7339.5 u
delta HPWL                    4 %

[INFO DPL-0020] Mirrored 98 instances
[INFO DPL-0021] HPWL before            7339.5 u
[INFO DPL-0022] HPWL after             7171.5 u
[INFO DPL-0023] HPWL delta               -2.3 %
[INFO] Setting RC values…
Setting global connections for newly added cells…
[INFO] Setting global connections...
Updating metrics…
Cell type report:                       Count       Area
  Fill cell                               130     487.97
  Tap cell                                469     586.81
  Buffer                                    2       7.51
  Timing Repair Buffer                     46     242.73
  Inverter                                  7      26.28
  Multi-Input combinational cell          229    1816.74
  Total                                   883    3168.04
Writing OpenROAD database to '/home/gmun/Downloads/Sin_Corregir/runs/mult8_2bits_1op_e17688/54-openroad-repairdesignpostgpl/mult8_2bits_1op_e17688.odb'…
Writing netlist to '/home/gmun/Downloads/Sin_Corregir/runs/mult8_2bits_1op_e17688/54-openroad-repairdesignpostgpl/mult8_2bits_1op_e17688.nl.v'…
Writing powered netlist to '/home/gmun/Downloads/Sin_Corregir/runs/mult8_2bits_1op_e17688/54-openroad-repairdesignpostgpl/mult8_2bits_1op_e17688.pnl.v'…
Writing layout to '/home/gmun/Downloads/Sin_Corregir/runs/mult8_2bits_1op_e17688/54-openroad-repairdesignpostgpl/mult8_2bits_1op_e17688.def'…
Writing timing constraints to '/home/gmun/Downloads/Sin_Corregir/runs/mult8_2bits_1op_e17688/54-openroad-repairdesignpostgpl/mult8_2bits_1op_e17688.sdc'…
