
===========================================================================
report_checks -unconstrained
===========================================================================
======================= nom_tt_025C_1v80 Corner ===================================

Startpoint: A[2] (input port clocked by __VIRTUAL_CLK__)
Endpoint: P[12] (output port clocked by __VIRTUAL_CLK__)
Path Group: __VIRTUAL_CLK__
Path Type: max

Fanout         Cap        Slew       Delay        Time   Description
---------------------------------------------------------------------------------------------
                      0.000000    0.000000    0.000000   clock __VIRTUAL_CLK__ (rise edge)
                                  0.000000    0.000000   clock network delay (ideal)
                                  2.000000    2.000000 v input external delay
     1    0.005309    0.014282    0.008580    2.008580 v A[2] (in)
                                                         A[2] (net)
                      0.014282    0.000000    2.008580 v input3/A (sky130_fd_sc_hd__buf_6)
     2    0.011291    0.026318    0.103225    2.111805 v input3/X (sky130_fd_sc_hd__buf_6)
                                                         net3 (net)
                      0.026322    0.000214    2.112019 v fanout38/A (sky130_fd_sc_hd__buf_6)
     5    0.017369    0.031554    0.115097    2.227116 v fanout38/X (sky130_fd_sc_hd__buf_6)
                                                         net38 (net)
                      0.031554    0.000222    2.227338 v fanout37/A (sky130_fd_sc_hd__buf_6)
    10    0.026609    0.037962    0.125302    2.352640 v fanout37/X (sky130_fd_sc_hd__buf_6)
                                                         net37 (net)
                      0.037962    0.000021    2.352661 v _267_/A (sky130_fd_sc_hd__and2_1)
     1    0.002481    0.034671    0.127052    2.479713 v _267_/X (sky130_fd_sc_hd__and2_1)
                                                         _200_ (net)
                      0.034671    0.000004    2.479718 v _268_/A1 (sky130_fd_sc_hd__mux2_4)
     4    0.010990    0.060793    0.270386    2.750104 v _268_/X (sky130_fd_sc_hd__mux2_4)
                                                         _201_ (net)
                      0.060794    0.000090    2.750194 v _271_/A2 (sky130_fd_sc_hd__o2111a_1)
     2    0.006515    0.059637    0.251190    3.001384 v _271_/X (sky130_fd_sc_hd__o2111a_1)
                                                         _204_ (net)
                      0.059637    0.000053    3.001437 v rebuffer4/A (sky130_fd_sc_hd__buf_4)
     1    0.008540    0.030687    0.141940    3.143378 v rebuffer4/X (sky130_fd_sc_hd__buf_4)
                                                         net51 (net)
                      0.030687    0.000027    3.143405 v _277_/A2 (sky130_fd_sc_hd__o31ai_4)
     3    0.013252    0.245222    0.266990    3.410394 ^ _277_/Y (sky130_fd_sc_hd__o31ai_4)
                                                         _210_ (net)
                      0.245222    0.000073    3.410467 ^ _313_/B1 (sky130_fd_sc_hd__o211ai_2)
     3    0.008400    0.100229    0.153197    3.563664 v _313_/Y (sky130_fd_sc_hd__o211ai_2)
                                                         _016_ (net)
                      0.100229    0.000088    3.563752 v _314_/B (sky130_fd_sc_hd__and3_1)
     2    0.005447    0.048044    0.196803    3.760555 v _314_/X (sky130_fd_sc_hd__and3_1)
                                                         _017_ (net)
                      0.048044    0.000016    3.760571 v _318_/A2 (sky130_fd_sc_hd__o211a_1)
     2    0.007457    0.061000    0.225465    3.986037 v _318_/X (sky130_fd_sc_hd__o211a_1)
                                                         _021_ (net)
                      0.061000    0.000024    3.986061 v _319_/A (sky130_fd_sc_hd__or2_4)
     2    0.009113    0.052612    0.260306    4.246368 v _319_/X (sky130_fd_sc_hd__or2_4)
                                                         _022_ (net)
                      0.052612    0.000016    4.246383 v _349_/A1 (sky130_fd_sc_hd__o32a_4)
     3    0.013761    0.066600    0.396427    4.642811 v _349_/X (sky130_fd_sc_hd__o32a_4)
                                                         _051_ (net)
                      0.066600    0.000261    4.643072 v _406_/C (sky130_fd_sc_hd__or4b_4)
     2    0.008409    0.091426    0.496894    5.139966 v _406_/X (sky130_fd_sc_hd__or4b_4)
                                                         _106_ (net)
                      0.091426    0.000051    5.140017 v _446_/A2_N (sky130_fd_sc_hd__o2bb2a_4)
     3    0.015628    0.063443    0.232987    5.373003 ^ _446_/X (sky130_fd_sc_hd__o2bb2a_4)
                                                         _144_ (net)
                      0.063443    0.000327    5.373331 ^ rebuffer37/A (sky130_fd_sc_hd__dlymetal6s2s_1)
     1    0.017935    0.201604    0.202518    5.575848 ^ rebuffer37/X (sky130_fd_sc_hd__dlymetal6s2s_1)
                                                         net84 (net)
                      0.201604    0.000035    5.575882 ^ _447_/A (sky130_fd_sc_hd__xnor2_4)
     1    0.006980    0.122238    0.142198    5.718081 ^ _447_/Y (sky130_fd_sc_hd__xnor2_4)
                                                         net20 (net)
                      0.122238    0.000068    5.718149 ^ output20/A (sky130_fd_sc_hd__buf_6)
     1    0.034185    0.076888    0.151305    5.869454 ^ output20/X (sky130_fd_sc_hd__buf_6)
                                                         P[12] (net)
                      0.076888    0.000121    5.869575 ^ P[12] (out)
                                              5.869575   data arrival time

                      0.000000   10.000000   10.000000   clock __VIRTUAL_CLK__ (rise edge)
                                  0.000000   10.000000   clock network delay (ideal)
                                 -0.250000    9.750000   clock uncertainty
                                  0.000000    9.750000   clock reconvergence pessimism
                                 -2.000000    7.750000   output external delay
                                              7.750000   data required time
---------------------------------------------------------------------------------------------
                                              7.750000   data required time
                                             -5.869575   data arrival time
---------------------------------------------------------------------------------------------
                                              1.880425   slack (MET)




===========================================================================
report_checks --slack_max -0.01
============================================================================
======================= nom_tt_025C_1v80 Corner ===================================

No paths found.


===========================================================================
 report_check_types -max_slew -max_cap -max_fanout -violators
============================================================================
======================= nom_tt_025C_1v80 Corner ===================================



===========================================================================
report_parasitic_annotation -report_unannotated
============================================================================
Found 0 unannotated drivers.
Found 0 partially unannotated drivers.

===========================================================================
max slew violation count 0
Writing metric design__max_slew_violation__count__corner:nom_tt_025C_1v80: 0
max fanout violation count 0
Writing metric design__max_fanout_violation__count__corner:nom_tt_025C_1v80: 0
max cap violation count 0
Writing metric design__max_cap_violation__count__corner:nom_tt_025C_1v80: 0
============================================================================

===========================================================================
check_setup -verbose -unconstrained_endpoints -multiple_clock -no_clock -no_input_delay -loops -generated_clocks
===========================================================================
