
===========================================================================
report_checks -path_delay max (Setup)
============================================================================
======================= max_ss_100C_1v60 Corner ===================================

Startpoint: A[2] (input port clocked by __VIRTUAL_CLK__)
Endpoint: P[14] (output port clocked by __VIRTUAL_CLK__)
Path Group: __VIRTUAL_CLK__
Path Type: max

Fanout         Cap        Slew       Delay        Time   Description
---------------------------------------------------------------------------------------------
                      0.000000    0.000000    0.000000   clock __VIRTUAL_CLK__ (rise edge)
                                  0.000000    0.000000   clock network delay (ideal)
                                  2.000000    2.000000 ^ input external delay
     1    0.003027    0.033744    0.017031    2.017031 ^ A[2] (in)
                                                         A[2] (net)
                      0.033744    0.000000    2.017031 ^ input3/A (sky130_fd_sc_hd__buf_1)
     2    0.014214    0.277633    0.281850    2.298881 ^ input3/X (sky130_fd_sc_hd__buf_1)
                                                         net3 (net)
                      0.277638    0.000999    2.299880 ^ fanout37/A (sky130_fd_sc_hd__buf_2)
    10    0.045815    0.358921    0.495835    2.795716 ^ fanout37/X (sky130_fd_sc_hd__buf_2)
                                                         net37 (net)
                      0.358931    0.002448    2.798163 ^ _330_/A1 (sky130_fd_sc_hd__a22oi_1)
     2    0.006794    0.201592    0.329950    3.128114 v _330_/Y (sky130_fd_sc_hd__a22oi_1)
                                                         _029_ (net)
                      0.201593    0.000424    3.128537 v _332_/C (sky130_fd_sc_hd__or4_4)
     3    0.009615    0.172845    1.033070    4.161607 v _332_/X (sky130_fd_sc_hd__or4_4)
                                                         _031_ (net)
                      0.172845    0.000553    4.162160 v _335_/C1 (sky130_fd_sc_hd__o2111a_1)
     2    0.008452    0.120992    0.324753    4.486913 v _335_/X (sky130_fd_sc_hd__o2111a_1)
                                                         _034_ (net)
                      0.120992    0.000524    4.487437 v _357_/B1 (sky130_fd_sc_hd__a41o_1)
     1    0.010322    0.131194    0.441759    4.929195 v _357_/X (sky130_fd_sc_hd__a41o_1)
                                                         _055_ (net)
                      0.131197    0.000879    4.930074 v _363_/A (sky130_fd_sc_hd__xor2_2)
     2    0.011772    0.162972    0.369787    5.299861 v _363_/X (sky130_fd_sc_hd__xor2_2)
                                                         _061_ (net)
                      0.162977    0.000959    5.300820 v _371_/B (sky130_fd_sc_hd__and3_1)
     3    0.008661    0.118549    0.429406    5.730226 v _371_/X (sky130_fd_sc_hd__and3_1)
                                                         _069_ (net)
                      0.118549    0.000493    5.730719 v _373_/B (sky130_fd_sc_hd__or3_4)
     3    0.008059    0.130204    0.753003    6.483722 v _373_/X (sky130_fd_sc_hd__or3_4)
                                                         _071_ (net)
                      0.130204    0.000532    6.484254 v _377_/C (sky130_fd_sc_hd__and3_1)
     3    0.009884    0.128906    0.452314    6.936568 v _377_/X (sky130_fd_sc_hd__and3_1)
                                                         _075_ (net)
                      0.128906    0.000387    6.936955 v _404_/C (sky130_fd_sc_hd__or3_4)
     1    0.006298    0.124989    0.678674    7.615628 v _404_/X (sky130_fd_sc_hd__or3_4)
                                                         _101_ (net)
                      0.124989    0.000489    7.616118 v _405_/B1 (sky130_fd_sc_hd__a311o_4)
     2    0.018668    0.129908    0.747148    8.363266 v _405_/X (sky130_fd_sc_hd__a311o_4)
                                                         _102_ (net)
                      0.129941    0.002006    8.365273 v _448_/A2 (sky130_fd_sc_hd__a31oi_4)
     3    0.020210    0.329152    0.393855    8.759127 ^ _448_/Y (sky130_fd_sc_hd__a31oi_4)
                                                         _143_ (net)
                      0.329216    0.001856    8.760983 ^ _459_/A2 (sky130_fd_sc_hd__o211a_4)
     3    0.021154    0.143390    0.463224    9.224208 ^ _459_/X (sky130_fd_sc_hd__o211a_4)
                                                         _153_ (net)
                      0.143398    0.001216    9.225424 ^ _465_/A (sky130_fd_sc_hd__xor2_2)
     1    0.005546    0.183722    0.253826    9.479250 ^ _465_/X (sky130_fd_sc_hd__xor2_2)
                                                         net22 (net)
                      0.183722    0.000418    9.479668 ^ output22/A (sky130_fd_sc_hd__buf_6)
     1    0.034150    0.122487    0.273607    9.753275 ^ output22/X (sky130_fd_sc_hd__buf_6)
                                                         P[14] (net)
                      0.122509    0.001652    9.754927 ^ P[14] (out)
                                              9.754927   data arrival time

                      0.000000   10.000000   10.000000   clock __VIRTUAL_CLK__ (rise edge)
                                  0.000000   10.000000   clock network delay (ideal)
                                 -0.250000    9.750000   clock uncertainty
                                  0.000000    9.750000   clock reconvergence pessimism
                                 -2.000000    7.750000   output external delay
                                              7.750000   data required time
---------------------------------------------------------------------------------------------
                                              7.750000   data required time
                                             -9.754927   data arrival time
---------------------------------------------------------------------------------------------
                                             -2.004927   slack (VIOLATED)


Startpoint: A[2] (input port clocked by __VIRTUAL_CLK__)
Endpoint: P[15] (output port clocked by __VIRTUAL_CLK__)
Path Group: __VIRTUAL_CLK__
Path Type: max

Fanout         Cap        Slew       Delay        Time   Description
---------------------------------------------------------------------------------------------
                      0.000000    0.000000    0.000000   clock __VIRTUAL_CLK__ (rise edge)
                                  0.000000    0.000000   clock network delay (ideal)
                                  2.000000    2.000000 ^ input external delay
     1    0.003027    0.033744    0.017031    2.017031 ^ A[2] (in)
                                                         A[2] (net)
                      0.033744    0.000000    2.017031 ^ input3/A (sky130_fd_sc_hd__buf_1)
     2    0.014214    0.277633    0.281850    2.298881 ^ input3/X (sky130_fd_sc_hd__buf_1)
                                                         net3 (net)
                      0.277638    0.000999    2.299880 ^ fanout37/A (sky130_fd_sc_hd__buf_2)
    10    0.045815    0.358921    0.495835    2.795716 ^ fanout37/X (sky130_fd_sc_hd__buf_2)
                                                         net37 (net)
                      0.358931    0.002448    2.798163 ^ _330_/A1 (sky130_fd_sc_hd__a22oi_1)
     2    0.006794    0.201592    0.329950    3.128114 v _330_/Y (sky130_fd_sc_hd__a22oi_1)
                                                         _029_ (net)
                      0.201593    0.000424    3.128537 v _332_/C (sky130_fd_sc_hd__or4_4)
     3    0.009615    0.172845    1.033070    4.161607 v _332_/X (sky130_fd_sc_hd__or4_4)
                                                         _031_ (net)
                      0.172845    0.000553    4.162160 v _335_/C1 (sky130_fd_sc_hd__o2111a_1)
     2    0.008452    0.120992    0.324753    4.486913 v _335_/X (sky130_fd_sc_hd__o2111a_1)
                                                         _034_ (net)
                      0.120992    0.000524    4.487437 v _357_/B1 (sky130_fd_sc_hd__a41o_1)
     1    0.010322    0.131194    0.441759    4.929195 v _357_/X (sky130_fd_sc_hd__a41o_1)
                                                         _055_ (net)
                      0.131197    0.000879    4.930074 v _363_/A (sky130_fd_sc_hd__xor2_2)
     2    0.011772    0.162972    0.369787    5.299861 v _363_/X (sky130_fd_sc_hd__xor2_2)
                                                         _061_ (net)
                      0.162977    0.000959    5.300820 v _371_/B (sky130_fd_sc_hd__and3_1)
     3    0.008661    0.118549    0.429406    5.730226 v _371_/X (sky130_fd_sc_hd__and3_1)
                                                         _069_ (net)
                      0.118549    0.000493    5.730719 v _373_/B (sky130_fd_sc_hd__or3_4)
     3    0.008059    0.130204    0.753003    6.483722 v _373_/X (sky130_fd_sc_hd__or3_4)
                                                         _071_ (net)
                      0.130204    0.000532    6.484254 v _377_/C (sky130_fd_sc_hd__and3_1)
     3    0.009884    0.128906    0.452314    6.936568 v _377_/X (sky130_fd_sc_hd__and3_1)
                                                         _075_ (net)
                      0.128906    0.000387    6.936955 v _404_/C (sky130_fd_sc_hd__or3_4)
     1    0.006298    0.124989    0.678674    7.615628 v _404_/X (sky130_fd_sc_hd__or3_4)
                                                         _101_ (net)
                      0.124989    0.000489    7.616118 v _405_/B1 (sky130_fd_sc_hd__a311o_4)
     2    0.018668    0.129908    0.747148    8.363266 v _405_/X (sky130_fd_sc_hd__a311o_4)
                                                         _102_ (net)
                      0.129941    0.002006    8.365273 v _448_/A2 (sky130_fd_sc_hd__a31oi_4)
     3    0.020210    0.329152    0.393855    8.759127 ^ _448_/Y (sky130_fd_sc_hd__a31oi_4)
                                                         _143_ (net)
                      0.329216    0.001856    8.760983 ^ _459_/A2 (sky130_fd_sc_hd__o211a_4)
     3    0.021154    0.143390    0.463224    9.224208 ^ _459_/X (sky130_fd_sc_hd__o211a_4)
                                                         _153_ (net)
                      0.143397    0.001116    9.225324 ^ _467_/A2 (sky130_fd_sc_hd__a21o_1)
     1    0.005094    0.094692    0.263262    9.488586 ^ _467_/X (sky130_fd_sc_hd__a21o_1)
                                                         net23 (net)
                      0.094692    0.000241    9.488827 ^ output23/A (sky130_fd_sc_hd__buf_6)
     1    0.034248    0.122494    0.233279    9.722106 ^ output23/X (sky130_fd_sc_hd__buf_6)
                                                         P[15] (net)
                      0.122520    0.001751    9.723857 ^ P[15] (out)
                                              9.723857   data arrival time

                      0.000000   10.000000   10.000000   clock __VIRTUAL_CLK__ (rise edge)
                                  0.000000   10.000000   clock network delay (ideal)
                                 -0.250000    9.750000   clock uncertainty
                                  0.000000    9.750000   clock reconvergence pessimism
                                 -2.000000    7.750000   output external delay
                                              7.750000   data required time
---------------------------------------------------------------------------------------------
                                              7.750000   data required time
                                             -9.723857   data arrival time
---------------------------------------------------------------------------------------------
                                             -1.973857   slack (VIOLATED)


Startpoint: A[2] (input port clocked by __VIRTUAL_CLK__)
Endpoint: P[11] (output port clocked by __VIRTUAL_CLK__)
Path Group: __VIRTUAL_CLK__
Path Type: max

Fanout         Cap        Slew       Delay        Time   Description
---------------------------------------------------------------------------------------------
                      0.000000    0.000000    0.000000   clock __VIRTUAL_CLK__ (rise edge)
                                  0.000000    0.000000   clock network delay (ideal)
                                  2.000000    2.000000 ^ input external delay
     1    0.003027    0.033744    0.017031    2.017031 ^ A[2] (in)
                                                         A[2] (net)
                      0.033744    0.000000    2.017031 ^ input3/A (sky130_fd_sc_hd__buf_1)
     2    0.014214    0.277633    0.281850    2.298881 ^ input3/X (sky130_fd_sc_hd__buf_1)
                                                         net3 (net)
                      0.277638    0.000999    2.299880 ^ fanout37/A (sky130_fd_sc_hd__buf_2)
    10    0.045815    0.358921    0.495835    2.795716 ^ fanout37/X (sky130_fd_sc_hd__buf_2)
                                                         net37 (net)
                      0.358931    0.002448    2.798163 ^ _330_/A1 (sky130_fd_sc_hd__a22oi_1)
     2    0.006794    0.201592    0.329950    3.128114 v _330_/Y (sky130_fd_sc_hd__a22oi_1)
                                                         _029_ (net)
                      0.201593    0.000424    3.128537 v _332_/C (sky130_fd_sc_hd__or4_4)
     3    0.009615    0.172845    1.033070    4.161607 v _332_/X (sky130_fd_sc_hd__or4_4)
                                                         _031_ (net)
                      0.172845    0.000553    4.162160 v _335_/C1 (sky130_fd_sc_hd__o2111a_1)
     2    0.008452    0.120992    0.324753    4.486913 v _335_/X (sky130_fd_sc_hd__o2111a_1)
                                                         _034_ (net)
                      0.120992    0.000524    4.487437 v _357_/B1 (sky130_fd_sc_hd__a41o_1)
     1    0.010322    0.131194    0.441759    4.929195 v _357_/X (sky130_fd_sc_hd__a41o_1)
                                                         _055_ (net)
                      0.131197    0.000879    4.930074 v _363_/A (sky130_fd_sc_hd__xor2_2)
     2    0.011772    0.162972    0.369787    5.299861 v _363_/X (sky130_fd_sc_hd__xor2_2)
                                                         _061_ (net)
                      0.162977    0.000959    5.300820 v _371_/B (sky130_fd_sc_hd__and3_1)
     3    0.008661    0.118549    0.429406    5.730226 v _371_/X (sky130_fd_sc_hd__and3_1)
                                                         _069_ (net)
                      0.118549    0.000493    5.730719 v _373_/B (sky130_fd_sc_hd__or3_4)
     3    0.008059    0.130204    0.753003    6.483722 v _373_/X (sky130_fd_sc_hd__or3_4)
                                                         _071_ (net)
                      0.130204    0.000532    6.484254 v _377_/C (sky130_fd_sc_hd__and3_1)
     3    0.009884    0.128906    0.452314    6.936568 v _377_/X (sky130_fd_sc_hd__and3_1)
                                                         _075_ (net)
                      0.128906    0.000387    6.936955 v _404_/C (sky130_fd_sc_hd__or3_4)
     1    0.006298    0.124989    0.678674    7.615628 v _404_/X (sky130_fd_sc_hd__or3_4)
                                                         _101_ (net)
                      0.124989    0.000489    7.616118 v _405_/B1 (sky130_fd_sc_hd__a311o_4)
     2    0.018668    0.129908    0.747148    8.363266 v _405_/X (sky130_fd_sc_hd__a311o_4)
                                                         _102_ (net)
                      0.129934    0.001820    8.365086 v rebuffer26/A (sky130_fd_sc_hd__clkbuf_2)
     1    0.017501    0.131516    0.283174    8.648260 v rebuffer26/X (sky130_fd_sc_hd__clkbuf_2)
                                                         net74 (net)
                      0.131530    0.001403    8.649664 v _408_/A (sky130_fd_sc_hd__nand2_8)
     2    0.024028    0.123670    0.140351    8.790014 ^ _408_/Y (sky130_fd_sc_hd__nand2_8)
                                                         _105_ (net)
                      0.123675    0.001462    8.791476 ^ _430_/A2 (sky130_fd_sc_hd__a21oi_2)
     1    0.009188    0.110112    0.158908    8.950384 v _430_/Y (sky130_fd_sc_hd__a21oi_2)
                                                         _126_ (net)
                      0.110116    0.000709    8.951093 v _431_/A (sky130_fd_sc_hd__xnor2_2)
     1    0.011163    0.296069    0.349037    9.300130 ^ _431_/Y (sky130_fd_sc_hd__xnor2_2)
                                                         net19 (net)
                      0.296070    0.001113    9.301243 ^ output19/A (sky130_fd_sc_hd__buf_6)
     1    0.035304    0.126829    0.319272    9.620515 ^ output19/X (sky130_fd_sc_hd__buf_6)
                                                         P[11] (net)
                      0.126858    0.001886    9.622400 ^ P[11] (out)
                                              9.622400   data arrival time

                      0.000000   10.000000   10.000000   clock __VIRTUAL_CLK__ (rise edge)
                                  0.000000   10.000000   clock network delay (ideal)
                                 -0.250000    9.750000   clock uncertainty
                                  0.000000    9.750000   clock reconvergence pessimism
                                 -2.000000    7.750000   output external delay
                                              7.750000   data required time
---------------------------------------------------------------------------------------------
                                              7.750000   data required time
                                             -9.622400   data arrival time
---------------------------------------------------------------------------------------------
                                             -1.872400   slack (VIOLATED)


Startpoint: A[2] (input port clocked by __VIRTUAL_CLK__)
Endpoint: P[13] (output port clocked by __VIRTUAL_CLK__)
Path Group: __VIRTUAL_CLK__
Path Type: max

Fanout         Cap        Slew       Delay        Time   Description
---------------------------------------------------------------------------------------------
                      0.000000    0.000000    0.000000   clock __VIRTUAL_CLK__ (rise edge)
                                  0.000000    0.000000   clock network delay (ideal)
                                  2.000000    2.000000 ^ input external delay
     1    0.003027    0.033744    0.017031    2.017031 ^ A[2] (in)
                                                         A[2] (net)
                      0.033744    0.000000    2.017031 ^ input3/A (sky130_fd_sc_hd__buf_1)
     2    0.014214    0.277633    0.281850    2.298881 ^ input3/X (sky130_fd_sc_hd__buf_1)
                                                         net3 (net)
                      0.277638    0.000999    2.299880 ^ fanout37/A (sky130_fd_sc_hd__buf_2)
    10    0.045815    0.358921    0.495835    2.795716 ^ fanout37/X (sky130_fd_sc_hd__buf_2)
                                                         net37 (net)
                      0.358931    0.002448    2.798163 ^ _330_/A1 (sky130_fd_sc_hd__a22oi_1)
     2    0.006794    0.201592    0.329950    3.128114 v _330_/Y (sky130_fd_sc_hd__a22oi_1)
                                                         _029_ (net)
                      0.201593    0.000424    3.128537 v _332_/C (sky130_fd_sc_hd__or4_4)
     3    0.009615    0.172845    1.033070    4.161607 v _332_/X (sky130_fd_sc_hd__or4_4)
                                                         _031_ (net)
                      0.172845    0.000553    4.162160 v _335_/C1 (sky130_fd_sc_hd__o2111a_1)
     2    0.008452    0.120992    0.324753    4.486913 v _335_/X (sky130_fd_sc_hd__o2111a_1)
                                                         _034_ (net)
                      0.120992    0.000524    4.487437 v _357_/B1 (sky130_fd_sc_hd__a41o_1)
     1    0.010322    0.131194    0.441759    4.929195 v _357_/X (sky130_fd_sc_hd__a41o_1)
                                                         _055_ (net)
                      0.131197    0.000879    4.930074 v _363_/A (sky130_fd_sc_hd__xor2_2)
     2    0.011772    0.162972    0.369787    5.299861 v _363_/X (sky130_fd_sc_hd__xor2_2)
                                                         _061_ (net)
                      0.162977    0.000959    5.300820 v _371_/B (sky130_fd_sc_hd__and3_1)
     3    0.008661    0.118549    0.429406    5.730226 v _371_/X (sky130_fd_sc_hd__and3_1)
                                                         _069_ (net)
                      0.118549    0.000493    5.730719 v _373_/B (sky130_fd_sc_hd__or3_4)
     3    0.008059    0.130204    0.753003    6.483722 v _373_/X (sky130_fd_sc_hd__or3_4)
                                                         _071_ (net)
                      0.130204    0.000532    6.484254 v _377_/C (sky130_fd_sc_hd__and3_1)
     3    0.009884    0.128906    0.452314    6.936568 v _377_/X (sky130_fd_sc_hd__and3_1)
                                                         _075_ (net)
                      0.128906    0.000387    6.936955 v _404_/C (sky130_fd_sc_hd__or3_4)
     1    0.006298    0.124989    0.678674    7.615628 v _404_/X (sky130_fd_sc_hd__or3_4)
                                                         _101_ (net)
                      0.124989    0.000489    7.616118 v _405_/B1 (sky130_fd_sc_hd__a311o_4)
     2    0.018668    0.129908    0.747148    8.363266 v _405_/X (sky130_fd_sc_hd__a311o_4)
                                                         _102_ (net)
                      0.129941    0.002006    8.365273 v _448_/A2 (sky130_fd_sc_hd__a31oi_4)
     3    0.020210    0.329152    0.393855    8.759127 ^ _448_/Y (sky130_fd_sc_hd__a31oi_4)
                                                         _143_ (net)
                      0.329216    0.001856    8.760983 ^ _459_/A2 (sky130_fd_sc_hd__o211a_4)
     3    0.021154    0.143390    0.463224    9.224208 ^ _459_/X (sky130_fd_sc_hd__o211a_4)
                                                         _153_ (net)
                      0.143394    0.000933    9.225141 ^ _460_/B (sky130_fd_sc_hd__nor2_2)
     1    0.009035    0.112272    0.107499    9.332640 v _460_/Y (sky130_fd_sc_hd__nor2_2)
                                                         net21 (net)
                      0.112278    0.000889    9.333529 v output21/A (sky130_fd_sc_hd__buf_6)
     1    0.034173    0.075832    0.266582    9.600111 v output21/X (sky130_fd_sc_hd__buf_6)
                                                         P[13] (net)
                      0.075879    0.001664    9.601775 v P[13] (out)
                                              9.601775   data arrival time

                      0.000000   10.000000   10.000000   clock __VIRTUAL_CLK__ (rise edge)
                                  0.000000   10.000000   clock network delay (ideal)
                                 -0.250000    9.750000   clock uncertainty
                                  0.000000    9.750000   clock reconvergence pessimism
                                 -2.000000    7.750000   output external delay
                                              7.750000   data required time
---------------------------------------------------------------------------------------------
                                              7.750000   data required time
                                             -9.601775   data arrival time
---------------------------------------------------------------------------------------------
                                             -1.851775   slack (VIOLATED)


Startpoint: A[2] (input port clocked by __VIRTUAL_CLK__)
Endpoint: P[12] (output port clocked by __VIRTUAL_CLK__)
Path Group: __VIRTUAL_CLK__
Path Type: max

Fanout         Cap        Slew       Delay        Time   Description
---------------------------------------------------------------------------------------------
                      0.000000    0.000000    0.000000   clock __VIRTUAL_CLK__ (rise edge)
                                  0.000000    0.000000   clock network delay (ideal)
                                  2.000000    2.000000 ^ input external delay
     1    0.003027    0.033744    0.017031    2.017031 ^ A[2] (in)
                                                         A[2] (net)
                      0.033744    0.000000    2.017031 ^ input3/A (sky130_fd_sc_hd__buf_1)
     2    0.014214    0.277633    0.281850    2.298881 ^ input3/X (sky130_fd_sc_hd__buf_1)
                                                         net3 (net)
                      0.277638    0.000999    2.299880 ^ fanout37/A (sky130_fd_sc_hd__buf_2)
    10    0.045815    0.358921    0.495835    2.795716 ^ fanout37/X (sky130_fd_sc_hd__buf_2)
                                                         net37 (net)
                      0.358931    0.002448    2.798163 ^ _330_/A1 (sky130_fd_sc_hd__a22oi_1)
     2    0.006794    0.201592    0.329950    3.128114 v _330_/Y (sky130_fd_sc_hd__a22oi_1)
                                                         _029_ (net)
                      0.201593    0.000424    3.128537 v _332_/C (sky130_fd_sc_hd__or4_4)
     3    0.009615    0.172845    1.033070    4.161607 v _332_/X (sky130_fd_sc_hd__or4_4)
                                                         _031_ (net)
                      0.172845    0.000553    4.162160 v _335_/C1 (sky130_fd_sc_hd__o2111a_1)
     2    0.008452    0.120992    0.324753    4.486913 v _335_/X (sky130_fd_sc_hd__o2111a_1)
                                                         _034_ (net)
                      0.120992    0.000524    4.487437 v _357_/B1 (sky130_fd_sc_hd__a41o_1)
     1    0.010322    0.131194    0.441759    4.929195 v _357_/X (sky130_fd_sc_hd__a41o_1)
                                                         _055_ (net)
                      0.131197    0.000879    4.930074 v _363_/A (sky130_fd_sc_hd__xor2_2)
     2    0.011772    0.162972    0.369787    5.299861 v _363_/X (sky130_fd_sc_hd__xor2_2)
                                                         _061_ (net)
                      0.162977    0.000959    5.300820 v _371_/B (sky130_fd_sc_hd__and3_1)
     3    0.008661    0.118549    0.429406    5.730226 v _371_/X (sky130_fd_sc_hd__and3_1)
                                                         _069_ (net)
                      0.118549    0.000493    5.730719 v _373_/B (sky130_fd_sc_hd__or3_4)
     3    0.008059    0.130204    0.753003    6.483722 v _373_/X (sky130_fd_sc_hd__or3_4)
                                                         _071_ (net)
                      0.130204    0.000532    6.484254 v _377_/C (sky130_fd_sc_hd__and3_1)
     3    0.009884    0.128906    0.452314    6.936568 v _377_/X (sky130_fd_sc_hd__and3_1)
                                                         _075_ (net)
                      0.128906    0.000387    6.936955 v _404_/C (sky130_fd_sc_hd__or3_4)
     1    0.006298    0.124989    0.678674    7.615628 v _404_/X (sky130_fd_sc_hd__or3_4)
                                                         _101_ (net)
                      0.124989    0.000489    7.616118 v _405_/B1 (sky130_fd_sc_hd__a311o_4)
     2    0.018668    0.129908    0.747148    8.363266 v _405_/X (sky130_fd_sc_hd__a311o_4)
                                                         _102_ (net)
                      0.129941    0.002006    8.365273 v _448_/A2 (sky130_fd_sc_hd__a31oi_4)
     3    0.020210    0.329152    0.393855    8.759127 ^ _448_/Y (sky130_fd_sc_hd__a31oi_4)
                                                         _143_ (net)
                      0.329216    0.001866    8.760993 ^ _449_/B (sky130_fd_sc_hd__xnor2_1)
     1    0.011757    0.477042    0.386322    9.147315 ^ _449_/Y (sky130_fd_sc_hd__xnor2_1)
                                                         net20 (net)
                      0.477046    0.001137    9.148452 ^ output20/A (sky130_fd_sc_hd__buf_6)
     1    0.035093    0.128359    0.381710    9.530162 ^ output20/X (sky130_fd_sc_hd__buf_6)
                                                         P[12] (net)
                      0.128388    0.001873    9.532035 ^ P[12] (out)
                                              9.532035   data arrival time

                      0.000000   10.000000   10.000000   clock __VIRTUAL_CLK__ (rise edge)
                                  0.000000   10.000000   clock network delay (ideal)
                                 -0.250000    9.750000   clock uncertainty
                                  0.000000    9.750000   clock reconvergence pessimism
                                 -2.000000    7.750000   output external delay
                                              7.750000   data required time
---------------------------------------------------------------------------------------------
                                              7.750000   data required time
                                             -9.532035   data arrival time
---------------------------------------------------------------------------------------------
                                             -1.782035   slack (VIOLATED)


Startpoint: A[2] (input port clocked by __VIRTUAL_CLK__)
Endpoint: P[10] (output port clocked by __VIRTUAL_CLK__)
Path Group: __VIRTUAL_CLK__
Path Type: max

Fanout         Cap        Slew       Delay        Time   Description
---------------------------------------------------------------------------------------------
                      0.000000    0.000000    0.000000   clock __VIRTUAL_CLK__ (rise edge)
                                  0.000000    0.000000   clock network delay (ideal)
                                  2.000000    2.000000 ^ input external delay
     1    0.003027    0.033744    0.017031    2.017031 ^ A[2] (in)
                                                         A[2] (net)
                      0.033744    0.000000    2.017031 ^ input3/A (sky130_fd_sc_hd__buf_1)
     2    0.014214    0.277633    0.281850    2.298881 ^ input3/X (sky130_fd_sc_hd__buf_1)
                                                         net3 (net)
                      0.277638    0.000999    2.299880 ^ fanout37/A (sky130_fd_sc_hd__buf_2)
    10    0.045815    0.358921    0.495835    2.795716 ^ fanout37/X (sky130_fd_sc_hd__buf_2)
                                                         net37 (net)
                      0.358931    0.002448    2.798163 ^ _330_/A1 (sky130_fd_sc_hd__a22oi_1)
     2    0.006794    0.201592    0.329950    3.128114 v _330_/Y (sky130_fd_sc_hd__a22oi_1)
                                                         _029_ (net)
                      0.201593    0.000424    3.128537 v _332_/C (sky130_fd_sc_hd__or4_4)
     3    0.009615    0.172845    1.033070    4.161607 v _332_/X (sky130_fd_sc_hd__or4_4)
                                                         _031_ (net)
                      0.172845    0.000553    4.162160 v _335_/C1 (sky130_fd_sc_hd__o2111a_1)
     2    0.008452    0.120992    0.324753    4.486913 v _335_/X (sky130_fd_sc_hd__o2111a_1)
                                                         _034_ (net)
                      0.120992    0.000524    4.487437 v _357_/B1 (sky130_fd_sc_hd__a41o_1)
     1    0.010322    0.131194    0.441759    4.929195 v _357_/X (sky130_fd_sc_hd__a41o_1)
                                                         _055_ (net)
                      0.131197    0.000879    4.930074 v _363_/A (sky130_fd_sc_hd__xor2_2)
     2    0.011772    0.162972    0.369787    5.299861 v _363_/X (sky130_fd_sc_hd__xor2_2)
                                                         _061_ (net)
                      0.162977    0.000959    5.300820 v _371_/B (sky130_fd_sc_hd__and3_1)
     3    0.008661    0.118549    0.429406    5.730226 v _371_/X (sky130_fd_sc_hd__and3_1)
                                                         _069_ (net)
                      0.118549    0.000493    5.730719 v _373_/B (sky130_fd_sc_hd__or3_4)
     3    0.008059    0.130204    0.753003    6.483722 v _373_/X (sky130_fd_sc_hd__or3_4)
                                                         _071_ (net)
                      0.130204    0.000532    6.484254 v _377_/C (sky130_fd_sc_hd__and3_1)
     3    0.009884    0.128906    0.452314    6.936568 v _377_/X (sky130_fd_sc_hd__and3_1)
                                                         _075_ (net)
                      0.128906    0.000387    6.936955 v _404_/C (sky130_fd_sc_hd__or3_4)
     1    0.006298    0.124989    0.678674    7.615628 v _404_/X (sky130_fd_sc_hd__or3_4)
                                                         _101_ (net)
                      0.124989    0.000489    7.616118 v _405_/B1 (sky130_fd_sc_hd__a311o_4)
     2    0.018668    0.129908    0.747148    8.363266 v _405_/X (sky130_fd_sc_hd__a311o_4)
                                                         _102_ (net)
                      0.129934    0.001820    8.365086 v rebuffer26/A (sky130_fd_sc_hd__clkbuf_2)
     1    0.017501    0.131516    0.283174    8.648260 v rebuffer26/X (sky130_fd_sc_hd__clkbuf_2)
                                                         net74 (net)
                      0.131530    0.001403    8.649664 v _408_/A (sky130_fd_sc_hd__nand2_8)
     2    0.024028    0.123670    0.140351    8.790014 ^ _408_/Y (sky130_fd_sc_hd__nand2_8)
                                                         _105_ (net)
                      0.123683    0.002370    8.792384 ^ _409_/A (sky130_fd_sc_hd__xnor2_4)
     1    0.010802    0.230211    0.239750    9.032133 ^ _409_/Y (sky130_fd_sc_hd__xnor2_4)
                                                         net18 (net)
                      0.230212    0.001056    9.033190 ^ output18/A (sky130_fd_sc_hd__buf_6)
     1    0.035213    0.125791    0.296196    9.329386 ^ output18/X (sky130_fd_sc_hd__buf_6)
                                                         P[10] (net)
                      0.125821    0.001879    9.331264 ^ P[10] (out)
                                              9.331264   data arrival time

                      0.000000   10.000000   10.000000   clock __VIRTUAL_CLK__ (rise edge)
                                  0.000000   10.000000   clock network delay (ideal)
                                 -0.250000    9.750000   clock uncertainty
                                  0.000000    9.750000   clock reconvergence pessimism
                                 -2.000000    7.750000   output external delay
                                              7.750000   data required time
---------------------------------------------------------------------------------------------
                                              7.750000   data required time
                                             -9.331264   data arrival time
---------------------------------------------------------------------------------------------
                                             -1.581265   slack (VIOLATED)


Startpoint: B[3] (input port clocked by __VIRTUAL_CLK__)
Endpoint: P[9] (output port clocked by __VIRTUAL_CLK__)
Path Group: __VIRTUAL_CLK__
Path Type: max

Fanout         Cap        Slew       Delay        Time   Description
---------------------------------------------------------------------------------------------
                      0.000000    0.000000    0.000000   clock __VIRTUAL_CLK__ (rise edge)
                                  0.000000    0.000000   clock network delay (ideal)
                                  2.000000    2.000000 ^ input external delay
     1    0.003035    0.033797    0.017074    2.017074 ^ B[3] (in)
                                                         B[3] (net)
                      0.033797    0.000000    2.017074 ^ input12/A (sky130_fd_sc_hd__buf_1)
     2    0.016030    0.310731    0.305188    2.322262 ^ input12/X (sky130_fd_sc_hd__buf_1)
                                                         net12 (net)
                      0.310735    0.001050    2.323313 ^ fanout43/A (sky130_fd_sc_hd__buf_4)
    10    0.047957    0.222811    0.427154    2.750467 ^ fanout43/X (sky130_fd_sc_hd__buf_4)
                                                         net43 (net)
                      0.222830    0.002215    2.752681 ^ _261_/B (sky130_fd_sc_hd__and2_1)
     2    0.006920    0.136871    0.331073    3.083755 ^ _261_/X (sky130_fd_sc_hd__and2_1)
                                                         _193_ (net)
                      0.136871    0.000412    3.084166 ^ _263_/C (sky130_fd_sc_hd__and4_1)
     4    0.023871    0.385817    0.652127    3.736294 ^ _263_/X (sky130_fd_sc_hd__and4_1)
                                                         _195_ (net)
                      0.385817    0.001461    3.737755 ^ _268_/C (sky130_fd_sc_hd__or4_4)
     2    0.014681    0.096588    0.380796    4.118551 ^ _268_/X (sky130_fd_sc_hd__or4_4)
                                                         _200_ (net)
                      0.096601    0.001121    4.119672 ^ _270_/A (sky130_fd_sc_hd__nor2_4)
     3    0.010685    0.095052    0.085426    4.205099 v _270_/Y (sky130_fd_sc_hd__nor2_4)
                                                         _202_ (net)
                      0.095058    0.000785    4.205884 v _276_/A (sky130_fd_sc_hd__or4_4)
     3    0.006884    0.164685    1.072772    5.278656 v _276_/X (sky130_fd_sc_hd__or4_4)
                                                         _208_ (net)
                      0.164685    0.000435    5.279091 v rebuffer30/A (sky130_fd_sc_hd__dlymetal6s4s_1)
     1    0.002907    0.075359    0.570007    5.849097 v rebuffer30/X (sky130_fd_sc_hd__dlymetal6s4s_1)
                                                         net78 (net)
                      0.075359    0.000199    5.849296 v _279_/A2 (sky130_fd_sc_hd__a21oi_1)
     2    0.010107    0.388420    0.398265    6.247561 ^ _279_/Y (sky130_fd_sc_hd__a21oi_1)
                                                         _211_ (net)
                      0.388421    0.000608    6.248168 ^ _280_/C (sky130_fd_sc_hd__or3_4)
     4    0.026851    0.145342    0.422288    6.670456 ^ _280_/X (sky130_fd_sc_hd__or3_4)
                                                         _212_ (net)
                      0.145361    0.001708    6.672164 ^ _291_/A2 (sky130_fd_sc_hd__a211o_4)
     2    0.015278    0.091182    0.297879    6.970043 ^ _291_/X (sky130_fd_sc_hd__a211o_4)
                                                         _223_ (net)
                      0.091217    0.001652    6.971695 ^ _299_/B (sky130_fd_sc_hd__nand3b_4)
     5    0.020339    0.199286    0.222498    7.194193 v _299_/Y (sky130_fd_sc_hd__nand3b_4)
                                                         _000_ (net)
                      0.199294    0.001408    7.195601 v _353_/A3 (sky130_fd_sc_hd__a31o_4)
     2    0.015458    0.085863    0.517098    7.712699 v _353_/X (sky130_fd_sc_hd__a31o_4)
                                                         _052_ (net)
                      0.085953    0.001227    7.713926 v _355_/A2 (sky130_fd_sc_hd__o21ba_4)
     1    0.016571    0.086582    0.390669    8.104594 v _355_/X (sky130_fd_sc_hd__o21ba_4)
                                                         _053_ (net)
                      0.086644    0.001316    8.105911 v _379_/B (sky130_fd_sc_hd__xnor2_4)
     1    0.010343    0.217166    0.243979    8.349890 ^ _379_/Y (sky130_fd_sc_hd__xnor2_4)
                                                         net32 (net)
                      0.217167    0.000941    8.350831 ^ output32/A (sky130_fd_sc_hd__buf_6)
     1    0.033996    0.122141    0.288511    8.639342 ^ output32/X (sky130_fd_sc_hd__buf_6)
                                                         P[9] (net)
                      0.122162    0.001600    8.640943 ^ P[9] (out)
                                              8.640943   data arrival time

                      0.000000   10.000000   10.000000   clock __VIRTUAL_CLK__ (rise edge)
                                  0.000000   10.000000   clock network delay (ideal)
                                 -0.250000    9.750000   clock uncertainty
                                  0.000000    9.750000   clock reconvergence pessimism
                                 -2.000000    7.750000   output external delay
                                              7.750000   data required time
---------------------------------------------------------------------------------------------
                                              7.750000   data required time
                                             -8.640943   data arrival time
---------------------------------------------------------------------------------------------
                                             -0.890942   slack (VIOLATED)


Startpoint: B[3] (input port clocked by __VIRTUAL_CLK__)
Endpoint: P[8] (output port clocked by __VIRTUAL_CLK__)
Path Group: __VIRTUAL_CLK__
Path Type: max

Fanout         Cap        Slew       Delay        Time   Description
---------------------------------------------------------------------------------------------
                      0.000000    0.000000    0.000000   clock __VIRTUAL_CLK__ (rise edge)
                                  0.000000    0.000000   clock network delay (ideal)
                                  2.000000    2.000000 ^ input external delay
     1    0.003035    0.033797    0.017074    2.017074 ^ B[3] (in)
                                                         B[3] (net)
                      0.033797    0.000000    2.017074 ^ input12/A (sky130_fd_sc_hd__buf_1)
     2    0.016030    0.310731    0.305188    2.322262 ^ input12/X (sky130_fd_sc_hd__buf_1)
                                                         net12 (net)
                      0.310735    0.001050    2.323313 ^ fanout43/A (sky130_fd_sc_hd__buf_4)
    10    0.047957    0.222811    0.427154    2.750467 ^ fanout43/X (sky130_fd_sc_hd__buf_4)
                                                         net43 (net)
                      0.222830    0.002215    2.752681 ^ _261_/B (sky130_fd_sc_hd__and2_1)
     2    0.006920    0.136871    0.331073    3.083755 ^ _261_/X (sky130_fd_sc_hd__and2_1)
                                                         _193_ (net)
                      0.136871    0.000412    3.084166 ^ _263_/C (sky130_fd_sc_hd__and4_1)
     4    0.023871    0.385817    0.652127    3.736294 ^ _263_/X (sky130_fd_sc_hd__and4_1)
                                                         _195_ (net)
                      0.385817    0.001461    3.737755 ^ _268_/C (sky130_fd_sc_hd__or4_4)
     2    0.014681    0.096588    0.380796    4.118551 ^ _268_/X (sky130_fd_sc_hd__or4_4)
                                                         _200_ (net)
                      0.096601    0.001121    4.119672 ^ _270_/A (sky130_fd_sc_hd__nor2_4)
     3    0.010685    0.095052    0.085426    4.205099 v _270_/Y (sky130_fd_sc_hd__nor2_4)
                                                         _202_ (net)
                      0.095058    0.000785    4.205884 v _276_/A (sky130_fd_sc_hd__or4_4)
     3    0.006884    0.164685    1.072772    5.278656 v _276_/X (sky130_fd_sc_hd__or4_4)
                                                         _208_ (net)
                      0.164686    0.000493    5.279149 v _277_/A (sky130_fd_sc_hd__and3_1)
     2    0.008984    0.121283    0.390102    5.669251 v _277_/X (sky130_fd_sc_hd__and3_1)
                                                         _209_ (net)
                      0.121283    0.000493    5.669744 v _280_/A (sky130_fd_sc_hd__or3_4)
     4    0.025514    0.177735    0.870708    6.540452 v _280_/X (sky130_fd_sc_hd__or3_4)
                                                         _212_ (net)
                      0.177735    0.001620    6.542072 v _291_/A2 (sky130_fd_sc_hd__a211o_4)
     2    0.014564    0.102165    0.670234    7.212306 v _291_/X (sky130_fd_sc_hd__a211o_4)
                                                         _223_ (net)
                      0.102166    0.001566    7.213873 v _299_/B (sky130_fd_sc_hd__nand3b_4)
     5    0.021410    0.155466    0.178058    7.391931 ^ _299_/Y (sky130_fd_sc_hd__nand3b_4)
                                                         _000_ (net)
                      0.155470    0.001486    7.393417 ^ _353_/A3 (sky130_fd_sc_hd__a31o_4)
     2    0.016514    0.119347    0.390995    7.784412 ^ _353_/X (sky130_fd_sc_hd__a31o_4)
                                                         _052_ (net)
                      0.119358    0.001251    7.785664 ^ _354_/B (sky130_fd_sc_hd__xor2_2)
     1    0.009812    0.257656    0.313875    8.099539 ^ _354_/X (sky130_fd_sc_hd__xor2_2)
                                                         net31 (net)
                      0.257656    0.000860    8.100399 ^ output31/A (sky130_fd_sc_hd__buf_6)
     1    0.033939    0.122401    0.303153    8.403552 ^ output31/X (sky130_fd_sc_hd__buf_6)
                                                         P[8] (net)
                      0.122421    0.001587    8.405139 ^ P[8] (out)
                                              8.405139   data arrival time

                      0.000000   10.000000   10.000000   clock __VIRTUAL_CLK__ (rise edge)
                                  0.000000   10.000000   clock network delay (ideal)
                                 -0.250000    9.750000   clock uncertainty
                                  0.000000    9.750000   clock reconvergence pessimism
                                 -2.000000    7.750000   output external delay
                                              7.750000   data required time
---------------------------------------------------------------------------------------------
                                              7.750000   data required time
                                             -8.405139   data arrival time
---------------------------------------------------------------------------------------------
                                             -0.655139   slack (VIOLATED)


Startpoint: B[3] (input port clocked by __VIRTUAL_CLK__)
Endpoint: P[7] (output port clocked by __VIRTUAL_CLK__)
Path Group: __VIRTUAL_CLK__
Path Type: max

Fanout         Cap        Slew       Delay        Time   Description
---------------------------------------------------------------------------------------------
                      0.000000    0.000000    0.000000   clock __VIRTUAL_CLK__ (rise edge)
                                  0.000000    0.000000   clock network delay (ideal)
                                  2.000000    2.000000 ^ input external delay
     1    0.003035    0.033797    0.017074    2.017074 ^ B[3] (in)
                                                         B[3] (net)
                      0.033797    0.000000    2.017074 ^ input12/A (sky130_fd_sc_hd__buf_1)
     2    0.016030    0.310731    0.305188    2.322262 ^ input12/X (sky130_fd_sc_hd__buf_1)
                                                         net12 (net)
                      0.310735    0.001050    2.323313 ^ fanout43/A (sky130_fd_sc_hd__buf_4)
    10    0.047957    0.222811    0.427154    2.750467 ^ fanout43/X (sky130_fd_sc_hd__buf_4)
                                                         net43 (net)
                      0.222830    0.002215    2.752681 ^ _261_/B (sky130_fd_sc_hd__and2_1)
     2    0.006920    0.136871    0.331073    3.083755 ^ _261_/X (sky130_fd_sc_hd__and2_1)
                                                         _193_ (net)
                      0.136871    0.000412    3.084166 ^ _263_/C (sky130_fd_sc_hd__and4_1)
     4    0.023871    0.385817    0.652127    3.736294 ^ _263_/X (sky130_fd_sc_hd__and4_1)
                                                         _195_ (net)
                      0.385817    0.001461    3.737755 ^ _268_/C (sky130_fd_sc_hd__or4_4)
     2    0.014681    0.096588    0.380796    4.118551 ^ _268_/X (sky130_fd_sc_hd__or4_4)
                                                         _200_ (net)
                      0.096601    0.001121    4.119672 ^ _270_/A (sky130_fd_sc_hd__nor2_4)
     3    0.010685    0.095052    0.085426    4.205099 v _270_/Y (sky130_fd_sc_hd__nor2_4)
                                                         _202_ (net)
                      0.095058    0.000785    4.205884 v _276_/A (sky130_fd_sc_hd__or4_4)
     3    0.006884    0.164685    1.072772    5.278656 v _276_/X (sky130_fd_sc_hd__or4_4)
                                                         _208_ (net)
                      0.164686    0.000493    5.279149 v _277_/A (sky130_fd_sc_hd__and3_1)
     2    0.008984    0.121283    0.390102    5.669251 v _277_/X (sky130_fd_sc_hd__and3_1)
                                                         _209_ (net)
                      0.121283    0.000493    5.669744 v _280_/A (sky130_fd_sc_hd__or3_4)
     4    0.025514    0.177735    0.870708    6.540452 v _280_/X (sky130_fd_sc_hd__or3_4)
                                                         _212_ (net)
                      0.177735    0.001620    6.542072 v _291_/A2 (sky130_fd_sc_hd__a211o_4)
     2    0.014564    0.102165    0.670234    7.212306 v _291_/X (sky130_fd_sc_hd__a211o_4)
                                                         _223_ (net)
                      0.102166    0.001566    7.213873 v _299_/B (sky130_fd_sc_hd__nand3b_4)
     5    0.021410    0.155466    0.178058    7.391931 ^ _299_/Y (sky130_fd_sc_hd__nand3b_4)
                                                         _000_ (net)
                      0.155469    0.001334    7.393265 ^ _326_/B (sky130_fd_sc_hd__and4_1)
     1    0.002826    0.101653    0.392308    7.785573 ^ _326_/X (sky130_fd_sc_hd__and4_1)
                                                         _026_ (net)
                      0.101653    0.000203    7.785776 ^ _328_/A_N (sky130_fd_sc_hd__nand2b_4)
     1    0.011551    0.094561    0.249339    8.035115 ^ _328_/Y (sky130_fd_sc_hd__nand2b_4)
                                                         net30 (net)
                      0.094565    0.001088    8.036203 ^ output30/A (sky130_fd_sc_hd__buf_8)
     1    0.034050    0.103867    0.214604    8.250808 ^ output30/X (sky130_fd_sc_hd__buf_8)
                                                         P[7] (net)
                      0.103893    0.001604    8.252412 ^ P[7] (out)
                                              8.252412   data arrival time

                      0.000000   10.000000   10.000000   clock __VIRTUAL_CLK__ (rise edge)
                                  0.000000   10.000000   clock network delay (ideal)
                                 -0.250000    9.750000   clock uncertainty
                                  0.000000    9.750000   clock reconvergence pessimism
                                 -2.000000    7.750000   output external delay
                                              7.750000   data required time
---------------------------------------------------------------------------------------------
                                              7.750000   data required time
                                             -8.252412   data arrival time
---------------------------------------------------------------------------------------------
                                             -0.502411   slack (VIOLATED)


Startpoint: B[3] (input port clocked by __VIRTUAL_CLK__)
Endpoint: P[6] (output port clocked by __VIRTUAL_CLK__)
Path Group: __VIRTUAL_CLK__
Path Type: max

Fanout         Cap        Slew       Delay        Time   Description
---------------------------------------------------------------------------------------------
                      0.000000    0.000000    0.000000   clock __VIRTUAL_CLK__ (rise edge)
                                  0.000000    0.000000   clock network delay (ideal)
                                  2.000000    2.000000 ^ input external delay
     1    0.003035    0.033797    0.017074    2.017074 ^ B[3] (in)
                                                         B[3] (net)
                      0.033797    0.000000    2.017074 ^ input12/A (sky130_fd_sc_hd__buf_1)
     2    0.016030    0.310731    0.305188    2.322262 ^ input12/X (sky130_fd_sc_hd__buf_1)
                                                         net12 (net)
                      0.310735    0.001050    2.323313 ^ fanout43/A (sky130_fd_sc_hd__buf_4)
    10    0.047957    0.222811    0.427154    2.750467 ^ fanout43/X (sky130_fd_sc_hd__buf_4)
                                                         net43 (net)
                      0.222830    0.002215    2.752681 ^ _261_/B (sky130_fd_sc_hd__and2_1)
     2    0.006920    0.136871    0.331073    3.083755 ^ _261_/X (sky130_fd_sc_hd__and2_1)
                                                         _193_ (net)
                      0.136871    0.000412    3.084166 ^ _263_/C (sky130_fd_sc_hd__and4_1)
     4    0.023871    0.385817    0.652127    3.736294 ^ _263_/X (sky130_fd_sc_hd__and4_1)
                                                         _195_ (net)
                      0.385817    0.001461    3.737755 ^ _268_/C (sky130_fd_sc_hd__or4_4)
     2    0.014681    0.096588    0.380796    4.118551 ^ _268_/X (sky130_fd_sc_hd__or4_4)
                                                         _200_ (net)
                      0.096601    0.001121    4.119672 ^ _270_/A (sky130_fd_sc_hd__nor2_4)
     3    0.010685    0.095052    0.085426    4.205099 v _270_/Y (sky130_fd_sc_hd__nor2_4)
                                                         _202_ (net)
                      0.095058    0.000785    4.205884 v _276_/A (sky130_fd_sc_hd__or4_4)
     3    0.006884    0.164685    1.072772    5.278656 v _276_/X (sky130_fd_sc_hd__or4_4)
                                                         _208_ (net)
                      0.164686    0.000493    5.279149 v _277_/A (sky130_fd_sc_hd__and3_1)
     2    0.008984    0.121283    0.390102    5.669251 v _277_/X (sky130_fd_sc_hd__and3_1)
                                                         _209_ (net)
                      0.121283    0.000493    5.669744 v _280_/A (sky130_fd_sc_hd__or3_4)
     4    0.025514    0.177735    0.870708    6.540452 v _280_/X (sky130_fd_sc_hd__or3_4)
                                                         _212_ (net)
                      0.177735    0.001620    6.542072 v _291_/A2 (sky130_fd_sc_hd__a211o_4)
     2    0.014564    0.102165    0.670234    7.212306 v _291_/X (sky130_fd_sc_hd__a211o_4)
                                                         _223_ (net)
                      0.102165    0.001470    7.213777 v _300_/A1 (sky130_fd_sc_hd__a21bo_1)
     1    0.002918    0.063016    0.317491    7.531268 v _300_/X (sky130_fd_sc_hd__a21bo_1)
                                                         _001_ (net)
                      0.063016    0.000205    7.531474 v _301_/B (sky130_fd_sc_hd__and2_4)
     1    0.010321    0.063282    0.292054    7.823528 v _301_/X (sky130_fd_sc_hd__and2_4)
                                                         net29 (net)
                      0.063282    0.000856    7.824384 v output29/A (sky130_fd_sc_hd__buf_8)
     1    0.034129    0.067502    0.234887    8.059271 v output29/X (sky130_fd_sc_hd__buf_8)
                                                         P[6] (net)
                      0.067549    0.001631    8.060902 v P[6] (out)
                                              8.060902   data arrival time

                      0.000000   10.000000   10.000000   clock __VIRTUAL_CLK__ (rise edge)
                                  0.000000   10.000000   clock network delay (ideal)
                                 -0.250000    9.750000   clock uncertainty
                                  0.000000    9.750000   clock reconvergence pessimism
                                 -2.000000    7.750000   output external delay
                                              7.750000   data required time
---------------------------------------------------------------------------------------------
                                              7.750000   data required time
                                             -8.060902   data arrival time
---------------------------------------------------------------------------------------------
                                             -0.310902   slack (VIOLATED)


Startpoint: B[3] (input port clocked by __VIRTUAL_CLK__)
Endpoint: P[5] (output port clocked by __VIRTUAL_CLK__)
Path Group: __VIRTUAL_CLK__
Path Type: max

Fanout         Cap        Slew       Delay        Time   Description
---------------------------------------------------------------------------------------------
                      0.000000    0.000000    0.000000   clock __VIRTUAL_CLK__ (rise edge)
                                  0.000000    0.000000   clock network delay (ideal)
                                  2.000000    2.000000 v input external delay
     1    0.002906    0.018860    0.009609    2.009609 v B[3] (in)
                                                         B[3] (net)
                      0.018860    0.000000    2.009609 v input12/A (sky130_fd_sc_hd__buf_1)
     2    0.015652    0.184887    0.243273    2.252882 v input12/X (sky130_fd_sc_hd__buf_1)
                                                         net12 (net)
                      0.184889    0.001019    2.253900 v fanout43/A (sky130_fd_sc_hd__buf_4)
    10    0.045858    0.125509    0.377797    2.631698 v fanout43/X (sky130_fd_sc_hd__buf_4)
                                                         net43 (net)
                      0.125547    0.002117    2.633815 v _261_/B (sky130_fd_sc_hd__and2_1)
     2    0.006669    0.098650    0.374887    3.008702 v _261_/X (sky130_fd_sc_hd__and2_1)
                                                         _193_ (net)
                      0.098650    0.000395    3.009097 v _263_/C (sky130_fd_sc_hd__and4_1)
     4    0.021921    0.219671    0.540618    3.549715 v _263_/X (sky130_fd_sc_hd__and4_1)
                                                         _195_ (net)
                      0.219675    0.001334    3.551049 v _268_/C (sky130_fd_sc_hd__or4_4)
     2    0.013865    0.184908    1.064813    4.615861 v _268_/X (sky130_fd_sc_hd__or4_4)
                                                         _200_ (net)
                      0.184908    0.000683    4.616544 v _284_/B1 (sky130_fd_sc_hd__o41a_1)
     1    0.006870    0.152469    0.291139    4.907683 v _284_/X (sky130_fd_sc_hd__o41a_1)
                                                         _216_ (net)
                      0.152469    0.000542    4.908225 v _285_/B (sky130_fd_sc_hd__xnor2_1)
     2    0.008753    0.378073    0.395573    5.303798 ^ _285_/Y (sky130_fd_sc_hd__xnor2_1)
                                                         _217_ (net)
                      0.378075    0.000606    5.304404 ^ _288_/B (sky130_fd_sc_hd__xnor2_1)
     2    0.009408    0.399472    0.377388    5.681792 ^ _288_/Y (sky130_fd_sc_hd__xnor2_1)
                                                         _220_ (net)
                      0.399474    0.000711    5.682503 ^ _292_/B (sky130_fd_sc_hd__xnor2_1)
     2    0.004800    0.122947    0.253423    5.935925 v _292_/Y (sky130_fd_sc_hd__xnor2_1)
                                                         _224_ (net)
                      0.122947    0.000191    5.936116 v _468_/A (sky130_fd_sc_hd__or3_1)
     1    0.001755    0.123943    0.834543    6.770659 v _468_/X (sky130_fd_sc_hd__or3_1)
                                                         _159_ (net)
                      0.123943    0.000119    6.770778 v _469_/B (sky130_fd_sc_hd__and2_1)
     1    0.005670    0.090977    0.366216    7.136994 v _469_/X (sky130_fd_sc_hd__and2_1)
                                                         net28 (net)
                      0.090977    0.000266    7.137260 v output28/A (sky130_fd_sc_hd__buf_2)
     1    0.034124    0.165589    0.353316    7.490576 v output28/X (sky130_fd_sc_hd__buf_2)
                                                         P[5] (net)
                      0.165604    0.001656    7.492232 v P[5] (out)
                                              7.492232   data arrival time

                      0.000000   10.000000   10.000000   clock __VIRTUAL_CLK__ (rise edge)
                                  0.000000   10.000000   clock network delay (ideal)
                                 -0.250000    9.750000   clock uncertainty
                                  0.000000    9.750000   clock reconvergence pessimism
                                 -2.000000    7.750000   output external delay
                                              7.750000   data required time
---------------------------------------------------------------------------------------------
                                              7.750000   data required time
                                             -7.492232   data arrival time
---------------------------------------------------------------------------------------------
                                              0.257768   slack (MET)


Startpoint: B[3] (input port clocked by __VIRTUAL_CLK__)
Endpoint: P[4] (output port clocked by __VIRTUAL_CLK__)
Path Group: __VIRTUAL_CLK__
Path Type: max

Fanout         Cap        Slew       Delay        Time   Description
---------------------------------------------------------------------------------------------
                      0.000000    0.000000    0.000000   clock __VIRTUAL_CLK__ (rise edge)
                                  0.000000    0.000000   clock network delay (ideal)
                                  2.000000    2.000000 v input external delay
     1    0.002906    0.018860    0.009609    2.009609 v B[3] (in)
                                                         B[3] (net)
                      0.018860    0.000000    2.009609 v input12/A (sky130_fd_sc_hd__buf_1)
     2    0.015652    0.184887    0.243273    2.252882 v input12/X (sky130_fd_sc_hd__buf_1)
                                                         net12 (net)
                      0.184889    0.001019    2.253900 v fanout43/A (sky130_fd_sc_hd__buf_4)
    10    0.045858    0.125509    0.377797    2.631698 v fanout43/X (sky130_fd_sc_hd__buf_4)
                                                         net43 (net)
                      0.125547    0.002117    2.633815 v _261_/B (sky130_fd_sc_hd__and2_1)
     2    0.006669    0.098650    0.374887    3.008702 v _261_/X (sky130_fd_sc_hd__and2_1)
                                                         _193_ (net)
                      0.098650    0.000395    3.009097 v _263_/C (sky130_fd_sc_hd__and4_1)
     4    0.021921    0.219671    0.540618    3.549715 v _263_/X (sky130_fd_sc_hd__and4_1)
                                                         _195_ (net)
                      0.219674    0.001222    3.550937 v _267_/A (sky130_fd_sc_hd__or2_1)
     2    0.009516    0.156208    0.629964    4.180901 v _267_/X (sky130_fd_sc_hd__or2_1)
                                                         _199_ (net)
                      0.156208    0.000589    4.181490 v _283_/B (sky130_fd_sc_hd__xnor2_1)
     1    0.005873    0.141777    0.278525    4.460015 v _283_/Y (sky130_fd_sc_hd__xnor2_1)
                                                         _215_ (net)
                      0.141777    0.000438    4.460453 v _294_/B (sky130_fd_sc_hd__xnor2_1)
     2    0.009077    0.388712    0.399007    4.859460 ^ _294_/Y (sky130_fd_sc_hd__xnor2_1)
                                                         _226_ (net)
                      0.388714    0.000754    4.860213 ^ _296_/B (sky130_fd_sc_hd__xnor2_1)
     2    0.006305    0.143453    0.270679    5.130893 v _296_/Y (sky130_fd_sc_hd__xnor2_1)
                                                         _228_ (net)
                      0.143453    0.000421    5.131313 v _297_/C (sky130_fd_sc_hd__and3_1)
     3    0.009050    0.121791    0.451854    5.583168 v _297_/X (sky130_fd_sc_hd__and3_1)
                                                         _229_ (net)
                      0.121791    0.000301    5.583468 v _476_/A (sky130_fd_sc_hd__nor2_1)
     1    0.006036    0.216516    0.254201    5.837669 ^ _476_/Y (sky130_fd_sc_hd__nor2_1)
                                                         net27 (net)
                      0.216516    0.000306    5.837975 ^ output27/A (sky130_fd_sc_hd__buf_2)
     1    0.034040    0.270917    0.410239    6.248214 ^ output27/X (sky130_fd_sc_hd__buf_2)
                                                         P[4] (net)
                      0.270922    0.001620    6.249833 ^ P[4] (out)
                                              6.249833   data arrival time

                      0.000000   10.000000   10.000000   clock __VIRTUAL_CLK__ (rise edge)
                                  0.000000   10.000000   clock network delay (ideal)
                                 -0.250000    9.750000   clock uncertainty
                                  0.000000    9.750000   clock reconvergence pessimism
                                 -2.000000    7.750000   output external delay
                                              7.750000   data required time
---------------------------------------------------------------------------------------------
                                              7.750000   data required time
                                             -6.249833   data arrival time
---------------------------------------------------------------------------------------------
                                              1.500167   slack (MET)


Startpoint: B[2] (input port clocked by __VIRTUAL_CLK__)
Endpoint: P[3] (output port clocked by __VIRTUAL_CLK__)
Path Group: __VIRTUAL_CLK__
Path Type: max

Fanout         Cap        Slew       Delay        Time   Description
---------------------------------------------------------------------------------------------
                      0.000000    0.000000    0.000000   clock __VIRTUAL_CLK__ (rise edge)
                                  0.000000    0.000000   clock network delay (ideal)
                                  2.000000    2.000000 ^ input external delay
     1    0.003206    0.034941    0.017979    2.017979 ^ B[2] (in)
                                                         B[2] (net)
                      0.034941    0.000000    2.017979 ^ input11/A (sky130_fd_sc_hd__clkbuf_2)
     2    0.019180    0.172680    0.251170    2.269149 ^ input11/X (sky130_fd_sc_hd__clkbuf_2)
                                                         net11 (net)
                      0.172681    0.000855    2.270005 ^ fanout45/A (sky130_fd_sc_hd__buf_6)
     6    0.030958    0.113111    0.261591    2.531595 ^ fanout45/X (sky130_fd_sc_hd__buf_6)
                                                         net45 (net)
                      0.113143    0.001832    2.533427 ^ _246_/C (sky130_fd_sc_hd__nand4_4)
     5    0.017437    0.242938    0.287869    2.821296 v _246_/Y (sky130_fd_sc_hd__nand4_4)
                                                         _178_ (net)
                      0.242941    0.001392    2.822688 v _248_/S (sky130_fd_sc_hd__mux2_4)
     4    0.016428    0.115747    0.660230    3.482918 v _248_/X (sky130_fd_sc_hd__mux2_4)
                                                         _180_ (net)
                      0.115752    0.000871    3.483788 v _251_/B (sky130_fd_sc_hd__xor2_2)
     3    0.007860    0.114234    0.296378    3.780167 v _251_/X (sky130_fd_sc_hd__xor2_2)
                                                         _183_ (net)
                      0.114234    0.000496    3.780663 v _473_/A (sky130_fd_sc_hd__or2_1)
     1    0.002091    0.090250    0.500090    4.280753 v _473_/X (sky130_fd_sc_hd__or2_1)
                                                         _161_ (net)
                      0.090250    0.000129    4.280882 v _474_/B (sky130_fd_sc_hd__and2_1)
     1    0.004127    0.079150    0.336508    4.617390 v _474_/X (sky130_fd_sc_hd__and2_1)
                                                         net26 (net)
                      0.079150    0.000286    4.617677 v output26/A (sky130_fd_sc_hd__buf_2)
     1    0.034449    0.166846    0.348690    4.966367 v output26/X (sky130_fd_sc_hd__buf_2)
                                                         P[3] (net)
                      0.166860    0.001613    4.967980 v P[3] (out)
                                              4.967980   data arrival time

                      0.000000   10.000000   10.000000   clock __VIRTUAL_CLK__ (rise edge)
                                  0.000000   10.000000   clock network delay (ideal)
                                 -0.250000    9.750000   clock uncertainty
                                  0.000000    9.750000   clock reconvergence pessimism
                                 -2.000000    7.750000   output external delay
                                              7.750000   data required time
---------------------------------------------------------------------------------------------
                                              7.750000   data required time
                                             -4.967980   data arrival time
---------------------------------------------------------------------------------------------
                                              2.782020   slack (MET)


Startpoint: A[0] (input port clocked by __VIRTUAL_CLK__)
Endpoint: P[2] (output port clocked by __VIRTUAL_CLK__)
Path Group: __VIRTUAL_CLK__
Path Type: max

Fanout         Cap        Slew       Delay        Time   Description
---------------------------------------------------------------------------------------------
                      0.000000    0.000000    0.000000   clock __VIRTUAL_CLK__ (rise edge)
                                  0.000000    0.000000   clock network delay (ideal)
                                  2.000000    2.000000 v input external delay
     1    0.003229    0.020111    0.010631    2.010631 v A[0] (in)
                                                         A[0] (net)
                      0.020111    0.000000    2.010631 v input1/A (sky130_fd_sc_hd__buf_4)
     4    0.030084    0.095229    0.273696    2.284327 v input1/X (sky130_fd_sc_hd__buf_4)
                                                         net1 (net)
                      0.095310    0.002520    2.286847 v fanout48/A (sky130_fd_sc_hd__buf_8)
     9    0.039980    0.074618    0.256716    2.543563 v fanout48/X (sky130_fd_sc_hd__buf_8)
                                                         net48 (net)
                      0.074645    0.001371    2.544934 v rebuffer28/A (sky130_fd_sc_hd__dlymetal6s2s_1)
     2    0.006959    0.105489    0.312037    2.856970 v rebuffer28/X (sky130_fd_sc_hd__dlymetal6s2s_1)
                                                         net76 (net)
                      0.105490    0.000440    2.857410 v _252_/A1 (sky130_fd_sc_hd__a22o_1)
     2    0.004686    0.088427    0.404912    3.262323 v _252_/X (sky130_fd_sc_hd__a22o_1)
                                                         _184_ (net)
                      0.088427    0.000254    3.262577 v _253_/A (sky130_fd_sc_hd__and4_1)
     4    0.012536    0.149839    0.391182    3.653760 v _253_/X (sky130_fd_sc_hd__and4_1)
                                                         _185_ (net)
                      0.149841    0.000797    3.654557 v rebuffer29/A (sky130_fd_sc_hd__dlygate4sd1_1)
     1    0.004707    0.077056    0.529631    4.184188 v rebuffer29/X (sky130_fd_sc_hd__dlygate4sd1_1)
                                                         net77 (net)
                      0.077056    0.000350    4.184539 v _254_/A (sky130_fd_sc_hd__inv_2)
     2    0.006700    0.059420    0.089743    4.274282 ^ _254_/Y (sky130_fd_sc_hd__inv_2)
                                                         _186_ (net)
                      0.059421    0.000354    4.274636 ^ _472_/A (sky130_fd_sc_hd__and2_1)
     1    0.002407    0.074508    0.205244    4.479881 ^ _472_/X (sky130_fd_sc_hd__and2_1)
                                                         net25 (net)
                      0.074508    0.000158    4.480039 ^ output25/A (sky130_fd_sc_hd__buf_2)
     1    0.034449    0.273680    0.345864    4.825902 ^ output25/X (sky130_fd_sc_hd__buf_2)
                                                         P[2] (net)
                      0.273685    0.001614    4.827516 ^ P[2] (out)
                                              4.827516   data arrival time

                      0.000000   10.000000   10.000000   clock __VIRTUAL_CLK__ (rise edge)
                                  0.000000   10.000000   clock network delay (ideal)
                                 -0.250000    9.750000   clock uncertainty
                                  0.000000    9.750000   clock reconvergence pessimism
                                 -2.000000    7.750000   output external delay
                                              7.750000   data required time
---------------------------------------------------------------------------------------------
                                              7.750000   data required time
                                             -4.827516   data arrival time
---------------------------------------------------------------------------------------------
                                              2.922484   slack (MET)


Startpoint: B[1] (input port clocked by __VIRTUAL_CLK__)
Endpoint: P[1] (output port clocked by __VIRTUAL_CLK__)
Path Group: __VIRTUAL_CLK__
Path Type: max

Fanout         Cap        Slew       Delay        Time   Description
---------------------------------------------------------------------------------------------
                      0.000000    0.000000    0.000000   clock __VIRTUAL_CLK__ (rise edge)
                                  0.000000    0.000000   clock network delay (ideal)
                                  2.000000    2.000000 v input external delay
     1    0.004984    0.027063    0.016170    2.016170 v B[1] (in)
                                                         B[1] (net)
                      0.027066    0.000000    2.016170 v input10/A (sky130_fd_sc_hd__buf_6)
     2    0.022116    0.060930    0.208710    2.224880 v input10/X (sky130_fd_sc_hd__buf_6)
                                                         net10 (net)
                      0.061059    0.002452    2.227331 v fanout46/A (sky130_fd_sc_hd__buf_8)
     7    0.027808    0.060124    0.226178    2.453510 v fanout46/X (sky130_fd_sc_hd__buf_8)
                                                         net46 (net)
                      0.060185    0.001737    2.455247 v rebuffer3/A (sky130_fd_sc_hd__buf_6)
     3    0.009706    0.043407    0.203683    2.658930 v rebuffer3/X (sky130_fd_sc_hd__buf_6)
                                                         net51 (net)
                      0.043407    0.000299    2.659229 v rebuffer4/A (sky130_fd_sc_hd__dlygate4sd1_1)
     1    0.002524    0.058843    0.457354    3.116583 v rebuffer4/X (sky130_fd_sc_hd__dlygate4sd1_1)
                                                         net52 (net)
                      0.058843    0.000150    3.116734 v _470_/B (sky130_fd_sc_hd__and2_1)
     1    0.003545    0.074058    0.315131    3.431865 v _470_/X (sky130_fd_sc_hd__and2_1)
                                                         mul_ll.mul_ll.pp1 (net)
                      0.074058    0.000216    3.432081 v _478_/A (sky130_fd_sc_hd__clkbuf_1)
     1    0.002387    0.046232    0.157813    3.589895 v _478_/X (sky130_fd_sc_hd__clkbuf_1)
                                                         net24 (net)
                      0.046232    0.000156    3.590051 v output24/A (sky130_fd_sc_hd__buf_2)
     1    0.034387    0.166754    0.333420    3.923470 v output24/X (sky130_fd_sc_hd__buf_2)
                                                         P[1] (net)
                      0.166767    0.001597    3.925067 v P[1] (out)
                                              3.925067   data arrival time

                      0.000000   10.000000   10.000000   clock __VIRTUAL_CLK__ (rise edge)
                                  0.000000   10.000000   clock network delay (ideal)
                                 -0.250000    9.750000   clock uncertainty
                                  0.000000    9.750000   clock reconvergence pessimism
                                 -2.000000    7.750000   output external delay
                                              7.750000   data required time
---------------------------------------------------------------------------------------------
                                              7.750000   data required time
                                             -3.925067   data arrival time
---------------------------------------------------------------------------------------------
                                              3.824933   slack (MET)


Startpoint: B[0] (input port clocked by __VIRTUAL_CLK__)
Endpoint: P[0] (output port clocked by __VIRTUAL_CLK__)
Path Group: __VIRTUAL_CLK__
Path Type: max

Fanout         Cap        Slew       Delay        Time   Description
---------------------------------------------------------------------------------------------
                      0.000000    0.000000    0.000000   clock __VIRTUAL_CLK__ (rise edge)
                                  0.000000    0.000000   clock network delay (ideal)
                                  2.000000    2.000000 ^ input external delay
     1    0.002387    0.029526    0.013655    2.013655 ^ B[0] (in)
                                                         B[0] (net)
                      0.029526    0.000000    2.013655 ^ input9/A (sky130_fd_sc_hd__buf_2)
     7    0.035870    0.284426    0.331294    2.344948 ^ input9/X (sky130_fd_sc_hd__buf_2)
                                                         net9 (net)
                      0.284440    0.001680    2.346628 ^ _477_/A (sky130_fd_sc_hd__clkbuf_1)
     1    0.003568    0.087241    0.241246    2.587874 ^ _477_/X (sky130_fd_sc_hd__clkbuf_1)
                                                         net17 (net)
                      0.087241    0.000246    2.588120 ^ output17/A (sky130_fd_sc_hd__buf_2)
     1    0.034105    0.271162    0.349936    2.938056 ^ output17/X (sky130_fd_sc_hd__buf_2)
                                                         P[0] (net)
                      0.271168    0.001643    2.939700 ^ P[0] (out)
                                              2.939700   data arrival time

                      0.000000   10.000000   10.000000   clock __VIRTUAL_CLK__ (rise edge)
                                  0.000000   10.000000   clock network delay (ideal)
                                 -0.250000    9.750000   clock uncertainty
                                  0.000000    9.750000   clock reconvergence pessimism
                                 -2.000000    7.750000   output external delay
                                              7.750000   data required time
---------------------------------------------------------------------------------------------
                                              7.750000   data required time
                                             -2.939700   data arrival time
---------------------------------------------------------------------------------------------
                                              4.810300   slack (MET)



