
===========================================================================
report_checks -path_delay max (Setup)
============================================================================
======================= nom_tt_025C_1v80 Corner ===================================

Startpoint: A[0] (input port clocked by __VIRTUAL_CLK__)
Endpoint: P[2] (output port clocked by __VIRTUAL_CLK__)
Path Group: __VIRTUAL_CLK__
Path Type: max

Fanout         Cap        Slew       Delay        Time   Description
---------------------------------------------------------------------------------------------
                      0.000000    0.000000    0.000000   clock __VIRTUAL_CLK__ (rise edge)
                                  0.000000    0.000000   clock network delay (ideal)
                                  2.000000    2.000000 v input external delay
     1    0.003318    0.009836    0.005318    2.005318 v A[0] (in)
                                                         A[0] (net)
                      0.009836    0.000000    2.005318 v input1/A (sky130_fd_sc_hd__buf_1)
     3    0.007564    0.051445    0.094852    2.100169 v input1/X (sky130_fd_sc_hd__buf_1)
                                                         net1 (net)
                      0.051445    0.000248    2.100417 v _1_/B (sky130_fd_sc_hd__and2_1)
     2    0.005257    0.045066    0.164788    2.265205 v _1_/X (sky130_fd_sc_hd__and2_1)
                                                         pp0 (net)
                      0.045066    0.000086    2.265291 v _2_/A_N (sky130_fd_sc_hd__and3b_1)
     1    0.016406    0.169993    0.295001    2.560292 ^ _2_/X (sky130_fd_sc_hd__and3b_1)
                                                         net7 (net)
                      0.170003    0.001568    2.561860 ^ output7/A (sky130_fd_sc_hd__buf_2)
     1    0.034369    0.171192    0.239598    2.801458 ^ output7/X (sky130_fd_sc_hd__buf_2)
                                                         P[2] (net)
                      0.171195    0.000983    2.802441 ^ P[2] (out)
                                              2.802441   data arrival time

                      0.000000   10.000000   10.000000   clock __VIRTUAL_CLK__ (rise edge)
                                  0.000000   10.000000   clock network delay (ideal)
                                 -0.250000    9.750000   clock uncertainty
                                  0.000000    9.750000   clock reconvergence pessimism
                                 -2.000000    7.750000   output external delay
                                              7.750000   data required time
---------------------------------------------------------------------------------------------
                                              7.750000   data required time
                                             -2.802441   data arrival time
---------------------------------------------------------------------------------------------
                                              4.947559   slack (MET)


Startpoint: A[0] (input port clocked by __VIRTUAL_CLK__)
Endpoint: P[1] (output port clocked by __VIRTUAL_CLK__)
Path Group: __VIRTUAL_CLK__
Path Type: max

Fanout         Cap        Slew       Delay        Time   Description
---------------------------------------------------------------------------------------------
                      0.000000    0.000000    0.000000   clock __VIRTUAL_CLK__ (rise edge)
                                  0.000000    0.000000   clock network delay (ideal)
                                  2.000000    2.000000 v input external delay
     1    0.003318    0.009836    0.005318    2.005318 v A[0] (in)
                                                         A[0] (net)
                      0.009836    0.000000    2.005318 v input1/A (sky130_fd_sc_hd__buf_1)
     3    0.007564    0.051445    0.094852    2.100169 v input1/X (sky130_fd_sc_hd__buf_1)
                                                         net1 (net)
                      0.051445    0.000217    2.100387 v _3_/D (sky130_fd_sc_hd__and4_1)
     2    0.007915    0.060422    0.221486    2.321873 v _3_/X (sky130_fd_sc_hd__and4_1)
                                                         net8 (net)
                      0.060422    0.000178    2.322051 v _5_/A (sky130_fd_sc_hd__nor2_2)
     2    0.018735    0.220273    0.217336    2.539387 ^ _5_/Y (sky130_fd_sc_hd__nor2_2)
                                                         net6 (net)
                      0.220304    0.002160    2.541547 ^ output6/A (sky130_fd_sc_hd__buf_2)
     1    0.035155    0.174894    0.255778    2.797325 ^ output6/X (sky130_fd_sc_hd__buf_2)
                                                         P[1] (net)
                      0.174897    0.001025    2.798350 ^ P[1] (out)
                                              2.798350   data arrival time

                      0.000000   10.000000   10.000000   clock __VIRTUAL_CLK__ (rise edge)
                                  0.000000   10.000000   clock network delay (ideal)
                                 -0.250000    9.750000   clock uncertainty
                                  0.000000    9.750000   clock reconvergence pessimism
                                 -2.000000    7.750000   output external delay
                                              7.750000   data required time
---------------------------------------------------------------------------------------------
                                              7.750000   data required time
                                             -2.798350   data arrival time
---------------------------------------------------------------------------------------------
                                              4.951650   slack (MET)


Startpoint: B[0] (input port clocked by __VIRTUAL_CLK__)
Endpoint: P[0] (output port clocked by __VIRTUAL_CLK__)
Path Group: __VIRTUAL_CLK__
Path Type: max

Fanout         Cap        Slew       Delay        Time   Description
---------------------------------------------------------------------------------------------
                      0.000000    0.000000    0.000000   clock __VIRTUAL_CLK__ (rise edge)
                                  0.000000    0.000000   clock network delay (ideal)
                                  2.000000    2.000000 ^ input external delay
     1    0.003568    0.023060    0.013019    2.013019 ^ B[0] (in)
                                                         B[0] (net)
                      0.023068    0.000000    2.013019 ^ input3/A (sky130_fd_sc_hd__clkbuf_1)
     3    0.008273    0.105099    0.116495    2.129513 ^ input3/X (sky130_fd_sc_hd__clkbuf_1)
                                                         net3 (net)
                      0.105100    0.000204    2.129717 ^ _1_/A (sky130_fd_sc_hd__and2_1)
     2    0.005580    0.070020    0.149913    2.279630 ^ _1_/X (sky130_fd_sc_hd__and2_1)
                                                         pp0 (net)
                      0.070020    0.000128    2.279758 ^ _6_/A (sky130_fd_sc_hd__clkbuf_2)
     1    0.017292    0.100467    0.154019    2.433778 ^ _6_/X (sky130_fd_sc_hd__clkbuf_2)
                                                         net5 (net)
                      0.100514    0.001756    2.435533 ^ output5/A (sky130_fd_sc_hd__buf_2)
     1    0.035132    0.174572    0.221163    2.656696 ^ output5/X (sky130_fd_sc_hd__buf_2)
                                                         P[0] (net)
                      0.174575    0.001014    2.657710 ^ P[0] (out)
                                              2.657710   data arrival time

                      0.000000   10.000000   10.000000   clock __VIRTUAL_CLK__ (rise edge)
                                  0.000000   10.000000   clock network delay (ideal)
                                 -0.250000    9.750000   clock uncertainty
                                  0.000000    9.750000   clock reconvergence pessimism
                                 -2.000000    7.750000   output external delay
                                              7.750000   data required time
---------------------------------------------------------------------------------------------
                                              7.750000   data required time
                                             -2.657710   data arrival time
---------------------------------------------------------------------------------------------
                                              5.092290   slack (MET)


Startpoint: A[0] (input port clocked by __VIRTUAL_CLK__)
Endpoint: P[3] (output port clocked by __VIRTUAL_CLK__)
Path Group: __VIRTUAL_CLK__
Path Type: max

Fanout         Cap        Slew       Delay        Time   Description
---------------------------------------------------------------------------------------------
                      0.000000    0.000000    0.000000   clock __VIRTUAL_CLK__ (rise edge)
                                  0.000000    0.000000   clock network delay (ideal)
                                  2.000000    2.000000 ^ input external delay
     1    0.003494    0.022739    0.012758    2.012758 ^ A[0] (in)
                                                         A[0] (net)
                      0.022746    0.000000    2.012758 ^ input1/A (sky130_fd_sc_hd__buf_1)
     3    0.008058    0.102640    0.114697    2.127456 ^ input1/X (sky130_fd_sc_hd__buf_1)
                                                         net1 (net)
                      0.102641    0.000232    2.127688 ^ _3_/D (sky130_fd_sc_hd__and4_1)
     2    0.008496    0.102155    0.240482    2.368170 ^ _3_/X (sky130_fd_sc_hd__and4_1)
                                                         net8 (net)
                      0.102155    0.000168    2.368338 ^ output8/A (sky130_fd_sc_hd__buf_2)
     1    0.035567    0.176625    0.223166    2.591504 ^ output8/X (sky130_fd_sc_hd__buf_2)
                                                         P[3] (net)
                      0.176629    0.001080    2.592584 ^ P[3] (out)
                                              2.592584   data arrival time

                      0.000000   10.000000   10.000000   clock __VIRTUAL_CLK__ (rise edge)
                                  0.000000   10.000000   clock network delay (ideal)
                                 -0.250000    9.750000   clock uncertainty
                                  0.000000    9.750000   clock reconvergence pessimism
                                 -2.000000    7.750000   output external delay
                                              7.750000   data required time
---------------------------------------------------------------------------------------------
                                              7.750000   data required time
                                             -2.592584   data arrival time
---------------------------------------------------------------------------------------------
                                              5.157415   slack (MET)



