%Warning-WIDTHEXPAND: mult4_SARSA_RUIDO_e9_SarsaNada_e6_SARSA_RUIDO_e9_SARSA_RUIDO_e9.v:11:21: Operator ADD expects 8 bits on the LHS, but LHS's VARREF 'p_ll' generates 4 bits.
                                                                                             : ... note: In instance 'mult8_2bits_1op_e16917.mul_hh'
   11 |   assign P = (p_ll) + (p_lh << 2) + (p_hl << 2) + (p_hh << 4);
      |                     ^
                      /home/gmun/Downloads/Referencias/mult8_2bits_1op_e16917.v:9:1: ... note: In file included from 'mult8_2bits_1op_e16917.v'
                      ... For warning description see https://verilator.org/warn/WIDTHEXPAND?v=5.018
                      ... Use "/* verilator lint_off WIDTHEXPAND */" and lint_on around source to disable this message.
%Warning-WIDTHEXPAND: mult4_SARSA_RUIDO_e9_SarsaNada_e6_SARSA_RUIDO_e9_SARSA_RUIDO_e9.v:11:29: Operator SHIFTL expects 8 bits on the LHS, but LHS's VARREF 'p_lh' generates 4 bits.
                                                                                             : ... note: In instance 'mult8_2bits_1op_e16917.mul_hh'
   11 |   assign P = (p_ll) + (p_lh << 2) + (p_hl << 2) + (p_hh << 4);
      |                             ^~
                      /home/gmun/Downloads/Referencias/mult8_2bits_1op_e16917.v:9:1: ... note: In file included from 'mult8_2bits_1op_e16917.v'
%Warning-WIDTHEXPAND: mult4_SARSA_RUIDO_e9_SarsaNada_e6_SARSA_RUIDO_e9_SARSA_RUIDO_e9.v:11:43: Operator SHIFTL expects 8 bits on the LHS, but LHS's VARREF 'p_hl' generates 4 bits.
                                                                                             : ... note: In instance 'mult8_2bits_1op_e16917.mul_hh'
   11 |   assign P = (p_ll) + (p_lh << 2) + (p_hl << 2) + (p_hh << 4);
      |                                           ^~
                      /home/gmun/Downloads/Referencias/mult8_2bits_1op_e16917.v:9:1: ... note: In file included from 'mult8_2bits_1op_e16917.v'
%Warning-WIDTHEXPAND: mult4_SARSA_RUIDO_e9_SarsaNada_e6_SARSA_RUIDO_e9_SARSA_RUIDO_e9.v:11:57: Operator SHIFTL expects 8 bits on the LHS, but LHS's VARREF 'p_hh' generates 4 bits.
                                                                                             : ... note: In instance 'mult8_2bits_1op_e16917.mul_hh'
   11 |   assign P = (p_ll) + (p_lh << 2) + (p_hl << 2) + (p_hh << 4);
      |                                                         ^~
                      /home/gmun/Downloads/Referencias/mult8_2bits_1op_e16917.v:9:1: ... note: In file included from 'mult8_2bits_1op_e16917.v'
%Warning-WIDTHEXPAND: /home/gmun/Downloads/Referencias/mult8_2bits_1op_e16917.v:11:21: Operator ADD expects 16 bits on the LHS, but LHS's VARREF 'p_ll' generates 8 bits.
                                                                                     : ... note: In instance 'mult8_2bits_1op_e16917'
   11 |   assign P = (p_ll) + (p_lh << 4) + (p_hl << 4) + (p_hh << 8);
      |                     ^
%Warning-WIDTHEXPAND: /home/gmun/Downloads/Referencias/mult8_2bits_1op_e16917.v:11:29: Operator SHIFTL expects 16 bits on the LHS, but LHS's VARREF 'p_lh' generates 8 bits.
                                                                                     : ... note: In instance 'mult8_2bits_1op_e16917'
   11 |   assign P = (p_ll) + (p_lh << 4) + (p_hl << 4) + (p_hh << 8);
      |                             ^~
%Warning-WIDTHEXPAND: /home/gmun/Downloads/Referencias/mult8_2bits_1op_e16917.v:11:43: Operator SHIFTL expects 16 bits on the LHS, but LHS's VARREF 'p_hl' generates 8 bits.
                                                                                     : ... note: In instance 'mult8_2bits_1op_e16917'
   11 |   assign P = (p_ll) + (p_lh << 4) + (p_hl << 4) + (p_hh << 8);
      |                                           ^~
%Warning-WIDTHEXPAND: /home/gmun/Downloads/Referencias/mult8_2bits_1op_e16917.v:11:57: Operator SHIFTL expects 16 bits on the LHS, but LHS's VARREF 'p_hh' generates 8 bits.
                                                                                     : ... note: In instance 'mult8_2bits_1op_e16917'
   11 |   assign P = (p_ll) + (p_lh << 4) + (p_hl << 4) + (p_hh << 8);
      |                                                         ^~
