
===========================================================================
report_checks -path_delay max (Setup)
============================================================================
======================= nom_tt_025C_1v80 Corner ===================================

Startpoint: A[1] (input port clocked by __VIRTUAL_CLK__)
Endpoint: P[15] (output port clocked by __VIRTUAL_CLK__)
Path Group: __VIRTUAL_CLK__
Path Type: max

Fanout         Cap        Slew       Delay        Time   Description
---------------------------------------------------------------------------------------------
                      0.000000    0.000000    0.000000   clock __VIRTUAL_CLK__ (rise edge)
                                  0.000000    0.000000   clock network delay (ideal)
                                  2.000000    2.000000 ^ input external delay
     1    0.003002    0.020600    0.011002    2.011002 ^ A[1] (in)
                                                         A[1] (net)
                      0.020600    0.000000    2.011002 ^ input2/A (sky130_fd_sc_hd__clkbuf_1)
     2    0.011708    0.144064    0.142639    2.153641 ^ input2/X (sky130_fd_sc_hd__clkbuf_1)
                                                         net2 (net)
                      0.144064    0.000132    2.153773 ^ fanout40/A (sky130_fd_sc_hd__clkbuf_4)
    10    0.036993    0.120280    0.226781    2.380554 ^ fanout40/X (sky130_fd_sc_hd__clkbuf_4)
                                                         net40 (net)
                      0.120280    0.000298    2.380852 ^ _291_/C (sky130_fd_sc_hd__nand4_1)
     4    0.009219    0.141877    0.157829    2.538681 v _291_/Y (sky130_fd_sc_hd__nand4_1)
                                                         _228_ (net)
                      0.141877    0.000057    2.538738 v _307_/C (sky130_fd_sc_hd__or4_1)
     2    0.004375    0.095890    0.507122    3.045860 v _307_/X (sky130_fd_sc_hd__or4_1)
                                                         _242_ (net)
                      0.095890    0.000010    3.045870 v _310_/B (sky130_fd_sc_hd__and3_1)
     4    0.013368    0.080886    0.228689    3.274559 v _310_/X (sky130_fd_sc_hd__and3_1)
                                                         _245_ (net)
                      0.080886    0.000155    3.274714 v _323_/A (sky130_fd_sc_hd__and3_1)
     3    0.007475    0.058550    0.177367    3.452081 v _323_/X (sky130_fd_sc_hd__and3_1)
                                                         _257_ (net)
                      0.058550    0.000016    3.452097 v _349_/A1 (sky130_fd_sc_hd__o21ba_1)
     2    0.005043    0.045242    0.194101    3.646198 v _349_/X (sky130_fd_sc_hd__o21ba_1)
                                                         _282_ (net)
                      0.045242    0.000024    3.646221 v _352_/B (sky130_fd_sc_hd__or3_1)
     2    0.006386    0.084810    0.367502    4.013723 v _352_/X (sky130_fd_sc_hd__or3_1)
                                                         _001_ (net)
                      0.084810    0.000053    4.013776 v _360_/B (sky130_fd_sc_hd__and3_1)
     3    0.006247    0.051555    0.193731    4.207507 v _360_/X (sky130_fd_sc_hd__and3_1)
                                                         _009_ (net)
                      0.051555    0.000020    4.207527 v _362_/A (sky130_fd_sc_hd__or3b_1)
     3    0.006845    0.090895    0.400435    4.607962 v _362_/X (sky130_fd_sc_hd__or3b_1)
                                                         _011_ (net)
                      0.090895    0.000008    4.607970 v _374_/A1 (sky130_fd_sc_hd__a21o_1)
     2    0.004305    0.040913    0.176393    4.784363 v _374_/X (sky130_fd_sc_hd__a21o_1)
                                                         _023_ (net)
                      0.040913    0.000003    4.784367 v _412_/A1 (sky130_fd_sc_hd__a21o_1)
     2    0.008169    0.056413    0.173427    4.957793 v _412_/X (sky130_fd_sc_hd__a21o_1)
                                                         _060_ (net)
                      0.056413    0.000068    4.957861 v _445_/A2 (sky130_fd_sc_hd__a21oi_1)
     3    0.010717    0.251988    0.252324    5.210185 ^ _445_/Y (sky130_fd_sc_hd__a21oi_1)
                                                         _092_ (net)
                      0.251988    0.000153    5.210338 ^ _509_/A_N (sky130_fd_sc_hd__nand3b_2)
     2    0.014932    0.117343    0.213128    5.423466 ^ _509_/Y (sky130_fd_sc_hd__nand3b_2)
                                                         _154_ (net)
                      0.117343    0.000310    5.423776 ^ _556_/A1 (sky130_fd_sc_hd__a311oi_4)
     4    0.016002    0.116753    0.125925    5.549701 v _556_/Y (sky130_fd_sc_hd__a311oi_4)
                                                         _199_ (net)
                      0.116753    0.000380    5.550081 v _578_/A2 (sky130_fd_sc_hd__o2111a_1)
     1    0.003559    0.045980    0.257229    5.807311 v _578_/X (sky130_fd_sc_hd__o2111a_1)
                                                         _219_ (net)
                      0.045980    0.000022    5.807333 v _581_/B (sky130_fd_sc_hd__or3_1)
     1    0.002553    0.064766    0.335579    6.142912 v _581_/X (sky130_fd_sc_hd__or3_1)
                                                         net23 (net)
                      0.064766    0.000012    6.142924 v output23/A (sky130_fd_sc_hd__buf_2)
     1    0.034423    0.089600    0.189538    6.332462 v output23/X (sky130_fd_sc_hd__buf_2)
                                                         P[15] (net)
                      0.089600    0.000220    6.332683 v P[15] (out)
                                              6.332683   data arrival time

                      0.000000   10.000000   10.000000   clock __VIRTUAL_CLK__ (rise edge)
                                  0.000000   10.000000   clock network delay (ideal)
                                 -0.250000    9.750000   clock uncertainty
                                  0.000000    9.750000   clock reconvergence pessimism
                                 -2.000000    7.750000   output external delay
                                              7.750000   data required time
---------------------------------------------------------------------------------------------
                                              7.750000   data required time
                                             -6.332683   data arrival time
---------------------------------------------------------------------------------------------
                                              1.417317   slack (MET)


Startpoint: A[1] (input port clocked by __VIRTUAL_CLK__)
Endpoint: P[14] (output port clocked by __VIRTUAL_CLK__)
Path Group: __VIRTUAL_CLK__
Path Type: max

Fanout         Cap        Slew       Delay        Time   Description
---------------------------------------------------------------------------------------------
                      0.000000    0.000000    0.000000   clock __VIRTUAL_CLK__ (rise edge)
                                  0.000000    0.000000   clock network delay (ideal)
                                  2.000000    2.000000 ^ input external delay
     1    0.003002    0.020600    0.011002    2.011002 ^ A[1] (in)
                                                         A[1] (net)
                      0.020600    0.000000    2.011002 ^ input2/A (sky130_fd_sc_hd__clkbuf_1)
     2    0.011708    0.144064    0.142639    2.153641 ^ input2/X (sky130_fd_sc_hd__clkbuf_1)
                                                         net2 (net)
                      0.144064    0.000132    2.153773 ^ fanout40/A (sky130_fd_sc_hd__clkbuf_4)
    10    0.036993    0.120280    0.226781    2.380554 ^ fanout40/X (sky130_fd_sc_hd__clkbuf_4)
                                                         net40 (net)
                      0.120280    0.000298    2.380852 ^ _291_/C (sky130_fd_sc_hd__nand4_1)
     4    0.009219    0.141877    0.157829    2.538681 v _291_/Y (sky130_fd_sc_hd__nand4_1)
                                                         _228_ (net)
                      0.141877    0.000057    2.538738 v _307_/C (sky130_fd_sc_hd__or4_1)
     2    0.004375    0.095890    0.507122    3.045860 v _307_/X (sky130_fd_sc_hd__or4_1)
                                                         _242_ (net)
                      0.095890    0.000010    3.045870 v _310_/B (sky130_fd_sc_hd__and3_1)
     4    0.013368    0.080886    0.228689    3.274559 v _310_/X (sky130_fd_sc_hd__and3_1)
                                                         _245_ (net)
                      0.080886    0.000155    3.274714 v _323_/A (sky130_fd_sc_hd__and3_1)
     3    0.007475    0.058550    0.177367    3.452081 v _323_/X (sky130_fd_sc_hd__and3_1)
                                                         _257_ (net)
                      0.058550    0.000016    3.452097 v _349_/A1 (sky130_fd_sc_hd__o21ba_1)
     2    0.005043    0.045242    0.194101    3.646198 v _349_/X (sky130_fd_sc_hd__o21ba_1)
                                                         _282_ (net)
                      0.045242    0.000024    3.646221 v _352_/B (sky130_fd_sc_hd__or3_1)
     2    0.006386    0.084810    0.367502    4.013723 v _352_/X (sky130_fd_sc_hd__or3_1)
                                                         _001_ (net)
                      0.084810    0.000053    4.013776 v _360_/B (sky130_fd_sc_hd__and3_1)
     3    0.006247    0.051555    0.193731    4.207507 v _360_/X (sky130_fd_sc_hd__and3_1)
                                                         _009_ (net)
                      0.051555    0.000020    4.207527 v _362_/A (sky130_fd_sc_hd__or3b_1)
     3    0.006845    0.090895    0.400435    4.607962 v _362_/X (sky130_fd_sc_hd__or3b_1)
                                                         _011_ (net)
                      0.090895    0.000006    4.607968 v _379_/B (sky130_fd_sc_hd__nand2b_1)
     2    0.007114    0.091913    0.114439    4.722407 ^ _379_/Y (sky130_fd_sc_hd__nand2b_1)
                                                         _027_ (net)
                      0.091913    0.000032    4.722439 ^ _411_/A (sky130_fd_sc_hd__xor2_1)
     2    0.007459    0.200188    0.203726    4.926165 ^ _411_/X (sky130_fd_sc_hd__xor2_1)
                                                         _059_ (net)
                      0.200188    0.000011    4.926176 ^ _445_/A1 (sky130_fd_sc_hd__a21oi_1)
     3    0.010321    0.106277    0.142485    5.068660 v _445_/Y (sky130_fd_sc_hd__a21oi_1)
                                                         _092_ (net)
                      0.106277    0.000147    5.068807 v _509_/A_N (sky130_fd_sc_hd__nand3b_2)
     2    0.014379    0.112798    0.273190    5.341998 v _509_/Y (sky130_fd_sc_hd__nand3b_2)
                                                         _154_ (net)
                      0.112798    0.000297    5.342295 v _556_/A1 (sky130_fd_sc_hd__a311oi_4)
     4    0.017020    0.324326    0.316624    5.658918 ^ _556_/Y (sky130_fd_sc_hd__a311oi_4)
                                                         _199_ (net)
                      0.324326    0.000404    5.659322 ^ _569_/A2 (sky130_fd_sc_hd__o211a_1)
     2    0.007738    0.082552    0.211518    5.870841 ^ _569_/X (sky130_fd_sc_hd__o211a_1)
                                                         _211_ (net)
                      0.082552    0.000021    5.870862 ^ _579_/A (sky130_fd_sc_hd__xnor2_1)
     1    0.002769    0.117683    0.115567    5.986428 ^ _579_/Y (sky130_fd_sc_hd__xnor2_1)
                                                         net22 (net)
                      0.117683    0.000012    5.986440 ^ output22/A (sky130_fd_sc_hd__buf_2)
     1    0.034472    0.171433    0.225850    6.212289 ^ output22/X (sky130_fd_sc_hd__buf_2)
                                                         P[14] (net)
                      0.171433    0.000227    6.212516 ^ P[14] (out)
                                              6.212516   data arrival time

                      0.000000   10.000000   10.000000   clock __VIRTUAL_CLK__ (rise edge)
                                  0.000000   10.000000   clock network delay (ideal)
                                 -0.250000    9.750000   clock uncertainty
                                  0.000000    9.750000   clock reconvergence pessimism
                                 -2.000000    7.750000   output external delay
                                              7.750000   data required time
---------------------------------------------------------------------------------------------
                                              7.750000   data required time
                                             -6.212516   data arrival time
---------------------------------------------------------------------------------------------
                                              1.537484   slack (MET)


Startpoint: A[1] (input port clocked by __VIRTUAL_CLK__)
Endpoint: P[13] (output port clocked by __VIRTUAL_CLK__)
Path Group: __VIRTUAL_CLK__
Path Type: max

Fanout         Cap        Slew       Delay        Time   Description
---------------------------------------------------------------------------------------------
                      0.000000    0.000000    0.000000   clock __VIRTUAL_CLK__ (rise edge)
                                  0.000000    0.000000   clock network delay (ideal)
                                  2.000000    2.000000 ^ input external delay
     1    0.003002    0.020600    0.011002    2.011002 ^ A[1] (in)
                                                         A[1] (net)
                      0.020600    0.000000    2.011002 ^ input2/A (sky130_fd_sc_hd__clkbuf_1)
     2    0.011708    0.144064    0.142639    2.153641 ^ input2/X (sky130_fd_sc_hd__clkbuf_1)
                                                         net2 (net)
                      0.144064    0.000132    2.153773 ^ fanout40/A (sky130_fd_sc_hd__clkbuf_4)
    10    0.036993    0.120280    0.226781    2.380554 ^ fanout40/X (sky130_fd_sc_hd__clkbuf_4)
                                                         net40 (net)
                      0.120280    0.000298    2.380852 ^ _291_/C (sky130_fd_sc_hd__nand4_1)
     4    0.009219    0.141877    0.157829    2.538681 v _291_/Y (sky130_fd_sc_hd__nand4_1)
                                                         _228_ (net)
                      0.141877    0.000057    2.538738 v _307_/C (sky130_fd_sc_hd__or4_1)
     2    0.004375    0.095890    0.507122    3.045860 v _307_/X (sky130_fd_sc_hd__or4_1)
                                                         _242_ (net)
                      0.095890    0.000010    3.045870 v _310_/B (sky130_fd_sc_hd__and3_1)
     4    0.013368    0.080886    0.228689    3.274559 v _310_/X (sky130_fd_sc_hd__and3_1)
                                                         _245_ (net)
                      0.080886    0.000155    3.274714 v _323_/A (sky130_fd_sc_hd__and3_1)
     3    0.007475    0.058550    0.177367    3.452081 v _323_/X (sky130_fd_sc_hd__and3_1)
                                                         _257_ (net)
                      0.058550    0.000016    3.452097 v _349_/A1 (sky130_fd_sc_hd__o21ba_1)
     2    0.005043    0.045242    0.194101    3.646198 v _349_/X (sky130_fd_sc_hd__o21ba_1)
                                                         _282_ (net)
                      0.045242    0.000024    3.646221 v _352_/B (sky130_fd_sc_hd__or3_1)
     2    0.006386    0.084810    0.367502    4.013723 v _352_/X (sky130_fd_sc_hd__or3_1)
                                                         _001_ (net)
                      0.084810    0.000053    4.013776 v _360_/B (sky130_fd_sc_hd__and3_1)
     3    0.006247    0.051555    0.193731    4.207507 v _360_/X (sky130_fd_sc_hd__and3_1)
                                                         _009_ (net)
                      0.051555    0.000020    4.207527 v _362_/A (sky130_fd_sc_hd__or3b_1)
     3    0.006845    0.090895    0.400435    4.607962 v _362_/X (sky130_fd_sc_hd__or3b_1)
                                                         _011_ (net)
                      0.090895    0.000006    4.607968 v _379_/B (sky130_fd_sc_hd__nand2b_1)
     2    0.007114    0.091913    0.114439    4.722407 ^ _379_/Y (sky130_fd_sc_hd__nand2b_1)
                                                         _027_ (net)
                      0.091913    0.000032    4.722439 ^ _411_/A (sky130_fd_sc_hd__xor2_1)
     2    0.007459    0.200188    0.203726    4.926165 ^ _411_/X (sky130_fd_sc_hd__xor2_1)
                                                         _059_ (net)
                      0.200188    0.000011    4.926176 ^ _445_/A1 (sky130_fd_sc_hd__a21oi_1)
     3    0.010321    0.106277    0.142485    5.068660 v _445_/Y (sky130_fd_sc_hd__a21oi_1)
                                                         _092_ (net)
                      0.106277    0.000147    5.068807 v _509_/A_N (sky130_fd_sc_hd__nand3b_2)
     2    0.014379    0.112798    0.273190    5.341998 v _509_/Y (sky130_fd_sc_hd__nand3b_2)
                                                         _154_ (net)
                      0.112798    0.000297    5.342295 v _556_/A1 (sky130_fd_sc_hd__a311oi_4)
     4    0.017020    0.324326    0.316624    5.658918 ^ _556_/Y (sky130_fd_sc_hd__a311oi_4)
                                                         _199_ (net)
                      0.324326    0.000412    5.659330 ^ _568_/A2 (sky130_fd_sc_hd__a211oi_1)
     1    0.002885    0.083759    0.126735    5.786065 v _568_/Y (sky130_fd_sc_hd__a211oi_1)
                                                         _210_ (net)
                      0.083759    0.000009    5.786074 v _570_/A (sky130_fd_sc_hd__nor2_1)
     1    0.003278    0.087270    0.116686    5.902760 ^ _570_/Y (sky130_fd_sc_hd__nor2_1)
                                                         net21 (net)
                      0.087270    0.000020    5.902780 ^ output21/A (sky130_fd_sc_hd__buf_2)
     1    0.034472    0.171255    0.214644    6.117424 ^ output21/X (sky130_fd_sc_hd__buf_2)
                                                         P[13] (net)
                      0.171255    0.000227    6.117651 ^ P[13] (out)
                                              6.117651   data arrival time

                      0.000000   10.000000   10.000000   clock __VIRTUAL_CLK__ (rise edge)
                                  0.000000   10.000000   clock network delay (ideal)
                                 -0.250000    9.750000   clock uncertainty
                                  0.000000    9.750000   clock reconvergence pessimism
                                 -2.000000    7.750000   output external delay
                                              7.750000   data required time
---------------------------------------------------------------------------------------------
                                              7.750000   data required time
                                             -6.117651   data arrival time
---------------------------------------------------------------------------------------------
                                              1.632349   slack (MET)


Startpoint: A[1] (input port clocked by __VIRTUAL_CLK__)
Endpoint: P[11] (output port clocked by __VIRTUAL_CLK__)
Path Group: __VIRTUAL_CLK__
Path Type: max

Fanout         Cap        Slew       Delay        Time   Description
---------------------------------------------------------------------------------------------
                      0.000000    0.000000    0.000000   clock __VIRTUAL_CLK__ (rise edge)
                                  0.000000    0.000000   clock network delay (ideal)
                                  2.000000    2.000000 ^ input external delay
     1    0.003002    0.020600    0.011002    2.011002 ^ A[1] (in)
                                                         A[1] (net)
                      0.020600    0.000000    2.011002 ^ input2/A (sky130_fd_sc_hd__clkbuf_1)
     2    0.011708    0.144064    0.142639    2.153641 ^ input2/X (sky130_fd_sc_hd__clkbuf_1)
                                                         net2 (net)
                      0.144064    0.000132    2.153773 ^ fanout40/A (sky130_fd_sc_hd__clkbuf_4)
    10    0.036993    0.120280    0.226781    2.380554 ^ fanout40/X (sky130_fd_sc_hd__clkbuf_4)
                                                         net40 (net)
                      0.120280    0.000298    2.380852 ^ _291_/C (sky130_fd_sc_hd__nand4_1)
     4    0.009219    0.141877    0.157829    2.538681 v _291_/Y (sky130_fd_sc_hd__nand4_1)
                                                         _228_ (net)
                      0.141877    0.000057    2.538738 v _307_/C (sky130_fd_sc_hd__or4_1)
     2    0.004375    0.095890    0.507122    3.045860 v _307_/X (sky130_fd_sc_hd__or4_1)
                                                         _242_ (net)
                      0.095890    0.000010    3.045870 v _310_/B (sky130_fd_sc_hd__and3_1)
     4    0.013368    0.080886    0.228689    3.274559 v _310_/X (sky130_fd_sc_hd__and3_1)
                                                         _245_ (net)
                      0.080886    0.000155    3.274714 v _323_/A (sky130_fd_sc_hd__and3_1)
     3    0.007475    0.058550    0.177367    3.452081 v _323_/X (sky130_fd_sc_hd__and3_1)
                                                         _257_ (net)
                      0.058550    0.000016    3.452097 v _349_/A1 (sky130_fd_sc_hd__o21ba_1)
     2    0.005043    0.045242    0.194101    3.646198 v _349_/X (sky130_fd_sc_hd__o21ba_1)
                                                         _282_ (net)
                      0.045242    0.000024    3.646221 v _352_/B (sky130_fd_sc_hd__or3_1)
     2    0.006386    0.084810    0.367502    4.013723 v _352_/X (sky130_fd_sc_hd__or3_1)
                                                         _001_ (net)
                      0.084810    0.000053    4.013776 v _360_/B (sky130_fd_sc_hd__and3_1)
     3    0.006247    0.051555    0.193731    4.207507 v _360_/X (sky130_fd_sc_hd__and3_1)
                                                         _009_ (net)
                      0.051555    0.000020    4.207527 v _362_/A (sky130_fd_sc_hd__or3b_1)
     3    0.006845    0.090895    0.400435    4.607962 v _362_/X (sky130_fd_sc_hd__or3b_1)
                                                         _011_ (net)
                      0.090895    0.000008    4.607970 v _374_/A1 (sky130_fd_sc_hd__a21o_1)
     2    0.004305    0.040913    0.176393    4.784363 v _374_/X (sky130_fd_sc_hd__a21o_1)
                                                         _023_ (net)
                      0.040913    0.000003    4.784367 v _412_/A1 (sky130_fd_sc_hd__a21o_1)
     2    0.008169    0.056413    0.173427    4.957793 v _412_/X (sky130_fd_sc_hd__a21o_1)
                                                         _060_ (net)
                      0.056413    0.000068    4.957861 v _445_/A2 (sky130_fd_sc_hd__a21oi_1)
     3    0.010717    0.251988    0.252324    5.210185 ^ _445_/Y (sky130_fd_sc_hd__a21oi_1)
                                                         _092_ (net)
                      0.251988    0.000153    5.210338 ^ _509_/A_N (sky130_fd_sc_hd__nand3b_2)
     2    0.014932    0.117343    0.213128    5.423466 ^ _509_/Y (sky130_fd_sc_hd__nand3b_2)
                                                         _154_ (net)
                      0.117343    0.000276    5.423742 ^ _511_/A (sky130_fd_sc_hd__nand2_1)
     2    0.007551    0.070894    0.092691    5.516433 v _511_/Y (sky130_fd_sc_hd__nand2_1)
                                                         _156_ (net)
                      0.070894    0.000003    5.516437 v _536_/A2 (sky130_fd_sc_hd__a21o_1)
     1    0.005186    0.043131    0.193304    5.709740 v _536_/X (sky130_fd_sc_hd__a21o_1)
                                                         _180_ (net)
                      0.043131    0.000020    5.709760 v _537_/B (sky130_fd_sc_hd__xnor2_1)
     1    0.005519    0.167594    0.167106    5.876866 ^ _537_/Y (sky130_fd_sc_hd__xnor2_1)
                                                         net19 (net)
                      0.167594    0.000058    5.876924 ^ output19/A (sky130_fd_sc_hd__buf_2)
     1    0.034089    0.169708    0.238635    6.115559 ^ output19/X (sky130_fd_sc_hd__buf_2)
                                                         P[11] (net)
                      0.169708    0.000103    6.115662 ^ P[11] (out)
                                              6.115662   data arrival time

                      0.000000   10.000000   10.000000   clock __VIRTUAL_CLK__ (rise edge)
                                  0.000000   10.000000   clock network delay (ideal)
                                 -0.250000    9.750000   clock uncertainty
                                  0.000000    9.750000   clock reconvergence pessimism
                                 -2.000000    7.750000   output external delay
                                              7.750000   data required time
---------------------------------------------------------------------------------------------
                                              7.750000   data required time
                                             -6.115662   data arrival time
---------------------------------------------------------------------------------------------
                                              1.634338   slack (MET)


Startpoint: A[1] (input port clocked by __VIRTUAL_CLK__)
Endpoint: P[12] (output port clocked by __VIRTUAL_CLK__)
Path Group: __VIRTUAL_CLK__
Path Type: max

Fanout         Cap        Slew       Delay        Time   Description
---------------------------------------------------------------------------------------------
                      0.000000    0.000000    0.000000   clock __VIRTUAL_CLK__ (rise edge)
                                  0.000000    0.000000   clock network delay (ideal)
                                  2.000000    2.000000 ^ input external delay
     1    0.003002    0.020600    0.011002    2.011002 ^ A[1] (in)
                                                         A[1] (net)
                      0.020600    0.000000    2.011002 ^ input2/A (sky130_fd_sc_hd__clkbuf_1)
     2    0.011708    0.144064    0.142639    2.153641 ^ input2/X (sky130_fd_sc_hd__clkbuf_1)
                                                         net2 (net)
                      0.144064    0.000132    2.153773 ^ fanout40/A (sky130_fd_sc_hd__clkbuf_4)
    10    0.036993    0.120280    0.226781    2.380554 ^ fanout40/X (sky130_fd_sc_hd__clkbuf_4)
                                                         net40 (net)
                      0.120280    0.000298    2.380852 ^ _291_/C (sky130_fd_sc_hd__nand4_1)
     4    0.009219    0.141877    0.157829    2.538681 v _291_/Y (sky130_fd_sc_hd__nand4_1)
                                                         _228_ (net)
                      0.141877    0.000057    2.538738 v _307_/C (sky130_fd_sc_hd__or4_1)
     2    0.004375    0.095890    0.507122    3.045860 v _307_/X (sky130_fd_sc_hd__or4_1)
                                                         _242_ (net)
                      0.095890    0.000010    3.045870 v _310_/B (sky130_fd_sc_hd__and3_1)
     4    0.013368    0.080886    0.228689    3.274559 v _310_/X (sky130_fd_sc_hd__and3_1)
                                                         _245_ (net)
                      0.080886    0.000155    3.274714 v _323_/A (sky130_fd_sc_hd__and3_1)
     3    0.007475    0.058550    0.177367    3.452081 v _323_/X (sky130_fd_sc_hd__and3_1)
                                                         _257_ (net)
                      0.058550    0.000016    3.452097 v _349_/A1 (sky130_fd_sc_hd__o21ba_1)
     2    0.005043    0.045242    0.194101    3.646198 v _349_/X (sky130_fd_sc_hd__o21ba_1)
                                                         _282_ (net)
                      0.045242    0.000024    3.646221 v _352_/B (sky130_fd_sc_hd__or3_1)
     2    0.006386    0.084810    0.367502    4.013723 v _352_/X (sky130_fd_sc_hd__or3_1)
                                                         _001_ (net)
                      0.084810    0.000053    4.013776 v _360_/B (sky130_fd_sc_hd__and3_1)
     3    0.006247    0.051555    0.193731    4.207507 v _360_/X (sky130_fd_sc_hd__and3_1)
                                                         _009_ (net)
                      0.051555    0.000020    4.207527 v _362_/A (sky130_fd_sc_hd__or3b_1)
     3    0.006845    0.090895    0.400435    4.607962 v _362_/X (sky130_fd_sc_hd__or3b_1)
                                                         _011_ (net)
                      0.090895    0.000006    4.607968 v _379_/B (sky130_fd_sc_hd__nand2b_1)
     2    0.007114    0.091913    0.114439    4.722407 ^ _379_/Y (sky130_fd_sc_hd__nand2b_1)
                                                         _027_ (net)
                      0.091913    0.000032    4.722439 ^ _411_/A (sky130_fd_sc_hd__xor2_1)
     2    0.007459    0.200188    0.203726    4.926165 ^ _411_/X (sky130_fd_sc_hd__xor2_1)
                                                         _059_ (net)
                      0.200188    0.000011    4.926176 ^ _445_/A1 (sky130_fd_sc_hd__a21oi_1)
     3    0.010321    0.106277    0.142485    5.068660 v _445_/Y (sky130_fd_sc_hd__a21oi_1)
                                                         _092_ (net)
                      0.106277    0.000147    5.068807 v _509_/A_N (sky130_fd_sc_hd__nand3b_2)
     2    0.014379    0.112798    0.273190    5.341998 v _509_/Y (sky130_fd_sc_hd__nand3b_2)
                                                         _154_ (net)
                      0.112798    0.000297    5.342295 v _556_/A1 (sky130_fd_sc_hd__a311oi_4)
     4    0.017020    0.324326    0.316624    5.658918 ^ _556_/Y (sky130_fd_sc_hd__a311oi_4)
                                                         _199_ (net)
                      0.324326    0.000388    5.659307 ^ _557_/B (sky130_fd_sc_hd__xnor2_1)
     1    0.003860    0.135761    0.167504    5.826810 ^ _557_/Y (sky130_fd_sc_hd__xnor2_1)
                                                         net20 (net)
                      0.135761    0.000030    5.826840 ^ output20/A (sky130_fd_sc_hd__buf_2)
     1    0.034472    0.171476    0.231208    6.058048 ^ output20/X (sky130_fd_sc_hd__buf_2)
                                                         P[12] (net)
                      0.171476    0.000227    6.058276 ^ P[12] (out)
                                              6.058276   data arrival time

                      0.000000   10.000000   10.000000   clock __VIRTUAL_CLK__ (rise edge)
                                  0.000000   10.000000   clock network delay (ideal)
                                 -0.250000    9.750000   clock uncertainty
                                  0.000000    9.750000   clock reconvergence pessimism
                                 -2.000000    7.750000   output external delay
                                              7.750000   data required time
---------------------------------------------------------------------------------------------
                                              7.750000   data required time
                                             -6.058276   data arrival time
---------------------------------------------------------------------------------------------
                                              1.691724   slack (MET)


Startpoint: A[1] (input port clocked by __VIRTUAL_CLK__)
Endpoint: P[10] (output port clocked by __VIRTUAL_CLK__)
Path Group: __VIRTUAL_CLK__
Path Type: max

Fanout         Cap        Slew       Delay        Time   Description
---------------------------------------------------------------------------------------------
                      0.000000    0.000000    0.000000   clock __VIRTUAL_CLK__ (rise edge)
                                  0.000000    0.000000   clock network delay (ideal)
                                  2.000000    2.000000 ^ input external delay
     1    0.003002    0.020600    0.011002    2.011002 ^ A[1] (in)
                                                         A[1] (net)
                      0.020600    0.000000    2.011002 ^ input2/A (sky130_fd_sc_hd__clkbuf_1)
     2    0.011708    0.144064    0.142639    2.153641 ^ input2/X (sky130_fd_sc_hd__clkbuf_1)
                                                         net2 (net)
                      0.144064    0.000132    2.153773 ^ fanout40/A (sky130_fd_sc_hd__clkbuf_4)
    10    0.036993    0.120280    0.226781    2.380554 ^ fanout40/X (sky130_fd_sc_hd__clkbuf_4)
                                                         net40 (net)
                      0.120280    0.000298    2.380852 ^ _291_/C (sky130_fd_sc_hd__nand4_1)
     4    0.009219    0.141877    0.157829    2.538681 v _291_/Y (sky130_fd_sc_hd__nand4_1)
                                                         _228_ (net)
                      0.141877    0.000057    2.538738 v _307_/C (sky130_fd_sc_hd__or4_1)
     2    0.004375    0.095890    0.507122    3.045860 v _307_/X (sky130_fd_sc_hd__or4_1)
                                                         _242_ (net)
                      0.095890    0.000010    3.045870 v _310_/B (sky130_fd_sc_hd__and3_1)
     4    0.013368    0.080886    0.228689    3.274559 v _310_/X (sky130_fd_sc_hd__and3_1)
                                                         _245_ (net)
                      0.080886    0.000155    3.274714 v _323_/A (sky130_fd_sc_hd__and3_1)
     3    0.007475    0.058550    0.177367    3.452081 v _323_/X (sky130_fd_sc_hd__and3_1)
                                                         _257_ (net)
                      0.058550    0.000016    3.452097 v _349_/A1 (sky130_fd_sc_hd__o21ba_1)
     2    0.005043    0.045242    0.194101    3.646198 v _349_/X (sky130_fd_sc_hd__o21ba_1)
                                                         _282_ (net)
                      0.045242    0.000024    3.646221 v _352_/B (sky130_fd_sc_hd__or3_1)
     2    0.006386    0.084810    0.367502    4.013723 v _352_/X (sky130_fd_sc_hd__or3_1)
                                                         _001_ (net)
                      0.084810    0.000053    4.013776 v _360_/B (sky130_fd_sc_hd__and3_1)
     3    0.006247    0.051555    0.193731    4.207507 v _360_/X (sky130_fd_sc_hd__and3_1)
                                                         _009_ (net)
                      0.051555    0.000020    4.207527 v _362_/A (sky130_fd_sc_hd__or3b_1)
     3    0.006845    0.090895    0.400435    4.607962 v _362_/X (sky130_fd_sc_hd__or3b_1)
                                                         _011_ (net)
                      0.090895    0.000008    4.607970 v _374_/A1 (sky130_fd_sc_hd__a21o_1)
     2    0.004305    0.040913    0.176393    4.784363 v _374_/X (sky130_fd_sc_hd__a21o_1)
                                                         _023_ (net)
                      0.040913    0.000003    4.784367 v _412_/A1 (sky130_fd_sc_hd__a21o_1)
     2    0.008169    0.056413    0.173427    4.957793 v _412_/X (sky130_fd_sc_hd__a21o_1)
                                                         _060_ (net)
                      0.056413    0.000068    4.957861 v _445_/A2 (sky130_fd_sc_hd__a21oi_1)
     3    0.010717    0.251988    0.252324    5.210185 ^ _445_/Y (sky130_fd_sc_hd__a21oi_1)
                                                         _092_ (net)
                      0.251988    0.000153    5.210338 ^ _509_/A_N (sky130_fd_sc_hd__nand3b_2)
     2    0.014932    0.117343    0.213128    5.423466 ^ _509_/Y (sky130_fd_sc_hd__nand3b_2)
                                                         _154_ (net)
                      0.117343    0.000276    5.423742 ^ _511_/A (sky130_fd_sc_hd__nand2_1)
     2    0.007551    0.070894    0.092691    5.516433 v _511_/Y (sky130_fd_sc_hd__nand2_1)
                                                         _156_ (net)
                      0.070894    0.000013    5.516446 v _512_/B (sky130_fd_sc_hd__xnor2_1)
     1    0.005368    0.164591    0.175350    5.691796 ^ _512_/Y (sky130_fd_sc_hd__xnor2_1)
                                                         net18 (net)
                      0.164591    0.000055    5.691851 ^ output18/A (sky130_fd_sc_hd__buf_2)
     1    0.033967    0.171775    0.237493    5.929344 ^ output18/X (sky130_fd_sc_hd__buf_2)
                                                         P[10] (net)
                      0.171775    0.000075    5.929419 ^ P[10] (out)
                                              5.929419   data arrival time

                      0.000000   10.000000   10.000000   clock __VIRTUAL_CLK__ (rise edge)
                                  0.000000   10.000000   clock network delay (ideal)
                                 -0.250000    9.750000   clock uncertainty
                                  0.000000    9.750000   clock reconvergence pessimism
                                 -2.000000    7.750000   output external delay
                                              7.750000   data required time
---------------------------------------------------------------------------------------------
                                              7.750000   data required time
                                             -5.929419   data arrival time
---------------------------------------------------------------------------------------------
                                              1.820581   slack (MET)


Startpoint: A[1] (input port clocked by __VIRTUAL_CLK__)
Endpoint: P[9] (output port clocked by __VIRTUAL_CLK__)
Path Group: __VIRTUAL_CLK__
Path Type: max

Fanout         Cap        Slew       Delay        Time   Description
---------------------------------------------------------------------------------------------
                      0.000000    0.000000    0.000000   clock __VIRTUAL_CLK__ (rise edge)
                                  0.000000    0.000000   clock network delay (ideal)
                                  2.000000    2.000000 ^ input external delay
     1    0.003002    0.020600    0.011002    2.011002 ^ A[1] (in)
                                                         A[1] (net)
                      0.020600    0.000000    2.011002 ^ input2/A (sky130_fd_sc_hd__clkbuf_1)
     2    0.011708    0.144064    0.142639    2.153641 ^ input2/X (sky130_fd_sc_hd__clkbuf_1)
                                                         net2 (net)
                      0.144064    0.000132    2.153773 ^ fanout40/A (sky130_fd_sc_hd__clkbuf_4)
    10    0.036993    0.120280    0.226781    2.380554 ^ fanout40/X (sky130_fd_sc_hd__clkbuf_4)
                                                         net40 (net)
                      0.120280    0.000298    2.380852 ^ _291_/C (sky130_fd_sc_hd__nand4_1)
     4    0.009219    0.141877    0.157829    2.538681 v _291_/Y (sky130_fd_sc_hd__nand4_1)
                                                         _228_ (net)
                      0.141877    0.000057    2.538738 v _307_/C (sky130_fd_sc_hd__or4_1)
     2    0.004375    0.095890    0.507122    3.045860 v _307_/X (sky130_fd_sc_hd__or4_1)
                                                         _242_ (net)
                      0.095890    0.000010    3.045870 v _310_/B (sky130_fd_sc_hd__and3_1)
     4    0.013368    0.080886    0.228689    3.274559 v _310_/X (sky130_fd_sc_hd__and3_1)
                                                         _245_ (net)
                      0.080886    0.000155    3.274714 v _323_/A (sky130_fd_sc_hd__and3_1)
     3    0.007475    0.058550    0.177367    3.452081 v _323_/X (sky130_fd_sc_hd__and3_1)
                                                         _257_ (net)
                      0.058550    0.000016    3.452097 v _349_/A1 (sky130_fd_sc_hd__o21ba_1)
     2    0.005043    0.045242    0.194101    3.646198 v _349_/X (sky130_fd_sc_hd__o21ba_1)
                                                         _282_ (net)
                      0.045242    0.000024    3.646221 v _352_/B (sky130_fd_sc_hd__or3_1)
     2    0.006386    0.084810    0.367502    4.013723 v _352_/X (sky130_fd_sc_hd__or3_1)
                                                         _001_ (net)
                      0.084810    0.000053    4.013776 v _360_/B (sky130_fd_sc_hd__and3_1)
     3    0.006247    0.051555    0.193731    4.207507 v _360_/X (sky130_fd_sc_hd__and3_1)
                                                         _009_ (net)
                      0.051555    0.000020    4.207527 v _362_/A (sky130_fd_sc_hd__or3b_1)
     3    0.006845    0.090895    0.400435    4.607962 v _362_/X (sky130_fd_sc_hd__or3b_1)
                                                         _011_ (net)
                      0.090895    0.000008    4.607970 v _374_/A1 (sky130_fd_sc_hd__a21o_1)
     2    0.004305    0.040913    0.176393    4.784363 v _374_/X (sky130_fd_sc_hd__a21o_1)
                                                         _023_ (net)
                      0.040913    0.000003    4.784367 v _412_/A1 (sky130_fd_sc_hd__a21o_1)
     2    0.008169    0.056413    0.173427    4.957793 v _412_/X (sky130_fd_sc_hd__a21o_1)
                                                         _060_ (net)
                      0.056413    0.000068    4.957861 v _445_/A2 (sky130_fd_sc_hd__a21oi_1)
     3    0.010717    0.251988    0.252324    5.210185 ^ _445_/Y (sky130_fd_sc_hd__a21oi_1)
                                                         _092_ (net)
                      0.251988    0.000141    5.210326 ^ _446_/A_N (sky130_fd_sc_hd__nand2b_1)
     1    0.003303    0.056250    0.145790    5.356116 ^ _446_/Y (sky130_fd_sc_hd__nand2b_1)
                                                         _093_ (net)
                      0.056250    0.000013    5.356129 ^ _480_/B (sky130_fd_sc_hd__nand2_1)
     1    0.004433    0.048223    0.059821    5.415950 v _480_/Y (sky130_fd_sc_hd__nand2_1)
                                                         _126_ (net)
                      0.048223    0.000007    5.415956 v _481_/B (sky130_fd_sc_hd__xor2_1)
     1    0.005149    0.152349    0.156605    5.572561 ^ _481_/X (sky130_fd_sc_hd__xor2_1)
                                                         net32 (net)
                      0.152349    0.000050    5.572611 ^ output32/A (sky130_fd_sc_hd__buf_2)
     1    0.034072    0.169608    0.234459    5.807070 ^ output32/X (sky130_fd_sc_hd__buf_2)
                                                         P[9] (net)
                      0.169608    0.000099    5.807168 ^ P[9] (out)
                                              5.807168   data arrival time

                      0.000000   10.000000   10.000000   clock __VIRTUAL_CLK__ (rise edge)
                                  0.000000   10.000000   clock network delay (ideal)
                                 -0.250000    9.750000   clock uncertainty
                                  0.000000    9.750000   clock reconvergence pessimism
                                 -2.000000    7.750000   output external delay
                                              7.750000   data required time
---------------------------------------------------------------------------------------------
                                              7.750000   data required time
                                             -5.807168   data arrival time
---------------------------------------------------------------------------------------------
                                              1.942831   slack (MET)


Startpoint: A[1] (input port clocked by __VIRTUAL_CLK__)
Endpoint: P[8] (output port clocked by __VIRTUAL_CLK__)
Path Group: __VIRTUAL_CLK__
Path Type: max

Fanout         Cap        Slew       Delay        Time   Description
---------------------------------------------------------------------------------------------
                      0.000000    0.000000    0.000000   clock __VIRTUAL_CLK__ (rise edge)
                                  0.000000    0.000000   clock network delay (ideal)
                                  2.000000    2.000000 ^ input external delay
     1    0.003002    0.020600    0.011002    2.011002 ^ A[1] (in)
                                                         A[1] (net)
                      0.020600    0.000000    2.011002 ^ input2/A (sky130_fd_sc_hd__clkbuf_1)
     2    0.011708    0.144064    0.142639    2.153641 ^ input2/X (sky130_fd_sc_hd__clkbuf_1)
                                                         net2 (net)
                      0.144064    0.000132    2.153773 ^ fanout40/A (sky130_fd_sc_hd__clkbuf_4)
    10    0.036993    0.120280    0.226781    2.380554 ^ fanout40/X (sky130_fd_sc_hd__clkbuf_4)
                                                         net40 (net)
                      0.120280    0.000298    2.380852 ^ _291_/C (sky130_fd_sc_hd__nand4_1)
     4    0.009219    0.141877    0.157829    2.538681 v _291_/Y (sky130_fd_sc_hd__nand4_1)
                                                         _228_ (net)
                      0.141877    0.000057    2.538738 v _307_/C (sky130_fd_sc_hd__or4_1)
     2    0.004375    0.095890    0.507122    3.045860 v _307_/X (sky130_fd_sc_hd__or4_1)
                                                         _242_ (net)
                      0.095890    0.000010    3.045870 v _310_/B (sky130_fd_sc_hd__and3_1)
     4    0.013368    0.080886    0.228689    3.274559 v _310_/X (sky130_fd_sc_hd__and3_1)
                                                         _245_ (net)
                      0.080886    0.000155    3.274714 v _323_/A (sky130_fd_sc_hd__and3_1)
     3    0.007475    0.058550    0.177367    3.452081 v _323_/X (sky130_fd_sc_hd__and3_1)
                                                         _257_ (net)
                      0.058550    0.000016    3.452097 v _349_/A1 (sky130_fd_sc_hd__o21ba_1)
     2    0.005043    0.045242    0.194101    3.646198 v _349_/X (sky130_fd_sc_hd__o21ba_1)
                                                         _282_ (net)
                      0.045242    0.000024    3.646221 v _352_/B (sky130_fd_sc_hd__or3_1)
     2    0.006386    0.084810    0.367502    4.013723 v _352_/X (sky130_fd_sc_hd__or3_1)
                                                         _001_ (net)
                      0.084810    0.000053    4.013776 v _360_/B (sky130_fd_sc_hd__and3_1)
     3    0.006247    0.051555    0.193731    4.207507 v _360_/X (sky130_fd_sc_hd__and3_1)
                                                         _009_ (net)
                      0.051555    0.000020    4.207527 v _362_/A (sky130_fd_sc_hd__or3b_1)
     3    0.006845    0.090895    0.400435    4.607962 v _362_/X (sky130_fd_sc_hd__or3b_1)
                                                         _011_ (net)
                      0.090895    0.000008    4.607970 v _374_/A1 (sky130_fd_sc_hd__a21o_1)
     2    0.004305    0.040913    0.176393    4.784363 v _374_/X (sky130_fd_sc_hd__a21o_1)
                                                         _023_ (net)
                      0.040913    0.000003    4.784367 v _412_/A1 (sky130_fd_sc_hd__a21o_1)
     2    0.008169    0.056413    0.173427    4.957793 v _412_/X (sky130_fd_sc_hd__a21o_1)
                                                         _060_ (net)
                      0.056413    0.000068    4.957861 v _445_/A2 (sky130_fd_sc_hd__a21oi_1)
     3    0.010717    0.251988    0.252324    5.210185 ^ _445_/Y (sky130_fd_sc_hd__a21oi_1)
                                                         _092_ (net)
                      0.251988    0.000150    5.210335 ^ _447_/B (sky130_fd_sc_hd__xnor2_1)
     1    0.005519    0.167477    0.171734    5.382069 ^ _447_/Y (sky130_fd_sc_hd__xnor2_1)
                                                         net31 (net)
                      0.167477    0.000058    5.382127 ^ output31/A (sky130_fd_sc_hd__buf_2)
     1    0.033984    0.169217    0.238274    5.620401 ^ output31/X (sky130_fd_sc_hd__buf_2)
                                                         P[8] (net)
                      0.169217    0.000079    5.620480 ^ P[8] (out)
                                              5.620480   data arrival time

                      0.000000   10.000000   10.000000   clock __VIRTUAL_CLK__ (rise edge)
                                  0.000000   10.000000   clock network delay (ideal)
                                 -0.250000    9.750000   clock uncertainty
                                  0.000000    9.750000   clock reconvergence pessimism
                                 -2.000000    7.750000   output external delay
                                              7.750000   data required time
---------------------------------------------------------------------------------------------
                                              7.750000   data required time
                                             -5.620480   data arrival time
---------------------------------------------------------------------------------------------
                                              2.129521   slack (MET)


Startpoint: A[1] (input port clocked by __VIRTUAL_CLK__)
Endpoint: P[7] (output port clocked by __VIRTUAL_CLK__)
Path Group: __VIRTUAL_CLK__
Path Type: max

Fanout         Cap        Slew       Delay        Time   Description
---------------------------------------------------------------------------------------------
                      0.000000    0.000000    0.000000   clock __VIRTUAL_CLK__ (rise edge)
                                  0.000000    0.000000   clock network delay (ideal)
                                  2.000000    2.000000 ^ input external delay
     1    0.003002    0.020600    0.011002    2.011002 ^ A[1] (in)
                                                         A[1] (net)
                      0.020600    0.000000    2.011002 ^ input2/A (sky130_fd_sc_hd__clkbuf_1)
     2    0.011708    0.144064    0.142639    2.153641 ^ input2/X (sky130_fd_sc_hd__clkbuf_1)
                                                         net2 (net)
                      0.144064    0.000132    2.153773 ^ fanout40/A (sky130_fd_sc_hd__clkbuf_4)
    10    0.036993    0.120280    0.226781    2.380554 ^ fanout40/X (sky130_fd_sc_hd__clkbuf_4)
                                                         net40 (net)
                      0.120280    0.000298    2.380852 ^ _291_/C (sky130_fd_sc_hd__nand4_1)
     4    0.009219    0.141877    0.157829    2.538681 v _291_/Y (sky130_fd_sc_hd__nand4_1)
                                                         _228_ (net)
                      0.141877    0.000057    2.538738 v _307_/C (sky130_fd_sc_hd__or4_1)
     2    0.004375    0.095890    0.507122    3.045860 v _307_/X (sky130_fd_sc_hd__or4_1)
                                                         _242_ (net)
                      0.095890    0.000010    3.045870 v _310_/B (sky130_fd_sc_hd__and3_1)
     4    0.013368    0.080886    0.228689    3.274559 v _310_/X (sky130_fd_sc_hd__and3_1)
                                                         _245_ (net)
                      0.080886    0.000155    3.274714 v _323_/A (sky130_fd_sc_hd__and3_1)
     3    0.007475    0.058550    0.177367    3.452081 v _323_/X (sky130_fd_sc_hd__and3_1)
                                                         _257_ (net)
                      0.058550    0.000016    3.452097 v _349_/A1 (sky130_fd_sc_hd__o21ba_1)
     2    0.005043    0.045242    0.194101    3.646198 v _349_/X (sky130_fd_sc_hd__o21ba_1)
                                                         _282_ (net)
                      0.045242    0.000024    3.646221 v _352_/B (sky130_fd_sc_hd__or3_1)
     2    0.006386    0.084810    0.367502    4.013723 v _352_/X (sky130_fd_sc_hd__or3_1)
                                                         _001_ (net)
                      0.084810    0.000053    4.013776 v _360_/B (sky130_fd_sc_hd__and3_1)
     3    0.006247    0.051555    0.193731    4.207507 v _360_/X (sky130_fd_sc_hd__and3_1)
                                                         _009_ (net)
                      0.051555    0.000020    4.207527 v _362_/A (sky130_fd_sc_hd__or3b_1)
     3    0.006845    0.090895    0.400435    4.607962 v _362_/X (sky130_fd_sc_hd__or3b_1)
                                                         _011_ (net)
                      0.090895    0.000006    4.607968 v _379_/B (sky130_fd_sc_hd__nand2b_1)
     2    0.007114    0.091913    0.114439    4.722407 ^ _379_/Y (sky130_fd_sc_hd__nand2b_1)
                                                         _027_ (net)
                      0.091913    0.000032    4.722439 ^ _411_/A (sky130_fd_sc_hd__xor2_1)
     2    0.007459    0.200188    0.203726    4.926165 ^ _411_/X (sky130_fd_sc_hd__xor2_1)
                                                         _059_ (net)
                      0.200188    0.000006    4.926171 ^ _413_/A (sky130_fd_sc_hd__xor2_1)
     1    0.006890    0.182944    0.215954    5.142125 ^ _413_/X (sky130_fd_sc_hd__xor2_1)
                                                         net30 (net)
                      0.182944    0.000099    5.142224 ^ output30/A (sky130_fd_sc_hd__buf_2)
     1    0.034141    0.169974    0.242951    5.385175 ^ output30/X (sky130_fd_sc_hd__buf_2)
                                                         P[7] (net)
                      0.169974    0.000115    5.385290 ^ P[7] (out)
                                              5.385290   data arrival time

                      0.000000   10.000000   10.000000   clock __VIRTUAL_CLK__ (rise edge)
                                  0.000000   10.000000   clock network delay (ideal)
                                 -0.250000    9.750000   clock uncertainty
                                  0.000000    9.750000   clock reconvergence pessimism
                                 -2.000000    7.750000   output external delay
                                              7.750000   data required time
---------------------------------------------------------------------------------------------
                                              7.750000   data required time
                                             -5.385290   data arrival time
---------------------------------------------------------------------------------------------
                                              2.364710   slack (MET)


Startpoint: A[1] (input port clocked by __VIRTUAL_CLK__)
Endpoint: P[6] (output port clocked by __VIRTUAL_CLK__)
Path Group: __VIRTUAL_CLK__
Path Type: max

Fanout         Cap        Slew       Delay        Time   Description
---------------------------------------------------------------------------------------------
                      0.000000    0.000000    0.000000   clock __VIRTUAL_CLK__ (rise edge)
                                  0.000000    0.000000   clock network delay (ideal)
                                  2.000000    2.000000 ^ input external delay
     1    0.003002    0.020600    0.011002    2.011002 ^ A[1] (in)
                                                         A[1] (net)
                      0.020600    0.000000    2.011002 ^ input2/A (sky130_fd_sc_hd__clkbuf_1)
     2    0.011708    0.144064    0.142639    2.153641 ^ input2/X (sky130_fd_sc_hd__clkbuf_1)
                                                         net2 (net)
                      0.144064    0.000132    2.153773 ^ fanout40/A (sky130_fd_sc_hd__clkbuf_4)
    10    0.036993    0.120280    0.226781    2.380554 ^ fanout40/X (sky130_fd_sc_hd__clkbuf_4)
                                                         net40 (net)
                      0.120280    0.000298    2.380852 ^ _291_/C (sky130_fd_sc_hd__nand4_1)
     4    0.009219    0.141877    0.157829    2.538681 v _291_/Y (sky130_fd_sc_hd__nand4_1)
                                                         _228_ (net)
                      0.141877    0.000057    2.538738 v _307_/C (sky130_fd_sc_hd__or4_1)
     2    0.004375    0.095890    0.507122    3.045860 v _307_/X (sky130_fd_sc_hd__or4_1)
                                                         _242_ (net)
                      0.095890    0.000010    3.045870 v _310_/B (sky130_fd_sc_hd__and3_1)
     4    0.013368    0.080886    0.228689    3.274559 v _310_/X (sky130_fd_sc_hd__and3_1)
                                                         _245_ (net)
                      0.080886    0.000155    3.274714 v _323_/A (sky130_fd_sc_hd__and3_1)
     3    0.007475    0.058550    0.177367    3.452081 v _323_/X (sky130_fd_sc_hd__and3_1)
                                                         _257_ (net)
                      0.058550    0.000016    3.452097 v _349_/A1 (sky130_fd_sc_hd__o21ba_1)
     2    0.005043    0.045242    0.194101    3.646198 v _349_/X (sky130_fd_sc_hd__o21ba_1)
                                                         _282_ (net)
                      0.045242    0.000024    3.646221 v _352_/B (sky130_fd_sc_hd__or3_1)
     2    0.006386    0.084810    0.367502    4.013723 v _352_/X (sky130_fd_sc_hd__or3_1)
                                                         _001_ (net)
                      0.084810    0.000053    4.013776 v _360_/B (sky130_fd_sc_hd__and3_1)
     3    0.006247    0.051555    0.193731    4.207507 v _360_/X (sky130_fd_sc_hd__and3_1)
                                                         _009_ (net)
                      0.051555    0.000020    4.207527 v _362_/A (sky130_fd_sc_hd__or3b_1)
     3    0.006845    0.090895    0.400435    4.607962 v _362_/X (sky130_fd_sc_hd__or3b_1)
                                                         _011_ (net)
                      0.090895    0.000010    4.607972 v _373_/A (sky130_fd_sc_hd__and3_1)
     2    0.004118    0.043989    0.165890    4.773862 v _373_/X (sky130_fd_sc_hd__and3_1)
                                                         _022_ (net)
                      0.043989    0.000000    4.773863 v _375_/A_N (sky130_fd_sc_hd__and2b_1)
     1    0.005279    0.061367    0.197684    4.971547 ^ _375_/X (sky130_fd_sc_hd__and2b_1)
                                                         _024_ (net)
                      0.061367    0.000024    4.971570 ^ _378_/A (sky130_fd_sc_hd__xor2_1)
     1    0.003989    0.132171    0.147546    5.119117 ^ _378_/X (sky130_fd_sc_hd__xor2_1)
                                                         net29 (net)
                      0.132171    0.000039    5.119156 ^ output29/A (sky130_fd_sc_hd__buf_2)
     1    0.034344    0.170870    0.229835    5.348991 ^ output29/X (sky130_fd_sc_hd__buf_2)
                                                         P[6] (net)
                      0.170870    0.000198    5.349188 ^ P[6] (out)
                                              5.349188   data arrival time

                      0.000000   10.000000   10.000000   clock __VIRTUAL_CLK__ (rise edge)
                                  0.000000   10.000000   clock network delay (ideal)
                                 -0.250000    9.750000   clock uncertainty
                                  0.000000    9.750000   clock reconvergence pessimism
                                 -2.000000    7.750000   output external delay
                                              7.750000   data required time
---------------------------------------------------------------------------------------------
                                              7.750000   data required time
                                             -5.349188   data arrival time
---------------------------------------------------------------------------------------------
                                              2.400812   slack (MET)


Startpoint: A[1] (input port clocked by __VIRTUAL_CLK__)
Endpoint: P[5] (output port clocked by __VIRTUAL_CLK__)
Path Group: __VIRTUAL_CLK__
Path Type: max

Fanout         Cap        Slew       Delay        Time   Description
---------------------------------------------------------------------------------------------
                      0.000000    0.000000    0.000000   clock __VIRTUAL_CLK__ (rise edge)
                                  0.000000    0.000000   clock network delay (ideal)
                                  2.000000    2.000000 ^ input external delay
     1    0.003002    0.020600    0.011002    2.011002 ^ A[1] (in)
                                                         A[1] (net)
                      0.020600    0.000000    2.011002 ^ input2/A (sky130_fd_sc_hd__clkbuf_1)
     2    0.011708    0.144064    0.142639    2.153641 ^ input2/X (sky130_fd_sc_hd__clkbuf_1)
                                                         net2 (net)
                      0.144064    0.000132    2.153773 ^ fanout40/A (sky130_fd_sc_hd__clkbuf_4)
    10    0.036993    0.120280    0.226781    2.380554 ^ fanout40/X (sky130_fd_sc_hd__clkbuf_4)
                                                         net40 (net)
                      0.120280    0.000298    2.380852 ^ _291_/C (sky130_fd_sc_hd__nand4_1)
     4    0.009219    0.141877    0.157829    2.538681 v _291_/Y (sky130_fd_sc_hd__nand4_1)
                                                         _228_ (net)
                      0.141877    0.000057    2.538738 v _307_/C (sky130_fd_sc_hd__or4_1)
     2    0.004375    0.095890    0.507122    3.045860 v _307_/X (sky130_fd_sc_hd__or4_1)
                                                         _242_ (net)
                      0.095890    0.000010    3.045870 v _310_/B (sky130_fd_sc_hd__and3_1)
     4    0.013368    0.080886    0.228689    3.274559 v _310_/X (sky130_fd_sc_hd__and3_1)
                                                         _245_ (net)
                      0.080886    0.000130    3.274689 v _312_/B (sky130_fd_sc_hd__nor3_2)
     4    0.015580    0.298451    0.295072    3.569760 ^ _312_/Y (sky130_fd_sc_hd__nor3_2)
                                                         _247_ (net)
                      0.298451    0.000092    3.569853 ^ _367_/A1 (sky130_fd_sc_hd__a21oi_1)
     1    0.005246    0.099586    0.130815    3.700668 v _367_/Y (sky130_fd_sc_hd__a21oi_1)
                                                         _016_ (net)
                      0.099586    0.000021    3.700689 v _368_/B (sky130_fd_sc_hd__xnor2_1)
     2    0.008782    0.239744    0.238317    3.939006 ^ _368_/Y (sky130_fd_sc_hd__xnor2_1)
                                                         _017_ (net)
                      0.239744    0.000056    3.939062 ^ _371_/B (sky130_fd_sc_hd__xor2_1)
     2    0.007500    0.200949    0.230483    4.169544 ^ _371_/X (sky130_fd_sc_hd__xor2_1)
                                                         _020_ (net)
                      0.200949    0.000011    4.169556 ^ _376_/B (sky130_fd_sc_hd__xnor2_1)
     2    0.004214    0.147048    0.152304    4.321859 ^ _376_/Y (sky130_fd_sc_hd__xnor2_1)
                                                         _025_ (net)
                      0.147048    0.000028    4.321887 ^ _582_/C_N (sky130_fd_sc_hd__or3b_1)
     1    0.001853    0.060255    0.346856    4.668743 v _582_/X (sky130_fd_sc_hd__or3b_1)
                                                         _222_ (net)
                      0.060255    0.000003    4.668746 v _583_/B (sky130_fd_sc_hd__and2b_1)
     1    0.002309    0.032440    0.153903    4.822649 v _583_/X (sky130_fd_sc_hd__and2b_1)
                                                         net28 (net)
                      0.032440    0.000008    4.822657 v output28/A (sky130_fd_sc_hd__buf_2)
     1    0.034344    0.089555    0.175202    4.997858 v output28/X (sky130_fd_sc_hd__buf_2)
                                                         P[5] (net)
                      0.089555    0.000198    4.998056 v P[5] (out)
                                              4.998056   data arrival time

                      0.000000   10.000000   10.000000   clock __VIRTUAL_CLK__ (rise edge)
                                  0.000000   10.000000   clock network delay (ideal)
                                 -0.250000    9.750000   clock uncertainty
                                  0.000000    9.750000   clock reconvergence pessimism
                                 -2.000000    7.750000   output external delay
                                              7.750000   data required time
---------------------------------------------------------------------------------------------
                                              7.750000   data required time
                                             -4.998056   data arrival time
---------------------------------------------------------------------------------------------
                                              2.751944   slack (MET)


Startpoint: A[1] (input port clocked by __VIRTUAL_CLK__)
Endpoint: P[4] (output port clocked by __VIRTUAL_CLK__)
Path Group: __VIRTUAL_CLK__
Path Type: max

Fanout         Cap        Slew       Delay        Time   Description
---------------------------------------------------------------------------------------------
                      0.000000    0.000000    0.000000   clock __VIRTUAL_CLK__ (rise edge)
                                  0.000000    0.000000   clock network delay (ideal)
                                  2.000000    2.000000 ^ input external delay
     1    0.003002    0.020600    0.011002    2.011002 ^ A[1] (in)
                                                         A[1] (net)
                      0.020600    0.000000    2.011002 ^ input2/A (sky130_fd_sc_hd__clkbuf_1)
     2    0.011708    0.144064    0.142639    2.153641 ^ input2/X (sky130_fd_sc_hd__clkbuf_1)
                                                         net2 (net)
                      0.144064    0.000132    2.153773 ^ fanout40/A (sky130_fd_sc_hd__clkbuf_4)
    10    0.036993    0.120280    0.226781    2.380554 ^ fanout40/X (sky130_fd_sc_hd__clkbuf_4)
                                                         net40 (net)
                      0.120280    0.000298    2.380852 ^ _291_/C (sky130_fd_sc_hd__nand4_1)
     4    0.009219    0.141877    0.157829    2.538681 v _291_/Y (sky130_fd_sc_hd__nand4_1)
                                                         _228_ (net)
                      0.141877    0.000057    2.538738 v _307_/C (sky130_fd_sc_hd__or4_1)
     2    0.004375    0.095890    0.507122    3.045860 v _307_/X (sky130_fd_sc_hd__or4_1)
                                                         _242_ (net)
                      0.095890    0.000010    3.045870 v _310_/B (sky130_fd_sc_hd__and3_1)
     4    0.013368    0.080886    0.228689    3.274559 v _310_/X (sky130_fd_sc_hd__and3_1)
                                                         _245_ (net)
                      0.080886    0.000155    3.274714 v _323_/A (sky130_fd_sc_hd__and3_1)
     3    0.007475    0.058550    0.177367    3.452081 v _323_/X (sky130_fd_sc_hd__and3_1)
                                                         _257_ (net)
                      0.058550    0.000007    3.452088 v _325_/A_N (sky130_fd_sc_hd__nand2b_1)
     1    0.005079    0.057671    0.155454    3.607542 v _325_/Y (sky130_fd_sc_hd__nand2b_1)
                                                         _259_ (net)
                      0.057671    0.000018    3.607560 v _326_/B (sky130_fd_sc_hd__xnor2_1)
     2    0.007652    0.216932    0.204627    3.812187 ^ _326_/Y (sky130_fd_sc_hd__xnor2_1)
                                                         _260_ (net)
                      0.216932    0.000035    3.812222 ^ _328_/B (sky130_fd_sc_hd__xnor2_1)
     2    0.004295    0.063375    0.102903    3.915125 v _328_/Y (sky130_fd_sc_hd__xnor2_1)
                                                         _262_ (net)
                      0.063375    0.000008    3.915133 v _329_/C (sky130_fd_sc_hd__and3_1)
     3    0.007413    0.058287    0.205056    4.120189 v _329_/X (sky130_fd_sc_hd__and3_1)
                                                         _263_ (net)
                      0.058287    0.000014    4.120203 v _331_/A (sky130_fd_sc_hd__nor2_1)
     1    0.002613    0.075548    0.099066    4.219269 ^ _331_/Y (sky130_fd_sc_hd__nor2_1)
                                                         net27 (net)
                      0.075548    0.000010    4.219279 ^ output27/A (sky130_fd_sc_hd__buf_2)
     1    0.034344    0.170585    0.209922    4.429201 ^ output27/X (sky130_fd_sc_hd__buf_2)
                                                         P[4] (net)
                      0.170585    0.000198    4.429399 ^ P[4] (out)
                                              4.429399   data arrival time

                      0.000000   10.000000   10.000000   clock __VIRTUAL_CLK__ (rise edge)
                                  0.000000   10.000000   clock network delay (ideal)
                                 -0.250000    9.750000   clock uncertainty
                                  0.000000    9.750000   clock reconvergence pessimism
                                 -2.000000    7.750000   output external delay
                                              7.750000   data required time
---------------------------------------------------------------------------------------------
                                              7.750000   data required time
                                             -4.429399   data arrival time
---------------------------------------------------------------------------------------------
                                              3.320601   slack (MET)


Startpoint: A[1] (input port clocked by __VIRTUAL_CLK__)
Endpoint: P[3] (output port clocked by __VIRTUAL_CLK__)
Path Group: __VIRTUAL_CLK__
Path Type: max

Fanout         Cap        Slew       Delay        Time   Description
---------------------------------------------------------------------------------------------
                      0.000000    0.000000    0.000000   clock __VIRTUAL_CLK__ (rise edge)
                                  0.000000    0.000000   clock network delay (ideal)
                                  2.000000    2.000000 ^ input external delay
     1    0.003002    0.020600    0.011002    2.011002 ^ A[1] (in)
                                                         A[1] (net)
                      0.020600    0.000000    2.011002 ^ input2/A (sky130_fd_sc_hd__clkbuf_1)
     2    0.011708    0.144064    0.142639    2.153641 ^ input2/X (sky130_fd_sc_hd__clkbuf_1)
                                                         net2 (net)
                      0.144064    0.000132    2.153773 ^ fanout40/A (sky130_fd_sc_hd__clkbuf_4)
    10    0.036993    0.120280    0.226781    2.380554 ^ fanout40/X (sky130_fd_sc_hd__clkbuf_4)
                                                         net40 (net)
                      0.120280    0.000298    2.380852 ^ _291_/C (sky130_fd_sc_hd__nand4_1)
     4    0.009219    0.141877    0.157829    2.538681 v _291_/Y (sky130_fd_sc_hd__nand4_1)
                                                         _228_ (net)
                      0.141877    0.000057    2.538738 v _307_/C (sky130_fd_sc_hd__or4_1)
     2    0.004375    0.095890    0.507122    3.045860 v _307_/X (sky130_fd_sc_hd__or4_1)
                                                         _242_ (net)
                      0.095890    0.000010    3.045870 v _310_/B (sky130_fd_sc_hd__and3_1)
     4    0.013368    0.080886    0.228689    3.274559 v _310_/X (sky130_fd_sc_hd__and3_1)
                                                         _245_ (net)
                      0.080886    0.000130    3.274689 v _312_/B (sky130_fd_sc_hd__nor3_2)
     4    0.015580    0.298451    0.295072    3.569760 ^ _312_/Y (sky130_fd_sc_hd__nor3_2)
                                                         _247_ (net)
                      0.298451    0.000013    3.569774 ^ _314_/A (sky130_fd_sc_hd__nor2_1)
     1    0.002334    0.064613    0.082742    3.652516 v _314_/Y (sky130_fd_sc_hd__nor2_1)
                                                         net26 (net)
                      0.064613    0.000008    3.652524 v output26/A (sky130_fd_sc_hd__buf_2)
     1    0.034344    0.089419    0.189339    3.841863 v output26/X (sky130_fd_sc_hd__buf_2)
                                                         P[3] (net)
                      0.089419    0.000198    3.842061 v P[3] (out)
                                              3.842061   data arrival time

                      0.000000   10.000000   10.000000   clock __VIRTUAL_CLK__ (rise edge)
                                  0.000000   10.000000   clock network delay (ideal)
                                 -0.250000    9.750000   clock uncertainty
                                  0.000000    9.750000   clock reconvergence pessimism
                                 -2.000000    7.750000   output external delay
                                              7.750000   data required time
---------------------------------------------------------------------------------------------
                                              7.750000   data required time
                                             -3.842061   data arrival time
---------------------------------------------------------------------------------------------
                                              3.907939   slack (MET)


Startpoint: A[0] (input port clocked by __VIRTUAL_CLK__)
Endpoint: P[2] (output port clocked by __VIRTUAL_CLK__)
Path Group: __VIRTUAL_CLK__
Path Type: max

Fanout         Cap        Slew       Delay        Time   Description
---------------------------------------------------------------------------------------------
                      0.000000    0.000000    0.000000   clock __VIRTUAL_CLK__ (rise edge)
                                  0.000000    0.000000   clock network delay (ideal)
                                  2.000000    2.000000 v input external delay
     1    0.002831    0.008704    0.004467    2.004467 v A[0] (in)
                                                         A[0] (net)
                      0.008704    0.000000    2.004467 v input1/A (sky130_fd_sc_hd__buf_1)
     2    0.008888    0.058291    0.100307    2.104774 v input1/X (sky130_fd_sc_hd__buf_1)
                                                         net1 (net)
                      0.058291    0.000065    2.104839 v fanout48/A (sky130_fd_sc_hd__buf_2)
    10    0.026326    0.072311    0.171531    2.276370 v fanout48/X (sky130_fd_sc_hd__buf_2)
                                                         net48 (net)
                      0.072311    0.000004    2.276374 v _289_/B (sky130_fd_sc_hd__and2_1)
     3    0.011161    0.069154    0.199371    2.475745 v _289_/X (sky130_fd_sc_hd__and2_1)
                                                         net17 (net)
                      0.069154    0.000011    2.475756 v _294_/A (sky130_fd_sc_hd__or3_1)
     2    0.005284    0.081404    0.389946    2.865703 v _294_/X (sky130_fd_sc_hd__or3_1)
                                                         _230_ (net)
                      0.081404    0.000018    2.865721 v _299_/A (sky130_fd_sc_hd__nand3_1)
     3    0.009379    0.124374    0.122497    2.988218 ^ _299_/Y (sky130_fd_sc_hd__nand3_1)
                                                         _235_ (net)
                      0.124374    0.000002    2.988220 ^ _300_/B (sky130_fd_sc_hd__and2_1)
     1    0.002504    0.045452    0.134840    3.123060 ^ _300_/X (sky130_fd_sc_hd__and2_1)
                                                         net25 (net)
                      0.045452    0.000010    3.123070 ^ output25/A (sky130_fd_sc_hd__buf_2)
     1    0.034344    0.170471    0.198718    3.321789 ^ output25/X (sky130_fd_sc_hd__buf_2)
                                                         P[2] (net)
                      0.170471    0.000197    3.321986 ^ P[2] (out)
                                              3.321986   data arrival time

                      0.000000   10.000000   10.000000   clock __VIRTUAL_CLK__ (rise edge)
                                  0.000000   10.000000   clock network delay (ideal)
                                 -0.250000    9.750000   clock uncertainty
                                  0.000000    9.750000   clock reconvergence pessimism
                                 -2.000000    7.750000   output external delay
                                              7.750000   data required time
---------------------------------------------------------------------------------------------
                                              7.750000   data required time
                                             -3.321986   data arrival time
---------------------------------------------------------------------------------------------
                                              4.428014   slack (MET)


Startpoint: A[1] (input port clocked by __VIRTUAL_CLK__)
Endpoint: P[1] (output port clocked by __VIRTUAL_CLK__)
Path Group: __VIRTUAL_CLK__
Path Type: max

Fanout         Cap        Slew       Delay        Time   Description
---------------------------------------------------------------------------------------------
                      0.000000    0.000000    0.000000   clock __VIRTUAL_CLK__ (rise edge)
                                  0.000000    0.000000   clock network delay (ideal)
                                  2.000000    2.000000 ^ input external delay
     1    0.003002    0.020600    0.011002    2.011002 ^ A[1] (in)
                                                         A[1] (net)
                      0.020600    0.000000    2.011002 ^ input2/A (sky130_fd_sc_hd__clkbuf_1)
     2    0.011708    0.144064    0.142639    2.153641 ^ input2/X (sky130_fd_sc_hd__clkbuf_1)
                                                         net2 (net)
                      0.144064    0.000132    2.153773 ^ fanout40/A (sky130_fd_sc_hd__clkbuf_4)
    10    0.036993    0.120280    0.226781    2.380554 ^ fanout40/X (sky130_fd_sc_hd__clkbuf_4)
                                                         net40 (net)
                      0.120280    0.000298    2.380852 ^ _291_/C (sky130_fd_sc_hd__nand4_1)
     4    0.009219    0.141877    0.157829    2.538681 v _291_/Y (sky130_fd_sc_hd__nand4_1)
                                                         _228_ (net)
                      0.141877    0.000004    2.538685 v _292_/C (sky130_fd_sc_hd__and3_1)
     1    0.005762    0.049486    0.233074    2.771759 v _292_/X (sky130_fd_sc_hd__and3_1)
                                                         net24 (net)
                      0.049486    0.000071    2.771830 v output24/A (sky130_fd_sc_hd__buf_2)
     1    0.034093    0.088853    0.182150    2.953980 v output24/X (sky130_fd_sc_hd__buf_2)
                                                         P[1] (net)
                      0.088853    0.000107    2.954087 v P[1] (out)
                                              2.954087   data arrival time

                      0.000000   10.000000   10.000000   clock __VIRTUAL_CLK__ (rise edge)
                                  0.000000   10.000000   clock network delay (ideal)
                                 -0.250000    9.750000   clock uncertainty
                                  0.000000    9.750000   clock reconvergence pessimism
                                 -2.000000    7.750000   output external delay
                                              7.750000   data required time
---------------------------------------------------------------------------------------------
                                              7.750000   data required time
                                             -2.954087   data arrival time
---------------------------------------------------------------------------------------------
                                              4.795913   slack (MET)


Startpoint: B[0] (input port clocked by __VIRTUAL_CLK__)
Endpoint: P[0] (output port clocked by __VIRTUAL_CLK__)
Path Group: __VIRTUAL_CLK__
Path Type: max

Fanout         Cap        Slew       Delay        Time   Description
---------------------------------------------------------------------------------------------
                      0.000000    0.000000    0.000000   clock __VIRTUAL_CLK__ (rise edge)
                                  0.000000    0.000000   clock network delay (ideal)
                                  2.000000    2.000000 ^ input external delay
     1    0.003007    0.020624    0.011021    2.011021 ^ B[0] (in)
                                                         B[0] (net)
                      0.020624    0.000000    2.011021 ^ input9/A (sky130_fd_sc_hd__buf_1)
     2    0.009414    0.117986    0.124705    2.135726 ^ input9/X (sky130_fd_sc_hd__buf_1)
                                                         net9 (net)
                      0.117986    0.000047    2.135773 ^ fanout33/A (sky130_fd_sc_hd__buf_2)
    10    0.033135    0.165192    0.221526    2.357300 ^ fanout33/X (sky130_fd_sc_hd__buf_2)
                                                         net33 (net)
                      0.165192    0.000215    2.357515 ^ _289_/A (sky130_fd_sc_hd__and2_1)
     3    0.011725    0.125365    0.207463    2.564978 ^ _289_/X (sky130_fd_sc_hd__and2_1)
                                                         net17 (net)
                      0.125365    0.000134    2.565112 ^ output17/A (sky130_fd_sc_hd__buf_2)
     1    0.033989    0.169178    0.226896    2.792008 ^ output17/X (sky130_fd_sc_hd__buf_2)
                                                         P[0] (net)
                      0.169178    0.000083    2.792091 ^ P[0] (out)
                                              2.792091   data arrival time

                      0.000000   10.000000   10.000000   clock __VIRTUAL_CLK__ (rise edge)
                                  0.000000   10.000000   clock network delay (ideal)
                                 -0.250000    9.750000   clock uncertainty
                                  0.000000    9.750000   clock reconvergence pessimism
                                 -2.000000    7.750000   output external delay
                                              7.750000   data required time
---------------------------------------------------------------------------------------------
                                              7.750000   data required time
                                             -2.792091   data arrival time
---------------------------------------------------------------------------------------------
                                              4.957909   slack (MET)



