
===========================================================================
report_checks -unconstrained
===========================================================================
======================= nom_tt_025C_1v80 Corner ===================================

Startpoint: B[0] (input port clocked by __VIRTUAL_CLK__)
Endpoint: P[15] (output port clocked by __VIRTUAL_CLK__)
Path Group: __VIRTUAL_CLK__
Path Type: max

Fanout         Cap        Slew       Delay        Time   Description
---------------------------------------------------------------------------------------------
                      0.000000    0.000000    0.000000   clock __VIRTUAL_CLK__ (rise edge)
                                  0.000000    0.000000   clock network delay (ideal)
                                  2.000000    2.000000 v input external delay
     1    0.007982    0.020111    0.012973    2.012973 v B[0] (in)
                                                         B[0] (net)
                      0.020114    0.000000    2.012973 v input9/A (sky130_fd_sc_hd__buf_8)
     2    0.007779    0.022895    0.102900    2.115872 v input9/X (sky130_fd_sc_hd__buf_8)
                                                         net9 (net)
                      0.022895    0.000259    2.116131 v fanout34/A (sky130_fd_sc_hd__buf_6)
     4    0.014014    0.028573    0.109791    2.225922 v fanout34/X (sky130_fd_sc_hd__buf_6)
                                                         net34 (net)
                      0.028579    0.000397    2.226319 v _280_/D (sky130_fd_sc_hd__and4_4)
     5    0.025866    0.059621    0.213118    2.439438 v _280_/X (sky130_fd_sc_hd__and4_4)
                                                         net17 (net)
                      0.059626    0.000595    2.440033 v _304_/A1 (sky130_fd_sc_hd__a2111oi_4)
     2    0.006145    0.265621    0.304216    2.744248 ^ _304_/Y (sky130_fd_sc_hd__a2111oi_4)
                                                         _238_ (net)
                      0.265621    0.000226    2.744474 ^ _309_/B (sky130_fd_sc_hd__and3_1)
     4    0.015019    0.158026    0.284943    3.029418 ^ _309_/X (sky130_fd_sc_hd__and3_1)
                                                         _243_ (net)
                      0.158026    0.000459    3.029877 ^ _312_/A_N (sky130_fd_sc_hd__and4b_1)
     2    0.006917    0.057485    0.232357    3.262234 v _312_/X (sky130_fd_sc_hd__and4b_1)
                                                         _246_ (net)
                      0.057485    0.000127    3.262361 v _336_/B1 (sky130_fd_sc_hd__o31a_1)
     2    0.006849    0.065722    0.121668    3.384029 v _336_/X (sky130_fd_sc_hd__o31a_1)
                                                         _269_ (net)
                      0.065722    0.000265    3.384295 v _340_/D (sky130_fd_sc_hd__or4_4)
     2    0.005579    0.086222    0.420270    3.804564 v _340_/X (sky130_fd_sc_hd__or4_4)
                                                         _273_ (net)
                      0.086223    0.000123    3.804688 v _348_/C (sky130_fd_sc_hd__and3_1)
     3    0.011151    0.071726    0.231108    4.035796 v _348_/X (sky130_fd_sc_hd__and3_1)
                                                         _006_ (net)
                      0.071729    0.000567    4.036363 v _350_/B (sky130_fd_sc_hd__or3b_4)
     3    0.013791    0.083440    0.404543    4.440906 v _350_/X (sky130_fd_sc_hd__or3b_4)
                                                         _008_ (net)
                      0.083440    0.000214    4.441121 v _362_/A1 (sky130_fd_sc_hd__a21o_1)
     2    0.005765    0.045557    0.179912    4.621033 v _362_/X (sky130_fd_sc_hd__a21o_1)
                                                         _020_ (net)
                      0.045557    0.000114    4.621146 v _398_/A1 (sky130_fd_sc_hd__a21o_1)
     2    0.014610    0.081113    0.199388    4.820534 v _398_/X (sky130_fd_sc_hd__a21o_1)
                                                         _055_ (net)
                      0.081114    0.000462    4.820997 v _432_/A1 (sky130_fd_sc_hd__a21oi_4)
     3    0.013665    0.145580    0.167914    4.988910 ^ _432_/Y (sky130_fd_sc_hd__a21oi_4)
                                                         _088_ (net)
                      0.145581    0.000826    4.989737 ^ _493_/A (sky130_fd_sc_hd__or3b_4)
     3    0.015643    0.068132    0.176274    5.166010 ^ _493_/X (sky130_fd_sc_hd__or3b_4)
                                                         _147_ (net)
                      0.068141    0.000771    5.166781 ^ _538_/A1 (sky130_fd_sc_hd__a41oi_4)
     4    0.015833    0.127570    0.120104    5.286885 v _538_/Y (sky130_fd_sc_hd__a41oi_4)
                                                         _190_ (net)
                      0.127571    0.000854    5.287739 v _561_/A1 (sky130_fd_sc_hd__o2111a_1)
     1    0.005712    0.055658    0.287216    5.574956 v _561_/X (sky130_fd_sc_hd__o2111a_1)
                                                         _211_ (net)
                      0.055658    0.000220    5.575176 v _563_/B1 (sky130_fd_sc_hd__a2111o_1)
     1    0.007748    0.085429    0.413372    5.988548 v _563_/X (sky130_fd_sc_hd__a2111o_1)
                                                         net23 (net)
                      0.085430    0.000400    5.988948 v output23/A (sky130_fd_sc_hd__buf_6)
     1    0.035579    0.044761    0.155596    6.144544 v output23/X (sky130_fd_sc_hd__buf_6)
                                                         P[15] (net)
                      0.044808    0.001298    6.145841 v P[15] (out)
                                              6.145841   data arrival time

                      0.000000   10.000000   10.000000   clock __VIRTUAL_CLK__ (rise edge)
                                  0.000000   10.000000   clock network delay (ideal)
                                 -0.250000    9.750000   clock uncertainty
                                  0.000000    9.750000   clock reconvergence pessimism
                                 -2.000000    7.750000   output external delay
                                              7.750000   data required time
---------------------------------------------------------------------------------------------
                                              7.750000   data required time
                                             -6.145841   data arrival time
---------------------------------------------------------------------------------------------
                                              1.604159   slack (MET)




===========================================================================
report_checks --slack_max -0.01
============================================================================
======================= nom_tt_025C_1v80 Corner ===================================

No paths found.


===========================================================================
 report_check_types -max_slew -max_cap -max_fanout -violators
============================================================================
======================= nom_tt_025C_1v80 Corner ===================================



===========================================================================
report_parasitic_annotation -report_unannotated
============================================================================
Found 0 unannotated drivers.
Found 0 partially unannotated drivers.

===========================================================================
max slew violation count 0
Writing metric design__max_slew_violation__count__corner:nom_tt_025C_1v80: 0
max fanout violation count 0
Writing metric design__max_fanout_violation__count__corner:nom_tt_025C_1v80: 0
max cap violation count 0
Writing metric design__max_cap_violation__count__corner:nom_tt_025C_1v80: 0
============================================================================

===========================================================================
check_setup -verbose -unconstrained_endpoints -multiple_clock -no_clock -no_input_delay -loops -generated_clocks
===========================================================================
