
===========================================================================
report_checks -path_delay min (Hold)
============================================================================
======================= nom_ff_n40C_1v95 Corner ===================================

Startpoint: B[0] (input port clocked by __VIRTUAL_CLK__)
Endpoint: P[0] (output port clocked by __VIRTUAL_CLK__)
Path Group: __VIRTUAL_CLK__
Path Type: min

Fanout         Cap        Slew       Delay        Time   Description
---------------------------------------------------------------------------------------------
                      0.000000    0.000000    0.000000   clock __VIRTUAL_CLK__ (rise edge)
                                  0.000000    0.000000   clock network delay (ideal)
                                  2.000000    2.000000 v input external delay
    12    0.034809    0.054235    0.037380    2.037380 v B[0] (in)
                                                         B[0] (net)
                      0.054235    0.000000    2.037380 v _282_/A (sky130_fd_sc_hd__and2_2)
     3    0.037194    0.076047    0.168113    2.205493 v _282_/X (sky130_fd_sc_hd__and2_2)
                                                         P[0] (net)
                      0.076047    0.000000    2.205493 v P[0] (out)
                                              2.205493   data arrival time

                      0.000000    0.000000    0.000000   clock __VIRTUAL_CLK__ (rise edge)
                                  0.000000    0.000000   clock network delay (ideal)
                                  0.250000    0.250000   clock uncertainty
                                  0.000000    0.250000   clock reconvergence pessimism
                                 -2.000000   -1.750000   output external delay
                                             -1.750000   data required time
---------------------------------------------------------------------------------------------
                                             -1.750000   data required time
                                             -2.205493   data arrival time
---------------------------------------------------------------------------------------------
                                              3.955493   slack (MET)


Startpoint: A[0] (input port clocked by __VIRTUAL_CLK__)
Endpoint: P[1] (output port clocked by __VIRTUAL_CLK__)
Path Group: __VIRTUAL_CLK__
Path Type: min

Fanout         Cap        Slew       Delay        Time   Description
---------------------------------------------------------------------------------------------
                      0.000000    0.000000    0.000000   clock __VIRTUAL_CLK__ (rise edge)
                                  0.000000    0.000000   clock network delay (ideal)
                                  2.000000    2.000000 v input external delay
    15    0.040121    0.062189    0.043262    2.043262 v A[0] (in)
                                                         A[0] (net)
                      0.062189    0.000000    2.043262 v _285_/A1 (sky130_fd_sc_hd__a31o_2)
     1    0.033442    0.064868    0.188688    2.231950 v _285_/X (sky130_fd_sc_hd__a31o_2)
                                                         P[1] (net)
                      0.064868    0.000000    2.231950 v P[1] (out)
                                              2.231950   data arrival time

                      0.000000    0.000000    0.000000   clock __VIRTUAL_CLK__ (rise edge)
                                  0.000000    0.000000   clock network delay (ideal)
                                  0.250000    0.250000   clock uncertainty
                                  0.000000    0.250000   clock reconvergence pessimism
                                 -2.000000   -1.750000   output external delay
                                             -1.750000   data required time
---------------------------------------------------------------------------------------------
                                             -1.750000   data required time
                                             -2.231950   data arrival time
---------------------------------------------------------------------------------------------
                                              3.981950   slack (MET)


Startpoint: B[0] (input port clocked by __VIRTUAL_CLK__)
Endpoint: P[4] (output port clocked by __VIRTUAL_CLK__)
Path Group: __VIRTUAL_CLK__
Path Type: min

Fanout         Cap        Slew       Delay        Time   Description
---------------------------------------------------------------------------------------------
                      0.000000    0.000000    0.000000   clock __VIRTUAL_CLK__ (rise edge)
                                  0.000000    0.000000   clock network delay (ideal)
                                  2.000000    2.000000 v input external delay
    12    0.034809    0.054235    0.037380    2.037380 v B[0] (in)
                                                         B[0] (net)
                      0.054235    0.000000    2.037380 v _302_/A (sky130_fd_sc_hd__nand2_2)
     4    0.009650    0.047602    0.060327    2.097707 ^ _302_/Y (sky130_fd_sc_hd__nand2_2)
                                                         _236_ (net)
                      0.047602    0.000000    2.097707 ^ _316_/A (sky130_fd_sc_hd__and2_2)
     1    0.004773    0.032236    0.086088    2.183795 ^ _316_/X (sky130_fd_sc_hd__and2_2)
                                                         _250_ (net)
                      0.032236    0.000000    2.183795 ^ _317_/B (sky130_fd_sc_hd__nor2_2)
     1    0.033442    0.056284    0.054994    2.238790 v _317_/Y (sky130_fd_sc_hd__nor2_2)
                                                         P[4] (net)
                      0.056284    0.000000    2.238790 v P[4] (out)
                                              2.238790   data arrival time

                      0.000000    0.000000    0.000000   clock __VIRTUAL_CLK__ (rise edge)
                                  0.000000    0.000000   clock network delay (ideal)
                                  0.250000    0.250000   clock uncertainty
                                  0.000000    0.250000   clock reconvergence pessimism
                                 -2.000000   -1.750000   output external delay
                                             -1.750000   data required time
---------------------------------------------------------------------------------------------
                                             -1.750000   data required time
                                             -2.238790   data arrival time
---------------------------------------------------------------------------------------------
                                              3.988789   slack (MET)


Startpoint: A[2] (input port clocked by __VIRTUAL_CLK__)
Endpoint: P[3] (output port clocked by __VIRTUAL_CLK__)
Path Group: __VIRTUAL_CLK__
Path Type: min

Fanout         Cap        Slew       Delay        Time   Description
---------------------------------------------------------------------------------------------
                      0.000000    0.000000    0.000000   clock __VIRTUAL_CLK__ (rise edge)
                                  0.000000    0.000000   clock network delay (ideal)
                                  2.000000    2.000000 v input external delay
    12    0.035412    0.055138    0.038048    2.038048 v A[2] (in)
                                                         A[2] (net)
                      0.055138    0.000000    2.038048 v _291_/B1 (sky130_fd_sc_hd__a21oi_2)
     1    0.001556    0.031181    0.046043    2.084090 ^ _291_/Y (sky130_fd_sc_hd__a21oi_2)
                                                         _226_ (net)
                      0.031181    0.000000    2.084090 ^ _292_/C (sky130_fd_sc_hd__or3_2)
     2    0.010515    0.047010    0.084086    2.168176 ^ _292_/X (sky130_fd_sc_hd__or3_2)
                                                         _227_ (net)
                      0.047010    0.000000    2.168176 ^ _301_/A (sky130_fd_sc_hd__xnor2_2)
     1    0.033442    0.100312    0.100883    2.269059 v _301_/Y (sky130_fd_sc_hd__xnor2_2)
                                                         P[3] (net)
                      0.100312    0.000000    2.269059 v P[3] (out)
                                              2.269059   data arrival time

                      0.000000    0.000000    0.000000   clock __VIRTUAL_CLK__ (rise edge)
                                  0.000000    0.000000   clock network delay (ideal)
                                  0.250000    0.250000   clock uncertainty
                                  0.000000    0.250000   clock reconvergence pessimism
                                 -2.000000   -1.750000   output external delay
                                             -1.750000   data required time
---------------------------------------------------------------------------------------------
                                             -1.750000   data required time
                                             -2.269059   data arrival time
---------------------------------------------------------------------------------------------
                                              4.019059   slack (MET)


Startpoint: B[0] (input port clocked by __VIRTUAL_CLK__)
Endpoint: P[5] (output port clocked by __VIRTUAL_CLK__)
Path Group: __VIRTUAL_CLK__
Path Type: min

Fanout         Cap        Slew       Delay        Time   Description
---------------------------------------------------------------------------------------------
                      0.000000    0.000000    0.000000   clock __VIRTUAL_CLK__ (rise edge)
                                  0.000000    0.000000   clock network delay (ideal)
                                  2.000000    2.000000 v input external delay
    12    0.034809    0.054235    0.037380    2.037380 v B[0] (in)
                                                         B[0] (net)
                      0.054235    0.000000    2.037380 v _302_/A (sky130_fd_sc_hd__nand2_2)
     4    0.009650    0.047602    0.060327    2.097707 ^ _302_/Y (sky130_fd_sc_hd__nand2_2)
                                                         _236_ (net)
                      0.047602    0.000000    2.097707 ^ _315_/A (sky130_fd_sc_hd__nor2_2)
     2    0.012464    0.027364    0.037095    2.134802 v _315_/Y (sky130_fd_sc_hd__nor2_2)
                                                         _249_ (net)
                      0.027364    0.000000    2.134802 v _567_/A (sky130_fd_sc_hd__xnor2_2)
     1    0.033442    0.099974    0.146385    2.281187 v _567_/Y (sky130_fd_sc_hd__xnor2_2)
                                                         P[5] (net)
                      0.099974    0.000000    2.281187 v P[5] (out)
                                              2.281187   data arrival time

                      0.000000    0.000000    0.000000   clock __VIRTUAL_CLK__ (rise edge)
                                  0.000000    0.000000   clock network delay (ideal)
                                  0.250000    0.250000   clock uncertainty
                                  0.000000    0.250000   clock reconvergence pessimism
                                 -2.000000   -1.750000   output external delay
                                             -1.750000   data required time
---------------------------------------------------------------------------------------------
                                             -1.750000   data required time
                                             -2.281187   data arrival time
---------------------------------------------------------------------------------------------
                                              4.031187   slack (MET)


Startpoint: B[0] (input port clocked by __VIRTUAL_CLK__)
Endpoint: P[6] (output port clocked by __VIRTUAL_CLK__)
Path Group: __VIRTUAL_CLK__
Path Type: min

Fanout         Cap        Slew       Delay        Time   Description
---------------------------------------------------------------------------------------------
                      0.000000    0.000000    0.000000   clock __VIRTUAL_CLK__ (rise edge)
                                  0.000000    0.000000   clock network delay (ideal)
                                  2.000000    2.000000 v input external delay
    12    0.034809    0.054235    0.037380    2.037380 v B[0] (in)
                                                         B[0] (net)
                      0.054235    0.000000    2.037380 v _302_/A (sky130_fd_sc_hd__nand2_2)
     4    0.009650    0.047602    0.060327    2.097707 ^ _302_/Y (sky130_fd_sc_hd__nand2_2)
                                                         _236_ (net)
                      0.047602    0.000000    2.097707 ^ _360_/A (sky130_fd_sc_hd__or3_2)
     2    0.013130    0.056029    0.099151    2.196858 ^ _360_/X (sky130_fd_sc_hd__or3_2)
                                                         _017_ (net)
                      0.056029    0.000000    2.196858 ^ _361_/B (sky130_fd_sc_hd__xor2_2)
     1    0.033442    0.071955    0.093962    2.290820 v _361_/X (sky130_fd_sc_hd__xor2_2)
                                                         P[6] (net)
                      0.071955    0.000000    2.290820 v P[6] (out)
                                              2.290820   data arrival time

                      0.000000    0.000000    0.000000   clock __VIRTUAL_CLK__ (rise edge)
                                  0.000000    0.000000   clock network delay (ideal)
                                  0.250000    0.250000   clock uncertainty
                                  0.000000    0.250000   clock reconvergence pessimism
                                 -2.000000   -1.750000   output external delay
                                             -1.750000   data required time
---------------------------------------------------------------------------------------------
                                             -1.750000   data required time
                                             -2.290820   data arrival time
---------------------------------------------------------------------------------------------
                                              4.040820   slack (MET)


Startpoint: B[6] (input port clocked by __VIRTUAL_CLK__)
Endpoint: P[15] (output port clocked by __VIRTUAL_CLK__)
Path Group: __VIRTUAL_CLK__
Path Type: min

Fanout         Cap        Slew       Delay        Time   Description
---------------------------------------------------------------------------------------------
                      0.000000    0.000000    0.000000   clock __VIRTUAL_CLK__ (rise edge)
                                  0.000000    0.000000   clock network delay (ideal)
                                  2.000000    2.000000 v input external delay
    10    0.032849    0.051300    0.035210    2.035210 v B[6] (in)
                                                         B[6] (net)
                      0.051300    0.000000    2.035210 v _565_/A1 (sky130_fd_sc_hd__a41o_2)
     1    0.002289    0.016697    0.134286    2.169496 v _565_/X (sky130_fd_sc_hd__a41o_2)
                                                         _213_ (net)
                      0.016697    0.000000    2.169496 v _566_/B1 (sky130_fd_sc_hd__a21o_2)
     1    0.033442    0.066532    0.125813    2.295310 v _566_/X (sky130_fd_sc_hd__a21o_2)
                                                         P[15] (net)
                      0.066532    0.000000    2.295310 v P[15] (out)
                                              2.295310   data arrival time

                      0.000000    0.000000    0.000000   clock __VIRTUAL_CLK__ (rise edge)
                                  0.000000    0.000000   clock network delay (ideal)
                                  0.250000    0.250000   clock uncertainty
                                  0.000000    0.250000   clock reconvergence pessimism
                                 -2.000000   -1.750000   output external delay
                                             -1.750000   data required time
---------------------------------------------------------------------------------------------
                                             -1.750000   data required time
                                             -2.295310   data arrival time
---------------------------------------------------------------------------------------------
                                              4.045310   slack (MET)


Startpoint: B[2] (input port clocked by __VIRTUAL_CLK__)
Endpoint: P[2] (output port clocked by __VIRTUAL_CLK__)
Path Group: __VIRTUAL_CLK__
Path Type: min

Fanout         Cap        Slew       Delay        Time   Description
---------------------------------------------------------------------------------------------
                      0.000000    0.000000    0.000000   clock __VIRTUAL_CLK__ (rise edge)
                                  0.000000    0.000000   clock network delay (ideal)
                                  2.000000    2.000000 ^ input external delay
    13    0.033327    0.117497    0.079681    2.079681 ^ B[2] (in)
                                                         B[2] (net)
                      0.117497    0.000000    2.079681 ^ _286_/B (sky130_fd_sc_hd__and2_2)
     3    0.013535    0.063051    0.129109    2.208790 ^ _286_/X (sky130_fd_sc_hd__and2_2)
                                                         _222_ (net)
                      0.063051    0.000000    2.208790 ^ _288_/A (sky130_fd_sc_hd__xor2_2)
     1    0.033442    0.071954    0.100828    2.309618 v _288_/X (sky130_fd_sc_hd__xor2_2)
                                                         P[2] (net)
                      0.071954    0.000000    2.309618 v P[2] (out)
                                              2.309618   data arrival time

                      0.000000    0.000000    0.000000   clock __VIRTUAL_CLK__ (rise edge)
                                  0.000000    0.000000   clock network delay (ideal)
                                  0.250000    0.250000   clock uncertainty
                                  0.000000    0.250000   clock reconvergence pessimism
                                 -2.000000   -1.750000   output external delay
                                             -1.750000   data required time
---------------------------------------------------------------------------------------------
                                             -1.750000   data required time
                                             -2.309618   data arrival time
---------------------------------------------------------------------------------------------
                                              4.059618   slack (MET)


Startpoint: B[0] (input port clocked by __VIRTUAL_CLK__)
Endpoint: P[7] (output port clocked by __VIRTUAL_CLK__)
Path Group: __VIRTUAL_CLK__
Path Type: min

Fanout         Cap        Slew       Delay        Time   Description
---------------------------------------------------------------------------------------------
                      0.000000    0.000000    0.000000   clock __VIRTUAL_CLK__ (rise edge)
                                  0.000000    0.000000   clock network delay (ideal)
                                  2.000000    2.000000 v input external delay
    12    0.034809    0.054235    0.037380    2.037380 v B[0] (in)
                                                         B[0] (net)
                      0.054235    0.000000    2.037380 v _302_/A (sky130_fd_sc_hd__nand2_2)
     4    0.009650    0.047602    0.060327    2.097707 ^ _302_/Y (sky130_fd_sc_hd__nand2_2)
                                                         _236_ (net)
                      0.047602    0.000000    2.097707 ^ _360_/A (sky130_fd_sc_hd__or3_2)
     2    0.013130    0.056029    0.099151    2.196858 ^ _360_/X (sky130_fd_sc_hd__or3_2)
                                                         _017_ (net)
                      0.056029    0.000000    2.196858 ^ _397_/A2 (sky130_fd_sc_hd__o21ai_2)
     2    0.009981    0.026949    0.044211    2.241070 v _397_/Y (sky130_fd_sc_hd__o21ai_2)
                                                         _053_ (net)
                      0.026949    0.000000    2.241070 v _398_/B (sky130_fd_sc_hd__xor2_2)
     1    0.033442    0.071957    0.134538    2.375607 v _398_/X (sky130_fd_sc_hd__xor2_2)
                                                         P[7] (net)
                      0.071957    0.000000    2.375607 v P[7] (out)
                                              2.375607   data arrival time

                      0.000000    0.000000    0.000000   clock __VIRTUAL_CLK__ (rise edge)
                                  0.000000    0.000000   clock network delay (ideal)
                                  0.250000    0.250000   clock uncertainty
                                  0.000000    0.250000   clock reconvergence pessimism
                                 -2.000000   -1.750000   output external delay
                                             -1.750000   data required time
---------------------------------------------------------------------------------------------
                                             -1.750000   data required time
                                             -2.375607   data arrival time
---------------------------------------------------------------------------------------------
                                              4.125607   slack (MET)


Startpoint: B[5] (input port clocked by __VIRTUAL_CLK__)
Endpoint: P[14] (output port clocked by __VIRTUAL_CLK__)
Path Group: __VIRTUAL_CLK__
Path Type: min

Fanout         Cap        Slew       Delay        Time   Description
---------------------------------------------------------------------------------------------
                      0.000000    0.000000    0.000000   clock __VIRTUAL_CLK__ (rise edge)
                                  0.000000    0.000000   clock network delay (ideal)
                                  2.000000    2.000000 v input external delay
    14    0.042690    0.066036    0.046106    2.046106 v B[5] (in)
                                                         B[5] (net)
                      0.066036    0.000000    2.046106 v _546_/B1 (sky130_fd_sc_hd__o211ai_2)
     4    0.015420    0.074406    0.091883    2.137989 ^ _546_/Y (sky130_fd_sc_hd__o211ai_2)
                                                         _196_ (net)
                      0.074406    0.000000    2.137989 ^ _561_/A (sky130_fd_sc_hd__nand2_2)
     2    0.011844    0.036071    0.046521    2.184510 v _561_/Y (sky130_fd_sc_hd__nand2_2)
                                                         _210_ (net)
                      0.036071    0.000000    2.184510 v _562_/B (sky130_fd_sc_hd__xor2_2)
     2    0.010834    0.117397    0.123920    2.308429 ^ _562_/X (sky130_fd_sc_hd__xor2_2)
                                                         _211_ (net)
                      0.117397    0.000000    2.308429 ^ _563_/B (sky130_fd_sc_hd__xor2_2)
     1    0.033442    0.071959    0.110014    2.418443 v _563_/X (sky130_fd_sc_hd__xor2_2)
                                                         P[14] (net)
                      0.071959    0.000000    2.418443 v P[14] (out)
                                              2.418443   data arrival time

                      0.000000    0.000000    0.000000   clock __VIRTUAL_CLK__ (rise edge)
                                  0.000000    0.000000   clock network delay (ideal)
                                  0.250000    0.250000   clock uncertainty
                                  0.000000    0.250000   clock reconvergence pessimism
                                 -2.000000   -1.750000   output external delay
                                             -1.750000   data required time
---------------------------------------------------------------------------------------------
                                             -1.750000   data required time
                                             -2.418443   data arrival time
---------------------------------------------------------------------------------------------
                                              4.168444   slack (MET)


Startpoint: B[2] (input port clocked by __VIRTUAL_CLK__)
Endpoint: P[12] (output port clocked by __VIRTUAL_CLK__)
Path Group: __VIRTUAL_CLK__
Path Type: min

Fanout         Cap        Slew       Delay        Time   Description
---------------------------------------------------------------------------------------------
                      0.000000    0.000000    0.000000   clock __VIRTUAL_CLK__ (rise edge)
                                  0.000000    0.000000   clock network delay (ideal)
                                  2.000000    2.000000 v input external delay
    13    0.031581    0.049402    0.033807    2.033807 v B[2] (in)
                                                         B[2] (net)
                      0.049402    0.000000    2.033807 v _448_/A (sky130_fd_sc_hd__nand4_2)
     3    0.008660    0.051168    0.062822    2.096628 ^ _448_/Y (sky130_fd_sc_hd__nand4_2)
                                                         _102_ (net)
                      0.051168    0.000000    2.096628 ^ _507_/A (sky130_fd_sc_hd__nand2_2)
     1    0.004128    0.019661    0.026990    2.123619 v _507_/Y (sky130_fd_sc_hd__nand2_2)
                                                         _159_ (net)
                      0.019661    0.000000    2.123619 v _509_/A2 (sky130_fd_sc_hd__o21ai_2)
     2    0.006179    0.036573    0.081289    2.204908 ^ _509_/Y (sky130_fd_sc_hd__o21ai_2)
                                                         _161_ (net)
                      0.036573    0.000000    2.204908 ^ _535_/A1 (sky130_fd_sc_hd__a21oi_2)
     3    0.007962    0.019648    0.033993    2.238901 v _535_/Y (sky130_fd_sc_hd__a21oi_2)
                                                         _186_ (net)
                      0.019648    0.000000    2.238901 v _538_/A (sky130_fd_sc_hd__nor2_2)
     1    0.008977    0.090126    0.091287    2.330189 ^ _538_/Y (sky130_fd_sc_hd__nor2_2)
                                                         _189_ (net)
                      0.090126    0.000000    2.330189 ^ _543_/A (sky130_fd_sc_hd__xnor2_2)
     1    0.033442    0.099942    0.108729    2.438917 v _543_/Y (sky130_fd_sc_hd__xnor2_2)
                                                         P[12] (net)
                      0.099942    0.000000    2.438917 v P[12] (out)
                                              2.438917   data arrival time

                      0.000000    0.000000    0.000000   clock __VIRTUAL_CLK__ (rise edge)
                                  0.000000    0.000000   clock network delay (ideal)
                                  0.250000    0.250000   clock uncertainty
                                  0.000000    0.250000   clock reconvergence pessimism
                                 -2.000000   -1.750000   output external delay
                                             -1.750000   data required time
---------------------------------------------------------------------------------------------
                                             -1.750000   data required time
                                             -2.438917   data arrival time
---------------------------------------------------------------------------------------------
                                              4.188917   slack (MET)


Startpoint: A[4] (input port clocked by __VIRTUAL_CLK__)
Endpoint: P[9] (output port clocked by __VIRTUAL_CLK__)
Path Group: __VIRTUAL_CLK__
Path Type: min

Fanout         Cap        Slew       Delay        Time   Description
---------------------------------------------------------------------------------------------
                      0.000000    0.000000    0.000000   clock __VIRTUAL_CLK__ (rise edge)
                                  0.000000    0.000000   clock network delay (ideal)
                                  2.000000    2.000000 v input external delay
    11    0.034861    0.054313    0.037438    2.037438 v A[4] (in)
                                                         A[4] (net)
                      0.054313    0.000000    2.037438 v _427_/A (sky130_fd_sc_hd__nand2_2)
     3    0.008098    0.042380    0.056266    2.093704 ^ _427_/Y (sky130_fd_sc_hd__nand2_2)
                                                         _082_ (net)
                      0.042380    0.000000    2.093704 ^ _429_/B (sky130_fd_sc_hd__nor2_2)
     3    0.008012    0.021762    0.026418    2.120122 v _429_/Y (sky130_fd_sc_hd__nor2_2)
                                                         _084_ (net)
                      0.021762    0.000000    2.120122 v _430_/B (sky130_fd_sc_hd__nor2_2)
     2    0.007326    0.077850    0.068094    2.188216 ^ _430_/Y (sky130_fd_sc_hd__nor2_2)
                                                         _085_ (net)
                      0.077850    0.000000    2.188216 ^ _431_/B1 (sky130_fd_sc_hd__o21a_2)
     3    0.011826    0.053659    0.090025    2.278241 ^ _431_/X (sky130_fd_sc_hd__o21a_2)
                                                         _086_ (net)
                      0.053659    0.000000    2.278241 ^ _472_/B1 (sky130_fd_sc_hd__a21oi_2)
     1    0.008002    0.023942    0.027579    2.305820 v _472_/Y (sky130_fd_sc_hd__a21oi_2)
                                                         _126_ (net)
                      0.023942    0.000000    2.305820 v _473_/B (sky130_fd_sc_hd__xnor2_2)
     1    0.033442    0.101054    0.135924    2.441745 v _473_/Y (sky130_fd_sc_hd__xnor2_2)
                                                         P[9] (net)
                      0.101054    0.000000    2.441745 v P[9] (out)
                                              2.441745   data arrival time

                      0.000000    0.000000    0.000000   clock __VIRTUAL_CLK__ (rise edge)
                                  0.000000    0.000000   clock network delay (ideal)
                                  0.250000    0.250000   clock uncertainty
                                  0.000000    0.250000   clock reconvergence pessimism
                                 -2.000000   -1.750000   output external delay
                                             -1.750000   data required time
---------------------------------------------------------------------------------------------
                                             -1.750000   data required time
                                             -2.441745   data arrival time
---------------------------------------------------------------------------------------------
                                              4.191745   slack (MET)


Startpoint: A[4] (input port clocked by __VIRTUAL_CLK__)
Endpoint: P[8] (output port clocked by __VIRTUAL_CLK__)
Path Group: __VIRTUAL_CLK__
Path Type: min

Fanout         Cap        Slew       Delay        Time   Description
---------------------------------------------------------------------------------------------
                      0.000000    0.000000    0.000000   clock __VIRTUAL_CLK__ (rise edge)
                                  0.000000    0.000000   clock network delay (ideal)
                                  2.000000    2.000000 v input external delay
    11    0.034861    0.054313    0.037438    2.037438 v A[4] (in)
                                                         A[4] (net)
                      0.054313    0.000000    2.037438 v _427_/A (sky130_fd_sc_hd__nand2_2)
     3    0.008098    0.042380    0.056266    2.093704 ^ _427_/Y (sky130_fd_sc_hd__nand2_2)
                                                         _082_ (net)
                      0.042380    0.000000    2.093704 ^ _429_/B (sky130_fd_sc_hd__nor2_2)
     3    0.008012    0.021762    0.026418    2.120122 v _429_/Y (sky130_fd_sc_hd__nor2_2)
                                                         _084_ (net)
                      0.021762    0.000000    2.120122 v _430_/B (sky130_fd_sc_hd__nor2_2)
     2    0.007326    0.077850    0.068094    2.188216 ^ _430_/Y (sky130_fd_sc_hd__nor2_2)
                                                         _085_ (net)
                      0.077850    0.000000    2.188216 ^ _432_/C (sky130_fd_sc_hd__nor3_2)
     1    0.004145    0.020770    0.024756    2.212971 v _432_/Y (sky130_fd_sc_hd__nor3_2)
                                                         _087_ (net)
                      0.020770    0.000000    2.212971 v _433_/B (sky130_fd_sc_hd__nor2_2)
     4    0.018860    0.162822    0.129935    2.342907 ^ _433_/Y (sky130_fd_sc_hd__nor2_2)
                                                         _088_ (net)
                      0.162822    0.000000    2.342907 ^ _435_/A (sky130_fd_sc_hd__xor2_2)
     1    0.033442    0.071956    0.121313    2.464219 v _435_/X (sky130_fd_sc_hd__xor2_2)
                                                         P[8] (net)
                      0.071956    0.000000    2.464219 v P[8] (out)
                                              2.464219   data arrival time

                      0.000000    0.000000    0.000000   clock __VIRTUAL_CLK__ (rise edge)
                                  0.000000    0.000000   clock network delay (ideal)
                                  0.250000    0.250000   clock uncertainty
                                  0.000000    0.250000   clock reconvergence pessimism
                                 -2.000000   -1.750000   output external delay
                                             -1.750000   data required time
---------------------------------------------------------------------------------------------
                                             -1.750000   data required time
                                             -2.464219   data arrival time
---------------------------------------------------------------------------------------------
                                              4.214219   slack (MET)


Startpoint: B[5] (input port clocked by __VIRTUAL_CLK__)
Endpoint: P[11] (output port clocked by __VIRTUAL_CLK__)
Path Group: __VIRTUAL_CLK__
Path Type: min

Fanout         Cap        Slew       Delay        Time   Description
---------------------------------------------------------------------------------------------
                      0.000000    0.000000    0.000000   clock __VIRTUAL_CLK__ (rise edge)
                                  0.000000    0.000000   clock network delay (ideal)
                                  2.000000    2.000000 v input external delay
    14    0.042690    0.066036    0.046106    2.046106 v B[5] (in)
                                                         B[5] (net)
                      0.066036    0.000000    2.046106 v _280_/A (sky130_fd_sc_hd__inv_2)
     1    0.002501    0.023354    0.037329    2.083435 ^ _280_/Y (sky130_fd_sc_hd__inv_2)
                                                         _218_ (net)
                      0.023354    0.000000    2.083435 ^ _465_/A2 (sky130_fd_sc_hd__o211a_2)
     2    0.006201    0.040434    0.102006    2.185441 ^ _465_/X (sky130_fd_sc_hd__o211a_2)
                                                         _119_ (net)
                      0.040434    0.000000    2.185441 ^ _467_/B (sky130_fd_sc_hd__nand2_2)
     3    0.010450    0.034009    0.042020    2.227461 v _467_/Y (sky130_fd_sc_hd__nand2_2)
                                                         _121_ (net)
                      0.034009    0.000000    2.227461 v _488_/B (sky130_fd_sc_hd__nand3_2)
     3    0.011676    0.055588    0.068180    2.295641 ^ _488_/Y (sky130_fd_sc_hd__nand3_2)
                                                         _141_ (net)
                      0.055588    0.000000    2.295641 ^ _516_/A1 (sky130_fd_sc_hd__a21oi_2)
     1    0.008002    0.030469    0.038366    2.334007 v _516_/Y (sky130_fd_sc_hd__a21oi_2)
                                                         _168_ (net)
                      0.030469    0.000000    2.334007 v _517_/B (sky130_fd_sc_hd__xnor2_2)
     1    0.033442    0.101053    0.138556    2.472563 v _517_/Y (sky130_fd_sc_hd__xnor2_2)
                                                         P[11] (net)
                      0.101053    0.000000    2.472563 v P[11] (out)
                                              2.472563   data arrival time

                      0.000000    0.000000    0.000000   clock __VIRTUAL_CLK__ (rise edge)
                                  0.000000    0.000000   clock network delay (ideal)
                                  0.250000    0.250000   clock uncertainty
                                  0.000000    0.250000   clock reconvergence pessimism
                                 -2.000000   -1.750000   output external delay
                                             -1.750000   data required time
---------------------------------------------------------------------------------------------
                                             -1.750000   data required time
                                             -2.472563   data arrival time
---------------------------------------------------------------------------------------------
                                              4.222563   slack (MET)


Startpoint: B[5] (input port clocked by __VIRTUAL_CLK__)
Endpoint: P[10] (output port clocked by __VIRTUAL_CLK__)
Path Group: __VIRTUAL_CLK__
Path Type: min

Fanout         Cap        Slew       Delay        Time   Description
---------------------------------------------------------------------------------------------
                      0.000000    0.000000    0.000000   clock __VIRTUAL_CLK__ (rise edge)
                                  0.000000    0.000000   clock network delay (ideal)
                                  2.000000    2.000000 v input external delay
    14    0.042690    0.066036    0.046106    2.046106 v B[5] (in)
                                                         B[5] (net)
                      0.066036    0.000000    2.046106 v _280_/A (sky130_fd_sc_hd__inv_2)
     1    0.002501    0.023354    0.037329    2.083435 ^ _280_/Y (sky130_fd_sc_hd__inv_2)
                                                         _218_ (net)
                      0.023354    0.000000    2.083435 ^ _465_/A2 (sky130_fd_sc_hd__o211a_2)
     2    0.006201    0.040434    0.102006    2.185441 ^ _465_/X (sky130_fd_sc_hd__o211a_2)
                                                         _119_ (net)
                      0.040434    0.000000    2.185441 ^ _467_/B (sky130_fd_sc_hd__nand2_2)
     3    0.010450    0.034009    0.042020    2.227461 v _467_/Y (sky130_fd_sc_hd__nand2_2)
                                                         _121_ (net)
                      0.034009    0.000000    2.227461 v _488_/B (sky130_fd_sc_hd__nand3_2)
     3    0.011676    0.055588    0.068180    2.295641 ^ _488_/Y (sky130_fd_sc_hd__nand3_2)
                                                         _141_ (net)
                      0.055588    0.000000    2.295641 ^ _491_/A (sky130_fd_sc_hd__nand2_2)
     1    0.008271    0.027178    0.036368    2.332009 v _491_/Y (sky130_fd_sc_hd__nand2_2)
                                                         _144_ (net)
                      0.027178    0.000000    2.332009 v _494_/A (sky130_fd_sc_hd__xnor2_2)
     1    0.033442    0.100717    0.146311    2.478321 v _494_/Y (sky130_fd_sc_hd__xnor2_2)
                                                         P[10] (net)
                      0.100717    0.000000    2.478321 v P[10] (out)
                                              2.478321   data arrival time

                      0.000000    0.000000    0.000000   clock __VIRTUAL_CLK__ (rise edge)
                                  0.000000    0.000000   clock network delay (ideal)
                                  0.250000    0.250000   clock uncertainty
                                  0.000000    0.250000   clock reconvergence pessimism
                                 -2.000000   -1.750000   output external delay
                                             -1.750000   data required time
---------------------------------------------------------------------------------------------
                                             -1.750000   data required time
                                             -2.478321   data arrival time
---------------------------------------------------------------------------------------------
                                              4.228321   slack (MET)


Startpoint: B[2] (input port clocked by __VIRTUAL_CLK__)
Endpoint: P[13] (output port clocked by __VIRTUAL_CLK__)
Path Group: __VIRTUAL_CLK__
Path Type: min

Fanout         Cap        Slew       Delay        Time   Description
---------------------------------------------------------------------------------------------
                      0.000000    0.000000    0.000000   clock __VIRTUAL_CLK__ (rise edge)
                                  0.000000    0.000000   clock network delay (ideal)
                                  2.000000    2.000000 v input external delay
    13    0.031581    0.049402    0.033807    2.033807 v B[2] (in)
                                                         B[2] (net)
                      0.049402    0.000000    2.033807 v _448_/A (sky130_fd_sc_hd__nand4_2)
     3    0.008660    0.051168    0.062822    2.096628 ^ _448_/Y (sky130_fd_sc_hd__nand4_2)
                                                         _102_ (net)
                      0.051168    0.000000    2.096628 ^ _507_/A (sky130_fd_sc_hd__nand2_2)
     1    0.004128    0.019661    0.026990    2.123619 v _507_/Y (sky130_fd_sc_hd__nand2_2)
                                                         _159_ (net)
                      0.019661    0.000000    2.123619 v _509_/A2 (sky130_fd_sc_hd__o21ai_2)
     2    0.006179    0.036573    0.081289    2.204908 ^ _509_/Y (sky130_fd_sc_hd__o21ai_2)
                                                         _161_ (net)
                      0.036573    0.000000    2.204908 ^ _535_/A1 (sky130_fd_sc_hd__a21oi_2)
     3    0.007962    0.019648    0.033993    2.238901 v _535_/Y (sky130_fd_sc_hd__a21oi_2)
                                                         _186_ (net)
                      0.019648    0.000000    2.238901 v _557_/B1 (sky130_fd_sc_hd__a31o_2)
     1    0.002237    0.017650    0.071477    2.310378 v _557_/X (sky130_fd_sc_hd__a31o_2)
                                                         _207_ (net)
                      0.017650    0.000000    2.310378 v _558_/A2 (sky130_fd_sc_hd__o21ba_2)
     1    0.033442    0.062843    0.169288    2.479666 v _558_/X (sky130_fd_sc_hd__o21ba_2)
                                                         P[13] (net)
                      0.062843    0.000000    2.479666 v P[13] (out)
                                              2.479666   data arrival time

                      0.000000    0.000000    0.000000   clock __VIRTUAL_CLK__ (rise edge)
                                  0.000000    0.000000   clock network delay (ideal)
                                  0.250000    0.250000   clock uncertainty
                                  0.000000    0.250000   clock reconvergence pessimism
                                 -2.000000   -1.750000   output external delay
                                             -1.750000   data required time
---------------------------------------------------------------------------------------------
                                             -1.750000   data required time
                                             -2.479666   data arrival time
---------------------------------------------------------------------------------------------
                                              4.229667   slack (MET)



