
===========================================================================
report_checks -path_delay max (Setup)
============================================================================
======================= max_ff_n40C_1v95 Corner ===================================

Startpoint: A[4] (input port clocked by __VIRTUAL_CLK__)
Endpoint: P[15] (output port clocked by __VIRTUAL_CLK__)
Path Group: __VIRTUAL_CLK__
Path Type: max

Fanout         Cap        Slew       Delay        Time   Description
---------------------------------------------------------------------------------------------
                      0.000000    0.000000    0.000000   clock __VIRTUAL_CLK__ (rise edge)
                                  0.000000    0.000000   clock network delay (ideal)
                                  2.000000    2.000000 ^ input external delay
     1    0.003271    0.015605    0.008516    2.008516 ^ A[4] (in)
                                                         A[4] (net)
                      0.015607    0.000000    2.008516 ^ input5/A (sky130_fd_sc_hd__clkbuf_2)
     5    0.032476    0.138163    0.134276    2.142792 ^ input5/X (sky130_fd_sc_hd__clkbuf_2)
                                                         net5 (net)
                      0.138273    0.003208    2.146000 ^ fanout36/A (sky130_fd_sc_hd__buf_6)
    10    0.038859    0.064898    0.105082    2.251082 ^ fanout36/X (sky130_fd_sc_hd__buf_6)
                                                         net36 (net)
                      0.065005    0.002139    2.253221 ^ _292_/B (sky130_fd_sc_hd__and2_1)
     3    0.011474    0.091602    0.122305    2.375526 ^ _292_/X (sky130_fd_sc_hd__and2_1)
                                                         _226_ (net)
                      0.091603    0.000422    2.375948 ^ _310_/A_N (sky130_fd_sc_hd__and3b_1)
     2    0.005678    0.035953    0.121871    2.497819 v _310_/X (sky130_fd_sc_hd__and3b_1)
                                                         _243_ (net)
                      0.035957    0.000366    2.498185 v _362_/A2 (sky130_fd_sc_hd__a31o_1)
     1    0.009236    0.047670    0.152011    2.650195 v _362_/X (sky130_fd_sc_hd__a31o_1)
                                                         _020_ (net)
                      0.047674    0.000462    2.650657 v _363_/A (sky130_fd_sc_hd__xnor2_2)
     2    0.008915    0.124843    0.137047    2.787704 ^ _363_/Y (sky130_fd_sc_hd__xnor2_2)
                                                         _021_ (net)
                      0.124843    0.000380    2.788084 ^ _365_/A (sky130_fd_sc_hd__xor2_1)
     2    0.007661    0.142058    0.141358    2.929441 ^ _365_/X (sky130_fd_sc_hd__xor2_1)
                                                         _023_ (net)
                      0.142058    0.000555    2.929996 ^ _366_/B (sky130_fd_sc_hd__nand2_2)
     4    0.016438    0.070186    0.068434    2.998430 v _366_/Y (sky130_fd_sc_hd__nand2_2)
                                                         _024_ (net)
                      0.070256    0.001695    3.000126 v _472_/A_N (sky130_fd_sc_hd__nand2b_1)
     2    0.005602    0.048378    0.110036    3.110162 v _472_/Y (sky130_fd_sc_hd__nand2b_1)
                                                         _127_ (net)
                      0.048381    0.000297    3.110459 v _476_/C (sky130_fd_sc_hd__and4_1)
     1    0.002851    0.028857    0.121681    3.232141 v _476_/X (sky130_fd_sc_hd__and4_1)
                                                         _131_ (net)
                      0.028871    0.000165    3.232306 v _478_/A_N (sky130_fd_sc_hd__nand2b_2)
     2    0.013852    0.051475    0.128305    3.360611 v _478_/Y (sky130_fd_sc_hd__nand2b_2)
                                                         _133_ (net)
                      0.051504    0.001078    3.361690 v _480_/A (sky130_fd_sc_hd__xor2_2)
     2    0.012895    0.055591    0.131329    3.493018 v _480_/X (sky130_fd_sc_hd__xor2_2)
                                                         _135_ (net)
                      0.055600    0.000617    3.493635 v _482_/A (sky130_fd_sc_hd__xnor2_2)
     3    0.014681    0.172127    0.174838    3.668474 ^ _482_/Y (sky130_fd_sc_hd__xnor2_2)
                                                         _137_ (net)
                      0.172137    0.001045    3.669519 ^ _484_/A_N (sky130_fd_sc_hd__nand2b_4)
     2    0.010145    0.048728    0.108626    3.778145 ^ _484_/Y (sky130_fd_sc_hd__nand2b_4)
                                                         _139_ (net)
                      0.048730    0.000599    3.778744 ^ _531_/B (sky130_fd_sc_hd__nand2_2)
     1    0.008995    0.047173    0.040560    3.819304 v _531_/Y (sky130_fd_sc_hd__nand2_2)
                                                         _184_ (net)
                      0.047189    0.000702    3.820005 v _533_/A1 (sky130_fd_sc_hd__o311ai_4)
     4    0.018706    0.246057    0.260679    4.080684 ^ _533_/Y (sky130_fd_sc_hd__o311ai_4)
                                                         _186_ (net)
                      0.246059    0.001465    4.082150 ^ _557_/A1 (sky130_fd_sc_hd__a2111o_1)
     1    0.002555    0.030942    0.098705    4.180855 ^ _557_/X (sky130_fd_sc_hd__a2111o_1)
                                                         _208_ (net)
                      0.030943    0.000167    4.181021 ^ _560_/C_N (sky130_fd_sc_hd__or3b_4)
     1    0.009900    0.053578    0.230395    4.411417 v _560_/X (sky130_fd_sc_hd__or3b_4)
                                                         net23 (net)
                      0.053578    0.000901    4.412317 v output23/A (sky130_fd_sc_hd__buf_8)
     1    0.034665    0.030367    0.097836    4.510153 v output23/X (sky130_fd_sc_hd__buf_8)
                                                         P[15] (net)
                      0.030502    0.001730    4.511883 v P[15] (out)
                                              4.511883   data arrival time

                      0.000000   10.000000   10.000000   clock __VIRTUAL_CLK__ (rise edge)
                                  0.000000   10.000000   clock network delay (ideal)
                                 -0.250000    9.750000   clock uncertainty
                                  0.000000    9.750000   clock reconvergence pessimism
                                 -2.000000    7.750000   output external delay
                                              7.750000   data required time
---------------------------------------------------------------------------------------------
                                              7.750000   data required time
                                             -4.511883   data arrival time
---------------------------------------------------------------------------------------------
                                              3.238117   slack (MET)


Startpoint: A[4] (input port clocked by __VIRTUAL_CLK__)
Endpoint: P[14] (output port clocked by __VIRTUAL_CLK__)
Path Group: __VIRTUAL_CLK__
Path Type: max

Fanout         Cap        Slew       Delay        Time   Description
---------------------------------------------------------------------------------------------
                      0.000000    0.000000    0.000000   clock __VIRTUAL_CLK__ (rise edge)
                                  0.000000    0.000000   clock network delay (ideal)
                                  2.000000    2.000000 ^ input external delay
     1    0.003271    0.015605    0.008516    2.008516 ^ A[4] (in)
                                                         A[4] (net)
                      0.015607    0.000000    2.008516 ^ input5/A (sky130_fd_sc_hd__clkbuf_2)
     5    0.032476    0.138163    0.134276    2.142792 ^ input5/X (sky130_fd_sc_hd__clkbuf_2)
                                                         net5 (net)
                      0.138273    0.003208    2.146000 ^ fanout36/A (sky130_fd_sc_hd__buf_6)
    10    0.038859    0.064898    0.105082    2.251082 ^ fanout36/X (sky130_fd_sc_hd__buf_6)
                                                         net36 (net)
                      0.065005    0.002139    2.253221 ^ _292_/B (sky130_fd_sc_hd__and2_1)
     3    0.011474    0.091602    0.122305    2.375526 ^ _292_/X (sky130_fd_sc_hd__and2_1)
                                                         _226_ (net)
                      0.091603    0.000422    2.375948 ^ _310_/A_N (sky130_fd_sc_hd__and3b_1)
     2    0.005678    0.035953    0.121871    2.497819 v _310_/X (sky130_fd_sc_hd__and3b_1)
                                                         _243_ (net)
                      0.035957    0.000366    2.498185 v _362_/A2 (sky130_fd_sc_hd__a31o_1)
     1    0.009236    0.047670    0.152011    2.650195 v _362_/X (sky130_fd_sc_hd__a31o_1)
                                                         _020_ (net)
                      0.047674    0.000462    2.650657 v _363_/A (sky130_fd_sc_hd__xnor2_2)
     2    0.008915    0.124843    0.137047    2.787704 ^ _363_/Y (sky130_fd_sc_hd__xnor2_2)
                                                         _021_ (net)
                      0.124843    0.000380    2.788084 ^ _365_/A (sky130_fd_sc_hd__xor2_1)
     2    0.007661    0.142058    0.141358    2.929441 ^ _365_/X (sky130_fd_sc_hd__xor2_1)
                                                         _023_ (net)
                      0.142058    0.000555    2.929996 ^ _366_/B (sky130_fd_sc_hd__nand2_2)
     4    0.016438    0.070186    0.068434    2.998430 v _366_/Y (sky130_fd_sc_hd__nand2_2)
                                                         _024_ (net)
                      0.070256    0.001695    3.000126 v _472_/A_N (sky130_fd_sc_hd__nand2b_1)
     2    0.005602    0.048378    0.110036    3.110162 v _472_/Y (sky130_fd_sc_hd__nand2b_1)
                                                         _127_ (net)
                      0.048381    0.000297    3.110459 v _476_/C (sky130_fd_sc_hd__and4_1)
     1    0.002851    0.028857    0.121681    3.232141 v _476_/X (sky130_fd_sc_hd__and4_1)
                                                         _131_ (net)
                      0.028871    0.000165    3.232306 v _478_/A_N (sky130_fd_sc_hd__nand2b_2)
     2    0.013852    0.051475    0.128305    3.360611 v _478_/Y (sky130_fd_sc_hd__nand2b_2)
                                                         _133_ (net)
                      0.051504    0.001078    3.361690 v _480_/A (sky130_fd_sc_hd__xor2_2)
     2    0.012895    0.055591    0.131329    3.493018 v _480_/X (sky130_fd_sc_hd__xor2_2)
                                                         _135_ (net)
                      0.055600    0.000617    3.493635 v _482_/A (sky130_fd_sc_hd__xnor2_2)
     3    0.014681    0.172127    0.174838    3.668474 ^ _482_/Y (sky130_fd_sc_hd__xnor2_2)
                                                         _137_ (net)
                      0.172137    0.001045    3.669519 ^ _484_/A_N (sky130_fd_sc_hd__nand2b_4)
     2    0.010145    0.048728    0.108626    3.778145 ^ _484_/Y (sky130_fd_sc_hd__nand2b_4)
                                                         _139_ (net)
                      0.048730    0.000599    3.778744 ^ _531_/B (sky130_fd_sc_hd__nand2_2)
     1    0.008995    0.047173    0.040560    3.819304 v _531_/Y (sky130_fd_sc_hd__nand2_2)
                                                         _184_ (net)
                      0.047189    0.000702    3.820005 v _533_/A1 (sky130_fd_sc_hd__o311ai_4)
     4    0.018706    0.246057    0.260679    4.080684 ^ _533_/Y (sky130_fd_sc_hd__o311ai_4)
                                                         _186_ (net)
                      0.246058    0.001361    4.082045 ^ _548_/A1 (sky130_fd_sc_hd__a211o_1)
     2    0.005422    0.045718    0.101931    4.183976 ^ _548_/X (sky130_fd_sc_hd__a211o_1)
                                                         _200_ (net)
                      0.045718    0.000194    4.184170 ^ rebuffer21/A (sky130_fd_sc_hd__buf_1)
     1    0.005179    0.051989    0.068601    4.252771 ^ rebuffer21/X (sky130_fd_sc_hd__buf_1)
                                                         net67 (net)
                      0.052012    0.000391    4.253161 ^ rebuffer20/A (sky130_fd_sc_hd__buf_6)
     1    0.016438    0.033056    0.071601    4.324762 ^ rebuffer20/X (sky130_fd_sc_hd__buf_6)
                                                         net66 (net)
                      0.033158    0.001271    4.326033 ^ _558_/B (sky130_fd_sc_hd__xnor2_4)
     1    0.007405    0.096012    0.069504    4.395536 ^ _558_/Y (sky130_fd_sc_hd__xnor2_4)
                                                         net22 (net)
                      0.096012    0.000394    4.395931 ^ output22/A (sky130_fd_sc_hd__buf_6)
     1    0.033959    0.057568    0.096517    4.492448 ^ output22/X (sky130_fd_sc_hd__buf_6)
                                                         P[14] (net)
                      0.057665    0.001587    4.494035 ^ P[14] (out)
                                              4.494035   data arrival time

                      0.000000   10.000000   10.000000   clock __VIRTUAL_CLK__ (rise edge)
                                  0.000000   10.000000   clock network delay (ideal)
                                 -0.250000    9.750000   clock uncertainty
                                  0.000000    9.750000   clock reconvergence pessimism
                                 -2.000000    7.750000   output external delay
                                              7.750000   data required time
---------------------------------------------------------------------------------------------
                                              7.750000   data required time
                                             -4.494035   data arrival time
---------------------------------------------------------------------------------------------
                                              3.255965   slack (MET)


Startpoint: A[4] (input port clocked by __VIRTUAL_CLK__)
Endpoint: P[13] (output port clocked by __VIRTUAL_CLK__)
Path Group: __VIRTUAL_CLK__
Path Type: max

Fanout         Cap        Slew       Delay        Time   Description
---------------------------------------------------------------------------------------------
                      0.000000    0.000000    0.000000   clock __VIRTUAL_CLK__ (rise edge)
                                  0.000000    0.000000   clock network delay (ideal)
                                  2.000000    2.000000 ^ input external delay
     1    0.003271    0.015605    0.008516    2.008516 ^ A[4] (in)
                                                         A[4] (net)
                      0.015607    0.000000    2.008516 ^ input5/A (sky130_fd_sc_hd__clkbuf_2)
     5    0.032476    0.138163    0.134276    2.142792 ^ input5/X (sky130_fd_sc_hd__clkbuf_2)
                                                         net5 (net)
                      0.138273    0.003208    2.146000 ^ fanout36/A (sky130_fd_sc_hd__buf_6)
    10    0.038859    0.064898    0.105082    2.251082 ^ fanout36/X (sky130_fd_sc_hd__buf_6)
                                                         net36 (net)
                      0.065005    0.002139    2.253221 ^ _292_/B (sky130_fd_sc_hd__and2_1)
     3    0.011474    0.091602    0.122305    2.375526 ^ _292_/X (sky130_fd_sc_hd__and2_1)
                                                         _226_ (net)
                      0.091603    0.000422    2.375948 ^ _310_/A_N (sky130_fd_sc_hd__and3b_1)
     2    0.005678    0.035953    0.121871    2.497819 v _310_/X (sky130_fd_sc_hd__and3b_1)
                                                         _243_ (net)
                      0.035957    0.000366    2.498185 v _362_/A2 (sky130_fd_sc_hd__a31o_1)
     1    0.009236    0.047670    0.152011    2.650195 v _362_/X (sky130_fd_sc_hd__a31o_1)
                                                         _020_ (net)
                      0.047674    0.000462    2.650657 v _363_/A (sky130_fd_sc_hd__xnor2_2)
     2    0.008915    0.124843    0.137047    2.787704 ^ _363_/Y (sky130_fd_sc_hd__xnor2_2)
                                                         _021_ (net)
                      0.124843    0.000380    2.788084 ^ _365_/A (sky130_fd_sc_hd__xor2_1)
     2    0.007661    0.142058    0.141358    2.929441 ^ _365_/X (sky130_fd_sc_hd__xor2_1)
                                                         _023_ (net)
                      0.142058    0.000555    2.929996 ^ _366_/B (sky130_fd_sc_hd__nand2_2)
     4    0.016438    0.070186    0.068434    2.998430 v _366_/Y (sky130_fd_sc_hd__nand2_2)
                                                         _024_ (net)
                      0.070256    0.001695    3.000126 v _472_/A_N (sky130_fd_sc_hd__nand2b_1)
     2    0.005602    0.048378    0.110036    3.110162 v _472_/Y (sky130_fd_sc_hd__nand2b_1)
                                                         _127_ (net)
                      0.048381    0.000297    3.110459 v _476_/C (sky130_fd_sc_hd__and4_1)
     1    0.002851    0.028857    0.121681    3.232141 v _476_/X (sky130_fd_sc_hd__and4_1)
                                                         _131_ (net)
                      0.028871    0.000165    3.232306 v _478_/A_N (sky130_fd_sc_hd__nand2b_2)
     2    0.013852    0.051475    0.128305    3.360611 v _478_/Y (sky130_fd_sc_hd__nand2b_2)
                                                         _133_ (net)
                      0.051504    0.001078    3.361690 v _480_/A (sky130_fd_sc_hd__xor2_2)
     2    0.012895    0.055591    0.131329    3.493018 v _480_/X (sky130_fd_sc_hd__xor2_2)
                                                         _135_ (net)
                      0.055600    0.000617    3.493635 v _482_/A (sky130_fd_sc_hd__xnor2_2)
     3    0.014681    0.172127    0.174838    3.668474 ^ _482_/Y (sky130_fd_sc_hd__xnor2_2)
                                                         _137_ (net)
                      0.172137    0.001045    3.669519 ^ _484_/A_N (sky130_fd_sc_hd__nand2b_4)
     2    0.010145    0.048728    0.108626    3.778145 ^ _484_/Y (sky130_fd_sc_hd__nand2b_4)
                                                         _139_ (net)
                      0.048730    0.000599    3.778744 ^ _531_/B (sky130_fd_sc_hd__nand2_2)
     1    0.008995    0.047173    0.040560    3.819304 v _531_/Y (sky130_fd_sc_hd__nand2_2)
                                                         _184_ (net)
                      0.047189    0.000702    3.820005 v _533_/A1 (sky130_fd_sc_hd__o311ai_4)
     4    0.018706    0.246057    0.260679    4.080684 ^ _533_/Y (sky130_fd_sc_hd__o311ai_4)
                                                         _186_ (net)
                      0.246059    0.001438    4.082123 ^ rebuffer2/A (sky130_fd_sc_hd__dlymetal6s2s_1)
     1    0.003031    0.048698    0.088073    4.170196 ^ rebuffer2/X (sky130_fd_sc_hd__dlymetal6s2s_1)
                                                         net48 (net)
                      0.048698    0.000214    4.170410 ^ _547_/A2 (sky130_fd_sc_hd__o211a_1)
     1    0.002531    0.029027    0.077095    4.247505 ^ _547_/X (sky130_fd_sc_hd__o211a_1)
                                                         _199_ (net)
                      0.029027    0.000104    4.247609 ^ _549_/A_N (sky130_fd_sc_hd__and2b_1)
     1    0.004932    0.030915    0.110848    4.358457 v _549_/X (sky130_fd_sc_hd__and2b_1)
                                                         net21 (net)
                      0.030916    0.000225    4.358682 v output21/A (sky130_fd_sc_hd__buf_4)
     1    0.034092    0.042956    0.110379    4.469061 v output21/X (sky130_fd_sc_hd__buf_4)
                                                         P[13] (net)
                      0.043035    0.001615    4.470676 v P[13] (out)
                                              4.470676   data arrival time

                      0.000000   10.000000   10.000000   clock __VIRTUAL_CLK__ (rise edge)
                                  0.000000   10.000000   clock network delay (ideal)
                                 -0.250000    9.750000   clock uncertainty
                                  0.000000    9.750000   clock reconvergence pessimism
                                 -2.000000    7.750000   output external delay
                                              7.750000   data required time
---------------------------------------------------------------------------------------------
                                              7.750000   data required time
                                             -4.470676   data arrival time
---------------------------------------------------------------------------------------------
                                              3.279324   slack (MET)


Startpoint: A[2] (input port clocked by __VIRTUAL_CLK__)
Endpoint: P[11] (output port clocked by __VIRTUAL_CLK__)
Path Group: __VIRTUAL_CLK__
Path Type: max

Fanout         Cap        Slew       Delay        Time   Description
---------------------------------------------------------------------------------------------
                      0.000000    0.000000    0.000000   clock __VIRTUAL_CLK__ (rise edge)
                                  0.000000    0.000000   clock network delay (ideal)
                                  2.000000    2.000000 ^ input external delay
     1    0.002971    0.014530    0.007731    2.007731 ^ A[2] (in)
                                                         A[2] (net)
                      0.014532    0.000000    2.007731 ^ input3/A (sky130_fd_sc_hd__buf_1)
     2    0.010980    0.100912    0.095564    2.103294 ^ input3/X (sky130_fd_sc_hd__buf_1)
                                                         net3 (net)
                      0.100917    0.000606    2.103900 ^ fanout38/A (sky130_fd_sc_hd__buf_4)
    10    0.047668    0.103985    0.136718    2.240619 ^ fanout38/X (sky130_fd_sc_hd__buf_4)
                                                         net38 (net)
                      0.105249    0.009176    2.249795 ^ _295_/C (sky130_fd_sc_hd__and3_1)
     1    0.006090    0.057599    0.117669    2.367463 ^ _295_/X (sky130_fd_sc_hd__and3_1)
                                                         _229_ (net)
                      0.057602    0.000469    2.367932 ^ _298_/S (sky130_fd_sc_hd__mux2_4)
     2    0.017415    0.053299    0.206946    2.574878 v _298_/X (sky130_fd_sc_hd__mux2_4)
                                                         _232_ (net)
                      0.053312    0.000806    2.575685 v _300_/B (sky130_fd_sc_hd__xor2_4)
     2    0.027423    0.179637    0.173257    2.748942 ^ _300_/X (sky130_fd_sc_hd__xor2_4)
                                                         _234_ (net)
                      0.179637    0.000776    2.749718 ^ _323_/A1 (sky130_fd_sc_hd__a21oi_4)
     2    0.012278    0.055055    0.045887    2.795605 v _323_/Y (sky130_fd_sc_hd__a21oi_4)
                                                         _256_ (net)
                      0.055055    0.000420    2.796026 v _325_/B (sky130_fd_sc_hd__xor2_2)
     2    0.005816    0.058269    0.099571    2.895597 v _325_/X (sky130_fd_sc_hd__xor2_2)
                                                         _258_ (net)
                      0.058270    0.000331    2.895928 v rebuffer6/A (sky130_fd_sc_hd__dlymetal6s2s_1)
     1    0.008527    0.043115    0.111886    3.007814 v rebuffer6/X (sky130_fd_sc_hd__dlymetal6s2s_1)
                                                         net52 (net)
                      0.043118    0.000413    3.008227 v _340_/B (sky130_fd_sc_hd__xnor2_2)
     2    0.012281    0.152132    0.137436    3.145663 ^ _340_/Y (sky130_fd_sc_hd__xnor2_2)
                                                         _273_ (net)
                      0.152133    0.000719    3.146382 ^ _347_/B (sky130_fd_sc_hd__xor2_2)
     2    0.012270    0.142349    0.135486    3.281867 ^ _347_/X (sky130_fd_sc_hd__xor2_2)
                                                         _006_ (net)
                      0.142350    0.000681    3.282548 ^ _351_/A (sky130_fd_sc_hd__xor2_1)
     2    0.004643    0.103588    0.111308    3.393856 ^ _351_/X (sky130_fd_sc_hd__xor2_1)
                                                         _010_ (net)
                      0.103588    0.000292    3.394148 ^ _353_/A_N (sky130_fd_sc_hd__and2b_1)
     2    0.010292    0.045849    0.139007    3.533155 v _353_/X (sky130_fd_sc_hd__and2b_1)
                                                         _012_ (net)
                      0.045852    0.000423    3.533578 v _354_/A (sky130_fd_sc_hd__inv_2)
     1    0.011292    0.043968    0.053610    3.587188 ^ _354_/Y (sky130_fd_sc_hd__inv_2)
                                                         _013_ (net)
                      0.043996    0.000897    3.588085 ^ _387_/A1 (sky130_fd_sc_hd__o21ai_4)
     2    0.015979    0.045457    0.045728    3.633812 v _387_/Y (sky130_fd_sc_hd__o21ai_4)
                                                         _045_ (net)
                      0.045508    0.001153    3.634965 v _424_/A1 (sky130_fd_sc_hd__a21oi_4)
     3    0.025127    0.161081    0.152541    3.787506 ^ _424_/Y (sky130_fd_sc_hd__a21oi_4)
                                                         _081_ (net)
                      0.161159    0.002736    3.790243 ^ _486_/C (sky130_fd_sc_hd__nor3_4)
     2    0.012247    0.048149    0.030360    3.820603 v _486_/Y (sky130_fd_sc_hd__nor3_4)
                                                         _141_ (net)
                      0.048151    0.000745    3.821348 v rebuffer24/A (sky130_fd_sc_hd__dlygate4sd1_1)
     1    0.008861    0.040387    0.169062    3.990410 v rebuffer24/X (sky130_fd_sc_hd__dlygate4sd1_1)
                                                         net70 (net)
                      0.040391    0.000431    3.990841 v _488_/B (sky130_fd_sc_hd__nor2_4)
     2    0.014527    0.084989    0.081984    4.072825 ^ _488_/Y (sky130_fd_sc_hd__nor2_4)
                                                         _143_ (net)
                      0.084994    0.000688    4.073513 ^ _513_/A2 (sky130_fd_sc_hd__o21ai_2)
     1    0.008723    0.061845    0.043750    4.117263 v _513_/Y (sky130_fd_sc_hd__o21ai_2)
                                                         _167_ (net)
                      0.061858    0.000675    4.117938 v _514_/A (sky130_fd_sc_hd__xnor2_2)
     1    0.007239    0.111262    0.131673    4.249611 ^ _514_/Y (sky130_fd_sc_hd__xnor2_2)
                                                         net19 (net)
                      0.111263    0.000598    4.250209 ^ output19/A (sky130_fd_sc_hd__buf_6)
     1    0.034079    0.057900    0.098941    4.349150 ^ output19/X (sky130_fd_sc_hd__buf_6)
                                                         P[11] (net)
                      0.058000    0.001624    4.350774 ^ P[11] (out)
                                              4.350774   data arrival time

                      0.000000   10.000000   10.000000   clock __VIRTUAL_CLK__ (rise edge)
                                  0.000000   10.000000   clock network delay (ideal)
                                 -0.250000    9.750000   clock uncertainty
                                  0.000000    9.750000   clock reconvergence pessimism
                                 -2.000000    7.750000   output external delay
                                              7.750000   data required time
---------------------------------------------------------------------------------------------
                                              7.750000   data required time
                                             -4.350774   data arrival time
---------------------------------------------------------------------------------------------
                                              3.399226   slack (MET)


Startpoint: A[4] (input port clocked by __VIRTUAL_CLK__)
Endpoint: P[12] (output port clocked by __VIRTUAL_CLK__)
Path Group: __VIRTUAL_CLK__
Path Type: max

Fanout         Cap        Slew       Delay        Time   Description
---------------------------------------------------------------------------------------------
                      0.000000    0.000000    0.000000   clock __VIRTUAL_CLK__ (rise edge)
                                  0.000000    0.000000   clock network delay (ideal)
                                  2.000000    2.000000 ^ input external delay
     1    0.003271    0.015605    0.008516    2.008516 ^ A[4] (in)
                                                         A[4] (net)
                      0.015607    0.000000    2.008516 ^ input5/A (sky130_fd_sc_hd__clkbuf_2)
     5    0.032476    0.138163    0.134276    2.142792 ^ input5/X (sky130_fd_sc_hd__clkbuf_2)
                                                         net5 (net)
                      0.138273    0.003208    2.146000 ^ fanout36/A (sky130_fd_sc_hd__buf_6)
    10    0.038859    0.064898    0.105082    2.251082 ^ fanout36/X (sky130_fd_sc_hd__buf_6)
                                                         net36 (net)
                      0.065005    0.002139    2.253221 ^ _292_/B (sky130_fd_sc_hd__and2_1)
     3    0.011474    0.091602    0.122305    2.375526 ^ _292_/X (sky130_fd_sc_hd__and2_1)
                                                         _226_ (net)
                      0.091603    0.000422    2.375948 ^ _310_/A_N (sky130_fd_sc_hd__and3b_1)
     2    0.005678    0.035953    0.121871    2.497819 v _310_/X (sky130_fd_sc_hd__and3b_1)
                                                         _243_ (net)
                      0.035957    0.000366    2.498185 v _362_/A2 (sky130_fd_sc_hd__a31o_1)
     1    0.009236    0.047670    0.152011    2.650195 v _362_/X (sky130_fd_sc_hd__a31o_1)
                                                         _020_ (net)
                      0.047674    0.000462    2.650657 v _363_/A (sky130_fd_sc_hd__xnor2_2)
     2    0.008915    0.124843    0.137047    2.787704 ^ _363_/Y (sky130_fd_sc_hd__xnor2_2)
                                                         _021_ (net)
                      0.124843    0.000380    2.788084 ^ _365_/A (sky130_fd_sc_hd__xor2_1)
     2    0.007661    0.142058    0.141358    2.929441 ^ _365_/X (sky130_fd_sc_hd__xor2_1)
                                                         _023_ (net)
                      0.142058    0.000555    2.929996 ^ _366_/B (sky130_fd_sc_hd__nand2_2)
     4    0.016438    0.070186    0.068434    2.998430 v _366_/Y (sky130_fd_sc_hd__nand2_2)
                                                         _024_ (net)
                      0.070256    0.001695    3.000126 v _472_/A_N (sky130_fd_sc_hd__nand2b_1)
     2    0.005602    0.048378    0.110036    3.110162 v _472_/Y (sky130_fd_sc_hd__nand2b_1)
                                                         _127_ (net)
                      0.048381    0.000297    3.110459 v _476_/C (sky130_fd_sc_hd__and4_1)
     1    0.002851    0.028857    0.121681    3.232141 v _476_/X (sky130_fd_sc_hd__and4_1)
                                                         _131_ (net)
                      0.028871    0.000165    3.232306 v _478_/A_N (sky130_fd_sc_hd__nand2b_2)
     2    0.013852    0.051475    0.128305    3.360611 v _478_/Y (sky130_fd_sc_hd__nand2b_2)
                                                         _133_ (net)
                      0.051504    0.001078    3.361690 v _480_/A (sky130_fd_sc_hd__xor2_2)
     2    0.012895    0.055591    0.131329    3.493018 v _480_/X (sky130_fd_sc_hd__xor2_2)
                                                         _135_ (net)
                      0.055600    0.000617    3.493635 v _482_/A (sky130_fd_sc_hd__xnor2_2)
     3    0.014681    0.172127    0.174838    3.668474 ^ _482_/Y (sky130_fd_sc_hd__xnor2_2)
                                                         _137_ (net)
                      0.172137    0.001045    3.669519 ^ _484_/A_N (sky130_fd_sc_hd__nand2b_4)
     2    0.010145    0.048728    0.108626    3.778145 ^ _484_/Y (sky130_fd_sc_hd__nand2b_4)
                                                         _139_ (net)
                      0.048730    0.000599    3.778744 ^ _531_/B (sky130_fd_sc_hd__nand2_2)
     1    0.008995    0.047173    0.040560    3.819304 v _531_/Y (sky130_fd_sc_hd__nand2_2)
                                                         _184_ (net)
                      0.047189    0.000702    3.820005 v _533_/A1 (sky130_fd_sc_hd__o311ai_4)
     4    0.018706    0.246057    0.260679    4.080684 ^ _533_/Y (sky130_fd_sc_hd__o311ai_4)
                                                         _186_ (net)
                      0.246059    0.001387    4.082072 ^ _534_/B (sky130_fd_sc_hd__xnor2_1)
     1    0.008398    0.159210    0.110499    4.192571 ^ _534_/Y (sky130_fd_sc_hd__xnor2_1)
                                                         net20 (net)
                      0.159214    0.000616    4.193187 ^ output20/A (sky130_fd_sc_hd__buf_6)
     1    0.034003    0.058407    0.102056    4.295243 ^ output20/X (sky130_fd_sc_hd__buf_6)
                                                         P[12] (net)
                      0.058505    0.001598    4.296842 ^ P[12] (out)
                                              4.296842   data arrival time

                      0.000000   10.000000   10.000000   clock __VIRTUAL_CLK__ (rise edge)
                                  0.000000   10.000000   clock network delay (ideal)
                                 -0.250000    9.750000   clock uncertainty
                                  0.000000    9.750000   clock reconvergence pessimism
                                 -2.000000    7.750000   output external delay
                                              7.750000   data required time
---------------------------------------------------------------------------------------------
                                              7.750000   data required time
                                             -4.296842   data arrival time
---------------------------------------------------------------------------------------------
                                              3.453158   slack (MET)


Startpoint: A[2] (input port clocked by __VIRTUAL_CLK__)
Endpoint: P[10] (output port clocked by __VIRTUAL_CLK__)
Path Group: __VIRTUAL_CLK__
Path Type: max

Fanout         Cap        Slew       Delay        Time   Description
---------------------------------------------------------------------------------------------
                      0.000000    0.000000    0.000000   clock __VIRTUAL_CLK__ (rise edge)
                                  0.000000    0.000000   clock network delay (ideal)
                                  2.000000    2.000000 ^ input external delay
     1    0.002971    0.014530    0.007731    2.007731 ^ A[2] (in)
                                                         A[2] (net)
                      0.014532    0.000000    2.007731 ^ input3/A (sky130_fd_sc_hd__buf_1)
     2    0.010980    0.100912    0.095564    2.103294 ^ input3/X (sky130_fd_sc_hd__buf_1)
                                                         net3 (net)
                      0.100917    0.000606    2.103900 ^ fanout38/A (sky130_fd_sc_hd__buf_4)
    10    0.047668    0.103985    0.136718    2.240619 ^ fanout38/X (sky130_fd_sc_hd__buf_4)
                                                         net38 (net)
                      0.105249    0.009176    2.249795 ^ _295_/C (sky130_fd_sc_hd__and3_1)
     1    0.006090    0.057599    0.117669    2.367463 ^ _295_/X (sky130_fd_sc_hd__and3_1)
                                                         _229_ (net)
                      0.057602    0.000469    2.367932 ^ _298_/S (sky130_fd_sc_hd__mux2_4)
     2    0.017415    0.053299    0.206946    2.574878 v _298_/X (sky130_fd_sc_hd__mux2_4)
                                                         _232_ (net)
                      0.053312    0.000806    2.575685 v _300_/B (sky130_fd_sc_hd__xor2_4)
     2    0.027423    0.179637    0.173257    2.748942 ^ _300_/X (sky130_fd_sc_hd__xor2_4)
                                                         _234_ (net)
                      0.179637    0.000776    2.749718 ^ _323_/A1 (sky130_fd_sc_hd__a21oi_4)
     2    0.012278    0.055055    0.045887    2.795605 v _323_/Y (sky130_fd_sc_hd__a21oi_4)
                                                         _256_ (net)
                      0.055055    0.000420    2.796026 v _325_/B (sky130_fd_sc_hd__xor2_2)
     2    0.005816    0.058269    0.099571    2.895597 v _325_/X (sky130_fd_sc_hd__xor2_2)
                                                         _258_ (net)
                      0.058270    0.000331    2.895928 v rebuffer6/A (sky130_fd_sc_hd__dlymetal6s2s_1)
     1    0.008527    0.043115    0.111886    3.007814 v rebuffer6/X (sky130_fd_sc_hd__dlymetal6s2s_1)
                                                         net52 (net)
                      0.043118    0.000413    3.008227 v _340_/B (sky130_fd_sc_hd__xnor2_2)
     2    0.012281    0.152132    0.137436    3.145663 ^ _340_/Y (sky130_fd_sc_hd__xnor2_2)
                                                         _273_ (net)
                      0.152133    0.000719    3.146382 ^ _347_/B (sky130_fd_sc_hd__xor2_2)
     2    0.012270    0.142349    0.135486    3.281867 ^ _347_/X (sky130_fd_sc_hd__xor2_2)
                                                         _006_ (net)
                      0.142350    0.000681    3.282548 ^ _351_/A (sky130_fd_sc_hd__xor2_1)
     2    0.004643    0.103588    0.111308    3.393856 ^ _351_/X (sky130_fd_sc_hd__xor2_1)
                                                         _010_ (net)
                      0.103588    0.000292    3.394148 ^ _353_/A_N (sky130_fd_sc_hd__and2b_1)
     2    0.010292    0.045849    0.139007    3.533155 v _353_/X (sky130_fd_sc_hd__and2b_1)
                                                         _012_ (net)
                      0.045852    0.000423    3.533578 v _354_/A (sky130_fd_sc_hd__inv_2)
     1    0.011292    0.043968    0.053610    3.587188 ^ _354_/Y (sky130_fd_sc_hd__inv_2)
                                                         _013_ (net)
                      0.043996    0.000897    3.588085 ^ _387_/A1 (sky130_fd_sc_hd__o21ai_4)
     2    0.015979    0.045457    0.045728    3.633812 v _387_/Y (sky130_fd_sc_hd__o21ai_4)
                                                         _045_ (net)
                      0.045508    0.001153    3.634965 v _424_/A1 (sky130_fd_sc_hd__a21oi_4)
     3    0.025127    0.161081    0.152541    3.787506 ^ _424_/Y (sky130_fd_sc_hd__a21oi_4)
                                                         _081_ (net)
                      0.161159    0.002736    3.790243 ^ _486_/C (sky130_fd_sc_hd__nor3_4)
     2    0.012247    0.048149    0.030360    3.820603 v _486_/Y (sky130_fd_sc_hd__nor3_4)
                                                         _141_ (net)
                      0.048151    0.000745    3.821348 v rebuffer24/A (sky130_fd_sc_hd__dlygate4sd1_1)
     1    0.008861    0.040387    0.169062    3.990410 v rebuffer24/X (sky130_fd_sc_hd__dlygate4sd1_1)
                                                         net70 (net)
                      0.040391    0.000431    3.990841 v _488_/B (sky130_fd_sc_hd__nor2_4)
     2    0.014527    0.084989    0.081984    4.072825 ^ _488_/Y (sky130_fd_sc_hd__nor2_4)
                                                         _143_ (net)
                      0.084990    0.000420    4.073245 ^ _489_/B (sky130_fd_sc_hd__xor2_2)
     1    0.007470    0.105335    0.108242    4.181487 ^ _489_/X (sky130_fd_sc_hd__xor2_2)
                                                         net18 (net)
                      0.105336    0.000610    4.182097 ^ output18/A (sky130_fd_sc_hd__buf_6)
     1    0.034003    0.057730    0.097976    4.280073 ^ output18/X (sky130_fd_sc_hd__buf_6)
                                                         P[10] (net)
                      0.057828    0.001598    4.281672 ^ P[10] (out)
                                              4.281672   data arrival time

                      0.000000   10.000000   10.000000   clock __VIRTUAL_CLK__ (rise edge)
                                  0.000000   10.000000   clock network delay (ideal)
                                 -0.250000    9.750000   clock uncertainty
                                  0.000000    9.750000   clock reconvergence pessimism
                                 -2.000000    7.750000   output external delay
                                              7.750000   data required time
---------------------------------------------------------------------------------------------
                                              7.750000   data required time
                                             -4.281672   data arrival time
---------------------------------------------------------------------------------------------
                                              3.468328   slack (MET)


Startpoint: A[2] (input port clocked by __VIRTUAL_CLK__)
Endpoint: P[9] (output port clocked by __VIRTUAL_CLK__)
Path Group: __VIRTUAL_CLK__
Path Type: max

Fanout         Cap        Slew       Delay        Time   Description
---------------------------------------------------------------------------------------------
                      0.000000    0.000000    0.000000   clock __VIRTUAL_CLK__ (rise edge)
                                  0.000000    0.000000   clock network delay (ideal)
                                  2.000000    2.000000 ^ input external delay
     1    0.002971    0.014530    0.007731    2.007731 ^ A[2] (in)
                                                         A[2] (net)
                      0.014532    0.000000    2.007731 ^ input3/A (sky130_fd_sc_hd__buf_1)
     2    0.010980    0.100912    0.095564    2.103294 ^ input3/X (sky130_fd_sc_hd__buf_1)
                                                         net3 (net)
                      0.100917    0.000606    2.103900 ^ fanout38/A (sky130_fd_sc_hd__buf_4)
    10    0.047668    0.103985    0.136718    2.240619 ^ fanout38/X (sky130_fd_sc_hd__buf_4)
                                                         net38 (net)
                      0.105249    0.009176    2.249795 ^ _295_/C (sky130_fd_sc_hd__and3_1)
     1    0.006090    0.057599    0.117669    2.367463 ^ _295_/X (sky130_fd_sc_hd__and3_1)
                                                         _229_ (net)
                      0.057602    0.000469    2.367932 ^ _298_/S (sky130_fd_sc_hd__mux2_4)
     2    0.017415    0.053299    0.206946    2.574878 v _298_/X (sky130_fd_sc_hd__mux2_4)
                                                         _232_ (net)
                      0.053312    0.000806    2.575685 v _300_/B (sky130_fd_sc_hd__xor2_4)
     2    0.027423    0.179637    0.173257    2.748942 ^ _300_/X (sky130_fd_sc_hd__xor2_4)
                                                         _234_ (net)
                      0.179637    0.000776    2.749718 ^ _323_/A1 (sky130_fd_sc_hd__a21oi_4)
     2    0.012278    0.055055    0.045887    2.795605 v _323_/Y (sky130_fd_sc_hd__a21oi_4)
                                                         _256_ (net)
                      0.055055    0.000420    2.796026 v _325_/B (sky130_fd_sc_hd__xor2_2)
     2    0.005816    0.058269    0.099571    2.895597 v _325_/X (sky130_fd_sc_hd__xor2_2)
                                                         _258_ (net)
                      0.058270    0.000331    2.895928 v rebuffer6/A (sky130_fd_sc_hd__dlymetal6s2s_1)
     1    0.008527    0.043115    0.111886    3.007814 v rebuffer6/X (sky130_fd_sc_hd__dlymetal6s2s_1)
                                                         net52 (net)
                      0.043118    0.000413    3.008227 v _340_/B (sky130_fd_sc_hd__xnor2_2)
     2    0.012281    0.152132    0.137436    3.145663 ^ _340_/Y (sky130_fd_sc_hd__xnor2_2)
                                                         _273_ (net)
                      0.152133    0.000719    3.146382 ^ _347_/B (sky130_fd_sc_hd__xor2_2)
     2    0.012270    0.142349    0.135486    3.281867 ^ _347_/X (sky130_fd_sc_hd__xor2_2)
                                                         _006_ (net)
                      0.142350    0.000681    3.282548 ^ _351_/A (sky130_fd_sc_hd__xor2_1)
     2    0.004643    0.103588    0.111308    3.393856 ^ _351_/X (sky130_fd_sc_hd__xor2_1)
                                                         _010_ (net)
                      0.103588    0.000292    3.394148 ^ _353_/A_N (sky130_fd_sc_hd__and2b_1)
     2    0.010292    0.045849    0.139007    3.533155 v _353_/X (sky130_fd_sc_hd__and2b_1)
                                                         _012_ (net)
                      0.045852    0.000423    3.533578 v _354_/A (sky130_fd_sc_hd__inv_2)
     1    0.011292    0.043968    0.053610    3.587188 ^ _354_/Y (sky130_fd_sc_hd__inv_2)
                                                         _013_ (net)
                      0.043996    0.000897    3.588085 ^ _387_/A1 (sky130_fd_sc_hd__o21ai_4)
     2    0.015979    0.045457    0.045728    3.633812 v _387_/Y (sky130_fd_sc_hd__o21ai_4)
                                                         _045_ (net)
                      0.045508    0.001153    3.634965 v _424_/A1 (sky130_fd_sc_hd__a21oi_4)
     3    0.025127    0.161081    0.152541    3.787506 ^ _424_/Y (sky130_fd_sc_hd__a21oi_4)
                                                         _081_ (net)
                      0.161142    0.002410    3.789917 ^ _426_/A2 (sky130_fd_sc_hd__o21bai_1)
     1    0.009239    0.065437    0.073467    3.863383 v _426_/Y (sky130_fd_sc_hd__o21bai_1)
                                                         _082_ (net)
                      0.065449    0.000702    3.864085 v _456_/B (sky130_fd_sc_hd__xnor2_2)
     1    0.008617    0.122406    0.123053    3.987138 ^ _456_/Y (sky130_fd_sc_hd__xnor2_2)
                                                         net32 (net)
                      0.122407    0.000590    3.987728 ^ output32/A (sky130_fd_sc_hd__buf_6)
     1    0.034172    0.058149    0.100710    4.088438 ^ output32/X (sky130_fd_sc_hd__buf_6)
                                                         P[9] (net)
                      0.058252    0.001661    4.090099 ^ P[9] (out)
                                              4.090099   data arrival time

                      0.000000   10.000000   10.000000   clock __VIRTUAL_CLK__ (rise edge)
                                  0.000000   10.000000   clock network delay (ideal)
                                 -0.250000    9.750000   clock uncertainty
                                  0.000000    9.750000   clock reconvergence pessimism
                                 -2.000000    7.750000   output external delay
                                              7.750000   data required time
---------------------------------------------------------------------------------------------
                                              7.750000   data required time
                                             -4.090099   data arrival time
---------------------------------------------------------------------------------------------
                                              3.659901   slack (MET)


Startpoint: A[2] (input port clocked by __VIRTUAL_CLK__)
Endpoint: P[8] (output port clocked by __VIRTUAL_CLK__)
Path Group: __VIRTUAL_CLK__
Path Type: max

Fanout         Cap        Slew       Delay        Time   Description
---------------------------------------------------------------------------------------------
                      0.000000    0.000000    0.000000   clock __VIRTUAL_CLK__ (rise edge)
                                  0.000000    0.000000   clock network delay (ideal)
                                  2.000000    2.000000 ^ input external delay
     1    0.002971    0.014530    0.007731    2.007731 ^ A[2] (in)
                                                         A[2] (net)
                      0.014532    0.000000    2.007731 ^ input3/A (sky130_fd_sc_hd__buf_1)
     2    0.010980    0.100912    0.095564    2.103294 ^ input3/X (sky130_fd_sc_hd__buf_1)
                                                         net3 (net)
                      0.100917    0.000606    2.103900 ^ fanout38/A (sky130_fd_sc_hd__buf_4)
    10    0.047668    0.103985    0.136718    2.240619 ^ fanout38/X (sky130_fd_sc_hd__buf_4)
                                                         net38 (net)
                      0.105249    0.009176    2.249795 ^ _295_/C (sky130_fd_sc_hd__and3_1)
     1    0.006090    0.057599    0.117669    2.367463 ^ _295_/X (sky130_fd_sc_hd__and3_1)
                                                         _229_ (net)
                      0.057602    0.000469    2.367932 ^ _298_/S (sky130_fd_sc_hd__mux2_4)
     2    0.017415    0.053299    0.206946    2.574878 v _298_/X (sky130_fd_sc_hd__mux2_4)
                                                         _232_ (net)
                      0.053312    0.000806    2.575685 v _300_/B (sky130_fd_sc_hd__xor2_4)
     2    0.027423    0.179637    0.173257    2.748942 ^ _300_/X (sky130_fd_sc_hd__xor2_4)
                                                         _234_ (net)
                      0.179637    0.000776    2.749718 ^ _323_/A1 (sky130_fd_sc_hd__a21oi_4)
     2    0.012278    0.055055    0.045887    2.795605 v _323_/Y (sky130_fd_sc_hd__a21oi_4)
                                                         _256_ (net)
                      0.055055    0.000420    2.796026 v _325_/B (sky130_fd_sc_hd__xor2_2)
     2    0.005816    0.058269    0.099571    2.895597 v _325_/X (sky130_fd_sc_hd__xor2_2)
                                                         _258_ (net)
                      0.058270    0.000331    2.895928 v rebuffer6/A (sky130_fd_sc_hd__dlymetal6s2s_1)
     1    0.008527    0.043115    0.111886    3.007814 v rebuffer6/X (sky130_fd_sc_hd__dlymetal6s2s_1)
                                                         net52 (net)
                      0.043118    0.000413    3.008227 v _340_/B (sky130_fd_sc_hd__xnor2_2)
     2    0.012281    0.152132    0.137436    3.145663 ^ _340_/Y (sky130_fd_sc_hd__xnor2_2)
                                                         _273_ (net)
                      0.152133    0.000719    3.146382 ^ _347_/B (sky130_fd_sc_hd__xor2_2)
     2    0.012270    0.142349    0.135486    3.281867 ^ _347_/X (sky130_fd_sc_hd__xor2_2)
                                                         _006_ (net)
                      0.142350    0.000681    3.282548 ^ _351_/A (sky130_fd_sc_hd__xor2_1)
     2    0.004643    0.103588    0.111308    3.393856 ^ _351_/X (sky130_fd_sc_hd__xor2_1)
                                                         _010_ (net)
                      0.103588    0.000292    3.394148 ^ _353_/A_N (sky130_fd_sc_hd__and2b_1)
     2    0.010292    0.045849    0.139007    3.533155 v _353_/X (sky130_fd_sc_hd__and2b_1)
                                                         _012_ (net)
                      0.045852    0.000423    3.533578 v _354_/A (sky130_fd_sc_hd__inv_2)
     1    0.011292    0.043968    0.053610    3.587188 ^ _354_/Y (sky130_fd_sc_hd__inv_2)
                                                         _013_ (net)
                      0.043996    0.000897    3.588085 ^ _387_/A1 (sky130_fd_sc_hd__o21ai_4)
     2    0.015979    0.045457    0.045728    3.633812 v _387_/Y (sky130_fd_sc_hd__o21ai_4)
                                                         _045_ (net)
                      0.045508    0.001153    3.634965 v _424_/A1 (sky130_fd_sc_hd__a21oi_4)
     3    0.025127    0.161081    0.152541    3.787506 ^ _424_/Y (sky130_fd_sc_hd__a21oi_4)
                                                         _081_ (net)
                      0.161140    0.002383    3.789889 ^ _425_/B (sky130_fd_sc_hd__xor2_1)
     1    0.006145    0.122681    0.124591    3.914479 ^ _425_/X (sky130_fd_sc_hd__xor2_1)
                                                         net31 (net)
                      0.122681    0.000342    3.914822 ^ output31/A (sky130_fd_sc_hd__buf_4)
     1    0.034073    0.076431    0.126407    4.041229 ^ output31/X (sky130_fd_sc_hd__buf_4)
                                                         P[8] (net)
                      0.076514    0.001604    4.042833 ^ P[8] (out)
                                              4.042833   data arrival time

                      0.000000   10.000000   10.000000   clock __VIRTUAL_CLK__ (rise edge)
                                  0.000000   10.000000   clock network delay (ideal)
                                 -0.250000    9.750000   clock uncertainty
                                  0.000000    9.750000   clock reconvergence pessimism
                                 -2.000000    7.750000   output external delay
                                              7.750000   data required time
---------------------------------------------------------------------------------------------
                                              7.750000   data required time
                                             -4.042833   data arrival time
---------------------------------------------------------------------------------------------
                                              3.707167   slack (MET)


Startpoint: A[2] (input port clocked by __VIRTUAL_CLK__)
Endpoint: P[6] (output port clocked by __VIRTUAL_CLK__)
Path Group: __VIRTUAL_CLK__
Path Type: max

Fanout         Cap        Slew       Delay        Time   Description
---------------------------------------------------------------------------------------------
                      0.000000    0.000000    0.000000   clock __VIRTUAL_CLK__ (rise edge)
                                  0.000000    0.000000   clock network delay (ideal)
                                  2.000000    2.000000 ^ input external delay
     1    0.002971    0.014530    0.007731    2.007731 ^ A[2] (in)
                                                         A[2] (net)
                      0.014532    0.000000    2.007731 ^ input3/A (sky130_fd_sc_hd__buf_1)
     2    0.010980    0.100912    0.095564    2.103294 ^ input3/X (sky130_fd_sc_hd__buf_1)
                                                         net3 (net)
                      0.100917    0.000606    2.103900 ^ fanout38/A (sky130_fd_sc_hd__buf_4)
    10    0.047668    0.103985    0.136718    2.240619 ^ fanout38/X (sky130_fd_sc_hd__buf_4)
                                                         net38 (net)
                      0.105249    0.009176    2.249795 ^ _295_/C (sky130_fd_sc_hd__and3_1)
     1    0.006090    0.057599    0.117669    2.367463 ^ _295_/X (sky130_fd_sc_hd__and3_1)
                                                         _229_ (net)
                      0.057602    0.000469    2.367932 ^ _298_/S (sky130_fd_sc_hd__mux2_4)
     2    0.017415    0.053299    0.206946    2.574878 v _298_/X (sky130_fd_sc_hd__mux2_4)
                                                         _232_ (net)
                      0.053312    0.000806    2.575685 v _300_/B (sky130_fd_sc_hd__xor2_4)
     2    0.027423    0.179637    0.173257    2.748942 ^ _300_/X (sky130_fd_sc_hd__xor2_4)
                                                         _234_ (net)
                      0.179637    0.000776    2.749718 ^ _323_/A1 (sky130_fd_sc_hd__a21oi_4)
     2    0.012278    0.055055    0.045887    2.795605 v _323_/Y (sky130_fd_sc_hd__a21oi_4)
                                                         _256_ (net)
                      0.055055    0.000420    2.796026 v _325_/B (sky130_fd_sc_hd__xor2_2)
     2    0.005816    0.058269    0.099571    2.895597 v _325_/X (sky130_fd_sc_hd__xor2_2)
                                                         _258_ (net)
                      0.058270    0.000348    2.895944 v _326_/A2 (sky130_fd_sc_hd__a21o_1)
     2    0.014068    0.055561    0.153663    3.049607 v _326_/X (sky130_fd_sc_hd__a21o_1)
                                                         _259_ (net)
                      0.055582    0.001023    3.050630 v _329_/A (sky130_fd_sc_hd__xnor2_2)
     2    0.012071    0.150446    0.159040    3.209670 ^ _329_/Y (sky130_fd_sc_hd__xnor2_2)
                                                         _262_ (net)
                      0.150450    0.000882    3.210552 ^ _338_/A (sky130_fd_sc_hd__xnor2_2)
     2    0.011757    0.059382    0.068817    3.279370 v _338_/Y (sky130_fd_sc_hd__xnor2_2)
                                                         _271_ (net)
                      0.059456    0.000919    3.280289 v _339_/B (sky130_fd_sc_hd__xnor2_2)
     2    0.011875    0.064511    0.106838    3.387127 v _339_/Y (sky130_fd_sc_hd__xnor2_2)
                                                         _272_ (net)
                      0.064571    0.000849    3.387975 v _350_/A (sky130_fd_sc_hd__xor2_2)
     2    0.010205    0.079312    0.131455    3.519430 v _350_/X (sky130_fd_sc_hd__xor2_2)
                                                         _009_ (net)
                      0.079313    0.000610    3.520040 v rebuffer1/A (sky130_fd_sc_hd__dlygate4sd1_1)
     1    0.005551    0.030107    0.171112    3.691151 v rebuffer1/X (sky130_fd_sc_hd__dlygate4sd1_1)
                                                         net47 (net)
                      0.030135    0.000401    3.691552 v _355_/A (sky130_fd_sc_hd__xnor2_1)
     1    0.006149    0.127738    0.132144    3.823697 ^ _355_/Y (sky130_fd_sc_hd__xnor2_1)
                                                         net29 (net)
                      0.127738    0.000475    3.824171 ^ output29/A (sky130_fd_sc_hd__buf_2)
     1    0.034370    0.128638    0.159999    3.984170 ^ output29/X (sky130_fd_sc_hd__buf_2)
                                                         P[6] (net)
                      0.128708    0.001595    3.985765 ^ P[6] (out)
                                              3.985765   data arrival time

                      0.000000   10.000000   10.000000   clock __VIRTUAL_CLK__ (rise edge)
                                  0.000000   10.000000   clock network delay (ideal)
                                 -0.250000    9.750000   clock uncertainty
                                  0.000000    9.750000   clock reconvergence pessimism
                                 -2.000000    7.750000   output external delay
                                              7.750000   data required time
---------------------------------------------------------------------------------------------
                                              7.750000   data required time
                                             -3.985765   data arrival time
---------------------------------------------------------------------------------------------
                                              3.764235   slack (MET)


Startpoint: A[2] (input port clocked by __VIRTUAL_CLK__)
Endpoint: P[7] (output port clocked by __VIRTUAL_CLK__)
Path Group: __VIRTUAL_CLK__
Path Type: max

Fanout         Cap        Slew       Delay        Time   Description
---------------------------------------------------------------------------------------------
                      0.000000    0.000000    0.000000   clock __VIRTUAL_CLK__ (rise edge)
                                  0.000000    0.000000   clock network delay (ideal)
                                  2.000000    2.000000 ^ input external delay
     1    0.002971    0.014530    0.007731    2.007731 ^ A[2] (in)
                                                         A[2] (net)
                      0.014532    0.000000    2.007731 ^ input3/A (sky130_fd_sc_hd__buf_1)
     2    0.010980    0.100912    0.095564    2.103294 ^ input3/X (sky130_fd_sc_hd__buf_1)
                                                         net3 (net)
                      0.100917    0.000606    2.103900 ^ fanout38/A (sky130_fd_sc_hd__buf_4)
    10    0.047668    0.103985    0.136718    2.240619 ^ fanout38/X (sky130_fd_sc_hd__buf_4)
                                                         net38 (net)
                      0.105249    0.009176    2.249795 ^ _295_/C (sky130_fd_sc_hd__and3_1)
     1    0.006090    0.057599    0.117669    2.367463 ^ _295_/X (sky130_fd_sc_hd__and3_1)
                                                         _229_ (net)
                      0.057602    0.000469    2.367932 ^ _298_/S (sky130_fd_sc_hd__mux2_4)
     2    0.017415    0.053299    0.206946    2.574878 v _298_/X (sky130_fd_sc_hd__mux2_4)
                                                         _232_ (net)
                      0.053312    0.000806    2.575685 v _300_/B (sky130_fd_sc_hd__xor2_4)
     2    0.027423    0.179637    0.173257    2.748942 ^ _300_/X (sky130_fd_sc_hd__xor2_4)
                                                         _234_ (net)
                      0.179637    0.000776    2.749718 ^ _323_/A1 (sky130_fd_sc_hd__a21oi_4)
     2    0.012278    0.055055    0.045887    2.795605 v _323_/Y (sky130_fd_sc_hd__a21oi_4)
                                                         _256_ (net)
                      0.055055    0.000420    2.796026 v _325_/B (sky130_fd_sc_hd__xor2_2)
     2    0.005816    0.058269    0.099571    2.895597 v _325_/X (sky130_fd_sc_hd__xor2_2)
                                                         _258_ (net)
                      0.058270    0.000331    2.895928 v rebuffer6/A (sky130_fd_sc_hd__dlymetal6s2s_1)
     1    0.008527    0.043115    0.111886    3.007814 v rebuffer6/X (sky130_fd_sc_hd__dlymetal6s2s_1)
                                                         net52 (net)
                      0.043118    0.000413    3.008227 v _340_/B (sky130_fd_sc_hd__xnor2_2)
     2    0.012281    0.152132    0.137436    3.145663 ^ _340_/Y (sky130_fd_sc_hd__xnor2_2)
                                                         _273_ (net)
                      0.152133    0.000719    3.146382 ^ _347_/B (sky130_fd_sc_hd__xor2_2)
     2    0.012270    0.142349    0.135486    3.281867 ^ _347_/X (sky130_fd_sc_hd__xor2_2)
                                                         _006_ (net)
                      0.142350    0.000681    3.282548 ^ _351_/A (sky130_fd_sc_hd__xor2_1)
     2    0.004350    0.047545    0.055690    3.338238 v _351_/X (sky130_fd_sc_hd__xor2_1)
                                                         _010_ (net)
                      0.047546    0.000271    3.338509 v _353_/A_N (sky130_fd_sc_hd__and2b_1)
     2    0.010860    0.080410    0.160243    3.498752 ^ _353_/X (sky130_fd_sc_hd__and2b_1)
                                                         _012_ (net)
                      0.080410    0.000451    3.499203 ^ _354_/A (sky130_fd_sc_hd__inv_2)
     1    0.010348    0.030913    0.030544    3.529747 v _354_/Y (sky130_fd_sc_hd__inv_2)
                                                         _013_ (net)
                      0.030945    0.000814    3.530561 v _387_/A1 (sky130_fd_sc_hd__o21ai_4)
     2    0.017031    0.127780    0.133523    3.664083 ^ _387_/Y (sky130_fd_sc_hd__o21ai_4)
                                                         _045_ (net)
                      0.127781    0.000886    3.664969 ^ _388_/B (sky130_fd_sc_hd__xor2_1)
     1    0.007235    0.136596    0.135918    3.800887 ^ _388_/X (sky130_fd_sc_hd__xor2_1)
                                                         net30 (net)
                      0.136596    0.000564    3.801451 ^ output30/A (sky130_fd_sc_hd__buf_2)
     1    0.034449    0.128959    0.161096    3.962546 ^ output30/X (sky130_fd_sc_hd__buf_2)
                                                         P[7] (net)
                      0.129030    0.001613    3.964159 ^ P[7] (out)
                                              3.964159   data arrival time

                      0.000000   10.000000   10.000000   clock __VIRTUAL_CLK__ (rise edge)
                                  0.000000   10.000000   clock network delay (ideal)
                                 -0.250000    9.750000   clock uncertainty
                                  0.000000    9.750000   clock reconvergence pessimism
                                 -2.000000    7.750000   output external delay
                                              7.750000   data required time
---------------------------------------------------------------------------------------------
                                              7.750000   data required time
                                             -3.964159   data arrival time
---------------------------------------------------------------------------------------------
                                              3.785841   slack (MET)


Startpoint: A[2] (input port clocked by __VIRTUAL_CLK__)
Endpoint: P[5] (output port clocked by __VIRTUAL_CLK__)
Path Group: __VIRTUAL_CLK__
Path Type: max

Fanout         Cap        Slew       Delay        Time   Description
---------------------------------------------------------------------------------------------
                      0.000000    0.000000    0.000000   clock __VIRTUAL_CLK__ (rise edge)
                                  0.000000    0.000000   clock network delay (ideal)
                                  2.000000    2.000000 ^ input external delay
     1    0.002971    0.014530    0.007731    2.007731 ^ A[2] (in)
                                                         A[2] (net)
                      0.014532    0.000000    2.007731 ^ input3/A (sky130_fd_sc_hd__buf_1)
     2    0.010980    0.100912    0.095564    2.103294 ^ input3/X (sky130_fd_sc_hd__buf_1)
                                                         net3 (net)
                      0.100917    0.000606    2.103900 ^ fanout38/A (sky130_fd_sc_hd__buf_4)
    10    0.047668    0.103985    0.136718    2.240619 ^ fanout38/X (sky130_fd_sc_hd__buf_4)
                                                         net38 (net)
                      0.105249    0.009176    2.249795 ^ _295_/C (sky130_fd_sc_hd__and3_1)
     1    0.006090    0.057599    0.117669    2.367463 ^ _295_/X (sky130_fd_sc_hd__and3_1)
                                                         _229_ (net)
                      0.057602    0.000469    2.367932 ^ _298_/S (sky130_fd_sc_hd__mux2_4)
     2    0.017415    0.053299    0.206946    2.574878 v _298_/X (sky130_fd_sc_hd__mux2_4)
                                                         _232_ (net)
                      0.053312    0.000806    2.575685 v _300_/B (sky130_fd_sc_hd__xor2_4)
     2    0.027423    0.179637    0.173257    2.748942 ^ _300_/X (sky130_fd_sc_hd__xor2_4)
                                                         _234_ (net)
                      0.179637    0.000776    2.749718 ^ _323_/A1 (sky130_fd_sc_hd__a21oi_4)
     2    0.012278    0.055055    0.045887    2.795605 v _323_/Y (sky130_fd_sc_hd__a21oi_4)
                                                         _256_ (net)
                      0.055055    0.000420    2.796026 v _325_/B (sky130_fd_sc_hd__xor2_2)
     2    0.005816    0.058269    0.099571    2.895597 v _325_/X (sky130_fd_sc_hd__xor2_2)
                                                         _258_ (net)
                      0.058270    0.000331    2.895928 v rebuffer6/A (sky130_fd_sc_hd__dlymetal6s2s_1)
     1    0.008527    0.043115    0.111886    3.007814 v rebuffer6/X (sky130_fd_sc_hd__dlymetal6s2s_1)
                                                         net52 (net)
                      0.043118    0.000413    3.008227 v _340_/B (sky130_fd_sc_hd__xnor2_2)
     2    0.012281    0.152132    0.137436    3.145663 ^ _340_/Y (sky130_fd_sc_hd__xnor2_2)
                                                         _273_ (net)
                      0.152133    0.000719    3.146382 ^ _347_/B (sky130_fd_sc_hd__xor2_2)
     2    0.012270    0.142349    0.135486    3.281867 ^ _347_/X (sky130_fd_sc_hd__xor2_2)
                                                         _006_ (net)
                      0.142350    0.000681    3.282548 ^ _351_/A (sky130_fd_sc_hd__xor2_1)
     2    0.004643    0.103588    0.111308    3.393856 ^ _351_/X (sky130_fd_sc_hd__xor2_1)
                                                         _010_ (net)
                      0.103588    0.000292    3.394148 ^ rebuffer5/A (sky130_fd_sc_hd__dlygate4sd1_1)
     1    0.005197    0.045747    0.145198    3.539346 ^ rebuffer5/X (sky130_fd_sc_hd__dlygate4sd1_1)
                                                         net51 (net)
                      0.045749    0.000385    3.539731 ^ _561_/A (sky130_fd_sc_hd__xnor2_1)
     1    0.006094    0.127138    0.088982    3.628713 ^ _561_/Y (sky130_fd_sc_hd__xnor2_1)
                                                         net28 (net)
                      0.127138    0.000454    3.629168 ^ output28/A (sky130_fd_sc_hd__buf_2)
     1    0.034449    0.128912    0.160118    3.789285 ^ output28/X (sky130_fd_sc_hd__buf_2)
                                                         P[5] (net)
                      0.128984    0.001613    3.790898 ^ P[5] (out)
                                              3.790898   data arrival time

                      0.000000   10.000000   10.000000   clock __VIRTUAL_CLK__ (rise edge)
                                  0.000000   10.000000   clock network delay (ideal)
                                 -0.250000    9.750000   clock uncertainty
                                  0.000000    9.750000   clock reconvergence pessimism
                                 -2.000000    7.750000   output external delay
                                              7.750000   data required time
---------------------------------------------------------------------------------------------
                                              7.750000   data required time
                                             -3.790898   data arrival time
---------------------------------------------------------------------------------------------
                                              3.959102   slack (MET)


Startpoint: B[0] (input port clocked by __VIRTUAL_CLK__)
Endpoint: P[4] (output port clocked by __VIRTUAL_CLK__)
Path Group: __VIRTUAL_CLK__
Path Type: max

Fanout         Cap        Slew       Delay        Time   Description
---------------------------------------------------------------------------------------------
                      0.000000    0.000000    0.000000   clock __VIRTUAL_CLK__ (rise edge)
                                  0.000000    0.000000   clock network delay (ideal)
                                  2.000000    2.000000 ^ input external delay
     1    0.002563    0.013069    0.006654    2.006655 ^ B[0] (in)
                                                         B[0] (net)
                      0.013075    0.000000    2.006655 ^ input9/A (sky130_fd_sc_hd__buf_2)
    11    0.047697    0.176412    0.162289    2.168944 ^ input9/X (sky130_fd_sc_hd__buf_2)
                                                         net9 (net)
                      0.176460    0.002434    2.171378 ^ _278_/A (sky130_fd_sc_hd__and4_1)
     3    0.008588    0.074502    0.152156    2.323534 ^ _278_/X (sky130_fd_sc_hd__and4_1)
                                                         _214_ (net)
                      0.074503    0.000406    2.323940 ^ _286_/B (sky130_fd_sc_hd__and4b_1)
     4    0.010412    0.088510    0.151977    2.475917 ^ _286_/X (sky130_fd_sc_hd__and4b_1)
                                                         _221_ (net)
                      0.088512    0.000566    2.476482 ^ _301_/A_N (sky130_fd_sc_hd__and4b_1)
     2    0.016773    0.069540    0.163752    2.640234 v _301_/X (sky130_fd_sc_hd__and4b_1)
                                                         _235_ (net)
                      0.069557    0.001062    2.641297 v rebuffer3/A (sky130_fd_sc_hd__buf_6)
     1    0.016413    0.023089    0.095561    2.736858 v rebuffer3/X (sky130_fd_sc_hd__buf_6)
                                                         net49 (net)
                      0.023199    0.001296    2.738154 v _302_/B (sky130_fd_sc_hd__xnor2_4)
     2    0.014823    0.130506    0.119462    2.857615 ^ _302_/Y (sky130_fd_sc_hd__xnor2_4)
                                                         _236_ (net)
                      0.130507    0.000765    2.858381 ^ _304_/B (sky130_fd_sc_hd__xor2_1)
     2    0.010999    0.186052    0.172066    3.030447 ^ _304_/X (sky130_fd_sc_hd__xor2_1)
                                                         _238_ (net)
                      0.186057    0.000780    3.031226 ^ _305_/B (sky130_fd_sc_hd__xnor2_1)
     2    0.005142    0.052487    0.056803    3.088029 v _305_/Y (sky130_fd_sc_hd__xnor2_1)
                                                         _239_ (net)
                      0.052490    0.000308    3.088337 v _306_/B (sky130_fd_sc_hd__and2_1)
     2    0.005267    0.032383    0.111806    3.200143 v _306_/X (sky130_fd_sc_hd__and2_1)
                                                         _240_ (net)
                      0.032383    0.000181    3.200324 v _308_/A (sky130_fd_sc_hd__nor2_1)
     1    0.007793    0.111644    0.108753    3.309077 ^ _308_/Y (sky130_fd_sc_hd__nor2_1)
                                                         net27 (net)
                      0.111650    0.000643    3.309720 ^ output27/A (sky130_fd_sc_hd__buf_2)
     1    0.034065    0.127110    0.156252    3.465972 ^ output27/X (sky130_fd_sc_hd__buf_2)
                                                         P[4] (net)
                      0.127180    0.001622    3.467595 ^ P[4] (out)
                                              3.467595   data arrival time

                      0.000000   10.000000   10.000000   clock __VIRTUAL_CLK__ (rise edge)
                                  0.000000   10.000000   clock network delay (ideal)
                                 -0.250000    9.750000   clock uncertainty
                                  0.000000    9.750000   clock reconvergence pessimism
                                 -2.000000    7.750000   output external delay
                                              7.750000   data required time
---------------------------------------------------------------------------------------------
                                              7.750000   data required time
                                             -3.467595   data arrival time
---------------------------------------------------------------------------------------------
                                              4.282405   slack (MET)


Startpoint: A[1] (input port clocked by __VIRTUAL_CLK__)
Endpoint: P[3] (output port clocked by __VIRTUAL_CLK__)
Path Group: __VIRTUAL_CLK__
Path Type: max

Fanout         Cap        Slew       Delay        Time   Description
---------------------------------------------------------------------------------------------
                      0.000000    0.000000    0.000000   clock __VIRTUAL_CLK__ (rise edge)
                                  0.000000    0.000000   clock network delay (ideal)
                                  2.000000    2.000000 ^ input external delay
     1    0.002543    0.012998    0.006601    2.006601 ^ A[1] (in)
                                                         A[1] (net)
                      0.013004    0.000000    2.006601 ^ input2/A (sky130_fd_sc_hd__dlymetal6s2s_1)
     7    0.023004    0.185962    0.159079    2.165680 ^ input2/X (sky130_fd_sc_hd__dlymetal6s2s_1)
                                                         net2 (net)
                      0.185966    0.000736    2.166415 ^ _284_/A (sky130_fd_sc_hd__and4_1)
     3    0.006567    0.061598    0.142445    2.308861 ^ _284_/X (sky130_fd_sc_hd__and4_1)
                                                         _219_ (net)
                      0.061598    0.000263    2.309124 ^ _285_/A_N (sky130_fd_sc_hd__and3b_1)
     1    0.001777    0.024381    0.103693    2.412817 v _285_/X (sky130_fd_sc_hd__and3b_1)
                                                         _220_ (net)
                      0.024381    0.000081    2.412897 v _288_/B (sky130_fd_sc_hd__or3_1)
     2    0.007133    0.059274    0.213644    2.626542 v _288_/X (sky130_fd_sc_hd__or3_1)
                                                         _223_ (net)
                      0.059276    0.000430    2.626972 v _289_/B (sky130_fd_sc_hd__and2b_1)
     1    0.005854    0.033459    0.116012    2.742984 v _289_/X (sky130_fd_sc_hd__and2b_1)
                                                         _224_ (net)
                      0.033464    0.000413    2.743397 v _291_/B (sky130_fd_sc_hd__xnor2_1)
     1    0.002909    0.083602    0.087030    2.830427 ^ _291_/Y (sky130_fd_sc_hd__xnor2_1)
                                                         net26 (net)
                      0.083602    0.000185    2.830612 ^ output26/A (sky130_fd_sc_hd__buf_2)
     1    0.034143    0.127431    0.149994    2.980606 ^ output26/X (sky130_fd_sc_hd__buf_2)
                                                         P[3] (net)
                      0.127462    0.001642    2.982248 ^ P[3] (out)
                                              2.982248   data arrival time

                      0.000000   10.000000   10.000000   clock __VIRTUAL_CLK__ (rise edge)
                                  0.000000   10.000000   clock network delay (ideal)
                                 -0.250000    9.750000   clock uncertainty
                                  0.000000    9.750000   clock reconvergence pessimism
                                 -2.000000    7.750000   output external delay
                                              7.750000   data required time
---------------------------------------------------------------------------------------------
                                              7.750000   data required time
                                             -2.982248   data arrival time
---------------------------------------------------------------------------------------------
                                              4.767752   slack (MET)


Startpoint: A[0] (input port clocked by __VIRTUAL_CLK__)
Endpoint: P[2] (output port clocked by __VIRTUAL_CLK__)
Path Group: __VIRTUAL_CLK__
Path Type: max

Fanout         Cap        Slew       Delay        Time   Description
---------------------------------------------------------------------------------------------
                      0.000000    0.000000    0.000000   clock __VIRTUAL_CLK__ (rise edge)
                                  0.000000    0.000000   clock network delay (ideal)
                                  2.000000    2.000000 ^ input external delay
     1    0.005536    0.023454    0.014345    2.014345 ^ A[0] (in)
                                                         A[0] (net)
                      0.023458    0.000000    2.014345 ^ input1/A (sky130_fd_sc_hd__buf_6)
     3    0.017591    0.034501    0.065552    2.079897 ^ input1/X (sky130_fd_sc_hd__buf_6)
                                                         net1 (net)
                      0.034546    0.000982    2.080879 ^ clone7/A (sky130_fd_sc_hd__clkbuf_1)
     5    0.015220    0.137184    0.125094    2.205973 ^ clone7/X (sky130_fd_sc_hd__clkbuf_1)
                                                         net53 (net)
                      0.137187    0.000539    2.206512 ^ _275_/B (sky130_fd_sc_hd__nand2_1)
     3    0.010125    0.074154    0.072218    2.278730 v _275_/Y (sky130_fd_sc_hd__nand2_1)
                                                         _212_ (net)
                      0.074160    0.000546    2.279276 v _287_/B (sky130_fd_sc_hd__and3b_1)
     2    0.005824    0.036319    0.127067    2.406343 v _287_/X (sky130_fd_sc_hd__and3b_1)
                                                         _222_ (net)
                      0.036320    0.000193    2.406536 v _563_/A_N (sky130_fd_sc_hd__and2b_1)
     1    0.002659    0.028651    0.116704    2.523240 ^ _563_/X (sky130_fd_sc_hd__and2b_1)
                                                         net25 (net)
                      0.028651    0.000112    2.523352 ^ output25/A (sky130_fd_sc_hd__buf_2)
     1    0.034204    0.127703    0.135691    2.659044 ^ output25/X (sky130_fd_sc_hd__buf_2)
                                                         P[2] (net)
                      0.127736    0.001703    2.660747 ^ P[2] (out)
                                              2.660747   data arrival time

                      0.000000   10.000000   10.000000   clock __VIRTUAL_CLK__ (rise edge)
                                  0.000000   10.000000   clock network delay (ideal)
                                 -0.250000    9.750000   clock uncertainty
                                  0.000000    9.750000   clock reconvergence pessimism
                                 -2.000000    7.750000   output external delay
                                              7.750000   data required time
---------------------------------------------------------------------------------------------
                                              7.750000   data required time
                                             -2.660747   data arrival time
---------------------------------------------------------------------------------------------
                                              5.089253   slack (MET)


Startpoint: B[1] (input port clocked by __VIRTUAL_CLK__)
Endpoint: P[1] (output port clocked by __VIRTUAL_CLK__)
Path Group: __VIRTUAL_CLK__
Path Type: max

Fanout         Cap        Slew       Delay        Time   Description
---------------------------------------------------------------------------------------------
                      0.000000    0.000000    0.000000   clock __VIRTUAL_CLK__ (rise edge)
                                  0.000000    0.000000   clock network delay (ideal)
                                  2.000000    2.000000 ^ input external delay
     1    0.005621    0.023738    0.014555    2.014555 ^ B[1] (in)
                                                         B[1] (net)
                      0.023742    0.000000    2.014555 ^ input10/A (sky130_fd_sc_hd__buf_6)
     6    0.039880    0.065268    0.086997    2.101552 ^ input10/X (sky130_fd_sc_hd__buf_6)
                                                         net10 (net)
                      0.065527    0.003314    2.104867 ^ clone14/A (sky130_fd_sc_hd__clkbuf_1)
     5    0.033121    0.290055    0.234272    2.339139 ^ clone14/X (sky130_fd_sc_hd__clkbuf_1)
                                                         net60 (net)
                      0.290068    0.001624    2.340763 ^ _279_/C (sky130_fd_sc_hd__and3b_1)
     1    0.002390    0.035883    0.112266    2.453029 ^ _279_/X (sky130_fd_sc_hd__and3b_1)
                                                         net24 (net)
                      0.035883    0.000103    2.453131 ^ output24/A (sky130_fd_sc_hd__buf_2)
     1    0.034120    0.127388    0.137675    2.590807 ^ output24/X (sky130_fd_sc_hd__buf_2)
                                                         P[1] (net)
                      0.127421    0.001701    2.592508 ^ P[1] (out)
                                              2.592508   data arrival time

                      0.000000   10.000000   10.000000   clock __VIRTUAL_CLK__ (rise edge)
                                  0.000000   10.000000   clock network delay (ideal)
                                 -0.250000    9.750000   clock uncertainty
                                  0.000000    9.750000   clock reconvergence pessimism
                                 -2.000000    7.750000   output external delay
                                              7.750000   data required time
---------------------------------------------------------------------------------------------
                                              7.750000   data required time
                                             -2.592508   data arrival time
---------------------------------------------------------------------------------------------
                                              5.157492   slack (MET)


Startpoint: A[0] (input port clocked by __VIRTUAL_CLK__)
Endpoint: P[0] (output port clocked by __VIRTUAL_CLK__)
Path Group: __VIRTUAL_CLK__
Path Type: max

Fanout         Cap        Slew       Delay        Time   Description
---------------------------------------------------------------------------------------------
                      0.000000    0.000000    0.000000   clock __VIRTUAL_CLK__ (rise edge)
                                  0.000000    0.000000   clock network delay (ideal)
                                  2.000000    2.000000 ^ input external delay
     1    0.005536    0.023454    0.014345    2.014345 ^ A[0] (in)
                                                         A[0] (net)
                      0.023458    0.000000    2.014345 ^ input1/A (sky130_fd_sc_hd__buf_6)
     3    0.017591    0.034501    0.065552    2.079897 ^ input1/X (sky130_fd_sc_hd__buf_6)
                                                         net1 (net)
                      0.034546    0.000982    2.080879 ^ clone7/A (sky130_fd_sc_hd__clkbuf_1)
     5    0.015220    0.137184    0.125094    2.205973 ^ clone7/X (sky130_fd_sc_hd__clkbuf_1)
                                                         net53 (net)
                      0.137187    0.000539    2.206512 ^ _275_/B (sky130_fd_sc_hd__nand2_1)
     3    0.010125    0.074154    0.072218    2.278730 v _275_/Y (sky130_fd_sc_hd__nand2_1)
                                                         _212_ (net)
                      0.074161    0.000599    2.279330 v _276_/A (sky130_fd_sc_hd__inv_2)
     1    0.002509    0.024096    0.039321    2.318651 ^ _276_/Y (sky130_fd_sc_hd__inv_2)
                                                         net17 (net)
                      0.024096    0.000107    2.318758 ^ output17/A (sky130_fd_sc_hd__buf_2)
     1    0.034257    0.127901    0.134436    2.453194 ^ output17/X (sky130_fd_sc_hd__buf_2)
                                                         P[0] (net)
                      0.127934    0.001715    2.454908 ^ P[0] (out)
                                              2.454908   data arrival time

                      0.000000   10.000000   10.000000   clock __VIRTUAL_CLK__ (rise edge)
                                  0.000000   10.000000   clock network delay (ideal)
                                 -0.250000    9.750000   clock uncertainty
                                  0.000000    9.750000   clock reconvergence pessimism
                                 -2.000000    7.750000   output external delay
                                              7.750000   data required time
---------------------------------------------------------------------------------------------
                                              7.750000   data required time
                                             -2.454908   data arrival time
---------------------------------------------------------------------------------------------
                                              5.295092   slack (MET)



