
===========================================================================
report_checks -path_delay max (Setup)
============================================================================
======================= nom_tt_025C_1v80 Corner ===================================

Startpoint: A[1] (input port clocked by __VIRTUAL_CLK__)
Endpoint: P[14] (output port clocked by __VIRTUAL_CLK__)
Path Group: __VIRTUAL_CLK__
Path Type: max

Fanout         Cap        Slew       Delay        Time   Description
---------------------------------------------------------------------------------------------
                      0.000000    0.000000    0.000000   clock __VIRTUAL_CLK__ (rise edge)
                                  0.000000    0.000000   clock network delay (ideal)
                                  2.000000    2.000000 ^ input external delay
     1    0.003007    0.020624    0.011021    2.011021 ^ A[1] (in)
                                                         A[1] (net)
                      0.020624    0.000000    2.011021 ^ input2/A (sky130_fd_sc_hd__buf_1)
     2    0.011331    0.139748    0.139682    2.150703 ^ input2/X (sky130_fd_sc_hd__buf_1)
                                                         net2 (net)
                      0.139749    0.000322    2.151025 ^ fanout41/A (sky130_fd_sc_hd__clkbuf_2)
     5    0.012163    0.074329    0.159720    2.310746 ^ fanout41/X (sky130_fd_sc_hd__clkbuf_2)
                                                         net41 (net)
                      0.074329    0.000096    2.310841 ^ _368_/D_N (sky130_fd_sc_hd__or4bb_4)
     2    0.004246    0.083693    0.451970    2.762811 v _368_/X (sky130_fd_sc_hd__or4bb_4)
                                                         _028_ (net)
                      0.083693    0.000006    2.762817 v _372_/A2 (sky130_fd_sc_hd__a211o_1)
     3    0.007453    0.071429    0.327239    3.090056 v _372_/X (sky130_fd_sc_hd__a211o_1)
                                                         _032_ (net)
                      0.071429    0.000032    3.090088 v _394_/B (sky130_fd_sc_hd__and4_1)
     2    0.014585    0.085622    0.231063    3.321150 v _394_/X (sky130_fd_sc_hd__and4_1)
                                                         _053_ (net)
                      0.085622    0.000125    3.321275 v _433_/B1 (sky130_fd_sc_hd__a2bb2o_4)
     2    0.018193    0.052268    0.253734    3.575010 v _433_/X (sky130_fd_sc_hd__a2bb2o_4)
                                                         _091_ (net)
                      0.052268    0.000140    3.575149 v _435_/B (sky130_fd_sc_hd__xor2_4)
     2    0.013782    0.085933    0.160576    3.735725 v _435_/X (sky130_fd_sc_hd__xor2_4)
                                                         _093_ (net)
                      0.085933    0.000015    3.735740 v _436_/B (sky130_fd_sc_hd__nand2b_4)
     2    0.011051    0.061596    0.090924    3.826664 ^ _436_/Y (sky130_fd_sc_hd__nand2b_4)
                                                         _094_ (net)
                      0.061596    0.000015    3.826679 ^ _465_/A1 (sky130_fd_sc_hd__a21oi_4)
     2    0.013281    0.052100    0.061386    3.888065 v _465_/Y (sky130_fd_sc_hd__a21oi_4)
                                                         _122_ (net)
                      0.052100    0.000041    3.888106 v _494_/A (sky130_fd_sc_hd__or3_4)
     2    0.020154    0.091356    0.424016    4.312122 v _494_/X (sky130_fd_sc_hd__or3_4)
                                                         _150_ (net)
                      0.091356    0.000283    4.312405 v _498_/B (sky130_fd_sc_hd__xnor2_4)
     2    0.013831    0.067487    0.154225    4.466630 v _498_/Y (sky130_fd_sc_hd__xnor2_4)
                                                         _154_ (net)
                      0.067488    0.000166    4.466795 v _500_/A (sky130_fd_sc_hd__xnor2_2)
     2    0.010383    0.181419    0.206702    4.673498 ^ _500_/Y (sky130_fd_sc_hd__xnor2_2)
                                                         _156_ (net)
                      0.181419    0.000061    4.673559 ^ _502_/A (sky130_fd_sc_hd__nand3_2)
     3    0.007785    0.083473    0.103177    4.776736 v _502_/Y (sky130_fd_sc_hd__nand3_2)
                                                         _158_ (net)
                      0.083473    0.000047    4.776783 v _526_/A1 (sky130_fd_sc_hd__a211o_1)
     1    0.008568    0.077037    0.298535    5.075318 v _526_/X (sky130_fd_sc_hd__a211o_1)
                                                         _181_ (net)
                      0.077037    0.000029    5.075347 v _527_/B1 (sky130_fd_sc_hd__a21oi_4)
     3    0.011651    0.133796    0.147876    5.223223 ^ _527_/Y (sky130_fd_sc_hd__a21oi_4)
                                                         _182_ (net)
                      0.133796    0.000193    5.223416 ^ _544_/A4 (sky130_fd_sc_hd__o41a_1)
     3    0.009607    0.117595    0.187150    5.410566 ^ _544_/X (sky130_fd_sc_hd__o41a_1)
                                                         _198_ (net)
                      0.117595    0.000098    5.410664 ^ rebuffer16/A (sky130_fd_sc_hd__clkbuf_2)
     1    0.009600    0.063507    0.143628    5.554292 ^ rebuffer16/X (sky130_fd_sc_hd__clkbuf_2)
                                                         net68 (net)
                      0.063507    0.000022    5.554314 ^ _552_/A (sky130_fd_sc_hd__xnor2_2)
     1    0.005265    0.128826    0.112955    5.667269 ^ _552_/Y (sky130_fd_sc_hd__xnor2_2)
                                                         net21 (net)
                      0.128826    0.000014    5.667283 ^ output21/A (sky130_fd_sc_hd__buf_6)
     1    0.034597    0.077743    0.153227    5.820510 ^ output21/X (sky130_fd_sc_hd__buf_6)
                                                         P[14] (net)
                      0.077743    0.000246    5.820755 ^ P[14] (out)
                                              5.820755   data arrival time

                      0.000000   10.000000   10.000000   clock __VIRTUAL_CLK__ (rise edge)
                                  0.000000   10.000000   clock network delay (ideal)
                                 -0.250000    9.750000   clock uncertainty
                                  0.000000    9.750000   clock reconvergence pessimism
                                 -2.000000    7.750000   output external delay
                                              7.750000   data required time
---------------------------------------------------------------------------------------------
                                              7.750000   data required time
                                             -5.820755   data arrival time
---------------------------------------------------------------------------------------------
                                              1.929244   slack (MET)


Startpoint: A[1] (input port clocked by __VIRTUAL_CLK__)
Endpoint: P[13] (output port clocked by __VIRTUAL_CLK__)
Path Group: __VIRTUAL_CLK__
Path Type: max

Fanout         Cap        Slew       Delay        Time   Description
---------------------------------------------------------------------------------------------
                      0.000000    0.000000    0.000000   clock __VIRTUAL_CLK__ (rise edge)
                                  0.000000    0.000000   clock network delay (ideal)
                                  2.000000    2.000000 ^ input external delay
     1    0.003007    0.020624    0.011021    2.011021 ^ A[1] (in)
                                                         A[1] (net)
                      0.020624    0.000000    2.011021 ^ input2/A (sky130_fd_sc_hd__buf_1)
     2    0.011331    0.139748    0.139682    2.150703 ^ input2/X (sky130_fd_sc_hd__buf_1)
                                                         net2 (net)
                      0.139749    0.000322    2.151025 ^ fanout41/A (sky130_fd_sc_hd__clkbuf_2)
     5    0.012163    0.074329    0.159720    2.310746 ^ fanout41/X (sky130_fd_sc_hd__clkbuf_2)
                                                         net41 (net)
                      0.074329    0.000096    2.310841 ^ _368_/D_N (sky130_fd_sc_hd__or4bb_4)
     2    0.004246    0.083693    0.451970    2.762811 v _368_/X (sky130_fd_sc_hd__or4bb_4)
                                                         _028_ (net)
                      0.083693    0.000006    2.762817 v _372_/A2 (sky130_fd_sc_hd__a211o_1)
     3    0.007453    0.071429    0.327239    3.090056 v _372_/X (sky130_fd_sc_hd__a211o_1)
                                                         _032_ (net)
                      0.071429    0.000032    3.090088 v _394_/B (sky130_fd_sc_hd__and4_1)
     2    0.014585    0.085622    0.231063    3.321150 v _394_/X (sky130_fd_sc_hd__and4_1)
                                                         _053_ (net)
                      0.085622    0.000125    3.321275 v _433_/B1 (sky130_fd_sc_hd__a2bb2o_4)
     2    0.018193    0.052268    0.253734    3.575010 v _433_/X (sky130_fd_sc_hd__a2bb2o_4)
                                                         _091_ (net)
                      0.052268    0.000140    3.575149 v _435_/B (sky130_fd_sc_hd__xor2_4)
     2    0.013782    0.085933    0.160576    3.735725 v _435_/X (sky130_fd_sc_hd__xor2_4)
                                                         _093_ (net)
                      0.085933    0.000015    3.735740 v _436_/B (sky130_fd_sc_hd__nand2b_4)
     2    0.011051    0.061596    0.090924    3.826664 ^ _436_/Y (sky130_fd_sc_hd__nand2b_4)
                                                         _094_ (net)
                      0.061596    0.000015    3.826679 ^ _465_/A1 (sky130_fd_sc_hd__a21oi_4)
     2    0.013281    0.052100    0.061386    3.888065 v _465_/Y (sky130_fd_sc_hd__a21oi_4)
                                                         _122_ (net)
                      0.052100    0.000041    3.888106 v _494_/A (sky130_fd_sc_hd__or3_4)
     2    0.020154    0.091356    0.424016    4.312122 v _494_/X (sky130_fd_sc_hd__or3_4)
                                                         _150_ (net)
                      0.091356    0.000283    4.312405 v _498_/B (sky130_fd_sc_hd__xnor2_4)
     2    0.013831    0.067487    0.154225    4.466630 v _498_/Y (sky130_fd_sc_hd__xnor2_4)
                                                         _154_ (net)
                      0.067488    0.000166    4.466795 v _500_/A (sky130_fd_sc_hd__xnor2_2)
     2    0.010383    0.181419    0.206702    4.673498 ^ _500_/Y (sky130_fd_sc_hd__xnor2_2)
                                                         _156_ (net)
                      0.181419    0.000061    4.673559 ^ _502_/A (sky130_fd_sc_hd__nand3_2)
     3    0.007785    0.083473    0.103177    4.776736 v _502_/Y (sky130_fd_sc_hd__nand3_2)
                                                         _158_ (net)
                      0.083473    0.000047    4.776783 v _526_/A1 (sky130_fd_sc_hd__a211o_1)
     1    0.008568    0.077037    0.298535    5.075318 v _526_/X (sky130_fd_sc_hd__a211o_1)
                                                         _181_ (net)
                      0.077037    0.000029    5.075347 v _527_/B1 (sky130_fd_sc_hd__a21oi_4)
     3    0.011651    0.133796    0.147876    5.223223 ^ _527_/Y (sky130_fd_sc_hd__a21oi_4)
                                                         _182_ (net)
                      0.133796    0.000193    5.223416 ^ _544_/A4 (sky130_fd_sc_hd__o41a_1)
     3    0.009607    0.117595    0.187150    5.410566 ^ _544_/X (sky130_fd_sc_hd__o41a_1)
                                                         _198_ (net)
                      0.117595    0.000040    5.410606 ^ rebuffer2/A (sky130_fd_sc_hd__clkbuf_1)
     1    0.002721    0.045568    0.099695    5.510302 ^ rebuffer2/X (sky130_fd_sc_hd__clkbuf_1)
                                                         net54 (net)
                      0.045568    0.000004    5.510306 ^ _546_/B1 (sky130_fd_sc_hd__o21a_1)
     1    0.008977    0.094279    0.148709    5.659016 ^ _546_/X (sky130_fd_sc_hd__o21a_1)
                                                         net20 (net)
                      0.094279    0.000152    5.659168 ^ output20/A (sky130_fd_sc_hd__buf_6)
     1    0.034795    0.077906    0.142736    5.801904 ^ output20/X (sky130_fd_sc_hd__buf_6)
                                                         P[13] (net)
                      0.077906    0.000274    5.802177 ^ P[13] (out)
                                              5.802177   data arrival time

                      0.000000   10.000000   10.000000   clock __VIRTUAL_CLK__ (rise edge)
                                  0.000000   10.000000   clock network delay (ideal)
                                 -0.250000    9.750000   clock uncertainty
                                  0.000000    9.750000   clock reconvergence pessimism
                                 -2.000000    7.750000   output external delay
                                              7.750000   data required time
---------------------------------------------------------------------------------------------
                                              7.750000   data required time
                                             -5.802177   data arrival time
---------------------------------------------------------------------------------------------
                                              1.947822   slack (MET)


Startpoint: B[2] (input port clocked by __VIRTUAL_CLK__)
Endpoint: P[11] (output port clocked by __VIRTUAL_CLK__)
Path Group: __VIRTUAL_CLK__
Path Type: max

Fanout         Cap        Slew       Delay        Time   Description
---------------------------------------------------------------------------------------------
                      0.000000    0.000000    0.000000   clock __VIRTUAL_CLK__ (rise edge)
                                  0.000000    0.000000   clock network delay (ideal)
                                  2.000000    2.000000 ^ input external delay
     1    0.003036    0.021508    0.011119    2.011119 ^ B[2] (in)
                                                         B[2] (net)
                      0.021508    0.000000    2.011119 ^ input11/A (sky130_fd_sc_hd__buf_4)
     5    0.020329    0.066330    0.120752    2.131871 ^ input11/X (sky130_fd_sc_hd__buf_4)
                                                         net11 (net)
                      0.066330    0.000102    2.131973 ^ fanout48/A (sky130_fd_sc_hd__buf_6)
     5    0.016919    0.045386    0.108435    2.240408 ^ fanout48/X (sky130_fd_sc_hd__buf_6)
                                                         net48 (net)
                      0.045388    0.000309    2.240718 ^ _315_/C_N (sky130_fd_sc_hd__or4bb_4)
     1    0.009051    0.094883    0.532696    2.773414 v _315_/X (sky130_fd_sc_hd__or4bb_4)
                                                         _247_ (net)
                      0.094883    0.000015    2.773429 v _317_/A2 (sky130_fd_sc_hd__a21oi_4)
     2    0.011741    0.137918    0.187427    2.960857 ^ _317_/Y (sky130_fd_sc_hd__a21oi_4)
                                                         _249_ (net)
                      0.137918    0.000036    2.960893 ^ _319_/A (sky130_fd_sc_hd__xor2_2)
     2    0.011705    0.189941    0.200612    3.161504 ^ _319_/X (sky130_fd_sc_hd__xor2_2)
                                                         _251_ (net)
                      0.189941    0.000063    3.161567 ^ _320_/A (sky130_fd_sc_hd__xnor2_2)
     2    0.011478    0.200437    0.163465    3.325032 ^ _320_/Y (sky130_fd_sc_hd__xnor2_2)
                                                         _252_ (net)
                      0.200437    0.000034    3.325067 ^ _323_/B (sky130_fd_sc_hd__xnor2_2)
     2    0.006803    0.146557    0.143520    3.468587 ^ _323_/Y (sky130_fd_sc_hd__xnor2_2)
                                                         _255_ (net)
                      0.146557    0.000010    3.468596 ^ _324_/A1 (sky130_fd_sc_hd__o21ba_4)
     2    0.022470    0.090891    0.205506    3.674102 ^ _324_/X (sky130_fd_sc_hd__o21ba_4)
                                                         _256_ (net)
                      0.090891    0.000333    3.674436 ^ _327_/B (sky130_fd_sc_hd__nor2_4)
     2    0.005704    0.056354    0.036972    3.711407 v _327_/Y (sky130_fd_sc_hd__nor2_4)
                                                         _259_ (net)
                      0.056354    0.000029    3.711436 v _380_/D (sky130_fd_sc_hd__or4_4)
     2    0.003788    0.082083    0.408915    4.120351 v _380_/X (sky130_fd_sc_hd__or4_4)
                                                         _040_ (net)
                      0.082083    0.000009    4.120360 v _382_/B (sky130_fd_sc_hd__and3b_1)
     2    0.005412    0.049716    0.187105    4.307465 v _382_/X (sky130_fd_sc_hd__and3b_1)
                                                         _042_ (net)
                      0.049716    0.000018    4.307483 v _418_/A (sky130_fd_sc_hd__or3_4)
     2    0.011404    0.079470    0.401025    4.708508 v _418_/X (sky130_fd_sc_hd__or3_4)
                                                         _077_ (net)
                      0.079470    0.000020    4.708528 v _419_/B (sky130_fd_sc_hd__nand2b_4)
     2    0.011452    0.060494    0.088790    4.797318 ^ _419_/Y (sky130_fd_sc_hd__nand2b_4)
                                                         _078_ (net)
                      0.060494    0.000011    4.797328 ^ _480_/A_N (sky130_fd_sc_hd__and2b_1)
     2    0.012386    0.073290    0.215151    5.012479 v _480_/X (sky130_fd_sc_hd__and2b_1)
                                                         _137_ (net)
                      0.073290    0.000118    5.012597 v _482_/A2 (sky130_fd_sc_hd__a21o_1)
     2    0.011524    0.068489    0.221807    5.234404 v _482_/X (sky130_fd_sc_hd__a21o_1)
                                                         _139_ (net)
                      0.068489    0.000045    5.234449 v _504_/A2 (sky130_fd_sc_hd__a21oi_1)
     1    0.005054    0.150238    0.176856    5.411305 ^ _504_/Y (sky130_fd_sc_hd__a21oi_1)
                                                         _160_ (net)
                      0.150238    0.000011    5.411316 ^ _505_/B (sky130_fd_sc_hd__xnor2_1)
     1    0.009149    0.239201    0.181240    5.592556 ^ _505_/Y (sky130_fd_sc_hd__xnor2_1)
                                                         net18 (net)
                      0.239201    0.000125    5.592681 ^ output18/A (sky130_fd_sc_hd__buf_6)
     1    0.034040    0.078042    0.176087    5.768767 ^ output18/X (sky130_fd_sc_hd__buf_6)
                                                         P[11] (net)
                      0.078042    0.000085    5.768852 ^ P[11] (out)
                                              5.768852   data arrival time

                      0.000000   10.000000   10.000000   clock __VIRTUAL_CLK__ (rise edge)
                                  0.000000   10.000000   clock network delay (ideal)
                                 -0.250000    9.750000   clock uncertainty
                                  0.000000    9.750000   clock reconvergence pessimism
                                 -2.000000    7.750000   output external delay
                                              7.750000   data required time
---------------------------------------------------------------------------------------------
                                              7.750000   data required time
                                             -5.768852   data arrival time
---------------------------------------------------------------------------------------------
                                              1.981148   slack (MET)


Startpoint: B[2] (input port clocked by __VIRTUAL_CLK__)
Endpoint: P[15] (output port clocked by __VIRTUAL_CLK__)
Path Group: __VIRTUAL_CLK__
Path Type: max

Fanout         Cap        Slew       Delay        Time   Description
---------------------------------------------------------------------------------------------
                      0.000000    0.000000    0.000000   clock __VIRTUAL_CLK__ (rise edge)
                                  0.000000    0.000000   clock network delay (ideal)
                                  2.000000    2.000000 ^ input external delay
     1    0.003036    0.021508    0.011119    2.011119 ^ B[2] (in)
                                                         B[2] (net)
                      0.021508    0.000000    2.011119 ^ input11/A (sky130_fd_sc_hd__buf_4)
     5    0.020329    0.066330    0.120752    2.131871 ^ input11/X (sky130_fd_sc_hd__buf_4)
                                                         net11 (net)
                      0.066330    0.000102    2.131973 ^ fanout48/A (sky130_fd_sc_hd__buf_6)
     5    0.016919    0.045386    0.108435    2.240408 ^ fanout48/X (sky130_fd_sc_hd__buf_6)
                                                         net48 (net)
                      0.045388    0.000309    2.240718 ^ _315_/C_N (sky130_fd_sc_hd__or4bb_4)
     1    0.009051    0.094883    0.532696    2.773414 v _315_/X (sky130_fd_sc_hd__or4bb_4)
                                                         _247_ (net)
                      0.094883    0.000015    2.773429 v _317_/A2 (sky130_fd_sc_hd__a21oi_4)
     2    0.011741    0.137918    0.187427    2.960857 ^ _317_/Y (sky130_fd_sc_hd__a21oi_4)
                                                         _249_ (net)
                      0.137918    0.000036    2.960893 ^ _319_/A (sky130_fd_sc_hd__xor2_2)
     2    0.011705    0.189941    0.200612    3.161504 ^ _319_/X (sky130_fd_sc_hd__xor2_2)
                                                         _251_ (net)
                      0.189941    0.000063    3.161567 ^ _320_/A (sky130_fd_sc_hd__xnor2_2)
     2    0.011478    0.200437    0.163465    3.325032 ^ _320_/Y (sky130_fd_sc_hd__xnor2_2)
                                                         _252_ (net)
                      0.200437    0.000034    3.325067 ^ _323_/B (sky130_fd_sc_hd__xnor2_2)
     2    0.006803    0.146557    0.143520    3.468587 ^ _323_/Y (sky130_fd_sc_hd__xnor2_2)
                                                         _255_ (net)
                      0.146557    0.000010    3.468596 ^ _324_/A1 (sky130_fd_sc_hd__o21ba_4)
     2    0.022470    0.090891    0.205506    3.674102 ^ _324_/X (sky130_fd_sc_hd__o21ba_4)
                                                         _256_ (net)
                      0.090891    0.000333    3.674436 ^ _327_/B (sky130_fd_sc_hd__nor2_4)
     2    0.005704    0.056354    0.036972    3.711407 v _327_/Y (sky130_fd_sc_hd__nor2_4)
                                                         _259_ (net)
                      0.056354    0.000029    3.711436 v _380_/D (sky130_fd_sc_hd__or4_4)
     2    0.003788    0.082083    0.408915    4.120351 v _380_/X (sky130_fd_sc_hd__or4_4)
                                                         _040_ (net)
                      0.082083    0.000006    4.120357 v _381_/B (sky130_fd_sc_hd__and2b_1)
     1    0.008411    0.057606    0.194035    4.314393 v _381_/X (sky130_fd_sc_hd__and2b_1)
                                                         _041_ (net)
                      0.057606    0.000028    4.314421 v _383_/B (sky130_fd_sc_hd__xor2_2)
     2    0.010902    0.086530    0.162321    4.476742 v _383_/X (sky130_fd_sc_hd__xor2_2)
                                                         _043_ (net)
                      0.086530    0.000036    4.476778 v _385_/A (sky130_fd_sc_hd__xnor2_2)
     2    0.015013    0.241206    0.253004    4.729783 ^ _385_/Y (sky130_fd_sc_hd__xnor2_2)
                                                         _045_ (net)
                      0.241206    0.000006    4.729789 ^ _420_/A2 (sky130_fd_sc_hd__a21o_4)
     4    0.027014    0.085148    0.203898    4.933687 ^ _420_/X (sky130_fd_sc_hd__a21o_4)
                                                         _079_ (net)
                      0.085148    0.000410    4.934097 ^ _527_/A2 (sky130_fd_sc_hd__a21oi_4)
     3    0.010792    0.054754    0.068365    5.002462 v _527_/Y (sky130_fd_sc_hd__a21oi_4)
                                                         _182_ (net)
                      0.054755    0.000176    5.002638 v _544_/A4 (sky130_fd_sc_hd__o41a_1)
     3    0.008997    0.091836    0.348085    5.350723 v _544_/X (sky130_fd_sc_hd__o41a_1)
                                                         _198_ (net)
                      0.091836    0.000092    5.350815 v _554_/A1 (sky130_fd_sc_hd__o21ai_1)
     1    0.003278    0.109105    0.147769    5.498584 ^ _554_/Y (sky130_fd_sc_hd__o21ai_1)
                                                         net22 (net)
                      0.109105    0.000012    5.498596 ^ output22/A (sky130_fd_sc_hd__buf_4)
     1    0.034394    0.102817    0.179781    5.678377 ^ output22/X (sky130_fd_sc_hd__buf_4)
                                                         P[15] (net)
                      0.102817    0.000216    5.678593 ^ P[15] (out)
                                              5.678593   data arrival time

                      0.000000   10.000000   10.000000   clock __VIRTUAL_CLK__ (rise edge)
                                  0.000000   10.000000   clock network delay (ideal)
                                 -0.250000    9.750000   clock uncertainty
                                  0.000000    9.750000   clock reconvergence pessimism
                                 -2.000000    7.750000   output external delay
                                              7.750000   data required time
---------------------------------------------------------------------------------------------
                                              7.750000   data required time
                                             -5.678593   data arrival time
---------------------------------------------------------------------------------------------
                                              2.071407   slack (MET)


Startpoint: A[1] (input port clocked by __VIRTUAL_CLK__)
Endpoint: P[12] (output port clocked by __VIRTUAL_CLK__)
Path Group: __VIRTUAL_CLK__
Path Type: max

Fanout         Cap        Slew       Delay        Time   Description
---------------------------------------------------------------------------------------------
                      0.000000    0.000000    0.000000   clock __VIRTUAL_CLK__ (rise edge)
                                  0.000000    0.000000   clock network delay (ideal)
                                  2.000000    2.000000 ^ input external delay
     1    0.003007    0.020624    0.011021    2.011021 ^ A[1] (in)
                                                         A[1] (net)
                      0.020624    0.000000    2.011021 ^ input2/A (sky130_fd_sc_hd__buf_1)
     2    0.011331    0.139748    0.139682    2.150703 ^ input2/X (sky130_fd_sc_hd__buf_1)
                                                         net2 (net)
                      0.139749    0.000322    2.151025 ^ fanout41/A (sky130_fd_sc_hd__clkbuf_2)
     5    0.012163    0.074329    0.159720    2.310746 ^ fanout41/X (sky130_fd_sc_hd__clkbuf_2)
                                                         net41 (net)
                      0.074329    0.000096    2.310841 ^ _368_/D_N (sky130_fd_sc_hd__or4bb_4)
     2    0.004246    0.083693    0.451970    2.762811 v _368_/X (sky130_fd_sc_hd__or4bb_4)
                                                         _028_ (net)
                      0.083693    0.000006    2.762817 v _372_/A2 (sky130_fd_sc_hd__a211o_1)
     3    0.007453    0.071429    0.327239    3.090056 v _372_/X (sky130_fd_sc_hd__a211o_1)
                                                         _032_ (net)
                      0.071429    0.000032    3.090088 v _394_/B (sky130_fd_sc_hd__and4_1)
     2    0.014585    0.085622    0.231063    3.321150 v _394_/X (sky130_fd_sc_hd__and4_1)
                                                         _053_ (net)
                      0.085622    0.000125    3.321275 v _433_/B1 (sky130_fd_sc_hd__a2bb2o_4)
     2    0.018193    0.052268    0.253734    3.575010 v _433_/X (sky130_fd_sc_hd__a2bb2o_4)
                                                         _091_ (net)
                      0.052268    0.000140    3.575149 v _435_/B (sky130_fd_sc_hd__xor2_4)
     2    0.013782    0.085933    0.160576    3.735725 v _435_/X (sky130_fd_sc_hd__xor2_4)
                                                         _093_ (net)
                      0.085933    0.000015    3.735740 v _436_/B (sky130_fd_sc_hd__nand2b_4)
     2    0.011051    0.061596    0.090924    3.826664 ^ _436_/Y (sky130_fd_sc_hd__nand2b_4)
                                                         _094_ (net)
                      0.061596    0.000015    3.826679 ^ _465_/A1 (sky130_fd_sc_hd__a21oi_4)
     2    0.013281    0.052100    0.061386    3.888065 v _465_/Y (sky130_fd_sc_hd__a21oi_4)
                                                         _122_ (net)
                      0.052100    0.000041    3.888106 v _494_/A (sky130_fd_sc_hd__or3_4)
     2    0.020154    0.091356    0.424016    4.312122 v _494_/X (sky130_fd_sc_hd__or3_4)
                                                         _150_ (net)
                      0.091356    0.000283    4.312405 v _498_/B (sky130_fd_sc_hd__xnor2_4)
     2    0.013831    0.067487    0.154225    4.466630 v _498_/Y (sky130_fd_sc_hd__xnor2_4)
                                                         _154_ (net)
                      0.067488    0.000166    4.466795 v _500_/A (sky130_fd_sc_hd__xnor2_2)
     2    0.010383    0.181419    0.206702    4.673498 ^ _500_/Y (sky130_fd_sc_hd__xnor2_2)
                                                         _156_ (net)
                      0.181419    0.000061    4.673559 ^ _502_/A (sky130_fd_sc_hd__nand3_2)
     3    0.007785    0.083473    0.103177    4.776736 v _502_/Y (sky130_fd_sc_hd__nand3_2)
                                                         _158_ (net)
                      0.083473    0.000047    4.776783 v _526_/A1 (sky130_fd_sc_hd__a211o_1)
     1    0.008568    0.077037    0.298535    5.075318 v _526_/X (sky130_fd_sc_hd__a211o_1)
                                                         _181_ (net)
                      0.077037    0.000029    5.075347 v _527_/B1 (sky130_fd_sc_hd__a21oi_4)
     3    0.011651    0.133796    0.147876    5.223223 ^ _527_/Y (sky130_fd_sc_hd__a21oi_4)
                                                         _182_ (net)
                      0.133796    0.000169    5.223392 ^ _529_/A (sky130_fd_sc_hd__nor2_1)
     1    0.008466    0.079026    0.089598    5.312991 v _529_/Y (sky130_fd_sc_hd__nor2_1)
                                                         _184_ (net)
                      0.079026    0.000013    5.313004 v _530_/B (sky130_fd_sc_hd__xnor2_2)
     1    0.010004    0.177288    0.181715    5.494719 ^ _530_/Y (sky130_fd_sc_hd__xnor2_2)
                                                         net19 (net)
                      0.177288    0.000162    5.494881 ^ output19/A (sky130_fd_sc_hd__buf_6)
     1    0.034216    0.077613    0.163107    5.657989 ^ output19/X (sky130_fd_sc_hd__buf_6)
                                                         P[12] (net)
                      0.077613    0.000126    5.658114 ^ P[12] (out)
                                              5.658114   data arrival time

                      0.000000   10.000000   10.000000   clock __VIRTUAL_CLK__ (rise edge)
                                  0.000000   10.000000   clock network delay (ideal)
                                 -0.250000    9.750000   clock uncertainty
                                  0.000000    9.750000   clock reconvergence pessimism
                                 -2.000000    7.750000   output external delay
                                              7.750000   data required time
---------------------------------------------------------------------------------------------
                                              7.750000   data required time
                                             -5.658114   data arrival time
---------------------------------------------------------------------------------------------
                                              2.091886   slack (MET)


Startpoint: B[2] (input port clocked by __VIRTUAL_CLK__)
Endpoint: P[10] (output port clocked by __VIRTUAL_CLK__)
Path Group: __VIRTUAL_CLK__
Path Type: max

Fanout         Cap        Slew       Delay        Time   Description
---------------------------------------------------------------------------------------------
                      0.000000    0.000000    0.000000   clock __VIRTUAL_CLK__ (rise edge)
                                  0.000000    0.000000   clock network delay (ideal)
                                  2.000000    2.000000 ^ input external delay
     1    0.003036    0.021508    0.011119    2.011119 ^ B[2] (in)
                                                         B[2] (net)
                      0.021508    0.000000    2.011119 ^ input11/A (sky130_fd_sc_hd__buf_4)
     5    0.020329    0.066330    0.120752    2.131871 ^ input11/X (sky130_fd_sc_hd__buf_4)
                                                         net11 (net)
                      0.066330    0.000102    2.131973 ^ fanout48/A (sky130_fd_sc_hd__buf_6)
     5    0.016919    0.045386    0.108435    2.240408 ^ fanout48/X (sky130_fd_sc_hd__buf_6)
                                                         net48 (net)
                      0.045388    0.000309    2.240718 ^ _315_/C_N (sky130_fd_sc_hd__or4bb_4)
     1    0.009051    0.094883    0.532696    2.773414 v _315_/X (sky130_fd_sc_hd__or4bb_4)
                                                         _247_ (net)
                      0.094883    0.000015    2.773429 v _317_/A2 (sky130_fd_sc_hd__a21oi_4)
     2    0.011741    0.137918    0.187427    2.960857 ^ _317_/Y (sky130_fd_sc_hd__a21oi_4)
                                                         _249_ (net)
                      0.137918    0.000036    2.960893 ^ _319_/A (sky130_fd_sc_hd__xor2_2)
     2    0.011705    0.189941    0.200612    3.161504 ^ _319_/X (sky130_fd_sc_hd__xor2_2)
                                                         _251_ (net)
                      0.189941    0.000063    3.161567 ^ _320_/A (sky130_fd_sc_hd__xnor2_2)
     2    0.011478    0.200437    0.163465    3.325032 ^ _320_/Y (sky130_fd_sc_hd__xnor2_2)
                                                         _252_ (net)
                      0.200437    0.000034    3.325067 ^ _323_/B (sky130_fd_sc_hd__xnor2_2)
     2    0.006803    0.146557    0.143520    3.468587 ^ _323_/Y (sky130_fd_sc_hd__xnor2_2)
                                                         _255_ (net)
                      0.146557    0.000010    3.468596 ^ _324_/A1 (sky130_fd_sc_hd__o21ba_4)
     2    0.022470    0.090891    0.205506    3.674102 ^ _324_/X (sky130_fd_sc_hd__o21ba_4)
                                                         _256_ (net)
                      0.090891    0.000333    3.674436 ^ _327_/B (sky130_fd_sc_hd__nor2_4)
     2    0.005704    0.056354    0.036972    3.711407 v _327_/Y (sky130_fd_sc_hd__nor2_4)
                                                         _259_ (net)
                      0.056354    0.000029    3.711436 v _380_/D (sky130_fd_sc_hd__or4_4)
     2    0.003788    0.082083    0.408915    4.120351 v _380_/X (sky130_fd_sc_hd__or4_4)
                                                         _040_ (net)
                      0.082083    0.000009    4.120360 v _382_/B (sky130_fd_sc_hd__and3b_1)
     2    0.005412    0.049716    0.187105    4.307465 v _382_/X (sky130_fd_sc_hd__and3b_1)
                                                         _042_ (net)
                      0.049716    0.000018    4.307483 v _418_/A (sky130_fd_sc_hd__or3_4)
     2    0.011404    0.079470    0.401025    4.708508 v _418_/X (sky130_fd_sc_hd__or3_4)
                                                         _077_ (net)
                      0.079470    0.000020    4.708528 v _419_/B (sky130_fd_sc_hd__nand2b_4)
     2    0.011452    0.060494    0.088790    4.797318 ^ _419_/Y (sky130_fd_sc_hd__nand2b_4)
                                                         _078_ (net)
                      0.060494    0.000011    4.797328 ^ _480_/A_N (sky130_fd_sc_hd__and2b_1)
     2    0.012386    0.073290    0.215151    5.012479 v _480_/X (sky130_fd_sc_hd__and2b_1)
                                                         _137_ (net)
                      0.073290    0.000118    5.012597 v _482_/A2 (sky130_fd_sc_hd__a21o_1)
     2    0.011524    0.068489    0.221807    5.234404 v _482_/X (sky130_fd_sc_hd__a21o_1)
                                                         _139_ (net)
                      0.068489    0.000054    5.234458 v _483_/B (sky130_fd_sc_hd__xnor2_2)
     1    0.008910    0.165498    0.168554    5.403012 ^ _483_/Y (sky130_fd_sc_hd__xnor2_2)
                                                         net17 (net)
                      0.165498    0.000116    5.403128 ^ output17/A (sky130_fd_sc_hd__buf_6)
     1    0.034144    0.077337    0.160507    5.563635 ^ output17/X (sky130_fd_sc_hd__buf_6)
                                                         P[10] (net)
                      0.077337    0.000109    5.563744 ^ P[10] (out)
                                              5.563744   data arrival time

                      0.000000   10.000000   10.000000   clock __VIRTUAL_CLK__ (rise edge)
                                  0.000000   10.000000   clock network delay (ideal)
                                 -0.250000    9.750000   clock uncertainty
                                  0.000000    9.750000   clock reconvergence pessimism
                                 -2.000000    7.750000   output external delay
                                              7.750000   data required time
---------------------------------------------------------------------------------------------
                                              7.750000   data required time
                                             -5.563744   data arrival time
---------------------------------------------------------------------------------------------
                                              2.186256   slack (MET)


Startpoint: B[2] (input port clocked by __VIRTUAL_CLK__)
Endpoint: P[9] (output port clocked by __VIRTUAL_CLK__)
Path Group: __VIRTUAL_CLK__
Path Type: max

Fanout         Cap        Slew       Delay        Time   Description
---------------------------------------------------------------------------------------------
                      0.000000    0.000000    0.000000   clock __VIRTUAL_CLK__ (rise edge)
                                  0.000000    0.000000   clock network delay (ideal)
                                  2.000000    2.000000 ^ input external delay
     1    0.003036    0.021508    0.011119    2.011119 ^ B[2] (in)
                                                         B[2] (net)
                      0.021508    0.000000    2.011119 ^ input11/A (sky130_fd_sc_hd__buf_4)
     5    0.020329    0.066330    0.120752    2.131871 ^ input11/X (sky130_fd_sc_hd__buf_4)
                                                         net11 (net)
                      0.066330    0.000102    2.131973 ^ fanout48/A (sky130_fd_sc_hd__buf_6)
     5    0.016919    0.045386    0.108435    2.240408 ^ fanout48/X (sky130_fd_sc_hd__buf_6)
                                                         net48 (net)
                      0.045388    0.000309    2.240718 ^ _315_/C_N (sky130_fd_sc_hd__or4bb_4)
     1    0.009051    0.094883    0.532696    2.773414 v _315_/X (sky130_fd_sc_hd__or4bb_4)
                                                         _247_ (net)
                      0.094883    0.000015    2.773429 v _317_/A2 (sky130_fd_sc_hd__a21oi_4)
     2    0.011741    0.137918    0.187427    2.960857 ^ _317_/Y (sky130_fd_sc_hd__a21oi_4)
                                                         _249_ (net)
                      0.137918    0.000036    2.960893 ^ _319_/A (sky130_fd_sc_hd__xor2_2)
     2    0.011705    0.189941    0.200612    3.161504 ^ _319_/X (sky130_fd_sc_hd__xor2_2)
                                                         _251_ (net)
                      0.189941    0.000063    3.161567 ^ _320_/A (sky130_fd_sc_hd__xnor2_2)
     2    0.011478    0.200437    0.163465    3.325032 ^ _320_/Y (sky130_fd_sc_hd__xnor2_2)
                                                         _252_ (net)
                      0.200437    0.000034    3.325067 ^ _323_/B (sky130_fd_sc_hd__xnor2_2)
     2    0.006803    0.146557    0.143520    3.468587 ^ _323_/Y (sky130_fd_sc_hd__xnor2_2)
                                                         _255_ (net)
                      0.146557    0.000010    3.468596 ^ _324_/A1 (sky130_fd_sc_hd__o21ba_4)
     2    0.022470    0.090891    0.205506    3.674102 ^ _324_/X (sky130_fd_sc_hd__o21ba_4)
                                                         _256_ (net)
                      0.090891    0.000333    3.674436 ^ _327_/B (sky130_fd_sc_hd__nor2_4)
     2    0.005704    0.056354    0.036972    3.711407 v _327_/Y (sky130_fd_sc_hd__nor2_4)
                                                         _259_ (net)
                      0.056354    0.000029    3.711436 v _380_/D (sky130_fd_sc_hd__or4_4)
     2    0.003788    0.082083    0.408915    4.120351 v _380_/X (sky130_fd_sc_hd__or4_4)
                                                         _040_ (net)
                      0.082083    0.000006    4.120357 v _381_/B (sky130_fd_sc_hd__and2b_1)
     1    0.008411    0.057606    0.194035    4.314393 v _381_/X (sky130_fd_sc_hd__and2b_1)
                                                         _041_ (net)
                      0.057606    0.000028    4.314421 v _383_/B (sky130_fd_sc_hd__xor2_2)
     2    0.010902    0.086530    0.162321    4.476742 v _383_/X (sky130_fd_sc_hd__xor2_2)
                                                         _043_ (net)
                      0.086530    0.000036    4.476778 v _385_/A (sky130_fd_sc_hd__xnor2_2)
     2    0.013750    0.093153    0.179941    4.656720 v _385_/Y (sky130_fd_sc_hd__xnor2_2)
                                                         _045_ (net)
                      0.093153    0.000006    4.656725 v _420_/A2 (sky130_fd_sc_hd__a21o_4)
     4    0.025390    0.058550    0.261803    4.918528 v _420_/X (sky130_fd_sc_hd__a21o_4)
                                                         _079_ (net)
                      0.058550    0.000184    4.918712 v _460_/A1 (sky130_fd_sc_hd__a21o_1)
     1    0.008613    0.057971    0.182684    5.101396 v _460_/X (sky130_fd_sc_hd__a21o_1)
                                                         _118_ (net)
                      0.057971    0.000032    5.101428 v _461_/B (sky130_fd_sc_hd__xor2_2)
     1    0.009548    0.160615    0.167869    5.269297 ^ _461_/X (sky130_fd_sc_hd__xor2_2)
                                                         net31 (net)
                      0.160615    0.000148    5.269444 ^ output31/A (sky130_fd_sc_hd__buf_6)
     1    0.034059    0.077117    0.159361    5.428805 ^ output31/X (sky130_fd_sc_hd__buf_6)
                                                         P[9] (net)
                      0.077117    0.000089    5.428895 ^ P[9] (out)
                                              5.428895   data arrival time

                      0.000000   10.000000   10.000000   clock __VIRTUAL_CLK__ (rise edge)
                                  0.000000   10.000000   clock network delay (ideal)
                                 -0.250000    9.750000   clock uncertainty
                                  0.000000    9.750000   clock reconvergence pessimism
                                 -2.000000    7.750000   output external delay
                                              7.750000   data required time
---------------------------------------------------------------------------------------------
                                              7.750000   data required time
                                             -5.428895   data arrival time
---------------------------------------------------------------------------------------------
                                              2.321105   slack (MET)


Startpoint: B[2] (input port clocked by __VIRTUAL_CLK__)
Endpoint: P[8] (output port clocked by __VIRTUAL_CLK__)
Path Group: __VIRTUAL_CLK__
Path Type: max

Fanout         Cap        Slew       Delay        Time   Description
---------------------------------------------------------------------------------------------
                      0.000000    0.000000    0.000000   clock __VIRTUAL_CLK__ (rise edge)
                                  0.000000    0.000000   clock network delay (ideal)
                                  2.000000    2.000000 ^ input external delay
     1    0.003036    0.021508    0.011119    2.011119 ^ B[2] (in)
                                                         B[2] (net)
                      0.021508    0.000000    2.011119 ^ input11/A (sky130_fd_sc_hd__buf_4)
     5    0.020329    0.066330    0.120752    2.131871 ^ input11/X (sky130_fd_sc_hd__buf_4)
                                                         net11 (net)
                      0.066330    0.000102    2.131973 ^ fanout48/A (sky130_fd_sc_hd__buf_6)
     5    0.016919    0.045386    0.108435    2.240408 ^ fanout48/X (sky130_fd_sc_hd__buf_6)
                                                         net48 (net)
                      0.045388    0.000309    2.240718 ^ _315_/C_N (sky130_fd_sc_hd__or4bb_4)
     1    0.009051    0.094883    0.532696    2.773414 v _315_/X (sky130_fd_sc_hd__or4bb_4)
                                                         _247_ (net)
                      0.094883    0.000015    2.773429 v _317_/A2 (sky130_fd_sc_hd__a21oi_4)
     2    0.011741    0.137918    0.187427    2.960857 ^ _317_/Y (sky130_fd_sc_hd__a21oi_4)
                                                         _249_ (net)
                      0.137918    0.000036    2.960893 ^ _319_/A (sky130_fd_sc_hd__xor2_2)
     2    0.011705    0.189941    0.200612    3.161504 ^ _319_/X (sky130_fd_sc_hd__xor2_2)
                                                         _251_ (net)
                      0.189941    0.000063    3.161567 ^ _320_/A (sky130_fd_sc_hd__xnor2_2)
     2    0.011478    0.200437    0.163465    3.325032 ^ _320_/Y (sky130_fd_sc_hd__xnor2_2)
                                                         _252_ (net)
                      0.200437    0.000034    3.325067 ^ _323_/B (sky130_fd_sc_hd__xnor2_2)
     2    0.006803    0.146557    0.143520    3.468587 ^ _323_/Y (sky130_fd_sc_hd__xnor2_2)
                                                         _255_ (net)
                      0.146557    0.000010    3.468596 ^ _324_/A1 (sky130_fd_sc_hd__o21ba_4)
     2    0.022470    0.090891    0.205506    3.674102 ^ _324_/X (sky130_fd_sc_hd__o21ba_4)
                                                         _256_ (net)
                      0.090891    0.000333    3.674436 ^ _327_/B (sky130_fd_sc_hd__nor2_4)
     2    0.005704    0.056354    0.036972    3.711407 v _327_/Y (sky130_fd_sc_hd__nor2_4)
                                                         _259_ (net)
                      0.056354    0.000029    3.711436 v _380_/D (sky130_fd_sc_hd__or4_4)
     2    0.003788    0.082083    0.408915    4.120351 v _380_/X (sky130_fd_sc_hd__or4_4)
                                                         _040_ (net)
                      0.082083    0.000006    4.120357 v _381_/B (sky130_fd_sc_hd__and2b_1)
     1    0.008411    0.057606    0.194035    4.314393 v _381_/X (sky130_fd_sc_hd__and2b_1)
                                                         _041_ (net)
                      0.057606    0.000028    4.314421 v _383_/B (sky130_fd_sc_hd__xor2_2)
     2    0.010902    0.086530    0.162321    4.476742 v _383_/X (sky130_fd_sc_hd__xor2_2)
                                                         _043_ (net)
                      0.086530    0.000036    4.476778 v _385_/A (sky130_fd_sc_hd__xnor2_2)
     2    0.013750    0.093153    0.179941    4.656720 v _385_/Y (sky130_fd_sc_hd__xnor2_2)
                                                         _045_ (net)
                      0.093153    0.000006    4.656725 v _420_/A2 (sky130_fd_sc_hd__a21o_4)
     4    0.025390    0.058550    0.261803    4.918528 v _420_/X (sky130_fd_sc_hd__a21o_4)
                                                         _079_ (net)
                      0.058550    0.000183    4.918711 v _421_/B (sky130_fd_sc_hd__xnor2_2)
     1    0.009882    0.175979    0.172951    5.091662 ^ _421_/Y (sky130_fd_sc_hd__xnor2_2)
                                                         net30 (net)
                      0.175979    0.000162    5.091824 ^ output30/A (sky130_fd_sc_hd__buf_6)
     1    0.034092    0.077367    0.162677    5.254500 ^ output30/X (sky130_fd_sc_hd__buf_6)
                                                         P[8] (net)
                      0.077367    0.000097    5.254597 ^ P[8] (out)
                                              5.254597   data arrival time

                      0.000000   10.000000   10.000000   clock __VIRTUAL_CLK__ (rise edge)
                                  0.000000   10.000000   clock network delay (ideal)
                                 -0.250000    9.750000   clock uncertainty
                                  0.000000    9.750000   clock reconvergence pessimism
                                 -2.000000    7.750000   output external delay
                                              7.750000   data required time
---------------------------------------------------------------------------------------------
                                              7.750000   data required time
                                             -5.254597   data arrival time
---------------------------------------------------------------------------------------------
                                              2.495403   slack (MET)


Startpoint: B[2] (input port clocked by __VIRTUAL_CLK__)
Endpoint: P[7] (output port clocked by __VIRTUAL_CLK__)
Path Group: __VIRTUAL_CLK__
Path Type: max

Fanout         Cap        Slew       Delay        Time   Description
---------------------------------------------------------------------------------------------
                      0.000000    0.000000    0.000000   clock __VIRTUAL_CLK__ (rise edge)
                                  0.000000    0.000000   clock network delay (ideal)
                                  2.000000    2.000000 ^ input external delay
     1    0.003036    0.021508    0.011119    2.011119 ^ B[2] (in)
                                                         B[2] (net)
                      0.021508    0.000000    2.011119 ^ input11/A (sky130_fd_sc_hd__buf_4)
     5    0.020329    0.066330    0.120752    2.131871 ^ input11/X (sky130_fd_sc_hd__buf_4)
                                                         net11 (net)
                      0.066330    0.000102    2.131973 ^ fanout48/A (sky130_fd_sc_hd__buf_6)
     5    0.016919    0.045386    0.108435    2.240408 ^ fanout48/X (sky130_fd_sc_hd__buf_6)
                                                         net48 (net)
                      0.045388    0.000309    2.240718 ^ _315_/C_N (sky130_fd_sc_hd__or4bb_4)
     1    0.009051    0.094883    0.532696    2.773414 v _315_/X (sky130_fd_sc_hd__or4bb_4)
                                                         _247_ (net)
                      0.094883    0.000015    2.773429 v _317_/A2 (sky130_fd_sc_hd__a21oi_4)
     2    0.011741    0.137918    0.187427    2.960857 ^ _317_/Y (sky130_fd_sc_hd__a21oi_4)
                                                         _249_ (net)
                      0.137918    0.000036    2.960893 ^ _319_/A (sky130_fd_sc_hd__xor2_2)
     2    0.011705    0.189941    0.200612    3.161504 ^ _319_/X (sky130_fd_sc_hd__xor2_2)
                                                         _251_ (net)
                      0.189941    0.000063    3.161567 ^ _320_/A (sky130_fd_sc_hd__xnor2_2)
     2    0.011478    0.200437    0.163465    3.325032 ^ _320_/Y (sky130_fd_sc_hd__xnor2_2)
                                                         _252_ (net)
                      0.200437    0.000034    3.325067 ^ _323_/B (sky130_fd_sc_hd__xnor2_2)
     2    0.006803    0.146557    0.143520    3.468587 ^ _323_/Y (sky130_fd_sc_hd__xnor2_2)
                                                         _255_ (net)
                      0.146557    0.000010    3.468596 ^ _324_/A1 (sky130_fd_sc_hd__o21ba_4)
     2    0.022470    0.090891    0.205506    3.674102 ^ _324_/X (sky130_fd_sc_hd__o21ba_4)
                                                         _256_ (net)
                      0.090891    0.000333    3.674436 ^ _327_/B (sky130_fd_sc_hd__nor2_4)
     2    0.005704    0.056354    0.036972    3.711407 v _327_/Y (sky130_fd_sc_hd__nor2_4)
                                                         _259_ (net)
                      0.056354    0.000029    3.711436 v _380_/D (sky130_fd_sc_hd__or4_4)
     2    0.003788    0.082083    0.408915    4.120351 v _380_/X (sky130_fd_sc_hd__or4_4)
                                                         _040_ (net)
                      0.082083    0.000006    4.120357 v _381_/B (sky130_fd_sc_hd__and2b_1)
     1    0.008411    0.057606    0.194035    4.314393 v _381_/X (sky130_fd_sc_hd__and2b_1)
                                                         _041_ (net)
                      0.057606    0.000028    4.314421 v _383_/B (sky130_fd_sc_hd__xor2_2)
     2    0.010902    0.086530    0.162321    4.476742 v _383_/X (sky130_fd_sc_hd__xor2_2)
                                                         _043_ (net)
                      0.086530    0.000036    4.476778 v _385_/A (sky130_fd_sc_hd__xnor2_2)
     2    0.015013    0.241206    0.253004    4.729783 ^ _385_/Y (sky130_fd_sc_hd__xnor2_2)
                                                         _045_ (net)
                      0.241206    0.000029    4.729812 ^ _387_/A (sky130_fd_sc_hd__xor2_2)
     1    0.010798    0.173688    0.209348    4.939159 ^ _387_/X (sky130_fd_sc_hd__xor2_2)
                                                         net29 (net)
                      0.173688    0.000210    4.939370 ^ output29/A (sky130_fd_sc_hd__buf_6)
     1    0.034059    0.077277    0.162147    5.101517 ^ output29/X (sky130_fd_sc_hd__buf_6)
                                                         P[7] (net)
                      0.077277    0.000089    5.101606 ^ P[7] (out)
                                              5.101606   data arrival time

                      0.000000   10.000000   10.000000   clock __VIRTUAL_CLK__ (rise edge)
                                  0.000000   10.000000   clock network delay (ideal)
                                 -0.250000    9.750000   clock uncertainty
                                  0.000000    9.750000   clock reconvergence pessimism
                                 -2.000000    7.750000   output external delay
                                              7.750000   data required time
---------------------------------------------------------------------------------------------
                                              7.750000   data required time
                                             -5.101606   data arrival time
---------------------------------------------------------------------------------------------
                                              2.648394   slack (MET)


Startpoint: B[2] (input port clocked by __VIRTUAL_CLK__)
Endpoint: P[6] (output port clocked by __VIRTUAL_CLK__)
Path Group: __VIRTUAL_CLK__
Path Type: max

Fanout         Cap        Slew       Delay        Time   Description
---------------------------------------------------------------------------------------------
                      0.000000    0.000000    0.000000   clock __VIRTUAL_CLK__ (rise edge)
                                  0.000000    0.000000   clock network delay (ideal)
                                  2.000000    2.000000 ^ input external delay
     1    0.003036    0.021508    0.011119    2.011119 ^ B[2] (in)
                                                         B[2] (net)
                      0.021508    0.000000    2.011119 ^ input11/A (sky130_fd_sc_hd__buf_4)
     5    0.020329    0.066330    0.120752    2.131871 ^ input11/X (sky130_fd_sc_hd__buf_4)
                                                         net11 (net)
                      0.066330    0.000102    2.131973 ^ fanout48/A (sky130_fd_sc_hd__buf_6)
     5    0.016919    0.045386    0.108435    2.240408 ^ fanout48/X (sky130_fd_sc_hd__buf_6)
                                                         net48 (net)
                      0.045388    0.000309    2.240718 ^ _315_/C_N (sky130_fd_sc_hd__or4bb_4)
     1    0.009051    0.094883    0.532696    2.773414 v _315_/X (sky130_fd_sc_hd__or4bb_4)
                                                         _247_ (net)
                      0.094883    0.000015    2.773429 v _317_/A2 (sky130_fd_sc_hd__a21oi_4)
     2    0.011741    0.137918    0.187427    2.960857 ^ _317_/Y (sky130_fd_sc_hd__a21oi_4)
                                                         _249_ (net)
                      0.137918    0.000036    2.960893 ^ _319_/A (sky130_fd_sc_hd__xor2_2)
     2    0.011705    0.189941    0.200612    3.161504 ^ _319_/X (sky130_fd_sc_hd__xor2_2)
                                                         _251_ (net)
                      0.189941    0.000063    3.161567 ^ _320_/A (sky130_fd_sc_hd__xnor2_2)
     2    0.011478    0.200437    0.163465    3.325032 ^ _320_/Y (sky130_fd_sc_hd__xnor2_2)
                                                         _252_ (net)
                      0.200437    0.000034    3.325067 ^ _323_/B (sky130_fd_sc_hd__xnor2_2)
     2    0.006803    0.146557    0.143520    3.468587 ^ _323_/Y (sky130_fd_sc_hd__xnor2_2)
                                                         _255_ (net)
                      0.146557    0.000001    3.468588 ^ rebuffer3/A (sky130_fd_sc_hd__dlygate4sd1_1)
     1    0.009116    0.099015    0.257750    3.726338 ^ rebuffer3/X (sky130_fd_sc_hd__dlygate4sd1_1)
                                                         net55 (net)
                      0.099015    0.000033    3.726370 ^ _341_/B (sky130_fd_sc_hd__xor2_2)
     3    0.011475    0.180779    0.198301    3.924672 ^ _341_/X (sky130_fd_sc_hd__xor2_2)
                                                         _002_ (net)
                      0.180779    0.000091    3.924762 ^ _346_/B (sky130_fd_sc_hd__xor2_1)
     1    0.004993    0.154478    0.189079    4.113842 ^ _346_/X (sky130_fd_sc_hd__xor2_1)
                                                         _007_ (net)
                      0.154478    0.000007    4.113849 ^ _350_/B (sky130_fd_sc_hd__xnor2_1)
     3    0.009809    0.252362    0.187011    4.300860 ^ _350_/Y (sky130_fd_sc_hd__xnor2_1)
                                                         _011_ (net)
                      0.252362    0.000090    4.300951 ^ _351_/B (sky130_fd_sc_hd__nand2_1)
     2    0.006519    0.083750    0.116453    4.417403 v _351_/Y (sky130_fd_sc_hd__nand2_1)
                                                         _012_ (net)
                      0.083750    0.000011    4.417414 v _352_/B (sky130_fd_sc_hd__xnor2_1)
     1    0.005264    0.162543    0.178895    4.596308 ^ _352_/Y (sky130_fd_sc_hd__xnor2_1)
                                                         net28 (net)
                      0.162543    0.000079    4.596387 ^ output28/A (sky130_fd_sc_hd__buf_2)
     1    0.034344    0.170908    0.238048    4.834435 ^ output28/X (sky130_fd_sc_hd__buf_2)
                                                         P[6] (net)
                      0.170908    0.000198    4.834633 ^ P[6] (out)
                                              4.834633   data arrival time

                      0.000000   10.000000   10.000000   clock __VIRTUAL_CLK__ (rise edge)
                                  0.000000   10.000000   clock network delay (ideal)
                                 -0.250000    9.750000   clock uncertainty
                                  0.000000    9.750000   clock reconvergence pessimism
                                 -2.000000    7.750000   output external delay
                                              7.750000   data required time
---------------------------------------------------------------------------------------------
                                              7.750000   data required time
                                             -4.834633   data arrival time
---------------------------------------------------------------------------------------------
                                              2.915367   slack (MET)


Startpoint: B[2] (input port clocked by __VIRTUAL_CLK__)
Endpoint: P[5] (output port clocked by __VIRTUAL_CLK__)
Path Group: __VIRTUAL_CLK__
Path Type: max

Fanout         Cap        Slew       Delay        Time   Description
---------------------------------------------------------------------------------------------
                      0.000000    0.000000    0.000000   clock __VIRTUAL_CLK__ (rise edge)
                                  0.000000    0.000000   clock network delay (ideal)
                                  2.000000    2.000000 ^ input external delay
     1    0.003036    0.021508    0.011119    2.011119 ^ B[2] (in)
                                                         B[2] (net)
                      0.021508    0.000000    2.011119 ^ input11/A (sky130_fd_sc_hd__buf_4)
     5    0.020329    0.066330    0.120752    2.131871 ^ input11/X (sky130_fd_sc_hd__buf_4)
                                                         net11 (net)
                      0.066330    0.000102    2.131973 ^ fanout48/A (sky130_fd_sc_hd__buf_6)
     5    0.016919    0.045386    0.108435    2.240408 ^ fanout48/X (sky130_fd_sc_hd__buf_6)
                                                         net48 (net)
                      0.045388    0.000309    2.240718 ^ _315_/C_N (sky130_fd_sc_hd__or4bb_4)
     1    0.009051    0.094883    0.532696    2.773414 v _315_/X (sky130_fd_sc_hd__or4bb_4)
                                                         _247_ (net)
                      0.094883    0.000015    2.773429 v _317_/A2 (sky130_fd_sc_hd__a21oi_4)
     2    0.011741    0.137918    0.187427    2.960857 ^ _317_/Y (sky130_fd_sc_hd__a21oi_4)
                                                         _249_ (net)
                      0.137918    0.000036    2.960893 ^ _319_/A (sky130_fd_sc_hd__xor2_2)
     2    0.011705    0.189941    0.200612    3.161504 ^ _319_/X (sky130_fd_sc_hd__xor2_2)
                                                         _251_ (net)
                      0.189941    0.000063    3.161567 ^ _320_/A (sky130_fd_sc_hd__xnor2_2)
     2    0.011478    0.200437    0.163465    3.325032 ^ _320_/Y (sky130_fd_sc_hd__xnor2_2)
                                                         _252_ (net)
                      0.200437    0.000034    3.325067 ^ _323_/B (sky130_fd_sc_hd__xnor2_2)
     2    0.006803    0.146557    0.143520    3.468587 ^ _323_/Y (sky130_fd_sc_hd__xnor2_2)
                                                         _255_ (net)
                      0.146557    0.000001    3.468588 ^ rebuffer3/A (sky130_fd_sc_hd__dlygate4sd1_1)
     1    0.009116    0.099015    0.257750    3.726338 ^ rebuffer3/X (sky130_fd_sc_hd__dlygate4sd1_1)
                                                         net55 (net)
                      0.099015    0.000033    3.726370 ^ _341_/B (sky130_fd_sc_hd__xor2_2)
     3    0.011475    0.180779    0.198301    3.924672 ^ _341_/X (sky130_fd_sc_hd__xor2_2)
                                                         _002_ (net)
                      0.180779    0.000091    3.924762 ^ _346_/B (sky130_fd_sc_hd__xor2_1)
     1    0.004993    0.154478    0.189079    4.113842 ^ _346_/X (sky130_fd_sc_hd__xor2_1)
                                                         _007_ (net)
                      0.154478    0.000007    4.113849 ^ _350_/B (sky130_fd_sc_hd__xnor2_1)
     3    0.009178    0.088164    0.121204    4.235054 v _350_/Y (sky130_fd_sc_hd__xnor2_1)
                                                         _011_ (net)
                      0.088164    0.000086    4.235139 v _555_/B (sky130_fd_sc_hd__or2_1)
     1    0.001877    0.043716    0.210350    4.445489 v _555_/X (sky130_fd_sc_hd__or2_1)
                                                         _206_ (net)
                      0.043716    0.000004    4.445493 v _556_/B (sky130_fd_sc_hd__and2_1)
     1    0.004593    0.042328    0.158425    4.603918 v _556_/X (sky130_fd_sc_hd__and2_1)
                                                         net27 (net)
                      0.042328    0.000061    4.603979 v output27/A (sky130_fd_sc_hd__buf_2)
     1    0.034344    0.089485    0.179462    4.783441 v output27/X (sky130_fd_sc_hd__buf_2)
                                                         P[5] (net)
                      0.089485    0.000198    4.783638 v P[5] (out)
                                              4.783638   data arrival time

                      0.000000   10.000000   10.000000   clock __VIRTUAL_CLK__ (rise edge)
                                  0.000000   10.000000   clock network delay (ideal)
                                 -0.250000    9.750000   clock uncertainty
                                  0.000000    9.750000   clock reconvergence pessimism
                                 -2.000000    7.750000   output external delay
                                              7.750000   data required time
---------------------------------------------------------------------------------------------
                                              7.750000   data required time
                                             -4.783638   data arrival time
---------------------------------------------------------------------------------------------
                                              2.966362   slack (MET)


Startpoint: B[0] (input port clocked by __VIRTUAL_CLK__)
Endpoint: P[4] (output port clocked by __VIRTUAL_CLK__)
Path Group: __VIRTUAL_CLK__
Path Type: max

Fanout         Cap        Slew       Delay        Time   Description
---------------------------------------------------------------------------------------------
                      0.000000    0.000000    0.000000   clock __VIRTUAL_CLK__ (rise edge)
                                  0.000000    0.000000   clock network delay (ideal)
                                  2.000000    2.000000 ^ input external delay
     1    0.002700    0.019997    0.009945    2.009945 ^ B[0] (in)
                                                         B[0] (net)
                      0.019997    0.000000    2.009945 ^ input9/A (sky130_fd_sc_hd__buf_1)
     2    0.007485    0.096208    0.109321    2.119266 ^ input9/X (sky130_fd_sc_hd__buf_1)
                                                         net9 (net)
                      0.096208    0.000007    2.119273 ^ fanout33/A (sky130_fd_sc_hd__clkbuf_2)
    10    0.025309    0.142311    0.193265    2.312538 ^ fanout33/X (sky130_fd_sc_hd__clkbuf_2)
                                                         net33 (net)
                      0.142311    0.000156    2.312693 ^ _281_/A (sky130_fd_sc_hd__and3_1)
     3    0.007726    0.094565    0.201645    2.514338 ^ _281_/X (sky130_fd_sc_hd__and3_1)
                                                         _215_ (net)
                      0.094565    0.000027    2.514365 ^ _297_/S (sky130_fd_sc_hd__mux2_2)
     2    0.013926    0.076984    0.380427    2.894792 v _297_/X (sky130_fd_sc_hd__mux2_2)
                                                         _230_ (net)
                      0.076984    0.000118    2.894910 v _298_/B (sky130_fd_sc_hd__xor2_2)
     2    0.009556    0.073228    0.166726    3.061636 v _298_/X (sky130_fd_sc_hd__xor2_2)
                                                         _231_ (net)
                      0.073228    0.000015    3.061651 v _303_/A (sky130_fd_sc_hd__xnor2_1)
     2    0.006169    0.186769    0.206924    3.268575 ^ _303_/Y (sky130_fd_sc_hd__xnor2_1)
                                                         _236_ (net)
                      0.186769    0.000027    3.268601 ^ _304_/B (sky130_fd_sc_hd__or2_4)
     3    0.017916    0.067029    0.179260    3.447861 ^ _304_/X (sky130_fd_sc_hd__or2_4)
                                                         _237_ (net)
                      0.067029    0.000042    3.447903 ^ _306_/A (sky130_fd_sc_hd__nand2_1)
     2    0.007573    0.062816    0.076245    3.524148 v _306_/Y (sky130_fd_sc_hd__nand2_1)
                                                         _239_ (net)
                      0.062816    0.000095    3.524243 v _308_/B (sky130_fd_sc_hd__and2_1)
     1    0.002995    0.035961    0.159160    3.683403 v _308_/X (sky130_fd_sc_hd__and2_1)
                                                         _241_ (net)
                      0.035961    0.000012    3.683414 v _309_/B (sky130_fd_sc_hd__nor2_1)
     1    0.005400    0.117628    0.110663    3.794077 ^ _309_/Y (sky130_fd_sc_hd__nor2_1)
                                                         net26 (net)
                      0.117628    0.000082    3.794159 ^ output26/A (sky130_fd_sc_hd__buf_2)
     1    0.034344    0.170830    0.225427    4.019586 ^ output26/X (sky130_fd_sc_hd__buf_2)
                                                         P[4] (net)
                      0.170830    0.000198    4.019783 ^ P[4] (out)
                                              4.019783   data arrival time

                      0.000000   10.000000   10.000000   clock __VIRTUAL_CLK__ (rise edge)
                                  0.000000   10.000000   clock network delay (ideal)
                                 -0.250000    9.750000   clock uncertainty
                                  0.000000    9.750000   clock reconvergence pessimism
                                 -2.000000    7.750000   output external delay
                                              7.750000   data required time
---------------------------------------------------------------------------------------------
                                              7.750000   data required time
                                             -4.019783   data arrival time
---------------------------------------------------------------------------------------------
                                              3.730216   slack (MET)


Startpoint: B[0] (input port clocked by __VIRTUAL_CLK__)
Endpoint: P[3] (output port clocked by __VIRTUAL_CLK__)
Path Group: __VIRTUAL_CLK__
Path Type: max

Fanout         Cap        Slew       Delay        Time   Description
---------------------------------------------------------------------------------------------
                      0.000000    0.000000    0.000000   clock __VIRTUAL_CLK__ (rise edge)
                                  0.000000    0.000000   clock network delay (ideal)
                                  2.000000    2.000000 ^ input external delay
     1    0.002700    0.019997    0.009945    2.009945 ^ B[0] (in)
                                                         B[0] (net)
                      0.019997    0.000000    2.009945 ^ input9/A (sky130_fd_sc_hd__buf_1)
     2    0.007485    0.096208    0.109321    2.119266 ^ input9/X (sky130_fd_sc_hd__buf_1)
                                                         net9 (net)
                      0.096208    0.000007    2.119273 ^ fanout33/A (sky130_fd_sc_hd__clkbuf_2)
    10    0.025309    0.142311    0.193265    2.312538 ^ fanout33/X (sky130_fd_sc_hd__clkbuf_2)
                                                         net33 (net)
                      0.142311    0.000080    2.312618 ^ _275_/A (sky130_fd_sc_hd__nor2_1)
     4    0.011769    0.072284    0.103958    2.416576 v _275_/Y (sky130_fd_sc_hd__nor2_1)
                                                         _211_ (net)
                      0.072284    0.000077    2.416653 v _283_/A (sky130_fd_sc_hd__or3_1)
     2    0.006188    0.083620    0.397884    2.814537 v _283_/X (sky130_fd_sc_hd__or3_1)
                                                         _217_ (net)
                      0.083620    0.000069    2.814606 v _290_/A (sky130_fd_sc_hd__or2_1)
     3    0.007570    0.070215    0.263176    3.077782 v _290_/X (sky130_fd_sc_hd__or2_1)
                                                         _224_ (net)
                      0.070215    0.000040    3.077822 v _292_/A (sky130_fd_sc_hd__and2_1)
     1    0.006695    0.051174    0.161079    3.238901 v _292_/X (sky130_fd_sc_hd__and2_1)
                                                         net25 (net)
                      0.051174    0.000129    3.239030 v output25/A (sky130_fd_sc_hd__buf_2)
     1    0.034344    0.089422    0.183272    3.422302 v output25/X (sky130_fd_sc_hd__buf_2)
                                                         P[3] (net)
                      0.089422    0.000197    3.422500 v P[3] (out)
                                              3.422500   data arrival time

                      0.000000   10.000000   10.000000   clock __VIRTUAL_CLK__ (rise edge)
                                  0.000000   10.000000   clock network delay (ideal)
                                 -0.250000    9.750000   clock uncertainty
                                  0.000000    9.750000   clock reconvergence pessimism
                                 -2.000000    7.750000   output external delay
                                              7.750000   data required time
---------------------------------------------------------------------------------------------
                                              7.750000   data required time
                                             -3.422500   data arrival time
---------------------------------------------------------------------------------------------
                                              4.327500   slack (MET)


Startpoint: A[0] (input port clocked by __VIRTUAL_CLK__)
Endpoint: P[1] (output port clocked by __VIRTUAL_CLK__)
Path Group: __VIRTUAL_CLK__
Path Type: max

Fanout         Cap        Slew       Delay        Time   Description
---------------------------------------------------------------------------------------------
                      0.000000    0.000000    0.000000   clock __VIRTUAL_CLK__ (rise edge)
                                  0.000000    0.000000   clock network delay (ideal)
                                  2.000000    2.000000 v input external delay
     1    0.003125    0.009387    0.004963    2.004963 v A[0] (in)
                                                         A[0] (net)
                      0.009387    0.000000    2.004963 v input1/A (sky130_fd_sc_hd__buf_4)
     2    0.014236    0.037719    0.129742    2.134705 v input1/X (sky130_fd_sc_hd__buf_4)
                                                         net1 (net)
                      0.037722    0.000386    2.135091 v fanout50/A (sky130_fd_sc_hd__buf_2)
    10    0.031157    0.082830    0.171278    2.306369 v fanout50/X (sky130_fd_sc_hd__buf_2)
                                                         net50 (net)
                      0.082837    0.000785    2.307154 v _274_/C (sky130_fd_sc_hd__and3_1)
     2    0.005071    0.048143    0.202475    2.509629 v _274_/X (sky130_fd_sc_hd__and3_1)
                                                         _210_ (net)
                      0.048143    0.000004    2.509633 v _277_/A (sky130_fd_sc_hd__nor3_1)
     1    0.002470    0.140527    0.169498    2.679131 ^ _277_/Y (sky130_fd_sc_hd__nor3_1)
                                                         net23 (net)
                      0.140527    0.000008    2.679139 ^ output23/A (sky130_fd_sc_hd__buf_2)
     1    0.033989    0.169200    0.230997    2.910136 ^ output23/X (sky130_fd_sc_hd__buf_2)
                                                         P[1] (net)
                      0.169200    0.000083    2.910218 ^ P[1] (out)
                                              2.910218   data arrival time

                      0.000000   10.000000   10.000000   clock __VIRTUAL_CLK__ (rise edge)
                                  0.000000   10.000000   clock network delay (ideal)
                                 -0.250000    9.750000   clock uncertainty
                                  0.000000    9.750000   clock reconvergence pessimism
                                 -2.000000    7.750000   output external delay
                                              7.750000   data required time
---------------------------------------------------------------------------------------------
                                              7.750000   data required time
                                             -2.910218   data arrival time
---------------------------------------------------------------------------------------------
                                              4.839782   slack (MET)


Startpoint: A[1] (input port clocked by __VIRTUAL_CLK__)
Endpoint: P[2] (output port clocked by __VIRTUAL_CLK__)
Path Group: __VIRTUAL_CLK__
Path Type: max

Fanout         Cap        Slew       Delay        Time   Description
---------------------------------------------------------------------------------------------
                      0.000000    0.000000    0.000000   clock __VIRTUAL_CLK__ (rise edge)
                                  0.000000    0.000000   clock network delay (ideal)
                                  2.000000    2.000000 ^ input external delay
     1    0.003007    0.020624    0.011021    2.011021 ^ A[1] (in)
                                                         A[1] (net)
                      0.020624    0.000000    2.011021 ^ input2/A (sky130_fd_sc_hd__buf_1)
     2    0.011331    0.139748    0.139682    2.150703 ^ input2/X (sky130_fd_sc_hd__buf_1)
                                                         net2 (net)
                      0.139749    0.000320    2.151023 ^ fanout40/A (sky130_fd_sc_hd__buf_2)
    10    0.029187    0.146905    0.214581    2.365604 ^ fanout40/X (sky130_fd_sc_hd__buf_2)
                                                         net40 (net)
                      0.146906    0.000678    2.366282 ^ _274_/B (sky130_fd_sc_hd__and3_1)
     2    0.005599    0.076239    0.190404    2.556686 ^ _274_/X (sky130_fd_sc_hd__and3_1)
                                                         _210_ (net)
                      0.076239    0.000004    2.556691 ^ _279_/B1 (sky130_fd_sc_hd__a21oi_1)
     1    0.002620    0.055617    0.043746    2.600437 v _279_/Y (sky130_fd_sc_hd__a21oi_1)
                                                         _214_ (net)
                      0.055617    0.000006    2.600442 v _280_/B (sky130_fd_sc_hd__nor2_1)
     1    0.002424    0.072850    0.080351    2.680794 ^ _280_/Y (sky130_fd_sc_hd__nor2_1)
                                                         net24 (net)
                      0.072850    0.000006    2.680800 ^ output24/A (sky130_fd_sc_hd__buf_2)
     1    0.034058    0.169213    0.208047    2.888847 ^ output24/X (sky130_fd_sc_hd__buf_2)
                                                         P[2] (net)
                      0.169213    0.000099    2.888946 ^ P[2] (out)
                                              2.888946   data arrival time

                      0.000000   10.000000   10.000000   clock __VIRTUAL_CLK__ (rise edge)
                                  0.000000   10.000000   clock network delay (ideal)
                                 -0.250000    9.750000   clock uncertainty
                                  0.000000    9.750000   clock reconvergence pessimism
                                 -2.000000    7.750000   output external delay
                                              7.750000   data required time
---------------------------------------------------------------------------------------------
                                              7.750000   data required time
                                             -2.888946   data arrival time
---------------------------------------------------------------------------------------------
                                              4.861054   slack (MET)



