
===========================================================================
report_checks -path_delay min (Hold)
============================================================================
======================= nom_ss_100C_1v60 Corner ===================================

Startpoint: A[7] (input port clocked by __VIRTUAL_CLK__)
Endpoint: P[15] (output port clocked by __VIRTUAL_CLK__)
Path Group: __VIRTUAL_CLK__
Path Type: min

Fanout         Cap        Slew       Delay        Time   Description
---------------------------------------------------------------------------------------------
                      0.000000    0.000000    0.000000   clock __VIRTUAL_CLK__ (rise edge)
                                  0.000000    0.000000   clock network delay (ideal)
                                  2.000000    2.000000 ^ input external delay
     1    0.003116    0.034345    0.017464    2.017464 ^ A[7] (in)
                                                         A[7] (net)
                      0.034345    0.000000    2.017464 ^ input8/A (sky130_fd_sc_hd__buf_1)
     2    0.007748    0.160322    0.199054    2.216518 ^ input8/X (sky130_fd_sc_hd__buf_1)
                                                         net8 (net)
                      0.160322    0.000198    2.216715 ^ _565_/A4 (sky130_fd_sc_hd__a41o_1)
     1    0.003491    0.080084    0.411976    2.628692 ^ _565_/X (sky130_fd_sc_hd__a41o_1)
                                                         _213_ (net)
                      0.080084    0.000104    2.628795 ^ _566_/B1 (sky130_fd_sc_hd__a21o_1)
     1    0.005265    0.087297    0.167070    2.795866 ^ _566_/X (sky130_fd_sc_hd__a21o_1)
                                                         net23 (net)
                      0.087297    0.000160    2.796026 ^ output23/A (sky130_fd_sc_hd__buf_6)
     1    0.034423    0.123223    0.230838    3.026864 ^ output23/X (sky130_fd_sc_hd__buf_6)
                                                         P[15] (net)
                      0.123226    0.000792    3.027656 ^ P[15] (out)
                                              3.027656   data arrival time

                      0.000000    0.000000    0.000000   clock __VIRTUAL_CLK__ (rise edge)
                                  0.000000    0.000000   clock network delay (ideal)
                                  0.250000    0.250000   clock uncertainty
                                  0.000000    0.250000   clock reconvergence pessimism
                                 -2.000000   -1.750000   output external delay
                                             -1.750000   data required time
---------------------------------------------------------------------------------------------
                                             -1.750000   data required time
                                             -3.027656   data arrival time
---------------------------------------------------------------------------------------------
                                              4.777656   slack (MET)


Startpoint: A[0] (input port clocked by __VIRTUAL_CLK__)
Endpoint: P[2] (output port clocked by __VIRTUAL_CLK__)
Path Group: __VIRTUAL_CLK__
Path Type: min

Fanout         Cap        Slew       Delay        Time   Description
---------------------------------------------------------------------------------------------
                      0.000000    0.000000    0.000000   clock __VIRTUAL_CLK__ (rise edge)
                                  0.000000    0.000000   clock network delay (ideal)
                                  2.000000    2.000000 ^ input external delay
     1    0.003172    0.034717    0.017755    2.017755 ^ A[0] (in)
                                                         A[0] (net)
                      0.034717    0.000000    2.017755 ^ input1/A (sky130_fd_sc_hd__buf_4)
     2    0.017126    0.096990    0.209186    2.226941 ^ input1/X (sky130_fd_sc_hd__buf_4)
                                                         net1 (net)
                      0.096990    0.000468    2.227409 ^ fanout48/A (sky130_fd_sc_hd__buf_6)
     5    0.012051    0.060564    0.182903    2.410312 ^ fanout48/X (sky130_fd_sc_hd__buf_6)
                                                         net48 (net)
                      0.060564    0.000203    2.410515 ^ _286_/A (sky130_fd_sc_hd__and2_1)
     3    0.015933    0.263221    0.356414    2.766929 ^ _286_/X (sky130_fd_sc_hd__and2_1)
                                                         _222_ (net)
                      0.263221    0.000511    2.767441 ^ _288_/A (sky130_fd_sc_hd__xor2_1)
     1    0.002223    0.063187    0.189956    2.957397 v _288_/X (sky130_fd_sc_hd__xor2_1)
                                                         net25 (net)
                      0.063187    0.000063    2.957460 v output25/A (sky130_fd_sc_hd__buf_2)
     1    0.034047    0.165067    0.340748    3.298208 v output25/X (sky130_fd_sc_hd__buf_2)
                                                         P[2] (net)
                      0.165067    0.000655    3.298863 v P[2] (out)
                                              3.298863   data arrival time

                      0.000000    0.000000    0.000000   clock __VIRTUAL_CLK__ (rise edge)
                                  0.000000    0.000000   clock network delay (ideal)
                                  0.250000    0.250000   clock uncertainty
                                  0.000000    0.250000   clock reconvergence pessimism
                                 -2.000000   -1.750000   output external delay
                                             -1.750000   data required time
---------------------------------------------------------------------------------------------
                                             -1.750000   data required time
                                             -3.298863   data arrival time
---------------------------------------------------------------------------------------------
                                              5.048863   slack (MET)


Startpoint: A[1] (input port clocked by __VIRTUAL_CLK__)
Endpoint: P[1] (output port clocked by __VIRTUAL_CLK__)
Path Group: __VIRTUAL_CLK__
Path Type: min

Fanout         Cap        Slew       Delay        Time   Description
---------------------------------------------------------------------------------------------
                      0.000000    0.000000    0.000000   clock __VIRTUAL_CLK__ (rise edge)
                                  0.000000    0.000000   clock network delay (ideal)
                                  2.000000    2.000000 v input external delay
     1    0.002722    0.018164    0.008989    2.008990 v A[1] (in)
                                                         A[1] (net)
                      0.018164    0.000000    2.008990 v input2/A (sky130_fd_sc_hd__clkbuf_2)
     5    0.024410    0.176637    0.264603    2.273593 v input2/X (sky130_fd_sc_hd__clkbuf_2)
                                                         net2 (net)
                      0.176637    0.000683    2.274276 v fanout40/A (sky130_fd_sc_hd__buf_6)
     6    0.014188    0.049025    0.267292    2.541568 v fanout40/X (sky130_fd_sc_hd__buf_6)
                                                         net40 (net)
                      0.049025    0.000328    2.541896 v _284_/D (sky130_fd_sc_hd__nand4_1)
     2    0.007729    0.153792    0.174953    2.716849 ^ _284_/Y (sky130_fd_sc_hd__nand4_1)
                                                         _221_ (net)
                      0.153792    0.000189    2.717038 ^ _285_/A3 (sky130_fd_sc_hd__a31o_1)
     1    0.002603    0.068264    0.320646    3.037685 ^ _285_/X (sky130_fd_sc_hd__a31o_1)
                                                         net24 (net)
                      0.068264    0.000076    3.037760 ^ output24/A (sky130_fd_sc_hd__buf_2)
     1    0.034029    0.270362    0.341454    3.379214 ^ output24/X (sky130_fd_sc_hd__buf_2)
                                                         P[1] (net)
                      0.270362    0.000641    3.379855 ^ P[1] (out)
                                              3.379855   data arrival time

                      0.000000    0.000000    0.000000   clock __VIRTUAL_CLK__ (rise edge)
                                  0.000000    0.000000   clock network delay (ideal)
                                  0.250000    0.250000   clock uncertainty
                                  0.000000    0.250000   clock reconvergence pessimism
                                 -2.000000   -1.750000   output external delay
                                             -1.750000   data required time
---------------------------------------------------------------------------------------------
                                             -1.750000   data required time
                                             -3.379855   data arrival time
---------------------------------------------------------------------------------------------
                                              5.129855   slack (MET)


Startpoint: A[0] (input port clocked by __VIRTUAL_CLK__)
Endpoint: P[0] (output port clocked by __VIRTUAL_CLK__)
Path Group: __VIRTUAL_CLK__
Path Type: min

Fanout         Cap        Slew       Delay        Time   Description
---------------------------------------------------------------------------------------------
                      0.000000    0.000000    0.000000   clock __VIRTUAL_CLK__ (rise edge)
                                  0.000000    0.000000   clock network delay (ideal)
                                  2.000000    2.000000 ^ input external delay
     1    0.003172    0.034717    0.017755    2.017755 ^ A[0] (in)
                                                         A[0] (net)
                      0.034717    0.000000    2.017755 ^ input1/A (sky130_fd_sc_hd__buf_4)
     2    0.017126    0.096990    0.209186    2.226941 ^ input1/X (sky130_fd_sc_hd__buf_4)
                                                         net1 (net)
                      0.096990    0.000468    2.227409 ^ fanout48/A (sky130_fd_sc_hd__buf_6)
     5    0.012051    0.060564    0.182903    2.410312 ^ fanout48/X (sky130_fd_sc_hd__buf_6)
                                                         net48 (net)
                      0.060564    0.000219    2.410531 ^ rebuffer7/A (sky130_fd_sc_hd__dlygate4sd1_1)
     2    0.004850    0.092060    0.388513    2.799045 ^ rebuffer7/X (sky130_fd_sc_hd__dlygate4sd1_1)
                                                         net56 (net)
                      0.092060    0.000089    2.799134 ^ _282_/B (sky130_fd_sc_hd__and2_1)
     3    0.008634    0.159057    0.301298    3.100432 ^ _282_/X (sky130_fd_sc_hd__and2_1)
                                                         net17 (net)
                      0.159057    0.000232    3.100663 ^ output17/A (sky130_fd_sc_hd__buf_2)
     1    0.034155    0.271478    0.384546    3.485209 ^ output17/X (sky130_fd_sc_hd__buf_2)
                                                         P[0] (net)
                      0.271478    0.000706    3.485916 ^ P[0] (out)
                                              3.485916   data arrival time

                      0.000000    0.000000    0.000000   clock __VIRTUAL_CLK__ (rise edge)
                                  0.000000    0.000000   clock network delay (ideal)
                                  0.250000    0.250000   clock uncertainty
                                  0.000000    0.250000   clock reconvergence pessimism
                                 -2.000000   -1.750000   output external delay
                                             -1.750000   data required time
---------------------------------------------------------------------------------------------
                                             -1.750000   data required time
                                             -3.485916   data arrival time
---------------------------------------------------------------------------------------------
                                              5.235916   slack (MET)


Startpoint: B[7] (input port clocked by __VIRTUAL_CLK__)
Endpoint: P[14] (output port clocked by __VIRTUAL_CLK__)
Path Group: __VIRTUAL_CLK__
Path Type: min

Fanout         Cap        Slew       Delay        Time   Description
---------------------------------------------------------------------------------------------
                      0.000000    0.000000    0.000000   clock __VIRTUAL_CLK__ (rise edge)
                                  0.000000    0.000000   clock network delay (ideal)
                                  2.000000    2.000000 v input external delay
     1    0.002608    0.017733    0.008634    2.008634 v B[7] (in)
                                                         B[7] (net)
                      0.017733    0.000000    2.008634 v input16/A (sky130_fd_sc_hd__buf_2)
     5    0.027061    0.137520    0.297133    2.305767 v input16/X (sky130_fd_sc_hd__buf_2)
                                                         net16 (net)
                      0.137552    0.002059    2.307827 v _560_/A1 (sky130_fd_sc_hd__a31o_1)
     1    0.002741    0.061721    0.345549    2.653376 v _560_/X (sky130_fd_sc_hd__a31o_1)
                                                         _209_ (net)
                      0.061721    0.000082    2.653458 v _561_/B (sky130_fd_sc_hd__nand2_1)
     2    0.008974    0.151165    0.157709    2.811167 ^ _561_/Y (sky130_fd_sc_hd__nand2_1)
                                                         _210_ (net)
                      0.151165    0.000328    2.811495 ^ _562_/B (sky130_fd_sc_hd__xor2_1)
     2    0.008110    0.106720    0.209998    3.021493 v _562_/X (sky130_fd_sc_hd__xor2_1)
                                                         _211_ (net)
                      0.106720    0.000250    3.021743 v _563_/B (sky130_fd_sc_hd__xor2_1)
     1    0.005061    0.084063    0.295716    3.317459 v _563_/X (sky130_fd_sc_hd__xor2_1)
                                                         net22 (net)
                      0.084063    0.000157    3.317616 v output22/A (sky130_fd_sc_hd__buf_6)
     1    0.034473    0.076210    0.253643    3.571259 v output22/X (sky130_fd_sc_hd__buf_6)
                                                         P[14] (net)
                      0.076218    0.000806    3.572065 v P[14] (out)
                                              3.572065   data arrival time

                      0.000000    0.000000    0.000000   clock __VIRTUAL_CLK__ (rise edge)
                                  0.000000    0.000000   clock network delay (ideal)
                                  0.250000    0.250000   clock uncertainty
                                  0.000000    0.250000   clock reconvergence pessimism
                                 -2.000000   -1.750000   output external delay
                                             -1.750000   data required time
---------------------------------------------------------------------------------------------
                                             -1.750000   data required time
                                             -3.572065   data arrival time
---------------------------------------------------------------------------------------------
                                              5.322065   slack (MET)


Startpoint: A[3] (input port clocked by __VIRTUAL_CLK__)
Endpoint: P[3] (output port clocked by __VIRTUAL_CLK__)
Path Group: __VIRTUAL_CLK__
Path Type: min

Fanout         Cap        Slew       Delay        Time   Description
---------------------------------------------------------------------------------------------
                      0.000000    0.000000    0.000000   clock __VIRTUAL_CLK__ (rise edge)
                                  0.000000    0.000000   clock network delay (ideal)
                                  2.000000    2.000000 v input external delay
     1    0.002546    0.017498    0.008433    2.008433 v A[3] (in)
                                                         A[3] (net)
                      0.017498    0.000000    2.008433 v input4/A (sky130_fd_sc_hd__buf_1)
     2    0.015567    0.183871    0.242327    2.250761 v input4/X (sky130_fd_sc_hd__buf_1)
                                                         net4 (net)
                      0.183871    0.000551    2.251312 v fanout38/A (sky130_fd_sc_hd__buf_4)
    10    0.032120    0.098861    0.354347    2.605659 v fanout38/X (sky130_fd_sc_hd__buf_4)
                                                         net38 (net)
                      0.098888    0.001580    2.607239 v _291_/A2 (sky130_fd_sc_hd__a21oi_1)
     1    0.001766    0.115213    0.213201    2.820440 ^ _291_/Y (sky130_fd_sc_hd__a21oi_1)
                                                         _226_ (net)
                      0.115213    0.000049    2.820489 ^ _292_/C (sky130_fd_sc_hd__or3_1)
     2    0.012248    0.189601    0.280566    3.101055 ^ _292_/X (sky130_fd_sc_hd__or3_1)
                                                         _227_ (net)
                      0.189601    0.000641    3.101696 ^ _301_/A (sky130_fd_sc_hd__xnor2_1)
     1    0.006636    0.129749    0.226911    3.328607 v _301_/Y (sky130_fd_sc_hd__xnor2_1)
                                                         net26 (net)
                      0.129749    0.000296    3.328902 v output26/A (sky130_fd_sc_hd__buf_2)
     1    0.034393    0.166451    0.373502    3.702404 v output26/X (sky130_fd_sc_hd__buf_2)
                                                         P[3] (net)
                      0.166452    0.000748    3.703152 v P[3] (out)
                                              3.703152   data arrival time

                      0.000000    0.000000    0.000000   clock __VIRTUAL_CLK__ (rise edge)
                                  0.000000    0.000000   clock network delay (ideal)
                                  0.250000    0.250000   clock uncertainty
                                  0.000000    0.250000   clock reconvergence pessimism
                                 -2.000000   -1.750000   output external delay
                                             -1.750000   data required time
---------------------------------------------------------------------------------------------
                                             -1.750000   data required time
                                             -3.703152   data arrival time
---------------------------------------------------------------------------------------------
                                              5.453152   slack (MET)


Startpoint: A[4] (input port clocked by __VIRTUAL_CLK__)
Endpoint: P[4] (output port clocked by __VIRTUAL_CLK__)
Path Group: __VIRTUAL_CLK__
Path Type: min

Fanout         Cap        Slew       Delay        Time   Description
---------------------------------------------------------------------------------------------
                      0.000000    0.000000    0.000000   clock __VIRTUAL_CLK__ (rise edge)
                                  0.000000    0.000000   clock network delay (ideal)
                                  2.000000    2.000000 v input external delay
     1    0.003068    0.019485    0.010083    2.010083 v A[4] (in)
                                                         A[4] (net)
                      0.019485    0.000000    2.010083 v input5/A (sky130_fd_sc_hd__buf_1)
     2    0.022880    0.263259    0.300843    2.310927 v input5/X (sky130_fd_sc_hd__buf_1)
                                                         net5 (net)
                      0.263259    0.000640    2.311567 v fanout37/A (sky130_fd_sc_hd__clkbuf_4)
    10    0.051258    0.193346    0.458279    2.769845 v fanout37/X (sky130_fd_sc_hd__clkbuf_4)
                                                         net37 (net)
                      0.193377    0.002415    2.772261 v _302_/B (sky130_fd_sc_hd__nand2_1)
     4    0.012844    0.198650    0.258704    3.030964 ^ _302_/Y (sky130_fd_sc_hd__nand2_1)
                                                         _236_ (net)
                      0.198652    0.000480    3.031445 ^ _316_/A (sky130_fd_sc_hd__and2_1)
     1    0.002864    0.080306    0.270036    3.301481 ^ _316_/X (sky130_fd_sc_hd__and2_1)
                                                         _250_ (net)
                      0.080306    0.000081    3.301562 ^ _317_/B (sky130_fd_sc_hd__nor2_1)
     1    0.006036    0.062213    0.094494    3.396056 v _317_/Y (sky130_fd_sc_hd__nor2_1)
                                                         net27 (net)
                      0.062213    0.000274    3.396330 v output27/A (sky130_fd_sc_hd__buf_2)
     1    0.034393    0.166466    0.341345    3.737675 v output27/X (sky130_fd_sc_hd__buf_2)
                                                         P[4] (net)
                      0.166467    0.000747    3.738423 v P[4] (out)
                                              3.738423   data arrival time

                      0.000000    0.000000    0.000000   clock __VIRTUAL_CLK__ (rise edge)
                                  0.000000    0.000000   clock network delay (ideal)
                                  0.250000    0.250000   clock uncertainty
                                  0.000000    0.250000   clock reconvergence pessimism
                                 -2.000000   -1.750000   output external delay
                                             -1.750000   data required time
---------------------------------------------------------------------------------------------
                                             -1.750000   data required time
                                             -3.738423   data arrival time
---------------------------------------------------------------------------------------------
                                              5.488422   slack (MET)


Startpoint: A[4] (input port clocked by __VIRTUAL_CLK__)
Endpoint: P[5] (output port clocked by __VIRTUAL_CLK__)
Path Group: __VIRTUAL_CLK__
Path Type: min

Fanout         Cap        Slew       Delay        Time   Description
---------------------------------------------------------------------------------------------
                      0.000000    0.000000    0.000000   clock __VIRTUAL_CLK__ (rise edge)
                                  0.000000    0.000000   clock network delay (ideal)
                                  2.000000    2.000000 v input external delay
     1    0.003068    0.019485    0.010083    2.010083 v A[4] (in)
                                                         A[4] (net)
                      0.019485    0.000000    2.010083 v input5/A (sky130_fd_sc_hd__buf_1)
     2    0.022880    0.263259    0.300843    2.310927 v input5/X (sky130_fd_sc_hd__buf_1)
                                                         net5 (net)
                      0.263259    0.000640    2.311567 v fanout37/A (sky130_fd_sc_hd__clkbuf_4)
    10    0.051258    0.193346    0.458279    2.769845 v fanout37/X (sky130_fd_sc_hd__clkbuf_4)
                                                         net37 (net)
                      0.193377    0.002415    2.772261 v _302_/B (sky130_fd_sc_hd__nand2_1)
     4    0.012844    0.198650    0.258704    3.030964 ^ _302_/Y (sky130_fd_sc_hd__nand2_1)
                                                         _236_ (net)
                      0.198652    0.000428    3.031392 ^ _315_/A (sky130_fd_sc_hd__nor2_1)
     2    0.007328    0.087724    0.166646    3.198039 v _315_/Y (sky130_fd_sc_hd__nor2_1)
                                                         _249_ (net)
                      0.087724    0.000173    3.198212 v _567_/A (sky130_fd_sc_hd__xnor2_1)
     1    0.006991    0.133344    0.269853    3.468065 v _567_/Y (sky130_fd_sc_hd__xnor2_1)
                                                         net28 (net)
                      0.133344    0.000318    3.468383 v output28/A (sky130_fd_sc_hd__buf_2)
     1    0.034393    0.166456    0.375235    3.843618 v output28/X (sky130_fd_sc_hd__buf_2)
                                                         P[5] (net)
                      0.166457    0.000747    3.844365 v P[5] (out)
                                              3.844365   data arrival time

                      0.000000    0.000000    0.000000   clock __VIRTUAL_CLK__ (rise edge)
                                  0.000000    0.000000   clock network delay (ideal)
                                  0.250000    0.250000   clock uncertainty
                                  0.000000    0.250000   clock reconvergence pessimism
                                 -2.000000   -1.750000   output external delay
                                             -1.750000   data required time
---------------------------------------------------------------------------------------------
                                             -1.750000   data required time
                                             -3.844365   data arrival time
---------------------------------------------------------------------------------------------
                                              5.594365   slack (MET)


Startpoint: A[4] (input port clocked by __VIRTUAL_CLK__)
Endpoint: P[6] (output port clocked by __VIRTUAL_CLK__)
Path Group: __VIRTUAL_CLK__
Path Type: min

Fanout         Cap        Slew       Delay        Time   Description
---------------------------------------------------------------------------------------------
                      0.000000    0.000000    0.000000   clock __VIRTUAL_CLK__ (rise edge)
                                  0.000000    0.000000   clock network delay (ideal)
                                  2.000000    2.000000 v input external delay
     1    0.003068    0.019485    0.010083    2.010083 v A[4] (in)
                                                         A[4] (net)
                      0.019485    0.000000    2.010083 v input5/A (sky130_fd_sc_hd__buf_1)
     2    0.022880    0.263259    0.300843    2.310927 v input5/X (sky130_fd_sc_hd__buf_1)
                                                         net5 (net)
                      0.263259    0.000640    2.311567 v fanout37/A (sky130_fd_sc_hd__clkbuf_4)
    10    0.051258    0.193346    0.458279    2.769845 v fanout37/X (sky130_fd_sc_hd__clkbuf_4)
                                                         net37 (net)
                      0.193377    0.002415    2.772261 v _302_/B (sky130_fd_sc_hd__nand2_1)
     4    0.012844    0.198650    0.258704    3.030964 ^ _302_/Y (sky130_fd_sc_hd__nand2_1)
                                                         _236_ (net)
                      0.198652    0.000454    3.031419 ^ _360_/A (sky130_fd_sc_hd__or3_4)
     2    0.015869    0.098555    0.307743    3.339161 ^ _360_/X (sky130_fd_sc_hd__or3_4)
                                                         _017_ (net)
                      0.098555    0.000325    3.339486 ^ _361_/B (sky130_fd_sc_hd__xor2_1)
     1    0.008286    0.107806    0.189924    3.529410 v _361_/X (sky130_fd_sc_hd__xor2_1)
                                                         net29 (net)
                      0.107806    0.000433    3.529843 v output29/A (sky130_fd_sc_hd__buf_4)
     1    0.034421    0.103359    0.322835    3.852677 v output29/X (sky130_fd_sc_hd__buf_4)
                                                         P[6] (net)
                      0.103363    0.000772    3.853449 v P[6] (out)
                                              3.853449   data arrival time

                      0.000000    0.000000    0.000000   clock __VIRTUAL_CLK__ (rise edge)
                                  0.000000    0.000000   clock network delay (ideal)
                                  0.250000    0.250000   clock uncertainty
                                  0.000000    0.250000   clock reconvergence pessimism
                                 -2.000000   -1.750000   output external delay
                                             -1.750000   data required time
---------------------------------------------------------------------------------------------
                                             -1.750000   data required time
                                             -3.853449   data arrival time
---------------------------------------------------------------------------------------------
                                              5.603449   slack (MET)


Startpoint: A[5] (input port clocked by __VIRTUAL_CLK__)
Endpoint: P[11] (output port clocked by __VIRTUAL_CLK__)
Path Group: __VIRTUAL_CLK__
Path Type: min

Fanout         Cap        Slew       Delay        Time   Description
---------------------------------------------------------------------------------------------
                      0.000000    0.000000    0.000000   clock __VIRTUAL_CLK__ (rise edge)
                                  0.000000    0.000000   clock network delay (ideal)
                                  2.000000    2.000000 ^ input external delay
     1    0.002945    0.033210    0.016554    2.016554 ^ A[5] (in)
                                                         A[5] (net)
                      0.033210    0.000000    2.016554 ^ input6/A (sky130_fd_sc_hd__clkbuf_2)
     4    0.028418    0.247641    0.302545    2.319099 ^ input6/X (sky130_fd_sc_hd__clkbuf_2)
                                                         net6 (net)
                      0.247675    0.002406    2.321505 ^ _474_/A (sky130_fd_sc_hd__and3_1)
     2    0.010674    0.192040    0.439697    2.761201 ^ _474_/X (sky130_fd_sc_hd__and3_1)
                                                         _127_ (net)
                      0.192040    0.000360    2.761561 ^ _486_/A (sky130_fd_sc_hd__nand2_1)
     2    0.005962    0.123639    0.184454    2.946016 v _486_/Y (sky130_fd_sc_hd__nand2_1)
                                                         _139_ (net)
                      0.123639    0.000154    2.946170 v _514_/B (sky130_fd_sc_hd__nand3_1)
     2    0.005768    0.121906    0.183755    3.129925 ^ _514_/Y (sky130_fd_sc_hd__nand3_1)
                                                         _166_ (net)
                      0.121906    0.000124    3.130049 ^ _515_/B (sky130_fd_sc_hd__and2b_1)
     1    0.009829    0.161175    0.319456    3.449505 ^ _515_/X (sky130_fd_sc_hd__and2b_1)
                                                         _167_ (net)
                      0.161175    0.000224    3.449729 ^ _517_/A (sky130_fd_sc_hd__xnor2_2)
     1    0.011307    0.130409    0.217330    3.667058 v _517_/Y (sky130_fd_sc_hd__xnor2_2)
                                                         net19 (net)
                      0.130409    0.000473    3.667532 v output19/A (sky130_fd_sc_hd__buf_6)
     1    0.034107    0.075734    0.275808    3.943340 v output19/X (sky130_fd_sc_hd__buf_6)
                                                         P[11] (net)
                      0.075740    0.000665    3.944005 v P[11] (out)
                                              3.944005   data arrival time

                      0.000000    0.000000    0.000000   clock __VIRTUAL_CLK__ (rise edge)
                                  0.000000    0.000000   clock network delay (ideal)
                                  0.250000    0.250000   clock uncertainty
                                  0.000000    0.250000   clock reconvergence pessimism
                                 -2.000000   -1.750000   output external delay
                                             -1.750000   data required time
---------------------------------------------------------------------------------------------
                                             -1.750000   data required time
                                             -3.944005   data arrival time
---------------------------------------------------------------------------------------------
                                              5.694005   slack (MET)


Startpoint: A[5] (input port clocked by __VIRTUAL_CLK__)
Endpoint: P[12] (output port clocked by __VIRTUAL_CLK__)
Path Group: __VIRTUAL_CLK__
Path Type: min

Fanout         Cap        Slew       Delay        Time   Description
---------------------------------------------------------------------------------------------
                      0.000000    0.000000    0.000000   clock __VIRTUAL_CLK__ (rise edge)
                                  0.000000    0.000000   clock network delay (ideal)
                                  2.000000    2.000000 v input external delay
     1    0.002760    0.018304    0.009107    2.009107 v A[5] (in)
                                                         A[5] (net)
                      0.018305    0.000000    2.009107 v input6/A (sky130_fd_sc_hd__clkbuf_2)
     4    0.028038    0.200507    0.281901    2.291007 v input6/X (sky130_fd_sc_hd__clkbuf_2)
                                                         net6 (net)
                      0.200534    0.002374    2.293381 v _474_/A (sky130_fd_sc_hd__and3_1)
     2    0.010303    0.126578    0.418116    2.711497 v _474_/X (sky130_fd_sc_hd__and3_1)
                                                         _127_ (net)
                      0.126578    0.000346    2.711843 v _486_/A (sky130_fd_sc_hd__nand2_1)
     2    0.006289    0.111552    0.150722    2.862565 ^ _486_/Y (sky130_fd_sc_hd__nand2_1)
                                                         _139_ (net)
                      0.111552    0.000151    2.862715 ^ _513_/A2 (sky130_fd_sc_hd__a21oi_1)
     3    0.007566    0.088160    0.200960    3.063676 v _513_/Y (sky130_fd_sc_hd__a21oi_1)
                                                         _165_ (net)
                      0.088160    0.000124    3.063800 v _539_/B1 (sky130_fd_sc_hd__a21o_1)
     3    0.012756    0.137997    0.362825    3.426624 v _539_/X (sky130_fd_sc_hd__a21o_1)
                                                         _190_ (net)
                      0.137997    0.000427    3.427051 v _542_/A (sky130_fd_sc_hd__nand2_2)
     1    0.009127    0.098170    0.145851    3.572902 ^ _542_/Y (sky130_fd_sc_hd__nand2_2)
                                                         _193_ (net)
                      0.098170    0.000208    3.573110 ^ _543_/B (sky130_fd_sc_hd__xnor2_2)
     1    0.009645    0.115258    0.163225    3.736335 v _543_/Y (sky130_fd_sc_hd__xnor2_2)
                                                         net20 (net)
                      0.115258    0.000438    3.736773 v output20/A (sky130_fd_sc_hd__buf_6)
     1    0.033999    0.075603    0.268335    4.005108 v output20/X (sky130_fd_sc_hd__buf_6)
                                                         P[12] (net)
                      0.075607    0.000634    4.005742 v P[12] (out)
                                              4.005742   data arrival time

                      0.000000    0.000000    0.000000   clock __VIRTUAL_CLK__ (rise edge)
                                  0.000000    0.000000   clock network delay (ideal)
                                  0.250000    0.250000   clock uncertainty
                                  0.000000    0.250000   clock reconvergence pessimism
                                 -2.000000   -1.750000   output external delay
                                             -1.750000   data required time
---------------------------------------------------------------------------------------------
                                             -1.750000   data required time
                                             -4.005742   data arrival time
---------------------------------------------------------------------------------------------
                                              5.755742   slack (MET)


Startpoint: A[5] (input port clocked by __VIRTUAL_CLK__)
Endpoint: P[10] (output port clocked by __VIRTUAL_CLK__)
Path Group: __VIRTUAL_CLK__
Path Type: min

Fanout         Cap        Slew       Delay        Time   Description
---------------------------------------------------------------------------------------------
                      0.000000    0.000000    0.000000   clock __VIRTUAL_CLK__ (rise edge)
                                  0.000000    0.000000   clock network delay (ideal)
                                  2.000000    2.000000 ^ input external delay
     1    0.002945    0.033210    0.016554    2.016554 ^ A[5] (in)
                                                         A[5] (net)
                      0.033210    0.000000    2.016554 ^ input6/A (sky130_fd_sc_hd__clkbuf_2)
     4    0.028418    0.247641    0.302545    2.319099 ^ input6/X (sky130_fd_sc_hd__clkbuf_2)
                                                         net6 (net)
                      0.247675    0.002406    2.321505 ^ _474_/A (sky130_fd_sc_hd__and3_1)
     2    0.010674    0.192040    0.439697    2.761201 ^ _474_/X (sky130_fd_sc_hd__and3_1)
                                                         _127_ (net)
                      0.192040    0.000388    2.761589 ^ _487_/A (sky130_fd_sc_hd__xnor2_1)
     2    0.005820    0.115294    0.278136    3.039725 ^ _487_/Y (sky130_fd_sc_hd__xnor2_1)
                                                         _140_ (net)
                      0.115294    0.000149    3.039874 ^ _489_/B1 (sky130_fd_sc_hd__a21oi_1)
     3    0.011806    0.119511    0.146458    3.186332 v _489_/Y (sky130_fd_sc_hd__a21oi_1)
                                                         _142_ (net)
                      0.119511    0.000366    3.186698 v _490_/A (sky130_fd_sc_hd__inv_2)
     1    0.002553    0.043309    0.082788    3.269487 ^ _490_/Y (sky130_fd_sc_hd__inv_2)
                                                         _143_ (net)
                      0.043309    0.000049    3.269536 ^ _491_/B (sky130_fd_sc_hd__nand2_1)
     1    0.008933    0.162024    0.166628    3.436164 v _491_/Y (sky130_fd_sc_hd__nand2_1)
                                                         _144_ (net)
                      0.162025    0.000269    3.436433 v _494_/A (sky130_fd_sc_hd__xnor2_2)
     1    0.009398    0.115233    0.310179    3.746612 v _494_/Y (sky130_fd_sc_hd__xnor2_2)
                                                         net18 (net)
                      0.115233    0.000518    3.747130 v output18/A (sky130_fd_sc_hd__buf_6)
     1    0.033999    0.075603    0.268323    4.015452 v output18/X (sky130_fd_sc_hd__buf_6)
                                                         P[10] (net)
                      0.075607    0.000634    4.016086 v P[10] (out)
                                              4.016086   data arrival time

                      0.000000    0.000000    0.000000   clock __VIRTUAL_CLK__ (rise edge)
                                  0.000000    0.000000   clock network delay (ideal)
                                  0.250000    0.250000   clock uncertainty
                                  0.000000    0.250000   clock reconvergence pessimism
                                 -2.000000   -1.750000   output external delay
                                             -1.750000   data required time
---------------------------------------------------------------------------------------------
                                             -1.750000   data required time
                                             -4.016086   data arrival time
---------------------------------------------------------------------------------------------
                                              5.766087   slack (MET)


Startpoint: B[4] (input port clocked by __VIRTUAL_CLK__)
Endpoint: P[13] (output port clocked by __VIRTUAL_CLK__)
Path Group: __VIRTUAL_CLK__
Path Type: min

Fanout         Cap        Slew       Delay        Time   Description
---------------------------------------------------------------------------------------------
                      0.000000    0.000000    0.000000   clock __VIRTUAL_CLK__ (rise edge)
                                  0.000000    0.000000   clock network delay (ideal)
                                  2.000000    2.000000 v input external delay
     1    0.002400    0.016945    0.007978    2.007978 v B[4] (in)
                                                         B[4] (net)
                      0.016945    0.000000    2.007978 v input13/A (sky130_fd_sc_hd__dlymetal6s2s_1)
     2    0.021894    0.226171    0.391337    2.399315 v input13/X (sky130_fd_sc_hd__dlymetal6s2s_1)
                                                         net13 (net)
                      0.226188    0.002188    2.401503 v _496_/A1 (sky130_fd_sc_hd__a21oi_1)
     1    0.002308    0.131941    0.255626    2.657129 ^ _496_/Y (sky130_fd_sc_hd__a21oi_1)
                                                         _148_ (net)
                      0.131941    0.000065    2.657194 ^ _497_/C (sky130_fd_sc_hd__or3_1)
     2    0.008326    0.135871    0.248816    2.906010 ^ _497_/X (sky130_fd_sc_hd__or3_1)
                                                         _149_ (net)
                      0.135871    0.000322    2.906332 ^ _503_/A (sky130_fd_sc_hd__nor2_1)
     4    0.014403    0.131158    0.180754    3.087086 v _503_/Y (sky130_fd_sc_hd__nor2_1)
                                                         _155_ (net)
                      0.131158    0.000420    3.087506 v _532_/A (sky130_fd_sc_hd__nand2_1)
     2    0.008178    0.136827    0.171929    3.259435 ^ _532_/Y (sky130_fd_sc_hd__nand2_1)
                                                         _183_ (net)
                      0.136827    0.000161    3.259596 ^ _555_/A (sky130_fd_sc_hd__xnor2_1)
     2    0.008657    0.154796    0.288844    3.548440 ^ _555_/Y (sky130_fd_sc_hd__xnor2_1)
                                                         _205_ (net)
                      0.154796    0.000245    3.548685 ^ _558_/A1 (sky130_fd_sc_hd__o21ba_4)
     1    0.011605    0.091249    0.329780    3.878466 ^ _558_/X (sky130_fd_sc_hd__o21ba_4)
                                                         net21 (net)
                      0.091251    0.000596    3.879061 ^ output21/A (sky130_fd_sc_hd__buf_8)
     1    0.034574    0.105223    0.214534    4.093595 ^ output21/X (sky130_fd_sc_hd__buf_8)
                                                         P[13] (net)
                      0.105227    0.000830    4.094424 ^ P[13] (out)
                                              4.094424   data arrival time

                      0.000000    0.000000    0.000000   clock __VIRTUAL_CLK__ (rise edge)
                                  0.000000    0.000000   clock network delay (ideal)
                                  0.250000    0.250000   clock uncertainty
                                  0.000000    0.250000   clock reconvergence pessimism
                                 -2.000000   -1.750000   output external delay
                                             -1.750000   data required time
---------------------------------------------------------------------------------------------
                                             -1.750000   data required time
                                             -4.094424   data arrival time
---------------------------------------------------------------------------------------------
                                              5.844425   slack (MET)


Startpoint: A[4] (input port clocked by __VIRTUAL_CLK__)
Endpoint: P[7] (output port clocked by __VIRTUAL_CLK__)
Path Group: __VIRTUAL_CLK__
Path Type: min

Fanout         Cap        Slew       Delay        Time   Description
---------------------------------------------------------------------------------------------
                      0.000000    0.000000    0.000000   clock __VIRTUAL_CLK__ (rise edge)
                                  0.000000    0.000000   clock network delay (ideal)
                                  2.000000    2.000000 v input external delay
     1    0.003068    0.019485    0.010083    2.010083 v A[4] (in)
                                                         A[4] (net)
                      0.019485    0.000000    2.010083 v input5/A (sky130_fd_sc_hd__buf_1)
     2    0.022880    0.263259    0.300843    2.310927 v input5/X (sky130_fd_sc_hd__buf_1)
                                                         net5 (net)
                      0.263259    0.000640    2.311567 v fanout37/A (sky130_fd_sc_hd__clkbuf_4)
    10    0.051258    0.193346    0.458279    2.769845 v fanout37/X (sky130_fd_sc_hd__clkbuf_4)
                                                         net37 (net)
                      0.193377    0.002415    2.772261 v _302_/B (sky130_fd_sc_hd__nand2_1)
     4    0.012844    0.198650    0.258704    3.030964 ^ _302_/Y (sky130_fd_sc_hd__nand2_1)
                                                         _236_ (net)
                      0.198652    0.000454    3.031419 ^ _360_/A (sky130_fd_sc_hd__or3_4)
     2    0.015869    0.098555    0.307743    3.339161 ^ _360_/X (sky130_fd_sc_hd__or3_4)
                                                         _017_ (net)
                      0.098556    0.000507    3.339669 ^ _397_/A1 (sky130_fd_sc_hd__o21ai_4)
     2    0.010150    0.083394    0.137599    3.477267 v _397_/Y (sky130_fd_sc_hd__o21ai_4)
                                                         _053_ (net)
                      0.083394    0.000239    3.477506 v _398_/B (sky130_fd_sc_hd__xor2_1)
     1    0.009256    0.114338    0.319157    3.796664 v _398_/X (sky130_fd_sc_hd__xor2_1)
                                                         net30 (net)
                      0.114338    0.000469    3.797132 v output30/A (sky130_fd_sc_hd__buf_4)
     1    0.034148    0.102816    0.325494    4.122627 v output30/X (sky130_fd_sc_hd__buf_4)
                                                         P[7] (net)
                      0.102819    0.000679    4.123305 v P[7] (out)
                                              4.123305   data arrival time

                      0.000000    0.000000    0.000000   clock __VIRTUAL_CLK__ (rise edge)
                                  0.000000    0.000000   clock network delay (ideal)
                                  0.250000    0.250000   clock uncertainty
                                  0.000000    0.250000   clock reconvergence pessimism
                                 -2.000000   -1.750000   output external delay
                                             -1.750000   data required time
---------------------------------------------------------------------------------------------
                                             -1.750000   data required time
                                             -4.123305   data arrival time
---------------------------------------------------------------------------------------------
                                              5.873306   slack (MET)


Startpoint: A[4] (input port clocked by __VIRTUAL_CLK__)
Endpoint: P[8] (output port clocked by __VIRTUAL_CLK__)
Path Group: __VIRTUAL_CLK__
Path Type: min

Fanout         Cap        Slew       Delay        Time   Description
---------------------------------------------------------------------------------------------
                      0.000000    0.000000    0.000000   clock __VIRTUAL_CLK__ (rise edge)
                                  0.000000    0.000000   clock network delay (ideal)
                                  2.000000    2.000000 v input external delay
     1    0.003068    0.019485    0.010083    2.010083 v A[4] (in)
                                                         A[4] (net)
                      0.019485    0.000000    2.010083 v input5/A (sky130_fd_sc_hd__buf_1)
     2    0.022880    0.263259    0.300843    2.310927 v input5/X (sky130_fd_sc_hd__buf_1)
                                                         net5 (net)
                      0.263259    0.000640    2.311567 v fanout37/A (sky130_fd_sc_hd__clkbuf_4)
    10    0.051258    0.193346    0.458279    2.769845 v fanout37/X (sky130_fd_sc_hd__clkbuf_4)
                                                         net37 (net)
                      0.193369    0.002148    2.771993 v _427_/A (sky130_fd_sc_hd__nand2_1)
     3    0.011970    0.188120    0.239309    3.011302 ^ _427_/Y (sky130_fd_sc_hd__nand2_1)
                                                         _082_ (net)
                      0.188120    0.000229    3.011531 ^ _429_/B (sky130_fd_sc_hd__nor2_2)
     3    0.008927    0.054857    0.125317    3.136848 v _429_/Y (sky130_fd_sc_hd__nor2_2)
                                                         _084_ (net)
                      0.054857    0.000218    3.137066 v _430_/B (sky130_fd_sc_hd__nor2_1)
     2    0.006370    0.224197    0.209917    3.346984 ^ _430_/Y (sky130_fd_sc_hd__nor2_1)
                                                         _085_ (net)
                      0.224197    0.000210    3.347194 ^ _432_/C (sky130_fd_sc_hd__nor3_1)
     1    0.005433    0.072797    0.160361    3.507555 v _432_/Y (sky130_fd_sc_hd__nor3_1)
                                                         _087_ (net)
                      0.072797    0.000170    3.507725 v _433_/B (sky130_fd_sc_hd__nor2_2)
     4    0.020736    0.390930    0.342913    3.850639 ^ _433_/Y (sky130_fd_sc_hd__nor2_2)
                                                         _088_ (net)
                      0.390932    0.000801    3.851439 ^ _435_/A (sky130_fd_sc_hd__xor2_2)
     1    0.009974    0.085941    0.279934    4.131373 v _435_/X (sky130_fd_sc_hd__xor2_2)
                                                         net31 (net)
                      0.085942    0.000521    4.131895 v output31/A (sky130_fd_sc_hd__buf_6)
     1    0.033981    0.075588    0.254073    4.385968 v output31/X (sky130_fd_sc_hd__buf_6)
                                                         P[8] (net)
                      0.075593    0.000624    4.386591 v P[8] (out)
                                              4.386591   data arrival time

                      0.000000    0.000000    0.000000   clock __VIRTUAL_CLK__ (rise edge)
                                  0.000000    0.000000   clock network delay (ideal)
                                  0.250000    0.250000   clock uncertainty
                                  0.000000    0.250000   clock reconvergence pessimism
                                 -2.000000   -1.750000   output external delay
                                             -1.750000   data required time
---------------------------------------------------------------------------------------------
                                             -1.750000   data required time
                                             -4.386591   data arrival time
---------------------------------------------------------------------------------------------
                                              6.136592   slack (MET)


Startpoint: A[4] (input port clocked by __VIRTUAL_CLK__)
Endpoint: P[9] (output port clocked by __VIRTUAL_CLK__)
Path Group: __VIRTUAL_CLK__
Path Type: min

Fanout         Cap        Slew       Delay        Time   Description
---------------------------------------------------------------------------------------------
                      0.000000    0.000000    0.000000   clock __VIRTUAL_CLK__ (rise edge)
                                  0.000000    0.000000   clock network delay (ideal)
                                  2.000000    2.000000 v input external delay
     1    0.003068    0.019485    0.010083    2.010083 v A[4] (in)
                                                         A[4] (net)
                      0.019485    0.000000    2.010083 v input5/A (sky130_fd_sc_hd__buf_1)
     2    0.022880    0.263259    0.300843    2.310927 v input5/X (sky130_fd_sc_hd__buf_1)
                                                         net5 (net)
                      0.263259    0.000640    2.311567 v fanout37/A (sky130_fd_sc_hd__clkbuf_4)
    10    0.051258    0.193346    0.458279    2.769845 v fanout37/X (sky130_fd_sc_hd__clkbuf_4)
                                                         net37 (net)
                      0.193369    0.002148    2.771993 v _427_/A (sky130_fd_sc_hd__nand2_1)
     3    0.011970    0.188120    0.239309    3.011302 ^ _427_/Y (sky130_fd_sc_hd__nand2_1)
                                                         _082_ (net)
                      0.188120    0.000229    3.011531 ^ _429_/B (sky130_fd_sc_hd__nor2_2)
     3    0.008927    0.054857    0.125317    3.136848 v _429_/Y (sky130_fd_sc_hd__nor2_2)
                                                         _084_ (net)
                      0.054857    0.000218    3.137066 v _430_/B (sky130_fd_sc_hd__nor2_1)
     2    0.006370    0.224197    0.209917    3.346984 ^ _430_/Y (sky130_fd_sc_hd__nor2_1)
                                                         _085_ (net)
                      0.224197    0.000174    3.347158 ^ _431_/B1 (sky130_fd_sc_hd__o21a_1)
     3    0.011481    0.190309    0.377349    3.724507 ^ _431_/X (sky130_fd_sc_hd__o21a_1)
                                                         _086_ (net)
                      0.190309    0.000250    3.724757 ^ _472_/B1 (sky130_fd_sc_hd__a21oi_1)
     1    0.008716    0.102378    0.163352    3.888109 v _472_/Y (sky130_fd_sc_hd__a21oi_1)
                                                         _126_ (net)
                      0.102378    0.000189    3.888298 v _473_/B (sky130_fd_sc_hd__xnor2_2)
     1    0.012630    0.124331    0.323864    4.212162 ^ _473_/Y (sky130_fd_sc_hd__xnor2_2)
                                                         net32 (net)
                      0.124332    0.000625    4.212788 ^ output32/A (sky130_fd_sc_hd__buf_6)
     1    0.034041    0.122204    0.246939    4.459726 ^ output32/X (sky130_fd_sc_hd__buf_6)
                                                         P[9] (net)
                      0.122205    0.000644    4.460371 ^ P[9] (out)
                                              4.460371   data arrival time

                      0.000000    0.000000    0.000000   clock __VIRTUAL_CLK__ (rise edge)
                                  0.000000    0.000000   clock network delay (ideal)
                                  0.250000    0.250000   clock uncertainty
                                  0.000000    0.250000   clock reconvergence pessimism
                                 -2.000000   -1.750000   output external delay
                                             -1.750000   data required time
---------------------------------------------------------------------------------------------
                                             -1.750000   data required time
                                             -4.460371   data arrival time
---------------------------------------------------------------------------------------------
                                              6.210371   slack (MET)



