
===========================================================================
report_checks -path_delay min (Hold)
============================================================================
======================= max_tt_025C_1v80 Corner ===================================

Startpoint: B[0] (input port clocked by __VIRTUAL_CLK__)
Endpoint: P[5] (output port clocked by __VIRTUAL_CLK__)
Path Group: __VIRTUAL_CLK__
Path Type: min

Fanout         Cap        Slew       Delay        Time   Description
---------------------------------------------------------------------------------------------
                      0.000000    0.000000    0.000000   clock __VIRTUAL_CLK__ (rise edge)
                                  0.000000    0.000000   clock network delay (ideal)
                                  2.000000    2.000000 ^ input external delay
     1    0.005584    0.031815    0.019830    2.019830 ^ B[0] (in)
                                                         B[0] (net)
                      0.031818    0.000000    2.019830 ^ input9/A (sky130_fd_sc_hd__buf_6)
     5    0.037016    0.082114    0.122211    2.142041 ^ input9/X (sky130_fd_sc_hd__buf_6)
                                                         net9 (net)
                      0.082429    0.004075    2.146116 ^ _399_/A1 (sky130_fd_sc_hd__a31o_1)
     2    0.008860    0.093179    0.176429    2.322545 ^ _399_/X (sky130_fd_sc_hd__a31o_1)
                                                         _025_ (net)
                      0.093182    0.000610    2.323155 ^ _629_/B (sky130_fd_sc_hd__xnor2_1)
     1    0.005909    0.056321    0.086663    2.409819 v _629_/Y (sky130_fd_sc_hd__xnor2_1)
                                                         net28 (net)
                      0.056323    0.000433    2.410252 v output28/A (sky130_fd_sc_hd__buf_2)
     1    0.034449    0.090238    0.184642    2.594893 v output28/X (sky130_fd_sc_hd__buf_2)
                                                         P[5] (net)
                      0.090271    0.001611    2.596505 v P[5] (out)
                                              2.596505   data arrival time

                      0.000000    0.000000    0.000000   clock __VIRTUAL_CLK__ (rise edge)
                                  0.000000    0.000000   clock network delay (ideal)
                                  0.250000    0.250000   clock uncertainty
                                  0.000000    0.250000   clock reconvergence pessimism
                                 -2.000000   -1.750000   output external delay
                                             -1.750000   data required time
---------------------------------------------------------------------------------------------
                                             -1.750000   data required time
                                             -2.596505   data arrival time
---------------------------------------------------------------------------------------------
                                              4.346505   slack (MET)


Startpoint: B[0] (input port clocked by __VIRTUAL_CLK__)
Endpoint: P[0] (output port clocked by __VIRTUAL_CLK__)
Path Group: __VIRTUAL_CLK__
Path Type: min

Fanout         Cap        Slew       Delay        Time   Description
---------------------------------------------------------------------------------------------
                      0.000000    0.000000    0.000000   clock __VIRTUAL_CLK__ (rise edge)
                                  0.000000    0.000000   clock network delay (ideal)
                                  2.000000    2.000000 v input external delay
     1    0.005105    0.013866    0.008346    2.008346 v B[0] (in)
                                                         B[0] (net)
                      0.013872    0.000000    2.008346 v input9/A (sky130_fd_sc_hd__buf_6)
     5    0.035624    0.045498    0.122583    2.130928 v input9/X (sky130_fd_sc_hd__buf_6)
                                                         net9 (net)
                      0.045723    0.002543    2.133471 v fanout34/A (sky130_fd_sc_hd__buf_8)
     7    0.025432    0.034180    0.127348    2.260819 v fanout34/X (sky130_fd_sc_hd__buf_8)
                                                         net34 (net)
                      0.034301    0.001721    2.262540 v _307_/A (sky130_fd_sc_hd__nand2_1)
     4    0.015482    0.147202    0.127694    2.390234 ^ _307_/Y (sky130_fd_sc_hd__nand2_1)
                                                         _223_ (net)
                      0.147222    0.001424    2.391658 ^ _308_/A (sky130_fd_sc_hd__inv_2)
     1    0.002158    0.028235    0.034830    2.426488 v _308_/Y (sky130_fd_sc_hd__inv_2)
                                                         mul_ll.mul_ll.pp0 (net)
                      0.028235    0.000099    2.426587 v _630_/A (sky130_fd_sc_hd__clkbuf_1)
     1    0.002649    0.025792    0.079066    2.505654 v _630_/X (sky130_fd_sc_hd__clkbuf_1)
                                                         net17 (net)
                      0.025792    0.000161    2.505814 v output17/A (sky130_fd_sc_hd__buf_2)
     1    0.034089    0.089668    0.170716    2.676530 v output17/X (sky130_fd_sc_hd__buf_2)
                                                         P[0] (net)
                      0.089703    0.001635    2.678165 v P[0] (out)
                                              2.678165   data arrival time

                      0.000000    0.000000    0.000000   clock __VIRTUAL_CLK__ (rise edge)
                                  0.000000    0.000000   clock network delay (ideal)
                                  0.250000    0.250000   clock uncertainty
                                  0.000000    0.250000   clock reconvergence pessimism
                                 -2.000000   -1.750000   output external delay
                                             -1.750000   data required time
---------------------------------------------------------------------------------------------
                                             -1.750000   data required time
                                             -2.678165   data arrival time
---------------------------------------------------------------------------------------------
                                              4.428165   slack (MET)


Startpoint: B[0] (input port clocked by __VIRTUAL_CLK__)
Endpoint: P[1] (output port clocked by __VIRTUAL_CLK__)
Path Group: __VIRTUAL_CLK__
Path Type: min

Fanout         Cap        Slew       Delay        Time   Description
---------------------------------------------------------------------------------------------
                      0.000000    0.000000    0.000000   clock __VIRTUAL_CLK__ (rise edge)
                                  0.000000    0.000000   clock network delay (ideal)
                                  2.000000    2.000000 ^ input external delay
     1    0.005584    0.031815    0.019830    2.019830 ^ B[0] (in)
                                                         B[0] (net)
                      0.031818    0.000000    2.019830 ^ input9/A (sky130_fd_sc_hd__buf_6)
     5    0.037016    0.082114    0.122211    2.142041 ^ input9/X (sky130_fd_sc_hd__buf_6)
                                                         net9 (net)
                      0.082246    0.002673    2.144715 ^ fanout34/A (sky130_fd_sc_hd__buf_8)
     7    0.026653    0.054582    0.119247    2.263962 ^ fanout34/X (sky130_fd_sc_hd__buf_8)
                                                         net34 (net)
                      0.054640    0.001589    2.265550 ^ _310_/A2 (sky130_fd_sc_hd__a22o_1)
     1    0.002821    0.043410    0.129982    2.395533 ^ _310_/X (sky130_fd_sc_hd__a22o_1)
                                                         _247_ (net)
                      0.043411    0.000206    2.395739 ^ _311_/B1 (sky130_fd_sc_hd__o21a_1)
     1    0.002517    0.037299    0.103451    2.499190 ^ _311_/X (sky130_fd_sc_hd__o21a_1)
                                                         net24 (net)
                      0.037299    0.000162    2.499352 ^ output24/A (sky130_fd_sc_hd__buf_2)
     1    0.034216    0.170122    0.194110    2.693462 ^ output24/X (sky130_fd_sc_hd__buf_2)
                                                         P[1] (net)
                      0.170146    0.001704    2.695166 ^ P[1] (out)
                                              2.695166   data arrival time

                      0.000000    0.000000    0.000000   clock __VIRTUAL_CLK__ (rise edge)
                                  0.000000    0.000000   clock network delay (ideal)
                                  0.250000    0.250000   clock uncertainty
                                  0.000000    0.250000   clock reconvergence pessimism
                                 -2.000000   -1.750000   output external delay
                                             -1.750000   data required time
---------------------------------------------------------------------------------------------
                                             -1.750000   data required time
                                             -2.695166   data arrival time
---------------------------------------------------------------------------------------------
                                              4.445166   slack (MET)


Startpoint: A[7] (input port clocked by __VIRTUAL_CLK__)
Endpoint: P[15] (output port clocked by __VIRTUAL_CLK__)
Path Group: __VIRTUAL_CLK__
Path Type: min

Fanout         Cap        Slew       Delay        Time   Description
---------------------------------------------------------------------------------------------
                      0.000000    0.000000    0.000000   clock __VIRTUAL_CLK__ (rise edge)
                                  0.000000    0.000000   clock network delay (ideal)
                                  2.000000    2.000000 v input external delay
     1    0.003186    0.009512    0.005127    2.005127 v A[7] (in)
                                                         A[7] (net)
                      0.009519    0.000000    2.005127 v input8/A (sky130_fd_sc_hd__buf_1)
     4    0.015925    0.097587    0.129414    2.134541 v input8/X (sky130_fd_sc_hd__buf_1)
                                                         net8 (net)
                      0.097634    0.001119    2.135660 v _602_/D (sky130_fd_sc_hd__nand4_1)
     3    0.008903    0.106782    0.146763    2.282423 ^ _602_/Y (sky130_fd_sc_hd__nand4_1)
                                                         _221_ (net)
                      0.106785    0.000729    2.283152 ^ _627_/A (sky130_fd_sc_hd__and2_1)
     1    0.002799    0.046148    0.130835    2.413987 ^ _627_/X (sky130_fd_sc_hd__and2_1)
                                                         _246_ (net)
                      0.046148    0.000173    2.414160 ^ _628_/B1_N (sky130_fd_sc_hd__a21bo_1)
     1    0.005186    0.042876    0.201527    2.615687 v _628_/X (sky130_fd_sc_hd__a21bo_1)
                                                         net23 (net)
                      0.042879    0.000395    2.616082 v output23/A (sky130_fd_sc_hd__buf_6)
     1    0.034495    0.044142    0.135223    2.751304 v output23/X (sky130_fd_sc_hd__buf_6)
                                                         P[15] (net)
                      0.044224    0.001665    2.752970 v P[15] (out)
                                              2.752970   data arrival time

                      0.000000    0.000000    0.000000   clock __VIRTUAL_CLK__ (rise edge)
                                  0.000000    0.000000   clock network delay (ideal)
                                  0.250000    0.250000   clock uncertainty
                                  0.000000    0.250000   clock reconvergence pessimism
                                 -2.000000   -1.750000   output external delay
                                             -1.750000   data required time
---------------------------------------------------------------------------------------------
                                             -1.750000   data required time
                                             -2.752970   data arrival time
---------------------------------------------------------------------------------------------
                                              4.502970   slack (MET)


Startpoint: B[0] (input port clocked by __VIRTUAL_CLK__)
Endpoint: P[6] (output port clocked by __VIRTUAL_CLK__)
Path Group: __VIRTUAL_CLK__
Path Type: min

Fanout         Cap        Slew       Delay        Time   Description
---------------------------------------------------------------------------------------------
                      0.000000    0.000000    0.000000   clock __VIRTUAL_CLK__ (rise edge)
                                  0.000000    0.000000   clock network delay (ideal)
                                  2.000000    2.000000 ^ input external delay
     1    0.005584    0.031815    0.019830    2.019830 ^ B[0] (in)
                                                         B[0] (net)
                      0.031818    0.000000    2.019830 ^ input9/A (sky130_fd_sc_hd__buf_6)
     5    0.037016    0.082114    0.122211    2.142041 ^ input9/X (sky130_fd_sc_hd__buf_6)
                                                         net9 (net)
                      0.082429    0.004075    2.146116 ^ _399_/A1 (sky130_fd_sc_hd__a31o_1)
     2    0.008860    0.093179    0.176429    2.322545 ^ _399_/X (sky130_fd_sc_hd__a31o_1)
                                                         _025_ (net)
                      0.093180    0.000494    2.323040 ^ _400_/B (sky130_fd_sc_hd__and2b_1)
     2    0.009580    0.096546    0.170008    2.493048 ^ _400_/X (sky130_fd_sc_hd__and2b_1)
                                                         _026_ (net)
                      0.096546    0.000422    2.493470 ^ _401_/B (sky130_fd_sc_hd__xnor2_1)
     1    0.006025    0.057276    0.088299    2.581769 v _401_/Y (sky130_fd_sc_hd__xnor2_1)
                                                         net29 (net)
                      0.057278    0.000453    2.582222 v output29/A (sky130_fd_sc_hd__buf_2)
     1    0.034449    0.090239    0.185076    2.767298 v output29/X (sky130_fd_sc_hd__buf_2)
                                                         P[6] (net)
                      0.090272    0.001611    2.768909 v P[6] (out)
                                              2.768909   data arrival time

                      0.000000    0.000000    0.000000   clock __VIRTUAL_CLK__ (rise edge)
                                  0.000000    0.000000   clock network delay (ideal)
                                  0.250000    0.250000   clock uncertainty
                                  0.000000    0.250000   clock reconvergence pessimism
                                 -2.000000   -1.750000   output external delay
                                             -1.750000   data required time
---------------------------------------------------------------------------------------------
                                             -1.750000   data required time
                                             -2.768909   data arrival time
---------------------------------------------------------------------------------------------
                                              4.518909   slack (MET)


Startpoint: B[0] (input port clocked by __VIRTUAL_CLK__)
Endpoint: P[4] (output port clocked by __VIRTUAL_CLK__)
Path Group: __VIRTUAL_CLK__
Path Type: min

Fanout         Cap        Slew       Delay        Time   Description
---------------------------------------------------------------------------------------------
                      0.000000    0.000000    0.000000   clock __VIRTUAL_CLK__ (rise edge)
                                  0.000000    0.000000   clock network delay (ideal)
                                  2.000000    2.000000 v input external delay
     1    0.005105    0.013866    0.008346    2.008346 v B[0] (in)
                                                         B[0] (net)
                      0.013872    0.000000    2.008346 v input9/A (sky130_fd_sc_hd__buf_6)
     5    0.035624    0.045498    0.122583    2.130928 v input9/X (sky130_fd_sc_hd__buf_6)
                                                         net9 (net)
                      0.045723    0.002543    2.133471 v fanout34/A (sky130_fd_sc_hd__buf_8)
     7    0.025432    0.034180    0.127348    2.260819 v fanout34/X (sky130_fd_sc_hd__buf_8)
                                                         net34 (net)
                      0.034195    0.000733    2.261552 v rebuffer16/A (sky130_fd_sc_hd__buf_2)
     4    0.025358    0.071103    0.157612    2.419164 v rebuffer16/X (sky130_fd_sc_hd__buf_2)
                                                         net68 (net)
                      0.071259    0.002915    2.422080 v _333_/A (sky130_fd_sc_hd__nand2_1)
     3    0.012048    0.117162    0.122711    2.544791 ^ _333_/Y (sky130_fd_sc_hd__nand2_1)
                                                         _267_ (net)
                      0.117169    0.000773    2.545564 ^ _348_/A (sky130_fd_sc_hd__xnor2_1)
     1    0.006939    0.061733    0.107834    2.653398 v _348_/Y (sky130_fd_sc_hd__xnor2_1)
                                                         net27 (net)
                      0.061762    0.000536    2.653933 v output27/A (sky130_fd_sc_hd__buf_2)
     1    0.034449    0.090244    0.187116    2.841049 v output27/X (sky130_fd_sc_hd__buf_2)
                                                         P[4] (net)
                      0.090278    0.001611    2.842660 v P[4] (out)
                                              2.842660   data arrival time

                      0.000000    0.000000    0.000000   clock __VIRTUAL_CLK__ (rise edge)
                                  0.000000    0.000000   clock network delay (ideal)
                                  0.250000    0.250000   clock uncertainty
                                  0.000000    0.250000   clock reconvergence pessimism
                                 -2.000000   -1.750000   output external delay
                                             -1.750000   data required time
---------------------------------------------------------------------------------------------
                                             -1.750000   data required time
                                             -2.842660   data arrival time
---------------------------------------------------------------------------------------------
                                              4.592660   slack (MET)


Startpoint: B[0] (input port clocked by __VIRTUAL_CLK__)
Endpoint: P[3] (output port clocked by __VIRTUAL_CLK__)
Path Group: __VIRTUAL_CLK__
Path Type: min

Fanout         Cap        Slew       Delay        Time   Description
---------------------------------------------------------------------------------------------
                      0.000000    0.000000    0.000000   clock __VIRTUAL_CLK__ (rise edge)
                                  0.000000    0.000000   clock network delay (ideal)
                                  2.000000    2.000000 v input external delay
     1    0.005105    0.013866    0.008346    2.008346 v B[0] (in)
                                                         B[0] (net)
                      0.013872    0.000000    2.008346 v input9/A (sky130_fd_sc_hd__buf_6)
     5    0.035624    0.045498    0.122583    2.130928 v input9/X (sky130_fd_sc_hd__buf_6)
                                                         net9 (net)
                      0.045723    0.002543    2.133471 v fanout34/A (sky130_fd_sc_hd__buf_8)
     7    0.025432    0.034180    0.127348    2.260819 v fanout34/X (sky130_fd_sc_hd__buf_8)
                                                         net34 (net)
                      0.034268    0.001489    2.262308 v _315_/A (sky130_fd_sc_hd__and2_1)
     2    0.013432    0.077583    0.171530    2.433837 v _315_/X (sky130_fd_sc_hd__and2_1)
                                                         _251_ (net)
                      0.077597    0.001017    2.434855 v _318_/C (sky130_fd_sc_hd__nand3_4)
     3    0.019124    0.070863    0.117101    2.551955 ^ _318_/Y (sky130_fd_sc_hd__nand3_4)
                                                         _254_ (net)
                      0.070921    0.001550    2.553505 ^ _331_/B1 (sky130_fd_sc_hd__o21a_1)
     1    0.002995    0.042122    0.116222    2.669727 ^ _331_/X (sky130_fd_sc_hd__o21a_1)
                                                         _266_ (net)
                      0.042122    0.000138    2.669865 ^ _332_/B (sky130_fd_sc_hd__nor2_1)
     1    0.002279    0.019046    0.032822    2.702688 v _332_/Y (sky130_fd_sc_hd__nor2_1)
                                                         net26 (net)
                      0.019046    0.000095    2.702783 v output26/A (sky130_fd_sc_hd__buf_2)
     1    0.034189    0.089889    0.168053    2.870835 v output26/X (sky130_fd_sc_hd__buf_2)
                                                         P[3] (net)
                      0.089927    0.001701    2.872536 v P[3] (out)
                                              2.872536   data arrival time

                      0.000000    0.000000    0.000000   clock __VIRTUAL_CLK__ (rise edge)
                                  0.000000    0.000000   clock network delay (ideal)
                                  0.250000    0.250000   clock uncertainty
                                  0.000000    0.250000   clock reconvergence pessimism
                                 -2.000000   -1.750000   output external delay
                                             -1.750000   data required time
---------------------------------------------------------------------------------------------
                                             -1.750000   data required time
                                             -2.872536   data arrival time
---------------------------------------------------------------------------------------------
                                              4.622536   slack (MET)


Startpoint: B[0] (input port clocked by __VIRTUAL_CLK__)
Endpoint: P[2] (output port clocked by __VIRTUAL_CLK__)
Path Group: __VIRTUAL_CLK__
Path Type: min

Fanout         Cap        Slew       Delay        Time   Description
---------------------------------------------------------------------------------------------
                      0.000000    0.000000    0.000000   clock __VIRTUAL_CLK__ (rise edge)
                                  0.000000    0.000000   clock network delay (ideal)
                                  2.000000    2.000000 v input external delay
     1    0.005105    0.013866    0.008346    2.008346 v B[0] (in)
                                                         B[0] (net)
                      0.013872    0.000000    2.008346 v input9/A (sky130_fd_sc_hd__buf_6)
     5    0.035624    0.045498    0.122583    2.130928 v input9/X (sky130_fd_sc_hd__buf_6)
                                                         net9 (net)
                      0.045723    0.002543    2.133471 v fanout34/A (sky130_fd_sc_hd__buf_8)
     7    0.025432    0.034180    0.127348    2.260819 v fanout34/X (sky130_fd_sc_hd__buf_8)
                                                         net34 (net)
                      0.034268    0.001489    2.262308 v _315_/A (sky130_fd_sc_hd__and2_1)
     2    0.013432    0.077583    0.171530    2.433837 v _315_/X (sky130_fd_sc_hd__and2_1)
                                                         _251_ (net)
                      0.077597    0.001017    2.434855 v _318_/C (sky130_fd_sc_hd__nand3_4)
     3    0.019124    0.070863    0.117101    2.551955 ^ _318_/Y (sky130_fd_sc_hd__nand3_4)
                                                         _254_ (net)
                      0.070882    0.000903    2.552859 ^ _319_/B (sky130_fd_sc_hd__and2_1)
     1    0.004299    0.058662    0.132800    2.685659 ^ _319_/X (sky130_fd_sc_hd__and2_1)
                                                         net25 (net)
                      0.058662    0.000261    2.685920 ^ output25/A (sky130_fd_sc_hd__buf_2)
     1    0.034359    0.170743    0.202661    2.888581 ^ output25/X (sky130_fd_sc_hd__buf_2)
                                                         P[2] (net)
                      0.170819    0.001742    2.890323 ^ P[2] (out)
                                              2.890323   data arrival time

                      0.000000    0.000000    0.000000   clock __VIRTUAL_CLK__ (rise edge)
                                  0.000000    0.000000   clock network delay (ideal)
                                  0.250000    0.250000   clock uncertainty
                                  0.000000    0.250000   clock reconvergence pessimism
                                 -2.000000   -1.750000   output external delay
                                             -1.750000   data required time
---------------------------------------------------------------------------------------------
                                             -1.750000   data required time
                                             -2.890323   data arrival time
---------------------------------------------------------------------------------------------
                                              4.640323   slack (MET)


Startpoint: B[7] (input port clocked by __VIRTUAL_CLK__)
Endpoint: P[14] (output port clocked by __VIRTUAL_CLK__)
Path Group: __VIRTUAL_CLK__
Path Type: min

Fanout         Cap        Slew       Delay        Time   Description
---------------------------------------------------------------------------------------------
                      0.000000    0.000000    0.000000   clock __VIRTUAL_CLK__ (rise edge)
                                  0.000000    0.000000   clock network delay (ideal)
                                  2.000000    2.000000 v input external delay
     1    0.003233    0.009623    0.005207    2.005207 v B[7] (in)
                                                         B[7] (net)
                      0.009629    0.000000    2.005207 v input16/A (sky130_fd_sc_hd__buf_1)
     4    0.017473    0.106153    0.136149    2.141356 v input16/X (sky130_fd_sc_hd__buf_1)
                                                         net16 (net)
                      0.106161    0.000973    2.142329 v _618_/A (sky130_fd_sc_hd__and3_1)
     2    0.004738    0.041493    0.175470    2.317799 v _618_/X (sky130_fd_sc_hd__and3_1)
                                                         _237_ (net)
                      0.041495    0.000322    2.318121 v _620_/B1 (sky130_fd_sc_hd__o21ai_1)
     2    0.005405    0.104851    0.090672    2.408793 ^ _620_/Y (sky130_fd_sc_hd__o21ai_1)
                                                         _239_ (net)
                      0.104853    0.000343    2.409136 ^ _621_/B (sky130_fd_sc_hd__nand2_1)
     1    0.005413    0.049577    0.078295    2.487431 v _621_/Y (sky130_fd_sc_hd__nand2_1)
                                                         _240_ (net)
                      0.049577    0.000252    2.487683 v _624_/A (sky130_fd_sc_hd__xnor2_1)
     2    0.007398    0.065585    0.147034    2.634717 v _624_/Y (sky130_fd_sc_hd__xnor2_1)
                                                         _244_ (net)
                      0.065587    0.000517    2.635234 v _625_/B (sky130_fd_sc_hd__xor2_1)
     1    0.004952    0.044781    0.153493    2.788727 v _625_/X (sky130_fd_sc_hd__xor2_1)
                                                         net22 (net)
                      0.044784    0.000372    2.789099 v output22/A (sky130_fd_sc_hd__buf_6)
     1    0.034484    0.044127    0.136043    2.925142 v output22/X (sky130_fd_sc_hd__buf_6)
                                                         P[14] (net)
                      0.044209    0.001661    2.926803 v P[14] (out)
                                              2.926803   data arrival time

                      0.000000    0.000000    0.000000   clock __VIRTUAL_CLK__ (rise edge)
                                  0.000000    0.000000   clock network delay (ideal)
                                  0.250000    0.250000   clock uncertainty
                                  0.000000    0.250000   clock reconvergence pessimism
                                 -2.000000   -1.750000   output external delay
                                             -1.750000   data required time
---------------------------------------------------------------------------------------------
                                             -1.750000   data required time
                                             -2.926803   data arrival time
---------------------------------------------------------------------------------------------
                                              4.676803   slack (MET)


Startpoint: B[4] (input port clocked by __VIRTUAL_CLK__)
Endpoint: P[10] (output port clocked by __VIRTUAL_CLK__)
Path Group: __VIRTUAL_CLK__
Path Type: min

Fanout         Cap        Slew       Delay        Time   Description
---------------------------------------------------------------------------------------------
                      0.000000    0.000000    0.000000   clock __VIRTUAL_CLK__ (rise edge)
                                  0.000000    0.000000   clock network delay (ideal)
                                  2.000000    2.000000 ^ input external delay
     1    0.003088    0.020972    0.011370    2.011370 ^ B[4] (in)
                                                         B[4] (net)
                      0.020980    0.000000    2.011370 ^ input13/A (sky130_fd_sc_hd__buf_4)
    10    0.075614    0.211963    0.216711    2.228081 ^ input13/X (sky130_fd_sc_hd__buf_4)
                                                         net13 (net)
                      0.212441    0.008342    2.236423 ^ _476_/A (sky130_fd_sc_hd__and3_1)
     2    0.005838    0.075212    0.206142    2.442565 ^ _476_/X (sky130_fd_sc_hd__and3_1)
                                                         _100_ (net)
                      0.075212    0.000205    2.442769 ^ _517_/A2 (sky130_fd_sc_hd__o21ai_1)
     3    0.010397    0.081871    0.100076    2.542845 v _517_/Y (sky130_fd_sc_hd__o21ai_1)
                                                         _140_ (net)
                      0.081904    0.000671    2.543516 v _552_/C1 (sky130_fd_sc_hd__o211ai_1)
     1    0.001834    0.068121    0.083591    2.627106 ^ _552_/Y (sky130_fd_sc_hd__o211ai_1)
                                                         _174_ (net)
                      0.068122    0.000129    2.627236 ^ _553_/B (sky130_fd_sc_hd__and2_1)
     1    0.009886    0.108050    0.169705    2.796940 ^ _553_/X (sky130_fd_sc_hd__and2_1)
                                                         net18 (net)
                      0.108056    0.000935    2.797876 ^ output18/A (sky130_fd_sc_hd__buf_6)
     1    0.034076    0.076497    0.145526    2.943401 ^ output18/X (sky130_fd_sc_hd__buf_6)
                                                         P[10] (net)
                      0.076538    0.001629    2.945030 ^ P[10] (out)
                                              2.945030   data arrival time

                      0.000000    0.000000    0.000000   clock __VIRTUAL_CLK__ (rise edge)
                                  0.000000    0.000000   clock network delay (ideal)
                                  0.250000    0.250000   clock uncertainty
                                  0.000000    0.250000   clock reconvergence pessimism
                                 -2.000000   -1.750000   output external delay
                                             -1.750000   data required time
---------------------------------------------------------------------------------------------
                                             -1.750000   data required time
                                             -2.945030   data arrival time
---------------------------------------------------------------------------------------------
                                              4.695030   slack (MET)


Startpoint: B[0] (input port clocked by __VIRTUAL_CLK__)
Endpoint: P[7] (output port clocked by __VIRTUAL_CLK__)
Path Group: __VIRTUAL_CLK__
Path Type: min

Fanout         Cap        Slew       Delay        Time   Description
---------------------------------------------------------------------------------------------
                      0.000000    0.000000    0.000000   clock __VIRTUAL_CLK__ (rise edge)
                                  0.000000    0.000000   clock network delay (ideal)
                                  2.000000    2.000000 ^ input external delay
     1    0.005584    0.031815    0.019830    2.019830 ^ B[0] (in)
                                                         B[0] (net)
                      0.031818    0.000000    2.019830 ^ input9/A (sky130_fd_sc_hd__buf_6)
     5    0.037016    0.082114    0.122211    2.142041 ^ input9/X (sky130_fd_sc_hd__buf_6)
                                                         net9 (net)
                      0.082429    0.004075    2.146116 ^ _399_/A1 (sky130_fd_sc_hd__a31o_1)
     2    0.008860    0.093179    0.176429    2.322545 ^ _399_/X (sky130_fd_sc_hd__a31o_1)
                                                         _025_ (net)
                      0.093180    0.000494    2.323040 ^ _400_/B (sky130_fd_sc_hd__and2b_1)
     2    0.009580    0.096546    0.170008    2.493048 ^ _400_/X (sky130_fd_sc_hd__and2b_1)
                                                         _026_ (net)
                      0.096547    0.000488    2.493536 ^ _443_/A2 (sky130_fd_sc_hd__a21o_1)
     2    0.013068    0.118588    0.180645    2.674181 ^ _443_/X (sky130_fd_sc_hd__a21o_1)
                                                         _068_ (net)
                      0.118596    0.000838    2.675020 ^ _444_/B (sky130_fd_sc_hd__xor2_1)
     1    0.007220    0.053676    0.101610    2.776630 v _444_/X (sky130_fd_sc_hd__xor2_1)
                                                         net30 (net)
                      0.053682    0.000570    2.777200 v output30/A (sky130_fd_sc_hd__buf_2)
     1    0.034449    0.090235    0.183440    2.960640 v output30/X (sky130_fd_sc_hd__buf_2)
                                                         P[7] (net)
                      0.090268    0.001611    2.962252 v P[7] (out)
                                              2.962252   data arrival time

                      0.000000    0.000000    0.000000   clock __VIRTUAL_CLK__ (rise edge)
                                  0.000000    0.000000   clock network delay (ideal)
                                  0.250000    0.250000   clock uncertainty
                                  0.000000    0.250000   clock reconvergence pessimism
                                 -2.000000   -1.750000   output external delay
                                             -1.750000   data required time
---------------------------------------------------------------------------------------------
                                             -1.750000   data required time
                                             -2.962252   data arrival time
---------------------------------------------------------------------------------------------
                                              4.712252   slack (MET)


Startpoint: B[4] (input port clocked by __VIRTUAL_CLK__)
Endpoint: P[9] (output port clocked by __VIRTUAL_CLK__)
Path Group: __VIRTUAL_CLK__
Path Type: min

Fanout         Cap        Slew       Delay        Time   Description
---------------------------------------------------------------------------------------------
                      0.000000    0.000000    0.000000   clock __VIRTUAL_CLK__ (rise edge)
                                  0.000000    0.000000   clock network delay (ideal)
                                  2.000000    2.000000 ^ input external delay
     1    0.003088    0.020972    0.011370    2.011370 ^ B[4] (in)
                                                         B[4] (net)
                      0.020980    0.000000    2.011370 ^ input13/A (sky130_fd_sc_hd__buf_4)
    10    0.075614    0.211963    0.216711    2.228081 ^ input13/X (sky130_fd_sc_hd__buf_4)
                                                         net13 (net)
                      0.212441    0.008342    2.236423 ^ _476_/A (sky130_fd_sc_hd__and3_1)
     2    0.005838    0.075212    0.206142    2.442565 ^ _476_/X (sky130_fd_sc_hd__and3_1)
                                                         _100_ (net)
                      0.075212    0.000215    2.442780 ^ _516_/B (sky130_fd_sc_hd__nor3_1)
     3    0.009830    0.057844    0.077252    2.520032 v _516_/Y (sky130_fd_sc_hd__nor3_1)
                                                         _139_ (net)
                      0.057877    0.000622    2.520654 v _518_/A_N (sky130_fd_sc_hd__and2b_1)
     1    0.009381    0.094863    0.230048    2.750701 ^ _518_/X (sky130_fd_sc_hd__and2b_1)
                                                         _141_ (net)
                      0.094866    0.000717    2.751419 ^ _520_/A (sky130_fd_sc_hd__xnor2_2)
     1    0.008210    0.052905    0.089488    2.840906 v _520_/Y (sky130_fd_sc_hd__xnor2_2)
                                                         net32 (net)
                      0.052910    0.000509    2.841415 v output32/A (sky130_fd_sc_hd__buf_6)
     1    0.034154    0.043855    0.139322    2.980737 v output32/X (sky130_fd_sc_hd__buf_6)
                                                         P[9] (net)
                      0.043938    0.001662    2.982399 v P[9] (out)
                                              2.982399   data arrival time

                      0.000000    0.000000    0.000000   clock __VIRTUAL_CLK__ (rise edge)
                                  0.000000    0.000000   clock network delay (ideal)
                                  0.250000    0.250000   clock uncertainty
                                  0.000000    0.250000   clock reconvergence pessimism
                                 -2.000000   -1.750000   output external delay
                                             -1.750000   data required time
---------------------------------------------------------------------------------------------
                                             -1.750000   data required time
                                             -2.982399   data arrival time
---------------------------------------------------------------------------------------------
                                              4.732399   slack (MET)


Startpoint: B[4] (input port clocked by __VIRTUAL_CLK__)
Endpoint: P[8] (output port clocked by __VIRTUAL_CLK__)
Path Group: __VIRTUAL_CLK__
Path Type: min

Fanout         Cap        Slew       Delay        Time   Description
---------------------------------------------------------------------------------------------
                      0.000000    0.000000    0.000000   clock __VIRTUAL_CLK__ (rise edge)
                                  0.000000    0.000000   clock network delay (ideal)
                                  2.000000    2.000000 v input external delay
     1    0.002840    0.008706    0.004540    2.004540 v B[4] (in)
                                                         B[4] (net)
                      0.008712    0.000000    2.004540 v input13/A (sky130_fd_sc_hd__buf_4)
    10    0.072837    0.100564    0.184059    2.188599 v input13/X (sky130_fd_sc_hd__buf_4)
                                                         net13 (net)
                      0.102161    0.010107    2.198706 v _475_/A (sky130_fd_sc_hd__nand2_2)
     4    0.024921    0.135895    0.149950    2.348656 ^ _475_/Y (sky130_fd_sc_hd__nand2_2)
                                                         _099_ (net)
                      0.135924    0.001635    2.350291 ^ _477_/B (sky130_fd_sc_hd__xnor2_1)
     2    0.006541    0.060943    0.101826    2.452116 v _477_/Y (sky130_fd_sc_hd__xnor2_1)
                                                         _101_ (net)
                      0.060945    0.000428    2.452545 v _480_/C (sky130_fd_sc_hd__nor3_1)
     1    0.003549    0.163615    0.145922    2.598466 ^ _480_/Y (sky130_fd_sc_hd__nor3_1)
                                                         _104_ (net)
                      0.163615    0.000234    2.598700 ^ _481_/A (sky130_fd_sc_hd__or2_4)
     2    0.008317    0.040482    0.154052    2.752752 ^ _481_/X (sky130_fd_sc_hd__or2_4)
                                                         _105_ (net)
                      0.040497    0.000556    2.753308 ^ _484_/A (sky130_fd_sc_hd__xnor2_1)
     1    0.010292    0.085330    0.103475    2.856784 v _484_/Y (sky130_fd_sc_hd__xnor2_1)
                                                         net31 (net)
                      0.085347    0.000995    2.857779 v output31/A (sky130_fd_sc_hd__buf_4)
     1    0.034920    0.059899    0.185989    3.043767 v output31/X (sky130_fd_sc_hd__buf_4)
                                                         P[8] (net)
                      0.059963    0.001750    3.045517 v P[8] (out)
                                              3.045517   data arrival time

                      0.000000    0.000000    0.000000   clock __VIRTUAL_CLK__ (rise edge)
                                  0.000000    0.000000   clock network delay (ideal)
                                  0.250000    0.250000   clock uncertainty
                                  0.000000    0.250000   clock reconvergence pessimism
                                 -2.000000   -1.750000   output external delay
                                             -1.750000   data required time
---------------------------------------------------------------------------------------------
                                             -1.750000   data required time
                                             -3.045517   data arrival time
---------------------------------------------------------------------------------------------
                                              4.795517   slack (MET)


Startpoint: B[4] (input port clocked by __VIRTUAL_CLK__)
Endpoint: P[11] (output port clocked by __VIRTUAL_CLK__)
Path Group: __VIRTUAL_CLK__
Path Type: min

Fanout         Cap        Slew       Delay        Time   Description
---------------------------------------------------------------------------------------------
                      0.000000    0.000000    0.000000   clock __VIRTUAL_CLK__ (rise edge)
                                  0.000000    0.000000   clock network delay (ideal)
                                  2.000000    2.000000 v input external delay
     1    0.002840    0.008706    0.004540    2.004540 v B[4] (in)
                                                         B[4] (net)
                      0.008712    0.000000    2.004540 v input13/A (sky130_fd_sc_hd__buf_4)
    10    0.072837    0.100564    0.184059    2.188599 v input13/X (sky130_fd_sc_hd__buf_4)
                                                         net13 (net)
                      0.102364    0.010703    2.199302 v _524_/A (sky130_fd_sc_hd__nand2_2)
     6    0.020158    0.112979    0.133846    2.333147 ^ _524_/Y (sky130_fd_sc_hd__nand2_2)
                                                         _146_ (net)
                      0.112986    0.000717    2.333864 ^ _526_/B (sky130_fd_sc_hd__nand2_1)
     1    0.002320    0.034988    0.061465    2.395329 v _526_/Y (sky130_fd_sc_hd__nand2_1)
                                                         _148_ (net)
                      0.034988    0.000096    2.395425 v _527_/B (sky130_fd_sc_hd__and2_1)
     2    0.006411    0.048603    0.162702    2.558127 v _527_/X (sky130_fd_sc_hd__and2_1)
                                                         _149_ (net)
                      0.048606    0.000428    2.558555 v _545_/A (sky130_fd_sc_hd__nand2_1)
     3    0.013351    0.128141    0.120669    2.679224 ^ _545_/Y (sky130_fd_sc_hd__nand2_1)
                                                         _167_ (net)
                      0.128149    0.000803    2.680027 ^ _578_/C1 (sky130_fd_sc_hd__o211ai_2)
     2    0.008866    0.072088    0.114906    2.794933 v _578_/Y (sky130_fd_sc_hd__o211ai_2)
                                                         _199_ (net)
                      0.072091    0.000580    2.795513 v _581_/A (sky130_fd_sc_hd__nand2_1)
     1    0.009288    0.093184    0.106090    2.901603 ^ _581_/Y (sky130_fd_sc_hd__nand2_1)
                                                         _202_ (net)
                      0.093192    0.000712    2.902315 ^ _583_/A (sky130_fd_sc_hd__xnor2_2)
     1    0.009318    0.055730    0.092586    2.994901 v _583_/Y (sky130_fd_sc_hd__xnor2_2)
                                                         net19 (net)
                      0.055741    0.000746    2.995647 v output19/A (sky130_fd_sc_hd__buf_6)
     1    0.033944    0.043680    0.140511    3.136158 v output19/X (sky130_fd_sc_hd__buf_6)
                                                         P[11] (net)
                      0.043755    0.001584    3.137742 v P[11] (out)
                                              3.137742   data arrival time

                      0.000000    0.000000    0.000000   clock __VIRTUAL_CLK__ (rise edge)
                                  0.000000    0.000000   clock network delay (ideal)
                                  0.250000    0.250000   clock uncertainty
                                  0.000000    0.250000   clock reconvergence pessimism
                                 -2.000000   -1.750000   output external delay
                                             -1.750000   data required time
---------------------------------------------------------------------------------------------
                                             -1.750000   data required time
                                             -3.137742   data arrival time
---------------------------------------------------------------------------------------------
                                              4.887742   slack (MET)


Startpoint: A[3] (input port clocked by __VIRTUAL_CLK__)
Endpoint: P[13] (output port clocked by __VIRTUAL_CLK__)
Path Group: __VIRTUAL_CLK__
Path Type: min

Fanout         Cap        Slew       Delay        Time   Description
---------------------------------------------------------------------------------------------
                      0.000000    0.000000    0.000000   clock __VIRTUAL_CLK__ (rise edge)
                                  0.000000    0.000000   clock network delay (ideal)
                                  2.000000    2.000000 ^ input external delay
     1    0.005573    0.031766    0.019793    2.019793 ^ A[3] (in)
                                                         A[3] (net)
                      0.031769    0.000000    2.019793 ^ input4/A (sky130_fd_sc_hd__buf_6)
     3    0.026524    0.062337    0.109208    2.129001 ^ input4/X (sky130_fd_sc_hd__buf_6)
                                                         net4 (net)
                      0.062430    0.001542    2.130543 ^ _487_/B (sky130_fd_sc_hd__nand4_1)
     3    0.010580    0.150082    0.149790    2.280332 v _487_/Y (sky130_fd_sc_hd__nand4_1)
                                                         _110_ (net)
                      0.150089    0.000804    2.281137 v _570_/B1 (sky130_fd_sc_hd__o21ai_1)
     1    0.003180    0.091821    0.117021    2.398158 ^ _570_/Y (sky130_fd_sc_hd__o21ai_1)
                                                         _191_ (net)
                      0.091821    0.000149    2.398307 ^ _571_/B (sky130_fd_sc_hd__nor2_1)
     2    0.014028    0.070849    0.089650    2.487957 v _571_/Y (sky130_fd_sc_hd__nor2_1)
                                                         _192_ (net)
                      0.070874    0.001090    2.489047 v _574_/A (sky130_fd_sc_hd__nor2_1)
     2    0.006981    0.143716    0.157300    2.646347 ^ _574_/Y (sky130_fd_sc_hd__nor2_1)
                                                         _195_ (net)
                      0.143718    0.000467    2.646813 ^ _597_/A (sky130_fd_sc_hd__or3_1)
     3    0.011833    0.115340    0.184900    2.831714 ^ _597_/X (sky130_fd_sc_hd__or3_1)
                                                         _217_ (net)
                      0.115343    0.000751    2.832464 ^ _616_/C1 (sky130_fd_sc_hd__o211a_4)
     3    0.014732    0.065283    0.185242    3.017706 ^ _616_/X (sky130_fd_sc_hd__o211a_4)
                                                         _236_ (net)
                      0.065290    0.000764    3.018470 ^ _617_/B (sky130_fd_sc_hd__nor2_1)
     1    0.008451    0.045157    0.061761    3.080231 v _617_/Y (sky130_fd_sc_hd__nor2_1)
                                                         net21 (net)
                      0.045170    0.000624    3.080854 v output21/A (sky130_fd_sc_hd__buf_6)
     1    0.034827    0.044422    0.136389    3.217243 v output21/X (sky130_fd_sc_hd__buf_6)
                                                         P[13] (net)
                      0.044516    0.001780    3.219023 v P[13] (out)
                                              3.219023   data arrival time

                      0.000000    0.000000    0.000000   clock __VIRTUAL_CLK__ (rise edge)
                                  0.000000    0.000000   clock network delay (ideal)
                                  0.250000    0.250000   clock uncertainty
                                  0.000000    0.250000   clock reconvergence pessimism
                                 -2.000000   -1.750000   output external delay
                                             -1.750000   data required time
---------------------------------------------------------------------------------------------
                                             -1.750000   data required time
                                             -3.219023   data arrival time
---------------------------------------------------------------------------------------------
                                              4.969023   slack (MET)


Startpoint: B[4] (input port clocked by __VIRTUAL_CLK__)
Endpoint: P[12] (output port clocked by __VIRTUAL_CLK__)
Path Group: __VIRTUAL_CLK__
Path Type: min

Fanout         Cap        Slew       Delay        Time   Description
---------------------------------------------------------------------------------------------
                      0.000000    0.000000    0.000000   clock __VIRTUAL_CLK__ (rise edge)
                                  0.000000    0.000000   clock network delay (ideal)
                                  2.000000    2.000000 v input external delay
     1    0.002840    0.008706    0.004540    2.004540 v B[4] (in)
                                                         B[4] (net)
                      0.008712    0.000000    2.004540 v input13/A (sky130_fd_sc_hd__buf_4)
    10    0.072837    0.100564    0.184059    2.188599 v input13/X (sky130_fd_sc_hd__buf_4)
                                                         net13 (net)
                      0.102364    0.010703    2.199302 v _524_/A (sky130_fd_sc_hd__nand2_2)
     6    0.020158    0.112979    0.133846    2.333147 ^ _524_/Y (sky130_fd_sc_hd__nand2_2)
                                                         _146_ (net)
                      0.112986    0.000717    2.333864 ^ _526_/B (sky130_fd_sc_hd__nand2_1)
     1    0.002320    0.034988    0.061465    2.395329 v _526_/Y (sky130_fd_sc_hd__nand2_1)
                                                         _148_ (net)
                      0.034988    0.000096    2.395425 v _527_/B (sky130_fd_sc_hd__and2_1)
     2    0.006411    0.048603    0.162702    2.558127 v _527_/X (sky130_fd_sc_hd__and2_1)
                                                         _149_ (net)
                      0.048606    0.000428    2.558555 v _545_/A (sky130_fd_sc_hd__nand2_1)
     3    0.013351    0.128141    0.120669    2.679224 ^ _545_/Y (sky130_fd_sc_hd__nand2_1)
                                                         _167_ (net)
                      0.128149    0.000803    2.680027 ^ _578_/C1 (sky130_fd_sc_hd__o211ai_2)
     2    0.008866    0.072088    0.114906    2.794933 v _578_/Y (sky130_fd_sc_hd__o211ai_2)
                                                         _199_ (net)
                      0.072093    0.000631    2.795564 v _579_/A (sky130_fd_sc_hd__inv_2)
     1    0.009631    0.053106    0.073586    2.869150 ^ _579_/Y (sky130_fd_sc_hd__inv_2)
                                                         _200_ (net)
                      0.053110    0.000469    2.869619 ^ _599_/B1 (sky130_fd_sc_hd__a31oi_4)
     3    0.015590    0.033118    0.043353    2.912972 v _599_/Y (sky130_fd_sc_hd__a31oi_4)
                                                         _219_ (net)
                      0.033149    0.001133    2.914105 v _600_/B (sky130_fd_sc_hd__xnor2_1)
     1    0.011458    0.094441    0.160153    3.074258 v _600_/Y (sky130_fd_sc_hd__xnor2_1)
                                                         net20 (net)
                      0.094448    0.000874    3.075132 v output20/A (sky130_fd_sc_hd__buf_6)
     1    0.033944    0.043728    0.158371    3.233504 v output20/X (sky130_fd_sc_hd__buf_6)
                                                         P[12] (net)
                      0.043803    0.001584    3.235087 v P[12] (out)
                                              3.235087   data arrival time

                      0.000000    0.000000    0.000000   clock __VIRTUAL_CLK__ (rise edge)
                                  0.000000    0.000000   clock network delay (ideal)
                                  0.250000    0.250000   clock uncertainty
                                  0.000000    0.250000   clock reconvergence pessimism
                                 -2.000000   -1.750000   output external delay
                                             -1.750000   data required time
---------------------------------------------------------------------------------------------
                                             -1.750000   data required time
                                             -3.235087   data arrival time
---------------------------------------------------------------------------------------------
                                              4.985087   slack (MET)



