Reading technology LEF file at '/home/gmun/.volare/volare/sky130/versions/0fe599b2afb6708d281543108caf8310912f54af/sky130A/libs.ref/sky130_fd_sc_hd/techlef/sky130_fd_sc_hd__min.tlef'…
[INFO ODB-0227] LEF file: /home/gmun/.volare/volare/sky130/versions/0fe599b2afb6708d281543108caf8310912f54af/sky130A/libs.ref/sky130_fd_sc_hd/techlef/sky130_fd_sc_hd__min.tlef, created 14 layers, 25 vias
Reading cell LEF file at '/home/gmun/.volare/volare/sky130/versions/0fe599b2afb6708d281543108caf8310912f54af/sky130A/libs.ref/sky130_fd_sc_hd/lef/sky130_fd_sc_hd.lef'…
[WARNING ODB-0220] WARNING (LEFPARS-2008): NOWIREEXTENSIONATPIN statement is obsolete in version 5.6 or later.
The NOWIREEXTENSIONATPIN statement will be ignored. See file /home/gmun/.volare/volare/sky130/versions/0fe599b2afb6708d281543108caf8310912f54af/sky130A/libs.ref/sky130_fd_sc_hd/lef/sky130_fd_sc_hd.lef at line 2.

[INFO ODB-0227] LEF file: /home/gmun/.volare/volare/sky130/versions/0fe599b2afb6708d281543108caf8310912f54af/sky130A/libs.ref/sky130_fd_sc_hd/lef/sky130_fd_sc_hd.lef, created 437 library cells
Reading cell LEF file at '/home/gmun/.volare/volare/sky130/versions/0fe599b2afb6708d281543108caf8310912f54af/sky130A/libs.ref/sky130_fd_sc_hd/lef/sky130_ef_sc_hd.lef'…
[WARNING ODB-0220] WARNING (LEFPARS-2008): NOWIREEXTENSIONATPIN statement is obsolete in version 5.6 or later.
The NOWIREEXTENSIONATPIN statement will be ignored. See file /home/gmun/.volare/volare/sky130/versions/0fe599b2afb6708d281543108caf8310912f54af/sky130A/libs.ref/sky130_fd_sc_hd/lef/sky130_ef_sc_hd.lef at line 2.

[INFO ODB-0227] LEF file: /home/gmun/.volare/volare/sky130/versions/0fe599b2afb6708d281543108caf8310912f54af/sky130A/libs.ref/sky130_fd_sc_hd/lef/sky130_ef_sc_hd.lef, created 4 library cells
[INFO ODB-0127] Reading DEF file: /home/gmun/Downloads/8Bits_corrigiendo2op_2Bits/runs/mult8_2bits_2op_e2475/75-odb-cellfrequencytables/mult8_2bits_2op_e2475.def
[INFO ODB-0128] Design: mult8_2bits_2op_e2475
[INFO ODB-0130]     Created 34 pins.
[INFO ODB-0131]     Created 3702 components and 15034 component-terminals.
[INFO ODB-0132]     Created 2 special nets and 13870 connections.
[INFO ODB-0133]     Created 372 nets and 1163 connections.
[INFO ODB-0134] Finished DEF file: /home/gmun/Downloads/8Bits_corrigiendo2op_2Bits/runs/mult8_2bits_2op_e2475/75-odb-cellfrequencytables/mult8_2bits_2op_e2475.def
Using RCX ruleset '/home/gmun/.volare/volare/sky130/versions/0fe599b2afb6708d281543108caf8310912f54af/sky130A/libs.tech/openlane/rules.openrcx.sky130A.min.calibre'…
[INFO RCX-0431] Defined process_corner CURRENT_CORNER with ext_model_index 0
[INFO RCX-0029] Defined extraction corner CURRENT_CORNER
[INFO RCX-0435] Reading extraction model file /home/gmun/.volare/volare/sky130/versions/0fe599b2afb6708d281543108caf8310912f54af/sky130A/libs.tech/openlane/rules.openrcx.sky130A.min.calibre ...
[INFO RCX-0436] RC segment generation mult8_2bits_2op_e2475 (max_merge_res 50.0) ...
[INFO RCX-0040] Final 1283 rc segments
[INFO RCX-0439] Coupling Cap extraction mult8_2bits_2op_e2475 ...
[INFO RCX-0440] Coupling threshhold is 0.1000 fF, coupling capacitance less than 0.1000 fF will be grounded.
[INFO RCX-0442] 56% of 2374 wires extracted
[INFO RCX-0442] 100% of 2374 wires extracted
[INFO RCX-0045] Extract 372 nets, 1655 rsegs, 1655 caps, 1939 ccs
Setting global connections for newly added cells…
[INFO] Setting global connections...
Updating metrics…
Cell type report:                       Count       Area
  Fill cell                              2877   29961.24
  Tap cell                                469     586.81
  Standard cell                           356    2796.43
  Total                                  3702   33344.48
Writing extracted parasitics to '/home/gmun/Downloads/8Bits_corrigiendo2op_2Bits/runs/mult8_2bits_2op_e2475/76-openroad-rcx/min/mult8_2bits_2op_e2475.min.spef'…
[INFO RCX-0443] 372 nets finished
