[WARNING ORD-0039] .openroad ignored with -python
                                Cells by Master                                 
┏━━━━━━━━━━━━━━━━━━━━━━━━━━━━━━━━━━━━━━━━━━━━━━━━━━━━━━━━━━━━━━━━┳━━━━━━━━━━━━━┓
┃ Cell                                                           ┃ Count       ┃
┡━━━━━━━━━━━━━━━━━━━━━━━━━━━━━━━━━━━━━━━━━━━━━━━━━━━━━━━━━━━━━━━━╇━━━━━━━━━━━━━┩
│ sky130_ef_sc_hd__decap_12                                      │ 1641        │
│ sky130_fd_sc_hd__a2111o_1                                      │ 1           │
│ sky130_fd_sc_hd__a211o_1                                       │ 2           │
│ sky130_fd_sc_hd__a211oi_1                                      │ 2           │
│ sky130_fd_sc_hd__a21bo_1                                       │ 7           │
│ sky130_fd_sc_hd__a21boi_1                                      │ 2           │
│ sky130_fd_sc_hd__a21o_1                                        │ 21          │
│ sky130_fd_sc_hd__a21oi_1                                       │ 16          │
│ sky130_fd_sc_hd__a21oi_2                                       │ 1           │
│ sky130_fd_sc_hd__a22o_1                                        │ 10          │
│ sky130_fd_sc_hd__a22oi_1                                       │ 6           │
│ sky130_fd_sc_hd__a22oi_2                                       │ 1           │
│ sky130_fd_sc_hd__a2bb2o_4                                      │ 1           │
│ sky130_fd_sc_hd__a31o_1                                        │ 8           │
│ sky130_fd_sc_hd__and2_1                                        │ 10          │
│ sky130_fd_sc_hd__and2b_1                                       │ 10          │
│ sky130_fd_sc_hd__and3_1                                        │ 17          │
│ sky130_fd_sc_hd__and3_4                                        │ 2           │
│ sky130_fd_sc_hd__and3b_1                                       │ 1           │
│ sky130_fd_sc_hd__and4_1                                        │ 11          │
│ sky130_fd_sc_hd__and4b_1                                       │ 1           │
│ sky130_fd_sc_hd__and4bb_1                                      │ 2           │
│ sky130_fd_sc_hd__buf_1                                         │ 7           │
│ sky130_fd_sc_hd__buf_2                                         │ 19          │
│ sky130_fd_sc_hd__buf_4                                         │ 2           │
│ sky130_fd_sc_hd__buf_6                                         │ 7           │
│ sky130_fd_sc_hd__buf_8                                         │ 4           │
│ sky130_fd_sc_hd__clkbuf_1                                      │ 3           │
│ sky130_fd_sc_hd__clkbuf_2                                      │ 6           │
│ sky130_fd_sc_hd__clkbuf_4                                      │ 2           │
│ sky130_fd_sc_hd__decap_3                                       │ 204         │
│ sky130_fd_sc_hd__decap_4                                       │ 78          │
│ sky130_fd_sc_hd__decap_6                                       │ 334         │
│ sky130_fd_sc_hd__decap_8                                       │ 100         │
│ sky130_fd_sc_hd__dlygate4sd1_1                                 │ 3           │
│ sky130_fd_sc_hd__dlymetal6s2s_1                                │ 7           │
│ sky130_fd_sc_hd__dlymetal6s4s_1                                │ 2           │
│ sky130_fd_sc_hd__fill_1                                        │ 423         │
│ sky130_fd_sc_hd__fill_2                                        │ 92          │
│ sky130_fd_sc_hd__inv_2                                         │ 5           │
│ sky130_fd_sc_hd__mux2_1                                        │ 1           │
│ sky130_fd_sc_hd__nand2_1                                       │ 22          │
│ sky130_fd_sc_hd__nand2b_1                                      │ 7           │
│ sky130_fd_sc_hd__nand2b_4                                      │ 1           │
│ sky130_fd_sc_hd__nand3_1                                       │ 14          │
│ sky130_fd_sc_hd__nand3_2                                       │ 3           │
│ sky130_fd_sc_hd__nand4_1                                       │ 3           │
│ sky130_fd_sc_hd__nor2_1                                        │ 29          │
│ sky130_fd_sc_hd__nor2_2                                        │ 1           │
│ sky130_fd_sc_hd__nor3_1                                        │ 1           │
│ sky130_fd_sc_hd__nor3b_2                                       │ 1           │
│ sky130_fd_sc_hd__o211a_1                                       │ 3           │
│ sky130_fd_sc_hd__o211ai_2                                      │ 2           │
│ sky130_fd_sc_hd__o21a_1                                        │ 4           │
│ sky130_fd_sc_hd__o21ai_1                                       │ 3           │
│ sky130_fd_sc_hd__o21ai_2                                       │ 1           │
│ sky130_fd_sc_hd__o21ba_1                                       │ 1           │
│ sky130_fd_sc_hd__o21bai_1                                      │ 3           │
│ sky130_fd_sc_hd__o21bai_2                                      │ 1           │
│ sky130_fd_sc_hd__o22a_1                                        │ 1           │
│ sky130_fd_sc_hd__o2bb2a_1                                      │ 2           │
│ sky130_fd_sc_hd__o311a_1                                       │ 1           │
│ sky130_fd_sc_hd__or2_1                                         │ 4           │
│ sky130_fd_sc_hd__or2_4                                         │ 1           │
│ sky130_fd_sc_hd__or3_1                                         │ 4           │
│ sky130_fd_sc_hd__or3_4                                         │ 1           │
│ sky130_fd_sc_hd__or4_4                                         │ 1           │
│ sky130_fd_sc_hd__tapvpwrvgnd_1                                 │ 469         │
│ sky130_fd_sc_hd__xnor2_1                                       │ 19          │
│ sky130_fd_sc_hd__xnor2_2                                       │ 12          │
│ sky130_fd_sc_hd__xor2_1                                        │ 8           │
│ sky130_fd_sc_hd__xor2_2                                        │ 5           │
└────────────────────────────────────────────────────────────────┴─────────────┘
                               Cells by Function                                
┏━━━━━━━━━━━━━━━━━━━━━━━━━━━━━━━━━━━━━━━━━━━━━━━━━━━━━━━━━━━━━━━┳━━━━━━━━━━━━━━┓
┃ Cell Function                                                 ┃ Count        ┃
┡━━━━━━━━━━━━━━━━━━━━━━━━━━━━━━━━━━━━━━━━━━━━━━━━━━━━━━━━━━━━━━━╇━━━━━━━━━━━━━━┩
│ sky130_ef_sc_hd__decap                                        │ 1641         │
│ sky130_fd_sc_hd__a2111o                                       │ 1            │
│ sky130_fd_sc_hd__a211o                                        │ 2            │
│ sky130_fd_sc_hd__a211oi                                       │ 2            │
│ sky130_fd_sc_hd__a21bo                                        │ 7            │
│ sky130_fd_sc_hd__a21boi                                       │ 2            │
│ sky130_fd_sc_hd__a21o                                         │ 21           │
│ sky130_fd_sc_hd__a21oi                                        │ 17           │
│ sky130_fd_sc_hd__a22o                                         │ 10           │
│ sky130_fd_sc_hd__a22oi                                        │ 7            │
│ sky130_fd_sc_hd__a2bb2o                                       │ 1            │
│ sky130_fd_sc_hd__a31o                                         │ 8            │
│ sky130_fd_sc_hd__and2                                         │ 10           │
│ sky130_fd_sc_hd__and2b                                        │ 10           │
│ sky130_fd_sc_hd__and3                                         │ 19           │
│ sky130_fd_sc_hd__and3b                                        │ 1            │
│ sky130_fd_sc_hd__and4                                         │ 11           │
│ sky130_fd_sc_hd__and4b                                        │ 1            │
│ sky130_fd_sc_hd__and4bb                                       │ 2            │
│ sky130_fd_sc_hd__buf                                          │ 39           │
│ sky130_fd_sc_hd__clkbuf                                       │ 11           │
│ sky130_fd_sc_hd__decap                                        │ 716          │
│ sky130_fd_sc_hd__dlygate4sd1                                  │ 3            │
│ sky130_fd_sc_hd__dlymetal6s2s                                 │ 7            │
│ sky130_fd_sc_hd__dlymetal6s4s                                 │ 2            │
│ sky130_fd_sc_hd__fill                                         │ 515          │
│ sky130_fd_sc_hd__inv                                          │ 5            │
│ sky130_fd_sc_hd__mux2                                         │ 1            │
│ sky130_fd_sc_hd__nand2                                        │ 22           │
│ sky130_fd_sc_hd__nand2b                                       │ 8            │
│ sky130_fd_sc_hd__nand3                                        │ 17           │
│ sky130_fd_sc_hd__nand4                                        │ 3            │
│ sky130_fd_sc_hd__nor2                                         │ 30           │
│ sky130_fd_sc_hd__nor3                                         │ 1            │
│ sky130_fd_sc_hd__nor3b                                        │ 1            │
│ sky130_fd_sc_hd__o211a                                        │ 3            │
│ sky130_fd_sc_hd__o211ai                                       │ 2            │
│ sky130_fd_sc_hd__o21a                                         │ 4            │
│ sky130_fd_sc_hd__o21ai                                        │ 4            │
│ sky130_fd_sc_hd__o21ba                                        │ 1            │
│ sky130_fd_sc_hd__o21bai                                       │ 4            │
│ sky130_fd_sc_hd__o22a                                         │ 1            │
│ sky130_fd_sc_hd__o2bb2a                                       │ 2            │
│ sky130_fd_sc_hd__o311a                                        │ 1            │
│ sky130_fd_sc_hd__or2                                          │ 5            │
│ sky130_fd_sc_hd__or3                                          │ 5            │
│ sky130_fd_sc_hd__or4                                          │ 1            │
│ sky130_fd_sc_hd__tapvpwrvgnd                                  │ 469          │
│ sky130_fd_sc_hd__xnor2                                        │ 31           │
│ sky130_fd_sc_hd__xor2                                         │ 13           │
└───────────────────────────────────────────────────────────────┴──────────────┘
                                  Cells by SCL                                  
┏━━━━━━━━━━━━━━━━━━━━━━━━━━━━━━━━━━━━━━━━━━━━━━━━━━━━━━━┳━━━━━━━━━━━━━━━━━━━━━━┓
┃ SCL                                                   ┃ Count                ┃
┡━━━━━━━━━━━━━━━━━━━━━━━━━━━━━━━━━━━━━━━━━━━━━━━━━━━━━━━╇━━━━━━━━━━━━━━━━━━━━━━┩
│ sky130_ef_sc_hd                                       │ 1641                 │
│ sky130_fd_sc_hd                                       │ 2059                 │
└───────────────────────────────────────────────────────┴──────────────────────┘
                             Buffers by Cell Master                             
┏━━━━━━━━━━━━━━━━━━━━━━━━━━━━━━━━━━━━━━━━━━━━━━━━━━━━━━━━━━━━━━━━┳━━━━━━━━━━━━━┓
┃ Buffer                                                         ┃ Count       ┃
┡━━━━━━━━━━━━━━━━━━━━━━━━━━━━━━━━━━━━━━━━━━━━━━━━━━━━━━━━━━━━━━━━╇━━━━━━━━━━━━━┩
│ sky130_fd_sc_hd__buf_1                                         │ 7           │
│ sky130_fd_sc_hd__buf_2                                         │ 19          │
│ sky130_fd_sc_hd__buf_4                                         │ 2           │
│ sky130_fd_sc_hd__buf_6                                         │ 7           │
│ sky130_fd_sc_hd__buf_8                                         │ 4           │
│ sky130_fd_sc_hd__clkbuf_1                                      │ 3           │
│ sky130_fd_sc_hd__clkbuf_2                                      │ 6           │
│ sky130_fd_sc_hd__clkbuf_4                                      │ 2           │
│ sky130_fd_sc_hd__dlygate4sd1_1                                 │ 3           │
│ sky130_fd_sc_hd__dlymetal6s2s_1                                │ 7           │
│ sky130_fd_sc_hd__dlymetal6s4s_1                                │ 2           │
└────────────────────────────────────────────────────────────────┴─────────────┘
