
===========================================================================
report_checks -path_delay max (Setup)
============================================================================
======================= nom_ff_n40C_1v95 Corner ===================================

Startpoint: A[3] (input port clocked by __VIRTUAL_CLK__)
Endpoint: P[14] (output port clocked by __VIRTUAL_CLK__)
Path Group: __VIRTUAL_CLK__
Path Type: max

Fanout         Cap        Slew       Delay        Time   Description
---------------------------------------------------------------------------------------------
                      0.000000    0.000000    0.000000   clock __VIRTUAL_CLK__ (rise edge)
                                  0.000000    0.000000   clock network delay (ideal)
                                  2.000000    2.000000 ^ input external delay
     1    0.002523    0.012931    0.006510    2.006510 ^ A[3] (in)
                                                         A[3] (net)
                      0.012931    0.000000    2.006510 ^ input4/A (sky130_fd_sc_hd__dlymetal6s2s_1)
     4    0.026387    0.209763    0.175747    2.182257 ^ input4/X (sky130_fd_sc_hd__dlymetal6s2s_1)
                                                         net4 (net)
                      0.209771    0.001094    2.183351 ^ fanout37/A (sky130_fd_sc_hd__buf_2)
    10    0.036429    0.136245    0.173628    2.356979 ^ fanout37/X (sky130_fd_sc_hd__buf_2)
                                                         net37 (net)
                      0.136259    0.001150    2.358129 ^ _330_/D_N (sky130_fd_sc_hd__or4bb_4)
     1    0.009035    0.064426    0.283822    2.641952 v _330_/X (sky130_fd_sc_hd__or4bb_4)
                                                         _262_ (net)
                      0.064427    0.000292    2.642244 v _332_/A1 (sky130_fd_sc_hd__a21oi_4)
     2    0.010927    0.097428    0.110138    2.752382 ^ _332_/Y (sky130_fd_sc_hd__a21oi_4)
                                                         _264_ (net)
                      0.097429    0.000311    2.752693 ^ _334_/B (sky130_fd_sc_hd__xnor2_2)
     2    0.011503    0.051214    0.057391    2.810084 v _334_/Y (sky130_fd_sc_hd__xnor2_2)
                                                         _266_ (net)
                      0.051216    0.000354    2.810438 v _335_/B (sky130_fd_sc_hd__xnor2_2)
     4    0.014355    0.061711    0.108717    2.919155 v _335_/Y (sky130_fd_sc_hd__xnor2_2)
                                                         _267_ (net)
                      0.061737    0.000447    2.919602 v _336_/D (sky130_fd_sc_hd__or4_4)
     2    0.005737    0.059926    0.252201    3.171803 v _336_/X (sky130_fd_sc_hd__or4_4)
                                                         _268_ (net)
                      0.059927    0.000151    3.171954 v _343_/A (sky130_fd_sc_hd__and4_1)
     2    0.007917    0.043359    0.117686    3.289640 v _343_/X (sky130_fd_sc_hd__and4_1)
                                                         _275_ (net)
                      0.043360    0.000224    3.289864 v _347_/A (sky130_fd_sc_hd__or4bb_4)
     3    0.012213    0.068194    0.337917    3.627781 v _347_/X (sky130_fd_sc_hd__or4bb_4)
                                                         _000_ (net)
                      0.068194    0.000467    3.628248 v _350_/A2 (sky130_fd_sc_hd__a21o_1)
     2    0.004691    0.029638    0.129954    3.758202 v _350_/X (sky130_fd_sc_hd__a21o_1)
                                                         _003_ (net)
                      0.029638    0.000103    3.758306 v _363_/A1 (sky130_fd_sc_hd__a21o_1)
     2    0.004944    0.030340    0.101302    3.859607 v _363_/X (sky130_fd_sc_hd__a21o_1)
                                                         _016_ (net)
                      0.030340    0.000114    3.859721 v _404_/A1 (sky130_fd_sc_hd__a21o_1)
     2    0.009676    0.044649    0.115880    3.975601 v _404_/X (sky130_fd_sc_hd__a21o_1)
                                                         _056_ (net)
                      0.044650    0.000294    3.975896 v _438_/A1 (sky130_fd_sc_hd__a21bo_1)
     3    0.014814    0.059151    0.142776    4.118672 v _438_/X (sky130_fd_sc_hd__a21bo_1)
                                                         _089_ (net)
                      0.059155    0.000540    4.119212 v _500_/A1 (sky130_fd_sc_hd__a311o_4)
     3    0.016093    0.056905    0.225376    4.344587 v _500_/X (sky130_fd_sc_hd__a311o_4)
                                                         _149_ (net)
                      0.056919    0.000854    4.345441 v _544_/B1 (sky130_fd_sc_hd__o221a_4)
     3    0.011075    0.038233    0.162945    4.508387 v _544_/X (sky130_fd_sc_hd__o221a_4)
                                                         _191_ (net)
                      0.038259    0.000532    4.508919 v _560_/A1 (sky130_fd_sc_hd__a32o_2)
     3    0.018433    0.050226    0.149146    4.658065 v _560_/X (sky130_fd_sc_hd__a32o_2)
                                                         _206_ (net)
                      0.050245    0.000909    4.658974 v _568_/A (sky130_fd_sc_hd__xnor2_2)
     1    0.005568    0.098608    0.117296    4.776270 ^ _568_/Y (sky130_fd_sc_hd__xnor2_2)
                                                         net21 (net)
                      0.098608    0.000174    4.776444 ^ output21/A (sky130_fd_sc_hd__buf_6)
     1    0.034455    0.058120    0.097897    4.874341 ^ output21/X (sky130_fd_sc_hd__buf_6)
                                                         P[14] (net)
                      0.058131    0.000793    4.875134 ^ P[14] (out)
                                              4.875134   data arrival time

                      0.000000   10.000000   10.000000   clock __VIRTUAL_CLK__ (rise edge)
                                  0.000000   10.000000   clock network delay (ideal)
                                 -0.250000    9.750000   clock uncertainty
                                  0.000000    9.750000   clock reconvergence pessimism
                                 -2.000000    7.750000   output external delay
                                              7.750000   data required time
---------------------------------------------------------------------------------------------
                                              7.750000   data required time
                                             -4.875134   data arrival time
---------------------------------------------------------------------------------------------
                                              2.874867   slack (MET)


Startpoint: A[3] (input port clocked by __VIRTUAL_CLK__)
Endpoint: P[15] (output port clocked by __VIRTUAL_CLK__)
Path Group: __VIRTUAL_CLK__
Path Type: max

Fanout         Cap        Slew       Delay        Time   Description
---------------------------------------------------------------------------------------------
                      0.000000    0.000000    0.000000   clock __VIRTUAL_CLK__ (rise edge)
                                  0.000000    0.000000   clock network delay (ideal)
                                  2.000000    2.000000 ^ input external delay
     1    0.002523    0.012931    0.006510    2.006510 ^ A[3] (in)
                                                         A[3] (net)
                      0.012931    0.000000    2.006510 ^ input4/A (sky130_fd_sc_hd__dlymetal6s2s_1)
     4    0.026387    0.209763    0.175747    2.182257 ^ input4/X (sky130_fd_sc_hd__dlymetal6s2s_1)
                                                         net4 (net)
                      0.209771    0.001094    2.183351 ^ fanout37/A (sky130_fd_sc_hd__buf_2)
    10    0.036429    0.136245    0.173628    2.356979 ^ fanout37/X (sky130_fd_sc_hd__buf_2)
                                                         net37 (net)
                      0.136259    0.001150    2.358129 ^ _330_/D_N (sky130_fd_sc_hd__or4bb_4)
     1    0.009035    0.064426    0.283822    2.641952 v _330_/X (sky130_fd_sc_hd__or4bb_4)
                                                         _262_ (net)
                      0.064427    0.000292    2.642244 v _332_/A1 (sky130_fd_sc_hd__a21oi_4)
     2    0.010927    0.097428    0.110138    2.752382 ^ _332_/Y (sky130_fd_sc_hd__a21oi_4)
                                                         _264_ (net)
                      0.097429    0.000311    2.752693 ^ _334_/B (sky130_fd_sc_hd__xnor2_2)
     2    0.011503    0.051214    0.057391    2.810084 v _334_/Y (sky130_fd_sc_hd__xnor2_2)
                                                         _266_ (net)
                      0.051216    0.000354    2.810438 v _335_/B (sky130_fd_sc_hd__xnor2_2)
     4    0.014355    0.061711    0.108717    2.919155 v _335_/Y (sky130_fd_sc_hd__xnor2_2)
                                                         _267_ (net)
                      0.061737    0.000447    2.919602 v _336_/D (sky130_fd_sc_hd__or4_4)
     2    0.005737    0.059926    0.252201    3.171803 v _336_/X (sky130_fd_sc_hd__or4_4)
                                                         _268_ (net)
                      0.059927    0.000151    3.171954 v _343_/A (sky130_fd_sc_hd__and4_1)
     2    0.007917    0.043359    0.117686    3.289640 v _343_/X (sky130_fd_sc_hd__and4_1)
                                                         _275_ (net)
                      0.043360    0.000224    3.289864 v _347_/A (sky130_fd_sc_hd__or4bb_4)
     3    0.012213    0.068194    0.337917    3.627781 v _347_/X (sky130_fd_sc_hd__or4bb_4)
                                                         _000_ (net)
                      0.068194    0.000467    3.628248 v _350_/A2 (sky130_fd_sc_hd__a21o_1)
     2    0.004691    0.029638    0.129954    3.758202 v _350_/X (sky130_fd_sc_hd__a21o_1)
                                                         _003_ (net)
                      0.029638    0.000103    3.758306 v _363_/A1 (sky130_fd_sc_hd__a21o_1)
     2    0.004944    0.030340    0.101302    3.859607 v _363_/X (sky130_fd_sc_hd__a21o_1)
                                                         _016_ (net)
                      0.030340    0.000114    3.859721 v _404_/A1 (sky130_fd_sc_hd__a21o_1)
     2    0.009676    0.044649    0.115880    3.975601 v _404_/X (sky130_fd_sc_hd__a21o_1)
                                                         _056_ (net)
                      0.044650    0.000294    3.975896 v _438_/A1 (sky130_fd_sc_hd__a21bo_1)
     3    0.014814    0.059151    0.142776    4.118672 v _438_/X (sky130_fd_sc_hd__a21bo_1)
                                                         _089_ (net)
                      0.059155    0.000540    4.119212 v _500_/A1 (sky130_fd_sc_hd__a311o_4)
     3    0.016093    0.056905    0.225376    4.344587 v _500_/X (sky130_fd_sc_hd__a311o_4)
                                                         _149_ (net)
                      0.056919    0.000854    4.345441 v _544_/B1 (sky130_fd_sc_hd__o221a_4)
     3    0.011075    0.038233    0.162945    4.508387 v _544_/X (sky130_fd_sc_hd__o221a_4)
                                                         _191_ (net)
                      0.038259    0.000532    4.508919 v _560_/A1 (sky130_fd_sc_hd__a32o_2)
     3    0.018433    0.050226    0.149146    4.658065 v _560_/X (sky130_fd_sc_hd__a32o_2)
                                                         _206_ (net)
                      0.050243    0.000872    4.658937 v _570_/A2 (sky130_fd_sc_hd__a21o_1)
     1    0.005039    0.030580    0.124748    4.783685 v _570_/X (sky130_fd_sc_hd__a21o_1)
                                                         net22 (net)
                      0.030580    0.000155    4.783840 v output22/A (sky130_fd_sc_hd__buf_6)
     1    0.034353    0.032160    0.090366    4.874206 v output22/X (sky130_fd_sc_hd__buf_6)
                                                         P[15] (net)
                      0.032183    0.000772    4.874978 v P[15] (out)
                                              4.874978   data arrival time

                      0.000000   10.000000   10.000000   clock __VIRTUAL_CLK__ (rise edge)
                                  0.000000   10.000000   clock network delay (ideal)
                                 -0.250000    9.750000   clock uncertainty
                                  0.000000    9.750000   clock reconvergence pessimism
                                 -2.000000    7.750000   output external delay
                                              7.750000   data required time
---------------------------------------------------------------------------------------------
                                              7.750000   data required time
                                             -4.874978   data arrival time
---------------------------------------------------------------------------------------------
                                              2.875022   slack (MET)


Startpoint: A[3] (input port clocked by __VIRTUAL_CLK__)
Endpoint: P[13] (output port clocked by __VIRTUAL_CLK__)
Path Group: __VIRTUAL_CLK__
Path Type: max

Fanout         Cap        Slew       Delay        Time   Description
---------------------------------------------------------------------------------------------
                      0.000000    0.000000    0.000000   clock __VIRTUAL_CLK__ (rise edge)
                                  0.000000    0.000000   clock network delay (ideal)
                                  2.000000    2.000000 ^ input external delay
     1    0.002523    0.012931    0.006510    2.006510 ^ A[3] (in)
                                                         A[3] (net)
                      0.012931    0.000000    2.006510 ^ input4/A (sky130_fd_sc_hd__dlymetal6s2s_1)
     4    0.026387    0.209763    0.175747    2.182257 ^ input4/X (sky130_fd_sc_hd__dlymetal6s2s_1)
                                                         net4 (net)
                      0.209771    0.001094    2.183351 ^ fanout37/A (sky130_fd_sc_hd__buf_2)
    10    0.036429    0.136245    0.173628    2.356979 ^ fanout37/X (sky130_fd_sc_hd__buf_2)
                                                         net37 (net)
                      0.136259    0.001150    2.358129 ^ _330_/D_N (sky130_fd_sc_hd__or4bb_4)
     1    0.009035    0.064426    0.283822    2.641952 v _330_/X (sky130_fd_sc_hd__or4bb_4)
                                                         _262_ (net)
                      0.064427    0.000292    2.642244 v _332_/A1 (sky130_fd_sc_hd__a21oi_4)
     2    0.010927    0.097428    0.110138    2.752382 ^ _332_/Y (sky130_fd_sc_hd__a21oi_4)
                                                         _264_ (net)
                      0.097429    0.000311    2.752693 ^ _334_/B (sky130_fd_sc_hd__xnor2_2)
     2    0.011503    0.051214    0.057391    2.810084 v _334_/Y (sky130_fd_sc_hd__xnor2_2)
                                                         _266_ (net)
                      0.051216    0.000354    2.810438 v _335_/B (sky130_fd_sc_hd__xnor2_2)
     4    0.014355    0.061711    0.108717    2.919155 v _335_/Y (sky130_fd_sc_hd__xnor2_2)
                                                         _267_ (net)
                      0.061737    0.000447    2.919602 v _336_/D (sky130_fd_sc_hd__or4_4)
     2    0.005737    0.059926    0.252201    3.171803 v _336_/X (sky130_fd_sc_hd__or4_4)
                                                         _268_ (net)
                      0.059927    0.000151    3.171954 v _343_/A (sky130_fd_sc_hd__and4_1)
     2    0.007917    0.043359    0.117686    3.289640 v _343_/X (sky130_fd_sc_hd__and4_1)
                                                         _275_ (net)
                      0.043360    0.000224    3.289864 v _347_/A (sky130_fd_sc_hd__or4bb_4)
     3    0.012213    0.068194    0.337917    3.627781 v _347_/X (sky130_fd_sc_hd__or4bb_4)
                                                         _000_ (net)
                      0.068194    0.000467    3.628248 v _350_/A2 (sky130_fd_sc_hd__a21o_1)
     2    0.004691    0.029638    0.129954    3.758202 v _350_/X (sky130_fd_sc_hd__a21o_1)
                                                         _003_ (net)
                      0.029638    0.000103    3.758306 v _363_/A1 (sky130_fd_sc_hd__a21o_1)
     2    0.004944    0.030340    0.101302    3.859607 v _363_/X (sky130_fd_sc_hd__a21o_1)
                                                         _016_ (net)
                      0.030340    0.000114    3.859721 v _404_/A1 (sky130_fd_sc_hd__a21o_1)
     2    0.009676    0.044649    0.115880    3.975601 v _404_/X (sky130_fd_sc_hd__a21o_1)
                                                         _056_ (net)
                      0.044650    0.000294    3.975896 v _438_/A1 (sky130_fd_sc_hd__a21bo_1)
     3    0.014814    0.059151    0.142776    4.118672 v _438_/X (sky130_fd_sc_hd__a21bo_1)
                                                         _089_ (net)
                      0.059155    0.000540    4.119212 v _500_/A1 (sky130_fd_sc_hd__a311o_4)
     3    0.016093    0.056905    0.225376    4.344587 v _500_/X (sky130_fd_sc_hd__a311o_4)
                                                         _149_ (net)
                      0.056919    0.000854    4.345441 v _544_/B1 (sky130_fd_sc_hd__o221a_4)
     3    0.011075    0.038233    0.162945    4.508387 v _544_/X (sky130_fd_sc_hd__o221a_4)
                                                         _191_ (net)
                      0.038259    0.000532    4.508919 v _560_/A1 (sky130_fd_sc_hd__a32o_2)
     3    0.018433    0.050226    0.149146    4.658065 v _560_/X (sky130_fd_sc_hd__a32o_2)
                                                         _206_ (net)
                      0.050228    0.000411    4.658476 v _562_/B1 (sky130_fd_sc_hd__a21oi_1)
     1    0.005213    0.108182    0.075274    4.733750 ^ _562_/Y (sky130_fd_sc_hd__a21oi_1)
                                                         net20 (net)
                      0.108182    0.000200    4.733950 ^ output20/A (sky130_fd_sc_hd__buf_4)
     1    0.035107    0.078391    0.125154    4.859104 ^ output20/X (sky130_fd_sc_hd__buf_4)
                                                         P[13] (net)
                      0.078401    0.000927    4.860031 ^ P[13] (out)
                                              4.860031   data arrival time

                      0.000000   10.000000   10.000000   clock __VIRTUAL_CLK__ (rise edge)
                                  0.000000   10.000000   clock network delay (ideal)
                                 -0.250000    9.750000   clock uncertainty
                                  0.000000    9.750000   clock reconvergence pessimism
                                 -2.000000    7.750000   output external delay
                                              7.750000   data required time
---------------------------------------------------------------------------------------------
                                              7.750000   data required time
                                             -4.860031   data arrival time
---------------------------------------------------------------------------------------------
                                              2.889969   slack (MET)


Startpoint: A[3] (input port clocked by __VIRTUAL_CLK__)
Endpoint: P[12] (output port clocked by __VIRTUAL_CLK__)
Path Group: __VIRTUAL_CLK__
Path Type: max

Fanout         Cap        Slew       Delay        Time   Description
---------------------------------------------------------------------------------------------
                      0.000000    0.000000    0.000000   clock __VIRTUAL_CLK__ (rise edge)
                                  0.000000    0.000000   clock network delay (ideal)
                                  2.000000    2.000000 ^ input external delay
     1    0.002523    0.012931    0.006510    2.006510 ^ A[3] (in)
                                                         A[3] (net)
                      0.012931    0.000000    2.006510 ^ input4/A (sky130_fd_sc_hd__dlymetal6s2s_1)
     4    0.026387    0.209763    0.175747    2.182257 ^ input4/X (sky130_fd_sc_hd__dlymetal6s2s_1)
                                                         net4 (net)
                      0.209771    0.001094    2.183351 ^ fanout37/A (sky130_fd_sc_hd__buf_2)
    10    0.036429    0.136245    0.173628    2.356979 ^ fanout37/X (sky130_fd_sc_hd__buf_2)
                                                         net37 (net)
                      0.136259    0.001150    2.358129 ^ _330_/D_N (sky130_fd_sc_hd__or4bb_4)
     1    0.009035    0.064426    0.283822    2.641952 v _330_/X (sky130_fd_sc_hd__or4bb_4)
                                                         _262_ (net)
                      0.064427    0.000292    2.642244 v _332_/A1 (sky130_fd_sc_hd__a21oi_4)
     2    0.010927    0.097428    0.110138    2.752382 ^ _332_/Y (sky130_fd_sc_hd__a21oi_4)
                                                         _264_ (net)
                      0.097429    0.000311    2.752693 ^ _334_/B (sky130_fd_sc_hd__xnor2_2)
     2    0.011503    0.051214    0.057391    2.810084 v _334_/Y (sky130_fd_sc_hd__xnor2_2)
                                                         _266_ (net)
                      0.051216    0.000354    2.810438 v _335_/B (sky130_fd_sc_hd__xnor2_2)
     4    0.014355    0.061711    0.108717    2.919155 v _335_/Y (sky130_fd_sc_hd__xnor2_2)
                                                         _267_ (net)
                      0.061737    0.000447    2.919602 v _336_/D (sky130_fd_sc_hd__or4_4)
     2    0.005737    0.059926    0.252201    3.171803 v _336_/X (sky130_fd_sc_hd__or4_4)
                                                         _268_ (net)
                      0.059927    0.000151    3.171954 v _343_/A (sky130_fd_sc_hd__and4_1)
     2    0.007917    0.043359    0.117686    3.289640 v _343_/X (sky130_fd_sc_hd__and4_1)
                                                         _275_ (net)
                      0.043360    0.000224    3.289864 v _347_/A (sky130_fd_sc_hd__or4bb_4)
     3    0.012213    0.068194    0.337917    3.627781 v _347_/X (sky130_fd_sc_hd__or4bb_4)
                                                         _000_ (net)
                      0.068194    0.000467    3.628248 v _350_/A2 (sky130_fd_sc_hd__a21o_1)
     2    0.004691    0.029638    0.129954    3.758202 v _350_/X (sky130_fd_sc_hd__a21o_1)
                                                         _003_ (net)
                      0.029638    0.000103    3.758306 v _363_/A1 (sky130_fd_sc_hd__a21o_1)
     2    0.004944    0.030340    0.101302    3.859607 v _363_/X (sky130_fd_sc_hd__a21o_1)
                                                         _016_ (net)
                      0.030340    0.000114    3.859721 v _404_/A1 (sky130_fd_sc_hd__a21o_1)
     2    0.009676    0.044649    0.115880    3.975601 v _404_/X (sky130_fd_sc_hd__a21o_1)
                                                         _056_ (net)
                      0.044650    0.000294    3.975896 v _438_/A1 (sky130_fd_sc_hd__a21bo_1)
     3    0.014814    0.059151    0.142776    4.118672 v _438_/X (sky130_fd_sc_hd__a21bo_1)
                                                         _089_ (net)
                      0.059155    0.000540    4.119212 v _500_/A1 (sky130_fd_sc_hd__a311o_4)
     3    0.016093    0.056905    0.225376    4.344587 v _500_/X (sky130_fd_sc_hd__a311o_4)
                                                         _149_ (net)
                      0.056919    0.000854    4.345441 v _544_/B1 (sky130_fd_sc_hd__o221a_4)
     3    0.011075    0.038233    0.162945    4.508387 v _544_/X (sky130_fd_sc_hd__o221a_4)
                                                         _191_ (net)
                      0.038257    0.000483    4.508870 v _546_/B (sky130_fd_sc_hd__or2_1)
     1    0.003176    0.033695    0.122691    4.631561 v _546_/X (sky130_fd_sc_hd__or2_1)
                                                         _193_ (net)
                      0.033705    0.000097    4.631658 v _547_/B (sky130_fd_sc_hd__and2_4)
     1    0.006182    0.024571    0.100973    4.732632 v _547_/X (sky130_fd_sc_hd__and2_4)
                                                         net19 (net)
                      0.024571    0.000224    4.732856 v output19/A (sky130_fd_sc_hd__buf_6)
     1    0.034794    0.032426    0.087994    4.820849 v output19/X (sky130_fd_sc_hd__buf_6)
                                                         P[12] (net)
                      0.032456    0.000877    4.821726 v P[12] (out)
                                              4.821726   data arrival time

                      0.000000   10.000000   10.000000   clock __VIRTUAL_CLK__ (rise edge)
                                  0.000000   10.000000   clock network delay (ideal)
                                 -0.250000    9.750000   clock uncertainty
                                  0.000000    9.750000   clock reconvergence pessimism
                                 -2.000000    7.750000   output external delay
                                              7.750000   data required time
---------------------------------------------------------------------------------------------
                                              7.750000   data required time
                                             -4.821726   data arrival time
---------------------------------------------------------------------------------------------
                                              2.928274   slack (MET)


Startpoint: A[3] (input port clocked by __VIRTUAL_CLK__)
Endpoint: P[10] (output port clocked by __VIRTUAL_CLK__)
Path Group: __VIRTUAL_CLK__
Path Type: max

Fanout         Cap        Slew       Delay        Time   Description
---------------------------------------------------------------------------------------------
                      0.000000    0.000000    0.000000   clock __VIRTUAL_CLK__ (rise edge)
                                  0.000000    0.000000   clock network delay (ideal)
                                  2.000000    2.000000 ^ input external delay
     1    0.002523    0.012931    0.006510    2.006510 ^ A[3] (in)
                                                         A[3] (net)
                      0.012931    0.000000    2.006510 ^ input4/A (sky130_fd_sc_hd__dlymetal6s2s_1)
     4    0.026387    0.209763    0.175747    2.182257 ^ input4/X (sky130_fd_sc_hd__dlymetal6s2s_1)
                                                         net4 (net)
                      0.209771    0.001094    2.183351 ^ fanout37/A (sky130_fd_sc_hd__buf_2)
    10    0.036429    0.136245    0.173628    2.356979 ^ fanout37/X (sky130_fd_sc_hd__buf_2)
                                                         net37 (net)
                      0.136259    0.001150    2.358129 ^ _330_/D_N (sky130_fd_sc_hd__or4bb_4)
     1    0.009035    0.064426    0.283822    2.641952 v _330_/X (sky130_fd_sc_hd__or4bb_4)
                                                         _262_ (net)
                      0.064427    0.000292    2.642244 v _332_/A1 (sky130_fd_sc_hd__a21oi_4)
     2    0.010927    0.097428    0.110138    2.752382 ^ _332_/Y (sky130_fd_sc_hd__a21oi_4)
                                                         _264_ (net)
                      0.097429    0.000311    2.752693 ^ _334_/B (sky130_fd_sc_hd__xnor2_2)
     2    0.011503    0.051214    0.057391    2.810084 v _334_/Y (sky130_fd_sc_hd__xnor2_2)
                                                         _266_ (net)
                      0.051216    0.000354    2.810438 v _335_/B (sky130_fd_sc_hd__xnor2_2)
     4    0.014355    0.061711    0.108717    2.919155 v _335_/Y (sky130_fd_sc_hd__xnor2_2)
                                                         _267_ (net)
                      0.061737    0.000447    2.919602 v _336_/D (sky130_fd_sc_hd__or4_4)
     2    0.005737    0.059926    0.252201    3.171803 v _336_/X (sky130_fd_sc_hd__or4_4)
                                                         _268_ (net)
                      0.059927    0.000151    3.171954 v _343_/A (sky130_fd_sc_hd__and4_1)
     2    0.007917    0.043359    0.117686    3.289640 v _343_/X (sky130_fd_sc_hd__and4_1)
                                                         _275_ (net)
                      0.043360    0.000224    3.289864 v _347_/A (sky130_fd_sc_hd__or4bb_4)
     3    0.012213    0.068194    0.337917    3.627781 v _347_/X (sky130_fd_sc_hd__or4bb_4)
                                                         _000_ (net)
                      0.068194    0.000467    3.628248 v _350_/A2 (sky130_fd_sc_hd__a21o_1)
     2    0.004691    0.029638    0.129954    3.758202 v _350_/X (sky130_fd_sc_hd__a21o_1)
                                                         _003_ (net)
                      0.029638    0.000103    3.758306 v _363_/A1 (sky130_fd_sc_hd__a21o_1)
     2    0.004944    0.030340    0.101302    3.859607 v _363_/X (sky130_fd_sc_hd__a21o_1)
                                                         _016_ (net)
                      0.030340    0.000114    3.859721 v _404_/A1 (sky130_fd_sc_hd__a21o_1)
     2    0.009676    0.044649    0.115880    3.975601 v _404_/X (sky130_fd_sc_hd__a21o_1)
                                                         _056_ (net)
                      0.044650    0.000294    3.975896 v _438_/A1 (sky130_fd_sc_hd__a21bo_1)
     3    0.014814    0.059151    0.142776    4.118672 v _438_/X (sky130_fd_sc_hd__a21bo_1)
                                                         _089_ (net)
                      0.059155    0.000540    4.119212 v _500_/A1 (sky130_fd_sc_hd__a311o_4)
     3    0.016093    0.056905    0.225376    4.344587 v _500_/X (sky130_fd_sc_hd__a311o_4)
                                                         _149_ (net)
                      0.056916    0.000776    4.345363 v rebuffer51/A (sky130_fd_sc_hd__dlygate4sd1_1)
     1    0.016020    0.060752    0.191070    4.536433 v rebuffer51/X (sky130_fd_sc_hd__dlygate4sd1_1)
                                                         net105 (net)
                      0.060755    0.000498    4.536931 v _501_/B (sky130_fd_sc_hd__xnor2_4)
     1    0.009689    0.106562    0.113339    4.650270 ^ _501_/Y (sky130_fd_sc_hd__xnor2_4)
                                                         net17 (net)
                      0.106562    0.000386    4.650656 ^ output17/A (sky130_fd_sc_hd__buf_6)
     1    0.033916    0.057467    0.098666    4.749322 ^ output17/X (sky130_fd_sc_hd__buf_6)
                                                         P[10] (net)
                      0.057473    0.000612    4.749934 ^ P[10] (out)
                                              4.749934   data arrival time

                      0.000000   10.000000   10.000000   clock __VIRTUAL_CLK__ (rise edge)
                                  0.000000   10.000000   clock network delay (ideal)
                                 -0.250000    9.750000   clock uncertainty
                                  0.000000    9.750000   clock reconvergence pessimism
                                 -2.000000    7.750000   output external delay
                                              7.750000   data required time
---------------------------------------------------------------------------------------------
                                              7.750000   data required time
                                             -4.749934   data arrival time
---------------------------------------------------------------------------------------------
                                              3.000066   slack (MET)


Startpoint: A[3] (input port clocked by __VIRTUAL_CLK__)
Endpoint: P[11] (output port clocked by __VIRTUAL_CLK__)
Path Group: __VIRTUAL_CLK__
Path Type: max

Fanout         Cap        Slew       Delay        Time   Description
---------------------------------------------------------------------------------------------
                      0.000000    0.000000    0.000000   clock __VIRTUAL_CLK__ (rise edge)
                                  0.000000    0.000000   clock network delay (ideal)
                                  2.000000    2.000000 ^ input external delay
     1    0.002523    0.012931    0.006510    2.006510 ^ A[3] (in)
                                                         A[3] (net)
                      0.012931    0.000000    2.006510 ^ input4/A (sky130_fd_sc_hd__dlymetal6s2s_1)
     4    0.026387    0.209763    0.175747    2.182257 ^ input4/X (sky130_fd_sc_hd__dlymetal6s2s_1)
                                                         net4 (net)
                      0.209771    0.001094    2.183351 ^ fanout37/A (sky130_fd_sc_hd__buf_2)
    10    0.036429    0.136245    0.173628    2.356979 ^ fanout37/X (sky130_fd_sc_hd__buf_2)
                                                         net37 (net)
                      0.136259    0.001150    2.358129 ^ _330_/D_N (sky130_fd_sc_hd__or4bb_4)
     1    0.009035    0.064426    0.283822    2.641952 v _330_/X (sky130_fd_sc_hd__or4bb_4)
                                                         _262_ (net)
                      0.064427    0.000292    2.642244 v _332_/A1 (sky130_fd_sc_hd__a21oi_4)
     2    0.010927    0.097428    0.110138    2.752382 ^ _332_/Y (sky130_fd_sc_hd__a21oi_4)
                                                         _264_ (net)
                      0.097429    0.000311    2.752693 ^ _334_/B (sky130_fd_sc_hd__xnor2_2)
     2    0.011503    0.051214    0.057391    2.810084 v _334_/Y (sky130_fd_sc_hd__xnor2_2)
                                                         _266_ (net)
                      0.051216    0.000354    2.810438 v _335_/B (sky130_fd_sc_hd__xnor2_2)
     4    0.014355    0.061711    0.108717    2.919155 v _335_/Y (sky130_fd_sc_hd__xnor2_2)
                                                         _267_ (net)
                      0.061737    0.000447    2.919602 v _336_/D (sky130_fd_sc_hd__or4_4)
     2    0.005737    0.059926    0.252201    3.171803 v _336_/X (sky130_fd_sc_hd__or4_4)
                                                         _268_ (net)
                      0.059927    0.000151    3.171954 v _343_/A (sky130_fd_sc_hd__and4_1)
     2    0.007917    0.043359    0.117686    3.289640 v _343_/X (sky130_fd_sc_hd__and4_1)
                                                         _275_ (net)
                      0.043360    0.000224    3.289864 v _347_/A (sky130_fd_sc_hd__or4bb_4)
     3    0.012213    0.068194    0.337917    3.627781 v _347_/X (sky130_fd_sc_hd__or4bb_4)
                                                         _000_ (net)
                      0.068194    0.000467    3.628248 v _350_/A2 (sky130_fd_sc_hd__a21o_1)
     2    0.004691    0.029638    0.129954    3.758202 v _350_/X (sky130_fd_sc_hd__a21o_1)
                                                         _003_ (net)
                      0.029638    0.000103    3.758306 v _363_/A1 (sky130_fd_sc_hd__a21o_1)
     2    0.004944    0.030340    0.101302    3.859607 v _363_/X (sky130_fd_sc_hd__a21o_1)
                                                         _016_ (net)
                      0.030340    0.000114    3.859721 v _404_/A1 (sky130_fd_sc_hd__a21o_1)
     2    0.009676    0.044649    0.115880    3.975601 v _404_/X (sky130_fd_sc_hd__a21o_1)
                                                         _056_ (net)
                      0.044650    0.000294    3.975896 v _438_/A1 (sky130_fd_sc_hd__a21bo_1)
     3    0.014814    0.059151    0.142776    4.118672 v _438_/X (sky130_fd_sc_hd__a21bo_1)
                                                         _089_ (net)
                      0.059155    0.000540    4.119212 v _500_/A1 (sky130_fd_sc_hd__a311o_4)
     3    0.016093    0.056905    0.225376    4.344587 v _500_/X (sky130_fd_sc_hd__a311o_4)
                                                         _149_ (net)
                      0.056917    0.000819    4.345407 v _523_/A2 (sky130_fd_sc_hd__a21o_1)
     1    0.008541    0.041071    0.138188    4.483594 v _523_/X (sky130_fd_sc_hd__a21o_1)
                                                         _171_ (net)
                      0.041072    0.000265    4.483859 v _524_/B (sky130_fd_sc_hd__xnor2_2)
     1    0.008538    0.121746    0.114009    4.597868 ^ _524_/Y (sky130_fd_sc_hd__xnor2_2)
                                                         net18 (net)
                      0.121746    0.000372    4.598240 ^ output18/A (sky130_fd_sc_hd__buf_6)
     1    0.033969    0.057704    0.101023    4.699263 ^ output18/X (sky130_fd_sc_hd__buf_6)
                                                         P[11] (net)
                      0.057710    0.000623    4.699885 ^ P[11] (out)
                                              4.699885   data arrival time

                      0.000000   10.000000   10.000000   clock __VIRTUAL_CLK__ (rise edge)
                                  0.000000   10.000000   clock network delay (ideal)
                                 -0.250000    9.750000   clock uncertainty
                                  0.000000    9.750000   clock reconvergence pessimism
                                 -2.000000    7.750000   output external delay
                                              7.750000   data required time
---------------------------------------------------------------------------------------------
                                              7.750000   data required time
                                             -4.699885   data arrival time
---------------------------------------------------------------------------------------------
                                              3.050114   slack (MET)


Startpoint: A[3] (input port clocked by __VIRTUAL_CLK__)
Endpoint: P[9] (output port clocked by __VIRTUAL_CLK__)
Path Group: __VIRTUAL_CLK__
Path Type: max

Fanout         Cap        Slew       Delay        Time   Description
---------------------------------------------------------------------------------------------
                      0.000000    0.000000    0.000000   clock __VIRTUAL_CLK__ (rise edge)
                                  0.000000    0.000000   clock network delay (ideal)
                                  2.000000    2.000000 ^ input external delay
     1    0.002523    0.012931    0.006510    2.006510 ^ A[3] (in)
                                                         A[3] (net)
                      0.012931    0.000000    2.006510 ^ input4/A (sky130_fd_sc_hd__dlymetal6s2s_1)
     4    0.026387    0.209763    0.175747    2.182257 ^ input4/X (sky130_fd_sc_hd__dlymetal6s2s_1)
                                                         net4 (net)
                      0.209771    0.001094    2.183351 ^ fanout37/A (sky130_fd_sc_hd__buf_2)
    10    0.036429    0.136245    0.173628    2.356979 ^ fanout37/X (sky130_fd_sc_hd__buf_2)
                                                         net37 (net)
                      0.136259    0.001150    2.358129 ^ _330_/D_N (sky130_fd_sc_hd__or4bb_4)
     1    0.009035    0.064426    0.283822    2.641952 v _330_/X (sky130_fd_sc_hd__or4bb_4)
                                                         _262_ (net)
                      0.064427    0.000292    2.642244 v _332_/A1 (sky130_fd_sc_hd__a21oi_4)
     2    0.010927    0.097428    0.110138    2.752382 ^ _332_/Y (sky130_fd_sc_hd__a21oi_4)
                                                         _264_ (net)
                      0.097429    0.000311    2.752693 ^ _334_/B (sky130_fd_sc_hd__xnor2_2)
     2    0.011503    0.051214    0.057391    2.810084 v _334_/Y (sky130_fd_sc_hd__xnor2_2)
                                                         _266_ (net)
                      0.051216    0.000354    2.810438 v _335_/B (sky130_fd_sc_hd__xnor2_2)
     4    0.014355    0.061711    0.108717    2.919155 v _335_/Y (sky130_fd_sc_hd__xnor2_2)
                                                         _267_ (net)
                      0.061737    0.000447    2.919602 v _336_/D (sky130_fd_sc_hd__or4_4)
     2    0.005737    0.059926    0.252201    3.171803 v _336_/X (sky130_fd_sc_hd__or4_4)
                                                         _268_ (net)
                      0.059927    0.000151    3.171954 v _343_/A (sky130_fd_sc_hd__and4_1)
     2    0.007917    0.043359    0.117686    3.289640 v _343_/X (sky130_fd_sc_hd__and4_1)
                                                         _275_ (net)
                      0.043360    0.000224    3.289864 v _347_/A (sky130_fd_sc_hd__or4bb_4)
     3    0.012213    0.068194    0.337917    3.627781 v _347_/X (sky130_fd_sc_hd__or4bb_4)
                                                         _000_ (net)
                      0.068194    0.000467    3.628248 v _350_/A2 (sky130_fd_sc_hd__a21o_1)
     2    0.004691    0.029638    0.129954    3.758202 v _350_/X (sky130_fd_sc_hd__a21o_1)
                                                         _003_ (net)
                      0.029638    0.000103    3.758306 v _363_/A1 (sky130_fd_sc_hd__a21o_1)
     2    0.004944    0.030340    0.101302    3.859607 v _363_/X (sky130_fd_sc_hd__a21o_1)
                                                         _016_ (net)
                      0.030340    0.000114    3.859721 v _404_/A1 (sky130_fd_sc_hd__a21o_1)
     2    0.009676    0.044649    0.115880    3.975601 v _404_/X (sky130_fd_sc_hd__a21o_1)
                                                         _056_ (net)
                      0.044650    0.000294    3.975896 v _438_/A1 (sky130_fd_sc_hd__a21bo_1)
     3    0.014814    0.059151    0.142776    4.118672 v _438_/X (sky130_fd_sc_hd__a21bo_1)
                                                         _089_ (net)
                      0.059153    0.000452    4.119123 v _479_/A2 (sky130_fd_sc_hd__a21oi_1)
     1    0.005802    0.116136    0.134093    4.253217 ^ _479_/Y (sky130_fd_sc_hd__a21oi_1)
                                                         _129_ (net)
                      0.116136    0.000179    4.253396 ^ _480_/B (sky130_fd_sc_hd__xnor2_1)
     1    0.012004    0.210313    0.128880    4.382276 ^ _480_/Y (sky130_fd_sc_hd__xnor2_1)
                                                         net31 (net)
                      0.210316    0.000591    4.382867 ^ output31/A (sky130_fd_sc_hd__buf_6)
     1    0.034060    0.059025    0.104705    4.487572 ^ output31/X (sky130_fd_sc_hd__buf_6)
                                                         P[9] (net)
                      0.059031    0.000655    4.488227 ^ P[9] (out)
                                              4.488227   data arrival time

                      0.000000   10.000000   10.000000   clock __VIRTUAL_CLK__ (rise edge)
                                  0.000000   10.000000   clock network delay (ideal)
                                 -0.250000    9.750000   clock uncertainty
                                  0.000000    9.750000   clock reconvergence pessimism
                                 -2.000000    7.750000   output external delay
                                              7.750000   data required time
---------------------------------------------------------------------------------------------
                                              7.750000   data required time
                                             -4.488227   data arrival time
---------------------------------------------------------------------------------------------
                                              3.261773   slack (MET)


Startpoint: A[3] (input port clocked by __VIRTUAL_CLK__)
Endpoint: P[8] (output port clocked by __VIRTUAL_CLK__)
Path Group: __VIRTUAL_CLK__
Path Type: max

Fanout         Cap        Slew       Delay        Time   Description
---------------------------------------------------------------------------------------------
                      0.000000    0.000000    0.000000   clock __VIRTUAL_CLK__ (rise edge)
                                  0.000000    0.000000   clock network delay (ideal)
                                  2.000000    2.000000 ^ input external delay
     1    0.002523    0.012931    0.006510    2.006510 ^ A[3] (in)
                                                         A[3] (net)
                      0.012931    0.000000    2.006510 ^ input4/A (sky130_fd_sc_hd__dlymetal6s2s_1)
     4    0.026387    0.209763    0.175747    2.182257 ^ input4/X (sky130_fd_sc_hd__dlymetal6s2s_1)
                                                         net4 (net)
                      0.209771    0.001094    2.183351 ^ fanout37/A (sky130_fd_sc_hd__buf_2)
    10    0.036429    0.136245    0.173628    2.356979 ^ fanout37/X (sky130_fd_sc_hd__buf_2)
                                                         net37 (net)
                      0.136259    0.001150    2.358129 ^ _330_/D_N (sky130_fd_sc_hd__or4bb_4)
     1    0.009035    0.064426    0.283822    2.641952 v _330_/X (sky130_fd_sc_hd__or4bb_4)
                                                         _262_ (net)
                      0.064427    0.000292    2.642244 v _332_/A1 (sky130_fd_sc_hd__a21oi_4)
     2    0.010927    0.097428    0.110138    2.752382 ^ _332_/Y (sky130_fd_sc_hd__a21oi_4)
                                                         _264_ (net)
                      0.097429    0.000311    2.752693 ^ _334_/B (sky130_fd_sc_hd__xnor2_2)
     2    0.011503    0.051214    0.057391    2.810084 v _334_/Y (sky130_fd_sc_hd__xnor2_2)
                                                         _266_ (net)
                      0.051216    0.000354    2.810438 v _335_/B (sky130_fd_sc_hd__xnor2_2)
     4    0.014355    0.061711    0.108717    2.919155 v _335_/Y (sky130_fd_sc_hd__xnor2_2)
                                                         _267_ (net)
                      0.061737    0.000447    2.919602 v _336_/D (sky130_fd_sc_hd__or4_4)
     2    0.005737    0.059926    0.252201    3.171803 v _336_/X (sky130_fd_sc_hd__or4_4)
                                                         _268_ (net)
                      0.059927    0.000151    3.171954 v _343_/A (sky130_fd_sc_hd__and4_1)
     2    0.007917    0.043359    0.117686    3.289640 v _343_/X (sky130_fd_sc_hd__and4_1)
                                                         _275_ (net)
                      0.043360    0.000224    3.289864 v _347_/A (sky130_fd_sc_hd__or4bb_4)
     3    0.012213    0.068194    0.337917    3.627781 v _347_/X (sky130_fd_sc_hd__or4bb_4)
                                                         _000_ (net)
                      0.068194    0.000467    3.628248 v _350_/A2 (sky130_fd_sc_hd__a21o_1)
     2    0.004691    0.029638    0.129954    3.758202 v _350_/X (sky130_fd_sc_hd__a21o_1)
                                                         _003_ (net)
                      0.029638    0.000103    3.758306 v _363_/A1 (sky130_fd_sc_hd__a21o_1)
     2    0.004944    0.030340    0.101302    3.859607 v _363_/X (sky130_fd_sc_hd__a21o_1)
                                                         _016_ (net)
                      0.030340    0.000114    3.859721 v _404_/A1 (sky130_fd_sc_hd__a21o_1)
     2    0.009676    0.044649    0.115880    3.975601 v _404_/X (sky130_fd_sc_hd__a21o_1)
                                                         _056_ (net)
                      0.044650    0.000294    3.975896 v _438_/A1 (sky130_fd_sc_hd__a21bo_1)
     3    0.014814    0.059151    0.142776    4.118672 v _438_/X (sky130_fd_sc_hd__a21bo_1)
                                                         _089_ (net)
                      0.059152    0.000357    4.119029 v _439_/B (sky130_fd_sc_hd__xor2_1)
     1    0.008150    0.148401    0.147172    4.266201 ^ _439_/X (sky130_fd_sc_hd__xor2_1)
                                                         net30 (net)
                      0.148401    0.000358    4.266559 ^ output30/A (sky130_fd_sc_hd__buf_4)
     1    0.034069    0.077001    0.129204    4.395763 ^ output30/X (sky130_fd_sc_hd__buf_4)
                                                         P[8] (net)
                      0.077005    0.000637    4.396401 ^ P[8] (out)
                                              4.396401   data arrival time

                      0.000000   10.000000   10.000000   clock __VIRTUAL_CLK__ (rise edge)
                                  0.000000   10.000000   clock network delay (ideal)
                                 -0.250000    9.750000   clock uncertainty
                                  0.000000    9.750000   clock reconvergence pessimism
                                 -2.000000    7.750000   output external delay
                                              7.750000   data required time
---------------------------------------------------------------------------------------------
                                              7.750000   data required time
                                             -4.396401   data arrival time
---------------------------------------------------------------------------------------------
                                              3.353599   slack (MET)


Startpoint: A[3] (input port clocked by __VIRTUAL_CLK__)
Endpoint: P[7] (output port clocked by __VIRTUAL_CLK__)
Path Group: __VIRTUAL_CLK__
Path Type: max

Fanout         Cap        Slew       Delay        Time   Description
---------------------------------------------------------------------------------------------
                      0.000000    0.000000    0.000000   clock __VIRTUAL_CLK__ (rise edge)
                                  0.000000    0.000000   clock network delay (ideal)
                                  2.000000    2.000000 ^ input external delay
     1    0.002523    0.012931    0.006510    2.006510 ^ A[3] (in)
                                                         A[3] (net)
                      0.012931    0.000000    2.006510 ^ input4/A (sky130_fd_sc_hd__dlymetal6s2s_1)
     4    0.026387    0.209763    0.175747    2.182257 ^ input4/X (sky130_fd_sc_hd__dlymetal6s2s_1)
                                                         net4 (net)
                      0.209771    0.001094    2.183351 ^ fanout37/A (sky130_fd_sc_hd__buf_2)
    10    0.036429    0.136245    0.173628    2.356979 ^ fanout37/X (sky130_fd_sc_hd__buf_2)
                                                         net37 (net)
                      0.136259    0.001150    2.358129 ^ _330_/D_N (sky130_fd_sc_hd__or4bb_4)
     1    0.009035    0.064426    0.283822    2.641952 v _330_/X (sky130_fd_sc_hd__or4bb_4)
                                                         _262_ (net)
                      0.064427    0.000292    2.642244 v _332_/A1 (sky130_fd_sc_hd__a21oi_4)
     2    0.010927    0.097428    0.110138    2.752382 ^ _332_/Y (sky130_fd_sc_hd__a21oi_4)
                                                         _264_ (net)
                      0.097429    0.000311    2.752693 ^ _334_/B (sky130_fd_sc_hd__xnor2_2)
     2    0.011503    0.051214    0.057391    2.810084 v _334_/Y (sky130_fd_sc_hd__xnor2_2)
                                                         _266_ (net)
                      0.051216    0.000354    2.810438 v _335_/B (sky130_fd_sc_hd__xnor2_2)
     4    0.014355    0.061711    0.108717    2.919155 v _335_/Y (sky130_fd_sc_hd__xnor2_2)
                                                         _267_ (net)
                      0.061737    0.000447    2.919602 v _336_/D (sky130_fd_sc_hd__or4_4)
     2    0.005737    0.059926    0.252201    3.171803 v _336_/X (sky130_fd_sc_hd__or4_4)
                                                         _268_ (net)
                      0.059927    0.000151    3.171954 v _343_/A (sky130_fd_sc_hd__and4_1)
     2    0.007917    0.043359    0.117686    3.289640 v _343_/X (sky130_fd_sc_hd__and4_1)
                                                         _275_ (net)
                      0.043360    0.000224    3.289864 v _347_/A (sky130_fd_sc_hd__or4bb_4)
     3    0.012213    0.068194    0.337917    3.627781 v _347_/X (sky130_fd_sc_hd__or4bb_4)
                                                         _000_ (net)
                      0.068194    0.000467    3.628248 v _350_/A2 (sky130_fd_sc_hd__a21o_1)
     2    0.004691    0.029638    0.129954    3.758202 v _350_/X (sky130_fd_sc_hd__a21o_1)
                                                         _003_ (net)
                      0.029638    0.000103    3.758306 v _363_/A1 (sky130_fd_sc_hd__a21o_1)
     2    0.004944    0.030340    0.101302    3.859607 v _363_/X (sky130_fd_sc_hd__a21o_1)
                                                         _016_ (net)
                      0.030340    0.000114    3.859721 v _404_/A1 (sky130_fd_sc_hd__a21o_1)
     2    0.009676    0.044649    0.115880    3.975601 v _404_/X (sky130_fd_sc_hd__a21o_1)
                                                         _056_ (net)
                      0.044650    0.000289    3.975890 v _405_/B (sky130_fd_sc_hd__xor2_1)
     1    0.009143    0.161475    0.151867    4.127757 ^ _405_/X (sky130_fd_sc_hd__xor2_1)
                                                         net29 (net)
                      0.161478    0.000506    4.128263 ^ output29/A (sky130_fd_sc_hd__buf_4)
     1    0.034421    0.077882    0.130736    4.258999 ^ output29/X (sky130_fd_sc_hd__buf_4)
                                                         P[7] (net)
                      0.077889    0.000772    4.259771 ^ P[7] (out)
                                              4.259771   data arrival time

                      0.000000   10.000000   10.000000   clock __VIRTUAL_CLK__ (rise edge)
                                  0.000000   10.000000   clock network delay (ideal)
                                 -0.250000    9.750000   clock uncertainty
                                  0.000000    9.750000   clock reconvergence pessimism
                                 -2.000000    7.750000   output external delay
                                              7.750000   data required time
---------------------------------------------------------------------------------------------
                                              7.750000   data required time
                                             -4.259771   data arrival time
---------------------------------------------------------------------------------------------
                                              3.490229   slack (MET)


Startpoint: A[3] (input port clocked by __VIRTUAL_CLK__)
Endpoint: P[6] (output port clocked by __VIRTUAL_CLK__)
Path Group: __VIRTUAL_CLK__
Path Type: max

Fanout         Cap        Slew       Delay        Time   Description
---------------------------------------------------------------------------------------------
                      0.000000    0.000000    0.000000   clock __VIRTUAL_CLK__ (rise edge)
                                  0.000000    0.000000   clock network delay (ideal)
                                  2.000000    2.000000 ^ input external delay
     1    0.002523    0.012931    0.006510    2.006510 ^ A[3] (in)
                                                         A[3] (net)
                      0.012931    0.000000    2.006510 ^ input4/A (sky130_fd_sc_hd__dlymetal6s2s_1)
     4    0.026387    0.209763    0.175747    2.182257 ^ input4/X (sky130_fd_sc_hd__dlymetal6s2s_1)
                                                         net4 (net)
                      0.209771    0.001094    2.183351 ^ fanout37/A (sky130_fd_sc_hd__buf_2)
    10    0.036429    0.136245    0.173628    2.356979 ^ fanout37/X (sky130_fd_sc_hd__buf_2)
                                                         net37 (net)
                      0.136259    0.001150    2.358129 ^ _330_/D_N (sky130_fd_sc_hd__or4bb_4)
     1    0.009035    0.064426    0.283822    2.641952 v _330_/X (sky130_fd_sc_hd__or4bb_4)
                                                         _262_ (net)
                      0.064427    0.000292    2.642244 v _332_/A1 (sky130_fd_sc_hd__a21oi_4)
     2    0.010927    0.097428    0.110138    2.752382 ^ _332_/Y (sky130_fd_sc_hd__a21oi_4)
                                                         _264_ (net)
                      0.097429    0.000311    2.752693 ^ _334_/B (sky130_fd_sc_hd__xnor2_2)
     2    0.011503    0.051214    0.057391    2.810084 v _334_/Y (sky130_fd_sc_hd__xnor2_2)
                                                         _266_ (net)
                      0.051216    0.000354    2.810438 v _335_/B (sky130_fd_sc_hd__xnor2_2)
     4    0.014355    0.061711    0.108717    2.919155 v _335_/Y (sky130_fd_sc_hd__xnor2_2)
                                                         _267_ (net)
                      0.061737    0.000447    2.919602 v _336_/D (sky130_fd_sc_hd__or4_4)
     2    0.005737    0.059926    0.252201    3.171803 v _336_/X (sky130_fd_sc_hd__or4_4)
                                                         _268_ (net)
                      0.059927    0.000151    3.171954 v _343_/A (sky130_fd_sc_hd__and4_1)
     2    0.007917    0.043359    0.117686    3.289640 v _343_/X (sky130_fd_sc_hd__and4_1)
                                                         _275_ (net)
                      0.043360    0.000224    3.289864 v _347_/A (sky130_fd_sc_hd__or4bb_4)
     3    0.012213    0.068194    0.337917    3.627781 v _347_/X (sky130_fd_sc_hd__or4bb_4)
                                                         _000_ (net)
                      0.068194    0.000467    3.628248 v _350_/A2 (sky130_fd_sc_hd__a21o_1)
     2    0.004691    0.029638    0.129954    3.758202 v _350_/X (sky130_fd_sc_hd__a21o_1)
                                                         _003_ (net)
                      0.029638    0.000066    3.758268 v _362_/A (sky130_fd_sc_hd__and3_1)
     2    0.005175    0.034306    0.094849    3.853117 v _362_/X (sky130_fd_sc_hd__and3_1)
                                                         _015_ (net)
                      0.034306    0.000104    3.853221 v _364_/A_N (sky130_fd_sc_hd__and2b_1)
     1    0.010337    0.076634    0.152627    4.005849 ^ _364_/X (sky130_fd_sc_hd__and2b_1)
                                                         _017_ (net)
                      0.076634    0.000343    4.006192 ^ _367_/A (sky130_fd_sc_hd__xor2_2)
     1    0.010479    0.128292    0.120326    4.126518 ^ _367_/X (sky130_fd_sc_hd__xor2_2)
                                                         net28 (net)
                      0.128294    0.000599    4.127117 ^ output28/A (sky130_fd_sc_hd__buf_6)
     1    0.034793    0.058916    0.102055    4.229171 ^ output28/X (sky130_fd_sc_hd__buf_6)
                                                         P[6] (net)
                      0.058929    0.000874    4.230045 ^ P[6] (out)
                                              4.230045   data arrival time

                      0.000000   10.000000   10.000000   clock __VIRTUAL_CLK__ (rise edge)
                                  0.000000   10.000000   clock network delay (ideal)
                                 -0.250000    9.750000   clock uncertainty
                                  0.000000    9.750000   clock reconvergence pessimism
                                 -2.000000    7.750000   output external delay
                                              7.750000   data required time
---------------------------------------------------------------------------------------------
                                              7.750000   data required time
                                             -4.230045   data arrival time
---------------------------------------------------------------------------------------------
                                              3.519955   slack (MET)


Startpoint: B[0] (input port clocked by __VIRTUAL_CLK__)
Endpoint: P[5] (output port clocked by __VIRTUAL_CLK__)
Path Group: __VIRTUAL_CLK__
Path Type: max

Fanout         Cap        Slew       Delay        Time   Description
---------------------------------------------------------------------------------------------
                      0.000000    0.000000    0.000000   clock __VIRTUAL_CLK__ (rise edge)
                                  0.000000    0.000000   clock network delay (ideal)
                                  2.000000    2.000000 ^ input external delay
     1    0.002446    0.012660    0.006310    2.006310 ^ B[0] (in)
                                                         B[0] (net)
                      0.012660    0.000000    2.006310 ^ input9/A (sky130_fd_sc_hd__dlymetal6s2s_1)
     4    0.026207    0.208448    0.175054    2.181363 ^ input9/X (sky130_fd_sc_hd__dlymetal6s2s_1)
                                                         net9 (net)
                      0.208449    0.000443    2.181806 ^ fanout32/A (sky130_fd_sc_hd__buf_6)
     3    0.006660    0.024774    0.074742    2.256548 ^ fanout32/X (sky130_fd_sc_hd__buf_6)
                                                         net32 (net)
                      0.024774    0.000084    2.256632 ^ rebuffer29/A (sky130_fd_sc_hd__dlymetal6s2s_1)
     3    0.015880    0.136000    0.127821    2.384453 ^ rebuffer29/X (sky130_fd_sc_hd__dlymetal6s2s_1)
                                                         net83 (net)
                      0.136003    0.000539    2.384992 ^ _284_/C (sky130_fd_sc_hd__nand4_4)
     3    0.010596    0.068698    0.069776    2.454767 v _284_/Y (sky130_fd_sc_hd__nand4_4)
                                                         _219_ (net)
                      0.068699    0.000230    2.454998 v rebuffer25/A (sky130_fd_sc_hd__dlymetal6s2s_1)
     2    0.005475    0.034741    0.107378    2.562376 v rebuffer25/X (sky130_fd_sc_hd__dlymetal6s2s_1)
                                                         net79 (net)
                      0.034742    0.000133    2.562509 v rebuffer26/A (sky130_fd_sc_hd__buf_2)
     2    0.006811    0.023135    0.080990    2.643499 v rebuffer26/X (sky130_fd_sc_hd__buf_2)
                                                         net80 (net)
                      0.023137    0.000203    2.643702 v _302_/A_N (sky130_fd_sc_hd__nand2b_4)
     2    0.004922    0.024952    0.084531    2.728233 v _302_/Y (sky130_fd_sc_hd__nand2b_4)
                                                         _236_ (net)
                      0.024952    0.000120    2.728353 v _305_/C (sky130_fd_sc_hd__and3_1)
     2    0.006231    0.037285    0.120493    2.848846 v _305_/X (sky130_fd_sc_hd__and3_1)
                                                         _239_ (net)
                      0.037285    0.000113    2.848958 v rebuffer4/A (sky130_fd_sc_hd__dlygate4sd1_1)
     2    0.004906    0.028250    0.152974    3.001932 v rebuffer4/X (sky130_fd_sc_hd__dlygate4sd1_1)
                                                         net58 (net)
                      0.028250    0.000103    3.002036 v _355_/A2 (sky130_fd_sc_hd__o41a_1)
     1    0.009750    0.067226    0.270346    3.272382 v _355_/X (sky130_fd_sc_hd__o41a_1)
                                                         _008_ (net)
                      0.067226    0.000289    3.272671 v _356_/B (sky130_fd_sc_hd__xnor2_2)
     2    0.009916    0.058698    0.106164    3.378835 v _356_/Y (sky130_fd_sc_hd__xnor2_2)
                                                         _009_ (net)
                      0.058699    0.000292    3.379128 v _360_/B (sky130_fd_sc_hd__xnor2_1)
     2    0.007624    0.054107    0.103508    3.482635 v _360_/Y (sky130_fd_sc_hd__xnor2_1)
                                                         _013_ (net)
                      0.054107    0.000195    3.482830 v _365_/B (sky130_fd_sc_hd__xnor2_1)
     2    0.013240    0.227978    0.202796    3.685626 ^ _365_/Y (sky130_fd_sc_hd__xnor2_1)
                                                         _018_ (net)
                      0.227979    0.000304    3.685930 ^ _571_/C (sky130_fd_sc_hd__and3_1)
     1    0.006251    0.059211    0.129698    3.815629 ^ _571_/X (sky130_fd_sc_hd__and3_1)
                                                         _215_ (net)
                      0.059211    0.000158    3.815786 ^ _572_/B (sky130_fd_sc_hd__nor2_2)
     1    0.009901    0.044984    0.032033    3.847820 v _572_/Y (sky130_fd_sc_hd__nor2_2)
                                                         net27 (net)
                      0.044986    0.000533    3.848353 v output27/A (sky130_fd_sc_hd__buf_6)
     1    0.034527    0.032206    0.096542    3.944895 v output27/X (sky130_fd_sc_hd__buf_6)
                                                         P[5] (net)
                      0.032230    0.000800    3.945694 v P[5] (out)
                                              3.945694   data arrival time

                      0.000000   10.000000   10.000000   clock __VIRTUAL_CLK__ (rise edge)
                                  0.000000   10.000000   clock network delay (ideal)
                                 -0.250000    9.750000   clock uncertainty
                                  0.000000    9.750000   clock reconvergence pessimism
                                 -2.000000    7.750000   output external delay
                                              7.750000   data required time
---------------------------------------------------------------------------------------------
                                              7.750000   data required time
                                             -3.945694   data arrival time
---------------------------------------------------------------------------------------------
                                              3.804305   slack (MET)


Startpoint: B[0] (input port clocked by __VIRTUAL_CLK__)
Endpoint: P[4] (output port clocked by __VIRTUAL_CLK__)
Path Group: __VIRTUAL_CLK__
Path Type: max

Fanout         Cap        Slew       Delay        Time   Description
---------------------------------------------------------------------------------------------
                      0.000000    0.000000    0.000000   clock __VIRTUAL_CLK__ (rise edge)
                                  0.000000    0.000000   clock network delay (ideal)
                                  2.000000    2.000000 ^ input external delay
     1    0.002446    0.012660    0.006310    2.006310 ^ B[0] (in)
                                                         B[0] (net)
                      0.012660    0.000000    2.006310 ^ input9/A (sky130_fd_sc_hd__dlymetal6s2s_1)
     4    0.026207    0.208448    0.175054    2.181363 ^ input9/X (sky130_fd_sc_hd__dlymetal6s2s_1)
                                                         net9 (net)
                      0.208449    0.000443    2.181806 ^ fanout32/A (sky130_fd_sc_hd__buf_6)
     3    0.006660    0.024774    0.074742    2.256548 ^ fanout32/X (sky130_fd_sc_hd__buf_6)
                                                         net32 (net)
                      0.024774    0.000084    2.256632 ^ rebuffer29/A (sky130_fd_sc_hd__dlymetal6s2s_1)
     3    0.015880    0.136000    0.127821    2.384453 ^ rebuffer29/X (sky130_fd_sc_hd__dlymetal6s2s_1)
                                                         net83 (net)
                      0.136003    0.000539    2.384992 ^ _284_/C (sky130_fd_sc_hd__nand4_4)
     3    0.010596    0.068698    0.069776    2.454767 v _284_/Y (sky130_fd_sc_hd__nand4_4)
                                                         _219_ (net)
                      0.068699    0.000230    2.454998 v rebuffer25/A (sky130_fd_sc_hd__dlymetal6s2s_1)
     2    0.005475    0.034741    0.107378    2.562376 v rebuffer25/X (sky130_fd_sc_hd__dlymetal6s2s_1)
                                                         net79 (net)
                      0.034742    0.000133    2.562509 v rebuffer26/A (sky130_fd_sc_hd__buf_2)
     2    0.006811    0.023135    0.080990    2.643499 v rebuffer26/X (sky130_fd_sc_hd__buf_2)
                                                         net80 (net)
                      0.023137    0.000203    2.643702 v _302_/A_N (sky130_fd_sc_hd__nand2b_4)
     2    0.004922    0.024952    0.084531    2.728233 v _302_/Y (sky130_fd_sc_hd__nand2b_4)
                                                         _236_ (net)
                      0.024952    0.000120    2.728353 v _305_/C (sky130_fd_sc_hd__and3_1)
     2    0.006231    0.037285    0.120493    2.848846 v _305_/X (sky130_fd_sc_hd__and3_1)
                                                         _239_ (net)
                      0.037285    0.000113    2.848958 v rebuffer4/A (sky130_fd_sc_hd__dlygate4sd1_1)
     2    0.004906    0.028250    0.152974    3.001932 v rebuffer4/X (sky130_fd_sc_hd__dlygate4sd1_1)
                                                         net58 (net)
                      0.028250    0.000067    3.001999 v rebuffer5/A (sky130_fd_sc_hd__buf_2)
     3    0.009520    0.027252    0.083016    3.085016 v rebuffer5/X (sky130_fd_sc_hd__buf_2)
                                                         net59 (net)
                      0.027254    0.000223    3.085239 v _307_/B (sky130_fd_sc_hd__or3_4)
     2    0.019100    0.063074    0.241470    3.326708 v _307_/X (sky130_fd_sc_hd__or3_4)
                                                         _241_ (net)
                      0.063074    0.000669    3.327377 v _321_/B (sky130_fd_sc_hd__xnor2_4)
     2    0.020426    0.085390    0.110443    3.437820 v _321_/Y (sky130_fd_sc_hd__xnor2_4)
                                                         _254_ (net)
                      0.085421    0.000763    3.438584 v _323_/A (sky130_fd_sc_hd__xnor2_4)
     2    0.014248    0.058368    0.124170    3.562754 v _323_/Y (sky130_fd_sc_hd__xnor2_4)
                                                         _256_ (net)
                      0.058369    0.000254    3.563008 v _325_/B (sky130_fd_sc_hd__xnor2_1)
     1    0.007222    0.142744    0.141617    3.704625 ^ _325_/Y (sky130_fd_sc_hd__xnor2_1)
                                                         net26 (net)
                      0.142788    0.000345    3.704970 ^ output26/A (sky130_fd_sc_hd__buf_2)
     1    0.034393    0.128688    0.162184    3.867153 ^ output26/X (sky130_fd_sc_hd__buf_2)
                                                         P[4] (net)
                      0.128691    0.000747    3.867901 ^ P[4] (out)
                                              3.867901   data arrival time

                      0.000000   10.000000   10.000000   clock __VIRTUAL_CLK__ (rise edge)
                                  0.000000   10.000000   clock network delay (ideal)
                                 -0.250000    9.750000   clock uncertainty
                                  0.000000    9.750000   clock reconvergence pessimism
                                 -2.000000    7.750000   output external delay
                                              7.750000   data required time
---------------------------------------------------------------------------------------------
                                              7.750000   data required time
                                             -3.867901   data arrival time
---------------------------------------------------------------------------------------------
                                              3.882099   slack (MET)


Startpoint: B[0] (input port clocked by __VIRTUAL_CLK__)
Endpoint: P[3] (output port clocked by __VIRTUAL_CLK__)
Path Group: __VIRTUAL_CLK__
Path Type: max

Fanout         Cap        Slew       Delay        Time   Description
---------------------------------------------------------------------------------------------
                      0.000000    0.000000    0.000000   clock __VIRTUAL_CLK__ (rise edge)
                                  0.000000    0.000000   clock network delay (ideal)
                                  2.000000    2.000000 ^ input external delay
     1    0.002446    0.012660    0.006310    2.006310 ^ B[0] (in)
                                                         B[0] (net)
                      0.012660    0.000000    2.006310 ^ input9/A (sky130_fd_sc_hd__dlymetal6s2s_1)
     4    0.026207    0.208448    0.175054    2.181363 ^ input9/X (sky130_fd_sc_hd__dlymetal6s2s_1)
                                                         net9 (net)
                      0.208449    0.000443    2.181806 ^ fanout32/A (sky130_fd_sc_hd__buf_6)
     3    0.006660    0.024774    0.074742    2.256548 ^ fanout32/X (sky130_fd_sc_hd__buf_6)
                                                         net32 (net)
                      0.024774    0.000084    2.256632 ^ rebuffer29/A (sky130_fd_sc_hd__dlymetal6s2s_1)
     3    0.015880    0.136000    0.127821    2.384453 ^ rebuffer29/X (sky130_fd_sc_hd__dlymetal6s2s_1)
                                                         net83 (net)
                      0.136003    0.000539    2.384992 ^ _284_/C (sky130_fd_sc_hd__nand4_4)
     3    0.010596    0.068698    0.069776    2.454767 v _284_/Y (sky130_fd_sc_hd__nand4_4)
                                                         _219_ (net)
                      0.068699    0.000230    2.454998 v rebuffer25/A (sky130_fd_sc_hd__dlymetal6s2s_1)
     2    0.005475    0.034741    0.107378    2.562376 v rebuffer25/X (sky130_fd_sc_hd__dlymetal6s2s_1)
                                                         net79 (net)
                      0.034742    0.000133    2.562509 v rebuffer26/A (sky130_fd_sc_hd__buf_2)
     2    0.006811    0.023135    0.080990    2.643499 v rebuffer26/X (sky130_fd_sc_hd__buf_2)
                                                         net80 (net)
                      0.023137    0.000203    2.643702 v _302_/A_N (sky130_fd_sc_hd__nand2b_4)
     2    0.004922    0.024952    0.084531    2.728233 v _302_/Y (sky130_fd_sc_hd__nand2b_4)
                                                         _236_ (net)
                      0.024952    0.000120    2.728353 v _305_/C (sky130_fd_sc_hd__and3_1)
     2    0.006231    0.037285    0.120493    2.848846 v _305_/X (sky130_fd_sc_hd__and3_1)
                                                         _239_ (net)
                      0.037285    0.000113    2.848958 v rebuffer4/A (sky130_fd_sc_hd__dlygate4sd1_1)
     2    0.004906    0.028250    0.152974    3.001932 v rebuffer4/X (sky130_fd_sc_hd__dlygate4sd1_1)
                                                         net58 (net)
                      0.028250    0.000067    3.001999 v rebuffer5/A (sky130_fd_sc_hd__buf_2)
     3    0.009520    0.027252    0.083016    3.085016 v rebuffer5/X (sky130_fd_sc_hd__buf_2)
                                                         net59 (net)
                      0.027253    0.000177    3.085192 v rebuffer6/A (sky130_fd_sc_hd__dlygate4sd1_1)
     1    0.002709    0.021769    0.141288    3.226480 v rebuffer6/X (sky130_fd_sc_hd__dlygate4sd1_1)
                                                         net60 (net)
                      0.021769    0.000076    3.226557 v _308_/A1 (sky130_fd_sc_hd__o21ai_1)
     1    0.003633    0.080804    0.088227    3.314783 ^ _308_/Y (sky130_fd_sc_hd__o21ai_1)
                                                         _242_ (net)
                      0.080804    0.000124    3.314907 ^ _309_/B (sky130_fd_sc_hd__and2_1)
     1    0.007921    0.066762    0.107590    3.422497 ^ _309_/X (sky130_fd_sc_hd__and2_1)
                                                         net25 (net)
                      0.066763    0.000376    3.422873 ^ output25/A (sky130_fd_sc_hd__buf_2)
     1    0.034393    0.128561    0.147305    3.570178 ^ output25/X (sky130_fd_sc_hd__buf_2)
                                                         P[3] (net)
                      0.128605    0.000747    3.570925 ^ P[3] (out)
                                              3.570925   data arrival time

                      0.000000   10.000000   10.000000   clock __VIRTUAL_CLK__ (rise edge)
                                  0.000000   10.000000   clock network delay (ideal)
                                 -0.250000    9.750000   clock uncertainty
                                  0.000000    9.750000   clock reconvergence pessimism
                                 -2.000000    7.750000   output external delay
                                              7.750000   data required time
---------------------------------------------------------------------------------------------
                                              7.750000   data required time
                                             -3.570925   data arrival time
---------------------------------------------------------------------------------------------
                                              4.179075   slack (MET)


Startpoint: B[0] (input port clocked by __VIRTUAL_CLK__)
Endpoint: P[2] (output port clocked by __VIRTUAL_CLK__)
Path Group: __VIRTUAL_CLK__
Path Type: max

Fanout         Cap        Slew       Delay        Time   Description
---------------------------------------------------------------------------------------------
                      0.000000    0.000000    0.000000   clock __VIRTUAL_CLK__ (rise edge)
                                  0.000000    0.000000   clock network delay (ideal)
                                  2.000000    2.000000 ^ input external delay
     1    0.002446    0.012660    0.006310    2.006310 ^ B[0] (in)
                                                         B[0] (net)
                      0.012660    0.000000    2.006310 ^ input9/A (sky130_fd_sc_hd__dlymetal6s2s_1)
     4    0.026207    0.208448    0.175054    2.181363 ^ input9/X (sky130_fd_sc_hd__dlymetal6s2s_1)
                                                         net9 (net)
                      0.208449    0.000443    2.181806 ^ fanout32/A (sky130_fd_sc_hd__buf_6)
     3    0.006660    0.024774    0.074742    2.256548 ^ fanout32/X (sky130_fd_sc_hd__buf_6)
                                                         net32 (net)
                      0.024774    0.000084    2.256632 ^ rebuffer29/A (sky130_fd_sc_hd__dlymetal6s2s_1)
     3    0.015880    0.136000    0.127821    2.384453 ^ rebuffer29/X (sky130_fd_sc_hd__dlymetal6s2s_1)
                                                         net83 (net)
                      0.136003    0.000539    2.384992 ^ _284_/C (sky130_fd_sc_hd__nand4_4)
     3    0.010596    0.068698    0.069776    2.454767 v _284_/Y (sky130_fd_sc_hd__nand4_4)
                                                         _219_ (net)
                      0.068699    0.000230    2.454998 v rebuffer25/A (sky130_fd_sc_hd__dlymetal6s2s_1)
     2    0.005475    0.034741    0.107378    2.562376 v rebuffer25/X (sky130_fd_sc_hd__dlymetal6s2s_1)
                                                         net79 (net)
                      0.034742    0.000153    2.562529 v _286_/B1 (sky130_fd_sc_hd__o21ai_1)
     1    0.003340    0.076568    0.050447    2.612976 ^ _286_/Y (sky130_fd_sc_hd__o21ai_1)
                                                         _221_ (net)
                      0.076568    0.000098    2.613074 ^ _289_/A (sky130_fd_sc_hd__nand2_1)
     2    0.006462    0.041072    0.044979    2.658053 v _289_/Y (sky130_fd_sc_hd__nand2_1)
                                                         _224_ (net)
                      0.041074    0.000195    2.658249 v _290_/B (sky130_fd_sc_hd__nand2b_1)
     1    0.004945    0.050911    0.060011    2.718259 ^ _290_/Y (sky130_fd_sc_hd__nand2b_1)
                                                         _225_ (net)
                      0.050911    0.000148    2.718407 ^ _292_/B (sky130_fd_sc_hd__xor2_1)
     1    0.003584    0.090436    0.098677    2.817084 ^ _292_/X (sky130_fd_sc_hd__xor2_1)
                                                         net24 (net)
                      0.090436    0.000117    2.817201 ^ output24/A (sky130_fd_sc_hd__buf_2)
     1    0.034171    0.127814    0.152216    2.969417 ^ output24/X (sky130_fd_sc_hd__buf_2)
                                                         P[2] (net)
                      0.127857    0.000706    2.970122 ^ P[2] (out)
                                              2.970122   data arrival time

                      0.000000   10.000000   10.000000   clock __VIRTUAL_CLK__ (rise edge)
                                  0.000000   10.000000   clock network delay (ideal)
                                 -0.250000    9.750000   clock uncertainty
                                  0.000000    9.750000   clock reconvergence pessimism
                                 -2.000000    7.750000   output external delay
                                              7.750000   data required time
---------------------------------------------------------------------------------------------
                                              7.750000   data required time
                                             -2.970122   data arrival time
---------------------------------------------------------------------------------------------
                                              4.779878   slack (MET)


Startpoint: B[0] (input port clocked by __VIRTUAL_CLK__)
Endpoint: P[1] (output port clocked by __VIRTUAL_CLK__)
Path Group: __VIRTUAL_CLK__
Path Type: max

Fanout         Cap        Slew       Delay        Time   Description
---------------------------------------------------------------------------------------------
                      0.000000    0.000000    0.000000   clock __VIRTUAL_CLK__ (rise edge)
                                  0.000000    0.000000   clock network delay (ideal)
                                  2.000000    2.000000 v input external delay
     1    0.002277    0.003957    0.001816    2.001816 v B[0] (in)
                                                         B[0] (net)
                      0.003958    0.000000    2.001816 v input9/A (sky130_fd_sc_hd__dlymetal6s2s_1)
     4    0.025384    0.093103    0.134225    2.136042 v input9/X (sky130_fd_sc_hd__dlymetal6s2s_1)
                                                         net9 (net)
                      0.093103    0.000425    2.136467 v fanout32/A (sky130_fd_sc_hd__buf_6)
     3    0.006186    0.017330    0.098212    2.234679 v fanout32/X (sky130_fd_sc_hd__buf_6)
                                                         net32 (net)
                      0.017330    0.000078    2.234757 v rebuffer29/A (sky130_fd_sc_hd__dlymetal6s2s_1)
     3    0.014883    0.061273    0.112761    2.347518 v rebuffer29/X (sky130_fd_sc_hd__dlymetal6s2s_1)
                                                         net83 (net)
                      0.061273    0.000247    2.347765 v rebuffer30/A (sky130_fd_sc_hd__dlygate4sd1_1)
     1    0.003548    0.024398    0.158068    2.505832 v rebuffer30/X (sky130_fd_sc_hd__dlygate4sd1_1)
                                                         net84 (net)
                      0.024398    0.000107    2.505939 v _281_/A2 (sky130_fd_sc_hd__a21o_1)
     1    0.002256    0.022189    0.104351    2.610290 v _281_/X (sky130_fd_sc_hd__a21o_1)
                                                         _217_ (net)
                      0.022189    0.000047    2.610337 v _282_/C (sky130_fd_sc_hd__and3b_1)
     1    0.002651    0.026989    0.104958    2.715295 v _282_/X (sky130_fd_sc_hd__and3b_1)
                                                         net23 (net)
                      0.026989    0.000079    2.715374 v output23/A (sky130_fd_sc_hd__buf_2)
     1    0.034158    0.062634    0.115831    2.831205 v output23/X (sky130_fd_sc_hd__buf_2)
                                                         P[1] (net)
                      0.062642    0.000706    2.831911 v P[1] (out)
                                              2.831911   data arrival time

                      0.000000   10.000000   10.000000   clock __VIRTUAL_CLK__ (rise edge)
                                  0.000000   10.000000   clock network delay (ideal)
                                 -0.250000    9.750000   clock uncertainty
                                  0.000000    9.750000   clock reconvergence pessimism
                                 -2.000000    7.750000   output external delay
                                              7.750000   data required time
---------------------------------------------------------------------------------------------
                                              7.750000   data required time
                                             -2.831911   data arrival time
---------------------------------------------------------------------------------------------
                                              4.918089   slack (MET)



