
===========================================================================
report_checks -path_delay min (Hold)
============================================================================
======================= nom_tt_025C_1v80 Corner ===================================

Startpoint: B[0] (input port clocked by __VIRTUAL_CLK__)
Endpoint: P[4] (output port clocked by __VIRTUAL_CLK__)
Path Group: __VIRTUAL_CLK__
Path Type: min

Fanout         Cap        Slew       Delay        Time   Description
---------------------------------------------------------------------------------------------
                      0.000000    0.000000    0.000000   clock __VIRTUAL_CLK__ (rise edge)
                                  0.000000    0.000000   clock network delay (ideal)
                                  2.000000    2.000000 v input external delay
     6    0.015012    0.035679    0.024203    2.024203 v B[0] (in)
                                                         B[0] (net)
                      0.035679    0.000000    2.024203 v _472_/A1 (sky130_fd_sc_hd__a21oi_2)
     1    0.004740    0.091901    0.117269    2.141472 ^ _472_/Y (sky130_fd_sc_hd__a21oi_2)
                                                         _160_ (net)
                      0.091901    0.000000    2.141472 ^ _473_/B (sky130_fd_sc_hd__nor2_2)
     1    0.033442    0.083529    0.098821    2.240294 v _473_/Y (sky130_fd_sc_hd__nor2_2)
                                                         P[4] (net)
                      0.083529    0.000000    2.240294 v P[4] (out)
                                              2.240294   data arrival time

                      0.000000    0.000000    0.000000   clock __VIRTUAL_CLK__ (rise edge)
                                  0.000000    0.000000   clock network delay (ideal)
                                  0.250000    0.250000   clock uncertainty
                                  0.000000    0.250000   clock reconvergence pessimism
                                 -2.000000   -1.750000   output external delay
                                             -1.750000   data required time
---------------------------------------------------------------------------------------------
                                             -1.750000   data required time
                                             -2.240294   data arrival time
---------------------------------------------------------------------------------------------
                                              3.990294   slack (MET)


Startpoint: A[0] (input port clocked by __VIRTUAL_CLK__)
Endpoint: P[1] (output port clocked by __VIRTUAL_CLK__)
Path Group: __VIRTUAL_CLK__
Path Type: min

Fanout         Cap        Slew       Delay        Time   Description
---------------------------------------------------------------------------------------------
                      0.000000    0.000000    0.000000   clock __VIRTUAL_CLK__ (rise edge)
                                  0.000000    0.000000   clock network delay (ideal)
                                  2.000000    2.000000 v input external delay
    14    0.036951    0.082470    0.058972    2.058972 v A[0] (in)
                                                         A[0] (net)
                      0.082470    0.000000    2.058972 v _475_/A (sky130_fd_sc_hd__buf_2)
     1    0.033442    0.087155    0.195935    2.254907 v _475_/X (sky130_fd_sc_hd__buf_2)
                                                         P[1] (net)
                      0.087155    0.000000    2.254907 v P[1] (out)
                                              2.254907   data arrival time

                      0.000000    0.000000    0.000000   clock __VIRTUAL_CLK__ (rise edge)
                                  0.000000    0.000000   clock network delay (ideal)
                                  0.250000    0.250000   clock uncertainty
                                  0.000000    0.250000   clock reconvergence pessimism
                                 -2.000000   -1.750000   output external delay
                                             -1.750000   data required time
---------------------------------------------------------------------------------------------
                                             -1.750000   data required time
                                             -2.254907   data arrival time
---------------------------------------------------------------------------------------------
                                              4.004908   slack (MET)


Startpoint: B[0] (input port clocked by __VIRTUAL_CLK__)
Endpoint: P[2] (output port clocked by __VIRTUAL_CLK__)
Path Group: __VIRTUAL_CLK__
Path Type: min

Fanout         Cap        Slew       Delay        Time   Description
---------------------------------------------------------------------------------------------
                      0.000000    0.000000    0.000000   clock __VIRTUAL_CLK__ (rise edge)
                                  0.000000    0.000000   clock network delay (ideal)
                                  2.000000    2.000000 ^ input external delay
     6    0.016034    0.079698    0.053107    2.053107 ^ B[0] (in)
                                                         B[0] (net)
                      0.079698    0.000000    2.053107 ^ _468_/A2 (sky130_fd_sc_hd__a22o_2)
     1    0.001541    0.027730    0.135410    2.188516 ^ _468_/X (sky130_fd_sc_hd__a22o_2)
                                                         _158_ (net)
                      0.027730    0.000000    2.188516 ^ _469_/B (sky130_fd_sc_hd__and2_2)
     1    0.033442    0.180675    0.237048    2.425565 ^ _469_/X (sky130_fd_sc_hd__and2_2)
                                                         P[2] (net)
                      0.180675    0.000000    2.425565 ^ P[2] (out)
                                              2.425565   data arrival time

                      0.000000    0.000000    0.000000   clock __VIRTUAL_CLK__ (rise edge)
                                  0.000000    0.000000   clock network delay (ideal)
                                  0.250000    0.250000   clock uncertainty
                                  0.000000    0.250000   clock reconvergence pessimism
                                 -2.000000   -1.750000   output external delay
                                             -1.750000   data required time
---------------------------------------------------------------------------------------------
                                             -1.750000   data required time
                                             -2.425565   data arrival time
---------------------------------------------------------------------------------------------
                                              4.175564   slack (MET)


Startpoint: A[7] (input port clocked by __VIRTUAL_CLK__)
Endpoint: P[15] (output port clocked by __VIRTUAL_CLK__)
Path Group: __VIRTUAL_CLK__
Path Type: min

Fanout         Cap        Slew       Delay        Time   Description
---------------------------------------------------------------------------------------------
                      0.000000    0.000000    0.000000   clock __VIRTUAL_CLK__ (rise edge)
                                  0.000000    0.000000   clock network delay (ideal)
                                  2.000000    2.000000 ^ input external delay
     8    0.019452    0.095015    0.063772    2.063772 ^ A[7] (in)
                                                         A[7] (net)
                      0.095015    0.000000    2.063772 ^ _460_/B (sky130_fd_sc_hd__nand3_2)
     2    0.003550    0.044128    0.075738    2.139509 v _460_/Y (sky130_fd_sc_hd__nand3_2)
                                                         _153_ (net)
                      0.044128    0.000000    2.139509 v _464_/B1_N (sky130_fd_sc_hd__a21bo_2)
     1    0.002564    0.029919    0.177613    2.317122 ^ _464_/X (sky130_fd_sc_hd__a21bo_2)
                                                         _156_ (net)
                      0.029919    0.000000    2.317122 ^ _465_/B1 (sky130_fd_sc_hd__a21o_2)
     1    0.033442    0.171498    0.178980    2.496102 ^ _465_/X (sky130_fd_sc_hd__a21o_2)
                                                         P[15] (net)
                      0.171498    0.000000    2.496102 ^ P[15] (out)
                                              2.496102   data arrival time

                      0.000000    0.000000    0.000000   clock __VIRTUAL_CLK__ (rise edge)
                                  0.000000    0.000000   clock network delay (ideal)
                                  0.250000    0.250000   clock uncertainty
                                  0.000000    0.250000   clock reconvergence pessimism
                                 -2.000000   -1.750000   output external delay
                                             -1.750000   data required time
---------------------------------------------------------------------------------------------
                                             -1.750000   data required time
                                             -2.496102   data arrival time
---------------------------------------------------------------------------------------------
                                              4.246102   slack (MET)


Startpoint: B[1] (input port clocked by __VIRTUAL_CLK__)
Endpoint: P[5] (output port clocked by __VIRTUAL_CLK__)
Path Group: __VIRTUAL_CLK__
Path Type: min

Fanout         Cap        Slew       Delay        Time   Description
---------------------------------------------------------------------------------------------
                      0.000000    0.000000    0.000000   clock __VIRTUAL_CLK__ (rise edge)
                                  0.000000    0.000000   clock network delay (ideal)
                                  2.000000    2.000000 v input external delay
    16    0.041811    0.092740    0.066810    2.066810 v B[1] (in)
                                                         B[1] (net)
                      0.092740    0.000000    2.066810 v _286_/A (sky130_fd_sc_hd__nand2_2)
     1    0.009040    0.063694    0.090478    2.157288 ^ _286_/Y (sky130_fd_sc_hd__nand2_2)
                                                         _217_ (net)
                      0.063694    0.000000    2.157288 ^ _292_/A (sky130_fd_sc_hd__xnor2_2)
     2    0.005696    0.041601    0.073197    2.230485 v _292_/Y (sky130_fd_sc_hd__xnor2_2)
                                                         _223_ (net)
                      0.041601    0.000000    2.230485 v _298_/B1 (sky130_fd_sc_hd__o21ai_2)
     3    0.004481    0.047361    0.053045    2.283530 ^ _298_/Y (sky130_fd_sc_hd__o21ai_2)
                                                         _229_ (net)
                      0.047361    0.000000    2.283530 ^ _467_/A (sky130_fd_sc_hd__and2_2)
     1    0.033442    0.180704    0.238632    2.522162 ^ _467_/X (sky130_fd_sc_hd__and2_2)
                                                         P[5] (net)
                      0.180704    0.000000    2.522162 ^ P[5] (out)
                                              2.522162   data arrival time

                      0.000000    0.000000    0.000000   clock __VIRTUAL_CLK__ (rise edge)
                                  0.000000    0.000000   clock network delay (ideal)
                                  0.250000    0.250000   clock uncertainty
                                  0.000000    0.250000   clock reconvergence pessimism
                                 -2.000000   -1.750000   output external delay
                                             -1.750000   data required time
---------------------------------------------------------------------------------------------
                                             -1.750000   data required time
                                             -2.522162   data arrival time
---------------------------------------------------------------------------------------------
                                              4.272162   slack (MET)


Startpoint: A[4] (input port clocked by __VIRTUAL_CLK__)
Endpoint: P[10] (output port clocked by __VIRTUAL_CLK__)
Path Group: __VIRTUAL_CLK__
Path Type: min

Fanout         Cap        Slew       Delay        Time   Description
---------------------------------------------------------------------------------------------
                      0.000000    0.000000    0.000000   clock __VIRTUAL_CLK__ (rise edge)
                                  0.000000    0.000000   clock network delay (ideal)
                                  2.000000    2.000000 v input external delay
    16    0.043365    0.096015    0.069328    2.069328 v A[4] (in)
                                                         A[4] (net)
                      0.096015    0.000000    2.069328 v _371_/B (sky130_fd_sc_hd__nand4_2)
     4    0.010855    0.083344    0.128253    2.197581 ^ _371_/Y (sky130_fd_sc_hd__nand4_2)
                                                         _069_ (net)
                      0.083344    0.000000    2.197581 ^ _404_/C1 (sky130_fd_sc_hd__o211ai_2)
     1    0.004215    0.051284    0.081021    2.278602 v _404_/Y (sky130_fd_sc_hd__o211ai_2)
                                                         _101_ (net)
                      0.051284    0.000000    2.278602 v _405_/B (sky130_fd_sc_hd__nand2_2)
     4    0.018494    0.106096    0.114481    2.393084 ^ _405_/Y (sky130_fd_sc_hd__nand2_2)
                                                         _102_ (net)
                      0.106096    0.000000    2.393084 ^ _409_/A (sky130_fd_sc_hd__xor2_2)
     1    0.033442    0.101103    0.166067    2.559150 v _409_/X (sky130_fd_sc_hd__xor2_2)
                                                         P[10] (net)
                      0.101103    0.000000    2.559150 v P[10] (out)
                                              2.559150   data arrival time

                      0.000000    0.000000    0.000000   clock __VIRTUAL_CLK__ (rise edge)
                                  0.000000    0.000000   clock network delay (ideal)
                                  0.250000    0.250000   clock uncertainty
                                  0.000000    0.250000   clock reconvergence pessimism
                                 -2.000000   -1.750000   output external delay
                                             -1.750000   data required time
---------------------------------------------------------------------------------------------
                                             -1.750000   data required time
                                             -2.559150   data arrival time
---------------------------------------------------------------------------------------------
                                              4.309151   slack (MET)


Startpoint: A[7] (input port clocked by __VIRTUAL_CLK__)
Endpoint: P[14] (output port clocked by __VIRTUAL_CLK__)
Path Group: __VIRTUAL_CLK__
Path Type: min

Fanout         Cap        Slew       Delay        Time   Description
---------------------------------------------------------------------------------------------
                      0.000000    0.000000    0.000000   clock __VIRTUAL_CLK__ (rise edge)
                                  0.000000    0.000000   clock network delay (ideal)
                                  2.000000    2.000000 ^ input external delay
     8    0.019452    0.095015    0.063772    2.063772 ^ A[7] (in)
                                                         A[7] (net)
                      0.095015    0.000000    2.063772 ^ _461_/A1 (sky130_fd_sc_hd__o211a_2)
     2    0.010971    0.084819    0.218336    2.282108 ^ _461_/X (sky130_fd_sc_hd__o211a_2)
                                                         _154_ (net)
                      0.084819    0.000000    2.282108 ^ _462_/B (sky130_fd_sc_hd__xor2_2)
     2    0.010044    0.048991    0.084858    2.366966 v _462_/X (sky130_fd_sc_hd__xor2_2)
                                                         _155_ (net)
                      0.048991    0.000000    2.366966 v _463_/B (sky130_fd_sc_hd__xor2_2)
     1    0.033442    0.101066    0.207751    2.574717 v _463_/X (sky130_fd_sc_hd__xor2_2)
                                                         P[14] (net)
                      0.101066    0.000000    2.574717 v P[14] (out)
                                              2.574717   data arrival time

                      0.000000    0.000000    0.000000   clock __VIRTUAL_CLK__ (rise edge)
                                  0.000000    0.000000   clock network delay (ideal)
                                  0.250000    0.250000   clock uncertainty
                                  0.000000    0.250000   clock reconvergence pessimism
                                 -2.000000   -1.750000   output external delay
                                             -1.750000   data required time
---------------------------------------------------------------------------------------------
                                             -1.750000   data required time
                                             -2.574717   data arrival time
---------------------------------------------------------------------------------------------
                                              4.324717   slack (MET)


Startpoint: B[0] (input port clocked by __VIRTUAL_CLK__)
Endpoint: P[3] (output port clocked by __VIRTUAL_CLK__)
Path Group: __VIRTUAL_CLK__
Path Type: min

Fanout         Cap        Slew       Delay        Time   Description
---------------------------------------------------------------------------------------------
                      0.000000    0.000000    0.000000   clock __VIRTUAL_CLK__ (rise edge)
                                  0.000000    0.000000   clock network delay (ideal)
                                  2.000000    2.000000 v input external delay
     6    0.015012    0.035679    0.024203    2.024203 v B[0] (in)
                                                         B[0] (net)
                      0.035679    0.000000    2.024203 v _252_/B (sky130_fd_sc_hd__and4_2)
     4    0.011267    0.055636    0.225431    2.249634 v _252_/X (sky130_fd_sc_hd__and4_2)
                                                         _183_ (net)
                      0.055636    0.000000    2.249634 v _254_/B (sky130_fd_sc_hd__nand2_2)
     2    0.010523    0.066128    0.088834    2.338469 ^ _254_/Y (sky130_fd_sc_hd__nand2_2)
                                                         _185_ (net)
                      0.066128    0.000000    2.338469 ^ _471_/A (sky130_fd_sc_hd__and2_2)
     1    0.033442    0.180698    0.245279    2.583748 ^ _471_/X (sky130_fd_sc_hd__and2_2)
                                                         P[3] (net)
                      0.180698    0.000000    2.583748 ^ P[3] (out)
                                              2.583748   data arrival time

                      0.000000    0.000000    0.000000   clock __VIRTUAL_CLK__ (rise edge)
                                  0.000000    0.000000   clock network delay (ideal)
                                  0.250000    0.250000   clock uncertainty
                                  0.000000    0.250000   clock reconvergence pessimism
                                 -2.000000   -1.750000   output external delay
                                             -1.750000   data required time
---------------------------------------------------------------------------------------------
                                             -1.750000   data required time
                                             -2.583748   data arrival time
---------------------------------------------------------------------------------------------
                                              4.333748   slack (MET)


Startpoint: B[4] (input port clocked by __VIRTUAL_CLK__)
Endpoint: P[8] (output port clocked by __VIRTUAL_CLK__)
Path Group: __VIRTUAL_CLK__
Path Type: min

Fanout         Cap        Slew       Delay        Time   Description
---------------------------------------------------------------------------------------------
                      0.000000    0.000000    0.000000   clock __VIRTUAL_CLK__ (rise edge)
                                  0.000000    0.000000   clock network delay (ideal)
                                  2.000000    2.000000 v input external delay
     8    0.023498    0.053778    0.037652    2.037652 v B[4] (in)
                                                         B[4] (net)
                      0.053778    0.000000    2.037652 v _344_/A (sky130_fd_sc_hd__nand2_2)
     1    0.008493    0.056430    0.071383    2.109035 ^ _344_/Y (sky130_fd_sc_hd__nand2_2)
                                                         _043_ (net)
                      0.056430    0.000000    2.109035 ^ _345_/B (sky130_fd_sc_hd__xor2_2)
     2    0.005608    0.038017    0.061434    2.170469 v _345_/X (sky130_fd_sc_hd__xor2_2)
                                                         _044_ (net)
                      0.038017    0.000000    2.170469 v _347_/A (sky130_fd_sc_hd__nor2_2)
     3    0.007613    0.110943    0.125329    2.295798 ^ _347_/Y (sky130_fd_sc_hd__nor2_2)
                                                         _046_ (net)
                      0.110943    0.000000    2.295798 ^ _349_/A (sky130_fd_sc_hd__or2_2)
     3    0.013450    0.080189    0.160389    2.456187 ^ _349_/X (sky130_fd_sc_hd__or2_2)
                                                         _048_ (net)
                      0.080189    0.000000    2.456187 ^ _352_/A (sky130_fd_sc_hd__xor2_2)
     1    0.033442    0.101118    0.158148    2.614335 v _352_/X (sky130_fd_sc_hd__xor2_2)
                                                         P[8] (net)
                      0.101118    0.000000    2.614335 v P[8] (out)
                                              2.614335   data arrival time

                      0.000000    0.000000    0.000000   clock __VIRTUAL_CLK__ (rise edge)
                                  0.000000    0.000000   clock network delay (ideal)
                                  0.250000    0.250000   clock uncertainty
                                  0.000000    0.250000   clock reconvergence pessimism
                                 -2.000000   -1.750000   output external delay
                                             -1.750000   data required time
---------------------------------------------------------------------------------------------
                                             -1.750000   data required time
                                             -2.614335   data arrival time
---------------------------------------------------------------------------------------------
                                              4.364335   slack (MET)


Startpoint: A[4] (input port clocked by __VIRTUAL_CLK__)
Endpoint: P[9] (output port clocked by __VIRTUAL_CLK__)
Path Group: __VIRTUAL_CLK__
Path Type: min

Fanout         Cap        Slew       Delay        Time   Description
---------------------------------------------------------------------------------------------
                      0.000000    0.000000    0.000000   clock __VIRTUAL_CLK__ (rise edge)
                                  0.000000    0.000000   clock network delay (ideal)
                                  2.000000    2.000000 v input external delay
    16    0.043365    0.096015    0.069328    2.069328 v A[4] (in)
                                                         A[4] (net)
                      0.096015    0.000000    2.069328 v _371_/B (sky130_fd_sc_hd__nand4_2)
     4    0.010855    0.083344    0.128253    2.197581 ^ _371_/Y (sky130_fd_sc_hd__nand4_2)
                                                         _069_ (net)
                      0.083344    0.000000    2.197581 ^ _375_/A1 (sky130_fd_sc_hd__a21o_2)
     2    0.009828    0.058738    0.146337    2.343919 ^ _375_/X (sky130_fd_sc_hd__a21o_2)
                                                         _073_ (net)
                      0.058738    0.000000    2.343919 ^ _376_/B (sky130_fd_sc_hd__nand2b_2)
     2    0.009158    0.052219    0.071383    2.415302 v _376_/Y (sky130_fd_sc_hd__nand2b_2)
                                                         _074_ (net)
                      0.052219    0.000000    2.415302 v _377_/B (sky130_fd_sc_hd__xor2_2)
     1    0.033442    0.101104    0.208808    2.624110 v _377_/X (sky130_fd_sc_hd__xor2_2)
                                                         P[9] (net)
                      0.101104    0.000000    2.624110 v P[9] (out)
                                              2.624110   data arrival time

                      0.000000    0.000000    0.000000   clock __VIRTUAL_CLK__ (rise edge)
                                  0.000000    0.000000   clock network delay (ideal)
                                  0.250000    0.250000   clock uncertainty
                                  0.000000    0.250000   clock reconvergence pessimism
                                 -2.000000   -1.750000   output external delay
                                             -1.750000   data required time
---------------------------------------------------------------------------------------------
                                             -1.750000   data required time
                                             -2.624110   data arrival time
---------------------------------------------------------------------------------------------
                                              4.374110   slack (MET)


Startpoint: A[4] (input port clocked by __VIRTUAL_CLK__)
Endpoint: P[11] (output port clocked by __VIRTUAL_CLK__)
Path Group: __VIRTUAL_CLK__
Path Type: min

Fanout         Cap        Slew       Delay        Time   Description
---------------------------------------------------------------------------------------------
                      0.000000    0.000000    0.000000   clock __VIRTUAL_CLK__ (rise edge)
                                  0.000000    0.000000   clock network delay (ideal)
                                  2.000000    2.000000 v input external delay
    16    0.043365    0.096015    0.069328    2.069328 v A[4] (in)
                                                         A[4] (net)
                      0.096015    0.000000    2.069328 v _371_/B (sky130_fd_sc_hd__nand4_2)
     4    0.010855    0.083344    0.128253    2.197581 ^ _371_/Y (sky130_fd_sc_hd__nand4_2)
                                                         _069_ (net)
                      0.083344    0.000000    2.197581 ^ _403_/A2 (sky130_fd_sc_hd__a211o_2)
     3    0.010649    0.060161    0.156617    2.354198 ^ _403_/X (sky130_fd_sc_hd__a211o_2)
                                                         _100_ (net)
                      0.060161    0.000000    2.354198 ^ _427_/B1 (sky130_fd_sc_hd__o21ai_2)
     1    0.008077    0.044528    0.063445    2.417643 v _427_/Y (sky130_fd_sc_hd__o21ai_2)
                                                         _123_ (net)
                      0.044528    0.000000    2.417643 v _428_/B (sky130_fd_sc_hd__xnor2_2)
     1    0.033442    0.155015    0.216513    2.634156 v _428_/Y (sky130_fd_sc_hd__xnor2_2)
                                                         P[11] (net)
                      0.155015    0.000000    2.634156 v P[11] (out)
                                              2.634156   data arrival time

                      0.000000    0.000000    0.000000   clock __VIRTUAL_CLK__ (rise edge)
                                  0.000000    0.000000   clock network delay (ideal)
                                  0.250000    0.250000   clock uncertainty
                                  0.000000    0.250000   clock reconvergence pessimism
                                 -2.000000   -1.750000   output external delay
                                             -1.750000   data required time
---------------------------------------------------------------------------------------------
                                             -1.750000   data required time
                                             -2.634156   data arrival time
---------------------------------------------------------------------------------------------
                                              4.384156   slack (MET)


Startpoint: B[1] (input port clocked by __VIRTUAL_CLK__)
Endpoint: P[6] (output port clocked by __VIRTUAL_CLK__)
Path Group: __VIRTUAL_CLK__
Path Type: min

Fanout         Cap        Slew       Delay        Time   Description
---------------------------------------------------------------------------------------------
                      0.000000    0.000000    0.000000   clock __VIRTUAL_CLK__ (rise edge)
                                  0.000000    0.000000   clock network delay (ideal)
                                  2.000000    2.000000 v input external delay
    16    0.041811    0.092740    0.066810    2.066810 v B[1] (in)
                                                         B[1] (net)
                      0.092740    0.000000    2.066810 v _286_/A (sky130_fd_sc_hd__nand2_2)
     1    0.009040    0.063694    0.090478    2.157288 ^ _286_/Y (sky130_fd_sc_hd__nand2_2)
                                                         _217_ (net)
                      0.063694    0.000000    2.157288 ^ _292_/A (sky130_fd_sc_hd__xnor2_2)
     2    0.005696    0.041601    0.073197    2.230485 v _292_/Y (sky130_fd_sc_hd__xnor2_2)
                                                         _223_ (net)
                      0.041601    0.000000    2.230485 v _298_/B1 (sky130_fd_sc_hd__o21ai_2)
     3    0.004481    0.047361    0.053045    2.283530 ^ _298_/Y (sky130_fd_sc_hd__o21ai_2)
                                                         _229_ (net)
                      0.047361    0.000000    2.283530 ^ _299_/B (sky130_fd_sc_hd__or3b_2)
     3    0.008644    0.062288    0.125385    2.408915 ^ _299_/X (sky130_fd_sc_hd__or3b_2)
                                                         _000_ (net)
                      0.062288    0.000000    2.408915 ^ _301_/A (sky130_fd_sc_hd__and2_2)
     1    0.033442    0.180692    0.243917    2.652832 ^ _301_/X (sky130_fd_sc_hd__and2_2)
                                                         P[6] (net)
                      0.180692    0.000000    2.652832 ^ P[6] (out)
                                              2.652832   data arrival time

                      0.000000    0.000000    0.000000   clock __VIRTUAL_CLK__ (rise edge)
                                  0.000000    0.000000   clock network delay (ideal)
                                  0.250000    0.250000   clock uncertainty
                                  0.000000    0.250000   clock reconvergence pessimism
                                 -2.000000   -1.750000   output external delay
                                             -1.750000   data required time
---------------------------------------------------------------------------------------------
                                             -1.750000   data required time
                                             -2.652832   data arrival time
---------------------------------------------------------------------------------------------
                                              4.402832   slack (MET)


Startpoint: B[1] (input port clocked by __VIRTUAL_CLK__)
Endpoint: P[7] (output port clocked by __VIRTUAL_CLK__)
Path Group: __VIRTUAL_CLK__
Path Type: min

Fanout         Cap        Slew       Delay        Time   Description
---------------------------------------------------------------------------------------------
                      0.000000    0.000000    0.000000   clock __VIRTUAL_CLK__ (rise edge)
                                  0.000000    0.000000   clock network delay (ideal)
                                  2.000000    2.000000 v input external delay
    16    0.041811    0.092740    0.066810    2.066810 v B[1] (in)
                                                         B[1] (net)
                      0.092740    0.000000    2.066810 v _286_/A (sky130_fd_sc_hd__nand2_2)
     1    0.009040    0.063694    0.090478    2.157288 ^ _286_/Y (sky130_fd_sc_hd__nand2_2)
                                                         _217_ (net)
                      0.063694    0.000000    2.157288 ^ _292_/A (sky130_fd_sc_hd__xnor2_2)
     2    0.005696    0.041601    0.073197    2.230485 v _292_/Y (sky130_fd_sc_hd__xnor2_2)
                                                         _223_ (net)
                      0.041601    0.000000    2.230485 v _298_/B1 (sky130_fd_sc_hd__o21ai_2)
     3    0.004481    0.047361    0.053045    2.283530 ^ _298_/Y (sky130_fd_sc_hd__o21ai_2)
                                                         _229_ (net)
                      0.047361    0.000000    2.283530 ^ _299_/B (sky130_fd_sc_hd__or3b_2)
     3    0.008644    0.062288    0.125385    2.408915 ^ _299_/X (sky130_fd_sc_hd__or3b_2)
                                                         _000_ (net)
                      0.062288    0.000000    2.408915 ^ _323_/B (sky130_fd_sc_hd__nand2_2)
     1    0.008077    0.042746    0.063126    2.472041 v _323_/Y (sky130_fd_sc_hd__nand2_2)
                                                         _023_ (net)
                      0.042746    0.000000    2.472041 v _324_/B (sky130_fd_sc_hd__xnor2_2)
     1    0.033442    0.154786    0.215783    2.687824 v _324_/Y (sky130_fd_sc_hd__xnor2_2)
                                                         P[7] (net)
                      0.154786    0.000000    2.687824 v P[7] (out)
                                              2.687824   data arrival time

                      0.000000    0.000000    0.000000   clock __VIRTUAL_CLK__ (rise edge)
                                  0.000000    0.000000   clock network delay (ideal)
                                  0.250000    0.250000   clock uncertainty
                                  0.000000    0.250000   clock reconvergence pessimism
                                 -2.000000   -1.750000   output external delay
                                             -1.750000   data required time
---------------------------------------------------------------------------------------------
                                             -1.750000   data required time
                                             -2.687824   data arrival time
---------------------------------------------------------------------------------------------
                                              4.437824   slack (MET)


Startpoint: A[7] (input port clocked by __VIRTUAL_CLK__)
Endpoint: P[12] (output port clocked by __VIRTUAL_CLK__)
Path Group: __VIRTUAL_CLK__
Path Type: min

Fanout         Cap        Slew       Delay        Time   Description
---------------------------------------------------------------------------------------------
                      0.000000    0.000000    0.000000   clock __VIRTUAL_CLK__ (rise edge)
                                  0.000000    0.000000   clock network delay (ideal)
                                  2.000000    2.000000 ^ input external delay
     8    0.019452    0.095015    0.063772    2.063772 ^ A[7] (in)
                                                         A[7] (net)
                      0.095015    0.000000    2.063772 ^ _393_/C (sky130_fd_sc_hd__and4_2)
     3    0.007484    0.074802    0.243055    2.306827 ^ _393_/X (sky130_fd_sc_hd__and4_2)
                                                         _090_ (net)
                      0.074802    0.000000    2.306827 ^ _419_/B1 (sky130_fd_sc_hd__o22ai_2)
     4    0.015147    0.083471    0.110878    2.417705 v _419_/Y (sky130_fd_sc_hd__o22ai_2)
                                                         _115_ (net)
                      0.083471    0.000000    2.417705 v _439_/A (sky130_fd_sc_hd__nand3_2)
     3    0.011484    0.075548    0.098054    2.515758 ^ _439_/Y (sky130_fd_sc_hd__nand3_2)
                                                         _134_ (net)
                      0.075548    0.000000    2.515758 ^ _442_/A (sky130_fd_sc_hd__nand2_2)
     1    0.008318    0.042910    0.062005    2.577763 v _442_/Y (sky130_fd_sc_hd__nand2_2)
                                                         _137_ (net)
                      0.042910    0.000000    2.577763 v _447_/A (sky130_fd_sc_hd__xnor2_2)
     1    0.033442    0.155515    0.222412    2.800175 v _447_/Y (sky130_fd_sc_hd__xnor2_2)
                                                         P[12] (net)
                      0.155515    0.000000    2.800175 v P[12] (out)
                                              2.800175   data arrival time

                      0.000000    0.000000    0.000000   clock __VIRTUAL_CLK__ (rise edge)
                                  0.000000    0.000000   clock network delay (ideal)
                                  0.250000    0.250000   clock uncertainty
                                  0.000000    0.250000   clock reconvergence pessimism
                                 -2.000000   -1.750000   output external delay
                                             -1.750000   data required time
---------------------------------------------------------------------------------------------
                                             -1.750000   data required time
                                             -2.800175   data arrival time
---------------------------------------------------------------------------------------------
                                              4.550175   slack (MET)


Startpoint: A[7] (input port clocked by __VIRTUAL_CLK__)
Endpoint: P[13] (output port clocked by __VIRTUAL_CLK__)
Path Group: __VIRTUAL_CLK__
Path Type: min

Fanout         Cap        Slew       Delay        Time   Description
---------------------------------------------------------------------------------------------
                      0.000000    0.000000    0.000000   clock __VIRTUAL_CLK__ (rise edge)
                                  0.000000    0.000000   clock network delay (ideal)
                                  2.000000    2.000000 v input external delay
     8    0.017698    0.041408    0.028460    2.028460 v A[7] (in)
                                                         A[7] (net)
                      0.041408    0.000000    2.028460 v _393_/C (sky130_fd_sc_hd__and4_2)
     3    0.006956    0.045492    0.228972    2.257432 v _393_/X (sky130_fd_sc_hd__and4_2)
                                                         _090_ (net)
                      0.045492    0.000000    2.257432 v _419_/B1 (sky130_fd_sc_hd__o22ai_2)
     4    0.016074    0.243696    0.201684    2.459117 ^ _419_/Y (sky130_fd_sc_hd__o22ai_2)
                                                         _115_ (net)
                      0.243696    0.000000    2.459117 ^ _440_/A1 (sky130_fd_sc_hd__a21oi_2)
     3    0.010547    0.037710    0.112503    2.571620 v _440_/Y (sky130_fd_sc_hd__a21oi_2)
                                                         _135_ (net)
                      0.037710    0.000000    2.571620 v _456_/C1 (sky130_fd_sc_hd__a211oi_2)
     1    0.004611    0.143351    0.151633    2.723253 ^ _456_/Y (sky130_fd_sc_hd__a211oi_2)
                                                         _150_ (net)
                      0.143351    0.000000    2.723253 ^ _458_/A (sky130_fd_sc_hd__nor2_2)
     1    0.033442    0.085978    0.120693    2.843946 v _458_/Y (sky130_fd_sc_hd__nor2_2)
                                                         P[13] (net)
                      0.085978    0.000000    2.843946 v P[13] (out)
                                              2.843946   data arrival time

                      0.000000    0.000000    0.000000   clock __VIRTUAL_CLK__ (rise edge)
                                  0.000000    0.000000   clock network delay (ideal)
                                  0.250000    0.250000   clock uncertainty
                                  0.000000    0.250000   clock reconvergence pessimism
                                 -2.000000   -1.750000   output external delay
                                             -1.750000   data required time
---------------------------------------------------------------------------------------------
                                             -1.750000   data required time
                                             -2.843946   data arrival time
---------------------------------------------------------------------------------------------
                                              4.593946   slack (MET)



