
===========================================================================
report_checks -path_delay max (Setup)
============================================================================
======================= nom_ss_100C_1v60 Corner ===================================

Startpoint: A[0] (input port clocked by __VIRTUAL_CLK__)
Endpoint: P[15] (output port clocked by __VIRTUAL_CLK__)
Path Group: __VIRTUAL_CLK__
Path Type: max

Fanout         Cap        Slew       Delay        Time   Description
---------------------------------------------------------------------------------------------
                      0.000000    0.000000    0.000000   clock __VIRTUAL_CLK__ (rise edge)
                                  0.000000    0.000000   clock network delay (ideal)
                                  2.000000    2.000000 v input external delay
    10    0.028371    0.124812    0.087097    2.087096 v A[0] (in)
                                                         A[0] (net)
                      0.124812    0.000000    2.087096 v _285_/B (sky130_fd_sc_hd__and2_2)
     3    0.036360    0.204385    0.570084    2.657181 v _285_/X (sky130_fd_sc_hd__and2_2)
                                                         P[0] (net)
                      0.204385    0.000000    2.657181 v _291_/A (sky130_fd_sc_hd__or4bb_2)
     2    0.008664    0.256354    1.595450    4.252630 v _291_/X (sky130_fd_sc_hd__or4bb_2)
                                                         _227_ (net)
                      0.256354    0.000000    4.252630 v _302_/A1 (sky130_fd_sc_hd__a21oi_2)
     2    0.013109    0.308334    0.401314    4.653944 ^ _302_/Y (sky130_fd_sc_hd__a21oi_2)
                                                         _237_ (net)
                      0.308334    0.000000    4.653944 ^ _304_/B (sky130_fd_sc_hd__xnor2_2)
     3    0.007030    0.119125    0.211034    4.864978 v _304_/Y (sky130_fd_sc_hd__xnor2_2)
                                                         _239_ (net)
                      0.119125    0.000000    4.864978 v _341_/B (sky130_fd_sc_hd__or3_2)
     1    0.002288    0.158501    1.044775    5.909754 v _341_/X (sky130_fd_sc_hd__or3_2)
                                                         _274_ (net)
                      0.158501    0.000000    5.909754 v _342_/B1 (sky130_fd_sc_hd__o211a_2)
     2    0.013081    0.119375    0.333680    6.243434 v _342_/X (sky130_fd_sc_hd__o211a_2)
                                                         _275_ (net)
                      0.119375    0.000000    6.243434 v _344_/A (sky130_fd_sc_hd__xnor2_2)
     2    0.013977    0.357822    0.391150    6.634584 ^ _344_/Y (sky130_fd_sc_hd__xnor2_2)
                                                         _000_ (net)
                      0.357822    0.000000    6.634584 ^ _354_/A (sky130_fd_sc_hd__xor2_2)
     2    0.010924    0.281494    0.397412    7.031996 ^ _354_/X (sky130_fd_sc_hd__xor2_2)
                                                         _010_ (net)
                      0.281494    0.000000    7.031996 ^ _355_/B (sky130_fd_sc_hd__xnor2_2)
     2    0.012965    0.169266    0.247432    7.279428 v _355_/Y (sky130_fd_sc_hd__xnor2_2)
                                                         _011_ (net)
                      0.169266    0.000000    7.279428 v _364_/A (sky130_fd_sc_hd__xor2_2)
     2    0.011034    0.169645    0.381904    7.661332 v _364_/X (sky130_fd_sc_hd__xor2_2)
                                                         _020_ (net)
                      0.169645    0.000000    7.661332 v _400_/A1 (sky130_fd_sc_hd__a21o_2)
     2    0.012692    0.103842    0.441150    8.102483 v _400_/X (sky130_fd_sc_hd__a21o_2)
                                                         _055_ (net)
                      0.103842    0.000000    8.102483 v _433_/A2 (sky130_fd_sc_hd__a21oi_2)
     3    0.013601    0.316977    0.359801    8.462283 ^ _433_/Y (sky130_fd_sc_hd__a21oi_2)
                                                         _087_ (net)
                      0.316977    0.000000    8.462283 ^ _497_/A2 (sky130_fd_sc_hd__o311a_2)
     3    0.015691    0.177898    0.540764    9.003047 ^ _497_/X (sky130_fd_sc_hd__o311a_2)
                                                         _149_ (net)
                      0.177898    0.000000    9.003047 ^ _544_/A1 (sky130_fd_sc_hd__a21oi_2)
     4    0.016929    0.165182    0.215787    9.218834 v _544_/Y (sky130_fd_sc_hd__a21oi_2)
                                                         _194_ (net)
                      0.165182    0.000000    9.218834 v _565_/A2 (sky130_fd_sc_hd__o2111a_2)
     1    0.001496    0.061701    0.472044    9.690878 v _565_/X (sky130_fd_sc_hd__o2111a_2)
                                                         _213_ (net)
                      0.061701    0.000000    9.690878 v _568_/B (sky130_fd_sc_hd__or3_2)
     1    0.033442    0.328804    1.294294   10.985172 v _568_/X (sky130_fd_sc_hd__or3_2)
                                                         P[15] (net)
                      0.328804    0.000000   10.985172 v P[15] (out)
                                             10.985172   data arrival time

                      0.000000   10.000000   10.000000   clock __VIRTUAL_CLK__ (rise edge)
                                  0.000000   10.000000   clock network delay (ideal)
                                 -0.250000    9.750000   clock uncertainty
                                  0.000000    9.750000   clock reconvergence pessimism
                                 -2.000000    7.750000   output external delay
                                              7.750000   data required time
---------------------------------------------------------------------------------------------
                                              7.750000   data required time
                                            -10.985172   data arrival time
---------------------------------------------------------------------------------------------
                                             -3.235172   slack (VIOLATED)


Startpoint: A[0] (input port clocked by __VIRTUAL_CLK__)
Endpoint: P[14] (output port clocked by __VIRTUAL_CLK__)
Path Group: __VIRTUAL_CLK__
Path Type: max

Fanout         Cap        Slew       Delay        Time   Description
---------------------------------------------------------------------------------------------
                      0.000000    0.000000    0.000000   clock __VIRTUAL_CLK__ (rise edge)
                                  0.000000    0.000000   clock network delay (ideal)
                                  2.000000    2.000000 v input external delay
    10    0.028371    0.124812    0.087097    2.087096 v A[0] (in)
                                                         A[0] (net)
                      0.124812    0.000000    2.087096 v _285_/B (sky130_fd_sc_hd__and2_2)
     3    0.036360    0.204385    0.570084    2.657181 v _285_/X (sky130_fd_sc_hd__and2_2)
                                                         P[0] (net)
                      0.204385    0.000000    2.657181 v _291_/A (sky130_fd_sc_hd__or4bb_2)
     2    0.008664    0.256354    1.595450    4.252630 v _291_/X (sky130_fd_sc_hd__or4bb_2)
                                                         _227_ (net)
                      0.256354    0.000000    4.252630 v _302_/A1 (sky130_fd_sc_hd__a21oi_2)
     2    0.013109    0.308334    0.401314    4.653944 ^ _302_/Y (sky130_fd_sc_hd__a21oi_2)
                                                         _237_ (net)
                      0.308334    0.000000    4.653944 ^ _304_/B (sky130_fd_sc_hd__xnor2_2)
     3    0.007030    0.119125    0.211034    4.864978 v _304_/Y (sky130_fd_sc_hd__xnor2_2)
                                                         _239_ (net)
                      0.119125    0.000000    4.864978 v _341_/B (sky130_fd_sc_hd__or3_2)
     1    0.002288    0.158501    1.044775    5.909754 v _341_/X (sky130_fd_sc_hd__or3_2)
                                                         _274_ (net)
                      0.158501    0.000000    5.909754 v _342_/B1 (sky130_fd_sc_hd__o211a_2)
     2    0.013081    0.119375    0.333680    6.243434 v _342_/X (sky130_fd_sc_hd__o211a_2)
                                                         _275_ (net)
                      0.119375    0.000000    6.243434 v _344_/A (sky130_fd_sc_hd__xnor2_2)
     2    0.013977    0.357822    0.391150    6.634584 ^ _344_/Y (sky130_fd_sc_hd__xnor2_2)
                                                         _000_ (net)
                      0.357822    0.000000    6.634584 ^ _354_/A (sky130_fd_sc_hd__xor2_2)
     2    0.010924    0.281494    0.397412    7.031996 ^ _354_/X (sky130_fd_sc_hd__xor2_2)
                                                         _010_ (net)
                      0.281494    0.000000    7.031996 ^ _355_/B (sky130_fd_sc_hd__xnor2_2)
     2    0.013977    0.357872    0.325835    7.357831 ^ _355_/Y (sky130_fd_sc_hd__xnor2_2)
                                                         _011_ (net)
                      0.357872    0.000000    7.357831 ^ _364_/A (sky130_fd_sc_hd__xor2_2)
     2    0.011841    0.297357    0.409385    7.767216 ^ _364_/X (sky130_fd_sc_hd__xor2_2)
                                                         _020_ (net)
                      0.297357    0.000000    7.767216 ^ _400_/A1 (sky130_fd_sc_hd__a21o_2)
     2    0.013595    0.132310    0.382757    8.149973 ^ _400_/X (sky130_fd_sc_hd__a21o_2)
                                                         _055_ (net)
                      0.132310    0.000000    8.149973 ^ _433_/A2 (sky130_fd_sc_hd__a21oi_2)
     3    0.012537    0.159318    0.181601    8.331573 v _433_/Y (sky130_fd_sc_hd__a21oi_2)
                                                         _087_ (net)
                      0.159318    0.000000    8.331573 v _497_/A2 (sky130_fd_sc_hd__o311a_2)
     3    0.014641    0.156972    0.827218    9.158792 v _497_/X (sky130_fd_sc_hd__o311a_2)
                                                         _149_ (net)
                      0.156972    0.000000    9.158792 v _544_/A1 (sky130_fd_sc_hd__a21oi_2)
     4    0.018105    0.394277    0.427633    9.586425 ^ _544_/Y (sky130_fd_sc_hd__a21oi_2)
                                                         _194_ (net)
                      0.394277    0.000000    9.586425 ^ _558_/A2 (sky130_fd_sc_hd__o211a_2)
     2    0.014074    0.172419    0.547227   10.133653 ^ _558_/X (sky130_fd_sc_hd__o211a_2)
                                                         _207_ (net)
                      0.172419    0.000000   10.133653 ^ _566_/A (sky130_fd_sc_hd__xor2_2)
     1    0.033442    0.668303    0.622778   10.756431 ^ _566_/X (sky130_fd_sc_hd__xor2_2)
                                                         P[14] (net)
                      0.668303    0.000000   10.756431 ^ P[14] (out)
                                             10.756431   data arrival time

                      0.000000   10.000000   10.000000   clock __VIRTUAL_CLK__ (rise edge)
                                  0.000000   10.000000   clock network delay (ideal)
                                 -0.250000    9.750000   clock uncertainty
                                  0.000000    9.750000   clock reconvergence pessimism
                                 -2.000000    7.750000   output external delay
                                              7.750000   data required time
---------------------------------------------------------------------------------------------
                                              7.750000   data required time
                                            -10.756431   data arrival time
---------------------------------------------------------------------------------------------
                                             -3.006431   slack (VIOLATED)


Startpoint: A[0] (input port clocked by __VIRTUAL_CLK__)
Endpoint: P[13] (output port clocked by __VIRTUAL_CLK__)
Path Group: __VIRTUAL_CLK__
Path Type: max

Fanout         Cap        Slew       Delay        Time   Description
---------------------------------------------------------------------------------------------
                      0.000000    0.000000    0.000000   clock __VIRTUAL_CLK__ (rise edge)
                                  0.000000    0.000000   clock network delay (ideal)
                                  2.000000    2.000000 v input external delay
    10    0.028371    0.124812    0.087097    2.087096 v A[0] (in)
                                                         A[0] (net)
                      0.124812    0.000000    2.087096 v _285_/B (sky130_fd_sc_hd__and2_2)
     3    0.036360    0.204385    0.570084    2.657181 v _285_/X (sky130_fd_sc_hd__and2_2)
                                                         P[0] (net)
                      0.204385    0.000000    2.657181 v _291_/A (sky130_fd_sc_hd__or4bb_2)
     2    0.008664    0.256354    1.595450    4.252630 v _291_/X (sky130_fd_sc_hd__or4bb_2)
                                                         _227_ (net)
                      0.256354    0.000000    4.252630 v _302_/A1 (sky130_fd_sc_hd__a21oi_2)
     2    0.013109    0.308334    0.401314    4.653944 ^ _302_/Y (sky130_fd_sc_hd__a21oi_2)
                                                         _237_ (net)
                      0.308334    0.000000    4.653944 ^ _304_/B (sky130_fd_sc_hd__xnor2_2)
     3    0.007030    0.119125    0.211034    4.864978 v _304_/Y (sky130_fd_sc_hd__xnor2_2)
                                                         _239_ (net)
                      0.119125    0.000000    4.864978 v _341_/B (sky130_fd_sc_hd__or3_2)
     1    0.002288    0.158501    1.044775    5.909754 v _341_/X (sky130_fd_sc_hd__or3_2)
                                                         _274_ (net)
                      0.158501    0.000000    5.909754 v _342_/B1 (sky130_fd_sc_hd__o211a_2)
     2    0.013081    0.119375    0.333680    6.243434 v _342_/X (sky130_fd_sc_hd__o211a_2)
                                                         _275_ (net)
                      0.119375    0.000000    6.243434 v _344_/A (sky130_fd_sc_hd__xnor2_2)
     2    0.013977    0.357822    0.391150    6.634584 ^ _344_/Y (sky130_fd_sc_hd__xnor2_2)
                                                         _000_ (net)
                      0.357822    0.000000    6.634584 ^ _354_/A (sky130_fd_sc_hd__xor2_2)
     2    0.010924    0.281494    0.397412    7.031996 ^ _354_/X (sky130_fd_sc_hd__xor2_2)
                                                         _010_ (net)
                      0.281494    0.000000    7.031996 ^ _355_/B (sky130_fd_sc_hd__xnor2_2)
     2    0.013977    0.357872    0.325835    7.357831 ^ _355_/Y (sky130_fd_sc_hd__xnor2_2)
                                                         _011_ (net)
                      0.357872    0.000000    7.357831 ^ _364_/A (sky130_fd_sc_hd__xor2_2)
     2    0.011841    0.297357    0.409385    7.767216 ^ _364_/X (sky130_fd_sc_hd__xor2_2)
                                                         _020_ (net)
                      0.297357    0.000000    7.767216 ^ _400_/A1 (sky130_fd_sc_hd__a21o_2)
     2    0.013595    0.132310    0.382757    8.149973 ^ _400_/X (sky130_fd_sc_hd__a21o_2)
                                                         _055_ (net)
                      0.132310    0.000000    8.149973 ^ _433_/A2 (sky130_fd_sc_hd__a21oi_2)
     3    0.012537    0.159318    0.181601    8.331573 v _433_/Y (sky130_fd_sc_hd__a21oi_2)
                                                         _087_ (net)
                      0.159318    0.000000    8.331573 v _497_/A2 (sky130_fd_sc_hd__o311a_2)
     3    0.014641    0.156972    0.827218    9.158792 v _497_/X (sky130_fd_sc_hd__o311a_2)
                                                         _149_ (net)
                      0.156972    0.000000    9.158792 v _544_/A1 (sky130_fd_sc_hd__a21oi_2)
     4    0.018105    0.394277    0.427633    9.586425 ^ _544_/Y (sky130_fd_sc_hd__a21oi_2)
                                                         _194_ (net)
                      0.394277    0.000000    9.586425 ^ _557_/A2 (sky130_fd_sc_hd__a211oi_2)
     1    0.004246    0.122682    0.249394    9.835819 v _557_/Y (sky130_fd_sc_hd__a211oi_2)
                                                         _206_ (net)
                      0.122682    0.000000    9.835819 v _559_/A (sky130_fd_sc_hd__nor2_2)
     1    0.033442    0.607987    0.556700   10.392519 ^ _559_/Y (sky130_fd_sc_hd__nor2_2)
                                                         P[13] (net)
                      0.607987    0.000000   10.392519 ^ P[13] (out)
                                             10.392519   data arrival time

                      0.000000   10.000000   10.000000   clock __VIRTUAL_CLK__ (rise edge)
                                  0.000000   10.000000   clock network delay (ideal)
                                 -0.250000    9.750000   clock uncertainty
                                  0.000000    9.750000   clock reconvergence pessimism
                                 -2.000000    7.750000   output external delay
                                              7.750000   data required time
---------------------------------------------------------------------------------------------
                                              7.750000   data required time
                                            -10.392519   data arrival time
---------------------------------------------------------------------------------------------
                                             -2.642519   slack (VIOLATED)


Startpoint: A[0] (input port clocked by __VIRTUAL_CLK__)
Endpoint: P[11] (output port clocked by __VIRTUAL_CLK__)
Path Group: __VIRTUAL_CLK__
Path Type: max

Fanout         Cap        Slew       Delay        Time   Description
---------------------------------------------------------------------------------------------
                      0.000000    0.000000    0.000000   clock __VIRTUAL_CLK__ (rise edge)
                                  0.000000    0.000000   clock network delay (ideal)
                                  2.000000    2.000000 v input external delay
    10    0.028371    0.124812    0.087097    2.087096 v A[0] (in)
                                                         A[0] (net)
                      0.124812    0.000000    2.087096 v _285_/B (sky130_fd_sc_hd__and2_2)
     3    0.036360    0.204385    0.570084    2.657181 v _285_/X (sky130_fd_sc_hd__and2_2)
                                                         P[0] (net)
                      0.204385    0.000000    2.657181 v _291_/A (sky130_fd_sc_hd__or4bb_2)
     2    0.008664    0.256354    1.595450    4.252630 v _291_/X (sky130_fd_sc_hd__or4bb_2)
                                                         _227_ (net)
                      0.256354    0.000000    4.252630 v _302_/A1 (sky130_fd_sc_hd__a21oi_2)
     2    0.013109    0.308334    0.401314    4.653944 ^ _302_/Y (sky130_fd_sc_hd__a21oi_2)
                                                         _237_ (net)
                      0.308334    0.000000    4.653944 ^ _304_/B (sky130_fd_sc_hd__xnor2_2)
     3    0.007030    0.119125    0.211034    4.864978 v _304_/Y (sky130_fd_sc_hd__xnor2_2)
                                                         _239_ (net)
                      0.119125    0.000000    4.864978 v _341_/B (sky130_fd_sc_hd__or3_2)
     1    0.002288    0.158501    1.044775    5.909754 v _341_/X (sky130_fd_sc_hd__or3_2)
                                                         _274_ (net)
                      0.158501    0.000000    5.909754 v _342_/B1 (sky130_fd_sc_hd__o211a_2)
     2    0.013081    0.119375    0.333680    6.243434 v _342_/X (sky130_fd_sc_hd__o211a_2)
                                                         _275_ (net)
                      0.119375    0.000000    6.243434 v _344_/A (sky130_fd_sc_hd__xnor2_2)
     2    0.013977    0.357822    0.391150    6.634584 ^ _344_/Y (sky130_fd_sc_hd__xnor2_2)
                                                         _000_ (net)
                      0.357822    0.000000    6.634584 ^ _354_/A (sky130_fd_sc_hd__xor2_2)
     2    0.010924    0.281494    0.397412    7.031996 ^ _354_/X (sky130_fd_sc_hd__xor2_2)
                                                         _010_ (net)
                      0.281494    0.000000    7.031996 ^ _355_/B (sky130_fd_sc_hd__xnor2_2)
     2    0.013977    0.357872    0.325835    7.357831 ^ _355_/Y (sky130_fd_sc_hd__xnor2_2)
                                                         _011_ (net)
                      0.357872    0.000000    7.357831 ^ _364_/A (sky130_fd_sc_hd__xor2_2)
     2    0.011841    0.297357    0.409385    7.767216 ^ _364_/X (sky130_fd_sc_hd__xor2_2)
                                                         _020_ (net)
                      0.297357    0.000000    7.767216 ^ _400_/A1 (sky130_fd_sc_hd__a21o_2)
     2    0.013595    0.132310    0.382757    8.149973 ^ _400_/X (sky130_fd_sc_hd__a21o_2)
                                                         _055_ (net)
                      0.132310    0.000000    8.149973 ^ _433_/A2 (sky130_fd_sc_hd__a21oi_2)
     3    0.012537    0.159318    0.181601    8.331573 v _433_/Y (sky130_fd_sc_hd__a21oi_2)
                                                         _087_ (net)
                      0.159318    0.000000    8.331573 v _497_/A2 (sky130_fd_sc_hd__o311a_2)
     3    0.014641    0.156972    0.827218    9.158792 v _497_/X (sky130_fd_sc_hd__o311a_2)
                                                         _149_ (net)
                      0.156972    0.000000    9.158792 v _524_/A2 (sky130_fd_sc_hd__o21a_2)
     1    0.008219    0.086717    0.424568    9.583360 v _524_/X (sky130_fd_sc_hd__o21a_2)
                                                         _175_ (net)
                      0.086717    0.000000    9.583360 v _525_/B (sky130_fd_sc_hd__xnor2_2)
     1    0.033442    0.709779    0.596970   10.180329 ^ _525_/Y (sky130_fd_sc_hd__xnor2_2)
                                                         P[11] (net)
                      0.709779    0.000000   10.180329 ^ P[11] (out)
                                             10.180329   data arrival time

                      0.000000   10.000000   10.000000   clock __VIRTUAL_CLK__ (rise edge)
                                  0.000000   10.000000   clock network delay (ideal)
                                 -0.250000    9.750000   clock uncertainty
                                  0.000000    9.750000   clock reconvergence pessimism
                                 -2.000000    7.750000   output external delay
                                              7.750000   data required time
---------------------------------------------------------------------------------------------
                                              7.750000   data required time
                                            -10.180329   data arrival time
---------------------------------------------------------------------------------------------
                                             -2.430330   slack (VIOLATED)


Startpoint: A[0] (input port clocked by __VIRTUAL_CLK__)
Endpoint: P[12] (output port clocked by __VIRTUAL_CLK__)
Path Group: __VIRTUAL_CLK__
Path Type: max

Fanout         Cap        Slew       Delay        Time   Description
---------------------------------------------------------------------------------------------
                      0.000000    0.000000    0.000000   clock __VIRTUAL_CLK__ (rise edge)
                                  0.000000    0.000000   clock network delay (ideal)
                                  2.000000    2.000000 v input external delay
    10    0.028371    0.124812    0.087097    2.087096 v A[0] (in)
                                                         A[0] (net)
                      0.124812    0.000000    2.087096 v _285_/B (sky130_fd_sc_hd__and2_2)
     3    0.036360    0.204385    0.570084    2.657181 v _285_/X (sky130_fd_sc_hd__and2_2)
                                                         P[0] (net)
                      0.204385    0.000000    2.657181 v _291_/A (sky130_fd_sc_hd__or4bb_2)
     2    0.008664    0.256354    1.595450    4.252630 v _291_/X (sky130_fd_sc_hd__or4bb_2)
                                                         _227_ (net)
                      0.256354    0.000000    4.252630 v _302_/A1 (sky130_fd_sc_hd__a21oi_2)
     2    0.013109    0.308334    0.401314    4.653944 ^ _302_/Y (sky130_fd_sc_hd__a21oi_2)
                                                         _237_ (net)
                      0.308334    0.000000    4.653944 ^ _304_/B (sky130_fd_sc_hd__xnor2_2)
     3    0.007030    0.119125    0.211034    4.864978 v _304_/Y (sky130_fd_sc_hd__xnor2_2)
                                                         _239_ (net)
                      0.119125    0.000000    4.864978 v _341_/B (sky130_fd_sc_hd__or3_2)
     1    0.002288    0.158501    1.044775    5.909754 v _341_/X (sky130_fd_sc_hd__or3_2)
                                                         _274_ (net)
                      0.158501    0.000000    5.909754 v _342_/B1 (sky130_fd_sc_hd__o211a_2)
     2    0.013081    0.119375    0.333680    6.243434 v _342_/X (sky130_fd_sc_hd__o211a_2)
                                                         _275_ (net)
                      0.119375    0.000000    6.243434 v _344_/A (sky130_fd_sc_hd__xnor2_2)
     2    0.013977    0.357822    0.391150    6.634584 ^ _344_/Y (sky130_fd_sc_hd__xnor2_2)
                                                         _000_ (net)
                      0.357822    0.000000    6.634584 ^ _354_/A (sky130_fd_sc_hd__xor2_2)
     2    0.010924    0.281494    0.397412    7.031996 ^ _354_/X (sky130_fd_sc_hd__xor2_2)
                                                         _010_ (net)
                      0.281494    0.000000    7.031996 ^ _355_/B (sky130_fd_sc_hd__xnor2_2)
     2    0.013977    0.357872    0.325835    7.357831 ^ _355_/Y (sky130_fd_sc_hd__xnor2_2)
                                                         _011_ (net)
                      0.357872    0.000000    7.357831 ^ _364_/A (sky130_fd_sc_hd__xor2_2)
     2    0.011841    0.297357    0.409385    7.767216 ^ _364_/X (sky130_fd_sc_hd__xor2_2)
                                                         _020_ (net)
                      0.297357    0.000000    7.767216 ^ _400_/A1 (sky130_fd_sc_hd__a21o_2)
     2    0.013595    0.132310    0.382757    8.149973 ^ _400_/X (sky130_fd_sc_hd__a21o_2)
                                                         _055_ (net)
                      0.132310    0.000000    8.149973 ^ _433_/A2 (sky130_fd_sc_hd__a21oi_2)
     3    0.012537    0.159318    0.181601    8.331573 v _433_/Y (sky130_fd_sc_hd__a21oi_2)
                                                         _087_ (net)
                      0.159318    0.000000    8.331573 v _497_/A2 (sky130_fd_sc_hd__o311a_2)
     3    0.014641    0.156972    0.827218    9.158792 v _497_/X (sky130_fd_sc_hd__o311a_2)
                                                         _149_ (net)
                      0.156972    0.000000    9.158792 v _544_/A1 (sky130_fd_sc_hd__a21oi_2)
     4    0.018105    0.394277    0.427633    9.586425 ^ _544_/Y (sky130_fd_sc_hd__a21oi_2)
                                                         _194_ (net)
                      0.394277    0.000000    9.586425 ^ _545_/B (sky130_fd_sc_hd__xnor2_2)
     1    0.033442    0.709789    0.465024   10.051450 ^ _545_/Y (sky130_fd_sc_hd__xnor2_2)
                                                         P[12] (net)
                      0.709789    0.000000   10.051450 ^ P[12] (out)
                                             10.051450   data arrival time

                      0.000000   10.000000   10.000000   clock __VIRTUAL_CLK__ (rise edge)
                                  0.000000   10.000000   clock network delay (ideal)
                                 -0.250000    9.750000   clock uncertainty
                                  0.000000    9.750000   clock reconvergence pessimism
                                 -2.000000    7.750000   output external delay
                                              7.750000   data required time
---------------------------------------------------------------------------------------------
                                              7.750000   data required time
                                            -10.051450   data arrival time
---------------------------------------------------------------------------------------------
                                             -2.301450   slack (VIOLATED)


Startpoint: A[0] (input port clocked by __VIRTUAL_CLK__)
Endpoint: P[10] (output port clocked by __VIRTUAL_CLK__)
Path Group: __VIRTUAL_CLK__
Path Type: max

Fanout         Cap        Slew       Delay        Time   Description
---------------------------------------------------------------------------------------------
                      0.000000    0.000000    0.000000   clock __VIRTUAL_CLK__ (rise edge)
                                  0.000000    0.000000   clock network delay (ideal)
                                  2.000000    2.000000 v input external delay
    10    0.028371    0.124812    0.087097    2.087096 v A[0] (in)
                                                         A[0] (net)
                      0.124812    0.000000    2.087096 v _285_/B (sky130_fd_sc_hd__and2_2)
     3    0.036360    0.204385    0.570084    2.657181 v _285_/X (sky130_fd_sc_hd__and2_2)
                                                         P[0] (net)
                      0.204385    0.000000    2.657181 v _291_/A (sky130_fd_sc_hd__or4bb_2)
     2    0.008664    0.256354    1.595450    4.252630 v _291_/X (sky130_fd_sc_hd__or4bb_2)
                                                         _227_ (net)
                      0.256354    0.000000    4.252630 v _302_/A1 (sky130_fd_sc_hd__a21oi_2)
     2    0.013109    0.308334    0.401314    4.653944 ^ _302_/Y (sky130_fd_sc_hd__a21oi_2)
                                                         _237_ (net)
                      0.308334    0.000000    4.653944 ^ _304_/B (sky130_fd_sc_hd__xnor2_2)
     3    0.007030    0.119125    0.211034    4.864978 v _304_/Y (sky130_fd_sc_hd__xnor2_2)
                                                         _239_ (net)
                      0.119125    0.000000    4.864978 v _341_/B (sky130_fd_sc_hd__or3_2)
     1    0.002288    0.158501    1.044775    5.909754 v _341_/X (sky130_fd_sc_hd__or3_2)
                                                         _274_ (net)
                      0.158501    0.000000    5.909754 v _342_/B1 (sky130_fd_sc_hd__o211a_2)
     2    0.013081    0.119375    0.333680    6.243434 v _342_/X (sky130_fd_sc_hd__o211a_2)
                                                         _275_ (net)
                      0.119375    0.000000    6.243434 v _344_/A (sky130_fd_sc_hd__xnor2_2)
     2    0.013977    0.357822    0.391150    6.634584 ^ _344_/Y (sky130_fd_sc_hd__xnor2_2)
                                                         _000_ (net)
                      0.357822    0.000000    6.634584 ^ _354_/A (sky130_fd_sc_hd__xor2_2)
     2    0.010924    0.281494    0.397412    7.031996 ^ _354_/X (sky130_fd_sc_hd__xor2_2)
                                                         _010_ (net)
                      0.281494    0.000000    7.031996 ^ _355_/B (sky130_fd_sc_hd__xnor2_2)
     2    0.013977    0.357872    0.325835    7.357831 ^ _355_/Y (sky130_fd_sc_hd__xnor2_2)
                                                         _011_ (net)
                      0.357872    0.000000    7.357831 ^ _364_/A (sky130_fd_sc_hd__xor2_2)
     2    0.011841    0.297357    0.409385    7.767216 ^ _364_/X (sky130_fd_sc_hd__xor2_2)
                                                         _020_ (net)
                      0.297357    0.000000    7.767216 ^ _400_/A1 (sky130_fd_sc_hd__a21o_2)
     2    0.013595    0.132310    0.382757    8.149973 ^ _400_/X (sky130_fd_sc_hd__a21o_2)
                                                         _055_ (net)
                      0.132310    0.000000    8.149973 ^ _433_/A2 (sky130_fd_sc_hd__a21oi_2)
     3    0.012537    0.159318    0.181601    8.331573 v _433_/Y (sky130_fd_sc_hd__a21oi_2)
                                                         _087_ (net)
                      0.159318    0.000000    8.331573 v _497_/A2 (sky130_fd_sc_hd__o311a_2)
     3    0.014641    0.156972    0.827218    9.158792 v _497_/X (sky130_fd_sc_hd__o311a_2)
                                                         _149_ (net)
                      0.156972    0.000000    9.158792 v _498_/B (sky130_fd_sc_hd__xor2_2)
     1    0.033442    0.668271    0.608765    9.767557 ^ _498_/X (sky130_fd_sc_hd__xor2_2)
                                                         P[10] (net)
                      0.668271    0.000000    9.767557 ^ P[10] (out)
                                              9.767557   data arrival time

                      0.000000   10.000000   10.000000   clock __VIRTUAL_CLK__ (rise edge)
                                  0.000000   10.000000   clock network delay (ideal)
                                 -0.250000    9.750000   clock uncertainty
                                  0.000000    9.750000   clock reconvergence pessimism
                                 -2.000000    7.750000   output external delay
                                              7.750000   data required time
---------------------------------------------------------------------------------------------
                                              7.750000   data required time
                                             -9.767557   data arrival time
---------------------------------------------------------------------------------------------
                                             -2.017557   slack (VIOLATED)


Startpoint: A[0] (input port clocked by __VIRTUAL_CLK__)
Endpoint: P[9] (output port clocked by __VIRTUAL_CLK__)
Path Group: __VIRTUAL_CLK__
Path Type: max

Fanout         Cap        Slew       Delay        Time   Description
---------------------------------------------------------------------------------------------
                      0.000000    0.000000    0.000000   clock __VIRTUAL_CLK__ (rise edge)
                                  0.000000    0.000000   clock network delay (ideal)
                                  2.000000    2.000000 v input external delay
    10    0.028371    0.124812    0.087097    2.087096 v A[0] (in)
                                                         A[0] (net)
                      0.124812    0.000000    2.087096 v _285_/B (sky130_fd_sc_hd__and2_2)
     3    0.036360    0.204385    0.570084    2.657181 v _285_/X (sky130_fd_sc_hd__and2_2)
                                                         P[0] (net)
                      0.204385    0.000000    2.657181 v _291_/A (sky130_fd_sc_hd__or4bb_2)
     2    0.008664    0.256354    1.595450    4.252630 v _291_/X (sky130_fd_sc_hd__or4bb_2)
                                                         _227_ (net)
                      0.256354    0.000000    4.252630 v _302_/A1 (sky130_fd_sc_hd__a21oi_2)
     2    0.013109    0.308334    0.401314    4.653944 ^ _302_/Y (sky130_fd_sc_hd__a21oi_2)
                                                         _237_ (net)
                      0.308334    0.000000    4.653944 ^ _304_/B (sky130_fd_sc_hd__xnor2_2)
     3    0.007030    0.119125    0.211034    4.864978 v _304_/Y (sky130_fd_sc_hd__xnor2_2)
                                                         _239_ (net)
                      0.119125    0.000000    4.864978 v _341_/B (sky130_fd_sc_hd__or3_2)
     1    0.002288    0.158501    1.044775    5.909754 v _341_/X (sky130_fd_sc_hd__or3_2)
                                                         _274_ (net)
                      0.158501    0.000000    5.909754 v _342_/B1 (sky130_fd_sc_hd__o211a_2)
     2    0.013081    0.119375    0.333680    6.243434 v _342_/X (sky130_fd_sc_hd__o211a_2)
                                                         _275_ (net)
                      0.119375    0.000000    6.243434 v _344_/A (sky130_fd_sc_hd__xnor2_2)
     2    0.013977    0.357822    0.391150    6.634584 ^ _344_/Y (sky130_fd_sc_hd__xnor2_2)
                                                         _000_ (net)
                      0.357822    0.000000    6.634584 ^ _354_/A (sky130_fd_sc_hd__xor2_2)
     2    0.010924    0.281494    0.397412    7.031996 ^ _354_/X (sky130_fd_sc_hd__xor2_2)
                                                         _010_ (net)
                      0.281494    0.000000    7.031996 ^ _355_/B (sky130_fd_sc_hd__xnor2_2)
     2    0.013977    0.357872    0.325835    7.357831 ^ _355_/Y (sky130_fd_sc_hd__xnor2_2)
                                                         _011_ (net)
                      0.357872    0.000000    7.357831 ^ _364_/A (sky130_fd_sc_hd__xor2_2)
     2    0.011841    0.297357    0.409385    7.767216 ^ _364_/X (sky130_fd_sc_hd__xor2_2)
                                                         _020_ (net)
                      0.297357    0.000000    7.767216 ^ _400_/A1 (sky130_fd_sc_hd__a21o_2)
     2    0.013595    0.132310    0.382757    8.149973 ^ _400_/X (sky130_fd_sc_hd__a21o_2)
                                                         _055_ (net)
                      0.132310    0.000000    8.149973 ^ _433_/A2 (sky130_fd_sc_hd__a21oi_2)
     3    0.012537    0.159318    0.181601    8.331573 v _433_/Y (sky130_fd_sc_hd__a21oi_2)
                                                         _087_ (net)
                      0.159318    0.000000    8.331573 v _463_/A2 (sky130_fd_sc_hd__o21a_2)
     1    0.008219    0.086718    0.425569    8.757143 v _463_/X (sky130_fd_sc_hd__o21a_2)
                                                         _116_ (net)
                      0.086718    0.000000    8.757143 v _464_/B (sky130_fd_sc_hd__xnor2_2)
     1    0.033442    0.709779    0.596970    9.354114 ^ _464_/Y (sky130_fd_sc_hd__xnor2_2)
                                                         P[9] (net)
                      0.709779    0.000000    9.354114 ^ P[9] (out)
                                              9.354114   data arrival time

                      0.000000   10.000000   10.000000   clock __VIRTUAL_CLK__ (rise edge)
                                  0.000000   10.000000   clock network delay (ideal)
                                 -0.250000    9.750000   clock uncertainty
                                  0.000000    9.750000   clock reconvergence pessimism
                                 -2.000000    7.750000   output external delay
                                              7.750000   data required time
---------------------------------------------------------------------------------------------
                                              7.750000   data required time
                                             -9.354114   data arrival time
---------------------------------------------------------------------------------------------
                                             -1.604113   slack (VIOLATED)


Startpoint: A[0] (input port clocked by __VIRTUAL_CLK__)
Endpoint: P[8] (output port clocked by __VIRTUAL_CLK__)
Path Group: __VIRTUAL_CLK__
Path Type: max

Fanout         Cap        Slew       Delay        Time   Description
---------------------------------------------------------------------------------------------
                      0.000000    0.000000    0.000000   clock __VIRTUAL_CLK__ (rise edge)
                                  0.000000    0.000000   clock network delay (ideal)
                                  2.000000    2.000000 v input external delay
    10    0.028371    0.124812    0.087097    2.087096 v A[0] (in)
                                                         A[0] (net)
                      0.124812    0.000000    2.087096 v _285_/B (sky130_fd_sc_hd__and2_2)
     3    0.036360    0.204385    0.570084    2.657181 v _285_/X (sky130_fd_sc_hd__and2_2)
                                                         P[0] (net)
                      0.204385    0.000000    2.657181 v _291_/A (sky130_fd_sc_hd__or4bb_2)
     2    0.008664    0.256354    1.595450    4.252630 v _291_/X (sky130_fd_sc_hd__or4bb_2)
                                                         _227_ (net)
                      0.256354    0.000000    4.252630 v _302_/A1 (sky130_fd_sc_hd__a21oi_2)
     2    0.013109    0.308334    0.401314    4.653944 ^ _302_/Y (sky130_fd_sc_hd__a21oi_2)
                                                         _237_ (net)
                      0.308334    0.000000    4.653944 ^ _304_/B (sky130_fd_sc_hd__xnor2_2)
     3    0.007030    0.119125    0.211034    4.864978 v _304_/Y (sky130_fd_sc_hd__xnor2_2)
                                                         _239_ (net)
                      0.119125    0.000000    4.864978 v _341_/B (sky130_fd_sc_hd__or3_2)
     1    0.002288    0.158501    1.044775    5.909754 v _341_/X (sky130_fd_sc_hd__or3_2)
                                                         _274_ (net)
                      0.158501    0.000000    5.909754 v _342_/B1 (sky130_fd_sc_hd__o211a_2)
     2    0.013081    0.119375    0.333680    6.243434 v _342_/X (sky130_fd_sc_hd__o211a_2)
                                                         _275_ (net)
                      0.119375    0.000000    6.243434 v _344_/A (sky130_fd_sc_hd__xnor2_2)
     2    0.013977    0.357822    0.391150    6.634584 ^ _344_/Y (sky130_fd_sc_hd__xnor2_2)
                                                         _000_ (net)
                      0.357822    0.000000    6.634584 ^ _354_/A (sky130_fd_sc_hd__xor2_2)
     2    0.010924    0.281494    0.397412    7.031996 ^ _354_/X (sky130_fd_sc_hd__xor2_2)
                                                         _010_ (net)
                      0.281494    0.000000    7.031996 ^ _355_/B (sky130_fd_sc_hd__xnor2_2)
     2    0.012965    0.169266    0.247432    7.279428 v _355_/Y (sky130_fd_sc_hd__xnor2_2)
                                                         _011_ (net)
                      0.169266    0.000000    7.279428 v _364_/A (sky130_fd_sc_hd__xor2_2)
     2    0.011034    0.169645    0.381904    7.661332 v _364_/X (sky130_fd_sc_hd__xor2_2)
                                                         _020_ (net)
                      0.169645    0.000000    7.661332 v _400_/A1 (sky130_fd_sc_hd__a21o_2)
     2    0.012692    0.103842    0.441150    8.102483 v _400_/X (sky130_fd_sc_hd__a21o_2)
                                                         _055_ (net)
                      0.103842    0.000000    8.102483 v _433_/A2 (sky130_fd_sc_hd__a21oi_2)
     3    0.013601    0.316977    0.359801    8.462283 ^ _433_/Y (sky130_fd_sc_hd__a21oi_2)
                                                         _087_ (net)
                      0.316977    0.000000    8.462283 ^ _434_/B (sky130_fd_sc_hd__xor2_2)
     1    0.033442    0.668276    0.674848    9.137132 ^ _434_/X (sky130_fd_sc_hd__xor2_2)
                                                         P[8] (net)
                      0.668276    0.000000    9.137132 ^ P[8] (out)
                                              9.137132   data arrival time

                      0.000000   10.000000   10.000000   clock __VIRTUAL_CLK__ (rise edge)
                                  0.000000   10.000000   clock network delay (ideal)
                                 -0.250000    9.750000   clock uncertainty
                                  0.000000    9.750000   clock reconvergence pessimism
                                 -2.000000    7.750000   output external delay
                                              7.750000   data required time
---------------------------------------------------------------------------------------------
                                              7.750000   data required time
                                             -9.137132   data arrival time
---------------------------------------------------------------------------------------------
                                             -1.387131   slack (VIOLATED)


Startpoint: A[0] (input port clocked by __VIRTUAL_CLK__)
Endpoint: P[7] (output port clocked by __VIRTUAL_CLK__)
Path Group: __VIRTUAL_CLK__
Path Type: max

Fanout         Cap        Slew       Delay        Time   Description
---------------------------------------------------------------------------------------------
                      0.000000    0.000000    0.000000   clock __VIRTUAL_CLK__ (rise edge)
                                  0.000000    0.000000   clock network delay (ideal)
                                  2.000000    2.000000 v input external delay
    10    0.028371    0.124812    0.087097    2.087096 v A[0] (in)
                                                         A[0] (net)
                      0.124812    0.000000    2.087096 v _285_/B (sky130_fd_sc_hd__and2_2)
     3    0.036360    0.204385    0.570084    2.657181 v _285_/X (sky130_fd_sc_hd__and2_2)
                                                         P[0] (net)
                      0.204385    0.000000    2.657181 v _291_/A (sky130_fd_sc_hd__or4bb_2)
     2    0.008664    0.256354    1.595450    4.252630 v _291_/X (sky130_fd_sc_hd__or4bb_2)
                                                         _227_ (net)
                      0.256354    0.000000    4.252630 v _302_/A1 (sky130_fd_sc_hd__a21oi_2)
     2    0.013109    0.308334    0.401314    4.653944 ^ _302_/Y (sky130_fd_sc_hd__a21oi_2)
                                                         _237_ (net)
                      0.308334    0.000000    4.653944 ^ _304_/B (sky130_fd_sc_hd__xnor2_2)
     3    0.007030    0.119125    0.211034    4.864978 v _304_/Y (sky130_fd_sc_hd__xnor2_2)
                                                         _239_ (net)
                      0.119125    0.000000    4.864978 v _341_/B (sky130_fd_sc_hd__or3_2)
     1    0.002288    0.158501    1.044775    5.909754 v _341_/X (sky130_fd_sc_hd__or3_2)
                                                         _274_ (net)
                      0.158501    0.000000    5.909754 v _342_/B1 (sky130_fd_sc_hd__o211a_2)
     2    0.013081    0.119375    0.333680    6.243434 v _342_/X (sky130_fd_sc_hd__o211a_2)
                                                         _275_ (net)
                      0.119375    0.000000    6.243434 v _344_/A (sky130_fd_sc_hd__xnor2_2)
     2    0.013977    0.357822    0.391150    6.634584 ^ _344_/Y (sky130_fd_sc_hd__xnor2_2)
                                                         _000_ (net)
                      0.357822    0.000000    6.634584 ^ _354_/A (sky130_fd_sc_hd__xor2_2)
     2    0.010924    0.281494    0.397412    7.031996 ^ _354_/X (sky130_fd_sc_hd__xor2_2)
                                                         _010_ (net)
                      0.281494    0.000000    7.031996 ^ _355_/B (sky130_fd_sc_hd__xnor2_2)
     2    0.013977    0.357872    0.325835    7.357831 ^ _355_/Y (sky130_fd_sc_hd__xnor2_2)
                                                         _011_ (net)
                      0.357872    0.000000    7.357831 ^ _364_/A (sky130_fd_sc_hd__xor2_2)
     2    0.011841    0.297357    0.409385    7.767216 ^ _364_/X (sky130_fd_sc_hd__xor2_2)
                                                         _020_ (net)
                      0.297357    0.000000    7.767216 ^ _400_/A1 (sky130_fd_sc_hd__a21o_2)
     2    0.013595    0.132310    0.382757    8.149973 ^ _400_/X (sky130_fd_sc_hd__a21o_2)
                                                         _055_ (net)
                      0.132310    0.000000    8.149973 ^ _401_/B (sky130_fd_sc_hd__xor2_2)
     1    0.033442    0.668245    0.615691    8.765663 ^ _401_/X (sky130_fd_sc_hd__xor2_2)
                                                         P[7] (net)
                      0.668245    0.000000    8.765663 ^ P[7] (out)
                                              8.765663   data arrival time

                      0.000000   10.000000   10.000000   clock __VIRTUAL_CLK__ (rise edge)
                                  0.000000   10.000000   clock network delay (ideal)
                                 -0.250000    9.750000   clock uncertainty
                                  0.000000    9.750000   clock reconvergence pessimism
                                 -2.000000    7.750000   output external delay
                                              7.750000   data required time
---------------------------------------------------------------------------------------------
                                              7.750000   data required time
                                             -8.765663   data arrival time
---------------------------------------------------------------------------------------------
                                             -1.015663   slack (VIOLATED)


Startpoint: A[0] (input port clocked by __VIRTUAL_CLK__)
Endpoint: P[6] (output port clocked by __VIRTUAL_CLK__)
Path Group: __VIRTUAL_CLK__
Path Type: max

Fanout         Cap        Slew       Delay        Time   Description
---------------------------------------------------------------------------------------------
                      0.000000    0.000000    0.000000   clock __VIRTUAL_CLK__ (rise edge)
                                  0.000000    0.000000   clock network delay (ideal)
                                  2.000000    2.000000 v input external delay
    10    0.028371    0.124812    0.087097    2.087096 v A[0] (in)
                                                         A[0] (net)
                      0.124812    0.000000    2.087096 v _285_/B (sky130_fd_sc_hd__and2_2)
     3    0.036360    0.204385    0.570084    2.657181 v _285_/X (sky130_fd_sc_hd__and2_2)
                                                         P[0] (net)
                      0.204385    0.000000    2.657181 v _291_/A (sky130_fd_sc_hd__or4bb_2)
     2    0.008664    0.256354    1.595450    4.252630 v _291_/X (sky130_fd_sc_hd__or4bb_2)
                                                         _227_ (net)
                      0.256354    0.000000    4.252630 v _302_/A1 (sky130_fd_sc_hd__a21oi_2)
     2    0.013109    0.308334    0.401314    4.653944 ^ _302_/Y (sky130_fd_sc_hd__a21oi_2)
                                                         _237_ (net)
                      0.308334    0.000000    4.653944 ^ _304_/B (sky130_fd_sc_hd__xnor2_2)
     3    0.007030    0.119125    0.211034    4.864978 v _304_/Y (sky130_fd_sc_hd__xnor2_2)
                                                         _239_ (net)
                      0.119125    0.000000    4.864978 v _341_/B (sky130_fd_sc_hd__or3_2)
     1    0.002288    0.158501    1.044775    5.909754 v _341_/X (sky130_fd_sc_hd__or3_2)
                                                         _274_ (net)
                      0.158501    0.000000    5.909754 v _342_/B1 (sky130_fd_sc_hd__o211a_2)
     2    0.013081    0.119375    0.333680    6.243434 v _342_/X (sky130_fd_sc_hd__o211a_2)
                                                         _275_ (net)
                      0.119375    0.000000    6.243434 v _344_/A (sky130_fd_sc_hd__xnor2_2)
     2    0.013977    0.357822    0.391150    6.634584 ^ _344_/Y (sky130_fd_sc_hd__xnor2_2)
                                                         _000_ (net)
                      0.357822    0.000000    6.634584 ^ _354_/A (sky130_fd_sc_hd__xor2_2)
     2    0.010924    0.281494    0.397412    7.031996 ^ _354_/X (sky130_fd_sc_hd__xor2_2)
                                                         _010_ (net)
                      0.281494    0.000000    7.031996 ^ _355_/B (sky130_fd_sc_hd__xnor2_2)
     2    0.013977    0.357872    0.325835    7.357831 ^ _355_/Y (sky130_fd_sc_hd__xnor2_2)
                                                         _011_ (net)
                      0.357872    0.000000    7.357831 ^ _364_/A (sky130_fd_sc_hd__xor2_2)
     2    0.011841    0.297357    0.409385    7.767216 ^ _364_/X (sky130_fd_sc_hd__xor2_2)
                                                         _020_ (net)
                      0.297357    0.000000    7.767216 ^ _368_/A (sky130_fd_sc_hd__xor2_2)
     1    0.033442    0.668245    0.665888    8.433104 ^ _368_/X (sky130_fd_sc_hd__xor2_2)
                                                         P[6] (net)
                      0.668245    0.000000    8.433104 ^ P[6] (out)
                                              8.433104   data arrival time

                      0.000000   10.000000   10.000000   clock __VIRTUAL_CLK__ (rise edge)
                                  0.000000   10.000000   clock network delay (ideal)
                                 -0.250000    9.750000   clock uncertainty
                                  0.000000    9.750000   clock reconvergence pessimism
                                 -2.000000    7.750000   output external delay
                                              7.750000   data required time
---------------------------------------------------------------------------------------------
                                              7.750000   data required time
                                             -8.433104   data arrival time
---------------------------------------------------------------------------------------------
                                             -0.683103   slack (VIOLATED)


Startpoint: A[0] (input port clocked by __VIRTUAL_CLK__)
Endpoint: P[5] (output port clocked by __VIRTUAL_CLK__)
Path Group: __VIRTUAL_CLK__
Path Type: max

Fanout         Cap        Slew       Delay        Time   Description
---------------------------------------------------------------------------------------------
                      0.000000    0.000000    0.000000   clock __VIRTUAL_CLK__ (rise edge)
                                  0.000000    0.000000   clock network delay (ideal)
                                  2.000000    2.000000 v input external delay
    10    0.028371    0.124812    0.087097    2.087096 v A[0] (in)
                                                         A[0] (net)
                      0.124812    0.000000    2.087096 v _285_/B (sky130_fd_sc_hd__and2_2)
     3    0.036360    0.204385    0.570084    2.657181 v _285_/X (sky130_fd_sc_hd__and2_2)
                                                         P[0] (net)
                      0.204385    0.000000    2.657181 v _291_/A (sky130_fd_sc_hd__or4bb_2)
     2    0.008664    0.256354    1.595450    4.252630 v _291_/X (sky130_fd_sc_hd__or4bb_2)
                                                         _227_ (net)
                      0.256354    0.000000    4.252630 v _302_/A1 (sky130_fd_sc_hd__a21oi_2)
     2    0.013109    0.308334    0.401314    4.653944 ^ _302_/Y (sky130_fd_sc_hd__a21oi_2)
                                                         _237_ (net)
                      0.308334    0.000000    4.653944 ^ _303_/B (sky130_fd_sc_hd__nand2_2)
     2    0.009635    0.118648    0.213323    4.867267 v _303_/Y (sky130_fd_sc_hd__nand2_2)
                                                         _238_ (net)
                      0.118648    0.000000    4.867267 v _318_/A (sky130_fd_sc_hd__xnor2_2)
     2    0.010515    0.148191    0.298143    5.165410 v _318_/Y (sky130_fd_sc_hd__xnor2_2)
                                                         _252_ (net)
                      0.148191    0.000000    5.165410 v _357_/A2 (sky130_fd_sc_hd__a21bo_2)
     1    0.008219    0.087352    0.444468    5.609879 v _357_/X (sky130_fd_sc_hd__a21bo_2)
                                                         _013_ (net)
                      0.087352    0.000000    5.609879 v _358_/B (sky130_fd_sc_hd__xnor2_2)
     2    0.013136    0.342624    0.324763    5.934641 ^ _358_/Y (sky130_fd_sc_hd__xnor2_2)
                                                         _014_ (net)
                      0.342624    0.000000    5.934641 ^ _361_/B (sky130_fd_sc_hd__xor2_2)
     2    0.013065    0.318368    0.423178    6.357820 ^ _361_/X (sky130_fd_sc_hd__xor2_2)
                                                         _017_ (net)
                      0.318368    0.000000    6.357820 ^ _365_/B (sky130_fd_sc_hd__xnor2_2)
     2    0.009860    0.142757    0.235819    6.593639 v _365_/Y (sky130_fd_sc_hd__xnor2_2)
                                                         _021_ (net)
                      0.142757    0.000000    6.593639 v _569_/A (sky130_fd_sc_hd__xnor2_2)
     1    0.033442    0.709798    0.661946    7.255584 ^ _569_/Y (sky130_fd_sc_hd__xnor2_2)
                                                         P[5] (net)
                      0.709798    0.000000    7.255584 ^ P[5] (out)
                                              7.255584   data arrival time

                      0.000000   10.000000   10.000000   clock __VIRTUAL_CLK__ (rise edge)
                                  0.000000   10.000000   clock network delay (ideal)
                                 -0.250000    9.750000   clock uncertainty
                                  0.000000    9.750000   clock reconvergence pessimism
                                 -2.000000    7.750000   output external delay
                                              7.750000   data required time
---------------------------------------------------------------------------------------------
                                              7.750000   data required time
                                             -7.255584   data arrival time
---------------------------------------------------------------------------------------------
                                              0.494416   slack (MET)


Startpoint: A[0] (input port clocked by __VIRTUAL_CLK__)
Endpoint: P[4] (output port clocked by __VIRTUAL_CLK__)
Path Group: __VIRTUAL_CLK__
Path Type: max

Fanout         Cap        Slew       Delay        Time   Description
---------------------------------------------------------------------------------------------
                      0.000000    0.000000    0.000000   clock __VIRTUAL_CLK__ (rise edge)
                                  0.000000    0.000000   clock network delay (ideal)
                                  2.000000    2.000000 v input external delay
    10    0.028371    0.124812    0.087097    2.087096 v A[0] (in)
                                                         A[0] (net)
                      0.124812    0.000000    2.087096 v _285_/B (sky130_fd_sc_hd__and2_2)
     3    0.036360    0.204385    0.570084    2.657181 v _285_/X (sky130_fd_sc_hd__and2_2)
                                                         P[0] (net)
                      0.204385    0.000000    2.657181 v _291_/A (sky130_fd_sc_hd__or4bb_2)
     2    0.008664    0.256354    1.595450    4.252630 v _291_/X (sky130_fd_sc_hd__or4bb_2)
                                                         _227_ (net)
                      0.256354    0.000000    4.252630 v _302_/A1 (sky130_fd_sc_hd__a21oi_2)
     2    0.013109    0.308334    0.401314    4.653944 ^ _302_/Y (sky130_fd_sc_hd__a21oi_2)
                                                         _237_ (net)
                      0.308334    0.000000    4.653944 ^ _303_/B (sky130_fd_sc_hd__nand2_2)
     2    0.009635    0.118648    0.213323    4.867267 v _303_/Y (sky130_fd_sc_hd__nand2_2)
                                                         _238_ (net)
                      0.118648    0.000000    4.867267 v _318_/A (sky130_fd_sc_hd__xnor2_2)
     2    0.010970    0.303421    0.350398    5.217666 ^ _318_/Y (sky130_fd_sc_hd__xnor2_2)
                                                         _252_ (net)
                      0.303421    0.000000    5.217666 ^ _319_/B (sky130_fd_sc_hd__xnor2_2)
     2    0.009299    0.273169    0.305797    5.523462 ^ _319_/Y (sky130_fd_sc_hd__xnor2_2)
                                                         _253_ (net)
                      0.273169    0.000000    5.523462 ^ _321_/B (sky130_fd_sc_hd__nand2_2)
     2    0.003773    0.073705    0.161883    5.685345 v _321_/Y (sky130_fd_sc_hd__nand2_2)
                                                         _255_ (net)
                      0.073705    0.000000    5.685345 v _322_/B (sky130_fd_sc_hd__and2b_2)
     1    0.008219    0.096592    0.436118    6.121463 v _322_/X (sky130_fd_sc_hd__and2b_2)
                                                         _256_ (net)
                      0.096592    0.000000    6.121463 v _323_/B (sky130_fd_sc_hd__xnor2_2)
     1    0.033442    0.709790    0.600895    6.722358 ^ _323_/Y (sky130_fd_sc_hd__xnor2_2)
                                                         P[4] (net)
                      0.709790    0.000000    6.722358 ^ P[4] (out)
                                              6.722358   data arrival time

                      0.000000   10.000000   10.000000   clock __VIRTUAL_CLK__ (rise edge)
                                  0.000000   10.000000   clock network delay (ideal)
                                 -0.250000    9.750000   clock uncertainty
                                  0.000000    9.750000   clock reconvergence pessimism
                                 -2.000000    7.750000   output external delay
                                              7.750000   data required time
---------------------------------------------------------------------------------------------
                                              7.750000   data required time
                                             -6.722358   data arrival time
---------------------------------------------------------------------------------------------
                                              1.027642   slack (MET)


Startpoint: A[0] (input port clocked by __VIRTUAL_CLK__)
Endpoint: P[3] (output port clocked by __VIRTUAL_CLK__)
Path Group: __VIRTUAL_CLK__
Path Type: max

Fanout         Cap        Slew       Delay        Time   Description
---------------------------------------------------------------------------------------------
                      0.000000    0.000000    0.000000   clock __VIRTUAL_CLK__ (rise edge)
                                  0.000000    0.000000   clock network delay (ideal)
                                  2.000000    2.000000 v input external delay
    10    0.028371    0.124812    0.087097    2.087096 v A[0] (in)
                                                         A[0] (net)
                      0.124812    0.000000    2.087096 v _285_/B (sky130_fd_sc_hd__and2_2)
     3    0.036360    0.204385    0.570084    2.657181 v _285_/X (sky130_fd_sc_hd__and2_2)
                                                         P[0] (net)
                      0.204385    0.000000    2.657181 v _291_/A (sky130_fd_sc_hd__or4bb_2)
     2    0.008664    0.256354    1.595450    4.252630 v _291_/X (sky130_fd_sc_hd__or4bb_2)
                                                         _227_ (net)
                      0.256354    0.000000    4.252630 v _302_/A1 (sky130_fd_sc_hd__a21oi_2)
     2    0.013109    0.308334    0.401314    4.653944 ^ _302_/Y (sky130_fd_sc_hd__a21oi_2)
                                                         _237_ (net)
                      0.308334    0.000000    4.653944 ^ _304_/B (sky130_fd_sc_hd__xnor2_2)
     3    0.007030    0.119125    0.211034    4.864978 v _304_/Y (sky130_fd_sc_hd__xnor2_2)
                                                         _239_ (net)
                      0.119125    0.000000    4.864978 v _306_/B (sky130_fd_sc_hd__and2_2)
     1    0.004181    0.078374    0.424874    5.289853 v _306_/X (sky130_fd_sc_hd__and2_2)
                                                         _241_ (net)
                      0.078374    0.000000    5.289853 v _307_/B (sky130_fd_sc_hd__nor2_2)
     1    0.033442    0.607792    0.502606    5.792459 ^ _307_/Y (sky130_fd_sc_hd__nor2_2)
                                                         P[3] (net)
                      0.607792    0.000000    5.792459 ^ P[3] (out)
                                              5.792459   data arrival time

                      0.000000   10.000000   10.000000   clock __VIRTUAL_CLK__ (rise edge)
                                  0.000000   10.000000   clock network delay (ideal)
                                 -0.250000    9.750000   clock uncertainty
                                  0.000000    9.750000   clock reconvergence pessimism
                                 -2.000000    7.750000   output external delay
                                              7.750000   data required time
---------------------------------------------------------------------------------------------
                                              7.750000   data required time
                                             -5.792459   data arrival time
---------------------------------------------------------------------------------------------
                                              1.957541   slack (MET)


Startpoint: A[0] (input port clocked by __VIRTUAL_CLK__)
Endpoint: P[2] (output port clocked by __VIRTUAL_CLK__)
Path Group: __VIRTUAL_CLK__
Path Type: max

Fanout         Cap        Slew       Delay        Time   Description
---------------------------------------------------------------------------------------------
                      0.000000    0.000000    0.000000   clock __VIRTUAL_CLK__ (rise edge)
                                  0.000000    0.000000   clock network delay (ideal)
                                  2.000000    2.000000 v input external delay
    10    0.028371    0.124812    0.087097    2.087096 v A[0] (in)
                                                         A[0] (net)
                      0.124812    0.000000    2.087096 v _285_/B (sky130_fd_sc_hd__and2_2)
     3    0.036360    0.204385    0.570084    2.657181 v _285_/X (sky130_fd_sc_hd__and2_2)
                                                         P[0] (net)
                      0.204385    0.000000    2.657181 v _291_/A (sky130_fd_sc_hd__or4bb_2)
     2    0.008664    0.256354    1.595450    4.252630 v _291_/X (sky130_fd_sc_hd__or4bb_2)
                                                         _227_ (net)
                      0.256354    0.000000    4.252630 v _293_/A (sky130_fd_sc_hd__nand2_2)
     2    0.009959    0.123752    0.202297    4.454927 ^ _293_/Y (sky130_fd_sc_hd__nand2_2)
                                                         _229_ (net)
                      0.123752    0.000000    4.454927 ^ _295_/B (sky130_fd_sc_hd__xor2_2)
     1    0.033442    0.668272    0.612334    5.067261 ^ _295_/X (sky130_fd_sc_hd__xor2_2)
                                                         P[2] (net)
                      0.668272    0.000000    5.067261 ^ P[2] (out)
                                              5.067261   data arrival time

                      0.000000   10.000000   10.000000   clock __VIRTUAL_CLK__ (rise edge)
                                  0.000000   10.000000   clock network delay (ideal)
                                 -0.250000    9.750000   clock uncertainty
                                  0.000000    9.750000   clock reconvergence pessimism
                                 -2.000000    7.750000   output external delay
                                              7.750000   data required time
---------------------------------------------------------------------------------------------
                                              7.750000   data required time
                                             -5.067261   data arrival time
---------------------------------------------------------------------------------------------
                                              2.682739   slack (MET)


Startpoint: A[1] (input port clocked by __VIRTUAL_CLK__)
Endpoint: P[1] (output port clocked by __VIRTUAL_CLK__)
Path Group: __VIRTUAL_CLK__
Path Type: max

Fanout         Cap        Slew       Delay        Time   Description
---------------------------------------------------------------------------------------------
                      0.000000    0.000000    0.000000   clock __VIRTUAL_CLK__ (rise edge)
                                  0.000000    0.000000   clock network delay (ideal)
                                  2.000000    2.000000 ^ input external delay
    11    0.032115    0.237282    0.161756    2.161756 ^ A[1] (in)
                                                         A[1] (net)
                      0.237282    0.000000    2.161756 ^ _287_/C (sky130_fd_sc_hd__and4_2)
     3    0.007440    0.139620    0.555150    2.716905 ^ _287_/X (sky130_fd_sc_hd__and4_2)
                                                         _224_ (net)
                      0.139620    0.000000    2.716905 ^ _288_/A_N (sky130_fd_sc_hd__and3b_2)
     1    0.033442    0.200194    0.590985    3.307890 v _288_/X (sky130_fd_sc_hd__and3b_2)
                                                         P[1] (net)
                      0.200194    0.000000    3.307890 v P[1] (out)
                                              3.307890   data arrival time

                      0.000000   10.000000   10.000000   clock __VIRTUAL_CLK__ (rise edge)
                                  0.000000   10.000000   clock network delay (ideal)
                                 -0.250000    9.750000   clock uncertainty
                                  0.000000    9.750000   clock reconvergence pessimism
                                 -2.000000    7.750000   output external delay
                                              7.750000   data required time
---------------------------------------------------------------------------------------------
                                              7.750000   data required time
                                             -3.307890   data arrival time
---------------------------------------------------------------------------------------------
                                              4.442110   slack (MET)


Startpoint: A[0] (input port clocked by __VIRTUAL_CLK__)
Endpoint: P[0] (output port clocked by __VIRTUAL_CLK__)
Path Group: __VIRTUAL_CLK__
Path Type: max

Fanout         Cap        Slew       Delay        Time   Description
---------------------------------------------------------------------------------------------
                      0.000000    0.000000    0.000000   clock __VIRTUAL_CLK__ (rise edge)
                                  0.000000    0.000000   clock network delay (ideal)
                                  2.000000    2.000000 ^ input external delay
    10    0.029943    0.222066    0.151025    2.151025 ^ A[0] (in)
                                                         A[0] (net)
                      0.222066    0.000000    2.151025 ^ _285_/B (sky130_fd_sc_hd__and2_2)
     3    0.036617    0.319055    0.526601    2.677626 ^ _285_/X (sky130_fd_sc_hd__and2_2)
                                                         P[0] (net)
                      0.319055    0.000000    2.677626 ^ P[0] (out)
                                              2.677626   data arrival time

                      0.000000   10.000000   10.000000   clock __VIRTUAL_CLK__ (rise edge)
                                  0.000000   10.000000   clock network delay (ideal)
                                 -0.250000    9.750000   clock uncertainty
                                  0.000000    9.750000   clock reconvergence pessimism
                                 -2.000000    7.750000   output external delay
                                              7.750000   data required time
---------------------------------------------------------------------------------------------
                                              7.750000   data required time
                                             -2.677626   data arrival time
---------------------------------------------------------------------------------------------
                                              5.072374   slack (MET)



