
===========================================================================
report_checks -path_delay max (Setup)
============================================================================
======================= nom_ss_100C_1v60 Corner ===================================

Startpoint: B[7] (input port clocked by __VIRTUAL_CLK__)
Endpoint: P[14] (output port clocked by __VIRTUAL_CLK__)
Path Group: __VIRTUAL_CLK__
Path Type: max

Fanout         Cap        Slew       Delay        Time   Description
---------------------------------------------------------------------------------------------
                      0.000000    0.000000    0.000000   clock __VIRTUAL_CLK__ (rise edge)
                                  0.000000    0.000000   clock network delay (ideal)
                                  2.000000    2.000000 ^ input external delay
     1    0.003280    0.035443    0.018331    2.018331 ^ B[7] (in)
                                                         B[7] (net)
                      0.035443    0.000000    2.018331 ^ input16/A (sky130_fd_sc_hd__buf_1)
     4    0.016995    0.328252    0.318842    2.337173 ^ input16/X (sky130_fd_sc_hd__buf_1)
                                                         net16 (net)
                      0.328254    0.000717    2.337890 ^ fanout43/A (sky130_fd_sc_hd__buf_2)
    10    0.037521    0.297294    0.472362    2.810252 ^ fanout43/X (sky130_fd_sc_hd__buf_2)
                                                         net43 (net)
                      0.297311    0.002458    2.812710 ^ _487_/D (sky130_fd_sc_hd__nand4_1)
     3    0.010330    0.371956    0.457332    3.270042 v _487_/Y (sky130_fd_sc_hd__nand4_1)
                                                         _110_ (net)
                      0.371956    0.000270    3.270312 v _489_/B (sky130_fd_sc_hd__and3_1)
     3    0.007814    0.111376    0.528442    3.798754 v _489_/X (sky130_fd_sc_hd__and3_1)
                                                         _112_ (net)
                      0.111376    0.000107    3.798861 v _490_/B (sky130_fd_sc_hd__or2_1)
     2    0.004508    0.113340    0.496290    4.295151 v _490_/X (sky130_fd_sc_hd__or2_1)
                                                         _113_ (net)
                      0.113340    0.000102    4.295253 v _491_/B1_N (sky130_fd_sc_hd__o21ba_1)
     3    0.010325    0.177829    0.522811    4.818064 ^ _491_/X (sky130_fd_sc_hd__o21ba_1)
                                                         _114_ (net)
                      0.177829    0.000238    4.818302 ^ _493_/A_N (sky130_fd_sc_hd__nand2b_4)
     3    0.020041    0.127724    0.316116    5.134417 ^ _493_/Y (sky130_fd_sc_hd__nand2b_4)
                                                         _116_ (net)
                      0.127728    0.000871    5.135288 ^ _496_/A (sky130_fd_sc_hd__xor2_2)
     2    0.007427    0.214073    0.271950    5.407238 ^ _496_/X (sky130_fd_sc_hd__xor2_2)
                                                         _119_ (net)
                      0.214073    0.000189    5.407427 ^ _528_/B1 (sky130_fd_sc_hd__o221a_4)
     2    0.014655    0.120384    0.476654    5.884081 ^ _528_/X (sky130_fd_sc_hd__o221a_4)
                                                         _150_ (net)
                      0.120384    0.000590    5.884671 ^ _533_/A (sky130_fd_sc_hd__xor2_2)
     2    0.014757    0.335593    0.363268    6.247939 ^ _533_/X (sky130_fd_sc_hd__xor2_2)
                                                         _155_ (net)
                      0.335593    0.000927    6.248866 ^ _544_/A (sky130_fd_sc_hd__xor2_1)
     2    0.004884    0.241958    0.369121    6.617987 ^ _544_/X (sky130_fd_sc_hd__xor2_1)
                                                         _166_ (net)
                      0.241958    0.000080    6.618067 ^ _546_/B (sky130_fd_sc_hd__or2_1)
     1    0.005254    0.098347    0.259951    6.878018 ^ _546_/X (sky130_fd_sc_hd__or2_1)
                                                         _168_ (net)
                      0.098347    0.000163    6.878181 ^ _547_/B (sky130_fd_sc_hd__nand2_2)
     2    0.011821    0.126457    0.155403    7.033584 v _547_/Y (sky130_fd_sc_hd__nand2_2)
                                                         _169_ (net)
                      0.126457    0.000426    7.034009 v _550_/A (sky130_fd_sc_hd__xor2_2)
     2    0.010757    0.176890    0.362659    7.396668 v _550_/X (sky130_fd_sc_hd__xor2_2)
                                                         _172_ (net)
                      0.176890    0.000465    7.397134 v _551_/B1 (sky130_fd_sc_hd__a311o_4)
     3    0.017613    0.125611    0.762544    8.159678 v _551_/X (sky130_fd_sc_hd__a311o_4)
                                                         _173_ (net)
                      0.125615    0.000891    8.160568 v _599_/A1 (sky130_fd_sc_hd__a31oi_4)
     3    0.015950    0.288481    0.318535    8.479104 ^ _599_/Y (sky130_fd_sc_hd__a31oi_4)
                                                         _219_ (net)
                      0.288482    0.000673    8.479777 ^ _616_/A1 (sky130_fd_sc_hd__o211a_4)
     3    0.014412    0.112524    0.453671    8.933448 ^ _616_/X (sky130_fd_sc_hd__o211a_4)
                                                         _236_ (net)
                      0.112526    0.000671    8.934119 ^ _625_/A (sky130_fd_sc_hd__xor2_1)
     1    0.005345    0.254597    0.301242    9.235361 ^ _625_/X (sky130_fd_sc_hd__xor2_1)
                                                         net22 (net)
                      0.254597    0.000163    9.235524 ^ output22/A (sky130_fd_sc_hd__buf_6)
     1    0.034426    0.124017    0.303588    9.539113 ^ output22/X (sky130_fd_sc_hd__buf_6)
                                                         P[14] (net)
                      0.124020    0.000792    9.539906 ^ P[14] (out)
                                              9.539906   data arrival time

                      0.000000   10.000000   10.000000   clock __VIRTUAL_CLK__ (rise edge)
                                  0.000000   10.000000   clock network delay (ideal)
                                 -0.250000    9.750000   clock uncertainty
                                  0.000000    9.750000   clock reconvergence pessimism
                                 -2.000000    7.750000   output external delay
                                              7.750000   data required time
---------------------------------------------------------------------------------------------
                                              7.750000   data required time
                                             -9.539906   data arrival time
---------------------------------------------------------------------------------------------
                                             -1.789905   slack (VIOLATED)


Startpoint: B[7] (input port clocked by __VIRTUAL_CLK__)
Endpoint: P[15] (output port clocked by __VIRTUAL_CLK__)
Path Group: __VIRTUAL_CLK__
Path Type: max

Fanout         Cap        Slew       Delay        Time   Description
---------------------------------------------------------------------------------------------
                      0.000000    0.000000    0.000000   clock __VIRTUAL_CLK__ (rise edge)
                                  0.000000    0.000000   clock network delay (ideal)
                                  2.000000    2.000000 ^ input external delay
     1    0.003280    0.035443    0.018331    2.018331 ^ B[7] (in)
                                                         B[7] (net)
                      0.035443    0.000000    2.018331 ^ input16/A (sky130_fd_sc_hd__buf_1)
     4    0.016995    0.328252    0.318842    2.337173 ^ input16/X (sky130_fd_sc_hd__buf_1)
                                                         net16 (net)
                      0.328254    0.000717    2.337890 ^ fanout43/A (sky130_fd_sc_hd__buf_2)
    10    0.037521    0.297294    0.472362    2.810252 ^ fanout43/X (sky130_fd_sc_hd__buf_2)
                                                         net43 (net)
                      0.297311    0.002458    2.812710 ^ _487_/D (sky130_fd_sc_hd__nand4_1)
     3    0.010330    0.371956    0.457332    3.270042 v _487_/Y (sky130_fd_sc_hd__nand4_1)
                                                         _110_ (net)
                      0.371956    0.000270    3.270312 v _489_/B (sky130_fd_sc_hd__and3_1)
     3    0.007814    0.111376    0.528442    3.798754 v _489_/X (sky130_fd_sc_hd__and3_1)
                                                         _112_ (net)
                      0.111376    0.000107    3.798861 v _490_/B (sky130_fd_sc_hd__or2_1)
     2    0.004508    0.113340    0.496290    4.295151 v _490_/X (sky130_fd_sc_hd__or2_1)
                                                         _113_ (net)
                      0.113340    0.000102    4.295253 v _491_/B1_N (sky130_fd_sc_hd__o21ba_1)
     3    0.010325    0.177829    0.522811    4.818064 ^ _491_/X (sky130_fd_sc_hd__o21ba_1)
                                                         _114_ (net)
                      0.177829    0.000238    4.818302 ^ _493_/A_N (sky130_fd_sc_hd__nand2b_4)
     3    0.020041    0.127724    0.316116    5.134417 ^ _493_/Y (sky130_fd_sc_hd__nand2b_4)
                                                         _116_ (net)
                      0.127728    0.000871    5.135288 ^ _496_/A (sky130_fd_sc_hd__xor2_2)
     2    0.007427    0.214073    0.271950    5.407238 ^ _496_/X (sky130_fd_sc_hd__xor2_2)
                                                         _119_ (net)
                      0.214073    0.000189    5.407427 ^ _528_/B1 (sky130_fd_sc_hd__o221a_4)
     2    0.014655    0.120384    0.476654    5.884081 ^ _528_/X (sky130_fd_sc_hd__o221a_4)
                                                         _150_ (net)
                      0.120384    0.000590    5.884671 ^ _533_/A (sky130_fd_sc_hd__xor2_2)
     2    0.014757    0.335593    0.363268    6.247939 ^ _533_/X (sky130_fd_sc_hd__xor2_2)
                                                         _155_ (net)
                      0.335593    0.000927    6.248866 ^ _544_/A (sky130_fd_sc_hd__xor2_1)
     2    0.004884    0.241958    0.369121    6.617987 ^ _544_/X (sky130_fd_sc_hd__xor2_1)
                                                         _166_ (net)
                      0.241958    0.000080    6.618067 ^ _546_/B (sky130_fd_sc_hd__or2_1)
     1    0.005254    0.098347    0.259951    6.878018 ^ _546_/X (sky130_fd_sc_hd__or2_1)
                                                         _168_ (net)
                      0.098347    0.000163    6.878181 ^ _547_/B (sky130_fd_sc_hd__nand2_2)
     2    0.011821    0.126457    0.155403    7.033584 v _547_/Y (sky130_fd_sc_hd__nand2_2)
                                                         _169_ (net)
                      0.126457    0.000426    7.034009 v _550_/A (sky130_fd_sc_hd__xor2_2)
     2    0.010757    0.176890    0.362659    7.396668 v _550_/X (sky130_fd_sc_hd__xor2_2)
                                                         _172_ (net)
                      0.176890    0.000465    7.397134 v _551_/B1 (sky130_fd_sc_hd__a311o_4)
     3    0.017613    0.125611    0.762544    8.159678 v _551_/X (sky130_fd_sc_hd__a311o_4)
                                                         _173_ (net)
                      0.125615    0.000891    8.160568 v _599_/A1 (sky130_fd_sc_hd__a31oi_4)
     3    0.015950    0.288481    0.318535    8.479104 ^ _599_/Y (sky130_fd_sc_hd__a31oi_4)
                                                         _219_ (net)
                      0.288482    0.000673    8.479777 ^ _616_/A1 (sky130_fd_sc_hd__o211a_4)
     3    0.014412    0.112524    0.453671    8.933448 ^ _616_/X (sky130_fd_sc_hd__o211a_4)
                                                         _236_ (net)
                      0.112526    0.000661    8.934109 ^ _628_/A2 (sky130_fd_sc_hd__a21bo_1)
     1    0.005557    0.096344    0.249304    9.183413 ^ _628_/X (sky130_fd_sc_hd__a21bo_1)
                                                         net23 (net)
                      0.096344    0.000176    9.183588 ^ output23/A (sky130_fd_sc_hd__buf_6)
     1    0.034439    0.123297    0.234983    9.418571 ^ output23/X (sky130_fd_sc_hd__buf_6)
                                                         P[15] (net)
                      0.123299    0.000796    9.419367 ^ P[15] (out)
                                              9.419367   data arrival time

                      0.000000   10.000000   10.000000   clock __VIRTUAL_CLK__ (rise edge)
                                  0.000000   10.000000   clock network delay (ideal)
                                 -0.250000    9.750000   clock uncertainty
                                  0.000000    9.750000   clock reconvergence pessimism
                                 -2.000000    7.750000   output external delay
                                              7.750000   data required time
---------------------------------------------------------------------------------------------
                                              7.750000   data required time
                                             -9.419367   data arrival time
---------------------------------------------------------------------------------------------
                                             -1.669367   slack (VIOLATED)


Startpoint: B[7] (input port clocked by __VIRTUAL_CLK__)
Endpoint: P[13] (output port clocked by __VIRTUAL_CLK__)
Path Group: __VIRTUAL_CLK__
Path Type: max

Fanout         Cap        Slew       Delay        Time   Description
---------------------------------------------------------------------------------------------
                      0.000000    0.000000    0.000000   clock __VIRTUAL_CLK__ (rise edge)
                                  0.000000    0.000000   clock network delay (ideal)
                                  2.000000    2.000000 ^ input external delay
     1    0.003280    0.035443    0.018331    2.018331 ^ B[7] (in)
                                                         B[7] (net)
                      0.035443    0.000000    2.018331 ^ input16/A (sky130_fd_sc_hd__buf_1)
     4    0.016995    0.328252    0.318842    2.337173 ^ input16/X (sky130_fd_sc_hd__buf_1)
                                                         net16 (net)
                      0.328254    0.000717    2.337890 ^ fanout43/A (sky130_fd_sc_hd__buf_2)
    10    0.037521    0.297294    0.472362    2.810252 ^ fanout43/X (sky130_fd_sc_hd__buf_2)
                                                         net43 (net)
                      0.297311    0.002458    2.812710 ^ _487_/D (sky130_fd_sc_hd__nand4_1)
     3    0.010330    0.371956    0.457332    3.270042 v _487_/Y (sky130_fd_sc_hd__nand4_1)
                                                         _110_ (net)
                      0.371956    0.000270    3.270312 v _489_/B (sky130_fd_sc_hd__and3_1)
     3    0.007814    0.111376    0.528442    3.798754 v _489_/X (sky130_fd_sc_hd__and3_1)
                                                         _112_ (net)
                      0.111376    0.000107    3.798861 v _490_/B (sky130_fd_sc_hd__or2_1)
     2    0.004508    0.113340    0.496290    4.295151 v _490_/X (sky130_fd_sc_hd__or2_1)
                                                         _113_ (net)
                      0.113340    0.000102    4.295253 v _491_/B1_N (sky130_fd_sc_hd__o21ba_1)
     3    0.010325    0.177829    0.522811    4.818064 ^ _491_/X (sky130_fd_sc_hd__o21ba_1)
                                                         _114_ (net)
                      0.177829    0.000238    4.818302 ^ _493_/A_N (sky130_fd_sc_hd__nand2b_4)
     3    0.020041    0.127724    0.316116    5.134417 ^ _493_/Y (sky130_fd_sc_hd__nand2b_4)
                                                         _116_ (net)
                      0.127728    0.000871    5.135288 ^ _496_/A (sky130_fd_sc_hd__xor2_2)
     2    0.007427    0.214073    0.271950    5.407238 ^ _496_/X (sky130_fd_sc_hd__xor2_2)
                                                         _119_ (net)
                      0.214073    0.000189    5.407427 ^ _528_/B1 (sky130_fd_sc_hd__o221a_4)
     2    0.014655    0.120384    0.476654    5.884081 ^ _528_/X (sky130_fd_sc_hd__o221a_4)
                                                         _150_ (net)
                      0.120384    0.000590    5.884671 ^ _533_/A (sky130_fd_sc_hd__xor2_2)
     2    0.014757    0.335593    0.363268    6.247939 ^ _533_/X (sky130_fd_sc_hd__xor2_2)
                                                         _155_ (net)
                      0.335593    0.000927    6.248866 ^ _544_/A (sky130_fd_sc_hd__xor2_1)
     2    0.004884    0.241958    0.369121    6.617987 ^ _544_/X (sky130_fd_sc_hd__xor2_1)
                                                         _166_ (net)
                      0.241958    0.000080    6.618067 ^ _546_/B (sky130_fd_sc_hd__or2_1)
     1    0.005254    0.098347    0.259951    6.878018 ^ _546_/X (sky130_fd_sc_hd__or2_1)
                                                         _168_ (net)
                      0.098347    0.000163    6.878181 ^ _547_/B (sky130_fd_sc_hd__nand2_2)
     2    0.011821    0.126457    0.155403    7.033584 v _547_/Y (sky130_fd_sc_hd__nand2_2)
                                                         _169_ (net)
                      0.126457    0.000426    7.034009 v _550_/A (sky130_fd_sc_hd__xor2_2)
     2    0.010757    0.176890    0.362659    7.396668 v _550_/X (sky130_fd_sc_hd__xor2_2)
                                                         _172_ (net)
                      0.176890    0.000465    7.397134 v _551_/B1 (sky130_fd_sc_hd__a311o_4)
     3    0.017613    0.125611    0.762544    8.159678 v _551_/X (sky130_fd_sc_hd__a311o_4)
                                                         _173_ (net)
                      0.125615    0.000891    8.160568 v _599_/A1 (sky130_fd_sc_hd__a31oi_4)
     3    0.015950    0.288481    0.318535    8.479104 ^ _599_/Y (sky130_fd_sc_hd__a31oi_4)
                                                         _219_ (net)
                      0.288482    0.000663    8.479767 ^ _615_/A2 (sky130_fd_sc_hd__a211oi_1)
     1    0.003508    0.129004    0.230527    8.710293 v _615_/Y (sky130_fd_sc_hd__a211oi_1)
                                                         _235_ (net)
                      0.129004    0.000113    8.710406 v _617_/A (sky130_fd_sc_hd__nor2_1)
     1    0.008716    0.290935    0.313454    9.023860 ^ _617_/Y (sky130_fd_sc_hd__nor2_1)
                                                         net21 (net)
                      0.290935    0.000358    9.024218 ^ output21/A (sky130_fd_sc_hd__buf_6)
     1    0.034743    0.125383    0.316851    9.341069 ^ output21/X (sky130_fd_sc_hd__buf_6)
                                                         P[13] (net)
                      0.125387    0.000877    9.341947 ^ P[13] (out)
                                              9.341947   data arrival time

                      0.000000   10.000000   10.000000   clock __VIRTUAL_CLK__ (rise edge)
                                  0.000000   10.000000   clock network delay (ideal)
                                 -0.250000    9.750000   clock uncertainty
                                  0.000000    9.750000   clock reconvergence pessimism
                                 -2.000000    7.750000   output external delay
                                              7.750000   data required time
---------------------------------------------------------------------------------------------
                                              7.750000   data required time
                                             -9.341947   data arrival time
---------------------------------------------------------------------------------------------
                                             -1.591946   slack (VIOLATED)


Startpoint: B[7] (input port clocked by __VIRTUAL_CLK__)
Endpoint: P[12] (output port clocked by __VIRTUAL_CLK__)
Path Group: __VIRTUAL_CLK__
Path Type: max

Fanout         Cap        Slew       Delay        Time   Description
---------------------------------------------------------------------------------------------
                      0.000000    0.000000    0.000000   clock __VIRTUAL_CLK__ (rise edge)
                                  0.000000    0.000000   clock network delay (ideal)
                                  2.000000    2.000000 ^ input external delay
     1    0.003280    0.035443    0.018331    2.018331 ^ B[7] (in)
                                                         B[7] (net)
                      0.035443    0.000000    2.018331 ^ input16/A (sky130_fd_sc_hd__buf_1)
     4    0.016995    0.328252    0.318842    2.337173 ^ input16/X (sky130_fd_sc_hd__buf_1)
                                                         net16 (net)
                      0.328254    0.000717    2.337890 ^ fanout43/A (sky130_fd_sc_hd__buf_2)
    10    0.037521    0.297294    0.472362    2.810252 ^ fanout43/X (sky130_fd_sc_hd__buf_2)
                                                         net43 (net)
                      0.297311    0.002458    2.812710 ^ _487_/D (sky130_fd_sc_hd__nand4_1)
     3    0.010330    0.371956    0.457332    3.270042 v _487_/Y (sky130_fd_sc_hd__nand4_1)
                                                         _110_ (net)
                      0.371956    0.000270    3.270312 v _489_/B (sky130_fd_sc_hd__and3_1)
     3    0.007814    0.111376    0.528442    3.798754 v _489_/X (sky130_fd_sc_hd__and3_1)
                                                         _112_ (net)
                      0.111376    0.000107    3.798861 v _490_/B (sky130_fd_sc_hd__or2_1)
     2    0.004508    0.113340    0.496290    4.295151 v _490_/X (sky130_fd_sc_hd__or2_1)
                                                         _113_ (net)
                      0.113340    0.000102    4.295253 v _491_/B1_N (sky130_fd_sc_hd__o21ba_1)
     3    0.010325    0.177829    0.522811    4.818064 ^ _491_/X (sky130_fd_sc_hd__o21ba_1)
                                                         _114_ (net)
                      0.177829    0.000238    4.818302 ^ _493_/A_N (sky130_fd_sc_hd__nand2b_4)
     3    0.020041    0.127724    0.316116    5.134417 ^ _493_/Y (sky130_fd_sc_hd__nand2b_4)
                                                         _116_ (net)
                      0.127728    0.000871    5.135288 ^ _496_/A (sky130_fd_sc_hd__xor2_2)
     2    0.007427    0.214073    0.271950    5.407238 ^ _496_/X (sky130_fd_sc_hd__xor2_2)
                                                         _119_ (net)
                      0.214073    0.000189    5.407427 ^ _528_/B1 (sky130_fd_sc_hd__o221a_4)
     2    0.014655    0.120384    0.476654    5.884081 ^ _528_/X (sky130_fd_sc_hd__o221a_4)
                                                         _150_ (net)
                      0.120384    0.000590    5.884671 ^ _533_/A (sky130_fd_sc_hd__xor2_2)
     2    0.014757    0.335593    0.363268    6.247939 ^ _533_/X (sky130_fd_sc_hd__xor2_2)
                                                         _155_ (net)
                      0.335593    0.000927    6.248866 ^ _544_/A (sky130_fd_sc_hd__xor2_1)
     2    0.004884    0.241958    0.369121    6.617987 ^ _544_/X (sky130_fd_sc_hd__xor2_1)
                                                         _166_ (net)
                      0.241958    0.000080    6.618067 ^ _546_/B (sky130_fd_sc_hd__or2_1)
     1    0.005254    0.098347    0.259951    6.878018 ^ _546_/X (sky130_fd_sc_hd__or2_1)
                                                         _168_ (net)
                      0.098347    0.000163    6.878181 ^ _547_/B (sky130_fd_sc_hd__nand2_2)
     2    0.011821    0.126457    0.155403    7.033584 v _547_/Y (sky130_fd_sc_hd__nand2_2)
                                                         _169_ (net)
                      0.126457    0.000426    7.034009 v _550_/A (sky130_fd_sc_hd__xor2_2)
     2    0.010757    0.176890    0.362659    7.396668 v _550_/X (sky130_fd_sc_hd__xor2_2)
                                                         _172_ (net)
                      0.176890    0.000465    7.397134 v _551_/B1 (sky130_fd_sc_hd__a311o_4)
     3    0.017613    0.125611    0.762544    8.159678 v _551_/X (sky130_fd_sc_hd__a311o_4)
                                                         _173_ (net)
                      0.125615    0.000891    8.160568 v _599_/A1 (sky130_fd_sc_hd__a31oi_4)
     3    0.015950    0.288481    0.318535    8.479104 ^ _599_/Y (sky130_fd_sc_hd__a31oi_4)
                                                         _219_ (net)
                      0.288482    0.000607    8.479711 ^ _600_/B (sky130_fd_sc_hd__xnor2_1)
     1    0.011749    0.476550    0.373420    8.853131 ^ _600_/Y (sky130_fd_sc_hd__xnor2_1)
                                                         net20 (net)
                      0.476551    0.000507    8.853638 ^ output20/A (sky130_fd_sc_hd__buf_6)
     1    0.033916    0.125185    0.379702    9.233339 ^ output20/X (sky130_fd_sc_hd__buf_6)
                                                         P[12] (net)
                      0.125185    0.000622    9.233961 ^ P[12] (out)
                                              9.233961   data arrival time

                      0.000000   10.000000   10.000000   clock __VIRTUAL_CLK__ (rise edge)
                                  0.000000   10.000000   clock network delay (ideal)
                                 -0.250000    9.750000   clock uncertainty
                                  0.000000    9.750000   clock reconvergence pessimism
                                 -2.000000    7.750000   output external delay
                                              7.750000   data required time
---------------------------------------------------------------------------------------------
                                              7.750000   data required time
                                             -9.233961   data arrival time
---------------------------------------------------------------------------------------------
                                             -1.483961   slack (VIOLATED)


Startpoint: B[7] (input port clocked by __VIRTUAL_CLK__)
Endpoint: P[11] (output port clocked by __VIRTUAL_CLK__)
Path Group: __VIRTUAL_CLK__
Path Type: max

Fanout         Cap        Slew       Delay        Time   Description
---------------------------------------------------------------------------------------------
                      0.000000    0.000000    0.000000   clock __VIRTUAL_CLK__ (rise edge)
                                  0.000000    0.000000   clock network delay (ideal)
                                  2.000000    2.000000 ^ input external delay
     1    0.003280    0.035443    0.018331    2.018331 ^ B[7] (in)
                                                         B[7] (net)
                      0.035443    0.000000    2.018331 ^ input16/A (sky130_fd_sc_hd__buf_1)
     4    0.016995    0.328252    0.318842    2.337173 ^ input16/X (sky130_fd_sc_hd__buf_1)
                                                         net16 (net)
                      0.328254    0.000717    2.337890 ^ fanout43/A (sky130_fd_sc_hd__buf_2)
    10    0.037521    0.297294    0.472362    2.810252 ^ fanout43/X (sky130_fd_sc_hd__buf_2)
                                                         net43 (net)
                      0.297311    0.002458    2.812710 ^ _487_/D (sky130_fd_sc_hd__nand4_1)
     3    0.010330    0.371956    0.457332    3.270042 v _487_/Y (sky130_fd_sc_hd__nand4_1)
                                                         _110_ (net)
                      0.371956    0.000270    3.270312 v _489_/B (sky130_fd_sc_hd__and3_1)
     3    0.007814    0.111376    0.528442    3.798754 v _489_/X (sky130_fd_sc_hd__and3_1)
                                                         _112_ (net)
                      0.111376    0.000107    3.798861 v _490_/B (sky130_fd_sc_hd__or2_1)
     2    0.004508    0.113340    0.496290    4.295151 v _490_/X (sky130_fd_sc_hd__or2_1)
                                                         _113_ (net)
                      0.113340    0.000102    4.295253 v _491_/B1_N (sky130_fd_sc_hd__o21ba_1)
     3    0.010325    0.177829    0.522811    4.818064 ^ _491_/X (sky130_fd_sc_hd__o21ba_1)
                                                         _114_ (net)
                      0.177829    0.000238    4.818302 ^ _493_/A_N (sky130_fd_sc_hd__nand2b_4)
     3    0.020041    0.127724    0.316116    5.134417 ^ _493_/Y (sky130_fd_sc_hd__nand2b_4)
                                                         _116_ (net)
                      0.127728    0.000871    5.135288 ^ _496_/A (sky130_fd_sc_hd__xor2_2)
     2    0.007427    0.214073    0.271950    5.407238 ^ _496_/X (sky130_fd_sc_hd__xor2_2)
                                                         _119_ (net)
                      0.214073    0.000189    5.407427 ^ _528_/B1 (sky130_fd_sc_hd__o221a_4)
     2    0.014655    0.120384    0.476654    5.884081 ^ _528_/X (sky130_fd_sc_hd__o221a_4)
                                                         _150_ (net)
                      0.120384    0.000590    5.884671 ^ _533_/A (sky130_fd_sc_hd__xor2_2)
     2    0.014757    0.335593    0.363268    6.247939 ^ _533_/X (sky130_fd_sc_hd__xor2_2)
                                                         _155_ (net)
                      0.335593    0.000927    6.248866 ^ _544_/A (sky130_fd_sc_hd__xor2_1)
     2    0.004884    0.241958    0.369121    6.617987 ^ _544_/X (sky130_fd_sc_hd__xor2_1)
                                                         _166_ (net)
                      0.241958    0.000080    6.618067 ^ _546_/B (sky130_fd_sc_hd__or2_1)
     1    0.005254    0.098347    0.259951    6.878018 ^ _546_/X (sky130_fd_sc_hd__or2_1)
                                                         _168_ (net)
                      0.098347    0.000163    6.878181 ^ _547_/B (sky130_fd_sc_hd__nand2_2)
     2    0.011821    0.126457    0.155403    7.033584 v _547_/Y (sky130_fd_sc_hd__nand2_2)
                                                         _169_ (net)
                      0.126457    0.000426    7.034009 v _550_/A (sky130_fd_sc_hd__xor2_2)
     2    0.010757    0.176890    0.362659    7.396668 v _550_/X (sky130_fd_sc_hd__xor2_2)
                                                         _172_ (net)
                      0.176890    0.000465    7.397134 v _551_/B1 (sky130_fd_sc_hd__a311o_4)
     3    0.017613    0.125611    0.762544    8.159678 v _551_/X (sky130_fd_sc_hd__a311o_4)
                                                         _173_ (net)
                      0.125613    0.000781    8.160459 v _582_/B (sky130_fd_sc_hd__nand2_1)
     1    0.008869    0.153764    0.186974    8.347432 ^ _582_/Y (sky130_fd_sc_hd__nand2_1)
                                                         _203_ (net)
                      0.153764    0.000187    8.347620 ^ _583_/B (sky130_fd_sc_hd__xnor2_2)
     1    0.009525    0.267563    0.254930    8.602550 ^ _583_/Y (sky130_fd_sc_hd__xnor2_2)
                                                         net19 (net)
                      0.267563    0.000435    8.602985 ^ output19/A (sky130_fd_sc_hd__buf_6)
     1    0.033916    0.122664    0.307096    8.910081 ^ output19/X (sky130_fd_sc_hd__buf_6)
                                                         P[11] (net)
                      0.122665    0.000613    8.910694 ^ P[11] (out)
                                              8.910694   data arrival time

                      0.000000   10.000000   10.000000   clock __VIRTUAL_CLK__ (rise edge)
                                  0.000000   10.000000   clock network delay (ideal)
                                 -0.250000    9.750000   clock uncertainty
                                  0.000000    9.750000   clock reconvergence pessimism
                                 -2.000000    7.750000   output external delay
                                              7.750000   data required time
---------------------------------------------------------------------------------------------
                                              7.750000   data required time
                                             -8.910694   data arrival time
---------------------------------------------------------------------------------------------
                                             -1.160694   slack (VIOLATED)


Startpoint: B[1] (input port clocked by __VIRTUAL_CLK__)
Endpoint: P[10] (output port clocked by __VIRTUAL_CLK__)
Path Group: __VIRTUAL_CLK__
Path Type: max

Fanout         Cap        Slew       Delay        Time   Description
---------------------------------------------------------------------------------------------
                      0.000000    0.000000    0.000000   clock __VIRTUAL_CLK__ (rise edge)
                                  0.000000    0.000000   clock network delay (ideal)
                                  2.000000    2.000000 ^ input external delay
     1    0.002862    0.032662    0.016116    2.016116 ^ B[1] (in)
                                                         B[1] (net)
                      0.032662    0.000000    2.016116 ^ input10/A (sky130_fd_sc_hd__clkbuf_2)
     2    0.021274    0.189612    0.262133    2.278250 ^ input10/X (sky130_fd_sc_hd__clkbuf_2)
                                                         net10 (net)
                      0.189612    0.000471    2.278720 ^ fanout50/A (sky130_fd_sc_hd__buf_6)
     5    0.019810    0.082517    0.243569    2.522289 ^ fanout50/X (sky130_fd_sc_hd__buf_6)
                                                         net50 (net)
                      0.082518    0.000457    2.522746 ^ _322_/B (sky130_fd_sc_hd__and4_1)
     4    0.021709    0.355368    0.596900    3.119646 ^ _322_/X (sky130_fd_sc_hd__and4_1)
                                                         _257_ (net)
                      0.355368    0.000814    3.120459 ^ rebuffer7/A (sky130_fd_sc_hd__clkbuf_2)
     1    0.003537    0.055933    0.290888    3.411347 ^ rebuffer7/X (sky130_fd_sc_hd__clkbuf_2)
                                                         net59 (net)
                      0.055933    0.000109    3.411457 ^ _361_/B1 (sky130_fd_sc_hd__a21oi_1)
     1    0.003900    0.105393    0.070287    3.481744 v _361_/Y (sky130_fd_sc_hd__a21oi_1)
                                                         _294_ (net)
                      0.105393    0.000099    3.481843 v _362_/A (sky130_fd_sc_hd__or2_4)
     2    0.011890    0.098814    0.511870    3.993713 v _362_/X (sky130_fd_sc_hd__or2_4)
                                                         _295_ (net)
                      0.098814    0.000326    3.994039 v _364_/A (sky130_fd_sc_hd__xor2_2)
     2    0.014418    0.329871    0.380827    4.374866 ^ _364_/X (sky130_fd_sc_hd__xor2_2)
                                                         _297_ (net)
                      0.329871    0.000406    4.375272 ^ _366_/B (sky130_fd_sc_hd__xor2_2)
     2    0.007914    0.221963    0.353721    4.728993 ^ _366_/X (sky130_fd_sc_hd__xor2_2)
                                                         _299_ (net)
                      0.221963    0.000127    4.729119 ^ _368_/A1 (sky130_fd_sc_hd__a21oi_2)
     2    0.009364    0.112332    0.192809    4.921928 v _368_/Y (sky130_fd_sc_hd__a21oi_2)
                                                         _301_ (net)
                      0.112332    0.000274    4.922203 v _373_/B (sky130_fd_sc_hd__or2_4)
     1    0.001699    0.072455    0.431438    5.353641 v _373_/X (sky130_fd_sc_hd__or2_4)
                                                         _306_ (net)
                      0.072455    0.000033    5.353674 v _436_/A (sky130_fd_sc_hd__and3_1)
     2    0.012215    0.148382    0.372707    5.726381 v _436_/X (sky130_fd_sc_hd__and3_1)
                                                         _061_ (net)
                      0.148382    0.000393    5.726774 v _438_/A (sky130_fd_sc_hd__xnor2_2)
     2    0.011975    0.154695    0.321738    6.048512 v _438_/Y (sky130_fd_sc_hd__xnor2_2)
                                                         _063_ (net)
                      0.154695    0.000634    6.049146 v _439_/A (sky130_fd_sc_hd__and3_1)
     2    0.005986    0.096769    0.361080    6.410226 v _439_/X (sky130_fd_sc_hd__and3_1)
                                                         _064_ (net)
                      0.096769    0.000147    6.410372 v _478_/A1 (sky130_fd_sc_hd__o21a_1)
     2    0.007252    0.103802    0.387182    6.797554 v _478_/X (sky130_fd_sc_hd__o21a_1)
                                                         _102_ (net)
                      0.103802    0.000104    6.797658 v _481_/B (sky130_fd_sc_hd__or2_4)
     2    0.007692    0.089731    0.460838    7.258496 v _481_/X (sky130_fd_sc_hd__or2_4)
                                                         _105_ (net)
                      0.089731    0.000166    7.258662 v _483_/A_N (sky130_fd_sc_hd__nand2b_4)
     2    0.007911    0.075717    0.266411    7.525073 v _483_/Y (sky130_fd_sc_hd__nand2b_4)
                                                         _107_ (net)
                      0.075717    0.000193    7.525266 v _519_/B (sky130_fd_sc_hd__and2_1)
     2    0.012240    0.143312    0.394646    7.919912 v _519_/X (sky130_fd_sc_hd__and2_1)
                                                         _142_ (net)
                      0.143312    0.000294    7.920206 v _552_/A2 (sky130_fd_sc_hd__o211ai_1)
     1    0.001717    0.209775    0.264053    8.184258 ^ _552_/Y (sky130_fd_sc_hd__o211ai_1)
                                                         _174_ (net)
                      0.209775    0.000048    8.184307 ^ _553_/B (sky130_fd_sc_hd__and2_1)
     1    0.009589    0.172648    0.355490    8.539797 ^ _553_/X (sky130_fd_sc_hd__and2_1)
                                                         net18 (net)
                      0.172648    0.000508    8.540305 ^ output18/A (sky130_fd_sc_hd__buf_6)
     1    0.034036    0.122338    0.268893    8.809198 ^ output18/X (sky130_fd_sc_hd__buf_6)
                                                         P[10] (net)
                      0.122339    0.000646    8.809844 ^ P[10] (out)
                                              8.809844   data arrival time

                      0.000000   10.000000   10.000000   clock __VIRTUAL_CLK__ (rise edge)
                                  0.000000   10.000000   clock network delay (ideal)
                                 -0.250000    9.750000   clock uncertainty
                                  0.000000    9.750000   clock reconvergence pessimism
                                 -2.000000    7.750000   output external delay
                                              7.750000   data required time
---------------------------------------------------------------------------------------------
                                              7.750000   data required time
                                             -8.809844   data arrival time
---------------------------------------------------------------------------------------------
                                             -1.059844   slack (VIOLATED)


Startpoint: B[1] (input port clocked by __VIRTUAL_CLK__)
Endpoint: P[9] (output port clocked by __VIRTUAL_CLK__)
Path Group: __VIRTUAL_CLK__
Path Type: max

Fanout         Cap        Slew       Delay        Time   Description
---------------------------------------------------------------------------------------------
                      0.000000    0.000000    0.000000   clock __VIRTUAL_CLK__ (rise edge)
                                  0.000000    0.000000   clock network delay (ideal)
                                  2.000000    2.000000 ^ input external delay
     1    0.002862    0.032662    0.016116    2.016116 ^ B[1] (in)
                                                         B[1] (net)
                      0.032662    0.000000    2.016116 ^ input10/A (sky130_fd_sc_hd__clkbuf_2)
     2    0.021274    0.189612    0.262133    2.278250 ^ input10/X (sky130_fd_sc_hd__clkbuf_2)
                                                         net10 (net)
                      0.189612    0.000471    2.278720 ^ fanout50/A (sky130_fd_sc_hd__buf_6)
     5    0.019810    0.082517    0.243569    2.522289 ^ fanout50/X (sky130_fd_sc_hd__buf_6)
                                                         net50 (net)
                      0.082518    0.000457    2.522746 ^ _322_/B (sky130_fd_sc_hd__and4_1)
     4    0.021709    0.355368    0.596900    3.119646 ^ _322_/X (sky130_fd_sc_hd__and4_1)
                                                         _257_ (net)
                      0.355368    0.000814    3.120459 ^ rebuffer7/A (sky130_fd_sc_hd__clkbuf_2)
     1    0.003537    0.055933    0.290888    3.411347 ^ rebuffer7/X (sky130_fd_sc_hd__clkbuf_2)
                                                         net59 (net)
                      0.055933    0.000109    3.411457 ^ _361_/B1 (sky130_fd_sc_hd__a21oi_1)
     1    0.003900    0.105393    0.070287    3.481744 v _361_/Y (sky130_fd_sc_hd__a21oi_1)
                                                         _294_ (net)
                      0.105393    0.000099    3.481843 v _362_/A (sky130_fd_sc_hd__or2_4)
     2    0.011890    0.098814    0.511870    3.993713 v _362_/X (sky130_fd_sc_hd__or2_4)
                                                         _295_ (net)
                      0.098814    0.000326    3.994039 v _364_/A (sky130_fd_sc_hd__xor2_2)
     2    0.014418    0.329871    0.380827    4.374866 ^ _364_/X (sky130_fd_sc_hd__xor2_2)
                                                         _297_ (net)
                      0.329871    0.000406    4.375272 ^ _366_/B (sky130_fd_sc_hd__xor2_2)
     2    0.007914    0.221963    0.353721    4.728993 ^ _366_/X (sky130_fd_sc_hd__xor2_2)
                                                         _299_ (net)
                      0.221963    0.000127    4.729119 ^ _368_/A1 (sky130_fd_sc_hd__a21oi_2)
     2    0.009364    0.112332    0.192809    4.921928 v _368_/Y (sky130_fd_sc_hd__a21oi_2)
                                                         _301_ (net)
                      0.112332    0.000274    4.922203 v _373_/B (sky130_fd_sc_hd__or2_4)
     1    0.001699    0.072455    0.431438    5.353641 v _373_/X (sky130_fd_sc_hd__or2_4)
                                                         _306_ (net)
                      0.072455    0.000033    5.353674 v _436_/A (sky130_fd_sc_hd__and3_1)
     2    0.012215    0.148382    0.372707    5.726381 v _436_/X (sky130_fd_sc_hd__and3_1)
                                                         _061_ (net)
                      0.148382    0.000393    5.726774 v _438_/A (sky130_fd_sc_hd__xnor2_2)
     2    0.011975    0.154695    0.321738    6.048512 v _438_/Y (sky130_fd_sc_hd__xnor2_2)
                                                         _063_ (net)
                      0.154695    0.000634    6.049146 v _439_/A (sky130_fd_sc_hd__and3_1)
     2    0.005986    0.096769    0.361080    6.410226 v _439_/X (sky130_fd_sc_hd__and3_1)
                                                         _064_ (net)
                      0.096769    0.000147    6.410372 v _478_/A1 (sky130_fd_sc_hd__o21a_1)
     2    0.007252    0.103802    0.387182    6.797554 v _478_/X (sky130_fd_sc_hd__o21a_1)
                                                         _102_ (net)
                      0.103802    0.000104    6.797658 v _481_/B (sky130_fd_sc_hd__or2_4)
     2    0.007692    0.089731    0.460838    7.258496 v _481_/X (sky130_fd_sc_hd__or2_4)
                                                         _105_ (net)
                      0.089731    0.000166    7.258662 v _483_/A_N (sky130_fd_sc_hd__nand2b_4)
     2    0.007911    0.075717    0.266411    7.525073 v _483_/Y (sky130_fd_sc_hd__nand2b_4)
                                                         _107_ (net)
                      0.075717    0.000193    7.525266 v _519_/B (sky130_fd_sc_hd__and2_1)
     2    0.012240    0.143312    0.394646    7.919912 v _519_/X (sky130_fd_sc_hd__and2_1)
                                                         _142_ (net)
                      0.143312    0.000361    7.920273 v _520_/B (sky130_fd_sc_hd__xnor2_2)
     1    0.008451    0.249475    0.283601    8.203874 ^ _520_/Y (sky130_fd_sc_hd__xnor2_2)
                                                         net32 (net)
                      0.249475    0.000323    8.204197 ^ output32/A (sky130_fd_sc_hd__buf_6)
     1    0.034111    0.123024    0.301195    8.505391 ^ output32/X (sky130_fd_sc_hd__buf_6)
                                                         P[9] (net)
                      0.123026    0.000677    8.506068 ^ P[9] (out)
                                              8.506068   data arrival time

                      0.000000   10.000000   10.000000   clock __VIRTUAL_CLK__ (rise edge)
                                  0.000000   10.000000   clock network delay (ideal)
                                 -0.250000    9.750000   clock uncertainty
                                  0.000000    9.750000   clock reconvergence pessimism
                                 -2.000000    7.750000   output external delay
                                              7.750000   data required time
---------------------------------------------------------------------------------------------
                                              7.750000   data required time
                                             -8.506068   data arrival time
---------------------------------------------------------------------------------------------
                                             -0.756068   slack (VIOLATED)


Startpoint: B[1] (input port clocked by __VIRTUAL_CLK__)
Endpoint: P[8] (output port clocked by __VIRTUAL_CLK__)
Path Group: __VIRTUAL_CLK__
Path Type: max

Fanout         Cap        Slew       Delay        Time   Description
---------------------------------------------------------------------------------------------
                      0.000000    0.000000    0.000000   clock __VIRTUAL_CLK__ (rise edge)
                                  0.000000    0.000000   clock network delay (ideal)
                                  2.000000    2.000000 ^ input external delay
     1    0.002862    0.032662    0.016116    2.016116 ^ B[1] (in)
                                                         B[1] (net)
                      0.032662    0.000000    2.016116 ^ input10/A (sky130_fd_sc_hd__clkbuf_2)
     2    0.021274    0.189612    0.262133    2.278250 ^ input10/X (sky130_fd_sc_hd__clkbuf_2)
                                                         net10 (net)
                      0.189612    0.000471    2.278720 ^ fanout50/A (sky130_fd_sc_hd__buf_6)
     5    0.019810    0.082517    0.243569    2.522289 ^ fanout50/X (sky130_fd_sc_hd__buf_6)
                                                         net50 (net)
                      0.082518    0.000457    2.522746 ^ _322_/B (sky130_fd_sc_hd__and4_1)
     4    0.021709    0.355368    0.596900    3.119646 ^ _322_/X (sky130_fd_sc_hd__and4_1)
                                                         _257_ (net)
                      0.355368    0.000843    3.120489 ^ _360_/B (sky130_fd_sc_hd__and3_1)
     3    0.008365    0.161430    0.458826    3.579314 ^ _360_/X (sky130_fd_sc_hd__and3_1)
                                                         _293_ (net)
                      0.161430    0.000171    3.579486 ^ _362_/B (sky130_fd_sc_hd__or2_4)
     2    0.012692    0.086220    0.265355    3.844841 ^ _362_/X (sky130_fd_sc_hd__or2_4)
                                                         _295_ (net)
                      0.086220    0.000165    3.845006 ^ rebuffer26/A (sky130_fd_sc_hd__buf_1)
     1    0.002622    0.069489    0.155046    4.000051 ^ rebuffer26/X (sky130_fd_sc_hd__buf_1)
                                                         net78 (net)
                      0.069489    0.000051    4.000103 ^ _363_/B (sky130_fd_sc_hd__nor2_1)
     2    0.006076    0.098335    0.089738    4.089841 v _363_/Y (sky130_fd_sc_hd__nor2_1)
                                                         _296_ (net)
                      0.098335    0.000143    4.089984 v _371_/B (sky130_fd_sc_hd__or3_1)
     1    0.002515    0.131522    0.791698    4.881682 v _371_/X (sky130_fd_sc_hd__or3_1)
                                                         _304_ (net)
                      0.131522    0.000049    4.881732 v _372_/B (sky130_fd_sc_hd__nand2_1)
     2    0.008602    0.148535    0.187091    5.068823 ^ _372_/Y (sky130_fd_sc_hd__nand2_1)
                                                         _305_ (net)
                      0.148535    0.000248    5.069071 ^ _374_/B (sky130_fd_sc_hd__xor2_1)
     2    0.008056    0.332949    0.390003    5.459074 ^ _374_/X (sky130_fd_sc_hd__xor2_1)
                                                         _000_ (net)
                      0.332949    0.000185    5.459259 ^ _384_/A (sky130_fd_sc_hd__xor2_1)
     2    0.012314    0.458383    0.532942    5.992201 ^ _384_/X (sky130_fd_sc_hd__xor2_1)
                                                         _010_ (net)
                      0.458383    0.000500    5.992701 ^ _385_/B (sky130_fd_sc_hd__xor2_1)
     2    0.003969    0.155500    0.274487    6.267188 v _385_/X (sky130_fd_sc_hd__xor2_1)
                                                         _011_ (net)
                      0.155500    0.000104    6.267292 v _396_/A_N (sky130_fd_sc_hd__nand2b_1)
     2    0.005458    0.127004    0.366291    6.633583 v _396_/Y (sky130_fd_sc_hd__nand2b_1)
                                                         _022_ (net)
                      0.127004    0.000143    6.633727 v _443_/A1 (sky130_fd_sc_hd__a21o_1)
     2    0.012307    0.135673    0.384531    7.018257 v _443_/X (sky130_fd_sc_hd__a21o_1)
                                                         _068_ (net)
                      0.135673    0.000444    7.018701 v _482_/A1 (sky130_fd_sc_hd__a21bo_4)
     2    0.016659    0.087614    0.437482    7.456182 v _482_/X (sky130_fd_sc_hd__a21bo_4)
                                                         _106_ (net)
                      0.087617    0.000657    7.456840 v _484_/B (sky130_fd_sc_hd__xnor2_1)
     1    0.009923    0.416554    0.397212    7.854052 ^ _484_/Y (sky130_fd_sc_hd__xnor2_1)
                                                         net31 (net)
                      0.416555    0.000600    7.854652 ^ output31/A (sky130_fd_sc_hd__buf_4)
     1    0.034853    0.169766    0.431235    8.285887 ^ output31/X (sky130_fd_sc_hd__buf_4)
                                                         P[8] (net)
                      0.169767    0.000851    8.286737 ^ P[8] (out)
                                              8.286737   data arrival time

                      0.000000   10.000000   10.000000   clock __VIRTUAL_CLK__ (rise edge)
                                  0.000000   10.000000   clock network delay (ideal)
                                 -0.250000    9.750000   clock uncertainty
                                  0.000000    9.750000   clock reconvergence pessimism
                                 -2.000000    7.750000   output external delay
                                              7.750000   data required time
---------------------------------------------------------------------------------------------
                                              7.750000   data required time
                                             -8.286737   data arrival time
---------------------------------------------------------------------------------------------
                                             -0.536738   slack (VIOLATED)


Startpoint: B[1] (input port clocked by __VIRTUAL_CLK__)
Endpoint: P[7] (output port clocked by __VIRTUAL_CLK__)
Path Group: __VIRTUAL_CLK__
Path Type: max

Fanout         Cap        Slew       Delay        Time   Description
---------------------------------------------------------------------------------------------
                      0.000000    0.000000    0.000000   clock __VIRTUAL_CLK__ (rise edge)
                                  0.000000    0.000000   clock network delay (ideal)
                                  2.000000    2.000000 ^ input external delay
     1    0.002862    0.032662    0.016116    2.016116 ^ B[1] (in)
                                                         B[1] (net)
                      0.032662    0.000000    2.016116 ^ input10/A (sky130_fd_sc_hd__clkbuf_2)
     2    0.021274    0.189612    0.262133    2.278250 ^ input10/X (sky130_fd_sc_hd__clkbuf_2)
                                                         net10 (net)
                      0.189612    0.000471    2.278720 ^ fanout50/A (sky130_fd_sc_hd__buf_6)
     5    0.019810    0.082517    0.243569    2.522289 ^ fanout50/X (sky130_fd_sc_hd__buf_6)
                                                         net50 (net)
                      0.082518    0.000457    2.522746 ^ _322_/B (sky130_fd_sc_hd__and4_1)
     4    0.021709    0.355368    0.596900    3.119646 ^ _322_/X (sky130_fd_sc_hd__and4_1)
                                                         _257_ (net)
                      0.355368    0.000814    3.120459 ^ rebuffer7/A (sky130_fd_sc_hd__clkbuf_2)
     1    0.003537    0.055933    0.290888    3.411347 ^ rebuffer7/X (sky130_fd_sc_hd__clkbuf_2)
                                                         net59 (net)
                      0.055933    0.000109    3.411457 ^ _361_/B1 (sky130_fd_sc_hd__a21oi_1)
     1    0.003900    0.105393    0.070287    3.481744 v _361_/Y (sky130_fd_sc_hd__a21oi_1)
                                                         _294_ (net)
                      0.105393    0.000099    3.481843 v _362_/A (sky130_fd_sc_hd__or2_4)
     2    0.011890    0.098814    0.511870    3.993713 v _362_/X (sky130_fd_sc_hd__or2_4)
                                                         _295_ (net)
                      0.098814    0.000326    3.994039 v _364_/A (sky130_fd_sc_hd__xor2_2)
     2    0.014418    0.329871    0.380827    4.374866 ^ _364_/X (sky130_fd_sc_hd__xor2_2)
                                                         _297_ (net)
                      0.329871    0.000406    4.375272 ^ _366_/B (sky130_fd_sc_hd__xor2_2)
     2    0.007914    0.221963    0.353721    4.728993 ^ _366_/X (sky130_fd_sc_hd__xor2_2)
                                                         _299_ (net)
                      0.221963    0.000127    4.729119 ^ _368_/A1 (sky130_fd_sc_hd__a21oi_2)
     2    0.009364    0.112332    0.192809    4.921928 v _368_/Y (sky130_fd_sc_hd__a21oi_2)
                                                         _301_ (net)
                      0.112332    0.000274    4.922203 v _373_/B (sky130_fd_sc_hd__or2_4)
     1    0.001699    0.072455    0.431438    5.353641 v _373_/X (sky130_fd_sc_hd__or2_4)
                                                         _306_ (net)
                      0.072455    0.000033    5.353674 v _436_/A (sky130_fd_sc_hd__and3_1)
     2    0.012215    0.148382    0.372707    5.726381 v _436_/X (sky130_fd_sc_hd__and3_1)
                                                         _061_ (net)
                      0.148382    0.000393    5.726774 v _438_/A (sky130_fd_sc_hd__xnor2_2)
     2    0.012108    0.312478    0.378017    6.104792 ^ _438_/Y (sky130_fd_sc_hd__xnor2_2)
                                                         _063_ (net)
                      0.312478    0.000638    6.105429 ^ _440_/B (sky130_fd_sc_hd__xnor2_1)
     2    0.008042    0.354776    0.341724    6.447154 ^ _440_/Y (sky130_fd_sc_hd__xnor2_1)
                                                         _065_ (net)
                      0.354776    0.000234    6.447388 ^ _442_/B (sky130_fd_sc_hd__xor2_1)
     2    0.010693    0.410364    0.511754    6.959141 ^ _442_/X (sky130_fd_sc_hd__xor2_1)
                                                         _067_ (net)
                      0.410364    0.000263    6.959405 ^ _444_/A (sky130_fd_sc_hd__xor2_1)
     1    0.006890    0.298996    0.435053    7.394458 ^ _444_/X (sky130_fd_sc_hd__xor2_1)
                                                         net30 (net)
                      0.298996    0.000330    7.394789 ^ output30/A (sky130_fd_sc_hd__buf_2)
     1    0.034393    0.273725    0.445325    7.840114 ^ output30/X (sky130_fd_sc_hd__buf_2)
                                                         P[7] (net)
                      0.273725    0.000748    7.840861 ^ P[7] (out)
                                              7.840861   data arrival time

                      0.000000   10.000000   10.000000   clock __VIRTUAL_CLK__ (rise edge)
                                  0.000000   10.000000   clock network delay (ideal)
                                 -0.250000    9.750000   clock uncertainty
                                  0.000000    9.750000   clock reconvergence pessimism
                                 -2.000000    7.750000   output external delay
                                              7.750000   data required time
---------------------------------------------------------------------------------------------
                                              7.750000   data required time
                                             -7.840861   data arrival time
---------------------------------------------------------------------------------------------
                                             -0.090862   slack (VIOLATED)


Startpoint: B[1] (input port clocked by __VIRTUAL_CLK__)
Endpoint: P[6] (output port clocked by __VIRTUAL_CLK__)
Path Group: __VIRTUAL_CLK__
Path Type: max

Fanout         Cap        Slew       Delay        Time   Description
---------------------------------------------------------------------------------------------
                      0.000000    0.000000    0.000000   clock __VIRTUAL_CLK__ (rise edge)
                                  0.000000    0.000000   clock network delay (ideal)
                                  2.000000    2.000000 ^ input external delay
     1    0.002862    0.032662    0.016116    2.016116 ^ B[1] (in)
                                                         B[1] (net)
                      0.032662    0.000000    2.016116 ^ input10/A (sky130_fd_sc_hd__clkbuf_2)
     2    0.021274    0.189612    0.262133    2.278250 ^ input10/X (sky130_fd_sc_hd__clkbuf_2)
                                                         net10 (net)
                      0.189612    0.000471    2.278720 ^ fanout50/A (sky130_fd_sc_hd__buf_6)
     5    0.019810    0.082517    0.243569    2.522289 ^ fanout50/X (sky130_fd_sc_hd__buf_6)
                                                         net50 (net)
                      0.082518    0.000457    2.522746 ^ _322_/B (sky130_fd_sc_hd__and4_1)
     4    0.021709    0.355368    0.596900    3.119646 ^ _322_/X (sky130_fd_sc_hd__and4_1)
                                                         _257_ (net)
                      0.355368    0.000814    3.120459 ^ rebuffer7/A (sky130_fd_sc_hd__clkbuf_2)
     1    0.003537    0.055933    0.290888    3.411347 ^ rebuffer7/X (sky130_fd_sc_hd__clkbuf_2)
                                                         net59 (net)
                      0.055933    0.000109    3.411457 ^ _361_/B1 (sky130_fd_sc_hd__a21oi_1)
     1    0.003900    0.105393    0.070287    3.481744 v _361_/Y (sky130_fd_sc_hd__a21oi_1)
                                                         _294_ (net)
                      0.105393    0.000099    3.481843 v _362_/A (sky130_fd_sc_hd__or2_4)
     2    0.011890    0.098814    0.511870    3.993713 v _362_/X (sky130_fd_sc_hd__or2_4)
                                                         _295_ (net)
                      0.098814    0.000326    3.994039 v _364_/A (sky130_fd_sc_hd__xor2_2)
     2    0.013783    0.171845    0.364783    4.358822 v _364_/X (sky130_fd_sc_hd__xor2_2)
                                                         _297_ (net)
                      0.171845    0.000387    4.359209 v _366_/B (sky130_fd_sc_hd__xor2_2)
     2    0.007524    0.133315    0.317642    4.676851 v _366_/X (sky130_fd_sc_hd__xor2_2)
                                                         _299_ (net)
                      0.133315    0.000144    4.676995 v rebuffer12/A (sky130_fd_sc_hd__buf_1)
     1    0.002325    0.045943    0.185475    4.862470 v rebuffer12/X (sky130_fd_sc_hd__buf_1)
                                                         net64 (net)
                      0.045943    0.000044    4.862514 v rebuffer1/A (sky130_fd_sc_hd__clkbuf_2)
     1    0.009021    0.078969    0.199391    5.061906 v rebuffer1/X (sky130_fd_sc_hd__clkbuf_2)
                                                         net53 (net)
                      0.078969    0.000295    5.062201 v _389_/B (sky130_fd_sc_hd__xnor2_2)
     2    0.011513    0.151952    0.282662    5.344863 v _389_/Y (sky130_fd_sc_hd__xnor2_2)
                                                         _015_ (net)
                      0.151952    0.000248    5.345111 v rebuffer4/A (sky130_fd_sc_hd__dlymetal6s2s_1)
     1    0.002157    0.068967    0.309232    5.654344 v rebuffer4/X (sky130_fd_sc_hd__dlymetal6s2s_1)
                                                         net56 (net)
                      0.068967    0.000060    5.654404 v _390_/B (sky130_fd_sc_hd__and2_1)
     1    0.004775    0.084396    0.332096    5.986499 v _390_/X (sky130_fd_sc_hd__and2_1)
                                                         _016_ (net)
                      0.084396    0.000105    5.986605 v _394_/B1 (sky130_fd_sc_hd__a21oi_2)
     2    0.008346    0.218399    0.233481    6.220086 ^ _394_/Y (sky130_fd_sc_hd__a21oi_2)
                                                         _020_ (net)
                      0.218399    0.000218    6.220304 ^ _395_/A_N (sky130_fd_sc_hd__and2b_1)
     2    0.004203    0.077726    0.432193    6.652497 v _395_/X (sky130_fd_sc_hd__and2b_1)
                                                         _021_ (net)
                      0.077726    0.000100    6.652597 v _397_/A_N (sky130_fd_sc_hd__nand2b_1)
     1    0.005422    0.126482    0.327688    6.980285 v _397_/Y (sky130_fd_sc_hd__nand2b_1)
                                                         _023_ (net)
                      0.126482    0.000178    6.980463 v _401_/A (sky130_fd_sc_hd__xnor2_1)
     1    0.005784    0.281731    0.339734    7.320197 ^ _401_/Y (sky130_fd_sc_hd__xnor2_1)
                                                         net29 (net)
                      0.281731    0.000250    7.320446 ^ output29/A (sky130_fd_sc_hd__buf_2)
     1    0.034393    0.273644    0.438623    7.759070 ^ output29/X (sky130_fd_sc_hd__buf_2)
                                                         P[6] (net)
                      0.273644    0.000748    7.759818 ^ P[6] (out)
                                              7.759818   data arrival time

                      0.000000   10.000000   10.000000   clock __VIRTUAL_CLK__ (rise edge)
                                  0.000000   10.000000   clock network delay (ideal)
                                 -0.250000    9.750000   clock uncertainty
                                  0.000000    9.750000   clock reconvergence pessimism
                                 -2.000000    7.750000   output external delay
                                              7.750000   data required time
---------------------------------------------------------------------------------------------
                                              7.750000   data required time
                                             -7.759818   data arrival time
---------------------------------------------------------------------------------------------
                                             -0.009818   slack (VIOLATED)


Startpoint: B[1] (input port clocked by __VIRTUAL_CLK__)
Endpoint: P[5] (output port clocked by __VIRTUAL_CLK__)
Path Group: __VIRTUAL_CLK__
Path Type: max

Fanout         Cap        Slew       Delay        Time   Description
---------------------------------------------------------------------------------------------
                      0.000000    0.000000    0.000000   clock __VIRTUAL_CLK__ (rise edge)
                                  0.000000    0.000000   clock network delay (ideal)
                                  2.000000    2.000000 ^ input external delay
     1    0.002862    0.032662    0.016116    2.016116 ^ B[1] (in)
                                                         B[1] (net)
                      0.032662    0.000000    2.016116 ^ input10/A (sky130_fd_sc_hd__clkbuf_2)
     2    0.021274    0.189612    0.262133    2.278250 ^ input10/X (sky130_fd_sc_hd__clkbuf_2)
                                                         net10 (net)
                      0.189612    0.000471    2.278720 ^ fanout50/A (sky130_fd_sc_hd__buf_6)
     5    0.019810    0.082517    0.243569    2.522289 ^ fanout50/X (sky130_fd_sc_hd__buf_6)
                                                         net50 (net)
                      0.082518    0.000457    2.522746 ^ _322_/B (sky130_fd_sc_hd__and4_1)
     4    0.021709    0.355368    0.596900    3.119646 ^ _322_/X (sky130_fd_sc_hd__and4_1)
                                                         _257_ (net)
                      0.355368    0.000814    3.120459 ^ rebuffer7/A (sky130_fd_sc_hd__clkbuf_2)
     1    0.003537    0.055933    0.290888    3.411347 ^ rebuffer7/X (sky130_fd_sc_hd__clkbuf_2)
                                                         net59 (net)
                      0.055933    0.000109    3.411457 ^ _361_/B1 (sky130_fd_sc_hd__a21oi_1)
     1    0.003900    0.105393    0.070287    3.481744 v _361_/Y (sky130_fd_sc_hd__a21oi_1)
                                                         _294_ (net)
                      0.105393    0.000099    3.481843 v _362_/A (sky130_fd_sc_hd__or2_4)
     2    0.011890    0.098814    0.511870    3.993713 v _362_/X (sky130_fd_sc_hd__or2_4)
                                                         _295_ (net)
                      0.098814    0.000326    3.994039 v _364_/A (sky130_fd_sc_hd__xor2_2)
     2    0.014418    0.329871    0.380827    4.374866 ^ _364_/X (sky130_fd_sc_hd__xor2_2)
                                                         _297_ (net)
                      0.329871    0.000406    4.375272 ^ _366_/B (sky130_fd_sc_hd__xor2_2)
     2    0.007914    0.221963    0.353721    4.728993 ^ _366_/X (sky130_fd_sc_hd__xor2_2)
                                                         _299_ (net)
                      0.221963    0.000151    4.729144 ^ rebuffer12/A (sky130_fd_sc_hd__buf_1)
     1    0.002510    0.068784    0.209560    4.938704 ^ rebuffer12/X (sky130_fd_sc_hd__buf_1)
                                                         net64 (net)
                      0.068784    0.000048    4.938753 ^ rebuffer1/A (sky130_fd_sc_hd__clkbuf_2)
     1    0.009294    0.095745    0.207770    5.146523 ^ rebuffer1/X (sky130_fd_sc_hd__clkbuf_2)
                                                         net53 (net)
                      0.095745    0.000305    5.146828 ^ _389_/B (sky130_fd_sc_hd__xnor2_2)
     2    0.012301    0.315909    0.247531    5.394359 ^ _389_/Y (sky130_fd_sc_hd__xnor2_2)
                                                         _015_ (net)
                      0.315909    0.000407    5.394766 ^ _393_/A (sky130_fd_sc_hd__xor2_2)
     2    0.011398    0.279408    0.391098    5.785863 ^ _393_/X (sky130_fd_sc_hd__xor2_2)
                                                         _019_ (net)
                      0.279408    0.000287    5.786150 ^ _398_/A (sky130_fd_sc_hd__xnor2_1)
     2    0.004215    0.116695    0.229021    6.015171 v _398_/Y (sky130_fd_sc_hd__xnor2_1)
                                                         _024_ (net)
                      0.116695    0.000073    6.015244 v rebuffer5/A (sky130_fd_sc_hd__dlygate4sd1_1)
     1    0.005148    0.080311    0.517039    6.532283 v rebuffer5/X (sky130_fd_sc_hd__dlygate4sd1_1)
                                                         net57 (net)
                      0.080311    0.000161    6.532444 v _629_/A (sky130_fd_sc_hd__xnor2_1)
     1    0.005691    0.278751    0.317303    6.849748 ^ _629_/Y (sky130_fd_sc_hd__xnor2_1)
                                                         net28 (net)
                      0.278751    0.000207    6.849955 ^ output28/A (sky130_fd_sc_hd__buf_2)
     1    0.034393    0.273631    0.437466    7.287421 ^ output28/X (sky130_fd_sc_hd__buf_2)
                                                         P[5] (net)
                      0.273631    0.000748    7.288168 ^ P[5] (out)
                                              7.288168   data arrival time

                      0.000000   10.000000   10.000000   clock __VIRTUAL_CLK__ (rise edge)
                                  0.000000   10.000000   clock network delay (ideal)
                                 -0.250000    9.750000   clock uncertainty
                                  0.000000    9.750000   clock reconvergence pessimism
                                 -2.000000    7.750000   output external delay
                                              7.750000   data required time
---------------------------------------------------------------------------------------------
                                              7.750000   data required time
                                             -7.288168   data arrival time
---------------------------------------------------------------------------------------------
                                              0.461831   slack (MET)


Startpoint: A[0] (input port clocked by __VIRTUAL_CLK__)
Endpoint: P[4] (output port clocked by __VIRTUAL_CLK__)
Path Group: __VIRTUAL_CLK__
Path Type: max

Fanout         Cap        Slew       Delay        Time   Description
---------------------------------------------------------------------------------------------
                      0.000000    0.000000    0.000000   clock __VIRTUAL_CLK__ (rise edge)
                                  0.000000    0.000000   clock network delay (ideal)
                                  2.000000    2.000000 ^ input external delay
     1    0.002370    0.029418    0.013525    2.013525 ^ A[0] (in)
                                                         A[0] (net)
                      0.029418    0.000000    2.013525 ^ input1/A (sky130_fd_sc_hd__buf_2)
     5    0.025491    0.207102    0.277930    2.291455 ^ input1/X (sky130_fd_sc_hd__buf_2)
                                                         net1 (net)
                      0.207102    0.000657    2.292112 ^ fanout52/A (sky130_fd_sc_hd__buf_6)
     8    0.029066    0.107762    0.273539    2.565651 ^ fanout52/X (sky130_fd_sc_hd__buf_6)
                                                         net52 (net)
                      0.107778    0.001336    2.566988 ^ _325_/B1 (sky130_fd_sc_hd__o2111a_1)
     2    0.006075    0.136561    0.448739    3.015727 ^ _325_/X (sky130_fd_sc_hd__o2111a_1)
                                                         _260_ (net)
                      0.136561    0.000161    3.015888 ^ _326_/C (sky130_fd_sc_hd__and3_4)
     4    0.029377    0.189853    0.532680    3.548569 ^ _326_/X (sky130_fd_sc_hd__and3_4)
                                                         _261_ (net)
                      0.189853    0.000684    3.549253 ^ _336_/A (sky130_fd_sc_hd__xor2_2)
     2    0.013531    0.314991    0.376929    3.926182 ^ _336_/X (sky130_fd_sc_hd__xor2_2)
                                                         _270_ (net)
                      0.314991    0.000531    3.926713 ^ _341_/B (sky130_fd_sc_hd__xnor2_2)
     2    0.005042    0.100881    0.197308    4.124021 v _341_/Y (sky130_fd_sc_hd__xnor2_2)
                                                         _275_ (net)
                      0.100881    0.000131    4.124152 v rebuffer27/A (sky130_fd_sc_hd__dlymetal6s2s_1)
     1    0.008661    0.118682    0.337517    4.461669 v rebuffer27/X (sky130_fd_sc_hd__dlymetal6s2s_1)
                                                         net79 (net)
                      0.118682    0.000192    4.461861 v _343_/B (sky130_fd_sc_hd__xor2_2)
     2    0.007014    0.110391    0.293321    4.755183 v _343_/X (sky130_fd_sc_hd__xor2_2)
                                                         _277_ (net)
                      0.110391    0.000122    4.755304 v rebuffer25/A (sky130_fd_sc_hd__dlymetal6s2s_1)
     1    0.004766    0.089378    0.312730    5.068035 v rebuffer25/X (sky130_fd_sc_hd__dlymetal6s2s_1)
                                                         net77 (net)
                      0.089378    0.000140    5.068174 v _344_/B (sky130_fd_sc_hd__xnor2_1)
     2    0.007225    0.328465    0.330594    5.398768 ^ _344_/Y (sky130_fd_sc_hd__xnor2_1)
                                                         _278_ (net)
                      0.328465    0.000239    5.399008 ^ _346_/B (sky130_fd_sc_hd__nand2_1)
     2    0.006047    0.133760    0.236099    5.635106 v _346_/Y (sky130_fd_sc_hd__nand2_1)
                                                         _280_ (net)
                      0.133760    0.000132    5.635238 v _347_/B (sky130_fd_sc_hd__and2b_1)
     1    0.005214    0.085700    0.370432    6.005670 v _347_/X (sky130_fd_sc_hd__and2b_1)
                                                         _281_ (net)
                      0.085700    0.000158    6.005827 v _348_/B (sky130_fd_sc_hd__xnor2_1)
     1    0.006625    0.308928    0.313926    6.319753 ^ _348_/Y (sky130_fd_sc_hd__xnor2_1)
                                                         net27 (net)
                      0.308928    0.000305    6.320058 ^ output27/A (sky130_fd_sc_hd__buf_2)
     1    0.034393    0.273770    0.449180    6.769238 ^ output27/X (sky130_fd_sc_hd__buf_2)
                                                         P[4] (net)
                      0.273770    0.000748    6.769986 ^ P[4] (out)
                                              6.769986   data arrival time

                      0.000000   10.000000   10.000000   clock __VIRTUAL_CLK__ (rise edge)
                                  0.000000   10.000000   clock network delay (ideal)
                                 -0.250000    9.750000   clock uncertainty
                                  0.000000    9.750000   clock reconvergence pessimism
                                 -2.000000    7.750000   output external delay
                                              7.750000   data required time
---------------------------------------------------------------------------------------------
                                              7.750000   data required time
                                             -6.769986   data arrival time
---------------------------------------------------------------------------------------------
                                              0.980014   slack (MET)


Startpoint: B[3] (input port clocked by __VIRTUAL_CLK__)
Endpoint: P[3] (output port clocked by __VIRTUAL_CLK__)
Path Group: __VIRTUAL_CLK__
Path Type: max

Fanout         Cap        Slew       Delay        Time   Description
---------------------------------------------------------------------------------------------
                      0.000000    0.000000    0.000000   clock __VIRTUAL_CLK__ (rise edge)
                                  0.000000    0.000000   clock network delay (ideal)
                                  2.000000    2.000000 v input external delay
     1    0.002793    0.018432    0.009214    2.009214 v B[3] (in)
                                                         B[3] (net)
                      0.018433    0.000000    2.009214 v input12/A (sky130_fd_sc_hd__clkbuf_2)
     4    0.025610    0.184548    0.270342    2.279556 v input12/X (sky130_fd_sc_hd__clkbuf_2)
                                                         net12 (net)
                      0.184550    0.001021    2.280577 v fanout47/A (sky130_fd_sc_hd__buf_6)
    10    0.043270    0.087544    0.312230    2.592807 v fanout47/X (sky130_fd_sc_hd__buf_6)
                                                         net47 (net)
                      0.087552    0.000977    2.593784 v _323_/B1 (sky130_fd_sc_hd__a22o_1)
     2    0.006687    0.103836    0.370935    2.964719 v _323_/X (sky130_fd_sc_hd__a22o_1)
                                                         _258_ (net)
                      0.103836    0.000186    2.964906 v _326_/B (sky130_fd_sc_hd__and3_4)
     4    0.027312    0.102800    0.380500    3.345406 v _326_/X (sky130_fd_sc_hd__and3_4)
                                                         _261_ (net)
                      0.102804    0.000715    3.346121 v _328_/B (sky130_fd_sc_hd__nor4_4)
     3    0.015111    0.507359    0.598481    3.944602 ^ _328_/Y (sky130_fd_sc_hd__nor4_4)
                                                         _263_ (net)
                      0.507359    0.000284    3.944886 ^ rebuffer2/A (sky130_fd_sc_hd__dlygate4sd1_1)
     1    0.004418    0.086097    0.534145    4.479032 ^ rebuffer2/X (sky130_fd_sc_hd__dlygate4sd1_1)
                                                         net54 (net)
                      0.086097    0.000144    4.479176 ^ _331_/A1 (sky130_fd_sc_hd__o21a_1)
     1    0.002957    0.073682    0.239698    4.718874 ^ _331_/X (sky130_fd_sc_hd__o21a_1)
                                                         _266_ (net)
                      0.073682    0.000059    4.718934 ^ _332_/B (sky130_fd_sc_hd__nor2_1)
     1    0.002228    0.083120    0.067500    4.786433 v _332_/Y (sky130_fd_sc_hd__nor2_1)
                                                         net26 (net)
                      0.083120    0.000046    4.786479 v output26/A (sky130_fd_sc_hd__buf_2)
     1    0.034153    0.165430    0.350278    5.136757 v output26/X (sky130_fd_sc_hd__buf_2)
                                                         P[3] (net)
                      0.165430    0.000706    5.137463 v P[3] (out)
                                              5.137463   data arrival time

                      0.000000   10.000000   10.000000   clock __VIRTUAL_CLK__ (rise edge)
                                  0.000000   10.000000   clock network delay (ideal)
                                 -0.250000    9.750000   clock uncertainty
                                  0.000000    9.750000   clock reconvergence pessimism
                                 -2.000000    7.750000   output external delay
                                              7.750000   data required time
---------------------------------------------------------------------------------------------
                                              7.750000   data required time
                                             -5.137463   data arrival time
---------------------------------------------------------------------------------------------
                                              2.612537   slack (MET)


Startpoint: B[1] (input port clocked by __VIRTUAL_CLK__)
Endpoint: P[2] (output port clocked by __VIRTUAL_CLK__)
Path Group: __VIRTUAL_CLK__
Path Type: max

Fanout         Cap        Slew       Delay        Time   Description
---------------------------------------------------------------------------------------------
                      0.000000    0.000000    0.000000   clock __VIRTUAL_CLK__ (rise edge)
                                  0.000000    0.000000   clock network delay (ideal)
                                  2.000000    2.000000 ^ input external delay
     1    0.002862    0.032662    0.016116    2.016116 ^ B[1] (in)
                                                         B[1] (net)
                      0.032662    0.000000    2.016116 ^ input10/A (sky130_fd_sc_hd__clkbuf_2)
     2    0.021274    0.189612    0.262133    2.278250 ^ input10/X (sky130_fd_sc_hd__clkbuf_2)
                                                         net10 (net)
                      0.189612    0.000471    2.278720 ^ fanout50/A (sky130_fd_sc_hd__buf_6)
     5    0.019810    0.082517    0.243569    2.522289 ^ fanout50/X (sky130_fd_sc_hd__buf_6)
                                                         net50 (net)
                      0.082518    0.000376    2.522665 ^ rebuffer11/A (sky130_fd_sc_hd__dlygate4sd1_1)
     2    0.007943    0.135023    0.430562    2.953227 ^ rebuffer11/X (sky130_fd_sc_hd__dlygate4sd1_1)
                                                         net63 (net)
                      0.135023    0.000262    2.953489 ^ _309_/B (sky130_fd_sc_hd__nand2_1)
     2    0.006290    0.127321    0.171768    3.125257 v _309_/Y (sky130_fd_sc_hd__nand2_1)
                                                         _243_ (net)
                      0.127321    0.000132    3.125389 v _313_/A (sky130_fd_sc_hd__or3b_4)
     2    0.014226    0.147121    0.832217    3.957606 v _313_/X (sky130_fd_sc_hd__or3b_4)
                                                         _249_ (net)
                      0.147121    0.000302    3.957908 v _317_/A1 (sky130_fd_sc_hd__a21o_1)
     1    0.003428    0.065078    0.322526    4.280434 v _317_/X (sky130_fd_sc_hd__a21o_1)
                                                         _253_ (net)
                      0.065134    0.000119    4.280552 v _319_/A (sky130_fd_sc_hd__and2_1)
     1    0.003980    0.078080    0.283995    4.564547 v _319_/X (sky130_fd_sc_hd__and2_1)
                                                         net25 (net)
                      0.078080    0.000126    4.564673 v output25/A (sky130_fd_sc_hd__buf_2)
     1    0.034299    0.166019    0.348324    4.912997 v output25/X (sky130_fd_sc_hd__buf_2)
                                                         P[2] (net)
                      0.166019    0.000739    4.913736 v P[2] (out)
                                              4.913736   data arrival time

                      0.000000   10.000000   10.000000   clock __VIRTUAL_CLK__ (rise edge)
                                  0.000000   10.000000   clock network delay (ideal)
                                 -0.250000    9.750000   clock uncertainty
                                  0.000000    9.750000   clock reconvergence pessimism
                                 -2.000000    7.750000   output external delay
                                              7.750000   data required time
---------------------------------------------------------------------------------------------
                                              7.750000   data required time
                                             -4.913736   data arrival time
---------------------------------------------------------------------------------------------
                                              2.836264   slack (MET)


Startpoint: A[1] (input port clocked by __VIRTUAL_CLK__)
Endpoint: P[1] (output port clocked by __VIRTUAL_CLK__)
Path Group: __VIRTUAL_CLK__
Path Type: max

Fanout         Cap        Slew       Delay        Time   Description
---------------------------------------------------------------------------------------------
                      0.000000    0.000000    0.000000   clock __VIRTUAL_CLK__ (rise edge)
                                  0.000000    0.000000   clock network delay (ideal)
                                  2.000000    2.000000 v input external delay
     1    0.002675    0.017984    0.008842    2.008842 v A[1] (in)
                                                         A[1] (net)
                      0.017984    0.000000    2.008842 v input2/A (sky130_fd_sc_hd__buf_1)
     2    0.012817    0.154005    0.220947    2.229789 v input2/X (sky130_fd_sc_hd__buf_1)
                                                         net2 (net)
                      0.154005    0.000444    2.230233 v fanout41/A (sky130_fd_sc_hd__buf_6)
     6    0.019075    0.056058    0.264469    2.494702 v fanout41/X (sky130_fd_sc_hd__buf_6)
                                                         net41 (net)
                      0.056060    0.000443    2.495146 v rebuffer30/A (sky130_fd_sc_hd__dlymetal6s2s_1)
     3    0.009006    0.121399    0.319793    2.814938 v rebuffer30/X (sky130_fd_sc_hd__dlymetal6s2s_1)
                                                         net82 (net)
                      0.121399    0.000126    2.815064 v rebuffer31/A (sky130_fd_sc_hd__dlygate4sd1_1)
     1    0.003928    0.070502    0.508337    3.323401 v rebuffer31/X (sky130_fd_sc_hd__dlygate4sd1_1)
                                                         net83 (net)
                      0.070502    0.000136    3.323537 v _310_/A1 (sky130_fd_sc_hd__a22o_1)
     1    0.002647    0.069459    0.366554    3.690091 v _310_/X (sky130_fd_sc_hd__a22o_1)
                                                         _247_ (net)
                      0.069459    0.000075    3.690166 v _311_/B1 (sky130_fd_sc_hd__o21a_1)
     1    0.002288    0.060535    0.181025    3.871191 v _311_/X (sky130_fd_sc_hd__o21a_1)
                                                         net24 (net)
                      0.060535    0.000063    3.871253 v output24/A (sky130_fd_sc_hd__buf_2)
     1    0.034175    0.165603    0.339909    4.211162 v output24/X (sky130_fd_sc_hd__buf_2)
                                                         P[1] (net)
                      0.165604    0.000707    4.211868 v P[1] (out)
                                              4.211868   data arrival time

                      0.000000   10.000000   10.000000   clock __VIRTUAL_CLK__ (rise edge)
                                  0.000000   10.000000   clock network delay (ideal)
                                 -0.250000    9.750000   clock uncertainty
                                  0.000000    9.750000   clock reconvergence pessimism
                                 -2.000000    7.750000   output external delay
                                              7.750000   data required time
---------------------------------------------------------------------------------------------
                                              7.750000   data required time
                                             -4.211868   data arrival time
---------------------------------------------------------------------------------------------
                                              3.538132   slack (MET)


Startpoint: A[0] (input port clocked by __VIRTUAL_CLK__)
Endpoint: P[0] (output port clocked by __VIRTUAL_CLK__)
Path Group: __VIRTUAL_CLK__
Path Type: max

Fanout         Cap        Slew       Delay        Time   Description
---------------------------------------------------------------------------------------------
                      0.000000    0.000000    0.000000   clock __VIRTUAL_CLK__ (rise edge)
                                  0.000000    0.000000   clock network delay (ideal)
                                  2.000000    2.000000 ^ input external delay
     1    0.002370    0.029418    0.013525    2.013525 ^ A[0] (in)
                                                         A[0] (net)
                      0.029418    0.000000    2.013525 ^ input1/A (sky130_fd_sc_hd__buf_2)
     5    0.025491    0.207102    0.277930    2.291455 ^ input1/X (sky130_fd_sc_hd__buf_2)
                                                         net1 (net)
                      0.207102    0.000657    2.292112 ^ fanout52/A (sky130_fd_sc_hd__buf_6)
     8    0.029066    0.107762    0.273539    2.565651 ^ fanout52/X (sky130_fd_sc_hd__buf_6)
                                                         net52 (net)
                      0.107774    0.001187    2.566839 ^ _307_/B (sky130_fd_sc_hd__nand2_1)
     4    0.014145    0.243415    0.253477    2.820316 v _307_/Y (sky130_fd_sc_hd__nand2_1)
                                                         _223_ (net)
                      0.243417    0.000582    2.820898 v _308_/A (sky130_fd_sc_hd__inv_2)
     1    0.002256    0.065642    0.118232    2.939130 ^ _308_/Y (sky130_fd_sc_hd__inv_2)
                                                         mul_ll.mul_ll.pp0 (net)
                      0.065642    0.000043    2.939173 ^ _630_/A (sky130_fd_sc_hd__clkbuf_1)
     1    0.002712    0.070989    0.147150    3.086323 ^ _630_/X (sky130_fd_sc_hd__clkbuf_1)
                                                         net17 (net)
                      0.070989    0.000076    3.086400 ^ output17/A (sky130_fd_sc_hd__buf_2)
     1    0.034052    0.270545    0.342821    3.429221 ^ output17/X (sky130_fd_sc_hd__buf_2)
                                                         P[0] (net)
                      0.270545    0.000653    3.429874 ^ P[0] (out)
                                              3.429874   data arrival time

                      0.000000   10.000000   10.000000   clock __VIRTUAL_CLK__ (rise edge)
                                  0.000000   10.000000   clock network delay (ideal)
                                 -0.250000    9.750000   clock uncertainty
                                  0.000000    9.750000   clock reconvergence pessimism
                                 -2.000000    7.750000   output external delay
                                              7.750000   data required time
---------------------------------------------------------------------------------------------
                                              7.750000   data required time
                                             -3.429874   data arrival time
---------------------------------------------------------------------------------------------
                                              4.320127   slack (MET)



