
===========================================================================
report_checks -unconstrained
===========================================================================
======================= nom_tt_025C_1v80 Corner ===================================

Startpoint: A[1] (input port clocked by __VIRTUAL_CLK__)
Endpoint: P[14] (output port clocked by __VIRTUAL_CLK__)
Path Group: __VIRTUAL_CLK__
Path Type: max

Fanout         Cap        Slew       Delay        Time   Description
---------------------------------------------------------------------------------------------
                      0.000000    0.000000    0.000000   clock __VIRTUAL_CLK__ (rise edge)
                                  0.000000    0.000000   clock network delay (ideal)
                                  2.000000    2.000000 ^ input external delay
     1    0.002588    0.018829    0.009578    2.009578 ^ A[1] (in)
                                                         A[1] (net)
                      0.018829    0.000000    2.009578 ^ input2/A (sky130_fd_sc_hd__dlymetal6s2s_1)
     4    0.022341    0.236829    0.213772    2.223350 ^ input2/X (sky130_fd_sc_hd__dlymetal6s2s_1)
                                                         net2 (net)
                      0.236846    0.001632    2.224983 ^ fanout41/A (sky130_fd_sc_hd__buf_4)
    10    0.043410    0.126939    0.231384    2.456367 ^ fanout41/X (sky130_fd_sc_hd__buf_4)
                                                         net41 (net)
                      0.127197    0.004030    2.460397 ^ _269_/A (sky130_fd_sc_hd__and4_1)
     3    0.018029    0.184931    0.294624    2.755022 ^ _269_/X (sky130_fd_sc_hd__and4_1)
                                                         _206_ (net)
                      0.184931    0.000345    2.755367 ^ _280_/D (sky130_fd_sc_hd__and4bb_1)
     2    0.013292    0.148256    0.294710    3.050076 ^ _280_/X (sky130_fd_sc_hd__and4bb_1)
                                                         _215_ (net)
                      0.148256    0.000328    3.050404 ^ _292_/B1 (sky130_fd_sc_hd__a21o_1)
     2    0.014829    0.134695    0.172207    3.222612 ^ _292_/X (sky130_fd_sc_hd__a21o_1)
                                                         _226_ (net)
                      0.134696    0.000713    3.223325 ^ _311_/B (sky130_fd_sc_hd__xnor2_2)
     2    0.007477    0.150024    0.135153    3.358477 ^ _311_/Y (sky130_fd_sc_hd__xnor2_2)
                                                         _244_ (net)
                      0.150024    0.000215    3.358692 ^ _314_/B (sky130_fd_sc_hd__xnor2_1)
     2    0.005371    0.164658    0.152395    3.511087 ^ _314_/Y (sky130_fd_sc_hd__xnor2_1)
                                                         _247_ (net)
                      0.164658    0.000105    3.511192 ^ _315_/A1 (sky130_fd_sc_hd__o21a_1)
     2    0.005065    0.060720    0.160539    3.671732 ^ _315_/X (sky130_fd_sc_hd__o21a_1)
                                                         _248_ (net)
                      0.060720    0.000135    3.671867 ^ _318_/A_N (sky130_fd_sc_hd__and2b_1)
     2    0.006137    0.047783    0.189130    3.860997 v _318_/X (sky130_fd_sc_hd__and2b_1)
                                                         _251_ (net)
                      0.047783    0.000166    3.861163 v _368_/C (sky130_fd_sc_hd__or4_4)
     1    0.007629    0.089882    0.485594    4.346757 v _368_/X (sky130_fd_sc_hd__or4_4)
                                                         _037_ (net)
                      0.089882    0.000316    4.347074 v _369_/B (sky130_fd_sc_hd__and2b_1)
     2    0.011992    0.071679    0.211436    4.558510 v _369_/X (sky130_fd_sc_hd__and2b_1)
                                                         _038_ (net)
                      0.071679    0.000274    4.558784 v _370_/B (sky130_fd_sc_hd__and2_4)
     2    0.005180    0.031163    0.165659    4.724442 v _370_/X (sky130_fd_sc_hd__and2_4)
                                                         _039_ (net)
                      0.031163    0.000077    4.724520 v _407_/A1 (sky130_fd_sc_hd__o21a_1)
     3    0.007801    0.058322    0.198529    4.923048 v _407_/X (sky130_fd_sc_hd__o21a_1)
                                                         _075_ (net)
                      0.058322    0.000167    4.923215 v _409_/B (sky130_fd_sc_hd__or2_4)
     3    0.016121    0.063186    0.255779    5.178994 v _409_/X (sky130_fd_sc_hd__or2_4)
                                                         _077_ (net)
                      0.063186    0.000365    5.179359 v _468_/A3 (sky130_fd_sc_hd__o31ai_4)
     4    0.021040    0.313632    0.288224    5.467583 ^ _468_/Y (sky130_fd_sc_hd__o31ai_4)
                                                         _134_ (net)
                      0.313667    0.001235    5.468818 ^ _516_/A2 (sky130_fd_sc_hd__o211ai_2)
     3    0.009826    0.094079    0.140914    5.609732 v _516_/Y (sky130_fd_sc_hd__o211ai_2)
                                                         _180_ (net)
                      0.094079    0.000400    5.610132 v _530_/B1 (sky130_fd_sc_hd__o22a_1)
     3    0.011265    0.084447    0.238802    5.848934 v _530_/X (sky130_fd_sc_hd__o22a_1)
                                                         _193_ (net)
                      0.084448    0.000420    5.849354 v _537_/A (sky130_fd_sc_hd__xor2_1)
     1    0.006023    0.167601    0.201683    6.051037 ^ _537_/X (sky130_fd_sc_hd__xor2_1)
                                                         net22 (net)
                      0.167601    0.000198    6.051235 ^ output22/A (sky130_fd_sc_hd__buf_6)
     1    0.035189    0.079189    0.161900    6.213135 ^ output22/X (sky130_fd_sc_hd__buf_6)
                                                         P[14] (net)
                      0.079200    0.000956    6.214091 ^ P[14] (out)
                                              6.214091   data arrival time

                      0.000000   10.000000   10.000000   clock __VIRTUAL_CLK__ (rise edge)
                                  0.000000   10.000000   clock network delay (ideal)
                                 -0.250000    9.750000   clock uncertainty
                                  0.000000    9.750000   clock reconvergence pessimism
                                 -2.000000    7.750000   output external delay
                                              7.750000   data required time
---------------------------------------------------------------------------------------------
                                              7.750000   data required time
                                             -6.214091   data arrival time
---------------------------------------------------------------------------------------------
                                              1.535909   slack (MET)




===========================================================================
report_checks --slack_max -0.01
============================================================================
======================= nom_tt_025C_1v80 Corner ===================================

No paths found.


===========================================================================
 report_check_types -max_slew -max_cap -max_fanout -violators
============================================================================
======================= nom_tt_025C_1v80 Corner ===================================



===========================================================================
report_parasitic_annotation -report_unannotated
============================================================================
Found 0 unannotated drivers.
Found 0 partially unannotated drivers.

===========================================================================
max slew violation count 0
max fanout violation count 0
max cap violation count 0
============================================================================

===========================================================================
check_setup -verbose -unconstrained_endpoints -multiple_clock -no_clock -no_input_delay -loops -generated_clocks
===========================================================================
