
===========================================================================
report_checks -path_delay max (Setup)
============================================================================
======================= nom_tt_025C_1v80 Corner ===================================

Startpoint: B[2] (input port clocked by __VIRTUAL_CLK__)
Endpoint: P[15] (output port clocked by __VIRTUAL_CLK__)
Path Group: __VIRTUAL_CLK__
Path Type: max

Fanout         Cap        Slew       Delay        Time   Description
---------------------------------------------------------------------------------------------
                      0.000000    0.000000    0.000000   clock __VIRTUAL_CLK__ (rise edge)
                                  0.000000    0.000000   clock network delay (ideal)
                                  2.000000    2.000000 v input external delay
     1    0.003652    0.010609    0.005886    2.005886 v B[2] (in)
                                                         B[2] (net)
                      0.010614    0.000000    2.005886 v input11/A (sky130_fd_sc_hd__clkbuf_2)
     2    0.014841    0.063715    0.120280    2.126165 v input11/X (sky130_fd_sc_hd__clkbuf_2)
                                                         net11 (net)
                      0.063718    0.000500    2.126665 v fanout43/A (sky130_fd_sc_hd__buf_6)
     5    0.013056    0.027734    0.126726    2.253391 v fanout43/X (sky130_fd_sc_hd__buf_6)
                                                         net43 (net)
                      0.027762    0.000546    2.253937 v rebuffer24/A (sky130_fd_sc_hd__dlygate4sd1_1)
     5    0.018955    0.100527    0.283217    2.537155 v rebuffer24/X (sky130_fd_sc_hd__dlygate4sd1_1)
                                                         net70 (net)
                      0.100529    0.000541    2.537696 v _298_/A2 (sky130_fd_sc_hd__o2111ai_1)
     1    0.006405    0.223247    0.242498    2.780193 ^ _298_/Y (sky130_fd_sc_hd__o2111ai_1)
                                                         _233_ (net)
                      0.223247    0.000262    2.780455 ^ _301_/B1 (sky130_fd_sc_hd__o31ai_2)
     2    0.005873    0.079193    0.113575    2.894030 v _301_/Y (sky130_fd_sc_hd__o31ai_2)
                                                         _236_ (net)
                      0.079193    0.000193    2.894223 v _302_/C (sky130_fd_sc_hd__and3_1)
     3    0.009058    0.063153    0.220005    3.114228 v _302_/X (sky130_fd_sc_hd__and3_1)
                                                         _237_ (net)
                      0.063154    0.000324    3.114552 v _304_/A (sky130_fd_sc_hd__or3_4)
     4    0.012591    0.078858    0.409568    3.524120 v _304_/X (sky130_fd_sc_hd__or3_4)
                                                         _239_ (net)
                      0.078858    0.000304    3.524424 v _341_/A2 (sky130_fd_sc_hd__o221a_4)
     2    0.018742    0.061520    0.295401    3.819825 v _341_/X (sky130_fd_sc_hd__o221a_4)
                                                         _274_ (net)
                      0.061528    0.000674    3.820499 v _344_/B (sky130_fd_sc_hd__xor2_4)
     2    0.014457    0.076210    0.165016    3.985515 v _344_/X (sky130_fd_sc_hd__xor2_4)
                                                         _001_ (net)
                      0.076212    0.000548    3.986063 v _353_/B (sky130_fd_sc_hd__xor2_2)
     2    0.011534    0.081949    0.171142    4.157206 v _353_/X (sky130_fd_sc_hd__xor2_2)
                                                         _010_ (net)
                      0.081949    0.000242    4.157447 v _354_/A (sky130_fd_sc_hd__xnor2_2)
     2    0.012703    0.206940    0.231600    4.389048 ^ _354_/Y (sky130_fd_sc_hd__xnor2_2)
                                                         _011_ (net)
                      0.206940    0.000495    4.389543 ^ _365_/B (sky130_fd_sc_hd__xnor2_2)
     2    0.004519    0.118218    0.135536    4.525078 ^ _365_/Y (sky130_fd_sc_hd__xnor2_2)
                                                         _022_ (net)
                      0.118218    0.000095    4.525173 ^ _368_/A_N (sky130_fd_sc_hd__and2b_1)
     2    0.006590    0.049781    0.207872    4.733045 v _368_/X (sky130_fd_sc_hd__and2b_1)
                                                         _025_ (net)
                      0.049782    0.000230    4.733275 v _400_/A2 (sky130_fd_sc_hd__o21a_1)
     4    0.011961    0.075396    0.207363    4.940638 v _400_/X (sky130_fd_sc_hd__o21a_1)
                                                         _056_ (net)
                      0.075397    0.000413    4.941051 v _495_/A1 (sky130_fd_sc_hd__o211a_1)
     2    0.010506    0.071856    0.267649    5.208701 v _495_/X (sky130_fd_sc_hd__o211a_1)
                                                         _148_ (net)
                      0.071860    0.000628    5.209329 v _542_/A3 (sky130_fd_sc_hd__o311a_4)
     4    0.016486    0.071059    0.340170    5.549499 v _542_/X (sky130_fd_sc_hd__o311a_4)
                                                         _193_ (net)
                      0.071059    0.000999    5.550498 v _562_/A2 (sky130_fd_sc_hd__o2111a_1)
     1    0.003420    0.045442    0.237643    5.788140 v _562_/X (sky130_fd_sc_hd__o2111a_1)
                                                         _211_ (net)
                      0.045442    0.000087    5.788228 v _565_/B (sky130_fd_sc_hd__or3_4)
     1    0.008158    0.071807    0.370782    6.159009 v _565_/X (sky130_fd_sc_hd__or3_4)
                                                         net23 (net)
                      0.071807    0.000324    6.159333 v output23/A (sky130_fd_sc_hd__buf_8)
     1    0.035422    0.040733    0.146086    6.305419 v output23/X (sky130_fd_sc_hd__buf_8)
                                                         P[15] (net)
                      0.040780    0.001235    6.306654 v P[15] (out)
                                              6.306654   data arrival time

                      0.000000   10.000000   10.000000   clock __VIRTUAL_CLK__ (rise edge)
                                  0.000000   10.000000   clock network delay (ideal)
                                 -0.250000    9.750000   clock uncertainty
                                  0.000000    9.750000   clock reconvergence pessimism
                                 -2.000000    7.750000   output external delay
                                              7.750000   data required time
---------------------------------------------------------------------------------------------
                                              7.750000   data required time
                                             -6.306654   data arrival time
---------------------------------------------------------------------------------------------
                                              1.443345   slack (MET)


Startpoint: B[2] (input port clocked by __VIRTUAL_CLK__)
Endpoint: P[14] (output port clocked by __VIRTUAL_CLK__)
Path Group: __VIRTUAL_CLK__
Path Type: max

Fanout         Cap        Slew       Delay        Time   Description
---------------------------------------------------------------------------------------------
                      0.000000    0.000000    0.000000   clock __VIRTUAL_CLK__ (rise edge)
                                  0.000000    0.000000   clock network delay (ideal)
                                  2.000000    2.000000 v input external delay
     1    0.003652    0.010609    0.005886    2.005886 v B[2] (in)
                                                         B[2] (net)
                      0.010614    0.000000    2.005886 v input11/A (sky130_fd_sc_hd__clkbuf_2)
     2    0.014841    0.063715    0.120280    2.126165 v input11/X (sky130_fd_sc_hd__clkbuf_2)
                                                         net11 (net)
                      0.063718    0.000500    2.126665 v fanout43/A (sky130_fd_sc_hd__buf_6)
     5    0.013056    0.027734    0.126726    2.253391 v fanout43/X (sky130_fd_sc_hd__buf_6)
                                                         net43 (net)
                      0.027762    0.000546    2.253937 v rebuffer24/A (sky130_fd_sc_hd__dlygate4sd1_1)
     5    0.018955    0.100527    0.283217    2.537155 v rebuffer24/X (sky130_fd_sc_hd__dlygate4sd1_1)
                                                         net70 (net)
                      0.100529    0.000541    2.537696 v _298_/A2 (sky130_fd_sc_hd__o2111ai_1)
     1    0.006405    0.223247    0.242498    2.780193 ^ _298_/Y (sky130_fd_sc_hd__o2111ai_1)
                                                         _233_ (net)
                      0.223247    0.000262    2.780455 ^ _301_/B1 (sky130_fd_sc_hd__o31ai_2)
     2    0.005873    0.079193    0.113575    2.894030 v _301_/Y (sky130_fd_sc_hd__o31ai_2)
                                                         _236_ (net)
                      0.079193    0.000193    2.894223 v _302_/C (sky130_fd_sc_hd__and3_1)
     3    0.009058    0.063153    0.220005    3.114228 v _302_/X (sky130_fd_sc_hd__and3_1)
                                                         _237_ (net)
                      0.063154    0.000324    3.114552 v _304_/A (sky130_fd_sc_hd__or3_4)
     4    0.012591    0.078858    0.409568    3.524120 v _304_/X (sky130_fd_sc_hd__or3_4)
                                                         _239_ (net)
                      0.078858    0.000304    3.524424 v _341_/A2 (sky130_fd_sc_hd__o221a_4)
     2    0.018742    0.061520    0.295401    3.819825 v _341_/X (sky130_fd_sc_hd__o221a_4)
                                                         _274_ (net)
                      0.061528    0.000674    3.820499 v _344_/B (sky130_fd_sc_hd__xor2_4)
     2    0.014457    0.076210    0.165016    3.985515 v _344_/X (sky130_fd_sc_hd__xor2_4)
                                                         _001_ (net)
                      0.076212    0.000548    3.986063 v _353_/B (sky130_fd_sc_hd__xor2_2)
     2    0.011534    0.081949    0.171142    4.157206 v _353_/X (sky130_fd_sc_hd__xor2_2)
                                                         _010_ (net)
                      0.081949    0.000242    4.157447 v _354_/A (sky130_fd_sc_hd__xnor2_2)
     2    0.012703    0.206940    0.231600    4.389048 ^ _354_/Y (sky130_fd_sc_hd__xnor2_2)
                                                         _011_ (net)
                      0.206940    0.000495    4.389543 ^ _365_/B (sky130_fd_sc_hd__xnor2_2)
     2    0.004519    0.118218    0.135536    4.525078 ^ _365_/Y (sky130_fd_sc_hd__xnor2_2)
                                                         _022_ (net)
                      0.118218    0.000095    4.525173 ^ _368_/A_N (sky130_fd_sc_hd__and2b_1)
     2    0.006590    0.049781    0.207872    4.733045 v _368_/X (sky130_fd_sc_hd__and2b_1)
                                                         _025_ (net)
                      0.049782    0.000230    4.733275 v _400_/A2 (sky130_fd_sc_hd__o21a_1)
     4    0.011961    0.075396    0.207363    4.940638 v _400_/X (sky130_fd_sc_hd__o21a_1)
                                                         _056_ (net)
                      0.075397    0.000413    4.941051 v _495_/A1 (sky130_fd_sc_hd__o211a_1)
     2    0.010506    0.071856    0.267649    5.208701 v _495_/X (sky130_fd_sc_hd__o211a_1)
                                                         _148_ (net)
                      0.071860    0.000628    5.209329 v _542_/A3 (sky130_fd_sc_hd__o311a_4)
     4    0.016486    0.071059    0.340170    5.549499 v _542_/X (sky130_fd_sc_hd__o311a_4)
                                                         _193_ (net)
                      0.071059    0.001006    5.550505 v _556_/A1 (sky130_fd_sc_hd__o211a_1)
     2    0.007966    0.062454    0.254006    5.804511 v _556_/X (sky130_fd_sc_hd__o211a_1)
                                                         _206_ (net)
                      0.062455    0.000270    5.804782 v _563_/A (sky130_fd_sc_hd__xor2_1)
     1    0.006267    0.171926    0.195956    6.000738 ^ _563_/X (sky130_fd_sc_hd__xor2_1)
                                                         net22 (net)
                      0.171926    0.000187    6.000925 ^ output22/A (sky130_fd_sc_hd__buf_6)
     1    0.034964    0.078825    0.162445    6.163370 ^ output22/X (sky130_fd_sc_hd__buf_6)
                                                         P[14] (net)
                      0.078839    0.001067    6.164436 ^ P[14] (out)
                                              6.164436   data arrival time

                      0.000000   10.000000   10.000000   clock __VIRTUAL_CLK__ (rise edge)
                                  0.000000   10.000000   clock network delay (ideal)
                                 -0.250000    9.750000   clock uncertainty
                                  0.000000    9.750000   clock reconvergence pessimism
                                 -2.000000    7.750000   output external delay
                                              7.750000   data required time
---------------------------------------------------------------------------------------------
                                              7.750000   data required time
                                             -6.164436   data arrival time
---------------------------------------------------------------------------------------------
                                              1.585564   slack (MET)


Startpoint: B[2] (input port clocked by __VIRTUAL_CLK__)
Endpoint: P[13] (output port clocked by __VIRTUAL_CLK__)
Path Group: __VIRTUAL_CLK__
Path Type: max

Fanout         Cap        Slew       Delay        Time   Description
---------------------------------------------------------------------------------------------
                      0.000000    0.000000    0.000000   clock __VIRTUAL_CLK__ (rise edge)
                                  0.000000    0.000000   clock network delay (ideal)
                                  2.000000    2.000000 v input external delay
     1    0.003652    0.010609    0.005886    2.005886 v B[2] (in)
                                                         B[2] (net)
                      0.010614    0.000000    2.005886 v input11/A (sky130_fd_sc_hd__clkbuf_2)
     2    0.014841    0.063715    0.120280    2.126165 v input11/X (sky130_fd_sc_hd__clkbuf_2)
                                                         net11 (net)
                      0.063718    0.000500    2.126665 v fanout43/A (sky130_fd_sc_hd__buf_6)
     5    0.013056    0.027734    0.126726    2.253391 v fanout43/X (sky130_fd_sc_hd__buf_6)
                                                         net43 (net)
                      0.027762    0.000546    2.253937 v rebuffer24/A (sky130_fd_sc_hd__dlygate4sd1_1)
     5    0.018955    0.100527    0.283217    2.537155 v rebuffer24/X (sky130_fd_sc_hd__dlygate4sd1_1)
                                                         net70 (net)
                      0.100529    0.000541    2.537696 v _298_/A2 (sky130_fd_sc_hd__o2111ai_1)
     1    0.006405    0.223247    0.242498    2.780193 ^ _298_/Y (sky130_fd_sc_hd__o2111ai_1)
                                                         _233_ (net)
                      0.223247    0.000262    2.780455 ^ _301_/B1 (sky130_fd_sc_hd__o31ai_2)
     2    0.005873    0.079193    0.113575    2.894030 v _301_/Y (sky130_fd_sc_hd__o31ai_2)
                                                         _236_ (net)
                      0.079193    0.000193    2.894223 v _302_/C (sky130_fd_sc_hd__and3_1)
     3    0.009058    0.063153    0.220005    3.114228 v _302_/X (sky130_fd_sc_hd__and3_1)
                                                         _237_ (net)
                      0.063154    0.000324    3.114552 v _304_/A (sky130_fd_sc_hd__or3_4)
     4    0.012591    0.078858    0.409568    3.524120 v _304_/X (sky130_fd_sc_hd__or3_4)
                                                         _239_ (net)
                      0.078858    0.000304    3.524424 v _341_/A2 (sky130_fd_sc_hd__o221a_4)
     2    0.018742    0.061520    0.295401    3.819825 v _341_/X (sky130_fd_sc_hd__o221a_4)
                                                         _274_ (net)
                      0.061528    0.000674    3.820499 v _344_/B (sky130_fd_sc_hd__xor2_4)
     2    0.014457    0.076210    0.165016    3.985515 v _344_/X (sky130_fd_sc_hd__xor2_4)
                                                         _001_ (net)
                      0.076212    0.000548    3.986063 v _353_/B (sky130_fd_sc_hd__xor2_2)
     2    0.011534    0.081949    0.171142    4.157206 v _353_/X (sky130_fd_sc_hd__xor2_2)
                                                         _010_ (net)
                      0.081949    0.000242    4.157447 v _354_/A (sky130_fd_sc_hd__xnor2_2)
     2    0.012703    0.206940    0.231600    4.389048 ^ _354_/Y (sky130_fd_sc_hd__xnor2_2)
                                                         _011_ (net)
                      0.206940    0.000495    4.389543 ^ _365_/B (sky130_fd_sc_hd__xnor2_2)
     2    0.004519    0.118218    0.135536    4.525078 ^ _365_/Y (sky130_fd_sc_hd__xnor2_2)
                                                         _022_ (net)
                      0.118218    0.000095    4.525173 ^ _368_/A_N (sky130_fd_sc_hd__and2b_1)
     2    0.006590    0.049781    0.207872    4.733045 v _368_/X (sky130_fd_sc_hd__and2b_1)
                                                         _025_ (net)
                      0.049782    0.000230    4.733275 v _400_/A2 (sky130_fd_sc_hd__o21a_1)
     4    0.011961    0.075396    0.207363    4.940638 v _400_/X (sky130_fd_sc_hd__o21a_1)
                                                         _056_ (net)
                      0.075397    0.000413    4.941051 v _495_/A1 (sky130_fd_sc_hd__o211a_1)
     2    0.010506    0.071856    0.267649    5.208701 v _495_/X (sky130_fd_sc_hd__o211a_1)
                                                         _148_ (net)
                      0.071860    0.000628    5.209329 v _542_/A3 (sky130_fd_sc_hd__o311a_4)
     4    0.016486    0.071059    0.340170    5.549499 v _542_/X (sky130_fd_sc_hd__o311a_4)
                                                         _193_ (net)
                      0.071059    0.001006    5.550505 v _556_/A1 (sky130_fd_sc_hd__o211a_1)
     2    0.007966    0.062454    0.254006    5.804511 v _556_/X (sky130_fd_sc_hd__o211a_1)
                                                         _206_ (net)
                      0.062454    0.000242    5.804753 v _557_/B (sky130_fd_sc_hd__nor2_1)
     1    0.003224    0.083295    0.092943    5.897696 ^ _557_/Y (sky130_fd_sc_hd__nor2_1)
                                                         net21 (net)
                      0.083295    0.000075    5.897770 ^ output21/A (sky130_fd_sc_hd__buf_4)
     1    0.034982    0.104471    0.170904    6.068675 ^ output21/X (sky130_fd_sc_hd__buf_4)
                                                         P[13] (net)
                      0.104481    0.001067    6.069741 ^ P[13] (out)
                                              6.069741   data arrival time

                      0.000000   10.000000   10.000000   clock __VIRTUAL_CLK__ (rise edge)
                                  0.000000   10.000000   clock network delay (ideal)
                                 -0.250000    9.750000   clock uncertainty
                                  0.000000    9.750000   clock reconvergence pessimism
                                 -2.000000    7.750000   output external delay
                                              7.750000   data required time
---------------------------------------------------------------------------------------------
                                              7.750000   data required time
                                             -6.069741   data arrival time
---------------------------------------------------------------------------------------------
                                              1.680259   slack (MET)


Startpoint: B[2] (input port clocked by __VIRTUAL_CLK__)
Endpoint: P[11] (output port clocked by __VIRTUAL_CLK__)
Path Group: __VIRTUAL_CLK__
Path Type: max

Fanout         Cap        Slew       Delay        Time   Description
---------------------------------------------------------------------------------------------
                      0.000000    0.000000    0.000000   clock __VIRTUAL_CLK__ (rise edge)
                                  0.000000    0.000000   clock network delay (ideal)
                                  2.000000    2.000000 v input external delay
     1    0.003652    0.010609    0.005886    2.005886 v B[2] (in)
                                                         B[2] (net)
                      0.010614    0.000000    2.005886 v input11/A (sky130_fd_sc_hd__clkbuf_2)
     2    0.014841    0.063715    0.120280    2.126165 v input11/X (sky130_fd_sc_hd__clkbuf_2)
                                                         net11 (net)
                      0.063718    0.000500    2.126665 v fanout43/A (sky130_fd_sc_hd__buf_6)
     5    0.013056    0.027734    0.126726    2.253391 v fanout43/X (sky130_fd_sc_hd__buf_6)
                                                         net43 (net)
                      0.027762    0.000546    2.253937 v rebuffer24/A (sky130_fd_sc_hd__dlygate4sd1_1)
     5    0.018955    0.100527    0.283217    2.537155 v rebuffer24/X (sky130_fd_sc_hd__dlygate4sd1_1)
                                                         net70 (net)
                      0.100529    0.000541    2.537696 v _298_/A2 (sky130_fd_sc_hd__o2111ai_1)
     1    0.006405    0.223247    0.242498    2.780193 ^ _298_/Y (sky130_fd_sc_hd__o2111ai_1)
                                                         _233_ (net)
                      0.223247    0.000262    2.780455 ^ _301_/B1 (sky130_fd_sc_hd__o31ai_2)
     2    0.005873    0.079193    0.113575    2.894030 v _301_/Y (sky130_fd_sc_hd__o31ai_2)
                                                         _236_ (net)
                      0.079193    0.000193    2.894223 v _302_/C (sky130_fd_sc_hd__and3_1)
     3    0.009058    0.063153    0.220005    3.114228 v _302_/X (sky130_fd_sc_hd__and3_1)
                                                         _237_ (net)
                      0.063154    0.000324    3.114552 v _304_/A (sky130_fd_sc_hd__or3_4)
     4    0.012591    0.078858    0.409568    3.524120 v _304_/X (sky130_fd_sc_hd__or3_4)
                                                         _239_ (net)
                      0.078858    0.000304    3.524424 v _341_/A2 (sky130_fd_sc_hd__o221a_4)
     2    0.018742    0.061520    0.295401    3.819825 v _341_/X (sky130_fd_sc_hd__o221a_4)
                                                         _274_ (net)
                      0.061528    0.000674    3.820499 v _344_/B (sky130_fd_sc_hd__xor2_4)
     2    0.014457    0.076210    0.165016    3.985515 v _344_/X (sky130_fd_sc_hd__xor2_4)
                                                         _001_ (net)
                      0.076212    0.000548    3.986063 v _353_/B (sky130_fd_sc_hd__xor2_2)
     2    0.011534    0.081949    0.171142    4.157206 v _353_/X (sky130_fd_sc_hd__xor2_2)
                                                         _010_ (net)
                      0.081949    0.000242    4.157447 v _354_/A (sky130_fd_sc_hd__xnor2_2)
     2    0.012703    0.206940    0.231600    4.389048 ^ _354_/Y (sky130_fd_sc_hd__xnor2_2)
                                                         _011_ (net)
                      0.206940    0.000495    4.389543 ^ _365_/B (sky130_fd_sc_hd__xnor2_2)
     2    0.004519    0.118218    0.135536    4.525078 ^ _365_/Y (sky130_fd_sc_hd__xnor2_2)
                                                         _022_ (net)
                      0.118218    0.000095    4.525173 ^ _368_/A_N (sky130_fd_sc_hd__and2b_1)
     2    0.006590    0.049781    0.207872    4.733045 v _368_/X (sky130_fd_sc_hd__and2b_1)
                                                         _025_ (net)
                      0.049782    0.000230    4.733275 v _400_/A2 (sky130_fd_sc_hd__o21a_1)
     4    0.011961    0.075396    0.207363    4.940638 v _400_/X (sky130_fd_sc_hd__o21a_1)
                                                         _056_ (net)
                      0.075397    0.000413    4.941051 v _495_/A1 (sky130_fd_sc_hd__o211a_1)
     2    0.010506    0.071856    0.267649    5.208701 v _495_/X (sky130_fd_sc_hd__o211a_1)
                                                         _148_ (net)
                      0.071858    0.000560    5.209260 v _498_/A (sky130_fd_sc_hd__or2_1)
     2    0.012298    0.089678    0.281106    5.490366 v _498_/X (sky130_fd_sc_hd__or2_1)
                                                         _151_ (net)
                      0.089679    0.000423    5.490789 v _523_/A2 (sky130_fd_sc_hd__a21bo_1)
     1    0.008604    0.060183    0.229629    5.720418 v _523_/X (sky130_fd_sc_hd__a21bo_1)
                                                         _175_ (net)
                      0.060183    0.000202    5.720621 v _524_/B (sky130_fd_sc_hd__xnor2_2)
     1    0.009407    0.170834    0.169472    5.890092 ^ _524_/Y (sky130_fd_sc_hd__xnor2_2)
                                                         net19 (net)
                      0.170835    0.000475    5.890567 ^ output19/A (sky130_fd_sc_hd__buf_6)
     1    0.034362    0.077711    0.161441    6.052008 ^ output19/X (sky130_fd_sc_hd__buf_6)
                                                         P[11] (net)
                      0.077723    0.000978    6.052986 ^ P[11] (out)
                                              6.052986   data arrival time

                      0.000000   10.000000   10.000000   clock __VIRTUAL_CLK__ (rise edge)
                                  0.000000   10.000000   clock network delay (ideal)
                                 -0.250000    9.750000   clock uncertainty
                                  0.000000    9.750000   clock reconvergence pessimism
                                 -2.000000    7.750000   output external delay
                                              7.750000   data required time
---------------------------------------------------------------------------------------------
                                              7.750000   data required time
                                             -6.052986   data arrival time
---------------------------------------------------------------------------------------------
                                              1.697014   slack (MET)


Startpoint: B[2] (input port clocked by __VIRTUAL_CLK__)
Endpoint: P[12] (output port clocked by __VIRTUAL_CLK__)
Path Group: __VIRTUAL_CLK__
Path Type: max

Fanout         Cap        Slew       Delay        Time   Description
---------------------------------------------------------------------------------------------
                      0.000000    0.000000    0.000000   clock __VIRTUAL_CLK__ (rise edge)
                                  0.000000    0.000000   clock network delay (ideal)
                                  2.000000    2.000000 v input external delay
     1    0.003652    0.010609    0.005886    2.005886 v B[2] (in)
                                                         B[2] (net)
                      0.010614    0.000000    2.005886 v input11/A (sky130_fd_sc_hd__clkbuf_2)
     2    0.014841    0.063715    0.120280    2.126165 v input11/X (sky130_fd_sc_hd__clkbuf_2)
                                                         net11 (net)
                      0.063718    0.000500    2.126665 v fanout43/A (sky130_fd_sc_hd__buf_6)
     5    0.013056    0.027734    0.126726    2.253391 v fanout43/X (sky130_fd_sc_hd__buf_6)
                                                         net43 (net)
                      0.027762    0.000546    2.253937 v rebuffer24/A (sky130_fd_sc_hd__dlygate4sd1_1)
     5    0.018955    0.100527    0.283217    2.537155 v rebuffer24/X (sky130_fd_sc_hd__dlygate4sd1_1)
                                                         net70 (net)
                      0.100529    0.000541    2.537696 v _298_/A2 (sky130_fd_sc_hd__o2111ai_1)
     1    0.006405    0.223247    0.242498    2.780193 ^ _298_/Y (sky130_fd_sc_hd__o2111ai_1)
                                                         _233_ (net)
                      0.223247    0.000262    2.780455 ^ _301_/B1 (sky130_fd_sc_hd__o31ai_2)
     2    0.005873    0.079193    0.113575    2.894030 v _301_/Y (sky130_fd_sc_hd__o31ai_2)
                                                         _236_ (net)
                      0.079193    0.000193    2.894223 v _302_/C (sky130_fd_sc_hd__and3_1)
     3    0.009058    0.063153    0.220005    3.114228 v _302_/X (sky130_fd_sc_hd__and3_1)
                                                         _237_ (net)
                      0.063154    0.000324    3.114552 v _304_/A (sky130_fd_sc_hd__or3_4)
     4    0.012591    0.078858    0.409568    3.524120 v _304_/X (sky130_fd_sc_hd__or3_4)
                                                         _239_ (net)
                      0.078858    0.000304    3.524424 v _341_/A2 (sky130_fd_sc_hd__o221a_4)
     2    0.018742    0.061520    0.295401    3.819825 v _341_/X (sky130_fd_sc_hd__o221a_4)
                                                         _274_ (net)
                      0.061528    0.000674    3.820499 v _344_/B (sky130_fd_sc_hd__xor2_4)
     2    0.014457    0.076210    0.165016    3.985515 v _344_/X (sky130_fd_sc_hd__xor2_4)
                                                         _001_ (net)
                      0.076212    0.000548    3.986063 v _353_/B (sky130_fd_sc_hd__xor2_2)
     2    0.011534    0.081949    0.171142    4.157206 v _353_/X (sky130_fd_sc_hd__xor2_2)
                                                         _010_ (net)
                      0.081949    0.000242    4.157447 v _354_/A (sky130_fd_sc_hd__xnor2_2)
     2    0.012703    0.206940    0.231600    4.389048 ^ _354_/Y (sky130_fd_sc_hd__xnor2_2)
                                                         _011_ (net)
                      0.206940    0.000495    4.389543 ^ _365_/B (sky130_fd_sc_hd__xnor2_2)
     2    0.004519    0.118218    0.135536    4.525078 ^ _365_/Y (sky130_fd_sc_hd__xnor2_2)
                                                         _022_ (net)
                      0.118218    0.000095    4.525173 ^ _368_/A_N (sky130_fd_sc_hd__and2b_1)
     2    0.006590    0.049781    0.207872    4.733045 v _368_/X (sky130_fd_sc_hd__and2b_1)
                                                         _025_ (net)
                      0.049782    0.000230    4.733275 v _400_/A2 (sky130_fd_sc_hd__o21a_1)
     4    0.011961    0.075396    0.207363    4.940638 v _400_/X (sky130_fd_sc_hd__o21a_1)
                                                         _056_ (net)
                      0.075397    0.000413    4.941051 v _495_/A1 (sky130_fd_sc_hd__o211a_1)
     2    0.010506    0.071856    0.267649    5.208701 v _495_/X (sky130_fd_sc_hd__o211a_1)
                                                         _148_ (net)
                      0.071860    0.000628    5.209329 v _542_/A3 (sky130_fd_sc_hd__o311a_4)
     4    0.016486    0.071059    0.340170    5.549499 v _542_/X (sky130_fd_sc_hd__o311a_4)
                                                         _193_ (net)
                      0.071059    0.000974    5.550473 v _543_/B (sky130_fd_sc_hd__xnor2_1)
     1    0.004744    0.152499    0.165819    5.716292 ^ _543_/Y (sky130_fd_sc_hd__xnor2_1)
                                                         net20 (net)
                      0.152499    0.000188    5.716481 ^ output20/A (sky130_fd_sc_hd__buf_4)
     1    0.035027    0.104921    0.193493    5.909974 ^ output20/X (sky130_fd_sc_hd__buf_4)
                                                         P[12] (net)
                      0.104931    0.001092    5.911066 ^ P[12] (out)
                                              5.911066   data arrival time

                      0.000000   10.000000   10.000000   clock __VIRTUAL_CLK__ (rise edge)
                                  0.000000   10.000000   clock network delay (ideal)
                                 -0.250000    9.750000   clock uncertainty
                                  0.000000    9.750000   clock reconvergence pessimism
                                 -2.000000    7.750000   output external delay
                                              7.750000   data required time
---------------------------------------------------------------------------------------------
                                              7.750000   data required time
                                             -5.911066   data arrival time
---------------------------------------------------------------------------------------------
                                              1.838934   slack (MET)


Startpoint: B[2] (input port clocked by __VIRTUAL_CLK__)
Endpoint: P[10] (output port clocked by __VIRTUAL_CLK__)
Path Group: __VIRTUAL_CLK__
Path Type: max

Fanout         Cap        Slew       Delay        Time   Description
---------------------------------------------------------------------------------------------
                      0.000000    0.000000    0.000000   clock __VIRTUAL_CLK__ (rise edge)
                                  0.000000    0.000000   clock network delay (ideal)
                                  2.000000    2.000000 v input external delay
     1    0.003652    0.010609    0.005886    2.005886 v B[2] (in)
                                                         B[2] (net)
                      0.010614    0.000000    2.005886 v input11/A (sky130_fd_sc_hd__clkbuf_2)
     2    0.014841    0.063715    0.120280    2.126165 v input11/X (sky130_fd_sc_hd__clkbuf_2)
                                                         net11 (net)
                      0.063718    0.000500    2.126665 v fanout43/A (sky130_fd_sc_hd__buf_6)
     5    0.013056    0.027734    0.126726    2.253391 v fanout43/X (sky130_fd_sc_hd__buf_6)
                                                         net43 (net)
                      0.027762    0.000546    2.253937 v rebuffer24/A (sky130_fd_sc_hd__dlygate4sd1_1)
     5    0.018955    0.100527    0.283217    2.537155 v rebuffer24/X (sky130_fd_sc_hd__dlygate4sd1_1)
                                                         net70 (net)
                      0.100529    0.000541    2.537696 v _298_/A2 (sky130_fd_sc_hd__o2111ai_1)
     1    0.006405    0.223247    0.242498    2.780193 ^ _298_/Y (sky130_fd_sc_hd__o2111ai_1)
                                                         _233_ (net)
                      0.223247    0.000262    2.780455 ^ _301_/B1 (sky130_fd_sc_hd__o31ai_2)
     2    0.005873    0.079193    0.113575    2.894030 v _301_/Y (sky130_fd_sc_hd__o31ai_2)
                                                         _236_ (net)
                      0.079193    0.000193    2.894223 v _302_/C (sky130_fd_sc_hd__and3_1)
     3    0.009058    0.063153    0.220005    3.114228 v _302_/X (sky130_fd_sc_hd__and3_1)
                                                         _237_ (net)
                      0.063154    0.000324    3.114552 v _304_/A (sky130_fd_sc_hd__or3_4)
     4    0.012591    0.078858    0.409568    3.524120 v _304_/X (sky130_fd_sc_hd__or3_4)
                                                         _239_ (net)
                      0.078858    0.000304    3.524424 v _341_/A2 (sky130_fd_sc_hd__o221a_4)
     2    0.018742    0.061520    0.295401    3.819825 v _341_/X (sky130_fd_sc_hd__o221a_4)
                                                         _274_ (net)
                      0.061528    0.000674    3.820499 v _344_/B (sky130_fd_sc_hd__xor2_4)
     2    0.014457    0.076210    0.165016    3.985515 v _344_/X (sky130_fd_sc_hd__xor2_4)
                                                         _001_ (net)
                      0.076212    0.000548    3.986063 v _353_/B (sky130_fd_sc_hd__xor2_2)
     2    0.011534    0.081949    0.171142    4.157206 v _353_/X (sky130_fd_sc_hd__xor2_2)
                                                         _010_ (net)
                      0.081949    0.000242    4.157447 v _354_/A (sky130_fd_sc_hd__xnor2_2)
     2    0.012703    0.206940    0.231600    4.389048 ^ _354_/Y (sky130_fd_sc_hd__xnor2_2)
                                                         _011_ (net)
                      0.206940    0.000495    4.389543 ^ _365_/B (sky130_fd_sc_hd__xnor2_2)
     2    0.004519    0.118218    0.135536    4.525078 ^ _365_/Y (sky130_fd_sc_hd__xnor2_2)
                                                         _022_ (net)
                      0.118218    0.000095    4.525173 ^ _368_/A_N (sky130_fd_sc_hd__and2b_1)
     2    0.006590    0.049781    0.207872    4.733045 v _368_/X (sky130_fd_sc_hd__and2b_1)
                                                         _025_ (net)
                      0.049782    0.000230    4.733275 v _400_/A2 (sky130_fd_sc_hd__o21a_1)
     4    0.011961    0.075396    0.207363    4.940638 v _400_/X (sky130_fd_sc_hd__o21a_1)
                                                         _056_ (net)
                      0.075397    0.000413    4.941051 v _495_/A1 (sky130_fd_sc_hd__o211a_1)
     2    0.010506    0.071856    0.267649    5.208701 v _495_/X (sky130_fd_sc_hd__o211a_1)
                                                         _148_ (net)
                      0.071858    0.000560    5.209260 v _498_/A (sky130_fd_sc_hd__or2_1)
     2    0.012298    0.089678    0.281106    5.490366 v _498_/X (sky130_fd_sc_hd__or2_1)
                                                         _151_ (net)
                      0.089679    0.000493    5.490860 v _499_/B (sky130_fd_sc_hd__xnor2_2)
     1    0.009485    0.171678    0.181272    5.672132 ^ _499_/Y (sky130_fd_sc_hd__xnor2_2)
                                                         net18 (net)
                      0.171679    0.000481    5.672613 ^ output18/A (sky130_fd_sc_hd__buf_6)
     1    0.034310    0.077627    0.161566    5.834179 ^ output18/X (sky130_fd_sc_hd__buf_6)
                                                         P[10] (net)
                      0.077638    0.000950    5.835129 ^ P[10] (out)
                                              5.835129   data arrival time

                      0.000000   10.000000   10.000000   clock __VIRTUAL_CLK__ (rise edge)
                                  0.000000   10.000000   clock network delay (ideal)
                                 -0.250000    9.750000   clock uncertainty
                                  0.000000    9.750000   clock reconvergence pessimism
                                 -2.000000    7.750000   output external delay
                                              7.750000   data required time
---------------------------------------------------------------------------------------------
                                              7.750000   data required time
                                             -5.835129   data arrival time
---------------------------------------------------------------------------------------------
                                              1.914871   slack (MET)


Startpoint: B[2] (input port clocked by __VIRTUAL_CLK__)
Endpoint: P[8] (output port clocked by __VIRTUAL_CLK__)
Path Group: __VIRTUAL_CLK__
Path Type: max

Fanout         Cap        Slew       Delay        Time   Description
---------------------------------------------------------------------------------------------
                      0.000000    0.000000    0.000000   clock __VIRTUAL_CLK__ (rise edge)
                                  0.000000    0.000000   clock network delay (ideal)
                                  2.000000    2.000000 v input external delay
     1    0.003652    0.010609    0.005886    2.005886 v B[2] (in)
                                                         B[2] (net)
                      0.010614    0.000000    2.005886 v input11/A (sky130_fd_sc_hd__clkbuf_2)
     2    0.014841    0.063715    0.120280    2.126165 v input11/X (sky130_fd_sc_hd__clkbuf_2)
                                                         net11 (net)
                      0.063718    0.000500    2.126665 v fanout43/A (sky130_fd_sc_hd__buf_6)
     5    0.013056    0.027734    0.126726    2.253391 v fanout43/X (sky130_fd_sc_hd__buf_6)
                                                         net43 (net)
                      0.027762    0.000546    2.253937 v rebuffer24/A (sky130_fd_sc_hd__dlygate4sd1_1)
     5    0.018955    0.100527    0.283217    2.537155 v rebuffer24/X (sky130_fd_sc_hd__dlygate4sd1_1)
                                                         net70 (net)
                      0.100529    0.000541    2.537696 v _298_/A2 (sky130_fd_sc_hd__o2111ai_1)
     1    0.006405    0.223247    0.242498    2.780193 ^ _298_/Y (sky130_fd_sc_hd__o2111ai_1)
                                                         _233_ (net)
                      0.223247    0.000262    2.780455 ^ _301_/B1 (sky130_fd_sc_hd__o31ai_2)
     2    0.005873    0.079193    0.113575    2.894030 v _301_/Y (sky130_fd_sc_hd__o31ai_2)
                                                         _236_ (net)
                      0.079193    0.000193    2.894223 v _302_/C (sky130_fd_sc_hd__and3_1)
     3    0.009058    0.063153    0.220005    3.114228 v _302_/X (sky130_fd_sc_hd__and3_1)
                                                         _237_ (net)
                      0.063154    0.000324    3.114552 v _304_/A (sky130_fd_sc_hd__or3_4)
     4    0.012591    0.078858    0.409568    3.524120 v _304_/X (sky130_fd_sc_hd__or3_4)
                                                         _239_ (net)
                      0.078858    0.000304    3.524424 v _341_/A2 (sky130_fd_sc_hd__o221a_4)
     2    0.018742    0.061520    0.295401    3.819825 v _341_/X (sky130_fd_sc_hd__o221a_4)
                                                         _274_ (net)
                      0.061528    0.000674    3.820499 v _344_/B (sky130_fd_sc_hd__xor2_4)
     2    0.014457    0.076210    0.165016    3.985515 v _344_/X (sky130_fd_sc_hd__xor2_4)
                                                         _001_ (net)
                      0.076212    0.000548    3.986063 v _353_/B (sky130_fd_sc_hd__xor2_2)
     2    0.011534    0.081949    0.171142    4.157206 v _353_/X (sky130_fd_sc_hd__xor2_2)
                                                         _010_ (net)
                      0.081949    0.000242    4.157447 v _354_/A (sky130_fd_sc_hd__xnor2_2)
     2    0.012703    0.206940    0.231600    4.389048 ^ _354_/Y (sky130_fd_sc_hd__xnor2_2)
                                                         _011_ (net)
                      0.206940    0.000495    4.389543 ^ _365_/B (sky130_fd_sc_hd__xnor2_2)
     2    0.004519    0.118218    0.135536    4.525078 ^ _365_/Y (sky130_fd_sc_hd__xnor2_2)
                                                         _022_ (net)
                      0.118218    0.000095    4.525173 ^ _368_/A_N (sky130_fd_sc_hd__and2b_1)
     2    0.006590    0.049781    0.207872    4.733045 v _368_/X (sky130_fd_sc_hd__and2b_1)
                                                         _025_ (net)
                      0.049782    0.000230    4.733275 v _400_/A2 (sky130_fd_sc_hd__o21a_1)
     4    0.011961    0.075396    0.207363    4.940638 v _400_/X (sky130_fd_sc_hd__o21a_1)
                                                         _056_ (net)
                      0.075397    0.000401    4.941039 v _434_/B (sky130_fd_sc_hd__or3_1)
     1    0.003541    0.070046    0.355558    5.296597 v _434_/X (sky130_fd_sc_hd__or3_1)
                                                         _089_ (net)
                      0.070046    0.000120    5.296718 v _435_/B (sky130_fd_sc_hd__and2_4)
     1    0.009766    0.036089    0.172875    5.469592 v _435_/X (sky130_fd_sc_hd__and2_4)
                                                         net31 (net)
                      0.036108    0.000616    5.470208 v output31/A (sky130_fd_sc_hd__buf_6)
     1    0.035011    0.044271    0.133078    5.603285 v output31/X (sky130_fd_sc_hd__buf_6)
                                                         P[8] (net)
                      0.044295    0.000955    5.604240 v P[8] (out)
                                              5.604240   data arrival time

                      0.000000   10.000000   10.000000   clock __VIRTUAL_CLK__ (rise edge)
                                  0.000000   10.000000   clock network delay (ideal)
                                 -0.250000    9.750000   clock uncertainty
                                  0.000000    9.750000   clock reconvergence pessimism
                                 -2.000000    7.750000   output external delay
                                              7.750000   data required time
---------------------------------------------------------------------------------------------
                                              7.750000   data required time
                                             -5.604240   data arrival time
---------------------------------------------------------------------------------------------
                                              2.145760   slack (MET)


Startpoint: B[2] (input port clocked by __VIRTUAL_CLK__)
Endpoint: P[9] (output port clocked by __VIRTUAL_CLK__)
Path Group: __VIRTUAL_CLK__
Path Type: max

Fanout         Cap        Slew       Delay        Time   Description
---------------------------------------------------------------------------------------------
                      0.000000    0.000000    0.000000   clock __VIRTUAL_CLK__ (rise edge)
                                  0.000000    0.000000   clock network delay (ideal)
                                  2.000000    2.000000 v input external delay
     1    0.003652    0.010609    0.005886    2.005886 v B[2] (in)
                                                         B[2] (net)
                      0.010614    0.000000    2.005886 v input11/A (sky130_fd_sc_hd__clkbuf_2)
     2    0.014841    0.063715    0.120280    2.126165 v input11/X (sky130_fd_sc_hd__clkbuf_2)
                                                         net11 (net)
                      0.063718    0.000500    2.126665 v fanout43/A (sky130_fd_sc_hd__buf_6)
     5    0.013056    0.027734    0.126726    2.253391 v fanout43/X (sky130_fd_sc_hd__buf_6)
                                                         net43 (net)
                      0.027762    0.000546    2.253937 v rebuffer24/A (sky130_fd_sc_hd__dlygate4sd1_1)
     5    0.018955    0.100527    0.283217    2.537155 v rebuffer24/X (sky130_fd_sc_hd__dlygate4sd1_1)
                                                         net70 (net)
                      0.100529    0.000541    2.537696 v _298_/A2 (sky130_fd_sc_hd__o2111ai_1)
     1    0.006405    0.223247    0.242498    2.780193 ^ _298_/Y (sky130_fd_sc_hd__o2111ai_1)
                                                         _233_ (net)
                      0.223247    0.000262    2.780455 ^ _301_/B1 (sky130_fd_sc_hd__o31ai_2)
     2    0.005873    0.079193    0.113575    2.894030 v _301_/Y (sky130_fd_sc_hd__o31ai_2)
                                                         _236_ (net)
                      0.079193    0.000193    2.894223 v _302_/C (sky130_fd_sc_hd__and3_1)
     3    0.009058    0.063153    0.220005    3.114228 v _302_/X (sky130_fd_sc_hd__and3_1)
                                                         _237_ (net)
                      0.063154    0.000324    3.114552 v _304_/A (sky130_fd_sc_hd__or3_4)
     4    0.012591    0.078858    0.409568    3.524120 v _304_/X (sky130_fd_sc_hd__or3_4)
                                                         _239_ (net)
                      0.078858    0.000304    3.524424 v _341_/A2 (sky130_fd_sc_hd__o221a_4)
     2    0.018742    0.061520    0.295401    3.819825 v _341_/X (sky130_fd_sc_hd__o221a_4)
                                                         _274_ (net)
                      0.061528    0.000674    3.820499 v _344_/B (sky130_fd_sc_hd__xor2_4)
     2    0.014457    0.076210    0.165016    3.985515 v _344_/X (sky130_fd_sc_hd__xor2_4)
                                                         _001_ (net)
                      0.076212    0.000548    3.986063 v _353_/B (sky130_fd_sc_hd__xor2_2)
     2    0.011534    0.081949    0.171142    4.157206 v _353_/X (sky130_fd_sc_hd__xor2_2)
                                                         _010_ (net)
                      0.081949    0.000242    4.157447 v _354_/A (sky130_fd_sc_hd__xnor2_2)
     2    0.012703    0.206940    0.231600    4.389048 ^ _354_/Y (sky130_fd_sc_hd__xnor2_2)
                                                         _011_ (net)
                      0.206940    0.000495    4.389543 ^ _365_/B (sky130_fd_sc_hd__xnor2_2)
     2    0.004519    0.118218    0.135536    4.525078 ^ _365_/Y (sky130_fd_sc_hd__xnor2_2)
                                                         _022_ (net)
                      0.118218    0.000095    4.525173 ^ _368_/A_N (sky130_fd_sc_hd__and2b_1)
     2    0.006590    0.049781    0.207872    4.733045 v _368_/X (sky130_fd_sc_hd__and2b_1)
                                                         _025_ (net)
                      0.049782    0.000230    4.733275 v _400_/A2 (sky130_fd_sc_hd__o21a_1)
     4    0.011961    0.075396    0.207363    4.940638 v _400_/X (sky130_fd_sc_hd__o21a_1)
                                                         _056_ (net)
                      0.075397    0.000378    4.941016 v _433_/A2 (sky130_fd_sc_hd__o21ai_1)
     2    0.009731    0.216191    0.213080    5.154096 ^ _433_/Y (sky130_fd_sc_hd__o21ai_1)
                                                         _088_ (net)
                      0.216192    0.000342    5.154438 ^ _468_/B (sky130_fd_sc_hd__nand2_2)
     1    0.009561    0.066524    0.099797    5.254235 v _468_/Y (sky130_fd_sc_hd__nand2_2)
                                                         _122_ (net)
                      0.066525    0.000325    5.254560 v _469_/B (sky130_fd_sc_hd__xor2_2)
     1    0.009976    0.165064    0.174407    5.428967 ^ _469_/X (sky130_fd_sc_hd__xor2_2)
                                                         net32 (net)
                      0.165064    0.000591    5.429557 ^ output32/A (sky130_fd_sc_hd__buf_6)
     1    0.035126    0.079041    0.161241    5.590799 ^ output32/X (sky130_fd_sc_hd__buf_6)
                                                         P[9] (net)
                      0.079053    0.001001    5.591800 ^ P[9] (out)
                                              5.591800   data arrival time

                      0.000000   10.000000   10.000000   clock __VIRTUAL_CLK__ (rise edge)
                                  0.000000   10.000000   clock network delay (ideal)
                                 -0.250000    9.750000   clock uncertainty
                                  0.000000    9.750000   clock reconvergence pessimism
                                 -2.000000    7.750000   output external delay
                                              7.750000   data required time
---------------------------------------------------------------------------------------------
                                              7.750000   data required time
                                             -5.591800   data arrival time
---------------------------------------------------------------------------------------------
                                              2.158200   slack (MET)


Startpoint: B[2] (input port clocked by __VIRTUAL_CLK__)
Endpoint: P[7] (output port clocked by __VIRTUAL_CLK__)
Path Group: __VIRTUAL_CLK__
Path Type: max

Fanout         Cap        Slew       Delay        Time   Description
---------------------------------------------------------------------------------------------
                      0.000000    0.000000    0.000000   clock __VIRTUAL_CLK__ (rise edge)
                                  0.000000    0.000000   clock network delay (ideal)
                                  2.000000    2.000000 v input external delay
     1    0.003652    0.010609    0.005886    2.005886 v B[2] (in)
                                                         B[2] (net)
                      0.010614    0.000000    2.005886 v input11/A (sky130_fd_sc_hd__clkbuf_2)
     2    0.014841    0.063715    0.120280    2.126165 v input11/X (sky130_fd_sc_hd__clkbuf_2)
                                                         net11 (net)
                      0.063718    0.000500    2.126665 v fanout43/A (sky130_fd_sc_hd__buf_6)
     5    0.013056    0.027734    0.126726    2.253391 v fanout43/X (sky130_fd_sc_hd__buf_6)
                                                         net43 (net)
                      0.027762    0.000546    2.253937 v rebuffer24/A (sky130_fd_sc_hd__dlygate4sd1_1)
     5    0.018955    0.100527    0.283217    2.537155 v rebuffer24/X (sky130_fd_sc_hd__dlygate4sd1_1)
                                                         net70 (net)
                      0.100529    0.000541    2.537696 v _298_/A2 (sky130_fd_sc_hd__o2111ai_1)
     1    0.006405    0.223247    0.242498    2.780193 ^ _298_/Y (sky130_fd_sc_hd__o2111ai_1)
                                                         _233_ (net)
                      0.223247    0.000262    2.780455 ^ _301_/B1 (sky130_fd_sc_hd__o31ai_2)
     2    0.005873    0.079193    0.113575    2.894030 v _301_/Y (sky130_fd_sc_hd__o31ai_2)
                                                         _236_ (net)
                      0.079193    0.000193    2.894223 v _302_/C (sky130_fd_sc_hd__and3_1)
     3    0.009058    0.063153    0.220005    3.114228 v _302_/X (sky130_fd_sc_hd__and3_1)
                                                         _237_ (net)
                      0.063154    0.000324    3.114552 v _304_/A (sky130_fd_sc_hd__or3_4)
     4    0.012591    0.078858    0.409568    3.524120 v _304_/X (sky130_fd_sc_hd__or3_4)
                                                         _239_ (net)
                      0.078858    0.000304    3.524424 v _341_/A2 (sky130_fd_sc_hd__o221a_4)
     2    0.018742    0.061520    0.295401    3.819825 v _341_/X (sky130_fd_sc_hd__o221a_4)
                                                         _274_ (net)
                      0.061528    0.000674    3.820499 v _344_/B (sky130_fd_sc_hd__xor2_4)
     2    0.014457    0.076210    0.165016    3.985515 v _344_/X (sky130_fd_sc_hd__xor2_4)
                                                         _001_ (net)
                      0.076212    0.000548    3.986063 v _353_/B (sky130_fd_sc_hd__xor2_2)
     2    0.011534    0.081949    0.171142    4.157206 v _353_/X (sky130_fd_sc_hd__xor2_2)
                                                         _010_ (net)
                      0.081949    0.000242    4.157447 v _354_/A (sky130_fd_sc_hd__xnor2_2)
     2    0.012703    0.206940    0.231600    4.389048 ^ _354_/Y (sky130_fd_sc_hd__xnor2_2)
                                                         _011_ (net)
                      0.206940    0.000495    4.389543 ^ _365_/B (sky130_fd_sc_hd__xnor2_2)
     2    0.004519    0.118218    0.135536    4.525078 ^ _365_/Y (sky130_fd_sc_hd__xnor2_2)
                                                         _022_ (net)
                      0.118218    0.000095    4.525173 ^ _368_/A_N (sky130_fd_sc_hd__and2b_1)
     2    0.006590    0.049781    0.207872    4.733045 v _368_/X (sky130_fd_sc_hd__and2b_1)
                                                         _025_ (net)
                      0.049782    0.000230    4.733275 v _400_/A2 (sky130_fd_sc_hd__o21a_1)
     4    0.011961    0.075396    0.207363    4.940638 v _400_/X (sky130_fd_sc_hd__o21a_1)
                                                         _056_ (net)
                      0.075396    0.000199    4.940837 v _402_/A (sky130_fd_sc_hd__nor2_1)
     1    0.007831    0.157886    0.169485    5.110322 ^ _402_/Y (sky130_fd_sc_hd__nor2_1)
                                                         net30 (net)
                      0.157888    0.000450    5.110772 ^ output30/A (sky130_fd_sc_hd__buf_4)
     1    0.034630    0.103930    0.194310    5.305082 ^ output30/X (sky130_fd_sc_hd__buf_4)
                                                         P[7] (net)
                      0.103937    0.000928    5.306010 ^ P[7] (out)
                                              5.306010   data arrival time

                      0.000000   10.000000   10.000000   clock __VIRTUAL_CLK__ (rise edge)
                                  0.000000   10.000000   clock network delay (ideal)
                                 -0.250000    9.750000   clock uncertainty
                                  0.000000    9.750000   clock reconvergence pessimism
                                 -2.000000    7.750000   output external delay
                                              7.750000   data required time
---------------------------------------------------------------------------------------------
                                              7.750000   data required time
                                             -5.306010   data arrival time
---------------------------------------------------------------------------------------------
                                              2.443990   slack (MET)


Startpoint: B[2] (input port clocked by __VIRTUAL_CLK__)
Endpoint: P[6] (output port clocked by __VIRTUAL_CLK__)
Path Group: __VIRTUAL_CLK__
Path Type: max

Fanout         Cap        Slew       Delay        Time   Description
---------------------------------------------------------------------------------------------
                      0.000000    0.000000    0.000000   clock __VIRTUAL_CLK__ (rise edge)
                                  0.000000    0.000000   clock network delay (ideal)
                                  2.000000    2.000000 v input external delay
     1    0.003652    0.010609    0.005886    2.005886 v B[2] (in)
                                                         B[2] (net)
                      0.010614    0.000000    2.005886 v input11/A (sky130_fd_sc_hd__clkbuf_2)
     2    0.014841    0.063715    0.120280    2.126165 v input11/X (sky130_fd_sc_hd__clkbuf_2)
                                                         net11 (net)
                      0.063718    0.000500    2.126665 v fanout43/A (sky130_fd_sc_hd__buf_6)
     5    0.013056    0.027734    0.126726    2.253391 v fanout43/X (sky130_fd_sc_hd__buf_6)
                                                         net43 (net)
                      0.027762    0.000546    2.253937 v rebuffer24/A (sky130_fd_sc_hd__dlygate4sd1_1)
     5    0.018955    0.100527    0.283217    2.537155 v rebuffer24/X (sky130_fd_sc_hd__dlygate4sd1_1)
                                                         net70 (net)
                      0.100529    0.000541    2.537696 v _298_/A2 (sky130_fd_sc_hd__o2111ai_1)
     1    0.006405    0.223247    0.242498    2.780193 ^ _298_/Y (sky130_fd_sc_hd__o2111ai_1)
                                                         _233_ (net)
                      0.223247    0.000262    2.780455 ^ _301_/B1 (sky130_fd_sc_hd__o31ai_2)
     2    0.005873    0.079193    0.113575    2.894030 v _301_/Y (sky130_fd_sc_hd__o31ai_2)
                                                         _236_ (net)
                      0.079193    0.000193    2.894223 v _302_/C (sky130_fd_sc_hd__and3_1)
     3    0.009058    0.063153    0.220005    3.114228 v _302_/X (sky130_fd_sc_hd__and3_1)
                                                         _237_ (net)
                      0.063154    0.000324    3.114552 v _304_/A (sky130_fd_sc_hd__or3_4)
     4    0.012591    0.078858    0.409568    3.524120 v _304_/X (sky130_fd_sc_hd__or3_4)
                                                         _239_ (net)
                      0.078858    0.000304    3.524424 v _341_/A2 (sky130_fd_sc_hd__o221a_4)
     2    0.018742    0.061520    0.295401    3.819825 v _341_/X (sky130_fd_sc_hd__o221a_4)
                                                         _274_ (net)
                      0.061528    0.000674    3.820499 v _344_/B (sky130_fd_sc_hd__xor2_4)
     2    0.014457    0.076210    0.165016    3.985515 v _344_/X (sky130_fd_sc_hd__xor2_4)
                                                         _001_ (net)
                      0.076212    0.000548    3.986063 v _353_/B (sky130_fd_sc_hd__xor2_2)
     2    0.011534    0.081949    0.171142    4.157206 v _353_/X (sky130_fd_sc_hd__xor2_2)
                                                         _010_ (net)
                      0.081949    0.000242    4.157447 v _354_/A (sky130_fd_sc_hd__xnor2_2)
     2    0.012703    0.206940    0.231600    4.389048 ^ _354_/Y (sky130_fd_sc_hd__xnor2_2)
                                                         _011_ (net)
                      0.206940    0.000495    4.389543 ^ _365_/B (sky130_fd_sc_hd__xnor2_2)
     2    0.004519    0.118218    0.135536    4.525078 ^ _365_/Y (sky130_fd_sc_hd__xnor2_2)
                                                         _022_ (net)
                      0.118218    0.000093    4.525171 ^ rebuffer18/A (sky130_fd_sc_hd__dlygate4sd1_1)
     1    0.010240    0.106791    0.259643    4.784814 ^ rebuffer18/X (sky130_fd_sc_hd__dlygate4sd1_1)
                                                         net64 (net)
                      0.106791    0.000443    4.785258 ^ _369_/B (sky130_fd_sc_hd__xnor2_2)
     1    0.009641    0.173347    0.136118    4.921376 ^ _369_/Y (sky130_fd_sc_hd__xnor2_2)
                                                         net29 (net)
                      0.173347    0.000588    4.921963 ^ output29/A (sky130_fd_sc_hd__buf_6)
     1    0.034618    0.078214    0.162359    5.084322 ^ output29/X (sky130_fd_sc_hd__buf_6)
                                                         P[6] (net)
                      0.078224    0.000927    5.085249 ^ P[6] (out)
                                              5.085249   data arrival time

                      0.000000   10.000000   10.000000   clock __VIRTUAL_CLK__ (rise edge)
                                  0.000000   10.000000   clock network delay (ideal)
                                 -0.250000    9.750000   clock uncertainty
                                  0.000000    9.750000   clock reconvergence pessimism
                                 -2.000000    7.750000   output external delay
                                              7.750000   data required time
---------------------------------------------------------------------------------------------
                                              7.750000   data required time
                                             -5.085249   data arrival time
---------------------------------------------------------------------------------------------
                                              2.664751   slack (MET)


Startpoint: B[2] (input port clocked by __VIRTUAL_CLK__)
Endpoint: P[5] (output port clocked by __VIRTUAL_CLK__)
Path Group: __VIRTUAL_CLK__
Path Type: max

Fanout         Cap        Slew       Delay        Time   Description
---------------------------------------------------------------------------------------------
                      0.000000    0.000000    0.000000   clock __VIRTUAL_CLK__ (rise edge)
                                  0.000000    0.000000   clock network delay (ideal)
                                  2.000000    2.000000 v input external delay
     1    0.003652    0.010609    0.005886    2.005886 v B[2] (in)
                                                         B[2] (net)
                      0.010614    0.000000    2.005886 v input11/A (sky130_fd_sc_hd__clkbuf_2)
     2    0.014841    0.063715    0.120280    2.126165 v input11/X (sky130_fd_sc_hd__clkbuf_2)
                                                         net11 (net)
                      0.063718    0.000500    2.126665 v fanout43/A (sky130_fd_sc_hd__buf_6)
     5    0.013056    0.027734    0.126726    2.253391 v fanout43/X (sky130_fd_sc_hd__buf_6)
                                                         net43 (net)
                      0.027762    0.000546    2.253937 v rebuffer24/A (sky130_fd_sc_hd__dlygate4sd1_1)
     5    0.018955    0.100527    0.283217    2.537155 v rebuffer24/X (sky130_fd_sc_hd__dlygate4sd1_1)
                                                         net70 (net)
                      0.100529    0.000541    2.537696 v _298_/A2 (sky130_fd_sc_hd__o2111ai_1)
     1    0.006405    0.223247    0.242498    2.780193 ^ _298_/Y (sky130_fd_sc_hd__o2111ai_1)
                                                         _233_ (net)
                      0.223247    0.000262    2.780455 ^ _301_/B1 (sky130_fd_sc_hd__o31ai_2)
     2    0.005873    0.079193    0.113575    2.894030 v _301_/Y (sky130_fd_sc_hd__o31ai_2)
                                                         _236_ (net)
                      0.079193    0.000193    2.894223 v _302_/C (sky130_fd_sc_hd__and3_1)
     3    0.009058    0.063153    0.220005    3.114228 v _302_/X (sky130_fd_sc_hd__and3_1)
                                                         _237_ (net)
                      0.063154    0.000307    3.114535 v rebuffer1/A (sky130_fd_sc_hd__dlygate4sd1_1)
     3    0.007586    0.052201    0.255946    3.370481 v rebuffer1/X (sky130_fd_sc_hd__dlygate4sd1_1)
                                                         net47 (net)
                      0.052201    0.000163    3.370644 v rebuffer2/A (sky130_fd_sc_hd__dlygate4sd1_1)
     1    0.001849    0.027125    0.223062    3.593706 v rebuffer2/X (sky130_fd_sc_hd__dlygate4sd1_1)
                                                         net48 (net)
                      0.027125    0.000037    3.593743 v _315_/A (sky130_fd_sc_hd__and3_1)
     1    0.003216    0.038803    0.133789    3.727532 v _315_/X (sky130_fd_sc_hd__and3_1)
                                                         _249_ (net)
                      0.038803    0.000104    3.727636 v _318_/A (sky130_fd_sc_hd__nor2_1)
     1    0.005454    0.119091    0.126791    3.854427 ^ _318_/Y (sky130_fd_sc_hd__nor2_1)
                                                         _252_ (net)
                      0.119091    0.000137    3.854564 ^ _319_/B (sky130_fd_sc_hd__xnor2_1)
     2    0.010035    0.256972    0.181749    4.036313 ^ _319_/Y (sky130_fd_sc_hd__xnor2_1)
                                                         _253_ (net)
                      0.256973    0.000412    4.036726 ^ _321_/B (sky130_fd_sc_hd__xnor2_1)
     2    0.009808    0.252337    0.205325    4.242050 ^ _321_/Y (sky130_fd_sc_hd__xnor2_1)
                                                         _255_ (net)
                      0.252338    0.000311    4.242362 ^ _322_/B (sky130_fd_sc_hd__nand2b_1)
     2    0.006783    0.083777    0.119218    4.361580 v _322_/Y (sky130_fd_sc_hd__nand2b_1)
                                                         _256_ (net)
                      0.083777    0.000139    4.361719 v _367_/A2 (sky130_fd_sc_hd__a21oi_2)
     3    0.018077    0.238145    0.255634    4.617353 ^ _367_/Y (sky130_fd_sc_hd__a21oi_2)
                                                         _024_ (net)
                      0.238145    0.000375    4.617728 ^ _567_/A (sky130_fd_sc_hd__nor2_1)
     1    0.006471    0.073324    0.104119    4.721847 v _567_/Y (sky130_fd_sc_hd__nor2_1)
                                                         net28 (net)
                      0.073325    0.000328    4.722175 v output28/A (sky130_fd_sc_hd__buf_2)
     1    0.034488    0.090047    0.193026    4.915201 v output28/X (sky130_fd_sc_hd__buf_2)
                                                         P[5] (net)
                      0.090055    0.000874    4.916074 v P[5] (out)
                                              4.916074   data arrival time

                      0.000000   10.000000   10.000000   clock __VIRTUAL_CLK__ (rise edge)
                                  0.000000   10.000000   clock network delay (ideal)
                                 -0.250000    9.750000   clock uncertainty
                                  0.000000    9.750000   clock reconvergence pessimism
                                 -2.000000    7.750000   output external delay
                                              7.750000   data required time
---------------------------------------------------------------------------------------------
                                              7.750000   data required time
                                             -4.916074   data arrival time
---------------------------------------------------------------------------------------------
                                              2.833926   slack (MET)


Startpoint: B[2] (input port clocked by __VIRTUAL_CLK__)
Endpoint: P[4] (output port clocked by __VIRTUAL_CLK__)
Path Group: __VIRTUAL_CLK__
Path Type: max

Fanout         Cap        Slew       Delay        Time   Description
---------------------------------------------------------------------------------------------
                      0.000000    0.000000    0.000000   clock __VIRTUAL_CLK__ (rise edge)
                                  0.000000    0.000000   clock network delay (ideal)
                                  2.000000    2.000000 v input external delay
     1    0.003652    0.010609    0.005886    2.005886 v B[2] (in)
                                                         B[2] (net)
                      0.010614    0.000000    2.005886 v input11/A (sky130_fd_sc_hd__clkbuf_2)
     2    0.014841    0.063715    0.120280    2.126165 v input11/X (sky130_fd_sc_hd__clkbuf_2)
                                                         net11 (net)
                      0.063718    0.000500    2.126665 v fanout43/A (sky130_fd_sc_hd__buf_6)
     5    0.013056    0.027734    0.126726    2.253391 v fanout43/X (sky130_fd_sc_hd__buf_6)
                                                         net43 (net)
                      0.027762    0.000546    2.253937 v rebuffer24/A (sky130_fd_sc_hd__dlygate4sd1_1)
     5    0.018955    0.100527    0.283217    2.537155 v rebuffer24/X (sky130_fd_sc_hd__dlygate4sd1_1)
                                                         net70 (net)
                      0.100529    0.000541    2.537696 v _298_/A2 (sky130_fd_sc_hd__o2111ai_1)
     1    0.006405    0.223247    0.242498    2.780193 ^ _298_/Y (sky130_fd_sc_hd__o2111ai_1)
                                                         _233_ (net)
                      0.223247    0.000262    2.780455 ^ _301_/B1 (sky130_fd_sc_hd__o31ai_2)
     2    0.005873    0.079193    0.113575    2.894030 v _301_/Y (sky130_fd_sc_hd__o31ai_2)
                                                         _236_ (net)
                      0.079193    0.000193    2.894223 v _302_/C (sky130_fd_sc_hd__and3_1)
     3    0.009058    0.063153    0.220005    3.114228 v _302_/X (sky130_fd_sc_hd__and3_1)
                                                         _237_ (net)
                      0.063154    0.000307    3.114535 v rebuffer1/A (sky130_fd_sc_hd__dlygate4sd1_1)
     3    0.007586    0.052201    0.255946    3.370481 v rebuffer1/X (sky130_fd_sc_hd__dlygate4sd1_1)
                                                         net47 (net)
                      0.052201    0.000163    3.370644 v rebuffer2/A (sky130_fd_sc_hd__dlygate4sd1_1)
     1    0.001849    0.027125    0.223062    3.593706 v rebuffer2/X (sky130_fd_sc_hd__dlygate4sd1_1)
                                                         net48 (net)
                      0.027125    0.000037    3.593743 v _315_/A (sky130_fd_sc_hd__and3_1)
     1    0.003216    0.038803    0.133789    3.727532 v _315_/X (sky130_fd_sc_hd__and3_1)
                                                         _249_ (net)
                      0.038803    0.000104    3.727636 v _318_/A (sky130_fd_sc_hd__nor2_1)
     1    0.005454    0.119091    0.126791    3.854427 ^ _318_/Y (sky130_fd_sc_hd__nor2_1)
                                                         _252_ (net)
                      0.119091    0.000137    3.854564 ^ _319_/B (sky130_fd_sc_hd__xnor2_1)
     2    0.010035    0.256972    0.181749    4.036313 ^ _319_/Y (sky130_fd_sc_hd__xnor2_1)
                                                         _253_ (net)
                      0.256973    0.000412    4.036726 ^ _321_/B (sky130_fd_sc_hd__xnor2_1)
     2    0.009808    0.252337    0.205325    4.242050 ^ _321_/Y (sky130_fd_sc_hd__xnor2_1)
                                                         _255_ (net)
                      0.252338    0.000345    4.242395 ^ _323_/B (sky130_fd_sc_hd__xnor2_1)
     1    0.007624    0.208732    0.187844    4.430239 ^ _323_/Y (sky130_fd_sc_hd__xnor2_1)
                                                         net27 (net)
                      0.208786    0.000427    4.430666 ^ output27/A (sky130_fd_sc_hd__buf_2)
     1    0.034740    0.172953    0.251320    4.681986 ^ output27/X (sky130_fd_sc_hd__buf_2)
                                                         P[4] (net)
                      0.172956    0.000977    4.682962 ^ P[4] (out)
                                              4.682962   data arrival time

                      0.000000   10.000000   10.000000   clock __VIRTUAL_CLK__ (rise edge)
                                  0.000000   10.000000   clock network delay (ideal)
                                 -0.250000    9.750000   clock uncertainty
                                  0.000000    9.750000   clock reconvergence pessimism
                                 -2.000000    7.750000   output external delay
                                              7.750000   data required time
---------------------------------------------------------------------------------------------
                                              7.750000   data required time
                                             -4.682962   data arrival time
---------------------------------------------------------------------------------------------
                                              3.067037   slack (MET)


Startpoint: B[2] (input port clocked by __VIRTUAL_CLK__)
Endpoint: P[3] (output port clocked by __VIRTUAL_CLK__)
Path Group: __VIRTUAL_CLK__
Path Type: max

Fanout         Cap        Slew       Delay        Time   Description
---------------------------------------------------------------------------------------------
                      0.000000    0.000000    0.000000   clock __VIRTUAL_CLK__ (rise edge)
                                  0.000000    0.000000   clock network delay (ideal)
                                  2.000000    2.000000 v input external delay
     1    0.003652    0.010609    0.005886    2.005886 v B[2] (in)
                                                         B[2] (net)
                      0.010614    0.000000    2.005886 v input11/A (sky130_fd_sc_hd__clkbuf_2)
     2    0.014841    0.063715    0.120280    2.126165 v input11/X (sky130_fd_sc_hd__clkbuf_2)
                                                         net11 (net)
                      0.063718    0.000500    2.126665 v fanout43/A (sky130_fd_sc_hd__buf_6)
     5    0.013056    0.027734    0.126726    2.253391 v fanout43/X (sky130_fd_sc_hd__buf_6)
                                                         net43 (net)
                      0.027762    0.000546    2.253937 v rebuffer24/A (sky130_fd_sc_hd__dlygate4sd1_1)
     5    0.018955    0.100527    0.283217    2.537155 v rebuffer24/X (sky130_fd_sc_hd__dlygate4sd1_1)
                                                         net70 (net)
                      0.100529    0.000541    2.537696 v _298_/A2 (sky130_fd_sc_hd__o2111ai_1)
     1    0.006405    0.223247    0.242498    2.780193 ^ _298_/Y (sky130_fd_sc_hd__o2111ai_1)
                                                         _233_ (net)
                      0.223247    0.000262    2.780455 ^ _301_/B1 (sky130_fd_sc_hd__o31ai_2)
     2    0.005873    0.079193    0.113575    2.894030 v _301_/Y (sky130_fd_sc_hd__o31ai_2)
                                                         _236_ (net)
                      0.079193    0.000193    2.894223 v _302_/C (sky130_fd_sc_hd__and3_1)
     3    0.009058    0.063153    0.220005    3.114228 v _302_/X (sky130_fd_sc_hd__and3_1)
                                                         _237_ (net)
                      0.063154    0.000324    3.114552 v _304_/A (sky130_fd_sc_hd__or3_4)
     4    0.012591    0.078858    0.409568    3.524120 v _304_/X (sky130_fd_sc_hd__or3_4)
                                                         _239_ (net)
                      0.078858    0.000197    3.524317 v _306_/A (sky130_fd_sc_hd__and2_1)
     1    0.003829    0.039430    0.152136    3.676453 v _306_/X (sky130_fd_sc_hd__and2_1)
                                                         net26 (net)
                      0.039430    0.000114    3.676568 v output26/A (sky130_fd_sc_hd__buf_2)
     1    0.034782    0.090789    0.178422    3.854990 v output26/X (sky130_fd_sc_hd__buf_2)
                                                         P[3] (net)
                      0.090799    0.000958    3.855948 v P[3] (out)
                                              3.855948   data arrival time

                      0.000000   10.000000   10.000000   clock __VIRTUAL_CLK__ (rise edge)
                                  0.000000   10.000000   clock network delay (ideal)
                                 -0.250000    9.750000   clock uncertainty
                                  0.000000    9.750000   clock reconvergence pessimism
                                 -2.000000    7.750000   output external delay
                                              7.750000   data required time
---------------------------------------------------------------------------------------------
                                              7.750000   data required time
                                             -3.855948   data arrival time
---------------------------------------------------------------------------------------------
                                              3.894052   slack (MET)


Startpoint: B[2] (input port clocked by __VIRTUAL_CLK__)
Endpoint: P[2] (output port clocked by __VIRTUAL_CLK__)
Path Group: __VIRTUAL_CLK__
Path Type: max

Fanout         Cap        Slew       Delay        Time   Description
---------------------------------------------------------------------------------------------
                      0.000000    0.000000    0.000000   clock __VIRTUAL_CLK__ (rise edge)
                                  0.000000    0.000000   clock network delay (ideal)
                                  2.000000    2.000000 ^ input external delay
     1    0.003882    0.024425    0.014122    2.014122 ^ B[2] (in)
                                                         B[2] (net)
                      0.024434    0.000000    2.014122 ^ input11/A (sky130_fd_sc_hd__clkbuf_2)
     2    0.015400    0.090730    0.131178    2.145300 ^ input11/X (sky130_fd_sc_hd__clkbuf_2)
                                                         net11 (net)
                      0.090732    0.000530    2.145831 ^ fanout43/A (sky130_fd_sc_hd__buf_6)
     5    0.013733    0.039901    0.111478    2.257309 ^ fanout43/X (sky130_fd_sc_hd__buf_6)
                                                         net43 (net)
                      0.039908    0.000496    2.257806 ^ rebuffer23/A (sky130_fd_sc_hd__dlygate4sd1_1)
     1    0.002933    0.041108    0.187659    2.445465 ^ rebuffer23/X (sky130_fd_sc_hd__dlygate4sd1_1)
                                                         net69 (net)
                      0.041108    0.000064    2.445528 ^ _286_/B (sky130_fd_sc_hd__nand2_1)
     2    0.006165    0.053024    0.064114    2.509643 v _286_/Y (sky130_fd_sc_hd__nand2_1)
                                                         _222_ (net)
                      0.053024    0.000128    2.509771 v _287_/B (sky130_fd_sc_hd__or3b_1)
     2    0.008540    0.097548    0.390242    2.900012 v _287_/X (sky130_fd_sc_hd__or3b_1)
                                                         _223_ (net)
                      0.097548    0.000380    2.900393 v _291_/A1 (sky130_fd_sc_hd__a21o_1)
     1    0.003335    0.035538    0.174374    3.074767 v _291_/X (sky130_fd_sc_hd__a21o_1)
                                                         _227_ (net)
                      0.035538    0.000110    3.074877 v _293_/A (sky130_fd_sc_hd__and2_1)
     1    0.003240    0.036950    0.130460    3.205338 v _293_/X (sky130_fd_sc_hd__and2_1)
                                                         net25 (net)
                      0.036950    0.000112    3.205450 v output25/A (sky130_fd_sc_hd__buf_2)
     1    0.034677    0.090564    0.177192    3.382642 v output25/X (sky130_fd_sc_hd__buf_2)
                                                         P[2] (net)
                      0.090574    0.000914    3.383556 v P[2] (out)
                                              3.383556   data arrival time

                      0.000000   10.000000   10.000000   clock __VIRTUAL_CLK__ (rise edge)
                                  0.000000   10.000000   clock network delay (ideal)
                                 -0.250000    9.750000   clock uncertainty
                                  0.000000    9.750000   clock reconvergence pessimism
                                 -2.000000    7.750000   output external delay
                                              7.750000   data required time
---------------------------------------------------------------------------------------------
                                              7.750000   data required time
                                             -3.383556   data arrival time
---------------------------------------------------------------------------------------------
                                              4.366444   slack (MET)


Startpoint: B[1] (input port clocked by __VIRTUAL_CLK__)
Endpoint: P[1] (output port clocked by __VIRTUAL_CLK__)
Path Group: __VIRTUAL_CLK__
Path Type: max

Fanout         Cap        Slew       Delay        Time   Description
---------------------------------------------------------------------------------------------
                      0.000000    0.000000    0.000000   clock __VIRTUAL_CLK__ (rise edge)
                                  0.000000    0.000000   clock network delay (ideal)
                                  2.000000    2.000000 ^ input external delay
     1    0.003605    0.023224    0.013150    2.013150 ^ B[1] (in)
                                                         B[1] (net)
                      0.023231    0.000000    2.013150 ^ input10/A (sky130_fd_sc_hd__clkbuf_2)
     2    0.014068    0.083827    0.126014    2.139164 ^ input10/X (sky130_fd_sc_hd__clkbuf_2)
                                                         net10 (net)
                      0.083827    0.000229    2.139393 ^ fanout44/A (sky130_fd_sc_hd__buf_6)
     5    0.022095    0.054416    0.121640    2.261032 ^ fanout44/X (sky130_fd_sc_hd__buf_6)
                                                         net44 (net)
                      0.054424    0.000673    2.261705 ^ rebuffer9/A (sky130_fd_sc_hd__dlymetal6s2s_1)
     4    0.011801    0.138608    0.159286    2.420991 ^ rebuffer9/X (sky130_fd_sc_hd__dlymetal6s2s_1)
                                                         net55 (net)
                      0.138608    0.000168    2.421160 ^ _285_/A (sky130_fd_sc_hd__and2_1)
     1    0.002292    0.042842    0.135958    2.557117 ^ _285_/X (sky130_fd_sc_hd__and2_1)
                                                         net24 (net)
                      0.042842    0.000050    2.557167 ^ output24/A (sky130_fd_sc_hd__buf_2)
     1    0.035429    0.175627    0.200740    2.757907 ^ output24/X (sky130_fd_sc_hd__buf_2)
                                                         P[1] (net)
                      0.175685    0.001023    2.758929 ^ P[1] (out)
                                              2.758929   data arrival time

                      0.000000   10.000000   10.000000   clock __VIRTUAL_CLK__ (rise edge)
                                  0.000000   10.000000   clock network delay (ideal)
                                 -0.250000    9.750000   clock uncertainty
                                  0.000000    9.750000   clock reconvergence pessimism
                                 -2.000000    7.750000   output external delay
                                              7.750000   data required time
---------------------------------------------------------------------------------------------
                                              7.750000   data required time
                                             -2.758929   data arrival time
---------------------------------------------------------------------------------------------
                                              4.991070   slack (MET)


Startpoint: B[0] (input port clocked by __VIRTUAL_CLK__)
Endpoint: P[0] (output port clocked by __VIRTUAL_CLK__)
Path Group: __VIRTUAL_CLK__
Path Type: max

Fanout         Cap        Slew       Delay        Time   Description
---------------------------------------------------------------------------------------------
                      0.000000    0.000000    0.000000   clock __VIRTUAL_CLK__ (rise edge)
                                  0.000000    0.000000   clock network delay (ideal)
                                  2.000000    2.000000 ^ input external delay
     1    0.004388    0.026630    0.015889    2.015889 ^ B[0] (in)
                                                         B[0] (net)
                      0.026630    0.000000    2.015889 ^ input9/A (sky130_fd_sc_hd__clkbuf_2)
     2    0.014595    0.086563    0.129096    2.144985 ^ input9/X (sky130_fd_sc_hd__clkbuf_2)
                                                         net9 (net)
                      0.086563    0.000337    2.145323 ^ fanout33/A (sky130_fd_sc_hd__buf_6)
     4    0.019107    0.049330    0.118385    2.263708 ^ fanout33/X (sky130_fd_sc_hd__buf_6)
                                                         net33 (net)
                      0.049339    0.000672    2.264380 ^ _281_/A (sky130_fd_sc_hd__nand2_1)
     3    0.010552    0.081813    0.085560    2.349939 v _281_/Y (sky130_fd_sc_hd__nand2_1)
                                                         _219_ (net)
                      0.081837    0.000238    2.350177 v _282_/A (sky130_fd_sc_hd__inv_2)
     1    0.002068    0.027639    0.049384    2.399561 ^ _282_/Y (sky130_fd_sc_hd__inv_2)
                                                         net17 (net)
                      0.027639    0.000042    2.399603 ^ output17/A (sky130_fd_sc_hd__buf_2)
     1    0.034718    0.172328    0.192619    2.592222 ^ output17/X (sky130_fd_sc_hd__buf_2)
                                                         P[0] (net)
                      0.172384    0.000927    2.593150 ^ P[0] (out)
                                              2.593150   data arrival time

                      0.000000   10.000000   10.000000   clock __VIRTUAL_CLK__ (rise edge)
                                  0.000000   10.000000   clock network delay (ideal)
                                 -0.250000    9.750000   clock uncertainty
                                  0.000000    9.750000   clock reconvergence pessimism
                                 -2.000000    7.750000   output external delay
                                              7.750000   data required time
---------------------------------------------------------------------------------------------
                                              7.750000   data required time
                                             -2.593150   data arrival time
---------------------------------------------------------------------------------------------
                                              5.156850   slack (MET)



