
===========================================================================
report_checks -unconstrained
===========================================================================
======================= nom_tt_025C_1v80 Corner ===================================

Startpoint: A[2] (input port clocked by __VIRTUAL_CLK__)
Endpoint: P[14] (output port clocked by __VIRTUAL_CLK__)
Path Group: __VIRTUAL_CLK__
Path Type: max

Fanout         Cap        Slew       Delay        Time   Description
---------------------------------------------------------------------------------------------
                      0.000000    0.000000    0.000000   clock __VIRTUAL_CLK__ (rise edge)
                                  0.000000    0.000000   clock network delay (ideal)
                                  2.000000    2.000000 ^ input external delay
     1    0.003592    0.023166    0.013106    2.013106 ^ A[2] (in)
                                                         A[2] (net)
                      0.023173    0.000000    2.013106 ^ input3/A (sky130_fd_sc_hd__buf_1)
     2    0.011636    0.143257    0.142791    2.155896 ^ input3/X (sky130_fd_sc_hd__buf_1)
                                                         net3 (net)
                      0.143260    0.000500    2.156396 ^ fanout37/A (sky130_fd_sc_hd__buf_2)
    10    0.041247    0.202992    0.254811    2.411207 ^ fanout37/X (sky130_fd_sc_hd__buf_2)
                                                         net37 (net)
                      0.202992    0.000644    2.411851 ^ _330_/A1 (sky130_fd_sc_hd__a22oi_1)
     2    0.007063    0.101107    0.146181    2.558032 v _330_/Y (sky130_fd_sc_hd__a22oi_1)
                                                         _029_ (net)
                      0.101107    0.000250    2.558282 v _332_/C (sky130_fd_sc_hd__or4_4)
     3    0.007798    0.090218    0.504078    3.062360 v _332_/X (sky130_fd_sc_hd__or4_4)
                                                         _031_ (net)
                      0.090218    0.000159    3.062519 v _335_/C1 (sky130_fd_sc_hd__o2111a_1)
     2    0.007502    0.064827    0.168597    3.231115 v _335_/X (sky130_fd_sc_hd__o2111a_1)
                                                         _034_ (net)
                      0.064827    0.000242    3.231357 v _357_/B1 (sky130_fd_sc_hd__a41o_1)
     1    0.010982    0.073679    0.245699    3.477055 v _357_/X (sky130_fd_sc_hd__a41o_1)
                                                         _055_ (net)
                      0.073681    0.000530    3.477586 v _363_/A (sky130_fd_sc_hd__xor2_2)
     2    0.008772    0.083666    0.191466    3.669052 v _363_/X (sky130_fd_sc_hd__xor2_2)
                                                         _061_ (net)
                      0.083667    0.000473    3.669525 v _371_/B (sky130_fd_sc_hd__and3_1)
     3    0.007701    0.058378    0.200165    3.869691 v _371_/X (sky130_fd_sc_hd__and3_1)
                                                         _069_ (net)
                      0.058378    0.000252    3.869943 v _373_/B (sky130_fd_sc_hd__or3_4)
     3    0.007352    0.070377    0.372988    4.242931 v _373_/X (sky130_fd_sc_hd__or3_4)
                                                         _071_ (net)
                      0.070377    0.000135    4.243066 v _377_/C (sky130_fd_sc_hd__and3_1)
     3    0.009574    0.065223    0.217941    4.461007 v _377_/X (sky130_fd_sc_hd__and3_1)
                                                         _075_ (net)
                      0.065223    0.000242    4.461250 v _404_/C (sky130_fd_sc_hd__or3_4)
     1    0.006068    0.068414    0.333716    4.794965 v _404_/X (sky130_fd_sc_hd__or3_4)
                                                         _101_ (net)
                      0.068414    0.000252    4.795217 v _405_/B1 (sky130_fd_sc_hd__a311o_4)
     2    0.015380    0.073824    0.404338    5.199555 v _405_/X (sky130_fd_sc_hd__a311o_4)
                                                         _102_ (net)
                      0.073824    0.001033    5.200589 v _448_/A2 (sky130_fd_sc_hd__a31oi_4)
     3    0.018998    0.209286    0.230142    5.430731 ^ _448_/Y (sky130_fd_sc_hd__a31oi_4)
                                                         _143_ (net)
                      0.209289    0.001263    5.431994 ^ _459_/A2 (sky130_fd_sc_hd__o211a_4)
     3    0.021299    0.083814    0.219047    5.651041 ^ _459_/X (sky130_fd_sc_hd__o211a_4)
                                                         _153_ (net)
                      0.083821    0.000823    5.651864 ^ _465_/A (sky130_fd_sc_hd__xor2_2)
     1    0.005964    0.123425    0.140958    5.792822 ^ _465_/X (sky130_fd_sc_hd__xor2_2)
                                                         net22 (net)
                      0.123425    0.000215    5.793037 ^ output22/A (sky130_fd_sc_hd__buf_6)
     1    0.035561    0.079338    0.152902    5.945940 ^ output22/X (sky130_fd_sc_hd__buf_6)
                                                         P[14] (net)
                      0.079353    0.001087    5.947027 ^ P[14] (out)
                                              5.947027   data arrival time

                      0.000000   10.000000   10.000000   clock __VIRTUAL_CLK__ (rise edge)
                                  0.000000   10.000000   clock network delay (ideal)
                                 -0.250000    9.750000   clock uncertainty
                                  0.000000    9.750000   clock reconvergence pessimism
                                 -2.000000    7.750000   output external delay
                                              7.750000   data required time
---------------------------------------------------------------------------------------------
                                              7.750000   data required time
                                             -5.947027   data arrival time
---------------------------------------------------------------------------------------------
                                              1.802973   slack (MET)




===========================================================================
report_checks --slack_max -0.01
============================================================================
======================= nom_tt_025C_1v80 Corner ===================================

No paths found.


===========================================================================
 report_check_types -max_slew -max_cap -max_fanout -violators
============================================================================
======================= nom_tt_025C_1v80 Corner ===================================



===========================================================================
report_parasitic_annotation -report_unannotated
============================================================================
Found 0 unannotated drivers.
Found 0 partially unannotated drivers.

===========================================================================
max slew violation count 0
Writing metric design__max_slew_violation__count__corner:nom_tt_025C_1v80: 0
max fanout violation count 0
Writing metric design__max_fanout_violation__count__corner:nom_tt_025C_1v80: 0
max cap violation count 0
Writing metric design__max_cap_violation__count__corner:nom_tt_025C_1v80: 0
============================================================================

===========================================================================
check_setup -verbose -unconstrained_endpoints -multiple_clock -no_clock -no_input_delay -loops -generated_clocks
===========================================================================
