
===========================================================================
report_checks -path_delay max (Setup)
============================================================================
======================= nom_ff_n40C_1v95 Corner ===================================

Startpoint: A[0] (input port clocked by __VIRTUAL_CLK__)
Endpoint: P[14] (output port clocked by __VIRTUAL_CLK__)
Path Group: __VIRTUAL_CLK__
Path Type: max

Fanout         Cap        Slew       Delay        Time   Description
---------------------------------------------------------------------------------------------
                      0.000000    0.000000    0.000000   clock __VIRTUAL_CLK__ (rise edge)
                                  0.000000    0.000000   clock network delay (ideal)
                                  2.000000    2.000000 ^ input external delay
    18    0.063523    0.218312    0.149455    2.149455 ^ A[0] (in)
                                                         A[0] (net)
                      0.218312    0.000000    2.149455 ^ _281_/D (sky130_fd_sc_hd__nand4_2)
     4    0.006772    0.070284    0.073580    2.223035 v _281_/Y (sky130_fd_sc_hd__nand4_2)
                                                         _218_ (net)
                      0.070284    0.000000    2.223035 v _296_/C (sky130_fd_sc_hd__or4_2)
     2    0.005831    0.074308    0.358656    2.581691 v _296_/X (sky130_fd_sc_hd__or4_2)
                                                         _231_ (net)
                      0.074308    0.000000    2.581691 v _298_/B (sky130_fd_sc_hd__and3_2)
     5    0.016174    0.051246    0.164647    2.746338 v _298_/X (sky130_fd_sc_hd__and3_2)
                                                         _233_ (net)
                      0.051246    0.000000    2.746338 v _300_/B (sky130_fd_sc_hd__or3_2)
     4    0.014265    0.078854    0.295118    3.041456 v _300_/X (sky130_fd_sc_hd__or3_2)
                                                         _235_ (net)
                      0.078854    0.000000    3.041456 v _337_/A1 (sky130_fd_sc_hd__o221a_2)
     2    0.009970    0.045967    0.202820    3.244276 v _337_/X (sky130_fd_sc_hd__o221a_2)
                                                         _270_ (net)
                      0.045967    0.000000    3.244276 v _339_/A_N (sky130_fd_sc_hd__nand2b_2)
     1    0.001548    0.024711    0.102920    3.347196 v _339_/Y (sky130_fd_sc_hd__nand2b_2)
                                                         _272_ (net)
                      0.024711    0.000000    3.347196 v _389_/C (sky130_fd_sc_hd__and3_2)
     2    0.009397    0.040323    0.140348    3.487544 v _389_/X (sky130_fd_sc_hd__and3_2)
                                                         _047_ (net)
                      0.040323    0.000000    3.487544 v _391_/B (sky130_fd_sc_hd__xnor2_2)
     2    0.009397    0.046923    0.094483    3.582026 v _391_/Y (sky130_fd_sc_hd__xnor2_2)
                                                         _049_ (net)
                      0.046923    0.000000    3.582026 v _392_/B (sky130_fd_sc_hd__or2_2)
     2    0.006549    0.045473    0.171840    3.753867 v _392_/X (sky130_fd_sc_hd__or2_2)
                                                         _050_ (net)
                      0.045473    0.000000    3.753867 v _426_/B (sky130_fd_sc_hd__nand3_2)
     1    0.001632    0.031161    0.045502    3.799368 ^ _426_/Y (sky130_fd_sc_hd__nand3_2)
                                                         _083_ (net)
                      0.031161    0.000000    3.799368 ^ _427_/B (sky130_fd_sc_hd__and2_2)
     3    0.015423    0.069314    0.114704    3.914073 ^ _427_/X (sky130_fd_sc_hd__and2_2)
                                                         _084_ (net)
                      0.069314    0.000000    3.914073 ^ _491_/C_N (sky130_fd_sc_hd__or3b_2)
     2    0.008831    0.066605    0.270503    4.184576 v _491_/X (sky130_fd_sc_hd__or3b_2)
                                                         _146_ (net)
                      0.066605    0.000000    4.184576 v _535_/B2 (sky130_fd_sc_hd__a221oi_2)
     4    0.018022    0.250160    0.231168    4.415743 ^ _535_/Y (sky130_fd_sc_hd__a221oi_2)
                                                         _188_ (net)
                      0.250160    0.000000    4.415743 ^ _549_/A2 (sky130_fd_sc_hd__o211a_2)
     2    0.014122    0.075954    0.152655    4.568398 ^ _549_/X (sky130_fd_sc_hd__o211a_2)
                                                         _201_ (net)
                      0.075954    0.000000    4.568398 ^ _558_/A (sky130_fd_sc_hd__xor2_2)
     1    0.033442    0.320991    0.254686    4.823084 ^ _558_/X (sky130_fd_sc_hd__xor2_2)
                                                         P[14] (net)
                      0.320991    0.000000    4.823084 ^ P[14] (out)
                                              4.823084   data arrival time

                      0.000000   10.000000   10.000000   clock __VIRTUAL_CLK__ (rise edge)
                                  0.000000   10.000000   clock network delay (ideal)
                                 -0.250000    9.750000   clock uncertainty
                                  0.000000    9.750000   clock reconvergence pessimism
                                 -2.000000    7.750000   output external delay
                                              7.750000   data required time
---------------------------------------------------------------------------------------------
                                              7.750000   data required time
                                             -4.823084   data arrival time
---------------------------------------------------------------------------------------------
                                              2.926916   slack (MET)


Startpoint: A[0] (input port clocked by __VIRTUAL_CLK__)
Endpoint: P[15] (output port clocked by __VIRTUAL_CLK__)
Path Group: __VIRTUAL_CLK__
Path Type: max

Fanout         Cap        Slew       Delay        Time   Description
---------------------------------------------------------------------------------------------
                      0.000000    0.000000    0.000000   clock __VIRTUAL_CLK__ (rise edge)
                                  0.000000    0.000000   clock network delay (ideal)
                                  2.000000    2.000000 ^ input external delay
    18    0.063523    0.218312    0.149455    2.149455 ^ A[0] (in)
                                                         A[0] (net)
                      0.218312    0.000000    2.149455 ^ _281_/D (sky130_fd_sc_hd__nand4_2)
     4    0.006772    0.070284    0.073580    2.223035 v _281_/Y (sky130_fd_sc_hd__nand4_2)
                                                         _218_ (net)
                      0.070284    0.000000    2.223035 v _296_/C (sky130_fd_sc_hd__or4_2)
     2    0.005831    0.074308    0.358656    2.581691 v _296_/X (sky130_fd_sc_hd__or4_2)
                                                         _231_ (net)
                      0.074308    0.000000    2.581691 v _298_/B (sky130_fd_sc_hd__and3_2)
     5    0.016174    0.051246    0.164647    2.746338 v _298_/X (sky130_fd_sc_hd__and3_2)
                                                         _233_ (net)
                      0.051246    0.000000    2.746338 v _300_/B (sky130_fd_sc_hd__or3_2)
     4    0.014265    0.078854    0.295118    3.041456 v _300_/X (sky130_fd_sc_hd__or3_2)
                                                         _235_ (net)
                      0.078854    0.000000    3.041456 v _337_/A1 (sky130_fd_sc_hd__o221a_2)
     2    0.009970    0.045967    0.202820    3.244276 v _337_/X (sky130_fd_sc_hd__o221a_2)
                                                         _270_ (net)
                      0.045967    0.000000    3.244276 v _339_/A_N (sky130_fd_sc_hd__nand2b_2)
     1    0.001548    0.024711    0.102920    3.347196 v _339_/Y (sky130_fd_sc_hd__nand2b_2)
                                                         _272_ (net)
                      0.024711    0.000000    3.347196 v _389_/C (sky130_fd_sc_hd__and3_2)
     2    0.009397    0.040323    0.140348    3.487544 v _389_/X (sky130_fd_sc_hd__and3_2)
                                                         _047_ (net)
                      0.040323    0.000000    3.487544 v _391_/B (sky130_fd_sc_hd__xnor2_2)
     2    0.009397    0.046923    0.094483    3.582026 v _391_/Y (sky130_fd_sc_hd__xnor2_2)
                                                         _049_ (net)
                      0.046923    0.000000    3.582026 v _392_/B (sky130_fd_sc_hd__or2_2)
     2    0.006549    0.045473    0.171840    3.753867 v _392_/X (sky130_fd_sc_hd__or2_2)
                                                         _050_ (net)
                      0.045473    0.000000    3.753867 v _425_/A2 (sky130_fd_sc_hd__a21o_2)
     3    0.008050    0.035336    0.147200    3.901066 v _425_/X (sky130_fd_sc_hd__a21o_2)
                                                         _082_ (net)
                      0.035336    0.000000    3.901066 v _427_/A (sky130_fd_sc_hd__and2_2)
     3    0.014158    0.046296    0.127698    4.028764 v _427_/X (sky130_fd_sc_hd__and2_2)
                                                         _084_ (net)
                      0.046296    0.000000    4.028764 v _491_/C_N (sky130_fd_sc_hd__or3b_2)
     2    0.009676    0.052615    0.147971    4.176735 ^ _491_/X (sky130_fd_sc_hd__or3b_2)
                                                         _146_ (net)
                      0.052615    0.000000    4.176735 ^ _535_/B2 (sky130_fd_sc_hd__a221oi_2)
     4    0.016592    0.067606    0.057910    4.234646 v _535_/Y (sky130_fd_sc_hd__a221oi_2)
                                                         _188_ (net)
                      0.067606    0.000000    4.234646 v _557_/A2 (sky130_fd_sc_hd__o2111a_2)
     1    0.001601    0.027053    0.156486    4.391132 v _557_/X (sky130_fd_sc_hd__o2111a_2)
                                                         _208_ (net)
                      0.027053    0.000000    4.391132 v _560_/B (sky130_fd_sc_hd__or3_2)
     1    0.033442    0.111747    0.330763    4.721895 v _560_/X (sky130_fd_sc_hd__or3_2)
                                                         P[15] (net)
                      0.111747    0.000000    4.721895 v P[15] (out)
                                              4.721895   data arrival time

                      0.000000   10.000000   10.000000   clock __VIRTUAL_CLK__ (rise edge)
                                  0.000000   10.000000   clock network delay (ideal)
                                 -0.250000    9.750000   clock uncertainty
                                  0.000000    9.750000   clock reconvergence pessimism
                                 -2.000000    7.750000   output external delay
                                              7.750000   data required time
---------------------------------------------------------------------------------------------
                                              7.750000   data required time
                                             -4.721895   data arrival time
---------------------------------------------------------------------------------------------
                                              3.028105   slack (MET)


Startpoint: A[0] (input port clocked by __VIRTUAL_CLK__)
Endpoint: P[13] (output port clocked by __VIRTUAL_CLK__)
Path Group: __VIRTUAL_CLK__
Path Type: max

Fanout         Cap        Slew       Delay        Time   Description
---------------------------------------------------------------------------------------------
                      0.000000    0.000000    0.000000   clock __VIRTUAL_CLK__ (rise edge)
                                  0.000000    0.000000   clock network delay (ideal)
                                  2.000000    2.000000 ^ input external delay
    18    0.063523    0.218312    0.149455    2.149455 ^ A[0] (in)
                                                         A[0] (net)
                      0.218312    0.000000    2.149455 ^ _281_/D (sky130_fd_sc_hd__nand4_2)
     4    0.006772    0.070284    0.073580    2.223035 v _281_/Y (sky130_fd_sc_hd__nand4_2)
                                                         _218_ (net)
                      0.070284    0.000000    2.223035 v _296_/C (sky130_fd_sc_hd__or4_2)
     2    0.005831    0.074308    0.358656    2.581691 v _296_/X (sky130_fd_sc_hd__or4_2)
                                                         _231_ (net)
                      0.074308    0.000000    2.581691 v _298_/B (sky130_fd_sc_hd__and3_2)
     5    0.016174    0.051246    0.164647    2.746338 v _298_/X (sky130_fd_sc_hd__and3_2)
                                                         _233_ (net)
                      0.051246    0.000000    2.746338 v _300_/B (sky130_fd_sc_hd__or3_2)
     4    0.014265    0.078854    0.295118    3.041456 v _300_/X (sky130_fd_sc_hd__or3_2)
                                                         _235_ (net)
                      0.078854    0.000000    3.041456 v _337_/A1 (sky130_fd_sc_hd__o221a_2)
     2    0.009970    0.045967    0.202820    3.244276 v _337_/X (sky130_fd_sc_hd__o221a_2)
                                                         _270_ (net)
                      0.045967    0.000000    3.244276 v _339_/A_N (sky130_fd_sc_hd__nand2b_2)
     1    0.001548    0.024711    0.102920    3.347196 v _339_/Y (sky130_fd_sc_hd__nand2b_2)
                                                         _272_ (net)
                      0.024711    0.000000    3.347196 v _389_/C (sky130_fd_sc_hd__and3_2)
     2    0.009397    0.040323    0.140348    3.487544 v _389_/X (sky130_fd_sc_hd__and3_2)
                                                         _047_ (net)
                      0.040323    0.000000    3.487544 v _391_/B (sky130_fd_sc_hd__xnor2_2)
     2    0.009397    0.046923    0.094483    3.582026 v _391_/Y (sky130_fd_sc_hd__xnor2_2)
                                                         _049_ (net)
                      0.046923    0.000000    3.582026 v _392_/B (sky130_fd_sc_hd__or2_2)
     2    0.006549    0.045473    0.171840    3.753867 v _392_/X (sky130_fd_sc_hd__or2_2)
                                                         _050_ (net)
                      0.045473    0.000000    3.753867 v _426_/B (sky130_fd_sc_hd__nand3_2)
     1    0.001632    0.031161    0.045502    3.799368 ^ _426_/Y (sky130_fd_sc_hd__nand3_2)
                                                         _083_ (net)
                      0.031161    0.000000    3.799368 ^ _427_/B (sky130_fd_sc_hd__and2_2)
     3    0.015423    0.069314    0.114704    3.914073 ^ _427_/X (sky130_fd_sc_hd__and2_2)
                                                         _084_ (net)
                      0.069314    0.000000    3.914073 ^ _491_/C_N (sky130_fd_sc_hd__or3b_2)
     2    0.008831    0.066605    0.270503    4.184576 v _491_/X (sky130_fd_sc_hd__or3b_2)
                                                         _146_ (net)
                      0.066605    0.000000    4.184576 v _535_/B2 (sky130_fd_sc_hd__a221oi_2)
     4    0.018022    0.250160    0.231168    4.415743 ^ _535_/Y (sky130_fd_sc_hd__a221oi_2)
                                                         _188_ (net)
                      0.250160    0.000000    4.415743 ^ _548_/A2 (sky130_fd_sc_hd__a211oi_2)
     1    0.004193    0.062221    0.056858    4.472601 v _548_/Y (sky130_fd_sc_hd__a211oi_2)
                                                         _200_ (net)
                      0.062221    0.000000    4.472601 v _550_/A (sky130_fd_sc_hd__nor2_2)
     1    0.033442    0.270367    0.236370    4.708972 ^ _550_/Y (sky130_fd_sc_hd__nor2_2)
                                                         P[13] (net)
                      0.270367    0.000000    4.708972 ^ P[13] (out)
                                              4.708972   data arrival time

                      0.000000   10.000000   10.000000   clock __VIRTUAL_CLK__ (rise edge)
                                  0.000000   10.000000   clock network delay (ideal)
                                 -0.250000    9.750000   clock uncertainty
                                  0.000000    9.750000   clock reconvergence pessimism
                                 -2.000000    7.750000   output external delay
                                              7.750000   data required time
---------------------------------------------------------------------------------------------
                                              7.750000   data required time
                                             -4.708972   data arrival time
---------------------------------------------------------------------------------------------
                                              3.041028   slack (MET)


Startpoint: A[0] (input port clocked by __VIRTUAL_CLK__)
Endpoint: P[11] (output port clocked by __VIRTUAL_CLK__)
Path Group: __VIRTUAL_CLK__
Path Type: max

Fanout         Cap        Slew       Delay        Time   Description
---------------------------------------------------------------------------------------------
                      0.000000    0.000000    0.000000   clock __VIRTUAL_CLK__ (rise edge)
                                  0.000000    0.000000   clock network delay (ideal)
                                  2.000000    2.000000 ^ input external delay
    18    0.063523    0.218312    0.149455    2.149455 ^ A[0] (in)
                                                         A[0] (net)
                      0.218312    0.000000    2.149455 ^ _281_/D (sky130_fd_sc_hd__nand4_2)
     4    0.006772    0.070284    0.073580    2.223035 v _281_/Y (sky130_fd_sc_hd__nand4_2)
                                                         _218_ (net)
                      0.070284    0.000000    2.223035 v _296_/C (sky130_fd_sc_hd__or4_2)
     2    0.005831    0.074308    0.358656    2.581691 v _296_/X (sky130_fd_sc_hd__or4_2)
                                                         _231_ (net)
                      0.074308    0.000000    2.581691 v _298_/B (sky130_fd_sc_hd__and3_2)
     5    0.016174    0.051246    0.164647    2.746338 v _298_/X (sky130_fd_sc_hd__and3_2)
                                                         _233_ (net)
                      0.051246    0.000000    2.746338 v _300_/B (sky130_fd_sc_hd__or3_2)
     4    0.014265    0.078854    0.295118    3.041456 v _300_/X (sky130_fd_sc_hd__or3_2)
                                                         _235_ (net)
                      0.078854    0.000000    3.041456 v _337_/A1 (sky130_fd_sc_hd__o221a_2)
     2    0.009970    0.045967    0.202820    3.244276 v _337_/X (sky130_fd_sc_hd__o221a_2)
                                                         _270_ (net)
                      0.045967    0.000000    3.244276 v _339_/A_N (sky130_fd_sc_hd__nand2b_2)
     1    0.001548    0.024711    0.102920    3.347196 v _339_/Y (sky130_fd_sc_hd__nand2b_2)
                                                         _272_ (net)
                      0.024711    0.000000    3.347196 v _389_/C (sky130_fd_sc_hd__and3_2)
     2    0.009397    0.040323    0.140348    3.487544 v _389_/X (sky130_fd_sc_hd__and3_2)
                                                         _047_ (net)
                      0.040323    0.000000    3.487544 v _391_/B (sky130_fd_sc_hd__xnor2_2)
     2    0.009397    0.046923    0.094483    3.582026 v _391_/Y (sky130_fd_sc_hd__xnor2_2)
                                                         _049_ (net)
                      0.046923    0.000000    3.582026 v _392_/B (sky130_fd_sc_hd__or2_2)
     2    0.006549    0.045473    0.171840    3.753867 v _392_/X (sky130_fd_sc_hd__or2_2)
                                                         _050_ (net)
                      0.045473    0.000000    3.753867 v _425_/A2 (sky130_fd_sc_hd__a21o_2)
     3    0.008050    0.035336    0.147200    3.901066 v _425_/X (sky130_fd_sc_hd__a21o_2)
                                                         _082_ (net)
                      0.035336    0.000000    3.901066 v _427_/A (sky130_fd_sc_hd__and2_2)
     3    0.014158    0.046296    0.127698    4.028764 v _427_/X (sky130_fd_sc_hd__and2_2)
                                                         _084_ (net)
                      0.046296    0.000000    4.028764 v _491_/C_N (sky130_fd_sc_hd__or3b_2)
     2    0.009676    0.052615    0.147971    4.176735 ^ _491_/X (sky130_fd_sc_hd__or3b_2)
                                                         _146_ (net)
                      0.052615    0.000000    4.176735 ^ _493_/A (sky130_fd_sc_hd__nand2_2)
     2    0.010267    0.036333    0.040096    4.216832 v _493_/Y (sky130_fd_sc_hd__nand2_2)
                                                         _148_ (net)
                      0.036333    0.000000    4.216832 v _519_/A2 (sky130_fd_sc_hd__a21bo_2)
     1    0.008002    0.035791    0.145424    4.362256 v _519_/X (sky130_fd_sc_hd__a21bo_2)
                                                         _173_ (net)
                      0.035791    0.000000    4.362256 v _520_/B (sky130_fd_sc_hd__xnor2_2)
     1    0.033442    0.339858    0.263833    4.626089 ^ _520_/Y (sky130_fd_sc_hd__xnor2_2)
                                                         P[11] (net)
                      0.339858    0.000000    4.626089 ^ P[11] (out)
                                              4.626089   data arrival time

                      0.000000   10.000000   10.000000   clock __VIRTUAL_CLK__ (rise edge)
                                  0.000000   10.000000   clock network delay (ideal)
                                 -0.250000    9.750000   clock uncertainty
                                  0.000000    9.750000   clock reconvergence pessimism
                                 -2.000000    7.750000   output external delay
                                              7.750000   data required time
---------------------------------------------------------------------------------------------
                                              7.750000   data required time
                                             -4.626089   data arrival time
---------------------------------------------------------------------------------------------
                                              3.123911   slack (MET)


Startpoint: A[0] (input port clocked by __VIRTUAL_CLK__)
Endpoint: P[12] (output port clocked by __VIRTUAL_CLK__)
Path Group: __VIRTUAL_CLK__
Path Type: max

Fanout         Cap        Slew       Delay        Time   Description
---------------------------------------------------------------------------------------------
                      0.000000    0.000000    0.000000   clock __VIRTUAL_CLK__ (rise edge)
                                  0.000000    0.000000   clock network delay (ideal)
                                  2.000000    2.000000 ^ input external delay
    18    0.063523    0.218312    0.149455    2.149455 ^ A[0] (in)
                                                         A[0] (net)
                      0.218312    0.000000    2.149455 ^ _281_/D (sky130_fd_sc_hd__nand4_2)
     4    0.006772    0.070284    0.073580    2.223035 v _281_/Y (sky130_fd_sc_hd__nand4_2)
                                                         _218_ (net)
                      0.070284    0.000000    2.223035 v _296_/C (sky130_fd_sc_hd__or4_2)
     2    0.005831    0.074308    0.358656    2.581691 v _296_/X (sky130_fd_sc_hd__or4_2)
                                                         _231_ (net)
                      0.074308    0.000000    2.581691 v _298_/B (sky130_fd_sc_hd__and3_2)
     5    0.016174    0.051246    0.164647    2.746338 v _298_/X (sky130_fd_sc_hd__and3_2)
                                                         _233_ (net)
                      0.051246    0.000000    2.746338 v _300_/B (sky130_fd_sc_hd__or3_2)
     4    0.014265    0.078854    0.295118    3.041456 v _300_/X (sky130_fd_sc_hd__or3_2)
                                                         _235_ (net)
                      0.078854    0.000000    3.041456 v _337_/A1 (sky130_fd_sc_hd__o221a_2)
     2    0.009970    0.045967    0.202820    3.244276 v _337_/X (sky130_fd_sc_hd__o221a_2)
                                                         _270_ (net)
                      0.045967    0.000000    3.244276 v _339_/A_N (sky130_fd_sc_hd__nand2b_2)
     1    0.001548    0.024711    0.102920    3.347196 v _339_/Y (sky130_fd_sc_hd__nand2b_2)
                                                         _272_ (net)
                      0.024711    0.000000    3.347196 v _389_/C (sky130_fd_sc_hd__and3_2)
     2    0.009397    0.040323    0.140348    3.487544 v _389_/X (sky130_fd_sc_hd__and3_2)
                                                         _047_ (net)
                      0.040323    0.000000    3.487544 v _391_/B (sky130_fd_sc_hd__xnor2_2)
     2    0.009397    0.046923    0.094483    3.582026 v _391_/Y (sky130_fd_sc_hd__xnor2_2)
                                                         _049_ (net)
                      0.046923    0.000000    3.582026 v _392_/B (sky130_fd_sc_hd__or2_2)
     2    0.006549    0.045473    0.171840    3.753867 v _392_/X (sky130_fd_sc_hd__or2_2)
                                                         _050_ (net)
                      0.045473    0.000000    3.753867 v _426_/B (sky130_fd_sc_hd__nand3_2)
     1    0.001632    0.031161    0.045502    3.799368 ^ _426_/Y (sky130_fd_sc_hd__nand3_2)
                                                         _083_ (net)
                      0.031161    0.000000    3.799368 ^ _427_/B (sky130_fd_sc_hd__and2_2)
     3    0.015423    0.069314    0.114704    3.914073 ^ _427_/X (sky130_fd_sc_hd__and2_2)
                                                         _084_ (net)
                      0.069314    0.000000    3.914073 ^ _491_/C_N (sky130_fd_sc_hd__or3b_2)
     2    0.008831    0.066605    0.270503    4.184576 v _491_/X (sky130_fd_sc_hd__or3b_2)
                                                         _146_ (net)
                      0.066605    0.000000    4.184576 v _535_/B2 (sky130_fd_sc_hd__a221oi_2)
     4    0.018022    0.250160    0.231168    4.415743 ^ _535_/Y (sky130_fd_sc_hd__a221oi_2)
                                                         _188_ (net)
                      0.250160    0.000000    4.415743 ^ _536_/B (sky130_fd_sc_hd__xnor2_2)
     1    0.033442    0.339643    0.152898    4.568641 ^ _536_/Y (sky130_fd_sc_hd__xnor2_2)
                                                         P[12] (net)
                      0.339643    0.000000    4.568641 ^ P[12] (out)
                                              4.568641   data arrival time

                      0.000000   10.000000   10.000000   clock __VIRTUAL_CLK__ (rise edge)
                                  0.000000   10.000000   clock network delay (ideal)
                                 -0.250000    9.750000   clock uncertainty
                                  0.000000    9.750000   clock reconvergence pessimism
                                 -2.000000    7.750000   output external delay
                                              7.750000   data required time
---------------------------------------------------------------------------------------------
                                              7.750000   data required time
                                             -4.568641   data arrival time
---------------------------------------------------------------------------------------------
                                              3.181359   slack (MET)


Startpoint: A[0] (input port clocked by __VIRTUAL_CLK__)
Endpoint: P[10] (output port clocked by __VIRTUAL_CLK__)
Path Group: __VIRTUAL_CLK__
Path Type: max

Fanout         Cap        Slew       Delay        Time   Description
---------------------------------------------------------------------------------------------
                      0.000000    0.000000    0.000000   clock __VIRTUAL_CLK__ (rise edge)
                                  0.000000    0.000000   clock network delay (ideal)
                                  2.000000    2.000000 ^ input external delay
    18    0.063523    0.218312    0.149455    2.149455 ^ A[0] (in)
                                                         A[0] (net)
                      0.218312    0.000000    2.149455 ^ _281_/D (sky130_fd_sc_hd__nand4_2)
     4    0.006772    0.070284    0.073580    2.223035 v _281_/Y (sky130_fd_sc_hd__nand4_2)
                                                         _218_ (net)
                      0.070284    0.000000    2.223035 v _296_/C (sky130_fd_sc_hd__or4_2)
     2    0.005831    0.074308    0.358656    2.581691 v _296_/X (sky130_fd_sc_hd__or4_2)
                                                         _231_ (net)
                      0.074308    0.000000    2.581691 v _298_/B (sky130_fd_sc_hd__and3_2)
     5    0.016174    0.051246    0.164647    2.746338 v _298_/X (sky130_fd_sc_hd__and3_2)
                                                         _233_ (net)
                      0.051246    0.000000    2.746338 v _300_/B (sky130_fd_sc_hd__or3_2)
     4    0.014265    0.078854    0.295118    3.041456 v _300_/X (sky130_fd_sc_hd__or3_2)
                                                         _235_ (net)
                      0.078854    0.000000    3.041456 v _337_/A1 (sky130_fd_sc_hd__o221a_2)
     2    0.009970    0.045967    0.202820    3.244276 v _337_/X (sky130_fd_sc_hd__o221a_2)
                                                         _270_ (net)
                      0.045967    0.000000    3.244276 v _339_/A_N (sky130_fd_sc_hd__nand2b_2)
     1    0.001548    0.024711    0.102920    3.347196 v _339_/Y (sky130_fd_sc_hd__nand2b_2)
                                                         _272_ (net)
                      0.024711    0.000000    3.347196 v _389_/C (sky130_fd_sc_hd__and3_2)
     2    0.009397    0.040323    0.140348    3.487544 v _389_/X (sky130_fd_sc_hd__and3_2)
                                                         _047_ (net)
                      0.040323    0.000000    3.487544 v _391_/B (sky130_fd_sc_hd__xnor2_2)
     2    0.009397    0.046923    0.094483    3.582026 v _391_/Y (sky130_fd_sc_hd__xnor2_2)
                                                         _049_ (net)
                      0.046923    0.000000    3.582026 v _392_/B (sky130_fd_sc_hd__or2_2)
     2    0.006549    0.045473    0.171840    3.753867 v _392_/X (sky130_fd_sc_hd__or2_2)
                                                         _050_ (net)
                      0.045473    0.000000    3.753867 v _425_/A2 (sky130_fd_sc_hd__a21o_2)
     3    0.008050    0.035336    0.147200    3.901066 v _425_/X (sky130_fd_sc_hd__a21o_2)
                                                         _082_ (net)
                      0.035336    0.000000    3.901066 v _427_/A (sky130_fd_sc_hd__and2_2)
     3    0.014158    0.046296    0.127698    4.028764 v _427_/X (sky130_fd_sc_hd__and2_2)
                                                         _084_ (net)
                      0.046296    0.000000    4.028764 v _491_/C_N (sky130_fd_sc_hd__or3b_2)
     2    0.009676    0.052615    0.147971    4.176735 ^ _491_/X (sky130_fd_sc_hd__or3b_2)
                                                         _146_ (net)
                      0.052615    0.000000    4.176735 ^ _493_/A (sky130_fd_sc_hd__nand2_2)
     2    0.010267    0.036333    0.040096    4.216832 v _493_/Y (sky130_fd_sc_hd__nand2_2)
                                                         _148_ (net)
                      0.036333    0.000000    4.216832 v _494_/B (sky130_fd_sc_hd__xnor2_2)
     1    0.033442    0.339313    0.264015    4.480847 ^ _494_/Y (sky130_fd_sc_hd__xnor2_2)
                                                         P[10] (net)
                      0.339313    0.000000    4.480847 ^ P[10] (out)
                                              4.480847   data arrival time

                      0.000000   10.000000   10.000000   clock __VIRTUAL_CLK__ (rise edge)
                                  0.000000   10.000000   clock network delay (ideal)
                                 -0.250000    9.750000   clock uncertainty
                                  0.000000    9.750000   clock reconvergence pessimism
                                 -2.000000    7.750000   output external delay
                                              7.750000   data required time
---------------------------------------------------------------------------------------------
                                              7.750000   data required time
                                             -4.480847   data arrival time
---------------------------------------------------------------------------------------------
                                              3.269153   slack (MET)


Startpoint: A[0] (input port clocked by __VIRTUAL_CLK__)
Endpoint: P[9] (output port clocked by __VIRTUAL_CLK__)
Path Group: __VIRTUAL_CLK__
Path Type: max

Fanout         Cap        Slew       Delay        Time   Description
---------------------------------------------------------------------------------------------
                      0.000000    0.000000    0.000000   clock __VIRTUAL_CLK__ (rise edge)
                                  0.000000    0.000000   clock network delay (ideal)
                                  2.000000    2.000000 ^ input external delay
    18    0.063523    0.218312    0.149455    2.149455 ^ A[0] (in)
                                                         A[0] (net)
                      0.218312    0.000000    2.149455 ^ _281_/D (sky130_fd_sc_hd__nand4_2)
     4    0.006772    0.070284    0.073580    2.223035 v _281_/Y (sky130_fd_sc_hd__nand4_2)
                                                         _218_ (net)
                      0.070284    0.000000    2.223035 v _296_/C (sky130_fd_sc_hd__or4_2)
     2    0.005831    0.074308    0.358656    2.581691 v _296_/X (sky130_fd_sc_hd__or4_2)
                                                         _231_ (net)
                      0.074308    0.000000    2.581691 v _298_/B (sky130_fd_sc_hd__and3_2)
     5    0.016174    0.051246    0.164647    2.746338 v _298_/X (sky130_fd_sc_hd__and3_2)
                                                         _233_ (net)
                      0.051246    0.000000    2.746338 v _300_/B (sky130_fd_sc_hd__or3_2)
     4    0.014265    0.078854    0.295118    3.041456 v _300_/X (sky130_fd_sc_hd__or3_2)
                                                         _235_ (net)
                      0.078854    0.000000    3.041456 v _337_/A1 (sky130_fd_sc_hd__o221a_2)
     2    0.009970    0.045967    0.202820    3.244276 v _337_/X (sky130_fd_sc_hd__o221a_2)
                                                         _270_ (net)
                      0.045967    0.000000    3.244276 v _339_/A_N (sky130_fd_sc_hd__nand2b_2)
     1    0.001548    0.024711    0.102920    3.347196 v _339_/Y (sky130_fd_sc_hd__nand2b_2)
                                                         _272_ (net)
                      0.024711    0.000000    3.347196 v _389_/C (sky130_fd_sc_hd__and3_2)
     2    0.009397    0.040323    0.140348    3.487544 v _389_/X (sky130_fd_sc_hd__and3_2)
                                                         _047_ (net)
                      0.040323    0.000000    3.487544 v _391_/B (sky130_fd_sc_hd__xnor2_2)
     2    0.009397    0.046923    0.094483    3.582026 v _391_/Y (sky130_fd_sc_hd__xnor2_2)
                                                         _049_ (net)
                      0.046923    0.000000    3.582026 v _392_/B (sky130_fd_sc_hd__or2_2)
     2    0.006549    0.045473    0.171840    3.753867 v _392_/X (sky130_fd_sc_hd__or2_2)
                                                         _050_ (net)
                      0.045473    0.000000    3.753867 v _425_/A2 (sky130_fd_sc_hd__a21o_2)
     3    0.008050    0.035336    0.147200    3.901066 v _425_/X (sky130_fd_sc_hd__a21o_2)
                                                         _082_ (net)
                      0.035336    0.000000    3.901066 v _427_/A (sky130_fd_sc_hd__and2_2)
     3    0.014158    0.046296    0.127698    4.028764 v _427_/X (sky130_fd_sc_hd__and2_2)
                                                         _084_ (net)
                      0.046296    0.000000    4.028764 v _429_/B (sky130_fd_sc_hd__nand2b_2)
     1    0.004614    0.037476    0.050297    4.079061 ^ _429_/Y (sky130_fd_sc_hd__nand2b_2)
                                                         _086_ (net)
                      0.037476    0.000000    4.079061 ^ _463_/B (sky130_fd_sc_hd__nand2_2)
     1    0.008002    0.029974    0.036760    4.115821 v _463_/Y (sky130_fd_sc_hd__nand2_2)
                                                         _119_ (net)
                      0.029974    0.000000    4.115821 v _464_/B (sky130_fd_sc_hd__xnor2_2)
     1    0.033442    0.339755    0.261880    4.377700 ^ _464_/Y (sky130_fd_sc_hd__xnor2_2)
                                                         P[9] (net)
                      0.339755    0.000000    4.377700 ^ P[9] (out)
                                              4.377700   data arrival time

                      0.000000   10.000000   10.000000   clock __VIRTUAL_CLK__ (rise edge)
                                  0.000000   10.000000   clock network delay (ideal)
                                 -0.250000    9.750000   clock uncertainty
                                  0.000000    9.750000   clock reconvergence pessimism
                                 -2.000000    7.750000   output external delay
                                              7.750000   data required time
---------------------------------------------------------------------------------------------
                                              7.750000   data required time
                                             -4.377700   data arrival time
---------------------------------------------------------------------------------------------
                                              3.372299   slack (MET)


Startpoint: A[0] (input port clocked by __VIRTUAL_CLK__)
Endpoint: P[8] (output port clocked by __VIRTUAL_CLK__)
Path Group: __VIRTUAL_CLK__
Path Type: max

Fanout         Cap        Slew       Delay        Time   Description
---------------------------------------------------------------------------------------------
                      0.000000    0.000000    0.000000   clock __VIRTUAL_CLK__ (rise edge)
                                  0.000000    0.000000   clock network delay (ideal)
                                  2.000000    2.000000 ^ input external delay
    18    0.063523    0.218312    0.149455    2.149455 ^ A[0] (in)
                                                         A[0] (net)
                      0.218312    0.000000    2.149455 ^ _281_/D (sky130_fd_sc_hd__nand4_2)
     4    0.006772    0.070284    0.073580    2.223035 v _281_/Y (sky130_fd_sc_hd__nand4_2)
                                                         _218_ (net)
                      0.070284    0.000000    2.223035 v _296_/C (sky130_fd_sc_hd__or4_2)
     2    0.005831    0.074308    0.358656    2.581691 v _296_/X (sky130_fd_sc_hd__or4_2)
                                                         _231_ (net)
                      0.074308    0.000000    2.581691 v _298_/B (sky130_fd_sc_hd__and3_2)
     5    0.016174    0.051246    0.164647    2.746338 v _298_/X (sky130_fd_sc_hd__and3_2)
                                                         _233_ (net)
                      0.051246    0.000000    2.746338 v _300_/B (sky130_fd_sc_hd__or3_2)
     4    0.014265    0.078854    0.295118    3.041456 v _300_/X (sky130_fd_sc_hd__or3_2)
                                                         _235_ (net)
                      0.078854    0.000000    3.041456 v _337_/A1 (sky130_fd_sc_hd__o221a_2)
     2    0.009970    0.045967    0.202820    3.244276 v _337_/X (sky130_fd_sc_hd__o221a_2)
                                                         _270_ (net)
                      0.045967    0.000000    3.244276 v _339_/A_N (sky130_fd_sc_hd__nand2b_2)
     1    0.001548    0.024711    0.102920    3.347196 v _339_/Y (sky130_fd_sc_hd__nand2b_2)
                                                         _272_ (net)
                      0.024711    0.000000    3.347196 v _389_/C (sky130_fd_sc_hd__and3_2)
     2    0.009397    0.040323    0.140348    3.487544 v _389_/X (sky130_fd_sc_hd__and3_2)
                                                         _047_ (net)
                      0.040323    0.000000    3.487544 v _391_/B (sky130_fd_sc_hd__xnor2_2)
     2    0.009397    0.046923    0.094483    3.582026 v _391_/Y (sky130_fd_sc_hd__xnor2_2)
                                                         _049_ (net)
                      0.046923    0.000000    3.582026 v _392_/B (sky130_fd_sc_hd__or2_2)
     2    0.006549    0.045473    0.171840    3.753867 v _392_/X (sky130_fd_sc_hd__or2_2)
                                                         _050_ (net)
                      0.045473    0.000000    3.753867 v _425_/A2 (sky130_fd_sc_hd__a21o_2)
     3    0.008050    0.035336    0.147200    3.901066 v _425_/X (sky130_fd_sc_hd__a21o_2)
                                                         _082_ (net)
                      0.035336    0.000000    3.901066 v _427_/A (sky130_fd_sc_hd__and2_2)
     3    0.014158    0.046296    0.127698    4.028764 v _427_/X (sky130_fd_sc_hd__and2_2)
                                                         _084_ (net)
                      0.046296    0.000000    4.028764 v _430_/A (sky130_fd_sc_hd__xnor2_2)
     1    0.033442    0.339816    0.285840    4.314604 ^ _430_/Y (sky130_fd_sc_hd__xnor2_2)
                                                         P[8] (net)
                      0.339816    0.000000    4.314604 ^ P[8] (out)
                                              4.314604   data arrival time

                      0.000000   10.000000   10.000000   clock __VIRTUAL_CLK__ (rise edge)
                                  0.000000   10.000000   clock network delay (ideal)
                                 -0.250000    9.750000   clock uncertainty
                                  0.000000    9.750000   clock reconvergence pessimism
                                 -2.000000    7.750000   output external delay
                                              7.750000   data required time
---------------------------------------------------------------------------------------------
                                              7.750000   data required time
                                             -4.314604   data arrival time
---------------------------------------------------------------------------------------------
                                              3.435396   slack (MET)


Startpoint: A[0] (input port clocked by __VIRTUAL_CLK__)
Endpoint: P[7] (output port clocked by __VIRTUAL_CLK__)
Path Group: __VIRTUAL_CLK__
Path Type: max

Fanout         Cap        Slew       Delay        Time   Description
---------------------------------------------------------------------------------------------
                      0.000000    0.000000    0.000000   clock __VIRTUAL_CLK__ (rise edge)
                                  0.000000    0.000000   clock network delay (ideal)
                                  2.000000    2.000000 ^ input external delay
    18    0.063523    0.218312    0.149455    2.149455 ^ A[0] (in)
                                                         A[0] (net)
                      0.218312    0.000000    2.149455 ^ _281_/D (sky130_fd_sc_hd__nand4_2)
     4    0.006772    0.070284    0.073580    2.223035 v _281_/Y (sky130_fd_sc_hd__nand4_2)
                                                         _218_ (net)
                      0.070284    0.000000    2.223035 v _296_/C (sky130_fd_sc_hd__or4_2)
     2    0.005831    0.074308    0.358656    2.581691 v _296_/X (sky130_fd_sc_hd__or4_2)
                                                         _231_ (net)
                      0.074308    0.000000    2.581691 v _298_/B (sky130_fd_sc_hd__and3_2)
     5    0.016174    0.051246    0.164647    2.746338 v _298_/X (sky130_fd_sc_hd__and3_2)
                                                         _233_ (net)
                      0.051246    0.000000    2.746338 v _300_/B (sky130_fd_sc_hd__or3_2)
     4    0.014265    0.078854    0.295118    3.041456 v _300_/X (sky130_fd_sc_hd__or3_2)
                                                         _235_ (net)
                      0.078854    0.000000    3.041456 v _337_/A1 (sky130_fd_sc_hd__o221a_2)
     2    0.009970    0.045967    0.202820    3.244276 v _337_/X (sky130_fd_sc_hd__o221a_2)
                                                         _270_ (net)
                      0.045967    0.000000    3.244276 v _339_/A_N (sky130_fd_sc_hd__nand2b_2)
     1    0.001548    0.024711    0.102920    3.347196 v _339_/Y (sky130_fd_sc_hd__nand2b_2)
                                                         _272_ (net)
                      0.024711    0.000000    3.347196 v _389_/C (sky130_fd_sc_hd__and3_2)
     2    0.009397    0.040323    0.140348    3.487544 v _389_/X (sky130_fd_sc_hd__and3_2)
                                                         _047_ (net)
                      0.040323    0.000000    3.487544 v _391_/B (sky130_fd_sc_hd__xnor2_2)
     2    0.009397    0.046923    0.094483    3.582026 v _391_/Y (sky130_fd_sc_hd__xnor2_2)
                                                         _049_ (net)
                      0.046923    0.000000    3.582026 v _393_/B (sky130_fd_sc_hd__xnor2_2)
     2    0.009591    0.048649    0.097521    3.679548 v _393_/Y (sky130_fd_sc_hd__xnor2_2)
                                                         _051_ (net)
                      0.048649    0.000000    3.679548 v _395_/B (sky130_fd_sc_hd__xnor2_2)
     2    0.013977    0.172265    0.149928    3.829476 ^ _395_/Y (sky130_fd_sc_hd__xnor2_2)
                                                         _053_ (net)
                      0.172265    0.000000    3.829476 ^ _397_/A (sky130_fd_sc_hd__xor2_2)
     1    0.033442    0.320918    0.257981    4.087457 ^ _397_/X (sky130_fd_sc_hd__xor2_2)
                                                         P[7] (net)
                      0.320918    0.000000    4.087457 ^ P[7] (out)
                                              4.087457   data arrival time

                      0.000000   10.000000   10.000000   clock __VIRTUAL_CLK__ (rise edge)
                                  0.000000   10.000000   clock network delay (ideal)
                                 -0.250000    9.750000   clock uncertainty
                                  0.000000    9.750000   clock reconvergence pessimism
                                 -2.000000    7.750000   output external delay
                                              7.750000   data required time
---------------------------------------------------------------------------------------------
                                              7.750000   data required time
                                             -4.087457   data arrival time
---------------------------------------------------------------------------------------------
                                              3.662543   slack (MET)


Startpoint: A[0] (input port clocked by __VIRTUAL_CLK__)
Endpoint: P[6] (output port clocked by __VIRTUAL_CLK__)
Path Group: __VIRTUAL_CLK__
Path Type: max

Fanout         Cap        Slew       Delay        Time   Description
---------------------------------------------------------------------------------------------
                      0.000000    0.000000    0.000000   clock __VIRTUAL_CLK__ (rise edge)
                                  0.000000    0.000000   clock network delay (ideal)
                                  2.000000    2.000000 ^ input external delay
    18    0.063523    0.218312    0.149455    2.149455 ^ A[0] (in)
                                                         A[0] (net)
                      0.218312    0.000000    2.149455 ^ _281_/D (sky130_fd_sc_hd__nand4_2)
     4    0.006772    0.070284    0.073580    2.223035 v _281_/Y (sky130_fd_sc_hd__nand4_2)
                                                         _218_ (net)
                      0.070284    0.000000    2.223035 v _296_/C (sky130_fd_sc_hd__or4_2)
     2    0.005831    0.074308    0.358656    2.581691 v _296_/X (sky130_fd_sc_hd__or4_2)
                                                         _231_ (net)
                      0.074308    0.000000    2.581691 v _298_/B (sky130_fd_sc_hd__and3_2)
     5    0.016174    0.051246    0.164647    2.746338 v _298_/X (sky130_fd_sc_hd__and3_2)
                                                         _233_ (net)
                      0.051246    0.000000    2.746338 v _300_/B (sky130_fd_sc_hd__or3_2)
     4    0.014265    0.078854    0.295118    3.041456 v _300_/X (sky130_fd_sc_hd__or3_2)
                                                         _235_ (net)
                      0.078854    0.000000    3.041456 v _337_/A1 (sky130_fd_sc_hd__o221a_2)
     2    0.009970    0.045967    0.202820    3.244276 v _337_/X (sky130_fd_sc_hd__o221a_2)
                                                         _270_ (net)
                      0.045967    0.000000    3.244276 v _340_/A (sky130_fd_sc_hd__xor2_2)
     2    0.012755    0.051738    0.129372    3.373648 v _340_/X (sky130_fd_sc_hd__xor2_2)
                                                         _273_ (net)
                      0.051738    0.000000    3.373648 v _349_/A (sky130_fd_sc_hd__xor2_2)
     2    0.010209    0.059789    0.127245    3.500892 v _349_/X (sky130_fd_sc_hd__xor2_2)
                                                         _008_ (net)
                      0.059789    0.000000    3.500892 v _350_/B (sky130_fd_sc_hd__xnor2_2)
     2    0.009203    0.131192    0.124703    3.625596 ^ _350_/Y (sky130_fd_sc_hd__xnor2_2)
                                                         _009_ (net)
                      0.131192    0.000000    3.625596 ^ _360_/A (sky130_fd_sc_hd__nor2_2)
     2    0.003697    0.034178    0.027515    3.653111 v _360_/Y (sky130_fd_sc_hd__nor2_2)
                                                         _019_ (net)
                      0.034178    0.000000    3.653111 v _362_/A_N (sky130_fd_sc_hd__nand2b_2)
     1    0.008271    0.040907    0.117363    3.770473 v _362_/Y (sky130_fd_sc_hd__nand2b_2)
                                                         _021_ (net)
                      0.040907    0.000000    3.770473 v _365_/A (sky130_fd_sc_hd__xnor2_2)
     1    0.033442    0.339644    0.283724    4.054197 ^ _365_/Y (sky130_fd_sc_hd__xnor2_2)
                                                         P[6] (net)
                      0.339644    0.000000    4.054197 ^ P[6] (out)
                                              4.054197   data arrival time

                      0.000000   10.000000   10.000000   clock __VIRTUAL_CLK__ (rise edge)
                                  0.000000   10.000000   clock network delay (ideal)
                                 -0.250000    9.750000   clock uncertainty
                                  0.000000    9.750000   clock reconvergence pessimism
                                 -2.000000    7.750000   output external delay
                                              7.750000   data required time
---------------------------------------------------------------------------------------------
                                              7.750000   data required time
                                             -4.054197   data arrival time
---------------------------------------------------------------------------------------------
                                              3.695803   slack (MET)


Startpoint: A[0] (input port clocked by __VIRTUAL_CLK__)
Endpoint: P[5] (output port clocked by __VIRTUAL_CLK__)
Path Group: __VIRTUAL_CLK__
Path Type: max

Fanout         Cap        Slew       Delay        Time   Description
---------------------------------------------------------------------------------------------
                      0.000000    0.000000    0.000000   clock __VIRTUAL_CLK__ (rise edge)
                                  0.000000    0.000000   clock network delay (ideal)
                                  2.000000    2.000000 ^ input external delay
    18    0.063523    0.218312    0.149455    2.149455 ^ A[0] (in)
                                                         A[0] (net)
                      0.218312    0.000000    2.149455 ^ _281_/D (sky130_fd_sc_hd__nand4_2)
     4    0.006772    0.070284    0.073580    2.223035 v _281_/Y (sky130_fd_sc_hd__nand4_2)
                                                         _218_ (net)
                      0.070284    0.000000    2.223035 v _296_/C (sky130_fd_sc_hd__or4_2)
     2    0.005831    0.074308    0.358656    2.581691 v _296_/X (sky130_fd_sc_hd__or4_2)
                                                         _231_ (net)
                      0.074308    0.000000    2.581691 v _298_/B (sky130_fd_sc_hd__and3_2)
     5    0.016174    0.051246    0.164647    2.746338 v _298_/X (sky130_fd_sc_hd__and3_2)
                                                         _233_ (net)
                      0.051246    0.000000    2.746338 v _300_/B (sky130_fd_sc_hd__or3_2)
     4    0.014265    0.078854    0.295118    3.041456 v _300_/X (sky130_fd_sc_hd__or3_2)
                                                         _235_ (net)
                      0.078854    0.000000    3.041456 v _354_/A1 (sky130_fd_sc_hd__o21a_2)
     1    0.007716    0.034306    0.155010    3.196465 v _354_/X (sky130_fd_sc_hd__o21a_2)
                                                         _013_ (net)
                      0.034306    0.000000    3.196465 v _355_/B (sky130_fd_sc_hd__xor2_2)
     2    0.012979    0.153355    0.135880    3.332345 ^ _355_/X (sky130_fd_sc_hd__xor2_2)
                                                         _014_ (net)
                      0.153355    0.000000    3.332345 ^ _358_/B (sky130_fd_sc_hd__xor2_2)
     2    0.012991    0.153450    0.139920    3.472265 ^ _358_/X (sky130_fd_sc_hd__xor2_2)
                                                         _017_ (net)
                      0.153450    0.000000    3.472265 ^ _363_/B (sky130_fd_sc_hd__xnor2_2)
     2    0.005763    0.041158    0.043868    3.516133 v _363_/Y (sky130_fd_sc_hd__xnor2_2)
                                                         _022_ (net)
                      0.041158    0.000000    3.516133 v _561_/C (sky130_fd_sc_hd__and3_2)
     1    0.004145    0.031253    0.133699    3.649832 v _561_/X (sky130_fd_sc_hd__and3_2)
                                                         _210_ (net)
                      0.031253    0.000000    3.649832 v _562_/B (sky130_fd_sc_hd__nor2_2)
     1    0.033442    0.270528    0.210657    3.860489 ^ _562_/Y (sky130_fd_sc_hd__nor2_2)
                                                         P[5] (net)
                      0.270528    0.000000    3.860489 ^ P[5] (out)
                                              3.860489   data arrival time

                      0.000000   10.000000   10.000000   clock __VIRTUAL_CLK__ (rise edge)
                                  0.000000   10.000000   clock network delay (ideal)
                                 -0.250000    9.750000   clock uncertainty
                                  0.000000    9.750000   clock reconvergence pessimism
                                 -2.000000    7.750000   output external delay
                                              7.750000   data required time
---------------------------------------------------------------------------------------------
                                              7.750000   data required time
                                             -3.860489   data arrival time
---------------------------------------------------------------------------------------------
                                              3.889511   slack (MET)


Startpoint: A[0] (input port clocked by __VIRTUAL_CLK__)
Endpoint: P[4] (output port clocked by __VIRTUAL_CLK__)
Path Group: __VIRTUAL_CLK__
Path Type: max

Fanout         Cap        Slew       Delay        Time   Description
---------------------------------------------------------------------------------------------
                      0.000000    0.000000    0.000000   clock __VIRTUAL_CLK__ (rise edge)
                                  0.000000    0.000000   clock network delay (ideal)
                                  2.000000    2.000000 ^ input external delay
    18    0.063523    0.218312    0.149455    2.149455 ^ A[0] (in)
                                                         A[0] (net)
                      0.218312    0.000000    2.149455 ^ _281_/D (sky130_fd_sc_hd__nand4_2)
     4    0.006772    0.070284    0.073580    2.223035 v _281_/Y (sky130_fd_sc_hd__nand4_2)
                                                         _218_ (net)
                      0.070284    0.000000    2.223035 v _296_/C (sky130_fd_sc_hd__or4_2)
     2    0.005831    0.074308    0.358656    2.581691 v _296_/X (sky130_fd_sc_hd__or4_2)
                                                         _231_ (net)
                      0.074308    0.000000    2.581691 v _298_/B (sky130_fd_sc_hd__and3_2)
     5    0.016174    0.051246    0.164647    2.746338 v _298_/X (sky130_fd_sc_hd__and3_2)
                                                         _233_ (net)
                      0.051246    0.000000    2.746338 v _300_/B (sky130_fd_sc_hd__or3_2)
     4    0.014265    0.078854    0.295118    3.041456 v _300_/X (sky130_fd_sc_hd__or3_2)
                                                         _235_ (net)
                      0.078854    0.000000    3.041456 v _315_/A (sky130_fd_sc_hd__xnor2_2)
     2    0.013179    0.165456    0.174342    3.215797 ^ _315_/Y (sky130_fd_sc_hd__xnor2_2)
                                                         _249_ (net)
                      0.165456    0.000000    3.215797 ^ _317_/B (sky130_fd_sc_hd__xnor2_2)
     2    0.012364    0.059076    0.063761    3.279559 v _317_/Y (sky130_fd_sc_hd__xnor2_2)
                                                         _251_ (net)
                      0.059076    0.000000    3.279559 v _319_/B (sky130_fd_sc_hd__xnor2_2)
     1    0.033442    0.340029    0.271851    3.551409 ^ _319_/Y (sky130_fd_sc_hd__xnor2_2)
                                                         P[4] (net)
                      0.340029    0.000000    3.551409 ^ P[4] (out)
                                              3.551409   data arrival time

                      0.000000   10.000000   10.000000   clock __VIRTUAL_CLK__ (rise edge)
                                  0.000000   10.000000   clock network delay (ideal)
                                 -0.250000    9.750000   clock uncertainty
                                  0.000000    9.750000   clock reconvergence pessimism
                                 -2.000000    7.750000   output external delay
                                              7.750000   data required time
---------------------------------------------------------------------------------------------
                                              7.750000   data required time
                                             -3.551409   data arrival time
---------------------------------------------------------------------------------------------
                                              4.198590   slack (MET)


Startpoint: A[0] (input port clocked by __VIRTUAL_CLK__)
Endpoint: P[3] (output port clocked by __VIRTUAL_CLK__)
Path Group: __VIRTUAL_CLK__
Path Type: max

Fanout         Cap        Slew       Delay        Time   Description
---------------------------------------------------------------------------------------------
                      0.000000    0.000000    0.000000   clock __VIRTUAL_CLK__ (rise edge)
                                  0.000000    0.000000   clock network delay (ideal)
                                  2.000000    2.000000 ^ input external delay
    18    0.063523    0.218312    0.149455    2.149455 ^ A[0] (in)
                                                         A[0] (net)
                      0.218312    0.000000    2.149455 ^ _281_/D (sky130_fd_sc_hd__nand4_2)
     4    0.006772    0.070284    0.073580    2.223035 v _281_/Y (sky130_fd_sc_hd__nand4_2)
                                                         _218_ (net)
                      0.070284    0.000000    2.223035 v _296_/C (sky130_fd_sc_hd__or4_2)
     2    0.005831    0.074308    0.358656    2.581691 v _296_/X (sky130_fd_sc_hd__or4_2)
                                                         _231_ (net)
                      0.074308    0.000000    2.581691 v _298_/B (sky130_fd_sc_hd__and3_2)
     5    0.016174    0.051246    0.164647    2.746338 v _298_/X (sky130_fd_sc_hd__and3_2)
                                                         _233_ (net)
                      0.051246    0.000000    2.746338 v _300_/B (sky130_fd_sc_hd__or3_2)
     4    0.014265    0.078854    0.295118    3.041456 v _300_/X (sky130_fd_sc_hd__or3_2)
                                                         _235_ (net)
                      0.078854    0.000000    3.041456 v _302_/A (sky130_fd_sc_hd__and2_2)
     1    0.033442    0.072604    0.172750    3.214206 v _302_/X (sky130_fd_sc_hd__and2_2)
                                                         P[3] (net)
                      0.072604    0.000000    3.214206 v P[3] (out)
                                              3.214206   data arrival time

                      0.000000   10.000000   10.000000   clock __VIRTUAL_CLK__ (rise edge)
                                  0.000000   10.000000   clock network delay (ideal)
                                 -0.250000    9.750000   clock uncertainty
                                  0.000000    9.750000   clock reconvergence pessimism
                                 -2.000000    7.750000   output external delay
                                              7.750000   data required time
---------------------------------------------------------------------------------------------
                                              7.750000   data required time
                                             -3.214206   data arrival time
---------------------------------------------------------------------------------------------
                                              4.535794   slack (MET)


Startpoint: A[0] (input port clocked by __VIRTUAL_CLK__)
Endpoint: P[2] (output port clocked by __VIRTUAL_CLK__)
Path Group: __VIRTUAL_CLK__
Path Type: max

Fanout         Cap        Slew       Delay        Time   Description
---------------------------------------------------------------------------------------------
                      0.000000    0.000000    0.000000   clock __VIRTUAL_CLK__ (rise edge)
                                  0.000000    0.000000   clock network delay (ideal)
                                  2.000000    2.000000 ^ input external delay
    18    0.063523    0.218312    0.149455    2.149455 ^ A[0] (in)
                                                         A[0] (net)
                      0.218312    0.000000    2.149455 ^ _280_/B (sky130_fd_sc_hd__nand2_2)
     2    0.005786    0.049927    0.038263    2.187718 v _280_/Y (sky130_fd_sc_hd__nand2_2)
                                                         _217_ (net)
                      0.049927    0.000000    2.187718 v _284_/A3 (sky130_fd_sc_hd__a32oi_2)
     2    0.007325    0.107744    0.128983    2.316701 ^ _284_/Y (sky130_fd_sc_hd__a32oi_2)
                                                         _220_ (net)
                      0.107744    0.000000    2.316701 ^ _286_/B1 (sky130_fd_sc_hd__a21oi_2)
     1    0.008271    0.062301    0.030188    2.346889 v _286_/Y (sky130_fd_sc_hd__a21oi_2)
                                                         _222_ (net)
                      0.062301    0.000000    2.346889 v _289_/A (sky130_fd_sc_hd__xnor2_2)
     1    0.033442    0.340023    0.291724    2.638613 ^ _289_/Y (sky130_fd_sc_hd__xnor2_2)
                                                         P[2] (net)
                      0.340023    0.000000    2.638613 ^ P[2] (out)
                                              2.638613   data arrival time

                      0.000000   10.000000   10.000000   clock __VIRTUAL_CLK__ (rise edge)
                                  0.000000   10.000000   clock network delay (ideal)
                                 -0.250000    9.750000   clock uncertainty
                                  0.000000    9.750000   clock reconvergence pessimism
                                 -2.000000    7.750000   output external delay
                                              7.750000   data required time
---------------------------------------------------------------------------------------------
                                              7.750000   data required time
                                             -2.638613   data arrival time
---------------------------------------------------------------------------------------------
                                              5.111387   slack (MET)


Startpoint: A[0] (input port clocked by __VIRTUAL_CLK__)
Endpoint: P[1] (output port clocked by __VIRTUAL_CLK__)
Path Group: __VIRTUAL_CLK__
Path Type: max

Fanout         Cap        Slew       Delay        Time   Description
---------------------------------------------------------------------------------------------
                      0.000000    0.000000    0.000000   clock __VIRTUAL_CLK__ (rise edge)
                                  0.000000    0.000000   clock network delay (ideal)
                                  2.000000    2.000000 ^ input external delay
    18    0.063523    0.218312    0.149455    2.149455 ^ A[0] (in)
                                                         A[0] (net)
                      0.218312    0.000000    2.149455 ^ _281_/D (sky130_fd_sc_hd__nand4_2)
     4    0.006772    0.070284    0.073580    2.223035 v _281_/Y (sky130_fd_sc_hd__nand4_2)
                                                         _218_ (net)
                      0.070284    0.000000    2.223035 v _282_/C (sky130_fd_sc_hd__and3_2)
     1    0.033442    0.075306    0.199340    2.422374 v _282_/X (sky130_fd_sc_hd__and3_2)
                                                         P[1] (net)
                      0.075306    0.000000    2.422374 v P[1] (out)
                                              2.422374   data arrival time

                      0.000000   10.000000   10.000000   clock __VIRTUAL_CLK__ (rise edge)
                                  0.000000   10.000000   clock network delay (ideal)
                                 -0.250000    9.750000   clock uncertainty
                                  0.000000    9.750000   clock reconvergence pessimism
                                 -2.000000    7.750000   output external delay
                                              7.750000   data required time
---------------------------------------------------------------------------------------------
                                              7.750000   data required time
                                             -2.422374   data arrival time
---------------------------------------------------------------------------------------------
                                              5.327626   slack (MET)


Startpoint: B[0] (input port clocked by __VIRTUAL_CLK__)
Endpoint: P[0] (output port clocked by __VIRTUAL_CLK__)
Path Group: __VIRTUAL_CLK__
Path Type: max

Fanout         Cap        Slew       Delay        Time   Description
---------------------------------------------------------------------------------------------
                      0.000000    0.000000    0.000000   clock __VIRTUAL_CLK__ (rise edge)
                                  0.000000    0.000000   clock network delay (ideal)
                                  2.000000    2.000000 ^ input external delay
    11    0.042384    0.147674    0.100719    2.100719 ^ B[0] (in)
                                                         B[0] (net)
                      0.147674    0.000000    2.100719 ^ _563_/A (sky130_fd_sc_hd__buf_1)
     1    0.033442    0.295732    0.240899    2.341619 ^ _563_/X (sky130_fd_sc_hd__buf_1)
                                                         P[0] (net)
                      0.295732    0.000000    2.341619 ^ P[0] (out)
                                              2.341619   data arrival time

                      0.000000   10.000000   10.000000   clock __VIRTUAL_CLK__ (rise edge)
                                  0.000000   10.000000   clock network delay (ideal)
                                 -0.250000    9.750000   clock uncertainty
                                  0.000000    9.750000   clock reconvergence pessimism
                                 -2.000000    7.750000   output external delay
                                              7.750000   data required time
---------------------------------------------------------------------------------------------
                                              7.750000   data required time
                                             -2.341619   data arrival time
---------------------------------------------------------------------------------------------
                                              5.408381   slack (MET)



