
===========================================================================
report_checks -path_delay min (Hold)
============================================================================
======================= nom_tt_025C_1v80 Corner ===================================

Startpoint: B[0] (input port clocked by __VIRTUAL_CLK__)
Endpoint: P[5] (output port clocked by __VIRTUAL_CLK__)
Path Group: __VIRTUAL_CLK__
Path Type: min

Fanout         Cap        Slew       Delay        Time   Description
---------------------------------------------------------------------------------------------
                      0.000000    0.000000    0.000000   clock __VIRTUAL_CLK__ (rise edge)
                                  0.000000    0.000000   clock network delay (ideal)
                                  2.000000    2.000000 ^ input external delay
     1    0.005462    0.031311    0.019309    2.019309 ^ B[0] (in)
                                                         B[0] (net)
                      0.031311    0.000000    2.019309 ^ input9/A (sky130_fd_sc_hd__buf_6)
     5    0.026989    0.063343    0.110305    2.129613 ^ input9/X (sky130_fd_sc_hd__buf_6)
                                                         net9 (net)
                      0.063346    0.000503    2.130116 ^ _399_/A1 (sky130_fd_sc_hd__a31o_1)
     2    0.007796    0.083998    0.163269    2.293385 ^ _399_/X (sky130_fd_sc_hd__a31o_1)
                                                         _025_ (net)
                      0.083998    0.000051    2.293436 ^ _629_/B (sky130_fd_sc_hd__xnor2_1)
     1    0.004788    0.048714    0.077487    2.370923 v _629_/Y (sky130_fd_sc_hd__xnor2_1)
                                                         net28 (net)
                      0.048714    0.000068    2.370991 v output28/A (sky130_fd_sc_hd__buf_2)
     1    0.034344    0.089439    0.182213    2.553204 v output28/X (sky130_fd_sc_hd__buf_2)
                                                         P[5] (net)
                      0.089439    0.000197    2.553401 v P[5] (out)
                                              2.553401   data arrival time

                      0.000000    0.000000    0.000000   clock __VIRTUAL_CLK__ (rise edge)
                                  0.000000    0.000000   clock network delay (ideal)
                                  0.250000    0.250000   clock uncertainty
                                  0.000000    0.250000   clock reconvergence pessimism
                                 -2.000000   -1.750000   output external delay
                                             -1.750000   data required time
---------------------------------------------------------------------------------------------
                                             -1.750000   data required time
                                             -2.553401   data arrival time
---------------------------------------------------------------------------------------------
                                              4.303401   slack (MET)


Startpoint: B[0] (input port clocked by __VIRTUAL_CLK__)
Endpoint: P[0] (output port clocked by __VIRTUAL_CLK__)
Path Group: __VIRTUAL_CLK__
Path Type: min

Fanout         Cap        Slew       Delay        Time   Description
---------------------------------------------------------------------------------------------
                      0.000000    0.000000    0.000000   clock __VIRTUAL_CLK__ (rise edge)
                                  0.000000    0.000000   clock network delay (ideal)
                                  2.000000    2.000000 v input external delay
     1    0.004983    0.013577    0.008044    2.008044 v B[0] (in)
                                                         B[0] (net)
                      0.013577    0.000000    2.008044 v input9/A (sky130_fd_sc_hd__buf_6)
     5    0.025597    0.037366    0.116746    2.124790 v input9/X (sky130_fd_sc_hd__buf_6)
                                                         net9 (net)
                      0.037366    0.000123    2.124913 v fanout34/A (sky130_fd_sc_hd__buf_8)
     7    0.019129    0.030097    0.119741    2.244654 v fanout34/X (sky130_fd_sc_hd__buf_8)
                                                         net34 (net)
                      0.030108    0.000242    2.244896 v _307_/A (sky130_fd_sc_hd__nand2_1)
     4    0.013052    0.125717    0.111722    2.356618 ^ _307_/Y (sky130_fd_sc_hd__nand2_1)
                                                         _223_ (net)
                      0.125717    0.000101    2.356719 ^ _308_/A (sky130_fd_sc_hd__inv_2)
     1    0.002097    0.026221    0.033720    2.390438 v _308_/Y (sky130_fd_sc_hd__inv_2)
                                                         mul_ll.mul_ll.pp0 (net)
                      0.026221    0.000000    2.390439 v _630_/A (sky130_fd_sc_hd__clkbuf_1)
     1    0.002277    0.024743    0.076185    2.466624 v _630_/X (sky130_fd_sc_hd__clkbuf_1)
                                                         net17 (net)
                      0.024743    0.000006    2.466631 v output17/A (sky130_fd_sc_hd__buf_2)
     1    0.033989    0.088792    0.171313    2.637944 v output17/X (sky130_fd_sc_hd__buf_2)
                                                         P[0] (net)
                      0.088792    0.000083    2.638026 v P[0] (out)
                                              2.638026   data arrival time

                      0.000000    0.000000    0.000000   clock __VIRTUAL_CLK__ (rise edge)
                                  0.000000    0.000000   clock network delay (ideal)
                                  0.250000    0.250000   clock uncertainty
                                  0.000000    0.250000   clock reconvergence pessimism
                                 -2.000000   -1.750000   output external delay
                                             -1.750000   data required time
---------------------------------------------------------------------------------------------
                                             -1.750000   data required time
                                             -2.638026   data arrival time
---------------------------------------------------------------------------------------------
                                              4.388026   slack (MET)


Startpoint: B[0] (input port clocked by __VIRTUAL_CLK__)
Endpoint: P[1] (output port clocked by __VIRTUAL_CLK__)
Path Group: __VIRTUAL_CLK__
Path Type: min

Fanout         Cap        Slew       Delay        Time   Description
---------------------------------------------------------------------------------------------
                      0.000000    0.000000    0.000000   clock __VIRTUAL_CLK__ (rise edge)
                                  0.000000    0.000000   clock network delay (ideal)
                                  2.000000    2.000000 ^ input external delay
     1    0.005462    0.031311    0.019309    2.019309 ^ B[0] (in)
                                                         B[0] (net)
                      0.031311    0.000000    2.019309 ^ input9/A (sky130_fd_sc_hd__buf_6)
     5    0.026989    0.063343    0.110305    2.129613 ^ input9/X (sky130_fd_sc_hd__buf_6)
                                                         net9 (net)
                      0.063343    0.000130    2.129744 ^ fanout34/A (sky130_fd_sc_hd__buf_8)
     7    0.020350    0.045244    0.106340    2.236083 ^ fanout34/X (sky130_fd_sc_hd__buf_8)
                                                         net34 (net)
                      0.045244    0.000205    2.236289 ^ _310_/A2 (sky130_fd_sc_hd__a22o_1)
     1    0.002728    0.044127    0.126524    2.362813 ^ _310_/X (sky130_fd_sc_hd__a22o_1)
                                                         _247_ (net)
                      0.044127    0.000004    2.362817 ^ _311_/B1 (sky130_fd_sc_hd__o21a_1)
     1    0.002230    0.036110    0.101575    2.464392 ^ _311_/X (sky130_fd_sc_hd__o21a_1)
                                                         net24 (net)
                      0.036110    0.000004    2.464396 ^ output24/A (sky130_fd_sc_hd__buf_2)
     1    0.034058    0.169125    0.194259    2.658655 ^ output24/X (sky130_fd_sc_hd__buf_2)
                                                         P[1] (net)
                      0.169125    0.000099    2.658754 ^ P[1] (out)
                                              2.658754   data arrival time

                      0.000000    0.000000    0.000000   clock __VIRTUAL_CLK__ (rise edge)
                                  0.000000    0.000000   clock network delay (ideal)
                                  0.250000    0.250000   clock uncertainty
                                  0.000000    0.250000   clock reconvergence pessimism
                                 -2.000000   -1.750000   output external delay
                                             -1.750000   data required time
---------------------------------------------------------------------------------------------
                                             -1.750000   data required time
                                             -2.658754   data arrival time
---------------------------------------------------------------------------------------------
                                              4.408753   slack (MET)


Startpoint: A[7] (input port clocked by __VIRTUAL_CLK__)
Endpoint: P[15] (output port clocked by __VIRTUAL_CLK__)
Path Group: __VIRTUAL_CLK__
Path Type: min

Fanout         Cap        Slew       Delay        Time   Description
---------------------------------------------------------------------------------------------
                      0.000000    0.000000    0.000000   clock __VIRTUAL_CLK__ (rise edge)
                                  0.000000    0.000000   clock network delay (ideal)
                                  2.000000    2.000000 v input external delay
     1    0.003043    0.009194    0.004825    2.004825 v A[7] (in)
                                                         A[7] (net)
                      0.009194    0.000000    2.004825 v input8/A (sky130_fd_sc_hd__buf_1)
     4    0.011598    0.073269    0.111901    2.116725 v input8/X (sky130_fd_sc_hd__buf_1)
                                                         net8 (net)
                      0.073269    0.000083    2.116809 v _602_/D (sky130_fd_sc_hd__nand4_1)
     3    0.007144    0.093853    0.124226    2.241034 ^ _602_/Y (sky130_fd_sc_hd__nand4_1)
                                                         _221_ (net)
                      0.093853    0.000027    2.241061 ^ _627_/A (sky130_fd_sc_hd__and2_1)
     1    0.002487    0.044892    0.124107    2.365167 ^ _627_/X (sky130_fd_sc_hd__and2_1)
                                                         _246_ (net)
                      0.044892    0.000008    2.365176 ^ _628_/B1_N (sky130_fd_sc_hd__a21bo_1)
     1    0.004986    0.041928    0.200280    2.565455 v _628_/X (sky130_fd_sc_hd__a21bo_1)
                                                         net23 (net)
                      0.041928    0.000017    2.565472 v output23/A (sky130_fd_sc_hd__buf_6)
     1    0.034418    0.043720    0.135579    2.701052 v output23/X (sky130_fd_sc_hd__buf_6)
                                                         P[15] (net)
                      0.043720    0.000220    2.701272 v P[15] (out)
                                              2.701272   data arrival time

                      0.000000    0.000000    0.000000   clock __VIRTUAL_CLK__ (rise edge)
                                  0.000000    0.000000   clock network delay (ideal)
                                  0.250000    0.250000   clock uncertainty
                                  0.000000    0.250000   clock reconvergence pessimism
                                 -2.000000   -1.750000   output external delay
                                             -1.750000   data required time
---------------------------------------------------------------------------------------------
                                             -1.750000   data required time
                                             -2.701272   data arrival time
---------------------------------------------------------------------------------------------
                                              4.451272   slack (MET)


Startpoint: B[0] (input port clocked by __VIRTUAL_CLK__)
Endpoint: P[6] (output port clocked by __VIRTUAL_CLK__)
Path Group: __VIRTUAL_CLK__
Path Type: min

Fanout         Cap        Slew       Delay        Time   Description
---------------------------------------------------------------------------------------------
                      0.000000    0.000000    0.000000   clock __VIRTUAL_CLK__ (rise edge)
                                  0.000000    0.000000   clock network delay (ideal)
                                  2.000000    2.000000 ^ input external delay
     1    0.005462    0.031311    0.019309    2.019309 ^ B[0] (in)
                                                         B[0] (net)
                      0.031311    0.000000    2.019309 ^ input9/A (sky130_fd_sc_hd__buf_6)
     5    0.026989    0.063343    0.110305    2.129613 ^ input9/X (sky130_fd_sc_hd__buf_6)
                                                         net9 (net)
                      0.063346    0.000503    2.130116 ^ _399_/A1 (sky130_fd_sc_hd__a31o_1)
     2    0.007796    0.083998    0.163269    2.293385 ^ _399_/X (sky130_fd_sc_hd__a31o_1)
                                                         _025_ (net)
                      0.083998    0.000048    2.293433 ^ _400_/B (sky130_fd_sc_hd__and2b_1)
     2    0.008545    0.088151    0.161183    2.454616 ^ _400_/X (sky130_fd_sc_hd__and2b_1)
                                                         _026_ (net)
                      0.088151    0.000036    2.454652 ^ _401_/B (sky130_fd_sc_hd__xnor2_1)
     1    0.004842    0.049382    0.078999    2.533651 v _401_/Y (sky130_fd_sc_hd__xnor2_1)
                                                         net29 (net)
                      0.049382    0.000070    2.533721 v output29/A (sky130_fd_sc_hd__buf_2)
     1    0.034344    0.089434    0.182500    2.716221 v output29/X (sky130_fd_sc_hd__buf_2)
                                                         P[6] (net)
                      0.089434    0.000197    2.716419 v P[6] (out)
                                              2.716419   data arrival time

                      0.000000    0.000000    0.000000   clock __VIRTUAL_CLK__ (rise edge)
                                  0.000000    0.000000   clock network delay (ideal)
                                  0.250000    0.250000   clock uncertainty
                                  0.000000    0.250000   clock reconvergence pessimism
                                 -2.000000   -1.750000   output external delay
                                             -1.750000   data required time
---------------------------------------------------------------------------------------------
                                             -1.750000   data required time
                                             -2.716419   data arrival time
---------------------------------------------------------------------------------------------
                                              4.466418   slack (MET)


Startpoint: A[4] (input port clocked by __VIRTUAL_CLK__)
Endpoint: P[4] (output port clocked by __VIRTUAL_CLK__)
Path Group: __VIRTUAL_CLK__
Path Type: min

Fanout         Cap        Slew       Delay        Time   Description
---------------------------------------------------------------------------------------------
                      0.000000    0.000000    0.000000   clock __VIRTUAL_CLK__ (rise edge)
                                  0.000000    0.000000   clock network delay (ideal)
                                  2.000000    2.000000 v input external delay
     1    0.002239    0.007340    0.003467    2.003467 v A[4] (in)
                                                         A[4] (net)
                      0.007340    0.000000    2.003467 v input5/A (sky130_fd_sc_hd__buf_2)
     5    0.025860    0.071596    0.148424    2.151891 v input5/X (sky130_fd_sc_hd__buf_2)
                                                         net5 (net)
                      0.071605    0.000822    2.152713 v fanout38/A (sky130_fd_sc_hd__clkbuf_4)
    10    0.035888    0.082486    0.196850    2.349563 v fanout38/X (sky130_fd_sc_hd__clkbuf_4)
                                                         net38 (net)
                      0.082501    0.001116    2.350680 v _333_/B (sky130_fd_sc_hd__nand2_1)
     3    0.010388    0.102116    0.125109    2.475789 ^ _333_/Y (sky130_fd_sc_hd__nand2_1)
                                                         _267_ (net)
                      0.102116    0.000041    2.475830 ^ _348_/A (sky130_fd_sc_hd__xnor2_1)
     1    0.005458    0.051572    0.095144    2.570973 v _348_/Y (sky130_fd_sc_hd__xnor2_1)
                                                         net27 (net)
                      0.051572    0.000090    2.571064 v output27/A (sky130_fd_sc_hd__buf_2)
     1    0.034344    0.089419    0.183444    2.754507 v output27/X (sky130_fd_sc_hd__buf_2)
                                                         P[4] (net)
                      0.089419    0.000197    2.754705 v P[4] (out)
                                              2.754705   data arrival time

                      0.000000    0.000000    0.000000   clock __VIRTUAL_CLK__ (rise edge)
                                  0.000000    0.000000   clock network delay (ideal)
                                  0.250000    0.250000   clock uncertainty
                                  0.000000    0.250000   clock reconvergence pessimism
                                 -2.000000   -1.750000   output external delay
                                             -1.750000   data required time
---------------------------------------------------------------------------------------------
                                             -1.750000   data required time
                                             -2.754705   data arrival time
---------------------------------------------------------------------------------------------
                                              4.504705   slack (MET)


Startpoint: B[0] (input port clocked by __VIRTUAL_CLK__)
Endpoint: P[2] (output port clocked by __VIRTUAL_CLK__)
Path Group: __VIRTUAL_CLK__
Path Type: min

Fanout         Cap        Slew       Delay        Time   Description
---------------------------------------------------------------------------------------------
                      0.000000    0.000000    0.000000   clock __VIRTUAL_CLK__ (rise edge)
                                  0.000000    0.000000   clock network delay (ideal)
                                  2.000000    2.000000 ^ input external delay
     1    0.005462    0.031311    0.019309    2.019309 ^ B[0] (in)
                                                         B[0] (net)
                      0.031311    0.000000    2.019309 ^ input9/A (sky130_fd_sc_hd__buf_6)
     5    0.026989    0.063343    0.110305    2.129613 ^ input9/X (sky130_fd_sc_hd__buf_6)
                                                         net9 (net)
                      0.063343    0.000130    2.129744 ^ fanout34/A (sky130_fd_sc_hd__buf_8)
     7    0.020350    0.045244    0.106340    2.236083 ^ fanout34/X (sky130_fd_sc_hd__buf_8)
                                                         net34 (net)
                      0.045244    0.000203    2.236286 ^ _315_/A (sky130_fd_sc_hd__and2_1)
     2    0.013153    0.141591    0.180540    2.416826 ^ _315_/X (sky130_fd_sc_hd__and2_1)
                                                         _251_ (net)
                      0.141591    0.000028    2.416855 ^ _317_/B1 (sky130_fd_sc_hd__a21o_1)
     1    0.002723    0.036087    0.099304    2.516159 ^ _317_/X (sky130_fd_sc_hd__a21o_1)
                                                         _253_ (net)
                      0.036087    0.000012    2.516171 ^ _319_/A (sky130_fd_sc_hd__and2_1)
     1    0.002957    0.047368    0.107955    2.624125 ^ _319_/X (sky130_fd_sc_hd__and2_1)
                                                         net25 (net)
                      0.047368    0.000013    2.624138 ^ output25/A (sky130_fd_sc_hd__buf_2)
     1    0.033936    0.171035    0.198239    2.822377 ^ output25/X (sky130_fd_sc_hd__buf_2)
                                                         P[2] (net)
                      0.171035    0.000071    2.822448 ^ P[2] (out)
                                              2.822448   data arrival time

                      0.000000    0.000000    0.000000   clock __VIRTUAL_CLK__ (rise edge)
                                  0.000000    0.000000   clock network delay (ideal)
                                  0.250000    0.250000   clock uncertainty
                                  0.000000    0.250000   clock reconvergence pessimism
                                 -2.000000   -1.750000   output external delay
                                             -1.750000   data required time
---------------------------------------------------------------------------------------------
                                             -1.750000   data required time
                                             -2.822448   data arrival time
---------------------------------------------------------------------------------------------
                                              4.572448   slack (MET)


Startpoint: B[0] (input port clocked by __VIRTUAL_CLK__)
Endpoint: P[3] (output port clocked by __VIRTUAL_CLK__)
Path Group: __VIRTUAL_CLK__
Path Type: min

Fanout         Cap        Slew       Delay        Time   Description
---------------------------------------------------------------------------------------------
                      0.000000    0.000000    0.000000   clock __VIRTUAL_CLK__ (rise edge)
                                  0.000000    0.000000   clock network delay (ideal)
                                  2.000000    2.000000 v input external delay
     1    0.004983    0.013577    0.008044    2.008044 v B[0] (in)
                                                         B[0] (net)
                      0.013577    0.000000    2.008044 v input9/A (sky130_fd_sc_hd__buf_6)
     5    0.025597    0.037366    0.116746    2.124790 v input9/X (sky130_fd_sc_hd__buf_6)
                                                         net9 (net)
                      0.037366    0.000123    2.124913 v fanout34/A (sky130_fd_sc_hd__buf_8)
     7    0.019129    0.030097    0.119741    2.244654 v fanout34/X (sky130_fd_sc_hd__buf_8)
                                                         net34 (net)
                      0.030108    0.000192    2.244845 v _315_/A (sky130_fd_sc_hd__and2_1)
     2    0.011906    0.070903    0.164776    2.409621 v _315_/X (sky130_fd_sc_hd__and2_1)
                                                         _251_ (net)
                      0.070903    0.000053    2.409674 v _318_/C (sky130_fd_sc_hd__nand3_4)
     3    0.015745    0.062174    0.107604    2.517278 ^ _318_/Y (sky130_fd_sc_hd__nand3_4)
                                                         _254_ (net)
                      0.062174    0.000180    2.517458 ^ _331_/B1 (sky130_fd_sc_hd__o21a_1)
     1    0.002658    0.040447    0.110824    2.628283 ^ _331_/X (sky130_fd_sc_hd__o21a_1)
                                                         _266_ (net)
                      0.040447    0.000002    2.628284 ^ _332_/B (sky130_fd_sc_hd__nor2_1)
     1    0.002084    0.018710    0.031502    2.659786 v _332_/Y (sky130_fd_sc_hd__nor2_1)
                                                         net26 (net)
                      0.018710    0.000004    2.659790 v output26/A (sky130_fd_sc_hd__buf_2)
     1    0.034058    0.088920    0.168949    2.828739 v output26/X (sky130_fd_sc_hd__buf_2)
                                                         P[3] (net)
                      0.088920    0.000099    2.828837 v P[3] (out)
                                              2.828837   data arrival time

                      0.000000    0.000000    0.000000   clock __VIRTUAL_CLK__ (rise edge)
                                  0.000000    0.000000   clock network delay (ideal)
                                  0.250000    0.250000   clock uncertainty
                                  0.000000    0.250000   clock reconvergence pessimism
                                 -2.000000   -1.750000   output external delay
                                             -1.750000   data required time
---------------------------------------------------------------------------------------------
                                             -1.750000   data required time
                                             -2.828837   data arrival time
---------------------------------------------------------------------------------------------
                                              4.578837   slack (MET)


Startpoint: A[7] (input port clocked by __VIRTUAL_CLK__)
Endpoint: P[14] (output port clocked by __VIRTUAL_CLK__)
Path Group: __VIRTUAL_CLK__
Path Type: min

Fanout         Cap        Slew       Delay        Time   Description
---------------------------------------------------------------------------------------------
                      0.000000    0.000000    0.000000   clock __VIRTUAL_CLK__ (rise edge)
                                  0.000000    0.000000   clock network delay (ideal)
                                  2.000000    2.000000 ^ input external delay
     1    0.003219    0.021539    0.011762    2.011762 ^ A[7] (in)
                                                         A[7] (net)
                      0.021539    0.000000    2.011762 ^ input8/A (sky130_fd_sc_hd__buf_1)
     4    0.012303    0.150766    0.147710    2.159473 ^ input8/X (sky130_fd_sc_hd__buf_1)
                                                         net8 (net)
                      0.150766    0.000107    2.159579 ^ _618_/B (sky130_fd_sc_hd__and3_1)
     2    0.004197    0.063399    0.180932    2.340511 ^ _618_/X (sky130_fd_sc_hd__and3_1)
                                                         _237_ (net)
                      0.063399    0.000011    2.340522 ^ _620_/B1 (sky130_fd_sc_hd__o21ai_1)
     2    0.004353    0.052591    0.070728    2.411250 v _620_/Y (sky130_fd_sc_hd__o21ai_1)
                                                         _239_ (net)
                      0.052591    0.000010    2.411260 v _621_/B (sky130_fd_sc_hd__nand2_1)
     1    0.005201    0.063020    0.079479    2.490739 ^ _621_/Y (sky130_fd_sc_hd__nand2_1)
                                                         _240_ (net)
                      0.063020    0.000011    2.490749 ^ _624_/A (sky130_fd_sc_hd__xnor2_1)
     2    0.007645    0.101494    0.148229    2.638978 ^ _624_/Y (sky130_fd_sc_hd__xnor2_1)
                                                         _244_ (net)
                      0.101494    0.000020    2.638998 ^ _625_/B (sky130_fd_sc_hd__xor2_1)
     1    0.004812    0.045785    0.083390    2.722388 v _625_/X (sky130_fd_sc_hd__xor2_1)
                                                         net22 (net)
                      0.045785    0.000013    2.722401 v output22/A (sky130_fd_sc_hd__buf_6)
     1    0.034399    0.043695    0.137241    2.859642 v output22/X (sky130_fd_sc_hd__buf_6)
                                                         P[14] (net)
                      0.043695    0.000217    2.859859 v P[14] (out)
                                              2.859859   data arrival time

                      0.000000    0.000000    0.000000   clock __VIRTUAL_CLK__ (rise edge)
                                  0.000000    0.000000   clock network delay (ideal)
                                  0.250000    0.250000   clock uncertainty
                                  0.000000    0.250000   clock reconvergence pessimism
                                 -2.000000   -1.750000   output external delay
                                             -1.750000   data required time
---------------------------------------------------------------------------------------------
                                             -1.750000   data required time
                                             -2.859859   data arrival time
---------------------------------------------------------------------------------------------
                                              4.609859   slack (MET)


Startpoint: B[4] (input port clocked by __VIRTUAL_CLK__)
Endpoint: P[10] (output port clocked by __VIRTUAL_CLK__)
Path Group: __VIRTUAL_CLK__
Path Type: min

Fanout         Cap        Slew       Delay        Time   Description
---------------------------------------------------------------------------------------------
                      0.000000    0.000000    0.000000   clock __VIRTUAL_CLK__ (rise edge)
                                  0.000000    0.000000   clock network delay (ideal)
                                  2.000000    2.000000 ^ input external delay
     1    0.003092    0.020990    0.011313    2.011313 ^ B[4] (in)
                                                         B[4] (net)
                      0.020990    0.000000    2.011313 ^ input13/A (sky130_fd_sc_hd__buf_4)
    10    0.054375    0.154465    0.184125    2.195439 ^ input13/X (sky130_fd_sc_hd__buf_4)
                                                         net13 (net)
                      0.154475    0.001041    2.196480 ^ _476_/A (sky130_fd_sc_hd__and3_1)
     2    0.005483    0.074536    0.188257    2.384737 ^ _476_/X (sky130_fd_sc_hd__and3_1)
                                                         _100_ (net)
                      0.074536    0.000004    2.384741 ^ _517_/A2 (sky130_fd_sc_hd__o21ai_1)
     3    0.009327    0.074470    0.094760    2.479501 v _517_/Y (sky130_fd_sc_hd__o21ai_1)
                                                         _140_ (net)
                      0.074470    0.000037    2.479538 v _552_/C1 (sky130_fd_sc_hd__o211ai_1)
     1    0.001813    0.067429    0.080081    2.559618 ^ _552_/Y (sky130_fd_sc_hd__o211ai_1)
                                                         _174_ (net)
                      0.067429    0.000003    2.559621 ^ _553_/B (sky130_fd_sc_hd__and2_1)
     1    0.008581    0.096222    0.161246    2.720868 ^ _553_/X (sky130_fd_sc_hd__and2_1)
                                                         net18 (net)
                      0.096222    0.000107    2.720975 ^ output18/A (sky130_fd_sc_hd__buf_6)
     1    0.034144    0.076690    0.142592    2.863567 ^ output18/X (sky130_fd_sc_hd__buf_6)
                                                         P[10] (net)
                      0.076690    0.000109    2.863676 ^ P[10] (out)
                                              2.863676   data arrival time

                      0.000000    0.000000    0.000000   clock __VIRTUAL_CLK__ (rise edge)
                                  0.000000    0.000000   clock network delay (ideal)
                                  0.250000    0.250000   clock uncertainty
                                  0.000000    0.250000   clock reconvergence pessimism
                                 -2.000000   -1.750000   output external delay
                                             -1.750000   data required time
---------------------------------------------------------------------------------------------
                                             -1.750000   data required time
                                             -2.863676   data arrival time
---------------------------------------------------------------------------------------------
                                              4.613676   slack (MET)


Startpoint: B[0] (input port clocked by __VIRTUAL_CLK__)
Endpoint: P[7] (output port clocked by __VIRTUAL_CLK__)
Path Group: __VIRTUAL_CLK__
Path Type: min

Fanout         Cap        Slew       Delay        Time   Description
---------------------------------------------------------------------------------------------
                      0.000000    0.000000    0.000000   clock __VIRTUAL_CLK__ (rise edge)
                                  0.000000    0.000000   clock network delay (ideal)
                                  2.000000    2.000000 ^ input external delay
     1    0.005462    0.031311    0.019309    2.019309 ^ B[0] (in)
                                                         B[0] (net)
                      0.031311    0.000000    2.019309 ^ input9/A (sky130_fd_sc_hd__buf_6)
     5    0.026989    0.063343    0.110305    2.129613 ^ input9/X (sky130_fd_sc_hd__buf_6)
                                                         net9 (net)
                      0.063346    0.000503    2.130116 ^ _399_/A1 (sky130_fd_sc_hd__a31o_1)
     2    0.007796    0.083998    0.163269    2.293385 ^ _399_/X (sky130_fd_sc_hd__a31o_1)
                                                         _025_ (net)
                      0.083998    0.000048    2.293433 ^ _400_/B (sky130_fd_sc_hd__and2b_1)
     2    0.008545    0.088151    0.161183    2.454616 ^ _400_/X (sky130_fd_sc_hd__and2b_1)
                                                         _026_ (net)
                      0.088151    0.000041    2.454657 ^ _443_/A2 (sky130_fd_sc_hd__a21o_1)
     2    0.011315    0.103891    0.168235    2.622892 ^ _443_/X (sky130_fd_sc_hd__a21o_1)
                                                         _068_ (net)
                      0.103891    0.000086    2.622978 ^ _444_/B (sky130_fd_sc_hd__xor2_1)
     1    0.005723    0.047914    0.089174    2.712152 v _444_/X (sky130_fd_sc_hd__xor2_1)
                                                         net30 (net)
                      0.047914    0.000099    2.712252 v output30/A (sky130_fd_sc_hd__buf_2)
     1    0.034344    0.089445    0.181868    2.894120 v output30/X (sky130_fd_sc_hd__buf_2)
                                                         P[7] (net)
                      0.089445    0.000197    2.894318 v P[7] (out)
                                              2.894318   data arrival time

                      0.000000    0.000000    0.000000   clock __VIRTUAL_CLK__ (rise edge)
                                  0.000000    0.000000   clock network delay (ideal)
                                  0.250000    0.250000   clock uncertainty
                                  0.000000    0.250000   clock reconvergence pessimism
                                 -2.000000   -1.750000   output external delay
                                             -1.750000   data required time
---------------------------------------------------------------------------------------------
                                             -1.750000   data required time
                                             -2.894318   data arrival time
---------------------------------------------------------------------------------------------
                                              4.644318   slack (MET)


Startpoint: B[4] (input port clocked by __VIRTUAL_CLK__)
Endpoint: P[9] (output port clocked by __VIRTUAL_CLK__)
Path Group: __VIRTUAL_CLK__
Path Type: min

Fanout         Cap        Slew       Delay        Time   Description
---------------------------------------------------------------------------------------------
                      0.000000    0.000000    0.000000   clock __VIRTUAL_CLK__ (rise edge)
                                  0.000000    0.000000   clock network delay (ideal)
                                  2.000000    2.000000 ^ input external delay
     1    0.003092    0.020990    0.011313    2.011313 ^ B[4] (in)
                                                         B[4] (net)
                      0.020990    0.000000    2.011313 ^ input13/A (sky130_fd_sc_hd__buf_4)
    10    0.054375    0.154465    0.184125    2.195439 ^ input13/X (sky130_fd_sc_hd__buf_4)
                                                         net13 (net)
                      0.154475    0.001041    2.196480 ^ _476_/A (sky130_fd_sc_hd__and3_1)
     2    0.005483    0.074536    0.188257    2.384737 ^ _476_/X (sky130_fd_sc_hd__and3_1)
                                                         _100_ (net)
                      0.074536    0.000006    2.384743 ^ _516_/B (sky130_fd_sc_hd__nor3_1)
     3    0.008675    0.052733    0.073350    2.458093 v _516_/Y (sky130_fd_sc_hd__nor3_1)
                                                         _139_ (net)
                      0.052733    0.000040    2.458133 v _518_/A_N (sky130_fd_sc_hd__and2b_1)
     1    0.009312    0.096976    0.227706    2.685839 ^ _518_/X (sky130_fd_sc_hd__and2b_1)
                                                         _141_ (net)
                      0.096976    0.000015    2.685854 ^ _520_/A (sky130_fd_sc_hd__xnor2_2)
     1    0.007362    0.049700    0.087256    2.773110 v _520_/Y (sky130_fd_sc_hd__xnor2_2)
                                                         net32 (net)
                      0.049700    0.000073    2.773183 v output32/A (sky130_fd_sc_hd__buf_6)
     1    0.034216    0.043520    0.138856    2.912039 v output32/X (sky130_fd_sc_hd__buf_6)
                                                         P[9] (net)
                      0.043520    0.000126    2.912165 v P[9] (out)
                                              2.912165   data arrival time

                      0.000000    0.000000    0.000000   clock __VIRTUAL_CLK__ (rise edge)
                                  0.000000    0.000000   clock network delay (ideal)
                                  0.250000    0.250000   clock uncertainty
                                  0.000000    0.250000   clock reconvergence pessimism
                                 -2.000000   -1.750000   output external delay
                                             -1.750000   data required time
---------------------------------------------------------------------------------------------
                                             -1.750000   data required time
                                             -2.912165   data arrival time
---------------------------------------------------------------------------------------------
                                              4.662165   slack (MET)


Startpoint: B[4] (input port clocked by __VIRTUAL_CLK__)
Endpoint: P[8] (output port clocked by __VIRTUAL_CLK__)
Path Group: __VIRTUAL_CLK__
Path Type: min

Fanout         Cap        Slew       Delay        Time   Description
---------------------------------------------------------------------------------------------
                      0.000000    0.000000    0.000000   clock __VIRTUAL_CLK__ (rise edge)
                                  0.000000    0.000000   clock network delay (ideal)
                                  2.000000    2.000000 v input external delay
     1    0.002844    0.008734    0.004485    2.004485 v B[4] (in)
                                                         B[4] (net)
                      0.008734    0.000000    2.004485 v input13/A (sky130_fd_sc_hd__buf_4)
    10    0.051598    0.079365    0.170946    2.175431 v input13/X (sky130_fd_sc_hd__buf_4)
                                                         net13 (net)
                      0.079403    0.001587    2.177018 v _475_/A (sky130_fd_sc_hd__nand2_2)
     4    0.017172    0.097547    0.113543    2.290562 ^ _475_/Y (sky130_fd_sc_hd__nand2_2)
                                                         _099_ (net)
                      0.097547    0.000118    2.290680 ^ _477_/B (sky130_fd_sc_hd__xnor2_1)
     2    0.005795    0.055839    0.087459    2.378139 v _477_/Y (sky130_fd_sc_hd__xnor2_1)
                                                         _101_ (net)
                      0.055839    0.000042    2.378181 v _480_/C (sky130_fd_sc_hd__nor3_1)
     1    0.003174    0.158648    0.136536    2.514717 ^ _480_/Y (sky130_fd_sc_hd__nor3_1)
                                                         _104_ (net)
                      0.158648    0.000009    2.514726 ^ _481_/A (sky130_fd_sc_hd__or2_4)
     2    0.007856    0.039367    0.151776    2.666502 ^ _481_/X (sky130_fd_sc_hd__or2_4)
                                                         _105_ (net)
                      0.039367    0.000024    2.666527 ^ _484_/A (sky130_fd_sc_hd__xnor2_1)
     1    0.008141    0.070117    0.091584    2.758110 v _484_/Y (sky130_fd_sc_hd__xnor2_1)
                                                         net31 (net)
                      0.070117    0.000197    2.758307 v output31/A (sky130_fd_sc_hd__buf_4)
     1    0.034571    0.059174    0.179765    2.938072 v output31/X (sky130_fd_sc_hd__buf_4)
                                                         P[8] (net)
                      0.059174    0.000230    2.938302 v P[8] (out)
                                              2.938302   data arrival time

                      0.000000    0.000000    0.000000   clock __VIRTUAL_CLK__ (rise edge)
                                  0.000000    0.000000   clock network delay (ideal)
                                  0.250000    0.250000   clock uncertainty
                                  0.000000    0.250000   clock reconvergence pessimism
                                 -2.000000   -1.750000   output external delay
                                             -1.750000   data required time
---------------------------------------------------------------------------------------------
                                             -1.750000   data required time
                                             -2.938302   data arrival time
---------------------------------------------------------------------------------------------
                                              4.688303   slack (MET)


Startpoint: B[4] (input port clocked by __VIRTUAL_CLK__)
Endpoint: P[11] (output port clocked by __VIRTUAL_CLK__)
Path Group: __VIRTUAL_CLK__
Path Type: min

Fanout         Cap        Slew       Delay        Time   Description
---------------------------------------------------------------------------------------------
                      0.000000    0.000000    0.000000   clock __VIRTUAL_CLK__ (rise edge)
                                  0.000000    0.000000   clock network delay (ideal)
                                  2.000000    2.000000 v input external delay
     1    0.002844    0.008734    0.004485    2.004485 v B[4] (in)
                                                         B[4] (net)
                      0.008734    0.000000    2.004485 v input13/A (sky130_fd_sc_hd__buf_4)
    10    0.051598    0.079365    0.170946    2.175431 v input13/X (sky130_fd_sc_hd__buf_4)
                                                         net13 (net)
                      0.079410    0.001721    2.177152 v _524_/A (sky130_fd_sc_hd__nand2_2)
     6    0.016110    0.092415    0.109844    2.286996 ^ _524_/Y (sky130_fd_sc_hd__nand2_2)
                                                         _146_ (net)
                      0.092415    0.000012    2.287007 ^ _526_/B (sky130_fd_sc_hd__nand2_1)
     1    0.001864    0.030689    0.053794    2.340802 v _526_/Y (sky130_fd_sc_hd__nand2_1)
                                                         _148_ (net)
                      0.030689    0.000003    2.340805 v _527_/B (sky130_fd_sc_hd__and2_1)
     2    0.005097    0.042959    0.155045    2.495849 v _527_/X (sky130_fd_sc_hd__and2_1)
                                                         _149_ (net)
                      0.042959    0.000030    2.495879 v _545_/A (sky130_fd_sc_hd__nand2_1)
     3    0.012469    0.123132    0.113422    2.609301 ^ _545_/Y (sky130_fd_sc_hd__nand2_1)
                                                         _167_ (net)
                      0.123132    0.000018    2.609318 ^ _578_/C1 (sky130_fd_sc_hd__o211ai_2)
     2    0.008072    0.067724    0.110365    2.719683 v _578_/Y (sky130_fd_sc_hd__o211ai_2)
                                                         _199_ (net)
                      0.067724    0.000050    2.719733 v _581_/A (sky130_fd_sc_hd__nand2_1)
     1    0.009288    0.095574    0.104570    2.824303 ^ _581_/Y (sky130_fd_sc_hd__nand2_1)
                                                         _202_ (net)
                      0.095574    0.000015    2.824318 ^ _583_/A (sky130_fd_sc_hd__xnor2_2)
     1    0.007978    0.050675    0.089042    2.913360 v _583_/Y (sky130_fd_sc_hd__xnor2_2)
                                                         net19 (net)
                      0.050675    0.000099    2.913459 v output19/A (sky130_fd_sc_hd__buf_6)
     1    0.034040    0.043372    0.139170    3.052630 v output19/X (sky130_fd_sc_hd__buf_6)
                                                         P[11] (net)
                      0.043372    0.000085    3.052715 v P[11] (out)
                                              3.052715   data arrival time

                      0.000000    0.000000    0.000000   clock __VIRTUAL_CLK__ (rise edge)
                                  0.000000    0.000000   clock network delay (ideal)
                                  0.250000    0.250000   clock uncertainty
                                  0.000000    0.250000   clock reconvergence pessimism
                                 -2.000000   -1.750000   output external delay
                                             -1.750000   data required time
---------------------------------------------------------------------------------------------
                                             -1.750000   data required time
                                             -3.052715   data arrival time
---------------------------------------------------------------------------------------------
                                              4.802715   slack (MET)


Startpoint: A[3] (input port clocked by __VIRTUAL_CLK__)
Endpoint: P[13] (output port clocked by __VIRTUAL_CLK__)
Path Group: __VIRTUAL_CLK__
Path Type: min

Fanout         Cap        Slew       Delay        Time   Description
---------------------------------------------------------------------------------------------
                      0.000000    0.000000    0.000000   clock __VIRTUAL_CLK__ (rise edge)
                                  0.000000    0.000000   clock network delay (ideal)
                                  2.000000    2.000000 ^ input external delay
     1    0.005357    0.031934    0.018975    2.018975 ^ A[3] (in)
                                                         A[3] (net)
                      0.031934    0.000000    2.018975 ^ input4/A (sky130_fd_sc_hd__buf_6)
     3    0.019671    0.049996    0.100582    2.119557 ^ input4/X (sky130_fd_sc_hd__buf_6)
                                                         net4 (net)
                      0.049996    0.000174    2.119731 ^ _487_/B (sky130_fd_sc_hd__nand4_1)
     3    0.008144    0.126619    0.126028    2.245759 v _487_/Y (sky130_fd_sc_hd__nand4_1)
                                                         _110_ (net)
                      0.126619    0.000050    2.245809 v _570_/B1 (sky130_fd_sc_hd__o21ai_1)
     1    0.002721    0.082853    0.104127    2.349936 ^ _570_/Y (sky130_fd_sc_hd__o21ai_1)
                                                         _191_ (net)
                      0.082853    0.000002    2.349939 ^ _571_/B (sky130_fd_sc_hd__nor2_1)
     2    0.011593    0.060013    0.078549    2.428487 v _571_/Y (sky130_fd_sc_hd__nor2_1)
                                                         _192_ (net)
                      0.060013    0.000183    2.428670 v _574_/A (sky130_fd_sc_hd__nor2_1)
     2    0.005798    0.128302    0.138931    2.567602 ^ _574_/Y (sky130_fd_sc_hd__nor2_1)
                                                         _195_ (net)
                      0.128302    0.000040    2.567641 ^ _597_/A (sky130_fd_sc_hd__or3_1)
     3    0.010671    0.107465    0.174368    2.742009 ^ _597_/X (sky130_fd_sc_hd__or3_1)
                                                         _217_ (net)
                      0.107465    0.000030    2.742040 ^ _616_/C1 (sky130_fd_sc_hd__o211a_4)
     3    0.013359    0.061244    0.179552    2.921592 ^ _616_/X (sky130_fd_sc_hd__o211a_4)
                                                         _236_ (net)
                      0.061244    0.000054    2.921646 ^ _617_/B (sky130_fd_sc_hd__nor2_1)
     1    0.006908    0.038190    0.055603    2.977249 v _617_/Y (sky130_fd_sc_hd__nor2_1)
                                                         net21 (net)
                      0.038190    0.000078    2.977327 v output21/A (sky130_fd_sc_hd__buf_6)
     1    0.034597    0.043872    0.134076    3.111403 v output21/X (sky130_fd_sc_hd__buf_6)
                                                         P[13] (net)
                      0.043872    0.000246    3.111649 v P[13] (out)
                                              3.111649   data arrival time

                      0.000000    0.000000    0.000000   clock __VIRTUAL_CLK__ (rise edge)
                                  0.000000    0.000000   clock network delay (ideal)
                                  0.250000    0.250000   clock uncertainty
                                  0.000000    0.250000   clock reconvergence pessimism
                                 -2.000000   -1.750000   output external delay
                                             -1.750000   data required time
---------------------------------------------------------------------------------------------
                                             -1.750000   data required time
                                             -3.111649   data arrival time
---------------------------------------------------------------------------------------------
                                              4.861649   slack (MET)


Startpoint: A[3] (input port clocked by __VIRTUAL_CLK__)
Endpoint: P[12] (output port clocked by __VIRTUAL_CLK__)
Path Group: __VIRTUAL_CLK__
Path Type: min

Fanout         Cap        Slew       Delay        Time   Description
---------------------------------------------------------------------------------------------
                      0.000000    0.000000    0.000000   clock __VIRTUAL_CLK__ (rise edge)
                                  0.000000    0.000000   clock network delay (ideal)
                                  2.000000    2.000000 ^ input external delay
     1    0.005357    0.031934    0.018975    2.018975 ^ A[3] (in)
                                                         A[3] (net)
                      0.031934    0.000000    2.018975 ^ input4/A (sky130_fd_sc_hd__buf_6)
     3    0.019671    0.049996    0.100582    2.119557 ^ input4/X (sky130_fd_sc_hd__buf_6)
                                                         net4 (net)
                      0.049996    0.000174    2.119731 ^ _487_/B (sky130_fd_sc_hd__nand4_1)
     3    0.008144    0.126619    0.126028    2.245759 v _487_/Y (sky130_fd_sc_hd__nand4_1)
                                                         _110_ (net)
                      0.126619    0.000050    2.245809 v _570_/B1 (sky130_fd_sc_hd__o21ai_1)
     1    0.002721    0.082853    0.104127    2.349936 ^ _570_/Y (sky130_fd_sc_hd__o21ai_1)
                                                         _191_ (net)
                      0.082853    0.000002    2.349939 ^ _571_/B (sky130_fd_sc_hd__nor2_1)
     2    0.011593    0.060013    0.078549    2.428487 v _571_/Y (sky130_fd_sc_hd__nor2_1)
                                                         _192_ (net)
                      0.060013    0.000183    2.428670 v _574_/A (sky130_fd_sc_hd__nor2_1)
     2    0.005798    0.128302    0.138931    2.567602 ^ _574_/Y (sky130_fd_sc_hd__nor2_1)
                                                         _195_ (net)
                      0.128302    0.000040    2.567641 ^ _597_/A (sky130_fd_sc_hd__or3_1)
     3    0.010671    0.107465    0.174368    2.742009 ^ _597_/X (sky130_fd_sc_hd__or3_1)
                                                         _217_ (net)
                      0.107465    0.000006    2.742015 ^ _598_/B (sky130_fd_sc_hd__nand2b_1)
     1    0.004566    0.052618    0.076053    2.818068 v _598_/Y (sky130_fd_sc_hd__nand2b_1)
                                                         _218_ (net)
                      0.052618    0.000004    2.818073 v _600_/A (sky130_fd_sc_hd__xnor2_1)
     1    0.008329    0.073014    0.153600    2.971672 v _600_/Y (sky130_fd_sc_hd__xnor2_1)
                                                         net20 (net)
                      0.073014    0.000107    2.971779 v output20/A (sky130_fd_sc_hd__buf_6)
     1    0.034040    0.043388    0.149411    3.121191 v output20/X (sky130_fd_sc_hd__buf_6)
                                                         P[12] (net)
                      0.043388    0.000085    3.121276 v P[12] (out)
                                              3.121276   data arrival time

                      0.000000    0.000000    0.000000   clock __VIRTUAL_CLK__ (rise edge)
                                  0.000000    0.000000   clock network delay (ideal)
                                  0.250000    0.250000   clock uncertainty
                                  0.000000    0.250000   clock reconvergence pessimism
                                 -2.000000   -1.750000   output external delay
                                             -1.750000   data required time
---------------------------------------------------------------------------------------------
                                             -1.750000   data required time
                                             -3.121276   data arrival time
---------------------------------------------------------------------------------------------
                                              4.871275   slack (MET)



