
===========================================================================
report_checks -path_delay max (Setup)
============================================================================
======================= max_ss_100C_1v60 Corner ===================================

Startpoint: A[4] (input port clocked by __VIRTUAL_CLK__)
Endpoint: P[14] (output port clocked by __VIRTUAL_CLK__)
Path Group: __VIRTUAL_CLK__
Path Type: max

Fanout         Cap        Slew       Delay        Time   Description
---------------------------------------------------------------------------------------------
                      0.000000    0.000000    0.000000   clock __VIRTUAL_CLK__ (rise edge)
                                  0.000000    0.000000   clock network delay (ideal)
                                  2.000000    2.000000 ^ input external delay
     1    0.002614    0.031021    0.014853    2.014853 ^ A[4] (in)
                                                         A[4] (net)
                      0.031021    0.000000    2.014853 ^ input5/A (sky130_fd_sc_hd__buf_1)
     2    0.012264    0.242077    0.255471    2.270325 ^ input5/X (sky130_fd_sc_hd__buf_1)
                                                         net5 (net)
                      0.242085    0.001123    2.271448 ^ fanout35/A (sky130_fd_sc_hd__buf_4)
    10    0.060078    0.273194    0.431261    2.702709 ^ fanout35/X (sky130_fd_sc_hd__buf_4)
                                                         net35 (net)
                      0.273902    0.011389    2.714098 ^ _223_/C (sky130_fd_sc_hd__nand4_2)
     5    0.014666    0.317458    0.405165    3.119262 v _223_/Y (sky130_fd_sc_hd__nand4_2)
                                                         _157_ (net)
                      0.317458    0.000605    3.119867 v _285_/B (sky130_fd_sc_hd__and3_1)
     2    0.011017    0.138803    0.527164    3.647031 v _285_/X (sky130_fd_sc_hd__and3_1)
                                                         _218_ (net)
                      0.138805    0.000724    3.647755 v _286_/A2 (sky130_fd_sc_hd__o211ai_4)
     5    0.021091    0.361047    0.394899    4.042655 ^ _286_/Y (sky130_fd_sc_hd__o211ai_4)
                                                         _219_ (net)
                      0.361047    0.000936    4.043590 ^ _323_/D_N (sky130_fd_sc_hd__or4bb_4)
     2    0.006790    0.164831    1.025960    5.069550 v _323_/X (sky130_fd_sc_hd__or4bb_4)
                                                         _035_ (net)
                      0.164832    0.000481    5.070031 v _349_/A (sky130_fd_sc_hd__and3_1)
     2    0.006178    0.098332    0.367352    5.437383 v _349_/X (sky130_fd_sc_hd__and3_1)
                                                         _060_ (net)
                      0.098332    0.000392    5.437774 v _350_/C (sky130_fd_sc_hd__or3_4)
     3    0.007513    0.129112    0.675115    6.112889 v _350_/X (sky130_fd_sc_hd__or3_4)
                                                         _061_ (net)
                      0.129112    0.000485    6.113375 v _353_/B1 (sky130_fd_sc_hd__a22o_1)
     3    0.008230    0.117055    0.400299    6.513674 v _353_/X (sky130_fd_sc_hd__a22o_1)
                                                         _064_ (net)
                      0.117055    0.000496    6.514170 v _355_/B (sky130_fd_sc_hd__and3_1)
     1    0.003355    0.075283    0.358631    6.872801 v _355_/X (sky130_fd_sc_hd__and3_1)
                                                         _066_ (net)
                      0.075283    0.000221    6.873022 v _358_/A (sky130_fd_sc_hd__or2_1)
     2    0.007883    0.140570    0.553197    7.426219 v _358_/X (sky130_fd_sc_hd__or2_1)
                                                         _069_ (net)
                      0.140570    0.000502    7.426721 v _383_/A (sky130_fd_sc_hd__or2_4)
     2    0.018294    0.115397    0.549994    7.976715 v _383_/X (sky130_fd_sc_hd__or2_4)
                                                         _093_ (net)
                      0.115410    0.001255    7.977970 v _424_/A3 (sky130_fd_sc_hd__o31ai_4)
     3    0.017885    0.445939    0.443045    8.421015 ^ _424_/Y (sky130_fd_sc_hd__o31ai_4)
                                                         _132_ (net)
                      0.445941    0.001582    8.422596 ^ _435_/A2 (sky130_fd_sc_hd__o211a_1)
     2    0.014166    0.209562    0.511484    8.934080 ^ _435_/X (sky130_fd_sc_hd__o211a_1)
                                                         _142_ (net)
                      0.209562    0.000751    8.934832 ^ _445_/B (sky130_fd_sc_hd__xor2_2)
     1    0.008596    0.232922    0.331563    9.266395 ^ _445_/X (sky130_fd_sc_hd__xor2_2)
                                                         net22 (net)
                      0.232923    0.000754    9.267149 ^ output22/A (sky130_fd_sc_hd__buf_6)
     1    0.034484    0.123696    0.295695    9.562844 ^ output22/X (sky130_fd_sc_hd__buf_6)
                                                         P[14] (net)
                      0.123718    0.001665    9.564509 ^ P[14] (out)
                                              9.564509   data arrival time

                      0.000000   10.000000   10.000000   clock __VIRTUAL_CLK__ (rise edge)
                                  0.000000   10.000000   clock network delay (ideal)
                                 -0.250000    9.750000   clock uncertainty
                                  0.000000    9.750000   clock reconvergence pessimism
                                 -2.000000    7.750000   output external delay
                                              7.750000   data required time
---------------------------------------------------------------------------------------------
                                              7.750000   data required time
                                             -9.564509   data arrival time
---------------------------------------------------------------------------------------------
                                             -1.814510   slack (VIOLATED)


Startpoint: A[4] (input port clocked by __VIRTUAL_CLK__)
Endpoint: P[15] (output port clocked by __VIRTUAL_CLK__)
Path Group: __VIRTUAL_CLK__
Path Type: max

Fanout         Cap        Slew       Delay        Time   Description
---------------------------------------------------------------------------------------------
                      0.000000    0.000000    0.000000   clock __VIRTUAL_CLK__ (rise edge)
                                  0.000000    0.000000   clock network delay (ideal)
                                  2.000000    2.000000 ^ input external delay
     1    0.002614    0.031021    0.014853    2.014853 ^ A[4] (in)
                                                         A[4] (net)
                      0.031021    0.000000    2.014853 ^ input5/A (sky130_fd_sc_hd__buf_1)
     2    0.012264    0.242077    0.255471    2.270325 ^ input5/X (sky130_fd_sc_hd__buf_1)
                                                         net5 (net)
                      0.242085    0.001123    2.271448 ^ fanout35/A (sky130_fd_sc_hd__buf_4)
    10    0.060078    0.273194    0.431261    2.702709 ^ fanout35/X (sky130_fd_sc_hd__buf_4)
                                                         net35 (net)
                      0.273902    0.011389    2.714098 ^ _223_/C (sky130_fd_sc_hd__nand4_2)
     5    0.014666    0.317458    0.405165    3.119262 v _223_/Y (sky130_fd_sc_hd__nand4_2)
                                                         _157_ (net)
                      0.317458    0.000605    3.119867 v _285_/B (sky130_fd_sc_hd__and3_1)
     2    0.011017    0.138803    0.527164    3.647031 v _285_/X (sky130_fd_sc_hd__and3_1)
                                                         _218_ (net)
                      0.138805    0.000724    3.647755 v _286_/A2 (sky130_fd_sc_hd__o211ai_4)
     5    0.021091    0.361047    0.394899    4.042655 ^ _286_/Y (sky130_fd_sc_hd__o211ai_4)
                                                         _219_ (net)
                      0.361047    0.000936    4.043590 ^ _323_/D_N (sky130_fd_sc_hd__or4bb_4)
     2    0.006790    0.164831    1.025960    5.069550 v _323_/X (sky130_fd_sc_hd__or4bb_4)
                                                         _035_ (net)
                      0.164832    0.000481    5.070031 v _349_/A (sky130_fd_sc_hd__and3_1)
     2    0.006178    0.098332    0.367352    5.437383 v _349_/X (sky130_fd_sc_hd__and3_1)
                                                         _060_ (net)
                      0.098332    0.000392    5.437774 v _350_/C (sky130_fd_sc_hd__or3_4)
     3    0.007513    0.129112    0.675115    6.112889 v _350_/X (sky130_fd_sc_hd__or3_4)
                                                         _061_ (net)
                      0.129112    0.000485    6.113375 v _353_/B1 (sky130_fd_sc_hd__a22o_1)
     3    0.008230    0.117055    0.400299    6.513674 v _353_/X (sky130_fd_sc_hd__a22o_1)
                                                         _064_ (net)
                      0.117055    0.000496    6.514170 v _355_/B (sky130_fd_sc_hd__and3_1)
     1    0.003355    0.075283    0.358631    6.872801 v _355_/X (sky130_fd_sc_hd__and3_1)
                                                         _066_ (net)
                      0.075283    0.000221    6.873022 v _358_/A (sky130_fd_sc_hd__or2_1)
     2    0.007883    0.140570    0.553197    7.426219 v _358_/X (sky130_fd_sc_hd__or2_1)
                                                         _069_ (net)
                      0.140570    0.000502    7.426721 v _383_/A (sky130_fd_sc_hd__or2_4)
     2    0.018294    0.115397    0.549994    7.976715 v _383_/X (sky130_fd_sc_hd__or2_4)
                                                         _093_ (net)
                      0.115410    0.001255    7.977970 v _424_/A3 (sky130_fd_sc_hd__o31ai_4)
     3    0.017885    0.445939    0.443045    8.421015 ^ _424_/Y (sky130_fd_sc_hd__o31ai_4)
                                                         _132_ (net)
                      0.445941    0.001408    8.422422 ^ _444_/A2 (sky130_fd_sc_hd__o2111a_1)
     1    0.006586    0.143548    0.521455    8.943877 ^ _444_/X (sky130_fd_sc_hd__o2111a_1)
                                                         _150_ (net)
                      0.143548    0.000506    8.944384 ^ _446_/C1 (sky130_fd_sc_hd__a311o_1)
     1    0.008731    0.182626    0.285406    9.229790 ^ _446_/X (sky130_fd_sc_hd__a311o_1)
                                                         net23 (net)
                      0.182626    0.000778    9.230568 ^ output23/A (sky130_fd_sc_hd__buf_6)
     1    0.034111    0.122365    0.272991    9.503559 ^ output23/X (sky130_fd_sc_hd__buf_6)
                                                         P[15] (net)
                      0.122389    0.001701    9.505260 ^ P[15] (out)
                                              9.505260   data arrival time

                      0.000000   10.000000   10.000000   clock __VIRTUAL_CLK__ (rise edge)
                                  0.000000   10.000000   clock network delay (ideal)
                                 -0.250000    9.750000   clock uncertainty
                                  0.000000    9.750000   clock reconvergence pessimism
                                 -2.000000    7.750000   output external delay
                                              7.750000   data required time
---------------------------------------------------------------------------------------------
                                              7.750000   data required time
                                             -9.505260   data arrival time
---------------------------------------------------------------------------------------------
                                             -1.755260   slack (VIOLATED)


Startpoint: A[4] (input port clocked by __VIRTUAL_CLK__)
Endpoint: P[13] (output port clocked by __VIRTUAL_CLK__)
Path Group: __VIRTUAL_CLK__
Path Type: max

Fanout         Cap        Slew       Delay        Time   Description
---------------------------------------------------------------------------------------------
                      0.000000    0.000000    0.000000   clock __VIRTUAL_CLK__ (rise edge)
                                  0.000000    0.000000   clock network delay (ideal)
                                  2.000000    2.000000 ^ input external delay
     1    0.002614    0.031021    0.014853    2.014853 ^ A[4] (in)
                                                         A[4] (net)
                      0.031021    0.000000    2.014853 ^ input5/A (sky130_fd_sc_hd__buf_1)
     2    0.012264    0.242077    0.255471    2.270325 ^ input5/X (sky130_fd_sc_hd__buf_1)
                                                         net5 (net)
                      0.242085    0.001123    2.271448 ^ fanout35/A (sky130_fd_sc_hd__buf_4)
    10    0.060078    0.273194    0.431261    2.702709 ^ fanout35/X (sky130_fd_sc_hd__buf_4)
                                                         net35 (net)
                      0.273902    0.011389    2.714098 ^ _223_/C (sky130_fd_sc_hd__nand4_2)
     5    0.014666    0.317458    0.405165    3.119262 v _223_/Y (sky130_fd_sc_hd__nand4_2)
                                                         _157_ (net)
                      0.317458    0.000605    3.119867 v _285_/B (sky130_fd_sc_hd__and3_1)
     2    0.011017    0.138803    0.527164    3.647031 v _285_/X (sky130_fd_sc_hd__and3_1)
                                                         _218_ (net)
                      0.138805    0.000724    3.647755 v _286_/A2 (sky130_fd_sc_hd__o211ai_4)
     5    0.021091    0.361047    0.394899    4.042655 ^ _286_/Y (sky130_fd_sc_hd__o211ai_4)
                                                         _219_ (net)
                      0.361047    0.000936    4.043590 ^ _323_/D_N (sky130_fd_sc_hd__or4bb_4)
     2    0.006790    0.164831    1.025960    5.069550 v _323_/X (sky130_fd_sc_hd__or4bb_4)
                                                         _035_ (net)
                      0.164832    0.000481    5.070031 v _349_/A (sky130_fd_sc_hd__and3_1)
     2    0.006178    0.098332    0.367352    5.437383 v _349_/X (sky130_fd_sc_hd__and3_1)
                                                         _060_ (net)
                      0.098332    0.000392    5.437774 v _350_/C (sky130_fd_sc_hd__or3_4)
     3    0.007513    0.129112    0.675115    6.112889 v _350_/X (sky130_fd_sc_hd__or3_4)
                                                         _061_ (net)
                      0.129112    0.000485    6.113375 v _353_/B1 (sky130_fd_sc_hd__a22o_1)
     3    0.008230    0.117055    0.400299    6.513674 v _353_/X (sky130_fd_sc_hd__a22o_1)
                                                         _064_ (net)
                      0.117055    0.000496    6.514170 v _355_/B (sky130_fd_sc_hd__and3_1)
     1    0.003355    0.075283    0.358631    6.872801 v _355_/X (sky130_fd_sc_hd__and3_1)
                                                         _066_ (net)
                      0.075283    0.000221    6.873022 v _358_/A (sky130_fd_sc_hd__or2_1)
     2    0.007883    0.140570    0.553197    7.426219 v _358_/X (sky130_fd_sc_hd__or2_1)
                                                         _069_ (net)
                      0.140570    0.000502    7.426721 v _383_/A (sky130_fd_sc_hd__or2_4)
     2    0.018294    0.115397    0.549994    7.976715 v _383_/X (sky130_fd_sc_hd__or2_4)
                                                         _093_ (net)
                      0.115410    0.001255    7.977970 v _424_/A3 (sky130_fd_sc_hd__o31ai_4)
     3    0.017885    0.445939    0.443045    8.421015 ^ _424_/Y (sky130_fd_sc_hd__o31ai_4)
                                                         _132_ (net)
                      0.445941    0.001578    8.422592 ^ rebuffer15/A (sky130_fd_sc_hd__buf_2)
     2    0.007912    0.085237    0.357670    8.780263 ^ rebuffer15/X (sky130_fd_sc_hd__buf_2)
                                                         net61 (net)
                      0.085237    0.000342    8.780605 ^ _434_/A2 (sky130_fd_sc_hd__a211oi_1)
     1    0.004971    0.146978    0.171440    8.952044 v _434_/Y (sky130_fd_sc_hd__a211oi_1)
                                                         _141_ (net)
                      0.146978    0.000374    8.952418 v _436_/A (sky130_fd_sc_hd__nor2_2)
     1    0.009023    0.200174    0.266543    9.218962 ^ _436_/Y (sky130_fd_sc_hd__nor2_2)
                                                         net21 (net)
                      0.200246    0.000803    9.219765 ^ output21/A (sky130_fd_sc_hd__buf_6)
     1    0.034822    0.124500    0.282488    9.502253 ^ output21/X (sky130_fd_sc_hd__buf_6)
                                                         P[13] (net)
                      0.124526    0.001785    9.504038 ^ P[13] (out)
                                              9.504038   data arrival time

                      0.000000   10.000000   10.000000   clock __VIRTUAL_CLK__ (rise edge)
                                  0.000000   10.000000   clock network delay (ideal)
                                 -0.250000    9.750000   clock uncertainty
                                  0.000000    9.750000   clock reconvergence pessimism
                                 -2.000000    7.750000   output external delay
                                              7.750000   data required time
---------------------------------------------------------------------------------------------
                                              7.750000   data required time
                                             -9.504038   data arrival time
---------------------------------------------------------------------------------------------
                                             -1.754038   slack (VIOLATED)


Startpoint: A[4] (input port clocked by __VIRTUAL_CLK__)
Endpoint: P[12] (output port clocked by __VIRTUAL_CLK__)
Path Group: __VIRTUAL_CLK__
Path Type: max

Fanout         Cap        Slew       Delay        Time   Description
---------------------------------------------------------------------------------------------
                      0.000000    0.000000    0.000000   clock __VIRTUAL_CLK__ (rise edge)
                                  0.000000    0.000000   clock network delay (ideal)
                                  2.000000    2.000000 ^ input external delay
     1    0.002614    0.031021    0.014853    2.014853 ^ A[4] (in)
                                                         A[4] (net)
                      0.031021    0.000000    2.014853 ^ input5/A (sky130_fd_sc_hd__buf_1)
     2    0.012264    0.242077    0.255471    2.270325 ^ input5/X (sky130_fd_sc_hd__buf_1)
                                                         net5 (net)
                      0.242085    0.001123    2.271448 ^ fanout35/A (sky130_fd_sc_hd__buf_4)
    10    0.060078    0.273194    0.431261    2.702709 ^ fanout35/X (sky130_fd_sc_hd__buf_4)
                                                         net35 (net)
                      0.273902    0.011389    2.714098 ^ _223_/C (sky130_fd_sc_hd__nand4_2)
     5    0.014666    0.317458    0.405165    3.119262 v _223_/Y (sky130_fd_sc_hd__nand4_2)
                                                         _157_ (net)
                      0.317458    0.000605    3.119867 v _285_/B (sky130_fd_sc_hd__and3_1)
     2    0.011017    0.138803    0.527164    3.647031 v _285_/X (sky130_fd_sc_hd__and3_1)
                                                         _218_ (net)
                      0.138805    0.000724    3.647755 v _286_/A2 (sky130_fd_sc_hd__o211ai_4)
     5    0.021091    0.361047    0.394899    4.042655 ^ _286_/Y (sky130_fd_sc_hd__o211ai_4)
                                                         _219_ (net)
                      0.361047    0.000936    4.043590 ^ _323_/D_N (sky130_fd_sc_hd__or4bb_4)
     2    0.006790    0.164831    1.025960    5.069550 v _323_/X (sky130_fd_sc_hd__or4bb_4)
                                                         _035_ (net)
                      0.164832    0.000481    5.070031 v _349_/A (sky130_fd_sc_hd__and3_1)
     2    0.006178    0.098332    0.367352    5.437383 v _349_/X (sky130_fd_sc_hd__and3_1)
                                                         _060_ (net)
                      0.098332    0.000392    5.437774 v _350_/C (sky130_fd_sc_hd__or3_4)
     3    0.007513    0.129112    0.675115    6.112889 v _350_/X (sky130_fd_sc_hd__or3_4)
                                                         _061_ (net)
                      0.129112    0.000485    6.113375 v _353_/B1 (sky130_fd_sc_hd__a22o_1)
     3    0.008230    0.117055    0.400299    6.513674 v _353_/X (sky130_fd_sc_hd__a22o_1)
                                                         _064_ (net)
                      0.117055    0.000496    6.514170 v _355_/B (sky130_fd_sc_hd__and3_1)
     1    0.003355    0.075283    0.358631    6.872801 v _355_/X (sky130_fd_sc_hd__and3_1)
                                                         _066_ (net)
                      0.075283    0.000221    6.873022 v _358_/A (sky130_fd_sc_hd__or2_1)
     2    0.007883    0.140570    0.553197    7.426219 v _358_/X (sky130_fd_sc_hd__or2_1)
                                                         _069_ (net)
                      0.140570    0.000502    7.426721 v _383_/A (sky130_fd_sc_hd__or2_4)
     2    0.018294    0.115397    0.549994    7.976715 v _383_/X (sky130_fd_sc_hd__or2_4)
                                                         _093_ (net)
                      0.115410    0.001255    7.977970 v _424_/A3 (sky130_fd_sc_hd__o31ai_4)
     3    0.017885    0.445939    0.443045    8.421015 ^ _424_/Y (sky130_fd_sc_hd__o31ai_4)
                                                         _132_ (net)
                      0.445941    0.001578    8.422592 ^ rebuffer15/A (sky130_fd_sc_hd__buf_2)
     2    0.007912    0.085237    0.357670    8.780263 ^ rebuffer15/X (sky130_fd_sc_hd__buf_2)
                                                         net61 (net)
                      0.085237    0.000320    8.780582 ^ _425_/B (sky130_fd_sc_hd__xnor2_1)
     1    0.009204    0.392900    0.266597    9.047180 ^ _425_/Y (sky130_fd_sc_hd__xnor2_1)
                                                         net20 (net)
                      0.392902    0.000822    9.048001 ^ output20/A (sky130_fd_sc_hd__buf_6)
     1    0.034827    0.126590    0.351947    9.399949 ^ output20/X (sky130_fd_sc_hd__buf_6)
                                                         P[12] (net)
                      0.126616    0.001785    9.401734 ^ P[12] (out)
                                              9.401734   data arrival time

                      0.000000   10.000000   10.000000   clock __VIRTUAL_CLK__ (rise edge)
                                  0.000000   10.000000   clock network delay (ideal)
                                 -0.250000    9.750000   clock uncertainty
                                  0.000000    9.750000   clock reconvergence pessimism
                                 -2.000000    7.750000   output external delay
                                              7.750000   data required time
---------------------------------------------------------------------------------------------
                                              7.750000   data required time
                                             -9.401734   data arrival time
---------------------------------------------------------------------------------------------
                                             -1.651734   slack (VIOLATED)


Startpoint: A[4] (input port clocked by __VIRTUAL_CLK__)
Endpoint: P[11] (output port clocked by __VIRTUAL_CLK__)
Path Group: __VIRTUAL_CLK__
Path Type: max

Fanout         Cap        Slew       Delay        Time   Description
---------------------------------------------------------------------------------------------
                      0.000000    0.000000    0.000000   clock __VIRTUAL_CLK__ (rise edge)
                                  0.000000    0.000000   clock network delay (ideal)
                                  2.000000    2.000000 ^ input external delay
     1    0.002614    0.031021    0.014853    2.014853 ^ A[4] (in)
                                                         A[4] (net)
                      0.031021    0.000000    2.014853 ^ input5/A (sky130_fd_sc_hd__buf_1)
     2    0.012264    0.242077    0.255471    2.270325 ^ input5/X (sky130_fd_sc_hd__buf_1)
                                                         net5 (net)
                      0.242085    0.001123    2.271448 ^ fanout35/A (sky130_fd_sc_hd__buf_4)
    10    0.060078    0.273194    0.431261    2.702709 ^ fanout35/X (sky130_fd_sc_hd__buf_4)
                                                         net35 (net)
                      0.273902    0.011389    2.714098 ^ _223_/C (sky130_fd_sc_hd__nand4_2)
     5    0.014666    0.317458    0.405165    3.119262 v _223_/Y (sky130_fd_sc_hd__nand4_2)
                                                         _157_ (net)
                      0.317458    0.000605    3.119867 v _285_/B (sky130_fd_sc_hd__and3_1)
     2    0.011017    0.138803    0.527164    3.647031 v _285_/X (sky130_fd_sc_hd__and3_1)
                                                         _218_ (net)
                      0.138805    0.000724    3.647755 v _286_/A2 (sky130_fd_sc_hd__o211ai_4)
     5    0.021091    0.361047    0.394899    4.042655 ^ _286_/Y (sky130_fd_sc_hd__o211ai_4)
                                                         _219_ (net)
                      0.361047    0.000936    4.043590 ^ _323_/D_N (sky130_fd_sc_hd__or4bb_4)
     2    0.006790    0.164831    1.025960    5.069550 v _323_/X (sky130_fd_sc_hd__or4bb_4)
                                                         _035_ (net)
                      0.164832    0.000481    5.070031 v _349_/A (sky130_fd_sc_hd__and3_1)
     2    0.006178    0.098332    0.367352    5.437383 v _349_/X (sky130_fd_sc_hd__and3_1)
                                                         _060_ (net)
                      0.098332    0.000392    5.437774 v _350_/C (sky130_fd_sc_hd__or3_4)
     3    0.007513    0.129112    0.675115    6.112889 v _350_/X (sky130_fd_sc_hd__or3_4)
                                                         _061_ (net)
                      0.129112    0.000485    6.113375 v _353_/B1 (sky130_fd_sc_hd__a22o_1)
     3    0.008230    0.117055    0.400299    6.513674 v _353_/X (sky130_fd_sc_hd__a22o_1)
                                                         _064_ (net)
                      0.117055    0.000496    6.514170 v _355_/B (sky130_fd_sc_hd__and3_1)
     1    0.003355    0.075283    0.358631    6.872801 v _355_/X (sky130_fd_sc_hd__and3_1)
                                                         _066_ (net)
                      0.075283    0.000221    6.873022 v _358_/A (sky130_fd_sc_hd__or2_1)
     2    0.007883    0.140570    0.553197    7.426219 v _358_/X (sky130_fd_sc_hd__or2_1)
                                                         _069_ (net)
                      0.140570    0.000502    7.426721 v _383_/A (sky130_fd_sc_hd__or2_4)
     2    0.018294    0.115397    0.549994    7.976715 v _383_/X (sky130_fd_sc_hd__or2_4)
                                                         _093_ (net)
                      0.115408    0.001193    7.977908 v _385_/A2 (sky130_fd_sc_hd__o21ai_4)
     2    0.013149    0.231815    0.268327    8.246234 ^ _385_/Y (sky130_fd_sc_hd__o21ai_4)
                                                         _095_ (net)
                      0.231815    0.000714    8.246948 ^ _405_/A1 (sky130_fd_sc_hd__a21o_1)
     1    0.004826    0.088647    0.288109    8.535057 ^ _405_/X (sky130_fd_sc_hd__a21o_1)
                                                         _114_ (net)
                      0.088647    0.000365    8.535422 ^ _406_/B (sky130_fd_sc_hd__xnor2_1)
     1    0.009087    0.389149    0.266797    8.802219 ^ _406_/Y (sky130_fd_sc_hd__xnor2_1)
                                                         net19 (net)
                      0.389151    0.000828    8.803047 ^ output19/A (sky130_fd_sc_hd__buf_6)
     1    0.034867    0.126662    0.350727    9.153775 ^ output19/X (sky130_fd_sc_hd__buf_6)
                                                         P[11] (net)
                      0.126688    0.001788    9.155562 ^ P[11] (out)
                                              9.155562   data arrival time

                      0.000000   10.000000   10.000000   clock __VIRTUAL_CLK__ (rise edge)
                                  0.000000   10.000000   clock network delay (ideal)
                                 -0.250000    9.750000   clock uncertainty
                                  0.000000    9.750000   clock reconvergence pessimism
                                 -2.000000    7.750000   output external delay
                                              7.750000   data required time
---------------------------------------------------------------------------------------------
                                              7.750000   data required time
                                             -9.155562   data arrival time
---------------------------------------------------------------------------------------------
                                             -1.405563   slack (VIOLATED)


Startpoint: A[4] (input port clocked by __VIRTUAL_CLK__)
Endpoint: P[10] (output port clocked by __VIRTUAL_CLK__)
Path Group: __VIRTUAL_CLK__
Path Type: max

Fanout         Cap        Slew       Delay        Time   Description
---------------------------------------------------------------------------------------------
                      0.000000    0.000000    0.000000   clock __VIRTUAL_CLK__ (rise edge)
                                  0.000000    0.000000   clock network delay (ideal)
                                  2.000000    2.000000 ^ input external delay
     1    0.002614    0.031021    0.014853    2.014853 ^ A[4] (in)
                                                         A[4] (net)
                      0.031021    0.000000    2.014853 ^ input5/A (sky130_fd_sc_hd__buf_1)
     2    0.012264    0.242077    0.255471    2.270325 ^ input5/X (sky130_fd_sc_hd__buf_1)
                                                         net5 (net)
                      0.242085    0.001123    2.271448 ^ fanout35/A (sky130_fd_sc_hd__buf_4)
    10    0.060078    0.273194    0.431261    2.702709 ^ fanout35/X (sky130_fd_sc_hd__buf_4)
                                                         net35 (net)
                      0.273902    0.011389    2.714098 ^ _223_/C (sky130_fd_sc_hd__nand4_2)
     5    0.014666    0.317458    0.405165    3.119262 v _223_/Y (sky130_fd_sc_hd__nand4_2)
                                                         _157_ (net)
                      0.317458    0.000605    3.119867 v _285_/B (sky130_fd_sc_hd__and3_1)
     2    0.011017    0.138803    0.527164    3.647031 v _285_/X (sky130_fd_sc_hd__and3_1)
                                                         _218_ (net)
                      0.138805    0.000724    3.647755 v _286_/A2 (sky130_fd_sc_hd__o211ai_4)
     5    0.021091    0.361047    0.394899    4.042655 ^ _286_/Y (sky130_fd_sc_hd__o211ai_4)
                                                         _219_ (net)
                      0.361047    0.000936    4.043590 ^ _323_/D_N (sky130_fd_sc_hd__or4bb_4)
     2    0.006790    0.164831    1.025960    5.069550 v _323_/X (sky130_fd_sc_hd__or4bb_4)
                                                         _035_ (net)
                      0.164832    0.000481    5.070031 v _349_/A (sky130_fd_sc_hd__and3_1)
     2    0.006178    0.098332    0.367352    5.437383 v _349_/X (sky130_fd_sc_hd__and3_1)
                                                         _060_ (net)
                      0.098332    0.000392    5.437774 v _350_/C (sky130_fd_sc_hd__or3_4)
     3    0.007513    0.129112    0.675115    6.112889 v _350_/X (sky130_fd_sc_hd__or3_4)
                                                         _061_ (net)
                      0.129112    0.000485    6.113375 v _353_/B1 (sky130_fd_sc_hd__a22o_1)
     3    0.008230    0.117055    0.400299    6.513674 v _353_/X (sky130_fd_sc_hd__a22o_1)
                                                         _064_ (net)
                      0.117055    0.000496    6.514170 v _355_/B (sky130_fd_sc_hd__and3_1)
     1    0.003355    0.075283    0.358631    6.872801 v _355_/X (sky130_fd_sc_hd__and3_1)
                                                         _066_ (net)
                      0.075283    0.000221    6.873022 v _358_/A (sky130_fd_sc_hd__or2_1)
     2    0.007883    0.140570    0.553197    7.426219 v _358_/X (sky130_fd_sc_hd__or2_1)
                                                         _069_ (net)
                      0.140570    0.000502    7.426721 v _383_/A (sky130_fd_sc_hd__or2_4)
     2    0.018294    0.115397    0.549994    7.976715 v _383_/X (sky130_fd_sc_hd__or2_4)
                                                         _093_ (net)
                      0.115408    0.001193    7.977908 v _385_/A2 (sky130_fd_sc_hd__o21ai_4)
     2    0.013149    0.231815    0.268327    8.246234 ^ _385_/Y (sky130_fd_sc_hd__o21ai_4)
                                                         _095_ (net)
                      0.231816    0.000993    8.247227 ^ _386_/B (sky130_fd_sc_hd__xnor2_2)
     1    0.008836    0.257152    0.281226    8.528453 ^ _386_/Y (sky130_fd_sc_hd__xnor2_2)
                                                         net18 (net)
                      0.257154    0.000793    8.529246 ^ output18/A (sky130_fd_sc_hd__buf_6)
     1    0.034869    0.125103    0.304865    8.834110 ^ output18/X (sky130_fd_sc_hd__buf_6)
                                                         P[10] (net)
                      0.125129    0.001788    8.835898 ^ P[10] (out)
                                              8.835898   data arrival time

                      0.000000   10.000000   10.000000   clock __VIRTUAL_CLK__ (rise edge)
                                  0.000000   10.000000   clock network delay (ideal)
                                 -0.250000    9.750000   clock uncertainty
                                  0.000000    9.750000   clock reconvergence pessimism
                                 -2.000000    7.750000   output external delay
                                              7.750000   data required time
---------------------------------------------------------------------------------------------
                                              7.750000   data required time
                                             -8.835898   data arrival time
---------------------------------------------------------------------------------------------
                                             -1.085899   slack (VIOLATED)


Startpoint: B[1] (input port clocked by __VIRTUAL_CLK__)
Endpoint: P[9] (output port clocked by __VIRTUAL_CLK__)
Path Group: __VIRTUAL_CLK__
Path Type: max

Fanout         Cap        Slew       Delay        Time   Description
---------------------------------------------------------------------------------------------
                      0.000000    0.000000    0.000000   clock __VIRTUAL_CLK__ (rise edge)
                                  0.000000    0.000000   clock network delay (ideal)
                                  2.000000    2.000000 ^ input external delay
     1    0.002663    0.031344    0.015112    2.015112 ^ B[1] (in)
                                                         B[1] (net)
                      0.031345    0.000000    2.015112 ^ input10/A (sky130_fd_sc_hd__buf_1)
     2    0.017611    0.339477    0.324394    2.339506 ^ input10/X (sky130_fd_sc_hd__buf_1)
                                                         net10 (net)
                      0.339487    0.001572    2.341078 ^ fanout44/A (sky130_fd_sc_hd__buf_4)
    10    0.046786    0.217520    0.433926    2.775004 ^ fanout44/X (sky130_fd_sc_hd__buf_4)
                                                         net44 (net)
                      0.217594    0.003892    2.778896 ^ _236_/B (sky130_fd_sc_hd__and3_2)
     6    0.025449    0.238877    0.558054    3.336950 ^ _236_/X (sky130_fd_sc_hd__and3_2)
                                                         _170_ (net)
                      0.238879    0.001280    3.338230 ^ _238_/B1 (sky130_fd_sc_hd__a21o_1)
     2    0.008623    0.136323    0.261536    3.599766 ^ _238_/X (sky130_fd_sc_hd__a21o_1)
                                                         _172_ (net)
                      0.136323    0.000578    3.600344 ^ _239_/D (sky130_fd_sc_hd__nand4_2)
     5    0.018653    0.376834    0.420979    4.021324 v _239_/Y (sky130_fd_sc_hd__nand4_2)
                                                         _173_ (net)
                      0.376836    0.000791    4.022115 v _255_/C (sky130_fd_sc_hd__and3b_2)
     4    0.018735    0.139828    0.680373    4.702488 v _255_/X (sky130_fd_sc_hd__and3b_2)
                                                         _189_ (net)
                      0.139828    0.001398    4.703886 v _256_/B1 (sky130_fd_sc_hd__a221o_1)
     2    0.013681    0.189355    0.685994    5.389880 v _256_/X (sky130_fd_sc_hd__a221o_1)
                                                         _190_ (net)
                      0.189357    0.001064    5.390944 v _260_/A (sky130_fd_sc_hd__xor2_2)
     2    0.010769    0.138120    0.388111    5.779054 v _260_/X (sky130_fd_sc_hd__xor2_2)
                                                         _194_ (net)
                      0.138120    0.000652    5.779706 v _261_/B (sky130_fd_sc_hd__or2_1)
     1    0.004749    0.115976    0.509643    6.289350 v _261_/X (sky130_fd_sc_hd__or2_1)
                                                         _195_ (net)
                      0.115976    0.000360    6.289710 v _283_/B1 (sky130_fd_sc_hd__o21ai_1)
     3    0.011309    0.406537    0.277272    6.566982 ^ _283_/Y (sky130_fd_sc_hd__o21ai_1)
                                                         _216_ (net)
                      0.406538    0.000604    6.567585 ^ _332_/A1_N (sky130_fd_sc_hd__o2bb2a_1)
     1    0.005392    0.130107    0.583888    7.151473 v _332_/X (sky130_fd_sc_hd__o2bb2a_1)
                                                         _044_ (net)
                      0.130107    0.000380    7.151853 v _333_/B1 (sky130_fd_sc_hd__o32a_4)
     4    0.037800    0.203776    0.534631    7.686484 v _333_/X (sky130_fd_sc_hd__o32a_4)
                                                         _045_ (net)
                      0.203857    0.003815    7.690300 v _335_/A2 (sky130_fd_sc_hd__o21ai_1)
     1    0.005090    0.232283    0.295806    7.986105 ^ _335_/Y (sky130_fd_sc_hd__o21ai_1)
                                                         _046_ (net)
                      0.232283    0.000387    7.986493 ^ _359_/A (sky130_fd_sc_hd__xnor2_1)
     1    0.011313    0.462265    0.351760    8.338252 ^ _359_/Y (sky130_fd_sc_hd__xnor2_1)
                                                         net32 (net)
                      0.462268    0.000865    8.339117 ^ output32/A (sky130_fd_sc_hd__buf_6)
     1    0.034000    0.125051    0.374378    8.713495 ^ output32/X (sky130_fd_sc_hd__buf_6)
                                                         P[9] (net)
                      0.125071    0.001602    8.715097 ^ P[9] (out)
                                              8.715097   data arrival time

                      0.000000   10.000000   10.000000   clock __VIRTUAL_CLK__ (rise edge)
                                  0.000000   10.000000   clock network delay (ideal)
                                 -0.250000    9.750000   clock uncertainty
                                  0.000000    9.750000   clock reconvergence pessimism
                                 -2.000000    7.750000   output external delay
                                              7.750000   data required time
---------------------------------------------------------------------------------------------
                                              7.750000   data required time
                                             -8.715097   data arrival time
---------------------------------------------------------------------------------------------
                                             -0.965097   slack (VIOLATED)


Startpoint: B[1] (input port clocked by __VIRTUAL_CLK__)
Endpoint: P[8] (output port clocked by __VIRTUAL_CLK__)
Path Group: __VIRTUAL_CLK__
Path Type: max

Fanout         Cap        Slew       Delay        Time   Description
---------------------------------------------------------------------------------------------
                      0.000000    0.000000    0.000000   clock __VIRTUAL_CLK__ (rise edge)
                                  0.000000    0.000000   clock network delay (ideal)
                                  2.000000    2.000000 ^ input external delay
     1    0.002663    0.031344    0.015112    2.015112 ^ B[1] (in)
                                                         B[1] (net)
                      0.031345    0.000000    2.015112 ^ input10/A (sky130_fd_sc_hd__buf_1)
     2    0.017611    0.339477    0.324394    2.339506 ^ input10/X (sky130_fd_sc_hd__buf_1)
                                                         net10 (net)
                      0.339487    0.001572    2.341078 ^ fanout44/A (sky130_fd_sc_hd__buf_4)
    10    0.046786    0.217520    0.433926    2.775004 ^ fanout44/X (sky130_fd_sc_hd__buf_4)
                                                         net44 (net)
                      0.217594    0.003892    2.778896 ^ _236_/B (sky130_fd_sc_hd__and3_2)
     6    0.025449    0.238877    0.558054    3.336950 ^ _236_/X (sky130_fd_sc_hd__and3_2)
                                                         _170_ (net)
                      0.238879    0.001280    3.338230 ^ _238_/B1 (sky130_fd_sc_hd__a21o_1)
     2    0.008623    0.136323    0.261536    3.599766 ^ _238_/X (sky130_fd_sc_hd__a21o_1)
                                                         _172_ (net)
                      0.136323    0.000578    3.600344 ^ _239_/D (sky130_fd_sc_hd__nand4_2)
     5    0.018653    0.376834    0.420979    4.021324 v _239_/Y (sky130_fd_sc_hd__nand4_2)
                                                         _173_ (net)
                      0.376836    0.000791    4.022115 v _255_/C (sky130_fd_sc_hd__and3b_2)
     4    0.018735    0.139828    0.680373    4.702488 v _255_/X (sky130_fd_sc_hd__and3b_2)
                                                         _189_ (net)
                      0.139828    0.001398    4.703886 v _256_/B1 (sky130_fd_sc_hd__a221o_1)
     2    0.013681    0.189355    0.685994    5.389880 v _256_/X (sky130_fd_sc_hd__a221o_1)
                                                         _190_ (net)
                      0.189357    0.001064    5.390944 v _260_/A (sky130_fd_sc_hd__xor2_2)
     2    0.010769    0.138120    0.388111    5.779054 v _260_/X (sky130_fd_sc_hd__xor2_2)
                                                         _194_ (net)
                      0.138120    0.000652    5.779706 v _261_/B (sky130_fd_sc_hd__or2_1)
     1    0.004749    0.115976    0.509643    6.289350 v _261_/X (sky130_fd_sc_hd__or2_1)
                                                         _195_ (net)
                      0.115976    0.000360    6.289710 v _283_/B1 (sky130_fd_sc_hd__o21ai_1)
     3    0.011309    0.406537    0.277272    6.566982 ^ _283_/Y (sky130_fd_sc_hd__o21ai_1)
                                                         _216_ (net)
                      0.406538    0.000604    6.567585 ^ _332_/A1_N (sky130_fd_sc_hd__o2bb2a_1)
     1    0.005392    0.130107    0.583888    7.151473 v _332_/X (sky130_fd_sc_hd__o2bb2a_1)
                                                         _044_ (net)
                      0.130107    0.000380    7.151853 v _333_/B1 (sky130_fd_sc_hd__o32a_4)
     4    0.037800    0.203776    0.534631    7.686484 v _333_/X (sky130_fd_sc_hd__o32a_4)
                                                         _045_ (net)
                      0.203834    0.003333    7.689818 v _334_/B (sky130_fd_sc_hd__xor2_2)
     1    0.008259    0.160465    0.334238    8.024055 v _334_/X (sky130_fd_sc_hd__xor2_2)
                                                         net31 (net)
                      0.160466    0.000684    8.024739 v output31/A (sky130_fd_sc_hd__buf_6)
     1    0.033959    0.075549    0.289785    8.314525 v output31/X (sky130_fd_sc_hd__buf_6)
                                                         P[8] (net)
                      0.075591    0.001589    8.316113 v P[8] (out)
                                              8.316113   data arrival time

                      0.000000   10.000000   10.000000   clock __VIRTUAL_CLK__ (rise edge)
                                  0.000000   10.000000   clock network delay (ideal)
                                 -0.250000    9.750000   clock uncertainty
                                  0.000000    9.750000   clock reconvergence pessimism
                                 -2.000000    7.750000   output external delay
                                              7.750000   data required time
---------------------------------------------------------------------------------------------
                                              7.750000   data required time
                                             -8.316113   data arrival time
---------------------------------------------------------------------------------------------
                                             -0.566113   slack (VIOLATED)


Startpoint: B[1] (input port clocked by __VIRTUAL_CLK__)
Endpoint: P[7] (output port clocked by __VIRTUAL_CLK__)
Path Group: __VIRTUAL_CLK__
Path Type: max

Fanout         Cap        Slew       Delay        Time   Description
---------------------------------------------------------------------------------------------
                      0.000000    0.000000    0.000000   clock __VIRTUAL_CLK__ (rise edge)
                                  0.000000    0.000000   clock network delay (ideal)
                                  2.000000    2.000000 ^ input external delay
     1    0.002663    0.031344    0.015112    2.015112 ^ B[1] (in)
                                                         B[1] (net)
                      0.031345    0.000000    2.015112 ^ input10/A (sky130_fd_sc_hd__buf_1)
     2    0.017611    0.339477    0.324394    2.339506 ^ input10/X (sky130_fd_sc_hd__buf_1)
                                                         net10 (net)
                      0.339487    0.001572    2.341078 ^ fanout44/A (sky130_fd_sc_hd__buf_4)
    10    0.046786    0.217520    0.433926    2.775004 ^ fanout44/X (sky130_fd_sc_hd__buf_4)
                                                         net44 (net)
                      0.217594    0.003892    2.778896 ^ _236_/B (sky130_fd_sc_hd__and3_2)
     6    0.025449    0.238877    0.558054    3.336950 ^ _236_/X (sky130_fd_sc_hd__and3_2)
                                                         _170_ (net)
                      0.238879    0.001280    3.338230 ^ _238_/B1 (sky130_fd_sc_hd__a21o_1)
     2    0.008623    0.136323    0.261536    3.599766 ^ _238_/X (sky130_fd_sc_hd__a21o_1)
                                                         _172_ (net)
                      0.136323    0.000578    3.600344 ^ _239_/D (sky130_fd_sc_hd__nand4_2)
     5    0.018653    0.376834    0.420979    4.021324 v _239_/Y (sky130_fd_sc_hd__nand4_2)
                                                         _173_ (net)
                      0.376836    0.000791    4.022115 v _255_/C (sky130_fd_sc_hd__and3b_2)
     4    0.018735    0.139828    0.680373    4.702488 v _255_/X (sky130_fd_sc_hd__and3b_2)
                                                         _189_ (net)
                      0.139828    0.001398    4.703886 v _256_/B1 (sky130_fd_sc_hd__a221o_1)
     2    0.013681    0.189355    0.685994    5.389880 v _256_/X (sky130_fd_sc_hd__a221o_1)
                                                         _190_ (net)
                      0.189357    0.001064    5.390944 v _260_/A (sky130_fd_sc_hd__xor2_2)
     2    0.010769    0.138120    0.388111    5.779054 v _260_/X (sky130_fd_sc_hd__xor2_2)
                                                         _194_ (net)
                      0.138127    0.001079    5.780133 v _262_/B (sky130_fd_sc_hd__xnor2_2)
     2    0.012806    0.161353    0.317538    6.097671 v _262_/Y (sky130_fd_sc_hd__xnor2_2)
                                                         _196_ (net)
                      0.161356    0.000909    6.098580 v _263_/B (sky130_fd_sc_hd__xnor2_2)
     3    0.015034    0.179490    0.342216    6.440796 v _263_/Y (sky130_fd_sc_hd__xnor2_2)
                                                         _197_ (net)
                      0.179493    0.000990    6.441786 v _273_/A (sky130_fd_sc_hd__or2_1)
     1    0.002517    0.094298    0.533570    6.975357 v _273_/X (sky130_fd_sc_hd__or2_1)
                                                         _207_ (net)
                      0.094298    0.000171    6.975527 v _305_/B1 (sky130_fd_sc_hd__o21ai_1)
     1    0.005276    0.236694    0.171292    7.146819 ^ _305_/Y (sky130_fd_sc_hd__o21ai_1)
                                                         _018_ (net)
                      0.236694    0.000398    7.147218 ^ _306_/B (sky130_fd_sc_hd__xnor2_1)
     1    0.004961    0.255433    0.283228    7.430445 ^ _306_/Y (sky130_fd_sc_hd__xnor2_1)
                                                         net30 (net)
                      0.255433    0.000274    7.430719 ^ output30/A (sky130_fd_sc_hd__buf_2)
     1    0.034053    0.271172    0.425993    7.856712 ^ output30/X (sky130_fd_sc_hd__buf_2)
                                                         P[7] (net)
                      0.271178    0.001616    7.858327 ^ P[7] (out)
                                              7.858327   data arrival time

                      0.000000   10.000000   10.000000   clock __VIRTUAL_CLK__ (rise edge)
                                  0.000000   10.000000   clock network delay (ideal)
                                 -0.250000    9.750000   clock uncertainty
                                  0.000000    9.750000   clock reconvergence pessimism
                                 -2.000000    7.750000   output external delay
                                              7.750000   data required time
---------------------------------------------------------------------------------------------
                                              7.750000   data required time
                                             -7.858327   data arrival time
---------------------------------------------------------------------------------------------
                                             -0.108328   slack (VIOLATED)


Startpoint: B[1] (input port clocked by __VIRTUAL_CLK__)
Endpoint: P[6] (output port clocked by __VIRTUAL_CLK__)
Path Group: __VIRTUAL_CLK__
Path Type: max

Fanout         Cap        Slew       Delay        Time   Description
---------------------------------------------------------------------------------------------
                      0.000000    0.000000    0.000000   clock __VIRTUAL_CLK__ (rise edge)
                                  0.000000    0.000000   clock network delay (ideal)
                                  2.000000    2.000000 ^ input external delay
     1    0.002663    0.031344    0.015112    2.015112 ^ B[1] (in)
                                                         B[1] (net)
                      0.031345    0.000000    2.015112 ^ input10/A (sky130_fd_sc_hd__buf_1)
     2    0.017611    0.339477    0.324394    2.339506 ^ input10/X (sky130_fd_sc_hd__buf_1)
                                                         net10 (net)
                      0.339487    0.001572    2.341078 ^ fanout44/A (sky130_fd_sc_hd__buf_4)
    10    0.046786    0.217520    0.433926    2.775004 ^ fanout44/X (sky130_fd_sc_hd__buf_4)
                                                         net44 (net)
                      0.217594    0.003892    2.778896 ^ _236_/B (sky130_fd_sc_hd__and3_2)
     6    0.025449    0.238877    0.558054    3.336950 ^ _236_/X (sky130_fd_sc_hd__and3_2)
                                                         _170_ (net)
                      0.238879    0.001280    3.338230 ^ _238_/B1 (sky130_fd_sc_hd__a21o_1)
     2    0.008623    0.136323    0.261536    3.599766 ^ _238_/X (sky130_fd_sc_hd__a21o_1)
                                                         _172_ (net)
                      0.136323    0.000578    3.600344 ^ _239_/D (sky130_fd_sc_hd__nand4_2)
     5    0.018653    0.376834    0.420979    4.021324 v _239_/Y (sky130_fd_sc_hd__nand4_2)
                                                         _173_ (net)
                      0.376836    0.000791    4.022115 v _255_/C (sky130_fd_sc_hd__and3b_2)
     4    0.018735    0.139828    0.680373    4.702488 v _255_/X (sky130_fd_sc_hd__and3b_2)
                                                         _189_ (net)
                      0.139828    0.001398    4.703886 v _256_/B1 (sky130_fd_sc_hd__a221o_1)
     2    0.013681    0.189355    0.685994    5.389880 v _256_/X (sky130_fd_sc_hd__a221o_1)
                                                         _190_ (net)
                      0.189357    0.001064    5.390944 v _260_/A (sky130_fd_sc_hd__xor2_2)
     2    0.010769    0.138120    0.388111    5.779054 v _260_/X (sky130_fd_sc_hd__xor2_2)
                                                         _194_ (net)
                      0.138127    0.001079    5.780133 v _262_/B (sky130_fd_sc_hd__xnor2_2)
     2    0.012806    0.161353    0.317538    6.097671 v _262_/Y (sky130_fd_sc_hd__xnor2_2)
                                                         _196_ (net)
                      0.161356    0.000909    6.098580 v _263_/B (sky130_fd_sc_hd__xnor2_2)
     3    0.015034    0.179490    0.342216    6.440796 v _263_/Y (sky130_fd_sc_hd__xnor2_2)
                                                         _197_ (net)
                      0.179494    0.001127    6.441923 v _274_/A (sky130_fd_sc_hd__xnor2_2)
     3    0.013447    0.338800    0.408841    6.850764 ^ _274_/Y (sky130_fd_sc_hd__xnor2_2)
                                                         _208_ (net)
                      0.338800    0.000908    6.851672 ^ _282_/A (sky130_fd_sc_hd__xor2_1)
     1    0.003624    0.206400    0.341869    7.193542 ^ _282_/X (sky130_fd_sc_hd__xor2_1)
                                                         net29 (net)
                      0.206400    0.000145    7.193687 ^ output29/A (sky130_fd_sc_hd__buf_2)
     1    0.033963    0.270320    0.405104    7.598790 ^ output29/X (sky130_fd_sc_hd__buf_2)
                                                         P[6] (net)
                      0.270325    0.001593    7.600383 ^ P[6] (out)
                                              7.600383   data arrival time

                      0.000000   10.000000   10.000000   clock __VIRTUAL_CLK__ (rise edge)
                                  0.000000   10.000000   clock network delay (ideal)
                                 -0.250000    9.750000   clock uncertainty
                                  0.000000    9.750000   clock reconvergence pessimism
                                 -2.000000    7.750000   output external delay
                                              7.750000   data required time
---------------------------------------------------------------------------------------------
                                              7.750000   data required time
                                             -7.600383   data arrival time
---------------------------------------------------------------------------------------------
                                              0.149617   slack (MET)


Startpoint: B[1] (input port clocked by __VIRTUAL_CLK__)
Endpoint: P[5] (output port clocked by __VIRTUAL_CLK__)
Path Group: __VIRTUAL_CLK__
Path Type: max

Fanout         Cap        Slew       Delay        Time   Description
---------------------------------------------------------------------------------------------
                      0.000000    0.000000    0.000000   clock __VIRTUAL_CLK__ (rise edge)
                                  0.000000    0.000000   clock network delay (ideal)
                                  2.000000    2.000000 v input external delay
     1    0.002534    0.017448    0.008437    2.008437 v B[1] (in)
                                                         B[1] (net)
                      0.017448    0.000000    2.008437 v input10/A (sky130_fd_sc_hd__buf_1)
     2    0.017225    0.201966    0.255131    2.263568 v input10/X (sky130_fd_sc_hd__buf_1)
                                                         net10 (net)
                      0.201975    0.001526    2.265094 v fanout44/A (sky130_fd_sc_hd__buf_4)
    10    0.045309    0.125209    0.383670    2.648765 v fanout44/X (sky130_fd_sc_hd__buf_4)
                                                         net44 (net)
                      0.125343    0.003774    2.652539 v _236_/B (sky130_fd_sc_hd__and3_2)
     6    0.024285    0.160195    0.541025    3.193564 v _236_/X (sky130_fd_sc_hd__and3_2)
                                                         _170_ (net)
                      0.160197    0.000892    3.194455 v _254_/A (sky130_fd_sc_hd__or4bb_4)
     3    0.006883    0.165286    1.104912    4.299367 v _254_/X (sky130_fd_sc_hd__or4bb_4)
                                                         _188_ (net)
                      0.165286    0.000453    4.299820 v _255_/A_N (sky130_fd_sc_hd__and3b_2)
     4    0.019496    0.196834    0.628840    4.928660 ^ _255_/X (sky130_fd_sc_hd__and3b_2)
                                                         _189_ (net)
                      0.196845    0.001655    4.930315 ^ _277_/A (sky130_fd_sc_hd__xnor2_1)
     2    0.013480    0.534096    0.361789    5.292104 ^ _277_/Y (sky130_fd_sc_hd__xnor2_1)
                                                         _211_ (net)
                      0.534100    0.001217    5.293321 ^ _278_/B (sky130_fd_sc_hd__xnor2_1)
     2    0.005119    0.141477    0.300012    5.593334 v _278_/Y (sky130_fd_sc_hd__xnor2_1)
                                                         _212_ (net)
                      0.141477    0.000274    5.593607 v _279_/C (sky130_fd_sc_hd__and3_1)
     2    0.006528    0.101035    0.429582    6.023189 v _279_/X (sky130_fd_sc_hd__and3_1)
                                                         _213_ (net)
                      0.101035    0.000230    6.023418 v _280_/B1 (sky130_fd_sc_hd__a31oi_1)
     2    0.006954    0.326707    0.332275    6.355693 ^ _280_/Y (sky130_fd_sc_hd__a31oi_1)
                                                         _214_ (net)
                      0.326707    0.000446    6.356140 ^ _447_/B (sky130_fd_sc_hd__xnor2_1)
     1    0.003427    0.207744    0.294908    6.651048 ^ _447_/Y (sky130_fd_sc_hd__xnor2_1)
                                                         net28 (net)
                      0.207744    0.000240    6.651288 ^ output28/A (sky130_fd_sc_hd__buf_2)
     1    0.034150    0.271727    0.406683    7.057971 ^ output28/X (sky130_fd_sc_hd__buf_2)
                                                         P[5] (net)
                      0.271733    0.001659    7.059629 ^ P[5] (out)
                                              7.059629   data arrival time

                      0.000000   10.000000   10.000000   clock __VIRTUAL_CLK__ (rise edge)
                                  0.000000   10.000000   clock network delay (ideal)
                                 -0.250000    9.750000   clock uncertainty
                                  0.000000    9.750000   clock reconvergence pessimism
                                 -2.000000    7.750000   output external delay
                                              7.750000   data required time
---------------------------------------------------------------------------------------------
                                              7.750000   data required time
                                             -7.059629   data arrival time
---------------------------------------------------------------------------------------------
                                              0.690370   slack (MET)


Startpoint: B[1] (input port clocked by __VIRTUAL_CLK__)
Endpoint: P[4] (output port clocked by __VIRTUAL_CLK__)
Path Group: __VIRTUAL_CLK__
Path Type: max

Fanout         Cap        Slew       Delay        Time   Description
---------------------------------------------------------------------------------------------
                      0.000000    0.000000    0.000000   clock __VIRTUAL_CLK__ (rise edge)
                                  0.000000    0.000000   clock network delay (ideal)
                                  2.000000    2.000000 v input external delay
     1    0.002534    0.017448    0.008437    2.008437 v B[1] (in)
                                                         B[1] (net)
                      0.017448    0.000000    2.008437 v input10/A (sky130_fd_sc_hd__buf_1)
     2    0.017225    0.201966    0.255131    2.263568 v input10/X (sky130_fd_sc_hd__buf_1)
                                                         net10 (net)
                      0.201975    0.001526    2.265094 v fanout44/A (sky130_fd_sc_hd__buf_4)
    10    0.045309    0.125209    0.383670    2.648765 v fanout44/X (sky130_fd_sc_hd__buf_4)
                                                         net44 (net)
                      0.125343    0.003774    2.652539 v _236_/B (sky130_fd_sc_hd__and3_2)
     6    0.024285    0.160195    0.541025    3.193564 v _236_/X (sky130_fd_sc_hd__and3_2)
                                                         _170_ (net)
                      0.160197    0.000892    3.194455 v _254_/A (sky130_fd_sc_hd__or4bb_4)
     3    0.006883    0.165286    1.104912    4.299367 v _254_/X (sky130_fd_sc_hd__or4bb_4)
                                                         _188_ (net)
                      0.165286    0.000453    4.299820 v _255_/A_N (sky130_fd_sc_hd__and3b_2)
     4    0.019496    0.196834    0.628840    4.928660 ^ _255_/X (sky130_fd_sc_hd__and3b_2)
                                                         _189_ (net)
                      0.196845    0.001655    4.930315 ^ _277_/A (sky130_fd_sc_hd__xnor2_1)
     2    0.013480    0.534096    0.361789    5.292104 ^ _277_/Y (sky130_fd_sc_hd__xnor2_1)
                                                         _211_ (net)
                      0.534100    0.001217    5.293321 ^ _278_/B (sky130_fd_sc_hd__xnor2_1)
     2    0.005119    0.141477    0.300012    5.593334 v _278_/Y (sky130_fd_sc_hd__xnor2_1)
                                                         _212_ (net)
                      0.141477    0.000274    5.593607 v _279_/C (sky130_fd_sc_hd__and3_1)
     2    0.006528    0.101035    0.429582    6.023189 v _279_/X (sky130_fd_sc_hd__and3_1)
                                                         _213_ (net)
                      0.101035    0.000314    6.023503 v _455_/A (sky130_fd_sc_hd__nor2_1)
     1    0.002849    0.131855    0.178909    6.202412 ^ _455_/Y (sky130_fd_sc_hd__nor2_1)
                                                         net27 (net)
                      0.131855    0.000176    6.202588 ^ output27/A (sky130_fd_sc_hd__buf_2)
     1    0.034008    0.270514    0.370367    6.572955 ^ output27/X (sky130_fd_sc_hd__buf_2)
                                                         P[4] (net)
                      0.270519    0.001606    6.574561 ^ P[4] (out)
                                              6.574561   data arrival time

                      0.000000   10.000000   10.000000   clock __VIRTUAL_CLK__ (rise edge)
                                  0.000000   10.000000   clock network delay (ideal)
                                 -0.250000    9.750000   clock uncertainty
                                  0.000000    9.750000   clock reconvergence pessimism
                                 -2.000000    7.750000   output external delay
                                              7.750000   data required time
---------------------------------------------------------------------------------------------
                                              7.750000   data required time
                                             -6.574561   data arrival time
---------------------------------------------------------------------------------------------
                                              1.175439   slack (MET)


Startpoint: B[1] (input port clocked by __VIRTUAL_CLK__)
Endpoint: P[3] (output port clocked by __VIRTUAL_CLK__)
Path Group: __VIRTUAL_CLK__
Path Type: max

Fanout         Cap        Slew       Delay        Time   Description
---------------------------------------------------------------------------------------------
                      0.000000    0.000000    0.000000   clock __VIRTUAL_CLK__ (rise edge)
                                  0.000000    0.000000   clock network delay (ideal)
                                  2.000000    2.000000 v input external delay
     1    0.002534    0.017448    0.008437    2.008437 v B[1] (in)
                                                         B[1] (net)
                      0.017448    0.000000    2.008437 v input10/A (sky130_fd_sc_hd__buf_1)
     2    0.017225    0.201966    0.255131    2.263568 v input10/X (sky130_fd_sc_hd__buf_1)
                                                         net10 (net)
                      0.201975    0.001526    2.265094 v fanout44/A (sky130_fd_sc_hd__buf_4)
    10    0.045309    0.125209    0.383670    2.648765 v fanout44/X (sky130_fd_sc_hd__buf_4)
                                                         net44 (net)
                      0.125343    0.003774    2.652539 v _236_/B (sky130_fd_sc_hd__and3_2)
     6    0.024285    0.160195    0.541025    3.193564 v _236_/X (sky130_fd_sc_hd__and3_2)
                                                         _170_ (net)
                      0.160197    0.000892    3.194455 v _254_/A (sky130_fd_sc_hd__or4bb_4)
     3    0.006883    0.165286    1.104912    4.299367 v _254_/X (sky130_fd_sc_hd__or4bb_4)
                                                         _188_ (net)
                      0.165286    0.000453    4.299820 v _255_/A_N (sky130_fd_sc_hd__and3b_2)
     4    0.019496    0.196834    0.628840    4.928660 ^ _255_/X (sky130_fd_sc_hd__and3b_2)
                                                         _189_ (net)
                      0.196835    0.000905    4.929565 ^ _453_/A (sky130_fd_sc_hd__nor2_1)
     1    0.002345    0.060109    0.128632    5.058197 v _453_/Y (sky130_fd_sc_hd__nor2_1)
                                                         net26 (net)
                      0.060109    0.000149    5.058346 v output26/A (sky130_fd_sc_hd__buf_2)
     1    0.034377    0.166650    0.339750    5.398096 v output26/X (sky130_fd_sc_hd__buf_2)
                                                         P[3] (net)
                      0.166663    0.001596    5.399692 v P[3] (out)
                                              5.399692   data arrival time

                      0.000000   10.000000   10.000000   clock __VIRTUAL_CLK__ (rise edge)
                                  0.000000   10.000000   clock network delay (ideal)
                                 -0.250000    9.750000   clock uncertainty
                                  0.000000    9.750000   clock reconvergence pessimism
                                 -2.000000    7.750000   output external delay
                                              7.750000   data required time
---------------------------------------------------------------------------------------------
                                              7.750000   data required time
                                             -5.399692   data arrival time
---------------------------------------------------------------------------------------------
                                              2.350308   slack (MET)


Startpoint: B[1] (input port clocked by __VIRTUAL_CLK__)
Endpoint: P[2] (output port clocked by __VIRTUAL_CLK__)
Path Group: __VIRTUAL_CLK__
Path Type: max

Fanout         Cap        Slew       Delay        Time   Description
---------------------------------------------------------------------------------------------
                      0.000000    0.000000    0.000000   clock __VIRTUAL_CLK__ (rise edge)
                                  0.000000    0.000000   clock network delay (ideal)
                                  2.000000    2.000000 v input external delay
     1    0.002534    0.017448    0.008437    2.008437 v B[1] (in)
                                                         B[1] (net)
                      0.017448    0.000000    2.008437 v input10/A (sky130_fd_sc_hd__buf_1)
     2    0.017225    0.201966    0.255131    2.263568 v input10/X (sky130_fd_sc_hd__buf_1)
                                                         net10 (net)
                      0.201975    0.001526    2.265094 v fanout44/A (sky130_fd_sc_hd__buf_4)
    10    0.045309    0.125209    0.383670    2.648765 v fanout44/X (sky130_fd_sc_hd__buf_4)
                                                         net44 (net)
                      0.125343    0.003774    2.652539 v _236_/B (sky130_fd_sc_hd__and3_2)
     6    0.024285    0.160195    0.541025    3.193564 v _236_/X (sky130_fd_sc_hd__and3_2)
                                                         _170_ (net)
                      0.160197    0.000892    3.194455 v _254_/A (sky130_fd_sc_hd__or4bb_4)
     3    0.006883    0.165286    1.104912    4.299367 v _254_/X (sky130_fd_sc_hd__or4bb_4)
                                                         _188_ (net)
                      0.165286    0.000350    4.299717 v _451_/A (sky130_fd_sc_hd__and2_1)
     1    0.002150    0.062990    0.312926    4.612643 v _451_/X (sky130_fd_sc_hd__and2_1)
                                                         net25 (net)
                      0.062990    0.000143    4.612786 v output25/A (sky130_fd_sc_hd__buf_2)
     1    0.034377    0.166636    0.341069    4.953856 v output25/X (sky130_fd_sc_hd__buf_2)
                                                         P[2] (net)
                      0.166650    0.001596    4.955451 v P[2] (out)
                                              4.955451   data arrival time

                      0.000000   10.000000   10.000000   clock __VIRTUAL_CLK__ (rise edge)
                                  0.000000   10.000000   clock network delay (ideal)
                                 -0.250000    9.750000   clock uncertainty
                                  0.000000    9.750000   clock reconvergence pessimism
                                 -2.000000    7.750000   output external delay
                                              7.750000   data required time
---------------------------------------------------------------------------------------------
                                              7.750000   data required time
                                             -4.955451   data arrival time
---------------------------------------------------------------------------------------------
                                              2.794549   slack (MET)


Startpoint: B[1] (input port clocked by __VIRTUAL_CLK__)
Endpoint: P[1] (output port clocked by __VIRTUAL_CLK__)
Path Group: __VIRTUAL_CLK__
Path Type: max

Fanout         Cap        Slew       Delay        Time   Description
---------------------------------------------------------------------------------------------
                      0.000000    0.000000    0.000000   clock __VIRTUAL_CLK__ (rise edge)
                                  0.000000    0.000000   clock network delay (ideal)
                                  2.000000    2.000000 ^ input external delay
     1    0.002663    0.031344    0.015112    2.015112 ^ B[1] (in)
                                                         B[1] (net)
                      0.031345    0.000000    2.015112 ^ input10/A (sky130_fd_sc_hd__buf_1)
     2    0.017611    0.339477    0.324394    2.339506 ^ input10/X (sky130_fd_sc_hd__buf_1)
                                                         net10 (net)
                      0.339487    0.001572    2.341078 ^ fanout44/A (sky130_fd_sc_hd__buf_4)
    10    0.046786    0.217520    0.433926    2.775004 ^ fanout44/X (sky130_fd_sc_hd__buf_4)
                                                         net44 (net)
                      0.217599    0.003989    2.778993 ^ _449_/B (sky130_fd_sc_hd__and2_1)
     1    0.002358    0.073999    0.275734    3.054727 ^ _449_/X (sky130_fd_sc_hd__and2_1)
                                                         mul_ll.mul_ll.pp2 (net)
                      0.073999    0.000171    3.054898 ^ _457_/A (sky130_fd_sc_hd__clkbuf_1)
     1    0.002442    0.066377    0.147229    3.202127 ^ _457_/X (sky130_fd_sc_hd__clkbuf_1)
                                                         net24 (net)
                      0.066377    0.000158    3.202286 ^ output24/A (sky130_fd_sc_hd__buf_2)
     1    0.034381    0.273162    0.341788    3.544074 ^ output24/X (sky130_fd_sc_hd__buf_2)
                                                         P[1] (net)
                      0.273167    0.001597    3.545670 ^ P[1] (out)
                                              3.545670   data arrival time

                      0.000000   10.000000   10.000000   clock __VIRTUAL_CLK__ (rise edge)
                                  0.000000   10.000000   clock network delay (ideal)
                                 -0.250000    9.750000   clock uncertainty
                                  0.000000    9.750000   clock reconvergence pessimism
                                 -2.000000    7.750000   output external delay
                                              7.750000   data required time
---------------------------------------------------------------------------------------------
                                              7.750000   data required time
                                             -3.545670   data arrival time
---------------------------------------------------------------------------------------------
                                              4.204329   slack (MET)


Startpoint: B[0] (input port clocked by __VIRTUAL_CLK__)
Endpoint: P[0] (output port clocked by __VIRTUAL_CLK__)
Path Group: __VIRTUAL_CLK__
Path Type: max

Fanout         Cap        Slew       Delay        Time   Description
---------------------------------------------------------------------------------------------
                      0.000000    0.000000    0.000000   clock __VIRTUAL_CLK__ (rise edge)
                                  0.000000    0.000000   clock network delay (ideal)
                                  2.000000    2.000000 v input external delay
     1    0.002785    0.018395    0.009233    2.009233 v B[0] (in)
                                                         B[0] (net)
                      0.018399    0.000000    2.009233 v input9/A (sky130_fd_sc_hd__clkbuf_2)
     7    0.036258    0.254804    0.320507    2.329740 v input9/X (sky130_fd_sc_hd__clkbuf_2)
                                                         net9 (net)
                      0.254902    0.001950    2.331690 v _448_/B (sky130_fd_sc_hd__and2_1)
     1    0.003150    0.071203    0.408284    2.739974 v _448_/X (sky130_fd_sc_hd__and2_1)
                                                         mul_ll.mul_ll.pp1 (net)
                      0.071203    0.000238    2.740211 v _456_/A (sky130_fd_sc_hd__clkbuf_1)
     1    0.002474    0.047081    0.157359    2.897570 v _456_/X (sky130_fd_sc_hd__clkbuf_1)
                                                         net17 (net)
                      0.047081    0.000154    2.897724 v output17/A (sky130_fd_sc_hd__buf_2)
     1    0.034040    0.165385    0.332680    3.230404 v output17/X (sky130_fd_sc_hd__buf_2)
                                                         P[0] (net)
                      0.165399    0.001619    3.232023 v P[0] (out)
                                              3.232023   data arrival time

                      0.000000   10.000000   10.000000   clock __VIRTUAL_CLK__ (rise edge)
                                  0.000000   10.000000   clock network delay (ideal)
                                 -0.250000    9.750000   clock uncertainty
                                  0.000000    9.750000   clock reconvergence pessimism
                                 -2.000000    7.750000   output external delay
                                              7.750000   data required time
---------------------------------------------------------------------------------------------
                                              7.750000   data required time
                                             -3.232023   data arrival time
---------------------------------------------------------------------------------------------
                                              4.517977   slack (MET)



