
===========================================================================
report_checks -path_delay min (Hold)
============================================================================
======================= nom_tt_025C_1v80 Corner ===================================

Startpoint: A[1] (input port clocked by __VIRTUAL_CLK__)
Endpoint: P[1] (output port clocked by __VIRTUAL_CLK__)
Path Group: __VIRTUAL_CLK__
Path Type: min

Fanout         Cap        Slew       Delay        Time   Description
---------------------------------------------------------------------------------------------
                      0.000000    0.000000    0.000000   clock __VIRTUAL_CLK__ (rise edge)
                                  0.000000    0.000000   clock network delay (ideal)
                                  2.000000    2.000000 v input external delay
     1    0.002462    0.007852    0.003846    2.003846 v A[1] (in)
                                                         A[1] (net)
                      0.007852    0.000000    2.003846 v input2/A (sky130_fd_sc_hd__buf_2)
     8    0.027664    0.075244    0.152400    2.156246 v input2/X (sky130_fd_sc_hd__buf_2)
                                                         net2 (net)
                      0.075244    0.000225    2.156471 v _478_/A1 (sky130_fd_sc_hd__a21oi_1)
     1    0.002964    0.092918    0.131677    2.288148 ^ _478_/Y (sky130_fd_sc_hd__a21oi_1)
                                                         _165_ (net)
                      0.092918    0.000005    2.288153 ^ _479_/B (sky130_fd_sc_hd__nor2_1)
     1    0.002305    0.028473    0.044558    2.332711 v _479_/Y (sky130_fd_sc_hd__nor2_1)
                                                         net23 (net)
                      0.028473    0.000008    2.332719 v output23/A (sky130_fd_sc_hd__buf_2)
     1    0.034344    0.089584    0.173493    2.506212 v output23/X (sky130_fd_sc_hd__buf_2)
                                                         P[1] (net)
                      0.089584    0.000197    2.506409 v P[1] (out)
                                              2.506409   data arrival time

                      0.000000    0.000000    0.000000   clock __VIRTUAL_CLK__ (rise edge)
                                  0.000000    0.000000   clock network delay (ideal)
                                  0.250000    0.250000   clock uncertainty
                                  0.000000    0.250000   clock reconvergence pessimism
                                 -2.000000   -1.750000   output external delay
                                             -1.750000   data required time
---------------------------------------------------------------------------------------------
                                             -1.750000   data required time
                                             -2.506409   data arrival time
---------------------------------------------------------------------------------------------
                                              4.256409   slack (MET)


Startpoint: B[0] (input port clocked by __VIRTUAL_CLK__)
Endpoint: P[4] (output port clocked by __VIRTUAL_CLK__)
Path Group: __VIRTUAL_CLK__
Path Type: min

Fanout         Cap        Slew       Delay        Time   Description
---------------------------------------------------------------------------------------------
                      0.000000    0.000000    0.000000   clock __VIRTUAL_CLK__ (rise edge)
                                  0.000000    0.000000   clock network delay (ideal)
                                  2.000000    2.000000 v input external delay
     1    0.002899    0.008861    0.004582    2.004582 v B[0] (in)
                                                         B[0] (net)
                      0.008861    0.000000    2.004582 v input9/A (sky130_fd_sc_hd__clkbuf_2)
     7    0.020431    0.083344    0.135084    2.139666 v input9/X (sky130_fd_sc_hd__clkbuf_2)
                                                         net9 (net)
                      0.083345    0.000399    2.140065 v _236_/A (sky130_fd_sc_hd__nand2_1)
     2    0.010372    0.102876    0.118162    2.258227 ^ _236_/Y (sky130_fd_sc_hd__nand2_1)
                                                         _169_ (net)
                      0.102908    0.000111    2.258338 ^ _267_/A (sky130_fd_sc_hd__xnor2_1)
     1    0.006537    0.060952    0.101608    2.359946 v _267_/Y (sky130_fd_sc_hd__xnor2_1)
                                                         net26 (net)
                      0.060952    0.000090    2.360036 v output26/A (sky130_fd_sc_hd__buf_2)
     1    0.034124    0.088903    0.187333    2.547369 v output26/X (sky130_fd_sc_hd__buf_2)
                                                         P[4] (net)
                      0.088903    0.000111    2.547480 v P[4] (out)
                                              2.547480   data arrival time

                      0.000000    0.000000    0.000000   clock __VIRTUAL_CLK__ (rise edge)
                                  0.000000    0.000000   clock network delay (ideal)
                                  0.250000    0.250000   clock uncertainty
                                  0.000000    0.250000   clock reconvergence pessimism
                                 -2.000000   -1.750000   output external delay
                                             -1.750000   data required time
---------------------------------------------------------------------------------------------
                                             -1.750000   data required time
                                             -2.547480   data arrival time
---------------------------------------------------------------------------------------------
                                              4.297480   slack (MET)


Startpoint: B[0] (input port clocked by __VIRTUAL_CLK__)
Endpoint: P[2] (output port clocked by __VIRTUAL_CLK__)
Path Group: __VIRTUAL_CLK__
Path Type: min

Fanout         Cap        Slew       Delay        Time   Description
---------------------------------------------------------------------------------------------
                      0.000000    0.000000    0.000000   clock __VIRTUAL_CLK__ (rise edge)
                                  0.000000    0.000000   clock network delay (ideal)
                                  2.000000    2.000000 ^ input external delay
     1    0.003129    0.021152    0.011448    2.011448 ^ B[0] (in)
                                                         B[0] (net)
                      0.021152    0.000000    2.011448 ^ input9/A (sky130_fd_sc_hd__clkbuf_2)
     7    0.021267    0.121103    0.151393    2.162841 ^ input9/X (sky130_fd_sc_hd__clkbuf_2)
                                                         net9 (net)
                      0.121103    0.000139    2.162979 ^ _480_/B2 (sky130_fd_sc_hd__a2bb2o_1)
     1    0.001788    0.035870    0.135373    2.298352 ^ _480_/X (sky130_fd_sc_hd__a2bb2o_1)
                                                         _166_ (net)
                      0.035870    0.000002    2.298354 ^ _481_/B (sky130_fd_sc_hd__and2_1)
     1    0.002860    0.046533    0.112368    2.410722 ^ _481_/X (sky130_fd_sc_hd__and2_1)
                                                         net24 (net)
                      0.046533    0.000014    2.410737 ^ output24/A (sky130_fd_sc_hd__buf_2)
     1    0.034296    0.170241    0.198976    2.609713 ^ output24/X (sky130_fd_sc_hd__buf_2)
                                                         P[2] (net)
                      0.170241    0.000191    2.609904 ^ P[2] (out)
                                              2.609904   data arrival time

                      0.000000    0.000000    0.000000   clock __VIRTUAL_CLK__ (rise edge)
                                  0.000000    0.000000   clock network delay (ideal)
                                  0.250000    0.250000   clock uncertainty
                                  0.000000    0.250000   clock reconvergence pessimism
                                 -2.000000   -1.750000   output external delay
                                             -1.750000   data required time
---------------------------------------------------------------------------------------------
                                             -1.750000   data required time
                                             -2.609904   data arrival time
---------------------------------------------------------------------------------------------
                                              4.359904   slack (MET)


Startpoint: B[0] (input port clocked by __VIRTUAL_CLK__)
Endpoint: P[3] (output port clocked by __VIRTUAL_CLK__)
Path Group: __VIRTUAL_CLK__
Path Type: min

Fanout         Cap        Slew       Delay        Time   Description
---------------------------------------------------------------------------------------------
                      0.000000    0.000000    0.000000   clock __VIRTUAL_CLK__ (rise edge)
                                  0.000000    0.000000   clock network delay (ideal)
                                  2.000000    2.000000 v input external delay
     1    0.002899    0.008861    0.004582    2.004582 v B[0] (in)
                                                         B[0] (net)
                      0.008861    0.000000    2.004582 v input9/A (sky130_fd_sc_hd__clkbuf_2)
     7    0.020431    0.083344    0.135084    2.139666 v input9/X (sky130_fd_sc_hd__clkbuf_2)
                                                         net9 (net)
                      0.083344    0.000125    2.139791 v _243_/D_N (sky130_fd_sc_hd__or4b_2)
     5    0.016627    0.104009    0.265440    2.405231 ^ _243_/X (sky130_fd_sc_hd__or4b_2)
                                                         _176_ (net)
                      0.104009    0.000156    2.405387 ^ _482_/A (sky130_fd_sc_hd__xnor2_1)
     1    0.004273    0.046612    0.088503    2.493890 v _482_/Y (sky130_fd_sc_hd__xnor2_1)
                                                         net25 (net)
                      0.046612    0.000037    2.493927 v output25/A (sky130_fd_sc_hd__buf_2)
     1    0.034344    0.089454    0.181307    2.675234 v output25/X (sky130_fd_sc_hd__buf_2)
                                                         P[3] (net)
                      0.089454    0.000197    2.675431 v P[3] (out)
                                              2.675431   data arrival time

                      0.000000    0.000000    0.000000   clock __VIRTUAL_CLK__ (rise edge)
                                  0.000000    0.000000   clock network delay (ideal)
                                  0.250000    0.250000   clock uncertainty
                                  0.000000    0.250000   clock reconvergence pessimism
                                 -2.000000   -1.750000   output external delay
                                             -1.750000   data required time
---------------------------------------------------------------------------------------------
                                             -1.750000   data required time
                                             -2.675431   data arrival time
---------------------------------------------------------------------------------------------
                                              4.425431   slack (MET)


Startpoint: A[7] (input port clocked by __VIRTUAL_CLK__)
Endpoint: P[15] (output port clocked by __VIRTUAL_CLK__)
Path Group: __VIRTUAL_CLK__
Path Type: min

Fanout         Cap        Slew       Delay        Time   Description
---------------------------------------------------------------------------------------------
                      0.000000    0.000000    0.000000   clock __VIRTUAL_CLK__ (rise edge)
                                  0.000000    0.000000   clock network delay (ideal)
                                  2.000000    2.000000 ^ input external delay
     1    0.002344    0.017805    0.008699    2.008699 ^ A[7] (in)
                                                         A[7] (net)
                      0.017805    0.000000    2.008699 ^ input8/A (sky130_fd_sc_hd__buf_2)
     8    0.027596    0.139043    0.165657    2.174356 ^ input8/X (sky130_fd_sc_hd__buf_2)
                                                         net8 (net)
                      0.139043    0.000131    2.174486 ^ _470_/B (sky130_fd_sc_hd__nand3_1)
     2    0.004367    0.070264    0.103040    2.277526 v _470_/Y (sky130_fd_sc_hd__nand3_1)
                                                         _160_ (net)
                      0.070264    0.000009    2.277535 v _474_/B1_N (sky130_fd_sc_hd__a21bo_1)
     1    0.003634    0.041101    0.185214    2.462749 ^ _474_/X (sky130_fd_sc_hd__a21bo_1)
                                                         _163_ (net)
                      0.041101    0.000020    2.462770 ^ _475_/B1 (sky130_fd_sc_hd__a21o_1)
     1    0.002360    0.032589    0.071392    2.534161 ^ _475_/X (sky130_fd_sc_hd__a21o_1)
                                                         net22 (net)
                      0.032589    0.000006    2.534167 ^ output22/A (sky130_fd_sc_hd__buf_2)
     1    0.033989    0.168808    0.192691    2.726858 ^ output22/X (sky130_fd_sc_hd__buf_2)
                                                         P[15] (net)
                      0.168808    0.000083    2.726941 ^ P[15] (out)
                                              2.726941   data arrival time

                      0.000000    0.000000    0.000000   clock __VIRTUAL_CLK__ (rise edge)
                                  0.000000    0.000000   clock network delay (ideal)
                                  0.250000    0.250000   clock uncertainty
                                  0.000000    0.250000   clock reconvergence pessimism
                                 -2.000000   -1.750000   output external delay
                                             -1.750000   data required time
---------------------------------------------------------------------------------------------
                                             -1.750000   data required time
                                             -2.726941   data arrival time
---------------------------------------------------------------------------------------------
                                              4.476941   slack (MET)


Startpoint: B[0] (input port clocked by __VIRTUAL_CLK__)
Endpoint: P[5] (output port clocked by __VIRTUAL_CLK__)
Path Group: __VIRTUAL_CLK__
Path Type: min

Fanout         Cap        Slew       Delay        Time   Description
---------------------------------------------------------------------------------------------
                      0.000000    0.000000    0.000000   clock __VIRTUAL_CLK__ (rise edge)
                                  0.000000    0.000000   clock network delay (ideal)
                                  2.000000    2.000000 v input external delay
     1    0.002899    0.008861    0.004582    2.004582 v B[0] (in)
                                                         B[0] (net)
                      0.008861    0.000000    2.004582 v input9/A (sky130_fd_sc_hd__clkbuf_2)
     7    0.020431    0.083344    0.135084    2.139666 v input9/X (sky130_fd_sc_hd__clkbuf_2)
                                                         net9 (net)
                      0.083345    0.000399    2.140065 v _236_/A (sky130_fd_sc_hd__nand2_1)
     2    0.010372    0.102876    0.118162    2.258227 ^ _236_/Y (sky130_fd_sc_hd__nand2_1)
                                                         _169_ (net)
                      0.102876    0.000103    2.258330 ^ _306_/A1 (sky130_fd_sc_hd__o21ba_1)
     3    0.007260    0.082736    0.169024    2.427354 ^ _306_/X (sky130_fd_sc_hd__o21ba_1)
                                                         _004_ (net)
                      0.082736    0.000055    2.427409 ^ _476_/B (sky130_fd_sc_hd__and2b_1)
     1    0.003086    0.045262    0.124999    2.552408 ^ _476_/X (sky130_fd_sc_hd__and2b_1)
                                                         _164_ (net)
                      0.045262    0.000008    2.552417 ^ _477_/B (sky130_fd_sc_hd__nor2_1)
     1    0.005869    0.032280    0.046518    2.598934 v _477_/Y (sky130_fd_sc_hd__nor2_1)
                                                         net27 (net)
                      0.032280    0.000070    2.599005 v output27/A (sky130_fd_sc_hd__buf_2)
     1    0.034141    0.089082    0.174820    2.773824 v output27/X (sky130_fd_sc_hd__buf_2)
                                                         P[5] (net)
                      0.089082    0.000115    2.773939 v P[5] (out)
                                              2.773939   data arrival time

                      0.000000    0.000000    0.000000   clock __VIRTUAL_CLK__ (rise edge)
                                  0.000000    0.000000   clock network delay (ideal)
                                  0.250000    0.250000   clock uncertainty
                                  0.000000    0.250000   clock reconvergence pessimism
                                 -2.000000   -1.750000   output external delay
                                             -1.750000   data required time
---------------------------------------------------------------------------------------------
                                             -1.750000   data required time
                                             -2.773939   data arrival time
---------------------------------------------------------------------------------------------
                                              4.523940   slack (MET)


Startpoint: A[7] (input port clocked by __VIRTUAL_CLK__)
Endpoint: P[14] (output port clocked by __VIRTUAL_CLK__)
Path Group: __VIRTUAL_CLK__
Path Type: min

Fanout         Cap        Slew       Delay        Time   Description
---------------------------------------------------------------------------------------------
                      0.000000    0.000000    0.000000   clock __VIRTUAL_CLK__ (rise edge)
                                  0.000000    0.000000   clock network delay (ideal)
                                  2.000000    2.000000 ^ input external delay
     1    0.002344    0.017805    0.008699    2.008699 ^ A[7] (in)
                                                         A[7] (net)
                      0.017805    0.000000    2.008699 ^ input8/A (sky130_fd_sc_hd__buf_2)
     8    0.027596    0.139043    0.165657    2.174356 ^ input8/X (sky130_fd_sc_hd__buf_2)
                                                         net8 (net)
                      0.139043    0.000101    2.174457 ^ _471_/A1 (sky130_fd_sc_hd__o211a_1)
     2    0.007670    0.078919    0.200290    2.374747 ^ _471_/X (sky130_fd_sc_hd__o211a_1)
                                                         _161_ (net)
                      0.078919    0.000022    2.374768 ^ _472_/B (sky130_fd_sc_hd__xor2_1)
     2    0.007495    0.054670    0.089436    2.464204 v _472_/X (sky130_fd_sc_hd__xor2_1)
                                                         _162_ (net)
                      0.054670    0.000040    2.464244 v _473_/B (sky130_fd_sc_hd__xor2_1)
     1    0.002154    0.034210    0.135391    2.599635 v _473_/X (sky130_fd_sc_hd__xor2_1)
                                                         net21 (net)
                      0.034210    0.000005    2.599640 v output21/A (sky130_fd_sc_hd__buf_2)
     1    0.033953    0.088646    0.175332    2.774972 v output21/X (sky130_fd_sc_hd__buf_2)
                                                         P[14] (net)
                      0.088646    0.000074    2.775047 v P[14] (out)
                                              2.775047   data arrival time

                      0.000000    0.000000    0.000000   clock __VIRTUAL_CLK__ (rise edge)
                                  0.000000    0.000000   clock network delay (ideal)
                                  0.250000    0.250000   clock uncertainty
                                  0.000000    0.250000   clock reconvergence pessimism
                                 -2.000000   -1.750000   output external delay
                                             -1.750000   data required time
---------------------------------------------------------------------------------------------
                                             -1.750000   data required time
                                             -2.775047   data arrival time
---------------------------------------------------------------------------------------------
                                              4.525046   slack (MET)


Startpoint: A[4] (input port clocked by __VIRTUAL_CLK__)
Endpoint: P[9] (output port clocked by __VIRTUAL_CLK__)
Path Group: __VIRTUAL_CLK__
Path Type: min

Fanout         Cap        Slew       Delay        Time   Description
---------------------------------------------------------------------------------------------
                      0.000000    0.000000    0.000000   clock __VIRTUAL_CLK__ (rise edge)
                                  0.000000    0.000000   clock network delay (ideal)
                                  2.000000    2.000000 v input external delay
     1    0.002145    0.007127    0.003310    2.003310 v A[4] (in)
                                                         A[4] (net)
                      0.007127    0.000000    2.003310 v input5/A (sky130_fd_sc_hd__dlymetal6s2s_1)
     3    0.015863    0.091655    0.170264    2.173574 v input5/X (sky130_fd_sc_hd__dlymetal6s2s_1)
                                                         net5 (net)
                      0.091655    0.000411    2.173985 v _383_/A (sky130_fd_sc_hd__nand2_1)
     2    0.007350    0.078716    0.102834    2.276820 ^ _383_/Y (sky130_fd_sc_hd__nand2_1)
                                                         _078_ (net)
                      0.078716    0.000041    2.276861 ^ _385_/B (sky130_fd_sc_hd__xor2_1)
     2    0.005063    0.045182    0.077115    2.353976 v _385_/X (sky130_fd_sc_hd__xor2_1)
                                                         _080_ (net)
                      0.045182    0.000027    2.354002 v _388_/B1 (sky130_fd_sc_hd__o21a_1)
     3    0.009734    0.060787    0.130282    2.484285 v _388_/X (sky130_fd_sc_hd__o21a_1)
                                                         _083_ (net)
                      0.060787    0.000040    2.484324 v _389_/B (sky130_fd_sc_hd__nor2_1)
     1    0.005293    0.120189    0.118054    2.602378 ^ _389_/Y (sky130_fd_sc_hd__nor2_1)
                                                         _084_ (net)
                      0.120189    0.000016    2.602394 ^ _391_/A (sky130_fd_sc_hd__xnor2_1)
     1    0.006893    0.061474    0.108622    2.711016 v _391_/Y (sky130_fd_sc_hd__xnor2_1)
                                                         net31 (net)
                      0.061474    0.000100    2.711116 v output31/A (sky130_fd_sc_hd__buf_2)
     1    0.034020    0.088668    0.187394    2.898511 v output31/X (sky130_fd_sc_hd__buf_2)
                                                         P[9] (net)
                      0.088668    0.000087    2.898598 v P[9] (out)
                                              2.898598   data arrival time

                      0.000000    0.000000    0.000000   clock __VIRTUAL_CLK__ (rise edge)
                                  0.000000    0.000000   clock network delay (ideal)
                                  0.250000    0.250000   clock uncertainty
                                  0.000000    0.250000   clock reconvergence pessimism
                                 -2.000000   -1.750000   output external delay
                                             -1.750000   data required time
---------------------------------------------------------------------------------------------
                                             -1.750000   data required time
                                             -2.898598   data arrival time
---------------------------------------------------------------------------------------------
                                              4.648598   slack (MET)


Startpoint: A[4] (input port clocked by __VIRTUAL_CLK__)
Endpoint: P[11] (output port clocked by __VIRTUAL_CLK__)
Path Group: __VIRTUAL_CLK__
Path Type: min

Fanout         Cap        Slew       Delay        Time   Description
---------------------------------------------------------------------------------------------
                      0.000000    0.000000    0.000000   clock __VIRTUAL_CLK__ (rise edge)
                                  0.000000    0.000000   clock network delay (ideal)
                                  2.000000    2.000000 v input external delay
     1    0.002145    0.007127    0.003310    2.003310 v A[4] (in)
                                                         A[4] (net)
                      0.007127    0.000000    2.003310 v input5/A (sky130_fd_sc_hd__dlymetal6s2s_1)
     3    0.015863    0.091655    0.170264    2.173574 v input5/X (sky130_fd_sc_hd__dlymetal6s2s_1)
                                                         net5 (net)
                      0.091655    0.000411    2.173985 v _383_/A (sky130_fd_sc_hd__nand2_1)
     2    0.007350    0.078716    0.102834    2.276820 ^ _383_/Y (sky130_fd_sc_hd__nand2_1)
                                                         _078_ (net)
                      0.078716    0.000044    2.276863 ^ _384_/B (sky130_fd_sc_hd__or2_1)
     2    0.005907    0.066240    0.119652    2.396515 ^ _384_/X (sky130_fd_sc_hd__or2_1)
                                                         _079_ (net)
                      0.066240    0.000027    2.396542 ^ _412_/A2 (sky130_fd_sc_hd__a211o_1)
     3    0.009241    0.089869    0.158090    2.554631 ^ _412_/X (sky130_fd_sc_hd__a211o_1)
                                                         _106_ (net)
                      0.089869    0.000038    2.554669 ^ _439_/A (sky130_fd_sc_hd__nand2_1)
     1    0.005180    0.045195    0.070341    2.625010 v _439_/Y (sky130_fd_sc_hd__nand2_1)
                                                         _132_ (net)
                      0.045195    0.000020    2.625030 v _440_/B (sky130_fd_sc_hd__xnor2_1)
     1    0.005695    0.053190    0.133960    2.758990 v _440_/Y (sky130_fd_sc_hd__xnor2_1)
                                                         net18 (net)
                      0.053190    0.000094    2.759084 v output18/A (sky130_fd_sc_hd__buf_2)
     1    0.034472    0.089695    0.184357    2.943441 v output18/X (sky130_fd_sc_hd__buf_2)
                                                         P[11] (net)
                      0.089695    0.000227    2.943668 v P[11] (out)
                                              2.943668   data arrival time

                      0.000000    0.000000    0.000000   clock __VIRTUAL_CLK__ (rise edge)
                                  0.000000    0.000000   clock network delay (ideal)
                                  0.250000    0.250000   clock uncertainty
                                  0.000000    0.250000   clock reconvergence pessimism
                                 -2.000000   -1.750000   output external delay
                                             -1.750000   data required time
---------------------------------------------------------------------------------------------
                                             -1.750000   data required time
                                             -2.943668   data arrival time
---------------------------------------------------------------------------------------------
                                              4.693668   slack (MET)


Startpoint: A[0] (input port clocked by __VIRTUAL_CLK__)
Endpoint: P[6] (output port clocked by __VIRTUAL_CLK__)
Path Group: __VIRTUAL_CLK__
Path Type: min

Fanout         Cap        Slew       Delay        Time   Description
---------------------------------------------------------------------------------------------
                      0.000000    0.000000    0.000000   clock __VIRTUAL_CLK__ (rise edge)
                                  0.000000    0.000000   clock network delay (ideal)
                                  2.000000    2.000000 ^ input external delay
     1    0.002579    0.018792    0.009524    2.009524 ^ A[0] (in)
                                                         A[0] (net)
                      0.018792    0.000000    2.009524 ^ input1/A (sky130_fd_sc_hd__dlymetal6s2s_1)
     5    0.016576    0.182927    0.176883    2.186407 ^ input1/X (sky130_fd_sc_hd__dlymetal6s2s_1)
                                                         net1 (net)
                      0.182928    0.000439    2.186846 ^ _265_/A2 (sky130_fd_sc_hd__a21oi_1)
     2    0.005302    0.039909    0.109704    2.296550 v _265_/Y (sky130_fd_sc_hd__a21oi_1)
                                                         _198_ (net)
                      0.039909    0.000022    2.296572 v _306_/A2 (sky130_fd_sc_hd__o21ba_1)
     3    0.006792    0.049229    0.181631    2.478203 v _306_/X (sky130_fd_sc_hd__o21ba_1)
                                                         _004_ (net)
                      0.049229    0.000055    2.478257 v _307_/A_N (sky130_fd_sc_hd__and2b_1)
     2    0.007490    0.081850    0.214356    2.692614 ^ _307_/X (sky130_fd_sc_hd__and2b_1)
                                                         _005_ (net)
                      0.081850    0.000012    2.692626 ^ _309_/B (sky130_fd_sc_hd__xor2_1)
     1    0.005897    0.048672    0.082572    2.775198 v _309_/X (sky130_fd_sc_hd__xor2_1)
                                                         net28 (net)
                      0.048672    0.000070    2.775269 v output28/A (sky130_fd_sc_hd__buf_2)
     1    0.034072    0.088809    0.181766    2.957034 v output28/X (sky130_fd_sc_hd__buf_2)
                                                         P[6] (net)
                      0.088809    0.000099    2.957133 v P[6] (out)
                                              2.957133   data arrival time

                      0.000000    0.000000    0.000000   clock __VIRTUAL_CLK__ (rise edge)
                                  0.000000    0.000000   clock network delay (ideal)
                                  0.250000    0.250000   clock uncertainty
                                  0.000000    0.250000   clock reconvergence pessimism
                                 -2.000000   -1.750000   output external delay
                                             -1.750000   data required time
---------------------------------------------------------------------------------------------
                                             -1.750000   data required time
                                             -2.957133   data arrival time
---------------------------------------------------------------------------------------------
                                              4.707133   slack (MET)


Startpoint: B[4] (input port clocked by __VIRTUAL_CLK__)
Endpoint: P[8] (output port clocked by __VIRTUAL_CLK__)
Path Group: __VIRTUAL_CLK__
Path Type: min

Fanout         Cap        Slew       Delay        Time   Description
---------------------------------------------------------------------------------------------
                      0.000000    0.000000    0.000000   clock __VIRTUAL_CLK__ (rise edge)
                                  0.000000    0.000000   clock network delay (ideal)
                                  2.000000    2.000000 v input external delay
     1    0.002134    0.007101    0.003290    2.003290 v B[4] (in)
                                                         B[4] (net)
                      0.007101    0.000000    2.003290 v input13/A (sky130_fd_sc_hd__buf_2)
     7    0.033127    0.087210    0.161795    2.165085 v input13/X (sky130_fd_sc_hd__buf_2)
                                                         net13 (net)
                      0.087229    0.001245    2.166330 v _355_/A (sky130_fd_sc_hd__and2_1)
     2    0.004181    0.040734    0.157518    2.323848 v _355_/X (sky130_fd_sc_hd__and2_1)
                                                         _051_ (net)
                      0.040734    0.000012    2.323860 v _356_/B (sky130_fd_sc_hd__nor2_1)
     1    0.001742    0.060448    0.066551    2.390411 ^ _356_/Y (sky130_fd_sc_hd__nor2_1)
                                                         _052_ (net)
                      0.060448    0.000002    2.390414 ^ _358_/A (sky130_fd_sc_hd__or2_1)
     2    0.007693    0.084309    0.126949    2.517363 ^ _358_/X (sky130_fd_sc_hd__or2_1)
                                                         _054_ (net)
                      0.084309    0.000015    2.517378 ^ _361_/A (sky130_fd_sc_hd__xnor2_1)
     3    0.010259    0.125995    0.173739    2.691116 ^ _361_/Y (sky130_fd_sc_hd__xnor2_1)
                                                         _057_ (net)
                      0.125995    0.000052    2.691168 ^ _363_/A (sky130_fd_sc_hd__xor2_1)
     1    0.006556    0.051210    0.101677    2.792845 v _363_/X (sky130_fd_sc_hd__xor2_1)
                                                         net30 (net)
                      0.051210    0.000090    2.792935 v output30/A (sky130_fd_sc_hd__buf_2)
     1    0.034124    0.088909    0.182947    2.975882 v output30/X (sky130_fd_sc_hd__buf_2)
                                                         P[8] (net)
                      0.088909    0.000111    2.975993 v P[8] (out)
                                              2.975993   data arrival time

                      0.000000    0.000000    0.000000   clock __VIRTUAL_CLK__ (rise edge)
                                  0.000000    0.000000   clock network delay (ideal)
                                  0.250000    0.250000   clock uncertainty
                                  0.000000    0.250000   clock reconvergence pessimism
                                 -2.000000   -1.750000   output external delay
                                             -1.750000   data required time
---------------------------------------------------------------------------------------------
                                             -1.750000   data required time
                                             -2.975993   data arrival time
---------------------------------------------------------------------------------------------
                                              4.725993   slack (MET)


Startpoint: B[0] (input port clocked by __VIRTUAL_CLK__)
Endpoint: P[7] (output port clocked by __VIRTUAL_CLK__)
Path Group: __VIRTUAL_CLK__
Path Type: min

Fanout         Cap        Slew       Delay        Time   Description
---------------------------------------------------------------------------------------------
                      0.000000    0.000000    0.000000   clock __VIRTUAL_CLK__ (rise edge)
                                  0.000000    0.000000   clock network delay (ideal)
                                  2.000000    2.000000 v input external delay
     1    0.002899    0.008861    0.004582    2.004582 v B[0] (in)
                                                         B[0] (net)
                      0.008861    0.000000    2.004582 v input9/A (sky130_fd_sc_hd__clkbuf_2)
     7    0.020431    0.083344    0.135084    2.139666 v input9/X (sky130_fd_sc_hd__clkbuf_2)
                                                         net9 (net)
                      0.083345    0.000399    2.140065 v _236_/A (sky130_fd_sc_hd__nand2_1)
     2    0.010372    0.102876    0.118162    2.258227 ^ _236_/Y (sky130_fd_sc_hd__nand2_1)
                                                         _169_ (net)
                      0.102876    0.000103    2.258330 ^ _306_/A1 (sky130_fd_sc_hd__o21ba_1)
     3    0.007260    0.082736    0.169024    2.427354 ^ _306_/X (sky130_fd_sc_hd__o21ba_1)
                                                         _004_ (net)
                      0.082736    0.000066    2.427420 ^ _308_/C (sky130_fd_sc_hd__or4b_1)
     3    0.009064    0.091117    0.149261    2.576681 ^ _308_/X (sky130_fd_sc_hd__or4b_1)
                                                         _006_ (net)
                      0.091117    0.000049    2.576731 ^ _333_/B (sky130_fd_sc_hd__nand2_1)
     1    0.004472    0.046269    0.069422    2.646153 v _333_/Y (sky130_fd_sc_hd__nand2_1)
                                                         _030_ (net)
                      0.046269    0.000008    2.646161 v _334_/B (sky130_fd_sc_hd__xor2_1)
     1    0.006953    0.052718    0.155289    2.801450 v _334_/X (sky130_fd_sc_hd__xor2_1)
                                                         net29 (net)
                      0.052718    0.000104    2.801554 v output29/A (sky130_fd_sc_hd__buf_2)
     1    0.033984    0.088583    0.183362    2.984916 v output29/X (sky130_fd_sc_hd__buf_2)
                                                         P[7] (net)
                      0.088583    0.000079    2.984995 v P[7] (out)
                                              2.984995   data arrival time

                      0.000000    0.000000    0.000000   clock __VIRTUAL_CLK__ (rise edge)
                                  0.000000    0.000000   clock network delay (ideal)
                                  0.250000    0.250000   clock uncertainty
                                  0.000000    0.250000   clock reconvergence pessimism
                                 -2.000000   -1.750000   output external delay
                                             -1.750000   data required time
---------------------------------------------------------------------------------------------
                                             -1.750000   data required time
                                             -2.984995   data arrival time
---------------------------------------------------------------------------------------------
                                              4.734995   slack (MET)


Startpoint: A[4] (input port clocked by __VIRTUAL_CLK__)
Endpoint: P[10] (output port clocked by __VIRTUAL_CLK__)
Path Group: __VIRTUAL_CLK__
Path Type: min

Fanout         Cap        Slew       Delay        Time   Description
---------------------------------------------------------------------------------------------
                      0.000000    0.000000    0.000000   clock __VIRTUAL_CLK__ (rise edge)
                                  0.000000    0.000000   clock network delay (ideal)
                                  2.000000    2.000000 v input external delay
     1    0.002145    0.007127    0.003310    2.003310 v A[4] (in)
                                                         A[4] (net)
                      0.007127    0.000000    2.003310 v input5/A (sky130_fd_sc_hd__dlymetal6s2s_1)
     3    0.015863    0.091655    0.170264    2.173574 v input5/X (sky130_fd_sc_hd__dlymetal6s2s_1)
                                                         net5 (net)
                      0.091655    0.000411    2.173985 v _383_/A (sky130_fd_sc_hd__nand2_1)
     2    0.007350    0.078716    0.102834    2.276820 ^ _383_/Y (sky130_fd_sc_hd__nand2_1)
                                                         _078_ (net)
                      0.078716    0.000044    2.276863 ^ _384_/B (sky130_fd_sc_hd__or2_1)
     2    0.005907    0.066240    0.119652    2.396515 ^ _384_/X (sky130_fd_sc_hd__or2_1)
                                                         _079_ (net)
                      0.066240    0.000024    2.396538 ^ _413_/C1 (sky130_fd_sc_hd__o211ai_1)
     1    0.002596    0.052656    0.079706    2.476245 v _413_/Y (sky130_fd_sc_hd__o211ai_1)
                                                         _107_ (net)
                      0.052656    0.000005    2.476250 v _414_/B (sky130_fd_sc_hd__nand2_1)
     3    0.008599    0.090083    0.100663    2.576913 ^ _414_/Y (sky130_fd_sc_hd__nand2_1)
                                                         _108_ (net)
                      0.090083    0.000021    2.576934 ^ _419_/A (sky130_fd_sc_hd__nand3_1)
     1    0.002055    0.049774    0.066073    2.643007 v _419_/Y (sky130_fd_sc_hd__nand3_1)
                                                         _113_ (net)
                      0.049774    0.000006    2.643014 v _420_/B (sky130_fd_sc_hd__and2_1)
     1    0.005665    0.045305    0.165935    2.808949 v _420_/X (sky130_fd_sc_hd__and2_1)
                                                         net17 (net)
                      0.045305    0.000095    2.809044 v output17/A (sky130_fd_sc_hd__buf_2)
     1    0.034472    0.089751    0.180959    2.990003 v output17/X (sky130_fd_sc_hd__buf_2)
                                                         P[10] (net)
                      0.089751    0.000227    2.990231 v P[10] (out)
                                              2.990231   data arrival time

                      0.000000    0.000000    0.000000   clock __VIRTUAL_CLK__ (rise edge)
                                  0.000000    0.000000   clock network delay (ideal)
                                  0.250000    0.250000   clock uncertainty
                                  0.000000    0.250000   clock reconvergence pessimism
                                 -2.000000   -1.750000   output external delay
                                             -1.750000   data required time
---------------------------------------------------------------------------------------------
                                             -1.750000   data required time
                                             -2.990231   data arrival time
---------------------------------------------------------------------------------------------
                                              4.740231   slack (MET)


Startpoint: A[7] (input port clocked by __VIRTUAL_CLK__)
Endpoint: P[13] (output port clocked by __VIRTUAL_CLK__)
Path Group: __VIRTUAL_CLK__
Path Type: min

Fanout         Cap        Slew       Delay        Time   Description
---------------------------------------------------------------------------------------------
                      0.000000    0.000000    0.000000   clock __VIRTUAL_CLK__ (rise edge)
                                  0.000000    0.000000   clock network delay (ideal)
                                  2.000000    2.000000 ^ input external delay
     1    0.002344    0.017805    0.008699    2.008699 ^ A[7] (in)
                                                         A[7] (net)
                      0.017805    0.000000    2.008699 ^ input8/A (sky130_fd_sc_hd__buf_2)
     8    0.027596    0.139043    0.165657    2.174356 ^ input8/X (sky130_fd_sc_hd__buf_2)
                                                         net8 (net)
                      0.139091    0.000710    2.175066 ^ _404_/B (sky130_fd_sc_hd__and3_1)
     2    0.005767    0.077138    0.189748    2.364814 ^ _404_/X (sky130_fd_sc_hd__and3_1)
                                                         _098_ (net)
                      0.077138    0.000022    2.364836 ^ _431_/B1 (sky130_fd_sc_hd__a21oi_1)
     2    0.008187    0.051420    0.066032    2.430868 v _431_/Y (sky130_fd_sc_hd__a21oi_1)
                                                         _124_ (net)
                      0.051420    0.000044    2.430912 v _432_/B (sky130_fd_sc_hd__nor2_1)
     2    0.005415    0.121930    0.116070    2.546982 ^ _432_/Y (sky130_fd_sc_hd__nor2_1)
                                                         _125_ (net)
                      0.121930    0.000029    2.547010 ^ _451_/A1 (sky130_fd_sc_hd__o21ba_1)
     3    0.007603    0.087888    0.176432    2.723443 ^ _451_/X (sky130_fd_sc_hd__o21ba_1)
                                                         _143_ (net)
                      0.087888    0.000032    2.723475 ^ _466_/C1 (sky130_fd_sc_hd__a211oi_1)
     1    0.003325    0.039318    0.052954    2.776428 v _466_/Y (sky130_fd_sc_hd__a211oi_1)
                                                         _157_ (net)
                      0.039318    0.000014    2.776443 v _468_/A (sky130_fd_sc_hd__nor2_1)
     1    0.004229    0.098697    0.111869    2.888311 ^ _468_/Y (sky130_fd_sc_hd__nor2_1)
                                                         net20 (net)
                      0.098697    0.000035    2.888346 ^ output20/A (sky130_fd_sc_hd__buf_2)
     1    0.034041    0.169283    0.217518    3.105864 ^ output20/X (sky130_fd_sc_hd__buf_2)
                                                         P[13] (net)
                      0.169283    0.000095    3.105958 ^ P[13] (out)
                                              3.105958   data arrival time

                      0.000000    0.000000    0.000000   clock __VIRTUAL_CLK__ (rise edge)
                                  0.000000    0.000000   clock network delay (ideal)
                                  0.250000    0.250000   clock uncertainty
                                  0.000000    0.250000   clock reconvergence pessimism
                                 -2.000000   -1.750000   output external delay
                                             -1.750000   data required time
---------------------------------------------------------------------------------------------
                                             -1.750000   data required time
                                             -3.105958   data arrival time
---------------------------------------------------------------------------------------------
                                              4.855958   slack (MET)


Startpoint: A[7] (input port clocked by __VIRTUAL_CLK__)
Endpoint: P[12] (output port clocked by __VIRTUAL_CLK__)
Path Group: __VIRTUAL_CLK__
Path Type: min

Fanout         Cap        Slew       Delay        Time   Description
---------------------------------------------------------------------------------------------
                      0.000000    0.000000    0.000000   clock __VIRTUAL_CLK__ (rise edge)
                                  0.000000    0.000000   clock network delay (ideal)
                                  2.000000    2.000000 ^ input external delay
     1    0.002344    0.017805    0.008699    2.008699 ^ A[7] (in)
                                                         A[7] (net)
                      0.017805    0.000000    2.008699 ^ input8/A (sky130_fd_sc_hd__buf_2)
     8    0.027596    0.139043    0.165657    2.174356 ^ input8/X (sky130_fd_sc_hd__buf_2)
                                                         net8 (net)
                      0.139091    0.000710    2.175066 ^ _404_/B (sky130_fd_sc_hd__and3_1)
     2    0.005767    0.077138    0.189748    2.364814 ^ _404_/X (sky130_fd_sc_hd__and3_1)
                                                         _098_ (net)
                      0.077138    0.000022    2.364836 ^ _431_/B1 (sky130_fd_sc_hd__a21oi_1)
     2    0.008187    0.051420    0.066032    2.430868 v _431_/Y (sky130_fd_sc_hd__a21oi_1)
                                                         _124_ (net)
                      0.051420    0.000044    2.430912 v _432_/B (sky130_fd_sc_hd__nor2_1)
     2    0.005415    0.121930    0.116070    2.546982 ^ _432_/Y (sky130_fd_sc_hd__nor2_1)
                                                         _125_ (net)
                      0.121930    0.000027    2.547009 ^ _452_/A (sky130_fd_sc_hd__or3b_1)
     3    0.008708    0.087884    0.160996    2.708005 ^ _452_/X (sky130_fd_sc_hd__or3b_1)
                                                         _144_ (net)
                      0.087884    0.000032    2.708037 ^ _453_/B (sky130_fd_sc_hd__nand2b_1)
     1    0.004882    0.052668    0.072888    2.780925 v _453_/Y (sky130_fd_sc_hd__nand2b_1)
                                                         _145_ (net)
                      0.052668    0.000013    2.780938 v _457_/A (sky130_fd_sc_hd__xnor2_1)
     1    0.005821    0.056258    0.140140    2.921078 v _457_/Y (sky130_fd_sc_hd__xnor2_1)
                                                         net19 (net)
                      0.056258    0.000100    2.921179 v output19/A (sky130_fd_sc_hd__buf_2)
     1    0.034472    0.089698    0.185753    3.106931 v output19/X (sky130_fd_sc_hd__buf_2)
                                                         P[12] (net)
                      0.089698    0.000227    3.107159 v P[12] (out)
                                              3.107159   data arrival time

                      0.000000    0.000000    0.000000   clock __VIRTUAL_CLK__ (rise edge)
                                  0.000000    0.000000   clock network delay (ideal)
                                  0.250000    0.250000   clock uncertainty
                                  0.000000    0.250000   clock reconvergence pessimism
                                 -2.000000   -1.750000   output external delay
                                             -1.750000   data required time
---------------------------------------------------------------------------------------------
                                             -1.750000   data required time
                                             -3.107159   data arrival time
---------------------------------------------------------------------------------------------
                                              4.857158   slack (MET)



