Reading OpenROAD database at '/home/gmun/Downloads/Sin_Corregir/runs/mult8_2bits_1op_e17503/43-openroad-generatepdn/mult8_2bits_1op_e17503.odb'…
Reading library file at '/home/gmun/.volare/volare/sky130/versions/0fe599b2afb6708d281543108caf8310912f54af/sky130A/libs.ref/sky130_fd_sc_hd/lib/sky130_fd_sc_hd__tt_025C_1v80.lib'…
Reading design constraints file at '/nix/store/ss2cw3sxbrwwx9jl0rrppbw4kgcmgi2n-python3-3.11.9-env/lib/python3.11/site-packages/openlane/scripts/base.sdc'…
[WARNING STA-0366] port '__VIRTUAL_CLK__' not found.
[INFO] Using clock __VIRTUAL_CLK__…
[INFO] Setting output delay to: 2
[INFO] Setting input delay to: 2
[WARNING STA-0366] port '__VIRTUAL_CLK__' not found.
[INFO] Setting load to: 0.033442
[INFO] Setting clock uncertainty to: 0.25
[INFO] Setting clock transition to: 0.1499999999999999944488848768742172978818416595458984375
[WARNING STA-0419] transition time can not be specified for virtual clocks.
[INFO] Setting timing derate to: 5%
[WARNING STA-0450] virtual clock __VIRTUAL_CLK__ can not be propagated.
+ global_placement -density 0.1905066 -skip_io -pad_right 0 -pad_left 0 -init_wirelength_coef 0.25
[INFO GPL-0002] DBU: 1000
[INFO GPL-0003] SiteSize: (  0.460  2.720 ) um
[INFO GPL-0004] CoreBBox: (  5.520 10.880 ) ( 194.120 187.680 ) um
[INFO GPL-0006] NumInstances:               851
[INFO GPL-0007] NumPlaceInstances:          252
[INFO GPL-0008] NumFixedInstances:          599
[INFO GPL-0009] NumDummyInstances:            0
[INFO GPL-0010] NumNets:                    268
[INFO GPL-0011] NumPins:                    996
[INFO GPL-0012] DieBBox:  (  0.000  0.000 ) ( 200.000 200.000 ) um
[INFO GPL-0013] CoreBBox: (  5.520 10.880 ) ( 194.120 187.680 ) um
[INFO GPL-0016] CoreArea:             33344.480 um^2
[INFO GPL-0017] NonPlaceInstsArea:     1074.781 um^2
[INFO GPL-0018] PlaceInstsArea:        2431.082 um^2
[INFO GPL-0019] Util:                     7.534 %
[INFO GPL-0020] StdInstsArea:          2431.082 um^2
[INFO GPL-0021] MacroInstsArea:           0.000 um^2
[INFO GPL-0031] FillerInit:NumGCells:       642
[INFO GPL-0032] FillerInit:NumGNets:        268
[INFO GPL-0033] FillerInit:NumGPins:        996
[INFO GPL-0023] TargetDensity:            0.191
[INFO GPL-0024] AvrgPlaceInstArea:        9.647 um^2
[INFO GPL-0025] IdealBinArea:            50.639 um^2
[INFO GPL-0026] IdealBinCnt:                658
[INFO GPL-0027] TotalBinArea:         33344.480 um^2
[INFO GPL-0028] BinCnt:        16     16
[INFO GPL-0029] BinSize: ( 11.788 11.050 )
[INFO GPL-0030] NumBins: 256
[NesterovSolve] Iter:    1 overflow: 0.960 HPWL: 755037
[NesterovSolve] Iter:   10 overflow: 0.960 HPWL: 471096
[NesterovSolve] Iter:   20 overflow: 0.960 HPWL: 468865
[NesterovSolve] Iter:   30 overflow: 0.960 HPWL: 468743
[NesterovSolve] Iter:   40 overflow: 0.960 HPWL: 468682
[NesterovSolve] Iter:   50 overflow: 0.960 HPWL: 468700
[NesterovSolve] Iter:   60 overflow: 0.960 HPWL: 468823
[NesterovSolve] Iter:   70 overflow: 0.960 HPWL: 469628
[NesterovSolve] Iter:   80 overflow: 0.960 HPWL: 471435
[NesterovSolve] Iter:   90 overflow: 0.960 HPWL: 474796
[NesterovSolve] Iter:  100 overflow: 0.960 HPWL: 481043
[NesterovSolve] Iter:  110 overflow: 0.960 HPWL: 491536
[NesterovSolve] Iter:  120 overflow: 0.960 HPWL: 507357
[NesterovSolve] Iter:  130 overflow: 0.959 HPWL: 523954
[NesterovSolve] Iter:  140 overflow: 0.959 HPWL: 535486
[NesterovSolve] Iter:  150 overflow: 0.959 HPWL: 532576
[NesterovSolve] Iter:  160 overflow: 0.955 HPWL: 522570
[NesterovSolve] Iter:  170 overflow: 0.920 HPWL: 637067
[NesterovSolve] Iter:  180 overflow: 0.915 HPWL: 998886
[NesterovSolve] Iter:  190 overflow: 0.841 HPWL: 1427977
[NesterovSolve] Iter:  200 overflow: 0.804 HPWL: 1741029
[NesterovSolve] Iter:  210 overflow: 0.780 HPWL: 1907027
[NesterovSolve] Iter:  220 overflow: 0.730 HPWL: 2336536
[NesterovSolve] Iter:  230 overflow: 0.690 HPWL: 2564876
[NesterovSolve] Iter:  240 overflow: 0.647 HPWL: 2803841
[NesterovSolve] Iter:  250 overflow: 0.595 HPWL: 3173459
[NesterovSolve] Iter:  260 overflow: 0.552 HPWL: 3449978
[NesterovSolve] Iter:  270 overflow: 0.504 HPWL: 3695035
[NesterovSolve] Iter:  280 overflow: 0.453 HPWL: 3955346
[NesterovSolve] Iter:  290 overflow: 0.402 HPWL: 4219584
[NesterovSolve] Iter:  300 overflow: 0.355 HPWL: 4461261
[NesterovSolve] Iter:  310 overflow: 0.311 HPWL: 4599746
[NesterovSolve] Iter:  320 overflow: 0.276 HPWL: 4737459
[NesterovSolve] Iter:  330 overflow: 0.244 HPWL: 4865972
[NesterovSolve] Iter:  340 overflow: 0.208 HPWL: 4966282
[NesterovSolve] Iter:  350 overflow: 0.181 HPWL: 5070435
[NesterovSolve] Iter:  360 overflow: 0.157 HPWL: 5139582
[NesterovSolve] Iter:  370 overflow: 0.135 HPWL: 5211628
[NesterovSolve] Iter:  380 overflow: 0.114 HPWL: 5269868
[NesterovSolve] Finished with Overflow: 0.099800
[INFO] Setting RC values…
Setting global connections for newly added cells…
[INFO] Setting global connections...
Updating metrics…
Cell type report:                       Count       Area
  Fill cell                               130     487.97
  Tap cell                                469     586.81
  Buffer                                    2      10.01
  Inverter                                  5      18.77
  Multi-Input combinational cell          245    2402.30
  Total                                   851    3505.86
Writing OpenROAD database to '/home/gmun/Downloads/Sin_Corregir/runs/mult8_2bits_1op_e17503/46-openroad-globalplacementskipio/mult8_2bits_1op_e17503.odb'…
Writing netlist to '/home/gmun/Downloads/Sin_Corregir/runs/mult8_2bits_1op_e17503/46-openroad-globalplacementskipio/mult8_2bits_1op_e17503.nl.v'…
Writing powered netlist to '/home/gmun/Downloads/Sin_Corregir/runs/mult8_2bits_1op_e17503/46-openroad-globalplacementskipio/mult8_2bits_1op_e17503.pnl.v'…
Writing layout to '/home/gmun/Downloads/Sin_Corregir/runs/mult8_2bits_1op_e17503/46-openroad-globalplacementskipio/mult8_2bits_1op_e17503.def'…
Writing timing constraints to '/home/gmun/Downloads/Sin_Corregir/runs/mult8_2bits_1op_e17503/46-openroad-globalplacementskipio/mult8_2bits_1op_e17503.sdc'…
