
===========================================================================
report_checks -path_delay max (Setup)
============================================================================
======================= nom_ss_100C_1v60 Corner ===================================

Startpoint: B[3] (input port clocked by __VIRTUAL_CLK__)
Endpoint: P[14] (output port clocked by __VIRTUAL_CLK__)
Path Group: __VIRTUAL_CLK__
Path Type: max

Fanout         Cap        Slew       Delay        Time   Description
---------------------------------------------------------------------------------------------
                      0.000000    0.000000    0.000000   clock __VIRTUAL_CLK__ (rise edge)
                                  0.000000    0.000000   clock network delay (ideal)
                                  2.000000    2.000000 ^ input external delay
     1    0.003349    0.035907    0.018694    2.018694 ^ B[3] (in)
                                                         B[3] (net)
                      0.035907    0.000000    2.018694 ^ input12/A (sky130_fd_sc_hd__clkbuf_2)
     3    0.023381    0.206670    0.275462    2.294156 ^ input12/X (sky130_fd_sc_hd__clkbuf_2)
                                                         net12 (net)
                      0.206672    0.001068    2.295224 ^ fanout43/A (sky130_fd_sc_hd__buf_6)
    10    0.045206    0.155413    0.307967    2.603192 ^ fanout43/X (sky130_fd_sc_hd__buf_6)
                                                         net43 (net)
                      0.155416    0.000977    2.604168 ^ _233_/A (sky130_fd_sc_hd__nand4_4)
     6    0.019354    0.246268    0.253630    2.857798 v _233_/Y (sky130_fd_sc_hd__nand4_4)
                                                         _167_ (net)
                      0.246268    0.000543    2.858341 v rebuffer22/A (sky130_fd_sc_hd__buf_2)
     2    0.005459    0.055634    0.324089    3.182430 v rebuffer22/X (sky130_fd_sc_hd__buf_2)
                                                         net69 (net)
                      0.055634    0.000140    3.182570 v _237_/B1 (sky130_fd_sc_hd__a22o_1)
     3    0.008759    0.121372    0.377860    3.560430 v _237_/X (sky130_fd_sc_hd__a22o_1)
                                                         _171_ (net)
                      0.121372    0.000227    3.560657 v _272_/C (sky130_fd_sc_hd__and4_1)
     2    0.009460    0.126384    0.463996    4.024653 v _272_/X (sky130_fd_sc_hd__and4_1)
                                                         _205_ (net)
                      0.126384    0.000290    4.024943 v rebuffer5/A (sky130_fd_sc_hd__buf_6)
     1    0.008516    0.041918    0.233343    4.258286 v rebuffer5/X (sky130_fd_sc_hd__buf_6)
                                                         net52 (net)
                      0.041918    0.000166    4.258452 v _277_/A1 (sky130_fd_sc_hd__o31ai_4)
     3    0.014610    0.400743    0.489322    4.747774 ^ _277_/Y (sky130_fd_sc_hd__o31ai_4)
                                                         _210_ (net)
                      0.400743    0.000406    4.748180 ^ _313_/B1 (sky130_fd_sc_hd__o211ai_2)
     3    0.009329    0.201791    0.348505    5.096684 v _313_/Y (sky130_fd_sc_hd__o211ai_2)
                                                         _016_ (net)
                      0.201791    0.000308    5.096992 v _314_/B (sky130_fd_sc_hd__and3_1)
     2    0.006643    0.101921    0.431833    5.528826 v _314_/X (sky130_fd_sc_hd__and3_1)
                                                         _017_ (net)
                      0.101921    0.000187    5.529013 v _318_/A2 (sky130_fd_sc_hd__o211a_1)
     2    0.009097    0.125955    0.447431    5.976444 v _318_/X (sky130_fd_sc_hd__o211a_1)
                                                         _021_ (net)
                      0.125955    0.000234    5.976679 v _319_/A (sky130_fd_sc_hd__or2_4)
     2    0.009546    0.093771    0.511769    6.488448 v _319_/X (sky130_fd_sc_hd__or2_4)
                                                         _022_ (net)
                      0.093771    0.000211    6.488659 v _349_/A1 (sky130_fd_sc_hd__o32a_4)
     3    0.017179    0.145897    0.727395    7.216054 v _349_/X (sky130_fd_sc_hd__o32a_4)
                                                         _051_ (net)
                      0.145899    0.000882    7.216936 v _406_/C (sky130_fd_sc_hd__or4b_4)
     2    0.010717    0.175533    1.024362    8.241299 v _406_/X (sky130_fd_sc_hd__or4b_4)
                                                         _106_ (net)
                      0.175533    0.000410    8.241709 v _446_/A2_N (sky130_fd_sc_hd__o2bb2a_4)
     3    0.019118    0.121223    0.458867    8.700576 ^ _446_/X (sky130_fd_sc_hd__o2bb2a_4)
                                                         _144_ (net)
                      0.121233    0.001200    8.701776 ^ _457_/A2 (sky130_fd_sc_hd__o211a_4)
     3    0.014355    0.112325    0.368199    9.069974 ^ _457_/X (sky130_fd_sc_hd__o211a_4)
                                                         _154_ (net)
                      0.112325    0.000435    9.070410 ^ _463_/A (sky130_fd_sc_hd__xor2_1)
     1    0.005254    0.252047    0.299124    9.369534 ^ _463_/X (sky130_fd_sc_hd__xor2_1)
                                                         net22 (net)
                      0.252047    0.000157    9.369691 ^ output22/A (sky130_fd_sc_hd__buf_6)
     1    0.034066    0.122927    0.301974    9.671665 ^ output22/X (sky130_fd_sc_hd__buf_6)
                                                         P[14] (net)
                      0.122929    0.000705    9.672371 ^ P[14] (out)
                                              9.672371   data arrival time

                      0.000000   10.000000   10.000000   clock __VIRTUAL_CLK__ (rise edge)
                                  0.000000   10.000000   clock network delay (ideal)
                                 -0.250000    9.750000   clock uncertainty
                                  0.000000    9.750000   clock reconvergence pessimism
                                 -2.000000    7.750000   output external delay
                                              7.750000   data required time
---------------------------------------------------------------------------------------------
                                              7.750000   data required time
                                             -9.672371   data arrival time
---------------------------------------------------------------------------------------------
                                             -1.922371   slack (VIOLATED)


Startpoint: B[3] (input port clocked by __VIRTUAL_CLK__)
Endpoint: P[12] (output port clocked by __VIRTUAL_CLK__)
Path Group: __VIRTUAL_CLK__
Path Type: max

Fanout         Cap        Slew       Delay        Time   Description
---------------------------------------------------------------------------------------------
                      0.000000    0.000000    0.000000   clock __VIRTUAL_CLK__ (rise edge)
                                  0.000000    0.000000   clock network delay (ideal)
                                  2.000000    2.000000 ^ input external delay
     1    0.003349    0.035907    0.018694    2.018694 ^ B[3] (in)
                                                         B[3] (net)
                      0.035907    0.000000    2.018694 ^ input12/A (sky130_fd_sc_hd__clkbuf_2)
     3    0.023381    0.206670    0.275462    2.294156 ^ input12/X (sky130_fd_sc_hd__clkbuf_2)
                                                         net12 (net)
                      0.206672    0.001068    2.295224 ^ fanout43/A (sky130_fd_sc_hd__buf_6)
    10    0.045206    0.155413    0.307967    2.603192 ^ fanout43/X (sky130_fd_sc_hd__buf_6)
                                                         net43 (net)
                      0.155416    0.000977    2.604168 ^ _233_/A (sky130_fd_sc_hd__nand4_4)
     6    0.019354    0.246268    0.253630    2.857798 v _233_/Y (sky130_fd_sc_hd__nand4_4)
                                                         _167_ (net)
                      0.246268    0.000543    2.858341 v rebuffer22/A (sky130_fd_sc_hd__buf_2)
     2    0.005459    0.055634    0.324089    3.182430 v rebuffer22/X (sky130_fd_sc_hd__buf_2)
                                                         net69 (net)
                      0.055634    0.000140    3.182570 v _237_/B1 (sky130_fd_sc_hd__a22o_1)
     3    0.008759    0.121372    0.377860    3.560430 v _237_/X (sky130_fd_sc_hd__a22o_1)
                                                         _171_ (net)
                      0.121372    0.000227    3.560657 v _272_/C (sky130_fd_sc_hd__and4_1)
     2    0.009460    0.126384    0.463996    4.024653 v _272_/X (sky130_fd_sc_hd__and4_1)
                                                         _205_ (net)
                      0.126384    0.000290    4.024943 v rebuffer5/A (sky130_fd_sc_hd__buf_6)
     1    0.008516    0.041918    0.233343    4.258286 v rebuffer5/X (sky130_fd_sc_hd__buf_6)
                                                         net52 (net)
                      0.041918    0.000166    4.258452 v _277_/A1 (sky130_fd_sc_hd__o31ai_4)
     3    0.014610    0.400743    0.489322    4.747774 ^ _277_/Y (sky130_fd_sc_hd__o31ai_4)
                                                         _210_ (net)
                      0.400743    0.000406    4.748180 ^ _313_/B1 (sky130_fd_sc_hd__o211ai_2)
     3    0.009329    0.201791    0.348505    5.096684 v _313_/Y (sky130_fd_sc_hd__o211ai_2)
                                                         _016_ (net)
                      0.201791    0.000308    5.096992 v _314_/B (sky130_fd_sc_hd__and3_1)
     2    0.006643    0.101921    0.431833    5.528826 v _314_/X (sky130_fd_sc_hd__and3_1)
                                                         _017_ (net)
                      0.101921    0.000187    5.529013 v _318_/A2 (sky130_fd_sc_hd__o211a_1)
     2    0.009097    0.125955    0.447431    5.976444 v _318_/X (sky130_fd_sc_hd__o211a_1)
                                                         _021_ (net)
                      0.125955    0.000234    5.976679 v _319_/A (sky130_fd_sc_hd__or2_4)
     2    0.009546    0.093771    0.511769    6.488448 v _319_/X (sky130_fd_sc_hd__or2_4)
                                                         _022_ (net)
                      0.093771    0.000211    6.488659 v _349_/A1 (sky130_fd_sc_hd__o32a_4)
     3    0.017179    0.145897    0.727395    7.216054 v _349_/X (sky130_fd_sc_hd__o32a_4)
                                                         _051_ (net)
                      0.145899    0.000882    7.216936 v _406_/C (sky130_fd_sc_hd__or4b_4)
     2    0.010717    0.175533    1.024362    8.241299 v _406_/X (sky130_fd_sc_hd__or4b_4)
                                                         _106_ (net)
                      0.175533    0.000410    8.241709 v _446_/A2_N (sky130_fd_sc_hd__o2bb2a_4)
     3    0.019118    0.121223    0.458867    8.700576 ^ _446_/X (sky130_fd_sc_hd__o2bb2a_4)
                                                         _144_ (net)
                      0.121233    0.001226    8.701801 ^ rebuffer37/A (sky130_fd_sc_hd__dlymetal6s2s_1)
     1    0.018139    0.301309    0.352257    9.054058 ^ rebuffer37/X (sky130_fd_sc_hd__dlymetal6s2s_1)
                                                         net84 (net)
                      0.301309    0.000411    9.054469 ^ _447_/A (sky130_fd_sc_hd__xnor2_4)
     1    0.007835    0.203263    0.286666    9.341135 ^ _447_/Y (sky130_fd_sc_hd__xnor2_4)
                                                         net20 (net)
                      0.203263    0.000318    9.341454 ^ output20/A (sky130_fd_sc_hd__buf_6)
     1    0.034132    0.122716    0.283004    9.624457 ^ output20/X (sky130_fd_sc_hd__buf_6)
                                                         P[12] (net)
                      0.122717    0.000676    9.625133 ^ P[12] (out)
                                              9.625133   data arrival time

                      0.000000   10.000000   10.000000   clock __VIRTUAL_CLK__ (rise edge)
                                  0.000000   10.000000   clock network delay (ideal)
                                 -0.250000    9.750000   clock uncertainty
                                  0.000000    9.750000   clock reconvergence pessimism
                                 -2.000000    7.750000   output external delay
                                              7.750000   data required time
---------------------------------------------------------------------------------------------
                                              7.750000   data required time
                                             -9.625133   data arrival time
---------------------------------------------------------------------------------------------
                                             -1.875133   slack (VIOLATED)


Startpoint: B[3] (input port clocked by __VIRTUAL_CLK__)
Endpoint: P[15] (output port clocked by __VIRTUAL_CLK__)
Path Group: __VIRTUAL_CLK__
Path Type: max

Fanout         Cap        Slew       Delay        Time   Description
---------------------------------------------------------------------------------------------
                      0.000000    0.000000    0.000000   clock __VIRTUAL_CLK__ (rise edge)
                                  0.000000    0.000000   clock network delay (ideal)
                                  2.000000    2.000000 ^ input external delay
     1    0.003349    0.035907    0.018694    2.018694 ^ B[3] (in)
                                                         B[3] (net)
                      0.035907    0.000000    2.018694 ^ input12/A (sky130_fd_sc_hd__clkbuf_2)
     3    0.023381    0.206670    0.275462    2.294156 ^ input12/X (sky130_fd_sc_hd__clkbuf_2)
                                                         net12 (net)
                      0.206672    0.001068    2.295224 ^ fanout43/A (sky130_fd_sc_hd__buf_6)
    10    0.045206    0.155413    0.307967    2.603192 ^ fanout43/X (sky130_fd_sc_hd__buf_6)
                                                         net43 (net)
                      0.155416    0.000977    2.604168 ^ _233_/A (sky130_fd_sc_hd__nand4_4)
     6    0.019354    0.246268    0.253630    2.857798 v _233_/Y (sky130_fd_sc_hd__nand4_4)
                                                         _167_ (net)
                      0.246268    0.000543    2.858341 v rebuffer22/A (sky130_fd_sc_hd__buf_2)
     2    0.005459    0.055634    0.324089    3.182430 v rebuffer22/X (sky130_fd_sc_hd__buf_2)
                                                         net69 (net)
                      0.055634    0.000140    3.182570 v _237_/B1 (sky130_fd_sc_hd__a22o_1)
     3    0.008759    0.121372    0.377860    3.560430 v _237_/X (sky130_fd_sc_hd__a22o_1)
                                                         _171_ (net)
                      0.121372    0.000227    3.560657 v _272_/C (sky130_fd_sc_hd__and4_1)
     2    0.009460    0.126384    0.463996    4.024653 v _272_/X (sky130_fd_sc_hd__and4_1)
                                                         _205_ (net)
                      0.126384    0.000290    4.024943 v rebuffer5/A (sky130_fd_sc_hd__buf_6)
     1    0.008516    0.041918    0.233343    4.258286 v rebuffer5/X (sky130_fd_sc_hd__buf_6)
                                                         net52 (net)
                      0.041918    0.000166    4.258452 v _277_/A1 (sky130_fd_sc_hd__o31ai_4)
     3    0.014610    0.400743    0.489322    4.747774 ^ _277_/Y (sky130_fd_sc_hd__o31ai_4)
                                                         _210_ (net)
                      0.400743    0.000406    4.748180 ^ _313_/B1 (sky130_fd_sc_hd__o211ai_2)
     3    0.009329    0.201791    0.348505    5.096684 v _313_/Y (sky130_fd_sc_hd__o211ai_2)
                                                         _016_ (net)
                      0.201791    0.000308    5.096992 v _314_/B (sky130_fd_sc_hd__and3_1)
     2    0.006643    0.101921    0.431833    5.528826 v _314_/X (sky130_fd_sc_hd__and3_1)
                                                         _017_ (net)
                      0.101921    0.000187    5.529013 v _318_/A2 (sky130_fd_sc_hd__o211a_1)
     2    0.009097    0.125955    0.447431    5.976444 v _318_/X (sky130_fd_sc_hd__o211a_1)
                                                         _021_ (net)
                      0.125955    0.000234    5.976679 v _319_/A (sky130_fd_sc_hd__or2_4)
     2    0.009546    0.093771    0.511769    6.488448 v _319_/X (sky130_fd_sc_hd__or2_4)
                                                         _022_ (net)
                      0.093771    0.000211    6.488659 v _349_/A1 (sky130_fd_sc_hd__o32a_4)
     3    0.017179    0.145897    0.727395    7.216054 v _349_/X (sky130_fd_sc_hd__o32a_4)
                                                         _051_ (net)
                      0.145899    0.000882    7.216936 v _406_/C (sky130_fd_sc_hd__or4b_4)
     2    0.010717    0.175533    1.024362    8.241299 v _406_/X (sky130_fd_sc_hd__or4b_4)
                                                         _106_ (net)
                      0.175533    0.000410    8.241709 v _446_/A2_N (sky130_fd_sc_hd__o2bb2a_4)
     3    0.019118    0.121223    0.458867    8.700576 ^ _446_/X (sky130_fd_sc_hd__o2bb2a_4)
                                                         _144_ (net)
                      0.121233    0.001200    8.701776 ^ _457_/A2 (sky130_fd_sc_hd__o211a_4)
     3    0.014355    0.112325    0.368199    9.069974 ^ _457_/X (sky130_fd_sc_hd__o211a_4)
                                                         _154_ (net)
                      0.112325    0.000389    9.070363 ^ _465_/A2 (sky130_fd_sc_hd__a21o_1)
     1    0.005549    0.098664    0.255657    9.326020 ^ _465_/X (sky130_fd_sc_hd__a21o_1)
                                                         net23 (net)
                      0.098664    0.000123    9.326143 ^ output23/A (sky130_fd_sc_hd__buf_6)
     1    0.034057    0.122180    0.235268    9.561411 ^ output23/X (sky130_fd_sc_hd__buf_6)
                                                         P[15] (net)
                      0.122182    0.000705    9.562116 ^ P[15] (out)
                                              9.562116   data arrival time

                      0.000000   10.000000   10.000000   clock __VIRTUAL_CLK__ (rise edge)
                                  0.000000   10.000000   clock network delay (ideal)
                                 -0.250000    9.750000   clock uncertainty
                                  0.000000    9.750000   clock reconvergence pessimism
                                 -2.000000    7.750000   output external delay
                                              7.750000   data required time
---------------------------------------------------------------------------------------------
                                              7.750000   data required time
                                             -9.562116   data arrival time
---------------------------------------------------------------------------------------------
                                             -1.812116   slack (VIOLATED)


Startpoint: B[3] (input port clocked by __VIRTUAL_CLK__)
Endpoint: P[11] (output port clocked by __VIRTUAL_CLK__)
Path Group: __VIRTUAL_CLK__
Path Type: max

Fanout         Cap        Slew       Delay        Time   Description
---------------------------------------------------------------------------------------------
                      0.000000    0.000000    0.000000   clock __VIRTUAL_CLK__ (rise edge)
                                  0.000000    0.000000   clock network delay (ideal)
                                  2.000000    2.000000 ^ input external delay
     1    0.003349    0.035907    0.018694    2.018694 ^ B[3] (in)
                                                         B[3] (net)
                      0.035907    0.000000    2.018694 ^ input12/A (sky130_fd_sc_hd__clkbuf_2)
     3    0.023381    0.206670    0.275462    2.294156 ^ input12/X (sky130_fd_sc_hd__clkbuf_2)
                                                         net12 (net)
                      0.206672    0.001068    2.295224 ^ fanout43/A (sky130_fd_sc_hd__buf_6)
    10    0.045206    0.155413    0.307967    2.603192 ^ fanout43/X (sky130_fd_sc_hd__buf_6)
                                                         net43 (net)
                      0.155416    0.000977    2.604168 ^ _233_/A (sky130_fd_sc_hd__nand4_4)
     6    0.019354    0.246268    0.253630    2.857798 v _233_/Y (sky130_fd_sc_hd__nand4_4)
                                                         _167_ (net)
                      0.246268    0.000543    2.858341 v rebuffer22/A (sky130_fd_sc_hd__buf_2)
     2    0.005459    0.055634    0.324089    3.182430 v rebuffer22/X (sky130_fd_sc_hd__buf_2)
                                                         net69 (net)
                      0.055634    0.000140    3.182570 v _237_/B1 (sky130_fd_sc_hd__a22o_1)
     3    0.008759    0.121372    0.377860    3.560430 v _237_/X (sky130_fd_sc_hd__a22o_1)
                                                         _171_ (net)
                      0.121372    0.000227    3.560657 v _272_/C (sky130_fd_sc_hd__and4_1)
     2    0.009460    0.126384    0.463996    4.024653 v _272_/X (sky130_fd_sc_hd__and4_1)
                                                         _205_ (net)
                      0.126384    0.000290    4.024943 v rebuffer5/A (sky130_fd_sc_hd__buf_6)
     1    0.008516    0.041918    0.233343    4.258286 v rebuffer5/X (sky130_fd_sc_hd__buf_6)
                                                         net52 (net)
                      0.041918    0.000166    4.258452 v _277_/A1 (sky130_fd_sc_hd__o31ai_4)
     3    0.014610    0.400743    0.489322    4.747774 ^ _277_/Y (sky130_fd_sc_hd__o31ai_4)
                                                         _210_ (net)
                      0.400743    0.000406    4.748180 ^ _313_/B1 (sky130_fd_sc_hd__o211ai_2)
     3    0.009329    0.201791    0.348505    5.096684 v _313_/Y (sky130_fd_sc_hd__o211ai_2)
                                                         _016_ (net)
                      0.201791    0.000308    5.096992 v _314_/B (sky130_fd_sc_hd__and3_1)
     2    0.006643    0.101921    0.431833    5.528826 v _314_/X (sky130_fd_sc_hd__and3_1)
                                                         _017_ (net)
                      0.101921    0.000187    5.529013 v _318_/A2 (sky130_fd_sc_hd__o211a_1)
     2    0.009097    0.125955    0.447431    5.976444 v _318_/X (sky130_fd_sc_hd__o211a_1)
                                                         _021_ (net)
                      0.125955    0.000234    5.976679 v _319_/A (sky130_fd_sc_hd__or2_4)
     2    0.009546    0.093771    0.511769    6.488448 v _319_/X (sky130_fd_sc_hd__or2_4)
                                                         _022_ (net)
                      0.093771    0.000211    6.488659 v _349_/A1 (sky130_fd_sc_hd__o32a_4)
     3    0.017179    0.145897    0.727395    7.216054 v _349_/X (sky130_fd_sc_hd__o32a_4)
                                                         _051_ (net)
                      0.145899    0.000882    7.216936 v _406_/C (sky130_fd_sc_hd__or4b_4)
     2    0.010717    0.175533    1.024362    8.241299 v _406_/X (sky130_fd_sc_hd__or4b_4)
                                                         _106_ (net)
                      0.175533    0.000213    8.241511 v _408_/B (sky130_fd_sc_hd__nand3_1)
     2    0.013759    0.260515    0.299226    8.540738 ^ _408_/Y (sky130_fd_sc_hd__nand3_1)
                                                         _108_ (net)
                      0.260600    0.000361    8.541100 ^ _428_/A2 (sky130_fd_sc_hd__a21bo_1)
     1    0.005523    0.095912    0.302143    8.843243 ^ _428_/X (sky130_fd_sc_hd__a21bo_1)
                                                         _127_ (net)
                      0.095912    0.000182    8.843425 ^ _429_/B (sky130_fd_sc_hd__xnor2_1)
     1    0.010469    0.434525    0.284591    9.128016 ^ _429_/Y (sky130_fd_sc_hd__xnor2_1)
                                                         net19 (net)
                      0.434526    0.000581    9.128597 ^ output19/A (sky130_fd_sc_hd__buf_6)
     1    0.034743    0.127085    0.366736    9.495333 ^ output19/X (sky130_fd_sc_hd__buf_6)
                                                         P[11] (net)
                      0.127089    0.000877    9.496209 ^ P[11] (out)
                                              9.496209   data arrival time

                      0.000000   10.000000   10.000000   clock __VIRTUAL_CLK__ (rise edge)
                                  0.000000   10.000000   clock network delay (ideal)
                                 -0.250000    9.750000   clock uncertainty
                                  0.000000    9.750000   clock reconvergence pessimism
                                 -2.000000    7.750000   output external delay
                                              7.750000   data required time
---------------------------------------------------------------------------------------------
                                              7.750000   data required time
                                             -9.496209   data arrival time
---------------------------------------------------------------------------------------------
                                             -1.746210   slack (VIOLATED)


Startpoint: B[3] (input port clocked by __VIRTUAL_CLK__)
Endpoint: P[13] (output port clocked by __VIRTUAL_CLK__)
Path Group: __VIRTUAL_CLK__
Path Type: max

Fanout         Cap        Slew       Delay        Time   Description
---------------------------------------------------------------------------------------------
                      0.000000    0.000000    0.000000   clock __VIRTUAL_CLK__ (rise edge)
                                  0.000000    0.000000   clock network delay (ideal)
                                  2.000000    2.000000 ^ input external delay
     1    0.003349    0.035907    0.018694    2.018694 ^ B[3] (in)
                                                         B[3] (net)
                      0.035907    0.000000    2.018694 ^ input12/A (sky130_fd_sc_hd__clkbuf_2)
     3    0.023381    0.206670    0.275462    2.294156 ^ input12/X (sky130_fd_sc_hd__clkbuf_2)
                                                         net12 (net)
                      0.206672    0.001068    2.295224 ^ fanout43/A (sky130_fd_sc_hd__buf_6)
    10    0.045206    0.155413    0.307967    2.603192 ^ fanout43/X (sky130_fd_sc_hd__buf_6)
                                                         net43 (net)
                      0.155416    0.000977    2.604168 ^ _233_/A (sky130_fd_sc_hd__nand4_4)
     6    0.019354    0.246268    0.253630    2.857798 v _233_/Y (sky130_fd_sc_hd__nand4_4)
                                                         _167_ (net)
                      0.246268    0.000543    2.858341 v rebuffer22/A (sky130_fd_sc_hd__buf_2)
     2    0.005459    0.055634    0.324089    3.182430 v rebuffer22/X (sky130_fd_sc_hd__buf_2)
                                                         net69 (net)
                      0.055634    0.000140    3.182570 v _237_/B1 (sky130_fd_sc_hd__a22o_1)
     3    0.008759    0.121372    0.377860    3.560430 v _237_/X (sky130_fd_sc_hd__a22o_1)
                                                         _171_ (net)
                      0.121372    0.000227    3.560657 v _272_/C (sky130_fd_sc_hd__and4_1)
     2    0.009460    0.126384    0.463996    4.024653 v _272_/X (sky130_fd_sc_hd__and4_1)
                                                         _205_ (net)
                      0.126384    0.000290    4.024943 v rebuffer5/A (sky130_fd_sc_hd__buf_6)
     1    0.008516    0.041918    0.233343    4.258286 v rebuffer5/X (sky130_fd_sc_hd__buf_6)
                                                         net52 (net)
                      0.041918    0.000166    4.258452 v _277_/A1 (sky130_fd_sc_hd__o31ai_4)
     3    0.014610    0.400743    0.489322    4.747774 ^ _277_/Y (sky130_fd_sc_hd__o31ai_4)
                                                         _210_ (net)
                      0.400743    0.000406    4.748180 ^ _313_/B1 (sky130_fd_sc_hd__o211ai_2)
     3    0.009329    0.201791    0.348505    5.096684 v _313_/Y (sky130_fd_sc_hd__o211ai_2)
                                                         _016_ (net)
                      0.201791    0.000308    5.096992 v _314_/B (sky130_fd_sc_hd__and3_1)
     2    0.006643    0.101921    0.431833    5.528826 v _314_/X (sky130_fd_sc_hd__and3_1)
                                                         _017_ (net)
                      0.101921    0.000187    5.529013 v _318_/A2 (sky130_fd_sc_hd__o211a_1)
     2    0.009097    0.125955    0.447431    5.976444 v _318_/X (sky130_fd_sc_hd__o211a_1)
                                                         _021_ (net)
                      0.125955    0.000234    5.976679 v _319_/A (sky130_fd_sc_hd__or2_4)
     2    0.009546    0.093771    0.511769    6.488448 v _319_/X (sky130_fd_sc_hd__or2_4)
                                                         _022_ (net)
                      0.093771    0.000211    6.488659 v _349_/A1 (sky130_fd_sc_hd__o32a_4)
     3    0.017179    0.145897    0.727395    7.216054 v _349_/X (sky130_fd_sc_hd__o32a_4)
                                                         _051_ (net)
                      0.145899    0.000882    7.216936 v _406_/C (sky130_fd_sc_hd__or4b_4)
     2    0.010717    0.175533    1.024362    8.241299 v _406_/X (sky130_fd_sc_hd__or4b_4)
                                                         _106_ (net)
                      0.175533    0.000410    8.241709 v _446_/A2_N (sky130_fd_sc_hd__o2bb2a_4)
     3    0.019118    0.121223    0.458867    8.700576 ^ _446_/X (sky130_fd_sc_hd__o2bb2a_4)
                                                         _144_ (net)
                      0.121233    0.001200    8.701776 ^ _457_/A2 (sky130_fd_sc_hd__o211a_4)
     3    0.014355    0.112325    0.368199    9.069974 ^ _457_/X (sky130_fd_sc_hd__o211a_4)
                                                         _154_ (net)
                      0.112325    0.000372    9.070347 ^ _458_/B (sky130_fd_sc_hd__nor2_2)
     1    0.007085    0.100642    0.088478    9.158824 v _458_/Y (sky130_fd_sc_hd__nor2_2)
                                                         net21 (net)
                      0.100642    0.000282    9.159106 v output21/A (sky130_fd_sc_hd__buf_6)
     1    0.034089    0.075721    0.261303    9.420409 v output21/X (sky130_fd_sc_hd__buf_6)
                                                         P[13] (net)
                      0.075727    0.000705    9.421115 v P[13] (out)
                                              9.421115   data arrival time

                      0.000000   10.000000   10.000000   clock __VIRTUAL_CLK__ (rise edge)
                                  0.000000   10.000000   clock network delay (ideal)
                                 -0.250000    9.750000   clock uncertainty
                                  0.000000    9.750000   clock reconvergence pessimism
                                 -2.000000    7.750000   output external delay
                                              7.750000   data required time
---------------------------------------------------------------------------------------------
                                              7.750000   data required time
                                             -9.421115   data arrival time
---------------------------------------------------------------------------------------------
                                             -1.671115   slack (VIOLATED)


Startpoint: B[3] (input port clocked by __VIRTUAL_CLK__)
Endpoint: P[10] (output port clocked by __VIRTUAL_CLK__)
Path Group: __VIRTUAL_CLK__
Path Type: max

Fanout         Cap        Slew       Delay        Time   Description
---------------------------------------------------------------------------------------------
                      0.000000    0.000000    0.000000   clock __VIRTUAL_CLK__ (rise edge)
                                  0.000000    0.000000   clock network delay (ideal)
                                  2.000000    2.000000 ^ input external delay
     1    0.003349    0.035907    0.018694    2.018694 ^ B[3] (in)
                                                         B[3] (net)
                      0.035907    0.000000    2.018694 ^ input12/A (sky130_fd_sc_hd__clkbuf_2)
     3    0.023381    0.206670    0.275462    2.294156 ^ input12/X (sky130_fd_sc_hd__clkbuf_2)
                                                         net12 (net)
                      0.206672    0.001068    2.295224 ^ fanout43/A (sky130_fd_sc_hd__buf_6)
    10    0.045206    0.155413    0.307967    2.603192 ^ fanout43/X (sky130_fd_sc_hd__buf_6)
                                                         net43 (net)
                      0.155416    0.000977    2.604168 ^ _233_/A (sky130_fd_sc_hd__nand4_4)
     6    0.019354    0.246268    0.253630    2.857798 v _233_/Y (sky130_fd_sc_hd__nand4_4)
                                                         _167_ (net)
                      0.246268    0.000543    2.858341 v rebuffer22/A (sky130_fd_sc_hd__buf_2)
     2    0.005459    0.055634    0.324089    3.182430 v rebuffer22/X (sky130_fd_sc_hd__buf_2)
                                                         net69 (net)
                      0.055634    0.000140    3.182570 v _237_/B1 (sky130_fd_sc_hd__a22o_1)
     3    0.008759    0.121372    0.377860    3.560430 v _237_/X (sky130_fd_sc_hd__a22o_1)
                                                         _171_ (net)
                      0.121372    0.000227    3.560657 v _272_/C (sky130_fd_sc_hd__and4_1)
     2    0.009460    0.126384    0.463996    4.024653 v _272_/X (sky130_fd_sc_hd__and4_1)
                                                         _205_ (net)
                      0.126384    0.000290    4.024943 v rebuffer5/A (sky130_fd_sc_hd__buf_6)
     1    0.008516    0.041918    0.233343    4.258286 v rebuffer5/X (sky130_fd_sc_hd__buf_6)
                                                         net52 (net)
                      0.041918    0.000166    4.258452 v _277_/A1 (sky130_fd_sc_hd__o31ai_4)
     3    0.014610    0.400743    0.489322    4.747774 ^ _277_/Y (sky130_fd_sc_hd__o31ai_4)
                                                         _210_ (net)
                      0.400743    0.000406    4.748180 ^ _313_/B1 (sky130_fd_sc_hd__o211ai_2)
     3    0.009329    0.201791    0.348505    5.096684 v _313_/Y (sky130_fd_sc_hd__o211ai_2)
                                                         _016_ (net)
                      0.201791    0.000308    5.096992 v _314_/B (sky130_fd_sc_hd__and3_1)
     2    0.006643    0.101921    0.431833    5.528826 v _314_/X (sky130_fd_sc_hd__and3_1)
                                                         _017_ (net)
                      0.101921    0.000187    5.529013 v _318_/A2 (sky130_fd_sc_hd__o211a_1)
     2    0.009097    0.125955    0.447431    5.976444 v _318_/X (sky130_fd_sc_hd__o211a_1)
                                                         _021_ (net)
                      0.125955    0.000234    5.976679 v _319_/A (sky130_fd_sc_hd__or2_4)
     2    0.009546    0.093771    0.511769    6.488448 v _319_/X (sky130_fd_sc_hd__or2_4)
                                                         _022_ (net)
                      0.093771    0.000211    6.488659 v _349_/A1 (sky130_fd_sc_hd__o32a_4)
     3    0.017179    0.145897    0.727395    7.216054 v _349_/X (sky130_fd_sc_hd__o32a_4)
                                                         _051_ (net)
                      0.145899    0.000882    7.216936 v _406_/C (sky130_fd_sc_hd__or4b_4)
     2    0.010717    0.175533    1.024362    8.241299 v _406_/X (sky130_fd_sc_hd__or4b_4)
                                                         _106_ (net)
                      0.175533    0.000213    8.241511 v _408_/B (sky130_fd_sc_hd__nand3_1)
     2    0.013759    0.260515    0.299226    8.540738 ^ _408_/Y (sky130_fd_sc_hd__nand3_1)
                                                         _108_ (net)
                      0.260600    0.000456    8.541194 ^ _409_/B (sky130_fd_sc_hd__xnor2_2)
     1    0.010518    0.296040    0.299993    8.841187 ^ _409_/Y (sky130_fd_sc_hd__xnor2_2)
                                                         net18 (net)
                      0.296040    0.000616    8.841803 ^ output18/A (sky130_fd_sc_hd__buf_6)
     1    0.035193    0.126765    0.319549    9.161351 ^ output18/X (sky130_fd_sc_hd__buf_6)
                                                         P[10] (net)
                      0.126770    0.000957    9.162308 ^ P[10] (out)
                                              9.162308   data arrival time

                      0.000000   10.000000   10.000000   clock __VIRTUAL_CLK__ (rise edge)
                                  0.000000   10.000000   clock network delay (ideal)
                                 -0.250000    9.750000   clock uncertainty
                                  0.000000    9.750000   clock reconvergence pessimism
                                 -2.000000    7.750000   output external delay
                                              7.750000   data required time
---------------------------------------------------------------------------------------------
                                              7.750000   data required time
                                             -9.162308   data arrival time
---------------------------------------------------------------------------------------------
                                             -1.412308   slack (VIOLATED)


Startpoint: B[3] (input port clocked by __VIRTUAL_CLK__)
Endpoint: P[9] (output port clocked by __VIRTUAL_CLK__)
Path Group: __VIRTUAL_CLK__
Path Type: max

Fanout         Cap        Slew       Delay        Time   Description
---------------------------------------------------------------------------------------------
                      0.000000    0.000000    0.000000   clock __VIRTUAL_CLK__ (rise edge)
                                  0.000000    0.000000   clock network delay (ideal)
                                  2.000000    2.000000 ^ input external delay
     1    0.003349    0.035907    0.018694    2.018694 ^ B[3] (in)
                                                         B[3] (net)
                      0.035907    0.000000    2.018694 ^ input12/A (sky130_fd_sc_hd__clkbuf_2)
     3    0.023381    0.206670    0.275462    2.294156 ^ input12/X (sky130_fd_sc_hd__clkbuf_2)
                                                         net12 (net)
                      0.206672    0.001068    2.295224 ^ fanout43/A (sky130_fd_sc_hd__buf_6)
    10    0.045206    0.155413    0.307967    2.603192 ^ fanout43/X (sky130_fd_sc_hd__buf_6)
                                                         net43 (net)
                      0.155416    0.000977    2.604168 ^ _233_/A (sky130_fd_sc_hd__nand4_4)
     6    0.019354    0.246268    0.253630    2.857798 v _233_/Y (sky130_fd_sc_hd__nand4_4)
                                                         _167_ (net)
                      0.246268    0.000543    2.858341 v rebuffer22/A (sky130_fd_sc_hd__buf_2)
     2    0.005459    0.055634    0.324089    3.182430 v rebuffer22/X (sky130_fd_sc_hd__buf_2)
                                                         net69 (net)
                      0.055634    0.000140    3.182570 v _237_/B1 (sky130_fd_sc_hd__a22o_1)
     3    0.008759    0.121372    0.377860    3.560430 v _237_/X (sky130_fd_sc_hd__a22o_1)
                                                         _171_ (net)
                      0.121372    0.000227    3.560657 v _272_/C (sky130_fd_sc_hd__and4_1)
     2    0.009460    0.126384    0.463996    4.024653 v _272_/X (sky130_fd_sc_hd__and4_1)
                                                         _205_ (net)
                      0.126384    0.000290    4.024943 v rebuffer5/A (sky130_fd_sc_hd__buf_6)
     1    0.008516    0.041918    0.233343    4.258286 v rebuffer5/X (sky130_fd_sc_hd__buf_6)
                                                         net52 (net)
                      0.041918    0.000166    4.258452 v _277_/A1 (sky130_fd_sc_hd__o31ai_4)
     3    0.014610    0.400743    0.489322    4.747774 ^ _277_/Y (sky130_fd_sc_hd__o31ai_4)
                                                         _210_ (net)
                      0.400743    0.000406    4.748180 ^ _313_/B1 (sky130_fd_sc_hd__o211ai_2)
     3    0.009329    0.201791    0.348505    5.096684 v _313_/Y (sky130_fd_sc_hd__o211ai_2)
                                                         _016_ (net)
                      0.201791    0.000308    5.096992 v _314_/B (sky130_fd_sc_hd__and3_1)
     2    0.006643    0.101921    0.431833    5.528826 v _314_/X (sky130_fd_sc_hd__and3_1)
                                                         _017_ (net)
                      0.101921    0.000187    5.529013 v _318_/A2 (sky130_fd_sc_hd__o211a_1)
     2    0.009097    0.125955    0.447431    5.976444 v _318_/X (sky130_fd_sc_hd__o211a_1)
                                                         _021_ (net)
                      0.125955    0.000234    5.976679 v _319_/A (sky130_fd_sc_hd__or2_4)
     2    0.009546    0.093771    0.511769    6.488448 v _319_/X (sky130_fd_sc_hd__or2_4)
                                                         _022_ (net)
                      0.093771    0.000211    6.488659 v _349_/A1 (sky130_fd_sc_hd__o32a_4)
     3    0.017179    0.145897    0.727395    7.216054 v _349_/X (sky130_fd_sc_hd__o32a_4)
                                                         _051_ (net)
                      0.145898    0.000819    7.216873 v _375_/A2 (sky130_fd_sc_hd__o21ba_1)
     1    0.008780    0.114752    0.391822    7.608695 v _375_/X (sky130_fd_sc_hd__o21ba_1)
                                                         _076_ (net)
                      0.114752    0.000274    7.608969 v _376_/B (sky130_fd_sc_hd__xnor2_2)
     1    0.010392    0.282654    0.298514    7.907483 ^ _376_/Y (sky130_fd_sc_hd__xnor2_2)
                                                         net32 (net)
                      0.282654    0.000600    7.908083 ^ output32/A (sky130_fd_sc_hd__buf_6)
     1    0.034791    0.125425    0.314076    8.222159 ^ output32/X (sky130_fd_sc_hd__buf_6)
                                                         P[9] (net)
                      0.125429    0.000878    8.223038 ^ P[9] (out)
                                              8.223038   data arrival time

                      0.000000   10.000000   10.000000   clock __VIRTUAL_CLK__ (rise edge)
                                  0.000000   10.000000   clock network delay (ideal)
                                 -0.250000    9.750000   clock uncertainty
                                  0.000000    9.750000   clock reconvergence pessimism
                                 -2.000000    7.750000   output external delay
                                              7.750000   data required time
---------------------------------------------------------------------------------------------
                                              7.750000   data required time
                                             -8.223038   data arrival time
---------------------------------------------------------------------------------------------
                                             -0.473038   slack (VIOLATED)


Startpoint: B[3] (input port clocked by __VIRTUAL_CLK__)
Endpoint: P[8] (output port clocked by __VIRTUAL_CLK__)
Path Group: __VIRTUAL_CLK__
Path Type: max

Fanout         Cap        Slew       Delay        Time   Description
---------------------------------------------------------------------------------------------
                      0.000000    0.000000    0.000000   clock __VIRTUAL_CLK__ (rise edge)
                                  0.000000    0.000000   clock network delay (ideal)
                                  2.000000    2.000000 ^ input external delay
     1    0.003349    0.035907    0.018694    2.018694 ^ B[3] (in)
                                                         B[3] (net)
                      0.035907    0.000000    2.018694 ^ input12/A (sky130_fd_sc_hd__clkbuf_2)
     3    0.023381    0.206670    0.275462    2.294156 ^ input12/X (sky130_fd_sc_hd__clkbuf_2)
                                                         net12 (net)
                      0.206672    0.001068    2.295224 ^ fanout43/A (sky130_fd_sc_hd__buf_6)
    10    0.045206    0.155413    0.307967    2.603192 ^ fanout43/X (sky130_fd_sc_hd__buf_6)
                                                         net43 (net)
                      0.155416    0.000977    2.604168 ^ _233_/A (sky130_fd_sc_hd__nand4_4)
     6    0.019354    0.246268    0.253630    2.857798 v _233_/Y (sky130_fd_sc_hd__nand4_4)
                                                         _167_ (net)
                      0.246268    0.000543    2.858341 v rebuffer22/A (sky130_fd_sc_hd__buf_2)
     2    0.005459    0.055634    0.324089    3.182430 v rebuffer22/X (sky130_fd_sc_hd__buf_2)
                                                         net69 (net)
                      0.055634    0.000140    3.182570 v _237_/B1 (sky130_fd_sc_hd__a22o_1)
     3    0.008759    0.121372    0.377860    3.560430 v _237_/X (sky130_fd_sc_hd__a22o_1)
                                                         _171_ (net)
                      0.121372    0.000227    3.560657 v _272_/C (sky130_fd_sc_hd__and4_1)
     2    0.009460    0.126384    0.463996    4.024653 v _272_/X (sky130_fd_sc_hd__and4_1)
                                                         _205_ (net)
                      0.126384    0.000290    4.024943 v rebuffer5/A (sky130_fd_sc_hd__buf_6)
     1    0.008516    0.041918    0.233343    4.258286 v rebuffer5/X (sky130_fd_sc_hd__buf_6)
                                                         net52 (net)
                      0.041918    0.000166    4.258452 v _277_/A1 (sky130_fd_sc_hd__o31ai_4)
     3    0.014610    0.400743    0.489322    4.747774 ^ _277_/Y (sky130_fd_sc_hd__o31ai_4)
                                                         _210_ (net)
                      0.400743    0.000406    4.748180 ^ _313_/B1 (sky130_fd_sc_hd__o211ai_2)
     3    0.009329    0.201791    0.348505    5.096684 v _313_/Y (sky130_fd_sc_hd__o211ai_2)
                                                         _016_ (net)
                      0.201791    0.000308    5.096992 v _314_/B (sky130_fd_sc_hd__and3_1)
     2    0.006643    0.101921    0.431833    5.528826 v _314_/X (sky130_fd_sc_hd__and3_1)
                                                         _017_ (net)
                      0.101921    0.000187    5.529013 v _318_/A2 (sky130_fd_sc_hd__o211a_1)
     2    0.009097    0.125955    0.447431    5.976444 v _318_/X (sky130_fd_sc_hd__o211a_1)
                                                         _021_ (net)
                      0.125955    0.000234    5.976679 v _319_/A (sky130_fd_sc_hd__or2_4)
     2    0.009546    0.093771    0.511769    6.488448 v _319_/X (sky130_fd_sc_hd__or2_4)
                                                         _022_ (net)
                      0.093771    0.000211    6.488659 v _349_/A1 (sky130_fd_sc_hd__o32a_4)
     3    0.017179    0.145897    0.727395    7.216054 v _349_/X (sky130_fd_sc_hd__o32a_4)
                                                         _051_ (net)
                      0.145898    0.000740    7.216794 v _350_/B (sky130_fd_sc_hd__xor2_1)
     1    0.010676    0.409931    0.414499    7.631292 ^ _350_/X (sky130_fd_sc_hd__xor2_1)
                                                         net31 (net)
                      0.409932    0.000552    7.631844 ^ output31/A (sky130_fd_sc_hd__buf_6)
     1    0.033913    0.124365    0.356549    7.988392 ^ output31/X (sky130_fd_sc_hd__buf_6)
                                                         P[8] (net)
                      0.124366    0.000613    7.989005 ^ P[8] (out)
                                              7.989005   data arrival time

                      0.000000   10.000000   10.000000   clock __VIRTUAL_CLK__ (rise edge)
                                  0.000000   10.000000   clock network delay (ideal)
                                 -0.250000    9.750000   clock uncertainty
                                  0.000000    9.750000   clock reconvergence pessimism
                                 -2.000000    7.750000   output external delay
                                              7.750000   data required time
---------------------------------------------------------------------------------------------
                                              7.750000   data required time
                                             -7.989005   data arrival time
---------------------------------------------------------------------------------------------
                                             -0.239005   slack (VIOLATED)


Startpoint: B[3] (input port clocked by __VIRTUAL_CLK__)
Endpoint: P[7] (output port clocked by __VIRTUAL_CLK__)
Path Group: __VIRTUAL_CLK__
Path Type: max

Fanout         Cap        Slew       Delay        Time   Description
---------------------------------------------------------------------------------------------
                      0.000000    0.000000    0.000000   clock __VIRTUAL_CLK__ (rise edge)
                                  0.000000    0.000000   clock network delay (ideal)
                                  2.000000    2.000000 ^ input external delay
     1    0.003349    0.035907    0.018694    2.018694 ^ B[3] (in)
                                                         B[3] (net)
                      0.035907    0.000000    2.018694 ^ input12/A (sky130_fd_sc_hd__clkbuf_2)
     3    0.023381    0.206670    0.275462    2.294156 ^ input12/X (sky130_fd_sc_hd__clkbuf_2)
                                                         net12 (net)
                      0.206672    0.001068    2.295224 ^ fanout43/A (sky130_fd_sc_hd__buf_6)
    10    0.045206    0.155413    0.307967    2.603192 ^ fanout43/X (sky130_fd_sc_hd__buf_6)
                                                         net43 (net)
                      0.155416    0.000977    2.604168 ^ _233_/A (sky130_fd_sc_hd__nand4_4)
     6    0.019354    0.246268    0.253630    2.857798 v _233_/Y (sky130_fd_sc_hd__nand4_4)
                                                         _167_ (net)
                      0.246268    0.000533    2.858331 v rebuffer20/A (sky130_fd_sc_hd__buf_1)
     2    0.004421    0.067572    0.256390    3.114721 v rebuffer20/X (sky130_fd_sc_hd__buf_1)
                                                         net67 (net)
                      0.067572    0.000096    3.114816 v rebuffer21/A (sky130_fd_sc_hd__buf_2)
     1    0.002753    0.043330    0.221961    3.336777 v rebuffer21/X (sky130_fd_sc_hd__buf_2)
                                                         net68 (net)
                      0.043330    0.000079    3.336856 v _269_/A1 (sky130_fd_sc_hd__a31o_1)
     2    0.005932    0.092041    0.334878    3.671734 v _269_/X (sky130_fd_sc_hd__a31o_1)
                                                         _202_ (net)
                      0.092041    0.000175    3.671909 v _273_/B (sky130_fd_sc_hd__and2_1)
     3    0.017150    0.180879    0.435790    4.107699 v _273_/X (sky130_fd_sc_hd__and2_1)
                                                         _206_ (net)
                      0.180879    0.000500    4.108199 v _278_/C (sky130_fd_sc_hd__or4_4)
     2    0.010139    0.174189    1.028856    5.137055 v _278_/X (sky130_fd_sc_hd__or4_4)
                                                         _211_ (net)
                      0.174189    0.000311    5.137366 v _280_/A1 (sky130_fd_sc_hd__a21o_1)
     2    0.009454    0.112232    0.383393    5.520759 v _280_/X (sky130_fd_sc_hd__a21o_1)
                                                         _213_ (net)
                      0.112232    0.000347    5.521106 v _282_/A2 (sky130_fd_sc_hd__a21o_1)
     1    0.002633    0.058426    0.329043    5.850149 v _282_/X (sky130_fd_sc_hd__a21o_1)
                                                         _215_ (net)
                      0.058426    0.000075    5.850224 v _283_/B (sky130_fd_sc_hd__and2_4)
     3    0.014686    0.071929    0.301833    6.152057 v _283_/X (sky130_fd_sc_hd__and2_4)
                                                         _216_ (net)
                      0.071930    0.000429    6.152487 v _293_/B (sky130_fd_sc_hd__xnor2_2)
     3    0.013041    0.328824    0.317481    6.469967 ^ _293_/Y (sky130_fd_sc_hd__xnor2_2)
                                                         _226_ (net)
                      0.328824    0.000328    6.470295 ^ _320_/A1 (sky130_fd_sc_hd__o21ai_1)
     1    0.004836    0.131994    0.255501    6.725797 v _320_/Y (sky130_fd_sc_hd__o21ai_1)
                                                         _023_ (net)
                      0.131994    0.000143    6.725940 v _321_/B (sky130_fd_sc_hd__xnor2_1)
     1    0.005777    0.281467    0.312240    7.038179 ^ _321_/Y (sky130_fd_sc_hd__xnor2_1)
                                                         net30 (net)
                      0.281467    0.000206    7.038385 ^ output30/A (sky130_fd_sc_hd__buf_2)
     1    0.034005    0.270746    0.436537    7.474922 ^ output30/X (sky130_fd_sc_hd__buf_2)
                                                         P[7] (net)
                      0.270746    0.000635    7.475557 ^ P[7] (out)
                                              7.475557   data arrival time

                      0.000000   10.000000   10.000000   clock __VIRTUAL_CLK__ (rise edge)
                                  0.000000   10.000000   clock network delay (ideal)
                                 -0.250000    9.750000   clock uncertainty
                                  0.000000    9.750000   clock reconvergence pessimism
                                 -2.000000    7.750000   output external delay
                                              7.750000   data required time
---------------------------------------------------------------------------------------------
                                              7.750000   data required time
                                             -7.475557   data arrival time
---------------------------------------------------------------------------------------------
                                              0.274443   slack (MET)


Startpoint: B[3] (input port clocked by __VIRTUAL_CLK__)
Endpoint: P[6] (output port clocked by __VIRTUAL_CLK__)
Path Group: __VIRTUAL_CLK__
Path Type: max

Fanout         Cap        Slew       Delay        Time   Description
---------------------------------------------------------------------------------------------
                      0.000000    0.000000    0.000000   clock __VIRTUAL_CLK__ (rise edge)
                                  0.000000    0.000000   clock network delay (ideal)
                                  2.000000    2.000000 ^ input external delay
     1    0.003349    0.035907    0.018694    2.018694 ^ B[3] (in)
                                                         B[3] (net)
                      0.035907    0.000000    2.018694 ^ input12/A (sky130_fd_sc_hd__clkbuf_2)
     3    0.023381    0.206670    0.275462    2.294156 ^ input12/X (sky130_fd_sc_hd__clkbuf_2)
                                                         net12 (net)
                      0.206672    0.001068    2.295224 ^ fanout43/A (sky130_fd_sc_hd__buf_6)
    10    0.045206    0.155413    0.307967    2.603192 ^ fanout43/X (sky130_fd_sc_hd__buf_6)
                                                         net43 (net)
                      0.155416    0.000977    2.604168 ^ _233_/A (sky130_fd_sc_hd__nand4_4)
     6    0.019354    0.246268    0.253630    2.857798 v _233_/Y (sky130_fd_sc_hd__nand4_4)
                                                         _167_ (net)
                      0.246268    0.000533    2.858331 v rebuffer20/A (sky130_fd_sc_hd__buf_1)
     2    0.004421    0.067572    0.256390    3.114721 v rebuffer20/X (sky130_fd_sc_hd__buf_1)
                                                         net67 (net)
                      0.067572    0.000096    3.114816 v rebuffer21/A (sky130_fd_sc_hd__buf_2)
     1    0.002753    0.043330    0.221961    3.336777 v rebuffer21/X (sky130_fd_sc_hd__buf_2)
                                                         net68 (net)
                      0.043330    0.000079    3.336856 v _269_/A1 (sky130_fd_sc_hd__a31o_1)
     2    0.005932    0.092041    0.334878    3.671734 v _269_/X (sky130_fd_sc_hd__a31o_1)
                                                         _202_ (net)
                      0.092041    0.000175    3.671909 v _273_/B (sky130_fd_sc_hd__and2_1)
     3    0.017150    0.180879    0.435790    4.107699 v _273_/X (sky130_fd_sc_hd__and2_1)
                                                         _206_ (net)
                      0.180879    0.000500    4.108199 v _278_/C (sky130_fd_sc_hd__or4_4)
     2    0.010139    0.174189    1.028856    5.137055 v _278_/X (sky130_fd_sc_hd__or4_4)
                                                         _211_ (net)
                      0.174189    0.000311    5.137366 v _280_/A1 (sky130_fd_sc_hd__a21o_1)
     2    0.009454    0.112232    0.383393    5.520759 v _280_/X (sky130_fd_sc_hd__a21o_1)
                                                         _213_ (net)
                      0.112232    0.000347    5.521106 v _282_/A2 (sky130_fd_sc_hd__a21o_1)
     1    0.002633    0.058426    0.329043    5.850149 v _282_/X (sky130_fd_sc_hd__a21o_1)
                                                         _215_ (net)
                      0.058426    0.000075    5.850224 v _283_/B (sky130_fd_sc_hd__and2_4)
     3    0.014686    0.071929    0.301833    6.152057 v _283_/X (sky130_fd_sc_hd__and2_4)
                                                         _216_ (net)
                      0.071930    0.000429    6.152487 v _293_/B (sky130_fd_sc_hd__xnor2_2)
     3    0.013041    0.328824    0.317481    6.469967 ^ _293_/Y (sky130_fd_sc_hd__xnor2_2)
                                                         _226_ (net)
                      0.328919    0.000361    6.470329 ^ _296_/A (sky130_fd_sc_hd__xor2_1)
     1    0.005339    0.254422    0.377377    6.847706 ^ _296_/X (sky130_fd_sc_hd__xor2_1)
                                                         net29 (net)
                      0.254422    0.000187    6.847893 ^ output29/A (sky130_fd_sc_hd__buf_2)
     1    0.034064    0.271063    0.426338    7.274231 ^ output29/X (sky130_fd_sc_hd__buf_2)
                                                         P[6] (net)
                      0.271063    0.000656    7.274888 ^ P[6] (out)
                                              7.274888   data arrival time

                      0.000000   10.000000   10.000000   clock __VIRTUAL_CLK__ (rise edge)
                                  0.000000   10.000000   clock network delay (ideal)
                                 -0.250000    9.750000   clock uncertainty
                                  0.000000    9.750000   clock reconvergence pessimism
                                 -2.000000    7.750000   output external delay
                                              7.750000   data required time
---------------------------------------------------------------------------------------------
                                              7.750000   data required time
                                             -7.274888   data arrival time
---------------------------------------------------------------------------------------------
                                              0.475112   slack (MET)


Startpoint: B[1] (input port clocked by __VIRTUAL_CLK__)
Endpoint: P[5] (output port clocked by __VIRTUAL_CLK__)
Path Group: __VIRTUAL_CLK__
Path Type: max

Fanout         Cap        Slew       Delay        Time   Description
---------------------------------------------------------------------------------------------
                      0.000000    0.000000    0.000000   clock __VIRTUAL_CLK__ (rise edge)
                                  0.000000    0.000000   clock network delay (ideal)
                                  2.000000    2.000000 v input external delay
     1    0.005075    0.027415    0.016394    2.016394 v B[1] (in)
                                                         B[1] (net)
                      0.027415    0.000000    2.016394 v input10/A (sky130_fd_sc_hd__buf_6)
     1    0.011780    0.045925    0.192155    2.208549 v input10/X (sky130_fd_sc_hd__buf_6)
                                                         net10 (net)
                      0.045925    0.000641    2.209190 v fanout46/A (sky130_fd_sc_hd__buf_8)
     6    0.027900    0.060220    0.219630    2.428820 v fanout46/X (sky130_fd_sc_hd__buf_8)
                                                         net46 (net)
                      0.060272    0.001582    2.430402 v fanout45/A (sky130_fd_sc_hd__buf_8)
     5    0.022630    0.054256    0.220024    2.650426 v fanout45/X (sky130_fd_sc_hd__buf_8)
                                                         net45 (net)
                      0.054269    0.000768    2.651194 v _231_/A1 (sky130_fd_sc_hd__mux2_4)
     2    0.004897    0.085123    0.473469    3.124663 v _231_/X (sky130_fd_sc_hd__mux2_4)
                                                         _165_ (net)
                      0.085123    0.000122    3.124785 v _232_/A (sky130_fd_sc_hd__and3_1)
     3    0.006519    0.100931    0.332209    3.456994 v _232_/X (sky130_fd_sc_hd__and3_1)
                                                         _166_ (net)
                      0.100931    0.000113    3.457108 v rebuffer9/A (sky130_fd_sc_hd__dlygate4sd1_1)
     2    0.003685    0.068436    0.495801    3.952909 v rebuffer9/X (sky130_fd_sc_hd__dlygate4sd1_1)
                                                         net56 (net)
                      0.068436    0.000093    3.953002 v _238_/A (sky130_fd_sc_hd__and3_1)
     3    0.012748    0.150176    0.375251    4.328253 v _238_/X (sky130_fd_sc_hd__and3_1)
                                                         _172_ (net)
                      0.150176    0.000290    4.328544 v _285_/A1 (sky130_fd_sc_hd__a21oi_1)
     1    0.005341    0.242017    0.295016    4.623560 ^ _285_/Y (sky130_fd_sc_hd__a21oi_1)
                                                         _218_ (net)
                      0.242017    0.000170    4.623730 ^ _287_/A (sky130_fd_sc_hd__xnor2_1)
     2    0.008554    0.371679    0.325676    4.949406 ^ _287_/Y (sky130_fd_sc_hd__xnor2_1)
                                                         _220_ (net)
                      0.371679    0.000285    4.949691 ^ _290_/B (sky130_fd_sc_hd__xnor2_1)
     2    0.008694    0.376072    0.367996    5.317688 ^ _290_/Y (sky130_fd_sc_hd__xnor2_1)
                                                         _223_ (net)
                      0.376072    0.000271    5.317959 ^ _294_/B (sky130_fd_sc_hd__xnor2_1)
     2    0.007765    0.163076    0.286527    5.604486 v _294_/Y (sky130_fd_sc_hd__xnor2_1)
                                                         _227_ (net)
                      0.163076    0.000214    5.604700 v _466_/C (sky130_fd_sc_hd__or3_1)
     1    0.001879    0.125224    0.723734    6.328434 v _466_/X (sky130_fd_sc_hd__or3_1)
                                                         _160_ (net)
                      0.125224    0.000052    6.328486 v _467_/B (sky130_fd_sc_hd__and2_1)
     1    0.003210    0.071250    0.344116    6.672602 v _467_/X (sky130_fd_sc_hd__and2_1)
                                                         net28 (net)
                      0.071250    0.000099    6.672702 v output28/A (sky130_fd_sc_hd__buf_2)
     1    0.034123    0.165331    0.344683    7.017385 v output28/X (sky130_fd_sc_hd__buf_2)
                                                         P[5] (net)
                      0.165331    0.000658    7.018043 v P[5] (out)
                                              7.018043   data arrival time

                      0.000000   10.000000   10.000000   clock __VIRTUAL_CLK__ (rise edge)
                                  0.000000   10.000000   clock network delay (ideal)
                                 -0.250000    9.750000   clock uncertainty
                                  0.000000    9.750000   clock reconvergence pessimism
                                 -2.000000    7.750000   output external delay
                                              7.750000   data required time
---------------------------------------------------------------------------------------------
                                              7.750000   data required time
                                             -7.018043   data arrival time
---------------------------------------------------------------------------------------------
                                              0.731957   slack (MET)


Startpoint: B[1] (input port clocked by __VIRTUAL_CLK__)
Endpoint: P[4] (output port clocked by __VIRTUAL_CLK__)
Path Group: __VIRTUAL_CLK__
Path Type: max

Fanout         Cap        Slew       Delay        Time   Description
---------------------------------------------------------------------------------------------
                      0.000000    0.000000    0.000000   clock __VIRTUAL_CLK__ (rise edge)
                                  0.000000    0.000000   clock network delay (ideal)
                                  2.000000    2.000000 v input external delay
     1    0.005075    0.027415    0.016394    2.016394 v B[1] (in)
                                                         B[1] (net)
                      0.027415    0.000000    2.016394 v input10/A (sky130_fd_sc_hd__buf_6)
     1    0.011780    0.045925    0.192155    2.208549 v input10/X (sky130_fd_sc_hd__buf_6)
                                                         net10 (net)
                      0.045925    0.000641    2.209190 v fanout46/A (sky130_fd_sc_hd__buf_8)
     6    0.027900    0.060220    0.219630    2.428820 v fanout46/X (sky130_fd_sc_hd__buf_8)
                                                         net46 (net)
                      0.060272    0.001582    2.430402 v fanout45/A (sky130_fd_sc_hd__buf_8)
     5    0.022630    0.054256    0.220024    2.650426 v fanout45/X (sky130_fd_sc_hd__buf_8)
                                                         net45 (net)
                      0.054269    0.000768    2.651194 v _231_/A1 (sky130_fd_sc_hd__mux2_4)
     2    0.004897    0.085123    0.473469    3.124663 v _231_/X (sky130_fd_sc_hd__mux2_4)
                                                         _165_ (net)
                      0.085123    0.000122    3.124785 v _232_/A (sky130_fd_sc_hd__and3_1)
     3    0.006519    0.100931    0.332209    3.456994 v _232_/X (sky130_fd_sc_hd__and3_1)
                                                         _166_ (net)
                      0.100931    0.000113    3.457108 v rebuffer9/A (sky130_fd_sc_hd__dlygate4sd1_1)
     2    0.003685    0.068436    0.495801    3.952909 v rebuffer9/X (sky130_fd_sc_hd__dlygate4sd1_1)
                                                         net56 (net)
                      0.068436    0.000093    3.953002 v _238_/A (sky130_fd_sc_hd__and3_1)
     3    0.012748    0.150176    0.375251    4.328253 v _238_/X (sky130_fd_sc_hd__and3_1)
                                                         _172_ (net)
                      0.150176    0.000346    4.328600 v _248_/A (sky130_fd_sc_hd__xnor2_1)
     2    0.009597    0.405750    0.445578    4.774178 ^ _248_/Y (sky130_fd_sc_hd__xnor2_1)
                                                         _182_ (net)
                      0.405750    0.000354    4.774532 ^ _250_/B (sky130_fd_sc_hd__xnor2_1)
     2    0.006480    0.304049    0.354291    5.128823 ^ _250_/Y (sky130_fd_sc_hd__xnor2_1)
                                                         _184_ (net)
                      0.304049    0.000200    5.129023 ^ _251_/C (sky130_fd_sc_hd__and3_1)
     3    0.010505    0.190223    0.471657    5.600680 ^ _251_/X (sky130_fd_sc_hd__and3_1)
                                                         _185_ (net)
                      0.190223    0.000210    5.600890 ^ _253_/A (sky130_fd_sc_hd__nor2_1)
     1    0.002775    0.061636    0.129836    5.730726 v _253_/Y (sky130_fd_sc_hd__nor2_1)
                                                         net27 (net)
                      0.061636    0.000082    5.730808 v output27/A (sky130_fd_sc_hd__buf_2)
     1    0.033931    0.164606    0.339695    6.070504 v output27/X (sky130_fd_sc_hd__buf_2)
                                                         P[4] (net)
                      0.164606    0.000614    6.071117 v P[4] (out)
                                              6.071117   data arrival time

                      0.000000   10.000000   10.000000   clock __VIRTUAL_CLK__ (rise edge)
                                  0.000000   10.000000   clock network delay (ideal)
                                 -0.250000    9.750000   clock uncertainty
                                  0.000000    9.750000   clock reconvergence pessimism
                                 -2.000000    7.750000   output external delay
                                              7.750000   data required time
---------------------------------------------------------------------------------------------
                                              7.750000   data required time
                                             -6.071117   data arrival time
---------------------------------------------------------------------------------------------
                                              1.678882   slack (MET)


Startpoint: B[1] (input port clocked by __VIRTUAL_CLK__)
Endpoint: P[3] (output port clocked by __VIRTUAL_CLK__)
Path Group: __VIRTUAL_CLK__
Path Type: max

Fanout         Cap        Slew       Delay        Time   Description
---------------------------------------------------------------------------------------------
                      0.000000    0.000000    0.000000   clock __VIRTUAL_CLK__ (rise edge)
                                  0.000000    0.000000   clock network delay (ideal)
                                  2.000000    2.000000 v input external delay
     1    0.005075    0.027415    0.016394    2.016394 v B[1] (in)
                                                         B[1] (net)
                      0.027415    0.000000    2.016394 v input10/A (sky130_fd_sc_hd__buf_6)
     1    0.011780    0.045925    0.192155    2.208549 v input10/X (sky130_fd_sc_hd__buf_6)
                                                         net10 (net)
                      0.045925    0.000641    2.209190 v fanout46/A (sky130_fd_sc_hd__buf_8)
     6    0.027900    0.060220    0.219630    2.428820 v fanout46/X (sky130_fd_sc_hd__buf_8)
                                                         net46 (net)
                      0.060272    0.001582    2.430402 v fanout45/A (sky130_fd_sc_hd__buf_8)
     5    0.022630    0.054256    0.220024    2.650426 v fanout45/X (sky130_fd_sc_hd__buf_8)
                                                         net45 (net)
                      0.054269    0.000768    2.651194 v _231_/A1 (sky130_fd_sc_hd__mux2_4)
     2    0.004897    0.085123    0.473469    3.124663 v _231_/X (sky130_fd_sc_hd__mux2_4)
                                                         _165_ (net)
                      0.085123    0.000122    3.124785 v _232_/A (sky130_fd_sc_hd__and3_1)
     3    0.006519    0.100931    0.332209    3.456994 v _232_/X (sky130_fd_sc_hd__and3_1)
                                                         _166_ (net)
                      0.100931    0.000113    3.457108 v rebuffer9/A (sky130_fd_sc_hd__dlygate4sd1_1)
     2    0.003685    0.068436    0.495801    3.952909 v rebuffer9/X (sky130_fd_sc_hd__dlygate4sd1_1)
                                                         net56 (net)
                      0.068436    0.000091    3.953000 v rebuffer10/A (sky130_fd_sc_hd__dlygate4sd1_1)
     1    0.002567    0.059196    0.468666    4.421667 v rebuffer10/X (sky130_fd_sc_hd__dlygate4sd1_1)
                                                         net57 (net)
                      0.059196    0.000073    4.421740 v _472_/B1 (sky130_fd_sc_hd__a21oi_1)
     1    0.003298    0.181824    0.191417    4.613157 ^ _472_/Y (sky130_fd_sc_hd__a21oi_1)
                                                         _162_ (net)
                      0.181824    0.000097    4.613255 ^ _473_/B (sky130_fd_sc_hd__nor2_1)
     1    0.005866    0.084752    0.137543    4.750797 v _473_/Y (sky130_fd_sc_hd__nor2_1)
                                                         net26 (net)
                      0.084752    0.000220    4.751018 v output26/A (sky130_fd_sc_hd__buf_2)
     1    0.034393    0.166391    0.351803    5.102821 v output26/X (sky130_fd_sc_hd__buf_2)
                                                         P[3] (net)
                      0.166392    0.000747    5.103569 v P[3] (out)
                                              5.103569   data arrival time

                      0.000000   10.000000   10.000000   clock __VIRTUAL_CLK__ (rise edge)
                                  0.000000   10.000000   clock network delay (ideal)
                                 -0.250000    9.750000   clock uncertainty
                                  0.000000    9.750000   clock reconvergence pessimism
                                 -2.000000    7.750000   output external delay
                                              7.750000   data required time
---------------------------------------------------------------------------------------------
                                              7.750000   data required time
                                             -5.103569   data arrival time
---------------------------------------------------------------------------------------------
                                              2.646432   slack (MET)


Startpoint: B[1] (input port clocked by __VIRTUAL_CLK__)
Endpoint: P[2] (output port clocked by __VIRTUAL_CLK__)
Path Group: __VIRTUAL_CLK__
Path Type: max

Fanout         Cap        Slew       Delay        Time   Description
---------------------------------------------------------------------------------------------
                      0.000000    0.000000    0.000000   clock __VIRTUAL_CLK__ (rise edge)
                                  0.000000    0.000000   clock network delay (ideal)
                                  2.000000    2.000000 v input external delay
     1    0.005075    0.027415    0.016394    2.016394 v B[1] (in)
                                                         B[1] (net)
                      0.027415    0.000000    2.016394 v input10/A (sky130_fd_sc_hd__buf_6)
     1    0.011780    0.045925    0.192155    2.208549 v input10/X (sky130_fd_sc_hd__buf_6)
                                                         net10 (net)
                      0.045925    0.000641    2.209190 v fanout46/A (sky130_fd_sc_hd__buf_8)
     6    0.027900    0.060220    0.219630    2.428820 v fanout46/X (sky130_fd_sc_hd__buf_8)
                                                         net46 (net)
                      0.060272    0.001582    2.430402 v fanout45/A (sky130_fd_sc_hd__buf_8)
     5    0.022630    0.054256    0.220024    2.650426 v fanout45/X (sky130_fd_sc_hd__buf_8)
                                                         net45 (net)
                      0.054269    0.000768    2.651194 v _231_/A1 (sky130_fd_sc_hd__mux2_4)
     2    0.004897    0.085123    0.473469    3.124663 v _231_/X (sky130_fd_sc_hd__mux2_4)
                                                         _165_ (net)
                      0.085123    0.000122    3.124785 v _232_/A (sky130_fd_sc_hd__and3_1)
     3    0.006519    0.100931    0.332209    3.456994 v _232_/X (sky130_fd_sc_hd__and3_1)
                                                         _166_ (net)
                      0.100931    0.000116    3.457110 v _471_/A (sky130_fd_sc_hd__nor2_1)
     1    0.010545    0.341196    0.340635    3.797745 ^ _471_/Y (sky130_fd_sc_hd__nor2_1)
                                                         net25 (net)
                      0.341197    0.000562    3.798307 ^ output25/A (sky130_fd_sc_hd__buf_2)
     1    0.034003    0.271010    0.459708    4.258015 ^ output25/X (sky130_fd_sc_hd__buf_2)
                                                         P[2] (net)
                      0.271010    0.000636    4.258651 ^ P[2] (out)
                                              4.258651   data arrival time

                      0.000000   10.000000   10.000000   clock __VIRTUAL_CLK__ (rise edge)
                                  0.000000   10.000000   clock network delay (ideal)
                                 -0.250000    9.750000   clock uncertainty
                                  0.000000    9.750000   clock reconvergence pessimism
                                 -2.000000    7.750000   output external delay
                                              7.750000   data required time
---------------------------------------------------------------------------------------------
                                              7.750000   data required time
                                             -4.258651   data arrival time
---------------------------------------------------------------------------------------------
                                              3.491349   slack (MET)


Startpoint: B[1] (input port clocked by __VIRTUAL_CLK__)
Endpoint: P[1] (output port clocked by __VIRTUAL_CLK__)
Path Group: __VIRTUAL_CLK__
Path Type: max

Fanout         Cap        Slew       Delay        Time   Description
---------------------------------------------------------------------------------------------
                      0.000000    0.000000    0.000000   clock __VIRTUAL_CLK__ (rise edge)
                                  0.000000    0.000000   clock network delay (ideal)
                                  2.000000    2.000000 ^ input external delay
     1    0.005454    0.050283    0.029793    2.029793 ^ B[1] (in)
                                                         B[1] (net)
                      0.050284    0.000000    2.029793 ^ input10/A (sky130_fd_sc_hd__buf_6)
     1    0.012381    0.061341    0.162407    2.192200 ^ input10/X (sky130_fd_sc_hd__buf_6)
                                                         net10 (net)
                      0.061350    0.000683    2.192883 ^ fanout46/A (sky130_fd_sc_hd__buf_8)
     6    0.029083    0.092384    0.190767    2.383650 ^ fanout46/X (sky130_fd_sc_hd__buf_8)
                                                         net46 (net)
                      0.092413    0.001560    2.385210 ^ clone25/A (sky130_fd_sc_hd__clkbuf_1)
     5    0.026560    0.504806    0.470542    2.855752 ^ clone25/X (sky130_fd_sc_hd__clkbuf_1)
                                                         net72 (net)
                      0.504808    0.000671    2.856423 ^ _469_/B (sky130_fd_sc_hd__and2_1)
     1    0.004779    0.109746    0.396857    3.253280 ^ _469_/X (sky130_fd_sc_hd__and2_1)
                                                         mul_ll.mul_ll.pp2 (net)
                      0.109746    0.000194    3.253474 ^ _475_/A (sky130_fd_sc_hd__clkbuf_1)
     1    0.002434    0.066513    0.162083    3.415557 ^ _475_/X (sky130_fd_sc_hd__clkbuf_1)
                                                         net24 (net)
                      0.066513    0.000071    3.415628 ^ output24/A (sky130_fd_sc_hd__buf_2)
     1    0.034327    0.272593    0.342171    3.757798 ^ output24/X (sky130_fd_sc_hd__buf_2)
                                                         P[1] (net)
                      0.272593    0.000734    3.758532 ^ P[1] (out)
                                              3.758532   data arrival time

                      0.000000   10.000000   10.000000   clock __VIRTUAL_CLK__ (rise edge)
                                  0.000000   10.000000   clock network delay (ideal)
                                 -0.250000    9.750000   clock uncertainty
                                  0.000000    9.750000   clock reconvergence pessimism
                                 -2.000000    7.750000   output external delay
                                              7.750000   data required time
---------------------------------------------------------------------------------------------
                                              7.750000   data required time
                                             -3.758532   data arrival time
---------------------------------------------------------------------------------------------
                                              3.991468   slack (MET)


Startpoint: B[0] (input port clocked by __VIRTUAL_CLK__)
Endpoint: P[0] (output port clocked by __VIRTUAL_CLK__)
Path Group: __VIRTUAL_CLK__
Path Type: max

Fanout         Cap        Slew       Delay        Time   Description
---------------------------------------------------------------------------------------------
                      0.000000    0.000000    0.000000   clock __VIRTUAL_CLK__ (rise edge)
                                  0.000000    0.000000   clock network delay (ideal)
                                  2.000000    2.000000 v input external delay
     1    0.002589    0.017660    0.008568    2.008568 v B[0] (in)
                                                         B[0] (net)
                      0.017660    0.000000    2.008568 v input9/A (sky130_fd_sc_hd__clkbuf_2)
     7    0.027986    0.200076    0.281669    2.290237 v input9/X (sky130_fd_sc_hd__clkbuf_2)
                                                         net9 (net)
                      0.200076    0.000768    2.291005 v _468_/B (sky130_fd_sc_hd__and2_1)
     1    0.002446    0.065503    0.373115    2.664121 v _468_/X (sky130_fd_sc_hd__and2_1)
                                                         mul_ll.mul_ll.pp1 (net)
                      0.065503    0.000050    2.664170 v _474_/A (sky130_fd_sc_hd__clkbuf_1)
     1    0.002695    0.049285    0.156925    2.821096 v _474_/X (sky130_fd_sc_hd__clkbuf_1)
                                                         net17 (net)
                      0.049285    0.000081    2.821177 v output17/A (sky130_fd_sc_hd__buf_2)
     1    0.034090    0.165310    0.334507    3.155684 v output17/X (sky130_fd_sc_hd__buf_2)
                                                         P[0] (net)
                      0.165311    0.000667    3.156351 v P[0] (out)
                                              3.156351   data arrival time

                      0.000000   10.000000   10.000000   clock __VIRTUAL_CLK__ (rise edge)
                                  0.000000   10.000000   clock network delay (ideal)
                                 -0.250000    9.750000   clock uncertainty
                                  0.000000    9.750000   clock reconvergence pessimism
                                 -2.000000    7.750000   output external delay
                                              7.750000   data required time
---------------------------------------------------------------------------------------------
                                              7.750000   data required time
                                             -3.156351   data arrival time
---------------------------------------------------------------------------------------------
                                              4.593649   slack (MET)



