
===========================================================================
report_checks -path_delay max (Setup)
============================================================================
======================= nom_tt_025C_1v80 Corner ===================================

Startpoint: B[5] (input port clocked by __VIRTUAL_CLK__)
Endpoint: P[14] (output port clocked by __VIRTUAL_CLK__)
Path Group: __VIRTUAL_CLK__
Path Type: max

Fanout         Cap        Slew       Delay        Time   Description
---------------------------------------------------------------------------------------------
                      0.000000    0.000000    0.000000   clock __VIRTUAL_CLK__ (rise edge)
                                  0.000000    0.000000   clock network delay (ideal)
                                  2.000000    2.000000 ^ input external delay
     1    0.002860    0.019988    0.010502    2.010502 ^ B[5] (in)
                                                         B[5] (net)
                      0.019988    0.000000    2.010502 ^ input14/A (sky130_fd_sc_hd__clkbuf_1)
     1    0.004576    0.063632    0.086141    2.096643 ^ input14/X (sky130_fd_sc_hd__clkbuf_1)
                                                         net14 (net)
                      0.063632    0.000039    2.096682 ^ fanout44/A (sky130_fd_sc_hd__buf_2)
     6    0.030179    0.151148    0.191539    2.288220 ^ fanout44/X (sky130_fd_sc_hd__buf_2)
                                                         net44 (net)
                      0.151148    0.000473    2.288693 ^ fanout42/A (sky130_fd_sc_hd__buf_2)
    10    0.034201    0.170280    0.234304    2.522997 ^ fanout42/X (sky130_fd_sc_hd__buf_2)
                                                         net42 (net)
                      0.170280    0.000315    2.523312 ^ _240_/C (sky130_fd_sc_hd__nand4_2)
     5    0.011767    0.128440    0.157895    2.681207 v _240_/Y (sky130_fd_sc_hd__nand4_2)
                                                         _173_ (net)
                      0.128440    0.000061    2.681268 v _313_/C (sky130_fd_sc_hd__and3_1)
     3    0.009006    0.062919    0.242549    2.923817 v _313_/X (sky130_fd_sc_hd__and3_1)
                                                         _012_ (net)
                      0.062919    0.000035    2.923852 v _316_/B (sky130_fd_sc_hd__or3_1)
     4    0.008823    0.101584    0.391603    3.315455 v _316_/X (sky130_fd_sc_hd__or3_1)
                                                         _015_ (net)
                      0.101584    0.000032    3.315487 v _391_/D (sky130_fd_sc_hd__and4_1)
     2    0.005570    0.049822    0.232819    3.548306 v _391_/X (sky130_fd_sc_hd__and4_1)
                                                         _087_ (net)
                      0.049822    0.000031    3.548337 v _396_/A2 (sky130_fd_sc_hd__o31a_1)
     4    0.007502    0.068998    0.299109    3.847445 v _396_/X (sky130_fd_sc_hd__o31a_1)
                                                         _092_ (net)
                      0.068998    0.000064    3.847510 v _404_/A (sky130_fd_sc_hd__or4bb_1)
     3    0.007252    0.108801    0.538733    4.386243 v _404_/X (sky130_fd_sc_hd__or4bb_1)
                                                         _100_ (net)
                      0.108801    0.000056    4.386299 v _406_/B (sky130_fd_sc_hd__and3_1)
     3    0.007697    0.059526    0.211696    4.597994 v _406_/X (sky130_fd_sc_hd__and3_1)
                                                         _102_ (net)
                      0.059526    0.000023    4.598018 v _410_/A1 (sky130_fd_sc_hd__o211a_1)
     1    0.002566    0.037217    0.219571    4.817588 v _410_/X (sky130_fd_sc_hd__o211a_1)
                                                         _106_ (net)
                      0.037217    0.000012    4.817600 v _411_/B (sky130_fd_sc_hd__or2_1)
     4    0.012702    0.091333    0.252750    5.070351 v _411_/X (sky130_fd_sc_hd__or2_1)
                                                         _107_ (net)
                      0.091333    0.000028    5.070378 v _451_/A1 (sky130_fd_sc_hd__o311ai_1)
     1    0.003052    0.234662    0.288514    5.358891 ^ _451_/Y (sky130_fd_sc_hd__o311ai_1)
                                                         _145_ (net)
                      0.234662    0.000008    5.358900 ^ _452_/B1 (sky130_fd_sc_hd__a31o_1)
     3    0.013478    0.138916    0.204743    5.563643 ^ _452_/X (sky130_fd_sc_hd__a31o_1)
                                                         _146_ (net)
                      0.138916    0.000162    5.563805 ^ _463_/A2 (sky130_fd_sc_hd__o211a_1)
     3    0.014949    0.134964    0.222366    5.786171 ^ _463_/X (sky130_fd_sc_hd__o211a_1)
                                                         _156_ (net)
                      0.134964    0.000225    5.786396 ^ _469_/A (sky130_fd_sc_hd__xor2_1)
     1    0.002497    0.108208    0.145271    5.931667 ^ _469_/X (sky130_fd_sc_hd__xor2_1)
                                                         net22 (net)
                      0.108208    0.000008    5.931675 ^ output22/A (sky130_fd_sc_hd__buf_2)
     1    0.034110    0.169665    0.221241    6.152916 ^ output22/X (sky130_fd_sc_hd__buf_2)
                                                         P[14] (net)
                      0.169665    0.000111    6.153027 ^ P[14] (out)
                                              6.153027   data arrival time

                      0.000000   10.000000   10.000000   clock __VIRTUAL_CLK__ (rise edge)
                                  0.000000   10.000000   clock network delay (ideal)
                                 -0.250000    9.750000   clock uncertainty
                                  0.000000    9.750000   clock reconvergence pessimism
                                 -2.000000    7.750000   output external delay
                                              7.750000   data required time
---------------------------------------------------------------------------------------------
                                              7.750000   data required time
                                             -6.153027   data arrival time
---------------------------------------------------------------------------------------------
                                              1.596973   slack (MET)


Startpoint: B[5] (input port clocked by __VIRTUAL_CLK__)
Endpoint: P[15] (output port clocked by __VIRTUAL_CLK__)
Path Group: __VIRTUAL_CLK__
Path Type: max

Fanout         Cap        Slew       Delay        Time   Description
---------------------------------------------------------------------------------------------
                      0.000000    0.000000    0.000000   clock __VIRTUAL_CLK__ (rise edge)
                                  0.000000    0.000000   clock network delay (ideal)
                                  2.000000    2.000000 ^ input external delay
     1    0.002860    0.019988    0.010502    2.010502 ^ B[5] (in)
                                                         B[5] (net)
                      0.019988    0.000000    2.010502 ^ input14/A (sky130_fd_sc_hd__clkbuf_1)
     1    0.004576    0.063632    0.086141    2.096643 ^ input14/X (sky130_fd_sc_hd__clkbuf_1)
                                                         net14 (net)
                      0.063632    0.000039    2.096682 ^ fanout44/A (sky130_fd_sc_hd__buf_2)
     6    0.030179    0.151148    0.191539    2.288220 ^ fanout44/X (sky130_fd_sc_hd__buf_2)
                                                         net44 (net)
                      0.151148    0.000473    2.288693 ^ fanout42/A (sky130_fd_sc_hd__buf_2)
    10    0.034201    0.170280    0.234304    2.522997 ^ fanout42/X (sky130_fd_sc_hd__buf_2)
                                                         net42 (net)
                      0.170280    0.000315    2.523312 ^ _240_/C (sky130_fd_sc_hd__nand4_2)
     5    0.011767    0.128440    0.157895    2.681207 v _240_/Y (sky130_fd_sc_hd__nand4_2)
                                                         _173_ (net)
                      0.128440    0.000061    2.681268 v _313_/C (sky130_fd_sc_hd__and3_1)
     3    0.009006    0.062919    0.242549    2.923817 v _313_/X (sky130_fd_sc_hd__and3_1)
                                                         _012_ (net)
                      0.062919    0.000035    2.923852 v _316_/B (sky130_fd_sc_hd__or3_1)
     4    0.008823    0.101584    0.391603    3.315455 v _316_/X (sky130_fd_sc_hd__or3_1)
                                                         _015_ (net)
                      0.101584    0.000032    3.315487 v _391_/D (sky130_fd_sc_hd__and4_1)
     2    0.005570    0.049822    0.232819    3.548306 v _391_/X (sky130_fd_sc_hd__and4_1)
                                                         _087_ (net)
                      0.049822    0.000031    3.548337 v _396_/A2 (sky130_fd_sc_hd__o31a_1)
     4    0.007502    0.068998    0.299109    3.847445 v _396_/X (sky130_fd_sc_hd__o31a_1)
                                                         _092_ (net)
                      0.068998    0.000064    3.847510 v _404_/A (sky130_fd_sc_hd__or4bb_1)
     3    0.007252    0.108801    0.538733    4.386243 v _404_/X (sky130_fd_sc_hd__or4bb_1)
                                                         _100_ (net)
                      0.108801    0.000056    4.386299 v _406_/B (sky130_fd_sc_hd__and3_1)
     3    0.007697    0.059526    0.211696    4.597994 v _406_/X (sky130_fd_sc_hd__and3_1)
                                                         _102_ (net)
                      0.059526    0.000023    4.598018 v _410_/A1 (sky130_fd_sc_hd__o211a_1)
     1    0.002566    0.037217    0.219571    4.817588 v _410_/X (sky130_fd_sc_hd__o211a_1)
                                                         _106_ (net)
                      0.037217    0.000012    4.817600 v _411_/B (sky130_fd_sc_hd__or2_1)
     4    0.012702    0.091333    0.252750    5.070351 v _411_/X (sky130_fd_sc_hd__or2_1)
                                                         _107_ (net)
                      0.091333    0.000028    5.070378 v _451_/A1 (sky130_fd_sc_hd__o311ai_1)
     1    0.003052    0.234662    0.288514    5.358891 ^ _451_/Y (sky130_fd_sc_hd__o311ai_1)
                                                         _145_ (net)
                      0.234662    0.000008    5.358900 ^ _452_/B1 (sky130_fd_sc_hd__a31o_1)
     3    0.013478    0.138916    0.204743    5.563643 ^ _452_/X (sky130_fd_sc_hd__a31o_1)
                                                         _146_ (net)
                      0.138916    0.000162    5.563805 ^ _463_/A2 (sky130_fd_sc_hd__o211a_1)
     3    0.014949    0.134964    0.222366    5.786171 ^ _463_/X (sky130_fd_sc_hd__o211a_1)
                                                         _156_ (net)
                      0.134964    0.000227    5.786398 ^ _471_/A1 (sky130_fd_sc_hd__a21o_1)
     1    0.002390    0.037224    0.122798    5.909196 ^ _471_/X (sky130_fd_sc_hd__a21o_1)
                                                         net23 (net)
                      0.037224    0.000006    5.909202 ^ output23/A (sky130_fd_sc_hd__buf_2)
     1    0.033953    0.171188    0.194408    6.103610 ^ output23/X (sky130_fd_sc_hd__buf_2)
                                                         P[15] (net)
                      0.171188    0.000075    6.103685 ^ P[15] (out)
                                              6.103685   data arrival time

                      0.000000   10.000000   10.000000   clock __VIRTUAL_CLK__ (rise edge)
                                  0.000000   10.000000   clock network delay (ideal)
                                 -0.250000    9.750000   clock uncertainty
                                  0.000000    9.750000   clock reconvergence pessimism
                                 -2.000000    7.750000   output external delay
                                              7.750000   data required time
---------------------------------------------------------------------------------------------
                                              7.750000   data required time
                                             -6.103685   data arrival time
---------------------------------------------------------------------------------------------
                                              1.646315   slack (MET)


Startpoint: B[5] (input port clocked by __VIRTUAL_CLK__)
Endpoint: P[13] (output port clocked by __VIRTUAL_CLK__)
Path Group: __VIRTUAL_CLK__
Path Type: max

Fanout         Cap        Slew       Delay        Time   Description
---------------------------------------------------------------------------------------------
                      0.000000    0.000000    0.000000   clock __VIRTUAL_CLK__ (rise edge)
                                  0.000000    0.000000   clock network delay (ideal)
                                  2.000000    2.000000 ^ input external delay
     1    0.002860    0.019988    0.010502    2.010502 ^ B[5] (in)
                                                         B[5] (net)
                      0.019988    0.000000    2.010502 ^ input14/A (sky130_fd_sc_hd__clkbuf_1)
     1    0.004576    0.063632    0.086141    2.096643 ^ input14/X (sky130_fd_sc_hd__clkbuf_1)
                                                         net14 (net)
                      0.063632    0.000039    2.096682 ^ fanout44/A (sky130_fd_sc_hd__buf_2)
     6    0.030179    0.151148    0.191539    2.288220 ^ fanout44/X (sky130_fd_sc_hd__buf_2)
                                                         net44 (net)
                      0.151148    0.000473    2.288693 ^ fanout42/A (sky130_fd_sc_hd__buf_2)
    10    0.034201    0.170280    0.234304    2.522997 ^ fanout42/X (sky130_fd_sc_hd__buf_2)
                                                         net42 (net)
                      0.170280    0.000315    2.523312 ^ _240_/C (sky130_fd_sc_hd__nand4_2)
     5    0.011767    0.128440    0.157895    2.681207 v _240_/Y (sky130_fd_sc_hd__nand4_2)
                                                         _173_ (net)
                      0.128440    0.000061    2.681268 v _313_/C (sky130_fd_sc_hd__and3_1)
     3    0.009006    0.062919    0.242549    2.923817 v _313_/X (sky130_fd_sc_hd__and3_1)
                                                         _012_ (net)
                      0.062919    0.000035    2.923852 v _316_/B (sky130_fd_sc_hd__or3_1)
     4    0.008823    0.101584    0.391603    3.315455 v _316_/X (sky130_fd_sc_hd__or3_1)
                                                         _015_ (net)
                      0.101584    0.000032    3.315487 v _391_/D (sky130_fd_sc_hd__and4_1)
     2    0.005570    0.049822    0.232819    3.548306 v _391_/X (sky130_fd_sc_hd__and4_1)
                                                         _087_ (net)
                      0.049822    0.000031    3.548337 v _396_/A2 (sky130_fd_sc_hd__o31a_1)
     4    0.007502    0.068998    0.299109    3.847445 v _396_/X (sky130_fd_sc_hd__o31a_1)
                                                         _092_ (net)
                      0.068998    0.000064    3.847510 v _404_/A (sky130_fd_sc_hd__or4bb_1)
     3    0.007252    0.108801    0.538733    4.386243 v _404_/X (sky130_fd_sc_hd__or4bb_1)
                                                         _100_ (net)
                      0.108801    0.000056    4.386299 v _406_/B (sky130_fd_sc_hd__and3_1)
     3    0.007697    0.059526    0.211696    4.597994 v _406_/X (sky130_fd_sc_hd__and3_1)
                                                         _102_ (net)
                      0.059526    0.000023    4.598018 v _410_/A1 (sky130_fd_sc_hd__o211a_1)
     1    0.002566    0.037217    0.219571    4.817588 v _410_/X (sky130_fd_sc_hd__o211a_1)
                                                         _106_ (net)
                      0.037217    0.000012    4.817600 v _411_/B (sky130_fd_sc_hd__or2_1)
     4    0.012702    0.091333    0.252750    5.070351 v _411_/X (sky130_fd_sc_hd__or2_1)
                                                         _107_ (net)
                      0.091333    0.000028    5.070378 v _451_/A1 (sky130_fd_sc_hd__o311ai_1)
     1    0.003052    0.234662    0.288514    5.358891 ^ _451_/Y (sky130_fd_sc_hd__o311ai_1)
                                                         _145_ (net)
                      0.234662    0.000008    5.358900 ^ _452_/B1 (sky130_fd_sc_hd__a31o_1)
     3    0.013478    0.138916    0.204743    5.563643 ^ _452_/X (sky130_fd_sc_hd__a31o_1)
                                                         _146_ (net)
                      0.138916    0.000162    5.563805 ^ _463_/A2 (sky130_fd_sc_hd__o211a_1)
     3    0.014949    0.134964    0.222366    5.786171 ^ _463_/X (sky130_fd_sc_hd__o211a_1)
                                                         _156_ (net)
                      0.134964    0.000042    5.786213 ^ _464_/B (sky130_fd_sc_hd__nor2_1)
     1    0.005284    0.057712    0.069237    5.855450 v _464_/Y (sky130_fd_sc_hd__nor2_1)
                                                         net21 (net)
                      0.057712    0.000085    5.855535 v output21/A (sky130_fd_sc_hd__buf_2)
     1    0.034472    0.089700    0.186414    6.041949 v output21/X (sky130_fd_sc_hd__buf_2)
                                                         P[13] (net)
                      0.089700    0.000227    6.042176 v P[13] (out)
                                              6.042176   data arrival time

                      0.000000   10.000000   10.000000   clock __VIRTUAL_CLK__ (rise edge)
                                  0.000000   10.000000   clock network delay (ideal)
                                 -0.250000    9.750000   clock uncertainty
                                  0.000000    9.750000   clock reconvergence pessimism
                                 -2.000000    7.750000   output external delay
                                              7.750000   data required time
---------------------------------------------------------------------------------------------
                                              7.750000   data required time
                                             -6.042176   data arrival time
---------------------------------------------------------------------------------------------
                                              1.707824   slack (MET)


Startpoint: B[5] (input port clocked by __VIRTUAL_CLK__)
Endpoint: P[12] (output port clocked by __VIRTUAL_CLK__)
Path Group: __VIRTUAL_CLK__
Path Type: max

Fanout         Cap        Slew       Delay        Time   Description
---------------------------------------------------------------------------------------------
                      0.000000    0.000000    0.000000   clock __VIRTUAL_CLK__ (rise edge)
                                  0.000000    0.000000   clock network delay (ideal)
                                  2.000000    2.000000 ^ input external delay
     1    0.002860    0.019988    0.010502    2.010502 ^ B[5] (in)
                                                         B[5] (net)
                      0.019988    0.000000    2.010502 ^ input14/A (sky130_fd_sc_hd__clkbuf_1)
     1    0.004576    0.063632    0.086141    2.096643 ^ input14/X (sky130_fd_sc_hd__clkbuf_1)
                                                         net14 (net)
                      0.063632    0.000039    2.096682 ^ fanout44/A (sky130_fd_sc_hd__buf_2)
     6    0.030179    0.151148    0.191539    2.288220 ^ fanout44/X (sky130_fd_sc_hd__buf_2)
                                                         net44 (net)
                      0.151148    0.000473    2.288693 ^ fanout42/A (sky130_fd_sc_hd__buf_2)
    10    0.034201    0.170280    0.234304    2.522997 ^ fanout42/X (sky130_fd_sc_hd__buf_2)
                                                         net42 (net)
                      0.170280    0.000315    2.523312 ^ _240_/C (sky130_fd_sc_hd__nand4_2)
     5    0.011767    0.128440    0.157895    2.681207 v _240_/Y (sky130_fd_sc_hd__nand4_2)
                                                         _173_ (net)
                      0.128440    0.000061    2.681268 v _313_/C (sky130_fd_sc_hd__and3_1)
     3    0.009006    0.062919    0.242549    2.923817 v _313_/X (sky130_fd_sc_hd__and3_1)
                                                         _012_ (net)
                      0.062919    0.000035    2.923852 v _316_/B (sky130_fd_sc_hd__or3_1)
     4    0.008823    0.101584    0.391603    3.315455 v _316_/X (sky130_fd_sc_hd__or3_1)
                                                         _015_ (net)
                      0.101584    0.000032    3.315487 v _391_/D (sky130_fd_sc_hd__and4_1)
     2    0.005570    0.049822    0.232819    3.548306 v _391_/X (sky130_fd_sc_hd__and4_1)
                                                         _087_ (net)
                      0.049822    0.000031    3.548337 v _396_/A2 (sky130_fd_sc_hd__o31a_1)
     4    0.007502    0.068998    0.299109    3.847445 v _396_/X (sky130_fd_sc_hd__o31a_1)
                                                         _092_ (net)
                      0.068998    0.000064    3.847510 v _404_/A (sky130_fd_sc_hd__or4bb_1)
     3    0.007252    0.108801    0.538733    4.386243 v _404_/X (sky130_fd_sc_hd__or4bb_1)
                                                         _100_ (net)
                      0.108801    0.000056    4.386299 v _406_/B (sky130_fd_sc_hd__and3_1)
     3    0.007697    0.059526    0.211696    4.597994 v _406_/X (sky130_fd_sc_hd__and3_1)
                                                         _102_ (net)
                      0.059526    0.000023    4.598018 v _410_/A1 (sky130_fd_sc_hd__o211a_1)
     1    0.002566    0.037217    0.219571    4.817588 v _410_/X (sky130_fd_sc_hd__o211a_1)
                                                         _106_ (net)
                      0.037217    0.000012    4.817600 v _411_/B (sky130_fd_sc_hd__or2_1)
     4    0.012702    0.091333    0.252750    5.070351 v _411_/X (sky130_fd_sc_hd__or2_1)
                                                         _107_ (net)
                      0.091333    0.000028    5.070378 v _451_/A1 (sky130_fd_sc_hd__o311ai_1)
     1    0.003052    0.234662    0.288514    5.358891 ^ _451_/Y (sky130_fd_sc_hd__o311ai_1)
                                                         _145_ (net)
                      0.234662    0.000008    5.358900 ^ _452_/B1 (sky130_fd_sc_hd__a31o_1)
     3    0.013478    0.138916    0.204743    5.563643 ^ _452_/X (sky130_fd_sc_hd__a31o_1)
                                                         _146_ (net)
                      0.138916    0.000167    5.563809 ^ _453_/B (sky130_fd_sc_hd__xnor2_1)
     1    0.005625    0.169584    0.152438    5.716248 ^ _453_/Y (sky130_fd_sc_hd__xnor2_1)
                                                         net20 (net)
                      0.169584    0.000094    5.716342 ^ output20/A (sky130_fd_sc_hd__buf_2)
     1    0.034472    0.171516    0.240355    5.956697 ^ output20/X (sky130_fd_sc_hd__buf_2)
                                                         P[12] (net)
                      0.171516    0.000227    5.956924 ^ P[12] (out)
                                              5.956924   data arrival time

                      0.000000   10.000000   10.000000   clock __VIRTUAL_CLK__ (rise edge)
                                  0.000000   10.000000   clock network delay (ideal)
                                 -0.250000    9.750000   clock uncertainty
                                  0.000000    9.750000   clock reconvergence pessimism
                                 -2.000000    7.750000   output external delay
                                              7.750000   data required time
---------------------------------------------------------------------------------------------
                                              7.750000   data required time
                                             -5.956924   data arrival time
---------------------------------------------------------------------------------------------
                                              1.793076   slack (MET)


Startpoint: B[1] (input port clocked by __VIRTUAL_CLK__)
Endpoint: P[11] (output port clocked by __VIRTUAL_CLK__)
Path Group: __VIRTUAL_CLK__
Path Type: max

Fanout         Cap        Slew       Delay        Time   Description
---------------------------------------------------------------------------------------------
                      0.000000    0.000000    0.000000   clock __VIRTUAL_CLK__ (rise edge)
                                  0.000000    0.000000   clock network delay (ideal)
                                  2.000000    2.000000 ^ input external delay
     1    0.002303    0.017634    0.008556    2.008556 ^ B[1] (in)
                                                         B[1] (net)
                      0.017634    0.000000    2.008556 ^ input10/A (sky130_fd_sc_hd__dlymetal6s2s_1)
     4    0.016738    0.184434    0.177542    2.186098 ^ input10/X (sky130_fd_sc_hd__dlymetal6s2s_1)
                                                         net10 (net)
                      0.184436    0.000378    2.186476 ^ fanout48/A (sky130_fd_sc_hd__clkbuf_4)
    10    0.036123    0.118153    0.238660    2.425136 ^ fanout48/X (sky130_fd_sc_hd__clkbuf_4)
                                                         net48 (net)
                      0.118153    0.000269    2.425405 ^ _247_/D (sky130_fd_sc_hd__nand4_2)
     5    0.014010    0.146062    0.164196    2.589602 v _247_/Y (sky130_fd_sc_hd__nand4_2)
                                                         _180_ (net)
                      0.146062    0.000050    2.589652 v _249_/S (sky130_fd_sc_hd__mux2_1)
     4    0.011243    0.094033    0.394203    2.983855 v _249_/X (sky130_fd_sc_hd__mux2_1)
                                                         _182_ (net)
                      0.094033    0.000087    2.983942 v _252_/B (sky130_fd_sc_hd__xor2_1)
     3    0.006281    0.068071    0.171188    3.155130 v _252_/X (sky130_fd_sc_hd__xor2_1)
                                                         _185_ (net)
                      0.068071    0.000008    3.155137 v _257_/B (sky130_fd_sc_hd__and3_1)
     3    0.010569    0.069232    0.205391    3.360528 v _257_/X (sky130_fd_sc_hd__and3_1)
                                                         _190_ (net)
                      0.069232    0.000138    3.360666 v _277_/A (sky130_fd_sc_hd__or4_1)
     3    0.006964    0.113556    0.559014    3.919680 v _277_/X (sky130_fd_sc_hd__or4_1)
                                                         _210_ (net)
                      0.113556    0.000021    3.919701 v _280_/A2 (sky130_fd_sc_hd__a21o_1)
     3    0.007164    0.051745    0.219396    4.139097 v _280_/X (sky130_fd_sc_hd__a21o_1)
                                                         _213_ (net)
                      0.051745    0.000027    4.139124 v _283_/A2 (sky130_fd_sc_hd__a21o_1)
     2    0.005464    0.045727    0.187038    4.326162 v _283_/X (sky130_fd_sc_hd__a21o_1)
                                                         _216_ (net)
                      0.045727    0.000012    4.326175 v _292_/C1 (sky130_fd_sc_hd__o211a_1)
     4    0.009362    0.067334    0.135453    4.461628 v _292_/X (sky130_fd_sc_hd__o211a_1)
                                                         _225_ (net)
                      0.067334    0.000040    4.461668 v _301_/A (sky130_fd_sc_hd__or3_1)
     3    0.008932    0.098686    0.417205    4.878873 v _301_/X (sky130_fd_sc_hd__or3_1)
                                                         _001_ (net)
                      0.098686    0.000052    4.878925 v _356_/A1 (sky130_fd_sc_hd__a21oi_2)
     4    0.019147    0.250150    0.263873    5.142798 ^ _356_/Y (sky130_fd_sc_hd__a21oi_2)
                                                         _054_ (net)
                      0.250151    0.000544    5.143342 ^ _414_/A1 (sky130_fd_sc_hd__a21boi_1)
     2    0.007163    0.100972    0.132996    5.276337 v _414_/Y (sky130_fd_sc_hd__a21boi_1)
                                                         _110_ (net)
                      0.100972    0.000013    5.276350 v _433_/A2 (sky130_fd_sc_hd__o21ai_1)
     1    0.005348    0.145769    0.165581    5.441932 ^ _433_/Y (sky130_fd_sc_hd__o21ai_1)
                                                         _128_ (net)
                      0.145769    0.000020    5.441951 ^ _434_/B (sky130_fd_sc_hd__xnor2_1)
     1    0.005419    0.165609    0.152039    5.593990 ^ _434_/Y (sky130_fd_sc_hd__xnor2_1)
                                                         net19 (net)
                      0.165609    0.000086    5.594077 ^ output19/A (sky130_fd_sc_hd__buf_2)
     1    0.034472    0.171511    0.239280    5.833356 ^ output19/X (sky130_fd_sc_hd__buf_2)
                                                         P[11] (net)
                      0.171511    0.000227    5.833583 ^ P[11] (out)
                                              5.833583   data arrival time

                      0.000000   10.000000   10.000000   clock __VIRTUAL_CLK__ (rise edge)
                                  0.000000   10.000000   clock network delay (ideal)
                                 -0.250000    9.750000   clock uncertainty
                                  0.000000    9.750000   clock reconvergence pessimism
                                 -2.000000    7.750000   output external delay
                                              7.750000   data required time
---------------------------------------------------------------------------------------------
                                              7.750000   data required time
                                             -5.833583   data arrival time
---------------------------------------------------------------------------------------------
                                              1.916416   slack (MET)


Startpoint: B[1] (input port clocked by __VIRTUAL_CLK__)
Endpoint: P[9] (output port clocked by __VIRTUAL_CLK__)
Path Group: __VIRTUAL_CLK__
Path Type: max

Fanout         Cap        Slew       Delay        Time   Description
---------------------------------------------------------------------------------------------
                      0.000000    0.000000    0.000000   clock __VIRTUAL_CLK__ (rise edge)
                                  0.000000    0.000000   clock network delay (ideal)
                                  2.000000    2.000000 ^ input external delay
     1    0.002303    0.017634    0.008556    2.008556 ^ B[1] (in)
                                                         B[1] (net)
                      0.017634    0.000000    2.008556 ^ input10/A (sky130_fd_sc_hd__dlymetal6s2s_1)
     4    0.016738    0.184434    0.177542    2.186098 ^ input10/X (sky130_fd_sc_hd__dlymetal6s2s_1)
                                                         net10 (net)
                      0.184436    0.000378    2.186476 ^ fanout48/A (sky130_fd_sc_hd__clkbuf_4)
    10    0.036123    0.118153    0.238660    2.425136 ^ fanout48/X (sky130_fd_sc_hd__clkbuf_4)
                                                         net48 (net)
                      0.118153    0.000269    2.425405 ^ _247_/D (sky130_fd_sc_hd__nand4_2)
     5    0.014010    0.146062    0.164196    2.589602 v _247_/Y (sky130_fd_sc_hd__nand4_2)
                                                         _180_ (net)
                      0.146062    0.000050    2.589652 v _249_/S (sky130_fd_sc_hd__mux2_1)
     4    0.011243    0.094033    0.394203    2.983855 v _249_/X (sky130_fd_sc_hd__mux2_1)
                                                         _182_ (net)
                      0.094033    0.000087    2.983942 v _252_/B (sky130_fd_sc_hd__xor2_1)
     3    0.006281    0.068071    0.171188    3.155130 v _252_/X (sky130_fd_sc_hd__xor2_1)
                                                         _185_ (net)
                      0.068071    0.000008    3.155137 v _257_/B (sky130_fd_sc_hd__and3_1)
     3    0.010569    0.069232    0.205391    3.360528 v _257_/X (sky130_fd_sc_hd__and3_1)
                                                         _190_ (net)
                      0.069232    0.000138    3.360666 v _277_/A (sky130_fd_sc_hd__or4_1)
     3    0.006964    0.113556    0.559014    3.919680 v _277_/X (sky130_fd_sc_hd__or4_1)
                                                         _210_ (net)
                      0.113556    0.000021    3.919701 v _280_/A2 (sky130_fd_sc_hd__a21o_1)
     3    0.007164    0.051745    0.219396    4.139097 v _280_/X (sky130_fd_sc_hd__a21o_1)
                                                         _213_ (net)
                      0.051745    0.000027    4.139124 v _283_/A2 (sky130_fd_sc_hd__a21o_1)
     2    0.005464    0.045727    0.187038    4.326162 v _283_/X (sky130_fd_sc_hd__a21o_1)
                                                         _216_ (net)
                      0.045727    0.000012    4.326175 v _292_/C1 (sky130_fd_sc_hd__o211a_1)
     4    0.009362    0.067334    0.135453    4.461628 v _292_/X (sky130_fd_sc_hd__o211a_1)
                                                         _225_ (net)
                      0.067334    0.000040    4.461668 v _301_/A (sky130_fd_sc_hd__or3_1)
     3    0.008932    0.098686    0.417205    4.878873 v _301_/X (sky130_fd_sc_hd__or3_1)
                                                         _001_ (net)
                      0.098686    0.000052    4.878925 v _356_/A1 (sky130_fd_sc_hd__a21oi_2)
     4    0.019147    0.250150    0.263873    5.142798 ^ _356_/Y (sky130_fd_sc_hd__a21oi_2)
                                                         _054_ (net)
                      0.250151    0.000466    5.143264 ^ _357_/B (sky130_fd_sc_hd__and2b_1)
     1    0.002663    0.044367    0.158026    5.301290 ^ _357_/X (sky130_fd_sc_hd__and2b_1)
                                                         _055_ (net)
                      0.044367    0.000002    5.301291 ^ _359_/B (sky130_fd_sc_hd__nor2_1)
     1    0.004854    0.065370    0.042756    5.344048 v _359_/Y (sky130_fd_sc_hd__nor2_1)
                                                         _056_ (net)
                      0.065370    0.000012    5.344060 v _384_/A (sky130_fd_sc_hd__xnor2_1)
     1    0.006539    0.187495    0.209289    5.553349 ^ _384_/Y (sky130_fd_sc_hd__xnor2_1)
                                                         net32 (net)
                      0.187495    0.000091    5.553441 ^ output32/A (sky130_fd_sc_hd__buf_2)
     1    0.034141    0.169980    0.244182    5.797622 ^ output32/X (sky130_fd_sc_hd__buf_2)
                                                         P[9] (net)
                      0.169980    0.000115    5.797737 ^ P[9] (out)
                                              5.797737   data arrival time

                      0.000000   10.000000   10.000000   clock __VIRTUAL_CLK__ (rise edge)
                                  0.000000   10.000000   clock network delay (ideal)
                                 -0.250000    9.750000   clock uncertainty
                                  0.000000    9.750000   clock reconvergence pessimism
                                 -2.000000    7.750000   output external delay
                                              7.750000   data required time
---------------------------------------------------------------------------------------------
                                              7.750000   data required time
                                             -5.797737   data arrival time
---------------------------------------------------------------------------------------------
                                              1.952263   slack (MET)


Startpoint: B[5] (input port clocked by __VIRTUAL_CLK__)
Endpoint: P[10] (output port clocked by __VIRTUAL_CLK__)
Path Group: __VIRTUAL_CLK__
Path Type: max

Fanout         Cap        Slew       Delay        Time   Description
---------------------------------------------------------------------------------------------
                      0.000000    0.000000    0.000000   clock __VIRTUAL_CLK__ (rise edge)
                                  0.000000    0.000000   clock network delay (ideal)
                                  2.000000    2.000000 v input external delay
     1    0.002684    0.008363    0.004216    2.004216 v B[5] (in)
                                                         B[5] (net)
                      0.008363    0.000000    2.004216 v input14/A (sky130_fd_sc_hd__clkbuf_1)
     1    0.004416    0.034791    0.079882    2.084099 v input14/X (sky130_fd_sc_hd__clkbuf_1)
                                                         net14 (net)
                      0.034791    0.000037    2.084135 v fanout44/A (sky130_fd_sc_hd__buf_2)
     6    0.029253    0.078747    0.166528    2.250663 v fanout44/X (sky130_fd_sc_hd__buf_2)
                                                         net44 (net)
                      0.078749    0.000460    2.251122 v fanout42/A (sky130_fd_sc_hd__buf_2)
    10    0.032268    0.085097    0.191696    2.442818 v fanout42/X (sky130_fd_sc_hd__buf_2)
                                                         net42 (net)
                      0.085098    0.000439    2.443257 v _239_/C (sky130_fd_sc_hd__and4_1)
     5    0.011483    0.073135    0.241676    2.684934 v _239_/X (sky130_fd_sc_hd__and4_1)
                                                         _172_ (net)
                      0.073135    0.000039    2.684972 v _333_/A (sky130_fd_sc_hd__or4_1)
     2    0.004852    0.099178    0.540850    3.225822 v _333_/X (sky130_fd_sc_hd__or4_1)
                                                         _031_ (net)
                      0.099178    0.000014    3.225836 v _335_/A (sky130_fd_sc_hd__and2_1)
     2    0.008343    0.057926    0.181584    3.407420 v _335_/X (sky130_fd_sc_hd__and2_1)
                                                         _033_ (net)
                      0.057926    0.000027    3.407447 v _360_/A4 (sky130_fd_sc_hd__a41o_1)
     1    0.005270    0.049792    0.249430    3.656877 v _360_/X (sky130_fd_sc_hd__a41o_1)
                                                         _057_ (net)
                      0.049792    0.000029    3.656906 v _367_/A (sky130_fd_sc_hd__xnor2_1)
     2    0.008767    0.087792    0.154678    3.811584 v _367_/Y (sky130_fd_sc_hd__xnor2_1)
                                                         _064_ (net)
                      0.087792    0.000162    3.811746 v _376_/A (sky130_fd_sc_hd__or3_2)
     5    0.016306    0.117636    0.548881    4.360628 v _376_/X (sky130_fd_sc_hd__or3_2)
                                                         _073_ (net)
                      0.117636    0.000060    4.360687 v _379_/B1 (sky130_fd_sc_hd__a22o_1)
     2    0.004701    0.050554    0.211540    4.572227 v _379_/X (sky130_fd_sc_hd__a22o_1)
                                                         _076_ (net)
                      0.050554    0.000016    4.572243 v _382_/A2 (sky130_fd_sc_hd__a21o_1)
     2    0.004560    0.041976    0.182295    4.754538 v _382_/X (sky130_fd_sc_hd__a21o_1)
                                                         _079_ (net)
                      0.041976    0.000012    4.754550 v _383_/B (sky130_fd_sc_hd__and2b_1)
     2    0.006993    0.051522    0.169487    4.924037 v _383_/X (sky130_fd_sc_hd__and2b_1)
                                                         _080_ (net)
                      0.051522    0.000015    4.924052 v _412_/B (sky130_fd_sc_hd__and2b_1)
     2    0.007216    0.052522    0.174589    5.098641 v _412_/X (sky130_fd_sc_hd__and2b_1)
                                                         _108_ (net)
                      0.052522    0.000061    5.098702 v _414_/A2 (sky130_fd_sc_hd__a21boi_1)
     2    0.007818    0.202017    0.207657    5.306359 ^ _414_/Y (sky130_fd_sc_hd__a21boi_1)
                                                         _110_ (net)
                      0.202017    0.000024    5.306384 ^ _415_/B (sky130_fd_sc_hd__xor2_1)
     1    0.005763    0.163037    0.202267    5.508651 ^ _415_/X (sky130_fd_sc_hd__xor2_1)
                                                         net18 (net)
                      0.163037    0.000098    5.508748 ^ output18/A (sky130_fd_sc_hd__buf_2)
     1    0.034472    0.171508    0.238584    5.747333 ^ output18/X (sky130_fd_sc_hd__buf_2)
                                                         P[10] (net)
                      0.171508    0.000227    5.747560 ^ P[10] (out)
                                              5.747560   data arrival time

                      0.000000   10.000000   10.000000   clock __VIRTUAL_CLK__ (rise edge)
                                  0.000000   10.000000   clock network delay (ideal)
                                 -0.250000    9.750000   clock uncertainty
                                  0.000000    9.750000   clock reconvergence pessimism
                                 -2.000000    7.750000   output external delay
                                              7.750000   data required time
---------------------------------------------------------------------------------------------
                                              7.750000   data required time
                                             -5.747560   data arrival time
---------------------------------------------------------------------------------------------
                                              2.002440   slack (MET)


Startpoint: B[1] (input port clocked by __VIRTUAL_CLK__)
Endpoint: P[8] (output port clocked by __VIRTUAL_CLK__)
Path Group: __VIRTUAL_CLK__
Path Type: max

Fanout         Cap        Slew       Delay        Time   Description
---------------------------------------------------------------------------------------------
                      0.000000    0.000000    0.000000   clock __VIRTUAL_CLK__ (rise edge)
                                  0.000000    0.000000   clock network delay (ideal)
                                  2.000000    2.000000 ^ input external delay
     1    0.002303    0.017634    0.008556    2.008556 ^ B[1] (in)
                                                         B[1] (net)
                      0.017634    0.000000    2.008556 ^ input10/A (sky130_fd_sc_hd__dlymetal6s2s_1)
     4    0.016738    0.184434    0.177542    2.186098 ^ input10/X (sky130_fd_sc_hd__dlymetal6s2s_1)
                                                         net10 (net)
                      0.184436    0.000378    2.186476 ^ fanout48/A (sky130_fd_sc_hd__clkbuf_4)
    10    0.036123    0.118153    0.238660    2.425136 ^ fanout48/X (sky130_fd_sc_hd__clkbuf_4)
                                                         net48 (net)
                      0.118153    0.000269    2.425405 ^ _247_/D (sky130_fd_sc_hd__nand4_2)
     5    0.014010    0.146062    0.164196    2.589602 v _247_/Y (sky130_fd_sc_hd__nand4_2)
                                                         _180_ (net)
                      0.146062    0.000050    2.589652 v _249_/S (sky130_fd_sc_hd__mux2_1)
     4    0.011243    0.094033    0.394203    2.983855 v _249_/X (sky130_fd_sc_hd__mux2_1)
                                                         _182_ (net)
                      0.094033    0.000087    2.983942 v _252_/B (sky130_fd_sc_hd__xor2_1)
     3    0.006281    0.068071    0.171188    3.155130 v _252_/X (sky130_fd_sc_hd__xor2_1)
                                                         _185_ (net)
                      0.068071    0.000008    3.155137 v _257_/B (sky130_fd_sc_hd__and3_1)
     3    0.010569    0.069232    0.205391    3.360528 v _257_/X (sky130_fd_sc_hd__and3_1)
                                                         _190_ (net)
                      0.069232    0.000138    3.360666 v _277_/A (sky130_fd_sc_hd__or4_1)
     3    0.006964    0.113556    0.559014    3.919680 v _277_/X (sky130_fd_sc_hd__or4_1)
                                                         _210_ (net)
                      0.113556    0.000021    3.919701 v _280_/A2 (sky130_fd_sc_hd__a21o_1)
     3    0.007164    0.051745    0.219396    4.139097 v _280_/X (sky130_fd_sc_hd__a21o_1)
                                                         _213_ (net)
                      0.051745    0.000027    4.139124 v _283_/A2 (sky130_fd_sc_hd__a21o_1)
     2    0.005464    0.045727    0.187038    4.326162 v _283_/X (sky130_fd_sc_hd__a21o_1)
                                                         _216_ (net)
                      0.045727    0.000012    4.326175 v _292_/C1 (sky130_fd_sc_hd__o211a_1)
     4    0.009362    0.067334    0.135453    4.461628 v _292_/X (sky130_fd_sc_hd__o211a_1)
                                                         _225_ (net)
                      0.067334    0.000040    4.461668 v _301_/A (sky130_fd_sc_hd__or3_1)
     3    0.008932    0.098686    0.417205    4.878873 v _301_/X (sky130_fd_sc_hd__or3_1)
                                                         _001_ (net)
                      0.098686    0.000052    4.878925 v _356_/A1 (sky130_fd_sc_hd__a21oi_2)
     4    0.019147    0.250150    0.263873    5.142798 ^ _356_/Y (sky130_fd_sc_hd__a21oi_2)
                                                         _054_ (net)
                      0.250151    0.000438    5.143236 ^ _358_/B (sky130_fd_sc_hd__xnor2_1)
     1    0.005289    0.163030    0.169573    5.312809 ^ _358_/Y (sky130_fd_sc_hd__xnor2_1)
                                                         net31 (net)
                      0.163030    0.000056    5.312864 ^ output31/A (sky130_fd_sc_hd__buf_2)
     1    0.033984    0.169211    0.237071    5.549935 ^ output31/X (sky130_fd_sc_hd__buf_2)
                                                         P[8] (net)
                      0.169211    0.000079    5.550014 ^ P[8] (out)
                                              5.550014   data arrival time

                      0.000000   10.000000   10.000000   clock __VIRTUAL_CLK__ (rise edge)
                                  0.000000   10.000000   clock network delay (ideal)
                                 -0.250000    9.750000   clock uncertainty
                                  0.000000    9.750000   clock reconvergence pessimism
                                 -2.000000    7.750000   output external delay
                                              7.750000   data required time
---------------------------------------------------------------------------------------------
                                              7.750000   data required time
                                             -5.550014   data arrival time
---------------------------------------------------------------------------------------------
                                              2.199986   slack (MET)


Startpoint: B[1] (input port clocked by __VIRTUAL_CLK__)
Endpoint: P[7] (output port clocked by __VIRTUAL_CLK__)
Path Group: __VIRTUAL_CLK__
Path Type: max

Fanout         Cap        Slew       Delay        Time   Description
---------------------------------------------------------------------------------------------
                      0.000000    0.000000    0.000000   clock __VIRTUAL_CLK__ (rise edge)
                                  0.000000    0.000000   clock network delay (ideal)
                                  2.000000    2.000000 ^ input external delay
     1    0.002303    0.017634    0.008556    2.008556 ^ B[1] (in)
                                                         B[1] (net)
                      0.017634    0.000000    2.008556 ^ input10/A (sky130_fd_sc_hd__dlymetal6s2s_1)
     4    0.016738    0.184434    0.177542    2.186098 ^ input10/X (sky130_fd_sc_hd__dlymetal6s2s_1)
                                                         net10 (net)
                      0.184436    0.000378    2.186476 ^ fanout48/A (sky130_fd_sc_hd__clkbuf_4)
    10    0.036123    0.118153    0.238660    2.425136 ^ fanout48/X (sky130_fd_sc_hd__clkbuf_4)
                                                         net48 (net)
                      0.118153    0.000269    2.425405 ^ _247_/D (sky130_fd_sc_hd__nand4_2)
     5    0.014010    0.146062    0.164196    2.589602 v _247_/Y (sky130_fd_sc_hd__nand4_2)
                                                         _180_ (net)
                      0.146062    0.000050    2.589652 v _249_/S (sky130_fd_sc_hd__mux2_1)
     4    0.011243    0.094033    0.394203    2.983855 v _249_/X (sky130_fd_sc_hd__mux2_1)
                                                         _182_ (net)
                      0.094033    0.000087    2.983942 v _252_/B (sky130_fd_sc_hd__xor2_1)
     3    0.006281    0.068071    0.171188    3.155130 v _252_/X (sky130_fd_sc_hd__xor2_1)
                                                         _185_ (net)
                      0.068071    0.000008    3.155137 v _257_/B (sky130_fd_sc_hd__and3_1)
     3    0.010569    0.069232    0.205391    3.360528 v _257_/X (sky130_fd_sc_hd__and3_1)
                                                         _190_ (net)
                      0.069232    0.000138    3.360666 v _277_/A (sky130_fd_sc_hd__or4_1)
     3    0.006964    0.113556    0.559014    3.919680 v _277_/X (sky130_fd_sc_hd__or4_1)
                                                         _210_ (net)
                      0.113556    0.000021    3.919701 v _280_/A2 (sky130_fd_sc_hd__a21o_1)
     3    0.007164    0.051745    0.219396    4.139097 v _280_/X (sky130_fd_sc_hd__a21o_1)
                                                         _213_ (net)
                      0.051745    0.000027    4.139124 v _283_/A2 (sky130_fd_sc_hd__a21o_1)
     2    0.005464    0.045727    0.187038    4.326162 v _283_/X (sky130_fd_sc_hd__a21o_1)
                                                         _216_ (net)
                      0.045727    0.000012    4.326175 v _292_/C1 (sky130_fd_sc_hd__o211a_1)
     4    0.009362    0.067334    0.135453    4.461628 v _292_/X (sky130_fd_sc_hd__o211a_1)
                                                         _225_ (net)
                      0.067334    0.000040    4.461668 v _301_/A (sky130_fd_sc_hd__or3_1)
     3    0.008932    0.098686    0.417205    4.878873 v _301_/X (sky130_fd_sc_hd__or3_1)
                                                         _001_ (net)
                      0.098686    0.000036    4.878909 v _327_/B (sky130_fd_sc_hd__and2b_1)
     1    0.004898    0.044016    0.185331    5.064240 v _327_/X (sky130_fd_sc_hd__and2b_1)
                                                         _026_ (net)
                      0.044016    0.000013    5.064253 v _328_/B (sky130_fd_sc_hd__xnor2_1)
     1    0.004440    0.146768    0.150890    5.215143 ^ _328_/Y (sky130_fd_sc_hd__xnor2_1)
                                                         net30 (net)
                      0.146768    0.000039    5.215182 ^ output30/A (sky130_fd_sc_hd__buf_2)
     1    0.033967    0.171734    0.232673    5.447855 ^ output30/X (sky130_fd_sc_hd__buf_2)
                                                         P[7] (net)
                      0.171734    0.000075    5.447929 ^ P[7] (out)
                                              5.447929   data arrival time

                      0.000000   10.000000   10.000000   clock __VIRTUAL_CLK__ (rise edge)
                                  0.000000   10.000000   clock network delay (ideal)
                                 -0.250000    9.750000   clock uncertainty
                                  0.000000    9.750000   clock reconvergence pessimism
                                 -2.000000    7.750000   output external delay
                                              7.750000   data required time
---------------------------------------------------------------------------------------------
                                              7.750000   data required time
                                             -5.447929   data arrival time
---------------------------------------------------------------------------------------------
                                              2.302071   slack (MET)


Startpoint: B[1] (input port clocked by __VIRTUAL_CLK__)
Endpoint: P[6] (output port clocked by __VIRTUAL_CLK__)
Path Group: __VIRTUAL_CLK__
Path Type: max

Fanout         Cap        Slew       Delay        Time   Description
---------------------------------------------------------------------------------------------
                      0.000000    0.000000    0.000000   clock __VIRTUAL_CLK__ (rise edge)
                                  0.000000    0.000000   clock network delay (ideal)
                                  2.000000    2.000000 ^ input external delay
     1    0.002303    0.017634    0.008556    2.008556 ^ B[1] (in)
                                                         B[1] (net)
                      0.017634    0.000000    2.008556 ^ input10/A (sky130_fd_sc_hd__dlymetal6s2s_1)
     4    0.016738    0.184434    0.177542    2.186098 ^ input10/X (sky130_fd_sc_hd__dlymetal6s2s_1)
                                                         net10 (net)
                      0.184436    0.000378    2.186476 ^ fanout48/A (sky130_fd_sc_hd__clkbuf_4)
    10    0.036123    0.118153    0.238660    2.425136 ^ fanout48/X (sky130_fd_sc_hd__clkbuf_4)
                                                         net48 (net)
                      0.118153    0.000269    2.425405 ^ _247_/D (sky130_fd_sc_hd__nand4_2)
     5    0.014010    0.146062    0.164196    2.589602 v _247_/Y (sky130_fd_sc_hd__nand4_2)
                                                         _180_ (net)
                      0.146062    0.000050    2.589652 v _249_/S (sky130_fd_sc_hd__mux2_1)
     4    0.011243    0.094033    0.394203    2.983855 v _249_/X (sky130_fd_sc_hd__mux2_1)
                                                         _182_ (net)
                      0.094033    0.000087    2.983942 v _252_/B (sky130_fd_sc_hd__xor2_1)
     3    0.006281    0.068071    0.171188    3.155130 v _252_/X (sky130_fd_sc_hd__xor2_1)
                                                         _185_ (net)
                      0.068071    0.000008    3.155137 v _257_/B (sky130_fd_sc_hd__and3_1)
     3    0.010569    0.069232    0.205391    3.360528 v _257_/X (sky130_fd_sc_hd__and3_1)
                                                         _190_ (net)
                      0.069232    0.000138    3.360666 v _277_/A (sky130_fd_sc_hd__or4_1)
     3    0.006964    0.113556    0.559014    3.919680 v _277_/X (sky130_fd_sc_hd__or4_1)
                                                         _210_ (net)
                      0.113556    0.000021    3.919701 v _280_/A2 (sky130_fd_sc_hd__a21o_1)
     3    0.007164    0.051745    0.219396    4.139097 v _280_/X (sky130_fd_sc_hd__a21o_1)
                                                         _213_ (net)
                      0.051745    0.000027    4.139124 v _283_/A2 (sky130_fd_sc_hd__a21o_1)
     2    0.005464    0.045727    0.187038    4.326162 v _283_/X (sky130_fd_sc_hd__a21o_1)
                                                         _216_ (net)
                      0.045727    0.000012    4.326175 v _292_/C1 (sky130_fd_sc_hd__o211a_1)
     4    0.009362    0.067334    0.135453    4.461628 v _292_/X (sky130_fd_sc_hd__o211a_1)
                                                         _225_ (net)
                      0.067334    0.000040    4.461668 v _301_/A (sky130_fd_sc_hd__or3_1)
     3    0.008932    0.098686    0.417205    4.878873 v _301_/X (sky130_fd_sc_hd__or3_1)
                                                         _001_ (net)
                      0.098686    0.000029    4.878902 v _303_/A (sky130_fd_sc_hd__and2_1)
     1    0.004046    0.040252    0.162061    5.040963 v _303_/X (sky130_fd_sc_hd__and2_1)
                                                         net29 (net)
                      0.040252    0.000033    5.040996 v output29/A (sky130_fd_sc_hd__buf_2)
     1    0.034141    0.089025    0.178255    5.219251 v output29/X (sky130_fd_sc_hd__buf_2)
                                                         P[6] (net)
                      0.089025    0.000115    5.219366 v P[6] (out)
                                              5.219366   data arrival time

                      0.000000   10.000000   10.000000   clock __VIRTUAL_CLK__ (rise edge)
                                  0.000000   10.000000   clock network delay (ideal)
                                 -0.250000    9.750000   clock uncertainty
                                  0.000000    9.750000   clock reconvergence pessimism
                                 -2.000000    7.750000   output external delay
                                              7.750000   data required time
---------------------------------------------------------------------------------------------
                                              7.750000   data required time
                                             -5.219366   data arrival time
---------------------------------------------------------------------------------------------
                                              2.530634   slack (MET)


Startpoint: B[1] (input port clocked by __VIRTUAL_CLK__)
Endpoint: P[5] (output port clocked by __VIRTUAL_CLK__)
Path Group: __VIRTUAL_CLK__
Path Type: max

Fanout         Cap        Slew       Delay        Time   Description
---------------------------------------------------------------------------------------------
                      0.000000    0.000000    0.000000   clock __VIRTUAL_CLK__ (rise edge)
                                  0.000000    0.000000   clock network delay (ideal)
                                  2.000000    2.000000 ^ input external delay
     1    0.002303    0.017634    0.008556    2.008556 ^ B[1] (in)
                                                         B[1] (net)
                      0.017634    0.000000    2.008556 ^ input10/A (sky130_fd_sc_hd__dlymetal6s2s_1)
     4    0.016738    0.184434    0.177542    2.186098 ^ input10/X (sky130_fd_sc_hd__dlymetal6s2s_1)
                                                         net10 (net)
                      0.184436    0.000378    2.186476 ^ fanout48/A (sky130_fd_sc_hd__clkbuf_4)
    10    0.036123    0.118153    0.238660    2.425136 ^ fanout48/X (sky130_fd_sc_hd__clkbuf_4)
                                                         net48 (net)
                      0.118153    0.000269    2.425405 ^ _247_/D (sky130_fd_sc_hd__nand4_2)
     5    0.014010    0.146062    0.164196    2.589602 v _247_/Y (sky130_fd_sc_hd__nand4_2)
                                                         _180_ (net)
                      0.146062    0.000050    2.589652 v _249_/S (sky130_fd_sc_hd__mux2_1)
     4    0.011243    0.094033    0.394203    2.983855 v _249_/X (sky130_fd_sc_hd__mux2_1)
                                                         _182_ (net)
                      0.094033    0.000056    2.983912 v _269_/B (sky130_fd_sc_hd__or4_1)
     2    0.006150    0.108021    0.541773    3.525685 v _269_/X (sky130_fd_sc_hd__or4_1)
                                                         _202_ (net)
                      0.108021    0.000011    3.525696 v _286_/B1 (sky130_fd_sc_hd__o41a_1)
     1    0.005571    0.074305    0.145655    3.671351 v _286_/X (sky130_fd_sc_hd__o41a_1)
                                                         _219_ (net)
                      0.074305    0.000037    3.671388 v _287_/B (sky130_fd_sc_hd__xnor2_1)
     2    0.008479    0.233637    0.223700    3.895087 ^ _287_/Y (sky130_fd_sc_hd__xnor2_1)
                                                         _220_ (net)
                      0.233637    0.000068    3.895155 ^ _290_/B (sky130_fd_sc_hd__xnor2_1)
     2    0.007588    0.215558    0.184388    4.079543 ^ _290_/Y (sky130_fd_sc_hd__xnor2_1)
                                                         _223_ (net)
                      0.215558    0.000040    4.079583 ^ _294_/B (sky130_fd_sc_hd__xnor2_1)
     2    0.004252    0.062914    0.102309    4.181892 v _294_/Y (sky130_fd_sc_hd__xnor2_1)
                                                         _227_ (net)
                      0.062914    0.000011    4.181903 v _472_/A (sky130_fd_sc_hd__or3_1)
     1    0.001781    0.059177    0.355842    4.537745 v _472_/X (sky130_fd_sc_hd__or3_1)
                                                         _162_ (net)
                      0.059177    0.000003    4.537748 v _473_/B (sky130_fd_sc_hd__and2_1)
     1    0.002398    0.034325    0.153974    4.691721 v _473_/X (sky130_fd_sc_hd__and2_1)
                                                         net28 (net)
                      0.034325    0.000007    4.691729 v output28/A (sky130_fd_sc_hd__buf_2)
     1    0.033967    0.088675    0.175408    4.867136 v output28/X (sky130_fd_sc_hd__buf_2)
                                                         P[5] (net)
                      0.088675    0.000075    4.867212 v P[5] (out)
                                              4.867212   data arrival time

                      0.000000   10.000000   10.000000   clock __VIRTUAL_CLK__ (rise edge)
                                  0.000000   10.000000   clock network delay (ideal)
                                 -0.250000    9.750000   clock uncertainty
                                  0.000000    9.750000   clock reconvergence pessimism
                                 -2.000000    7.750000   output external delay
                                              7.750000   data required time
---------------------------------------------------------------------------------------------
                                              7.750000   data required time
                                             -4.867212   data arrival time
---------------------------------------------------------------------------------------------
                                              2.882788   slack (MET)


Startpoint: B[1] (input port clocked by __VIRTUAL_CLK__)
Endpoint: P[4] (output port clocked by __VIRTUAL_CLK__)
Path Group: __VIRTUAL_CLK__
Path Type: max

Fanout         Cap        Slew       Delay        Time   Description
---------------------------------------------------------------------------------------------
                      0.000000    0.000000    0.000000   clock __VIRTUAL_CLK__ (rise edge)
                                  0.000000    0.000000   clock network delay (ideal)
                                  2.000000    2.000000 ^ input external delay
     1    0.002303    0.017634    0.008556    2.008556 ^ B[1] (in)
                                                         B[1] (net)
                      0.017634    0.000000    2.008556 ^ input10/A (sky130_fd_sc_hd__dlymetal6s2s_1)
     4    0.016738    0.184434    0.177542    2.186098 ^ input10/X (sky130_fd_sc_hd__dlymetal6s2s_1)
                                                         net10 (net)
                      0.184436    0.000378    2.186476 ^ fanout48/A (sky130_fd_sc_hd__clkbuf_4)
    10    0.036123    0.118153    0.238660    2.425136 ^ fanout48/X (sky130_fd_sc_hd__clkbuf_4)
                                                         net48 (net)
                      0.118153    0.000269    2.425405 ^ _247_/D (sky130_fd_sc_hd__nand4_2)
     5    0.014010    0.146062    0.164196    2.589602 v _247_/Y (sky130_fd_sc_hd__nand4_2)
                                                         _180_ (net)
                      0.146062    0.000050    2.589652 v _249_/S (sky130_fd_sc_hd__mux2_1)
     4    0.011243    0.094033    0.394203    2.983855 v _249_/X (sky130_fd_sc_hd__mux2_1)
                                                         _182_ (net)
                      0.094033    0.000087    2.983942 v _252_/B (sky130_fd_sc_hd__xor2_1)
     3    0.006609    0.184452    0.194134    3.178076 ^ _252_/X (sky130_fd_sc_hd__xor2_1)
                                                         _185_ (net)
                      0.184452    0.000020    3.178096 ^ _256_/A (sky130_fd_sc_hd__nand2_1)
     2    0.007428    0.082311    0.107879    3.285976 v _256_/Y (sky130_fd_sc_hd__nand2_1)
                                                         _189_ (net)
                      0.082311    0.000043    3.286018 v _296_/A (sky130_fd_sc_hd__xnor2_1)
     2    0.010574    0.267739    0.276547    3.562566 ^ _296_/Y (sky130_fd_sc_hd__xnor2_1)
                                                         _229_ (net)
                      0.267739    0.000177    3.562742 ^ _298_/B (sky130_fd_sc_hd__xnor2_1)
     2    0.004425    0.071231    0.113461    3.676203 v _298_/Y (sky130_fd_sc_hd__xnor2_1)
                                                         _231_ (net)
                      0.071231    0.000011    3.676214 v _299_/C (sky130_fd_sc_hd__and3_1)
     3    0.006537    0.054492    0.204357    3.880571 v _299_/X (sky130_fd_sc_hd__and3_1)
                                                         _232_ (net)
                      0.054492    0.000002    3.880573 v _481_/A (sky130_fd_sc_hd__nor2_1)
     1    0.002504    0.073522    0.096286    3.976859 ^ _481_/Y (sky130_fd_sc_hd__nor2_1)
                                                         net27 (net)
                      0.073522    0.000008    3.976866 ^ output27/A (sky130_fd_sc_hd__buf_2)
     1    0.034072    0.169283    0.208341    4.185208 ^ output27/X (sky130_fd_sc_hd__buf_2)
                                                         P[4] (net)
                      0.169283    0.000099    4.185307 ^ P[4] (out)
                                              4.185307   data arrival time

                      0.000000   10.000000   10.000000   clock __VIRTUAL_CLK__ (rise edge)
                                  0.000000   10.000000   clock network delay (ideal)
                                 -0.250000    9.750000   clock uncertainty
                                  0.000000    9.750000   clock reconvergence pessimism
                                 -2.000000    7.750000   output external delay
                                              7.750000   data required time
---------------------------------------------------------------------------------------------
                                              7.750000   data required time
                                             -4.185307   data arrival time
---------------------------------------------------------------------------------------------
                                              3.564693   slack (MET)


Startpoint: B[1] (input port clocked by __VIRTUAL_CLK__)
Endpoint: P[3] (output port clocked by __VIRTUAL_CLK__)
Path Group: __VIRTUAL_CLK__
Path Type: max

Fanout         Cap        Slew       Delay        Time   Description
---------------------------------------------------------------------------------------------
                      0.000000    0.000000    0.000000   clock __VIRTUAL_CLK__ (rise edge)
                                  0.000000    0.000000   clock network delay (ideal)
                                  2.000000    2.000000 ^ input external delay
     1    0.002303    0.017634    0.008556    2.008556 ^ B[1] (in)
                                                         B[1] (net)
                      0.017634    0.000000    2.008556 ^ input10/A (sky130_fd_sc_hd__dlymetal6s2s_1)
     4    0.016738    0.184434    0.177542    2.186098 ^ input10/X (sky130_fd_sc_hd__dlymetal6s2s_1)
                                                         net10 (net)
                      0.184436    0.000378    2.186476 ^ fanout48/A (sky130_fd_sc_hd__clkbuf_4)
    10    0.036123    0.118153    0.238660    2.425136 ^ fanout48/X (sky130_fd_sc_hd__clkbuf_4)
                                                         net48 (net)
                      0.118153    0.000269    2.425405 ^ _247_/D (sky130_fd_sc_hd__nand4_2)
     5    0.014010    0.146062    0.164196    2.589602 v _247_/Y (sky130_fd_sc_hd__nand4_2)
                                                         _180_ (net)
                      0.146062    0.000050    2.589652 v _249_/S (sky130_fd_sc_hd__mux2_1)
     4    0.011243    0.094033    0.394203    2.983855 v _249_/X (sky130_fd_sc_hd__mux2_1)
                                                         _182_ (net)
                      0.094033    0.000087    2.983942 v _252_/B (sky130_fd_sc_hd__xor2_1)
     3    0.006281    0.068071    0.171188    3.155130 v _252_/X (sky130_fd_sc_hd__xor2_1)
                                                         _185_ (net)
                      0.068071    0.000021    3.155151 v _478_/A (sky130_fd_sc_hd__or2_1)
     1    0.001692    0.042647    0.219706    3.374857 v _478_/X (sky130_fd_sc_hd__or2_1)
                                                         _164_ (net)
                      0.042647    0.000002    3.374859 v _479_/B (sky130_fd_sc_hd__and2_1)
     1    0.002958    0.035758    0.149916    3.524775 v _479_/X (sky130_fd_sc_hd__and2_1)
                                                         net26 (net)
                      0.035758    0.000020    3.524795 v output26/A (sky130_fd_sc_hd__buf_2)
     1    0.034344    0.089532    0.176631    3.701426 v output26/X (sky130_fd_sc_hd__buf_2)
                                                         P[3] (net)
                      0.089532    0.000197    3.701623 v P[3] (out)
                                              3.701623   data arrival time

                      0.000000   10.000000   10.000000   clock __VIRTUAL_CLK__ (rise edge)
                                  0.000000   10.000000   clock network delay (ideal)
                                 -0.250000    9.750000   clock uncertainty
                                  0.000000    9.750000   clock reconvergence pessimism
                                 -2.000000    7.750000   output external delay
                                              7.750000   data required time
---------------------------------------------------------------------------------------------
                                              7.750000   data required time
                                             -3.701623   data arrival time
---------------------------------------------------------------------------------------------
                                              4.048377   slack (MET)


Startpoint: B[1] (input port clocked by __VIRTUAL_CLK__)
Endpoint: P[2] (output port clocked by __VIRTUAL_CLK__)
Path Group: __VIRTUAL_CLK__
Path Type: max

Fanout         Cap        Slew       Delay        Time   Description
---------------------------------------------------------------------------------------------
                      0.000000    0.000000    0.000000   clock __VIRTUAL_CLK__ (rise edge)
                                  0.000000    0.000000   clock network delay (ideal)
                                  2.000000    2.000000 ^ input external delay
     1    0.002303    0.017634    0.008556    2.008556 ^ B[1] (in)
                                                         B[1] (net)
                      0.017634    0.000000    2.008556 ^ input10/A (sky130_fd_sc_hd__dlymetal6s2s_1)
     4    0.016738    0.184434    0.177542    2.186098 ^ input10/X (sky130_fd_sc_hd__dlymetal6s2s_1)
                                                         net10 (net)
                      0.184436    0.000378    2.186476 ^ fanout48/A (sky130_fd_sc_hd__clkbuf_4)
    10    0.036123    0.118153    0.238660    2.425136 ^ fanout48/X (sky130_fd_sc_hd__clkbuf_4)
                                                         net48 (net)
                      0.118153    0.000269    2.425405 ^ _247_/D (sky130_fd_sc_hd__nand4_2)
     5    0.014010    0.146062    0.164196    2.589602 v _247_/Y (sky130_fd_sc_hd__nand4_2)
                                                         _180_ (net)
                      0.146062    0.000040    2.589642 v _254_/C (sky130_fd_sc_hd__and4_1)
     4    0.011305    0.072383    0.269267    2.858909 v _254_/X (sky130_fd_sc_hd__and4_1)
                                                         _187_ (net)
                      0.072383    0.000037    2.858946 v _255_/A (sky130_fd_sc_hd__inv_2)
     2    0.006114    0.039494    0.062282    2.921228 ^ _255_/Y (sky130_fd_sc_hd__inv_2)
                                                         _188_ (net)
                      0.039494    0.000008    2.921237 ^ _477_/A (sky130_fd_sc_hd__and2_1)
     1    0.002682    0.045106    0.107034    3.028271 ^ _477_/X (sky130_fd_sc_hd__and2_1)
                                                         net25 (net)
                      0.045106    0.000013    3.028284 ^ output25/A (sky130_fd_sc_hd__buf_2)
     1    0.034296    0.170244    0.198429    3.226713 ^ output25/X (sky130_fd_sc_hd__buf_2)
                                                         P[2] (net)
                      0.170244    0.000191    3.226904 ^ P[2] (out)
                                              3.226904   data arrival time

                      0.000000   10.000000   10.000000   clock __VIRTUAL_CLK__ (rise edge)
                                  0.000000   10.000000   clock network delay (ideal)
                                 -0.250000    9.750000   clock uncertainty
                                  0.000000    9.750000   clock reconvergence pessimism
                                 -2.000000    7.750000   output external delay
                                              7.750000   data required time
---------------------------------------------------------------------------------------------
                                              7.750000   data required time
                                             -3.226904   data arrival time
---------------------------------------------------------------------------------------------
                                              4.523096   slack (MET)


Startpoint: B[1] (input port clocked by __VIRTUAL_CLK__)
Endpoint: P[1] (output port clocked by __VIRTUAL_CLK__)
Path Group: __VIRTUAL_CLK__
Path Type: max

Fanout         Cap        Slew       Delay        Time   Description
---------------------------------------------------------------------------------------------
                      0.000000    0.000000    0.000000   clock __VIRTUAL_CLK__ (rise edge)
                                  0.000000    0.000000   clock network delay (ideal)
                                  2.000000    2.000000 ^ input external delay
     1    0.002303    0.017634    0.008556    2.008556 ^ B[1] (in)
                                                         B[1] (net)
                      0.017634    0.000000    2.008556 ^ input10/A (sky130_fd_sc_hd__dlymetal6s2s_1)
     4    0.016738    0.184434    0.177542    2.186098 ^ input10/X (sky130_fd_sc_hd__dlymetal6s2s_1)
                                                         net10 (net)
                      0.184436    0.000378    2.186476 ^ fanout48/A (sky130_fd_sc_hd__clkbuf_4)
    10    0.036123    0.118153    0.238660    2.425136 ^ fanout48/X (sky130_fd_sc_hd__clkbuf_4)
                                                         net48 (net)
                      0.118153    0.000291    2.425427 ^ _475_/B (sky130_fd_sc_hd__and2_1)
     1    0.002505    0.045474    0.133225    2.558653 ^ _475_/X (sky130_fd_sc_hd__and2_1)
                                                         mul_ll.mul_ll.pp2 (net)
                      0.045474    0.000004    2.558657 ^ _483_/A (sky130_fd_sc_hd__clkbuf_1)
     1    0.002309    0.040179    0.076701    2.635358 ^ _483_/X (sky130_fd_sc_hd__clkbuf_1)
                                                         net24 (net)
                      0.040179    0.000007    2.635365 ^ output24/A (sky130_fd_sc_hd__buf_2)
     1    0.034296    0.170235    0.196543    2.831907 ^ output24/X (sky130_fd_sc_hd__buf_2)
                                                         P[1] (net)
                      0.170235    0.000191    2.832098 ^ P[1] (out)
                                              2.832098   data arrival time

                      0.000000   10.000000   10.000000   clock __VIRTUAL_CLK__ (rise edge)
                                  0.000000   10.000000   clock network delay (ideal)
                                 -0.250000    9.750000   clock uncertainty
                                  0.000000    9.750000   clock reconvergence pessimism
                                 -2.000000    7.750000   output external delay
                                              7.750000   data required time
---------------------------------------------------------------------------------------------
                                              7.750000   data required time
                                             -2.832098   data arrival time
---------------------------------------------------------------------------------------------
                                              4.917902   slack (MET)


Startpoint: A[0] (input port clocked by __VIRTUAL_CLK__)
Endpoint: P[0] (output port clocked by __VIRTUAL_CLK__)
Path Group: __VIRTUAL_CLK__
Path Type: max

Fanout         Cap        Slew       Delay        Time   Description
---------------------------------------------------------------------------------------------
                      0.000000    0.000000    0.000000   clock __VIRTUAL_CLK__ (rise edge)
                                  0.000000    0.000000   clock network delay (ideal)
                                  2.000000    2.000000 ^ input external delay
     1    0.002777    0.019635    0.010218    2.010218 ^ A[0] (in)
                                                         A[0] (net)
                      0.019635    0.000000    2.010218 ^ input1/A (sky130_fd_sc_hd__dlymetal6s2s_1)
     2    0.015905    0.176690    0.172843    2.183061 ^ input1/X (sky130_fd_sc_hd__dlymetal6s2s_1)
                                                         net1 (net)
                      0.176692    0.000492    2.183552 ^ fanout51/A (sky130_fd_sc_hd__buf_1)
     5    0.012871    0.157716    0.190082    2.373634 ^ fanout51/X (sky130_fd_sc_hd__buf_1)
                                                         net51 (net)
                      0.157716    0.000091    2.373725 ^ _474_/A (sky130_fd_sc_hd__and2_1)
     1    0.002401    0.045379    0.141162    2.514887 ^ _474_/X (sky130_fd_sc_hd__and2_1)
                                                         mul_ll.mul_ll.pp1 (net)
                      0.045379    0.000002    2.514889 ^ _482_/A (sky130_fd_sc_hd__clkbuf_1)
     1    0.002477    0.042056    0.078043    2.592932 ^ _482_/X (sky130_fd_sc_hd__clkbuf_1)
                                                         net17 (net)
                      0.042056    0.000007    2.592939 ^ output17/A (sky130_fd_sc_hd__buf_2)
     1    0.034089    0.169268    0.196636    2.789576 ^ output17/X (sky130_fd_sc_hd__buf_2)
                                                         P[0] (net)
                      0.169268    0.000103    2.789679 ^ P[0] (out)
                                              2.789679   data arrival time

                      0.000000   10.000000   10.000000   clock __VIRTUAL_CLK__ (rise edge)
                                  0.000000   10.000000   clock network delay (ideal)
                                 -0.250000    9.750000   clock uncertainty
                                  0.000000    9.750000   clock reconvergence pessimism
                                 -2.000000    7.750000   output external delay
                                              7.750000   data required time
---------------------------------------------------------------------------------------------
                                              7.750000   data required time
                                             -2.789679   data arrival time
---------------------------------------------------------------------------------------------
                                              4.960321   slack (MET)



