
===========================================================================
report_checks -path_delay min (Hold)
============================================================================
======================= nom_ss_100C_1v60 Corner ===================================

Startpoint: B[0] (input port clocked by __VIRTUAL_CLK__)
Endpoint: P[0] (output port clocked by __VIRTUAL_CLK__)
Path Group: __VIRTUAL_CLK__
Path Type: min

Fanout         Cap        Slew       Delay        Time   Description
---------------------------------------------------------------------------------------------
                      0.000000    0.000000    0.000000   clock __VIRTUAL_CLK__ (rise edge)
                                  0.000000    0.000000   clock network delay (ideal)
                                  2.000000    2.000000 ^ input external delay
     1    0.005787    0.052535    0.031505    2.031505 ^ B[0] (in)
                                                         B[0] (net)
                      0.052536    0.000000    2.031505 ^ input9/A (sky130_fd_sc_hd__buf_6)
     6    0.039626    0.138189    0.225705    2.257210 ^ input9/X (sky130_fd_sc_hd__buf_6)
                                                         net9 (net)
                      0.138191    0.000911    2.258121 ^ fanout34/A (sky130_fd_sc_hd__buf_8)
     5    0.026754    0.087294    0.220902    2.479023 ^ fanout34/X (sky130_fd_sc_hd__buf_8)
                                                         net34 (net)
                      0.087294    0.000299    2.479322 ^ _282_/A (sky130_fd_sc_hd__and2_1)
     3    0.008386    0.155652    0.286102    2.765424 ^ _282_/X (sky130_fd_sc_hd__and2_1)
                                                         net17 (net)
                      0.155652    0.000210    2.765634 ^ output17/A (sky130_fd_sc_hd__buf_2)
     1    0.034076    0.270889    0.382533    3.148166 ^ output17/X (sky130_fd_sc_hd__buf_2)
                                                         P[0] (net)
                      0.270889    0.000705    3.148872 ^ P[0] (out)
                                              3.148872   data arrival time

                      0.000000    0.000000    0.000000   clock __VIRTUAL_CLK__ (rise edge)
                                  0.000000    0.000000   clock network delay (ideal)
                                  0.250000    0.250000   clock uncertainty
                                  0.000000    0.250000   clock reconvergence pessimism
                                 -2.000000   -1.750000   output external delay
                                             -1.750000   data required time
---------------------------------------------------------------------------------------------
                                             -1.750000   data required time
                                             -3.148872   data arrival time
---------------------------------------------------------------------------------------------
                                              4.898872   slack (MET)


Startpoint: B[1] (input port clocked by __VIRTUAL_CLK__)
Endpoint: P[1] (output port clocked by __VIRTUAL_CLK__)
Path Group: __VIRTUAL_CLK__
Path Type: min

Fanout         Cap        Slew       Delay        Time   Description
---------------------------------------------------------------------------------------------
                      0.000000    0.000000    0.000000   clock __VIRTUAL_CLK__ (rise edge)
                                  0.000000    0.000000   clock network delay (ideal)
                                  2.000000    2.000000 ^ input external delay
     1    0.003127    0.034415    0.017516    2.017516 ^ B[1] (in)
                                                         B[1] (net)
                      0.034415    0.000000    2.017516 ^ input10/A (sky130_fd_sc_hd__buf_4)
     2    0.020527    0.110687    0.220744    2.238259 ^ input10/X (sky130_fd_sc_hd__buf_4)
                                                         net10 (net)
                      0.110688    0.000558    2.238817 ^ fanout46/A (sky130_fd_sc_hd__buf_6)
    10    0.043521    0.149702    0.260469    2.499287 ^ fanout46/X (sky130_fd_sc_hd__buf_6)
                                                         net46 (net)
                      0.149703    0.000910    2.500196 ^ _285_/A (sky130_fd_sc_hd__and3_1)
     1    0.002467    0.082375    0.300060    2.800256 ^ _285_/X (sky130_fd_sc_hd__and3_1)
                                                         net24 (net)
                      0.082375    0.000072    2.800328 ^ output24/A (sky130_fd_sc_hd__buf_2)
     1    0.034169    0.271442    0.348654    3.148982 ^ output24/X (sky130_fd_sc_hd__buf_2)
                                                         P[1] (net)
                      0.271442    0.000707    3.149689 ^ P[1] (out)
                                              3.149689   data arrival time

                      0.000000    0.000000    0.000000   clock __VIRTUAL_CLK__ (rise edge)
                                  0.000000    0.000000   clock network delay (ideal)
                                  0.250000    0.250000   clock uncertainty
                                  0.000000    0.250000   clock reconvergence pessimism
                                 -2.000000   -1.750000   output external delay
                                             -1.750000   data required time
---------------------------------------------------------------------------------------------
                                             -1.750000   data required time
                                             -3.149689   data arrival time
---------------------------------------------------------------------------------------------
                                              4.899689   slack (MET)


Startpoint: B[0] (input port clocked by __VIRTUAL_CLK__)
Endpoint: P[5] (output port clocked by __VIRTUAL_CLK__)
Path Group: __VIRTUAL_CLK__
Path Type: min

Fanout         Cap        Slew       Delay        Time   Description
---------------------------------------------------------------------------------------------
                      0.000000    0.000000    0.000000   clock __VIRTUAL_CLK__ (rise edge)
                                  0.000000    0.000000   clock network delay (ideal)
                                  2.000000    2.000000 ^ input external delay
     1    0.005787    0.052535    0.031505    2.031505 ^ B[0] (in)
                                                         B[0] (net)
                      0.052536    0.000000    2.031505 ^ input9/A (sky130_fd_sc_hd__buf_6)
     6    0.039626    0.138189    0.225705    2.257210 ^ input9/X (sky130_fd_sc_hd__buf_6)
                                                         net9 (net)
                      0.138313    0.002462    2.259673 ^ _363_/A1 (sky130_fd_sc_hd__a31o_1)
     2    0.008971    0.156534    0.365707    2.625380 ^ _363_/X (sky130_fd_sc_hd__a31o_1)
                                                         _022_ (net)
                      0.156534    0.000313    2.625693 ^ _563_/B (sky130_fd_sc_hd__xnor2_1)
     1    0.005936    0.119210    0.186620    2.812313 v _563_/Y (sky130_fd_sc_hd__xnor2_1)
                                                         net28 (net)
                      0.119210    0.000254    2.812566 v output28/A (sky130_fd_sc_hd__buf_2)
     1    0.034399    0.166463    0.368440    3.181006 v output28/X (sky130_fd_sc_hd__buf_2)
                                                         P[5] (net)
                      0.166464    0.000748    3.181754 v P[5] (out)
                                              3.181754   data arrival time

                      0.000000    0.000000    0.000000   clock __VIRTUAL_CLK__ (rise edge)
                                  0.000000    0.000000   clock network delay (ideal)
                                  0.250000    0.250000   clock uncertainty
                                  0.000000    0.250000   clock reconvergence pessimism
                                 -2.000000   -1.750000   output external delay
                                             -1.750000   data required time
---------------------------------------------------------------------------------------------
                                             -1.750000   data required time
                                             -3.181754   data arrival time
---------------------------------------------------------------------------------------------
                                              4.931754   slack (MET)


Startpoint: A[4] (input port clocked by __VIRTUAL_CLK__)
Endpoint: P[4] (output port clocked by __VIRTUAL_CLK__)
Path Group: __VIRTUAL_CLK__
Path Type: min

Fanout         Cap        Slew       Delay        Time   Description
---------------------------------------------------------------------------------------------
                      0.000000    0.000000    0.000000   clock __VIRTUAL_CLK__ (rise edge)
                                  0.000000    0.000000   clock network delay (ideal)
                                  2.000000    2.000000 v input external delay
     1    0.002960    0.019072    0.009742    2.009742 v A[4] (in)
                                                         A[4] (net)
                      0.019072    0.000000    2.009742 v input5/A (sky130_fd_sc_hd__clkbuf_2)
     2    0.021727    0.159098    0.251900    2.261641 v input5/X (sky130_fd_sc_hd__clkbuf_2)
                                                         net5 (net)
                      0.159104    0.001235    2.262876 v fanout37/A (sky130_fd_sc_hd__buf_6)
     9    0.026845    0.068200    0.280037    2.542913 v fanout37/X (sky130_fd_sc_hd__buf_6)
                                                         net37 (net)
                      0.068200    0.000279    2.543192 v _304_/B (sky130_fd_sc_hd__nand2_1)
     3    0.011762    0.183648    0.188558    2.731750 ^ _304_/Y (sky130_fd_sc_hd__nand2_1)
                                                         _238_ (net)
                      0.183649    0.000333    2.732083 ^ _320_/A (sky130_fd_sc_hd__xnor2_1)
     1    0.006080    0.120195    0.217918    2.950001 v _320_/Y (sky130_fd_sc_hd__xnor2_1)
                                                         net27 (net)
                      0.120195    0.000268    2.950268 v output27/A (sky130_fd_sc_hd__buf_2)
     1    0.034393    0.166439    0.368894    3.319163 v output27/X (sky130_fd_sc_hd__buf_2)
                                                         P[4] (net)
                      0.166440    0.000748    3.319911 v P[4] (out)
                                              3.319911   data arrival time

                      0.000000    0.000000    0.000000   clock __VIRTUAL_CLK__ (rise edge)
                                  0.000000    0.000000   clock network delay (ideal)
                                  0.250000    0.250000   clock uncertainty
                                  0.000000    0.250000   clock reconvergence pessimism
                                 -2.000000   -1.750000   output external delay
                                             -1.750000   data required time
---------------------------------------------------------------------------------------------
                                             -1.750000   data required time
                                             -3.319911   data arrival time
---------------------------------------------------------------------------------------------
                                              5.069911   slack (MET)


Startpoint: B[7] (input port clocked by __VIRTUAL_CLK__)
Endpoint: P[15] (output port clocked by __VIRTUAL_CLK__)
Path Group: __VIRTUAL_CLK__
Path Type: min

Fanout         Cap        Slew       Delay        Time   Description
---------------------------------------------------------------------------------------------
                      0.000000    0.000000    0.000000   clock __VIRTUAL_CLK__ (rise edge)
                                  0.000000    0.000000   clock network delay (ideal)
                                  2.000000    2.000000 ^ input external delay
     1    0.003367    0.036028    0.018790    2.018790 ^ B[7] (in)
                                                         B[7] (net)
                      0.036028    0.000000    2.018790 ^ input16/A (sky130_fd_sc_hd__clkbuf_2)
     5    0.023614    0.208619    0.276523    2.295313 ^ input16/X (sky130_fd_sc_hd__clkbuf_2)
                                                         net16 (net)
                      0.208627    0.001575    2.296887 ^ _556_/A1 (sky130_fd_sc_hd__a31o_1)
     2    0.006033    0.114183    0.358692    2.655579 ^ _556_/X (sky130_fd_sc_hd__a31o_1)
                                                         _207_ (net)
                      0.114183    0.000164    2.655744 ^ _561_/A2 (sky130_fd_sc_hd__a21bo_1)
     1    0.003091    0.063324    0.224607    2.880351 ^ _561_/X (sky130_fd_sc_hd__a21bo_1)
                                                         _211_ (net)
                      0.063324    0.000065    2.880416 ^ _562_/B (sky130_fd_sc_hd__or3b_4)
     1    0.012149    0.088495    0.230340    3.110756 ^ _562_/X (sky130_fd_sc_hd__or3b_4)
                                                         net23 (net)
                      0.088498    0.000670    3.111426 ^ output23/A (sky130_fd_sc_hd__buf_8)
     1    0.034912    0.106011    0.213876    3.325302 ^ output23/X (sky130_fd_sc_hd__buf_8)
                                                         P[15] (net)
                      0.106017    0.000921    3.326222 ^ P[15] (out)
                                              3.326222   data arrival time

                      0.000000    0.000000    0.000000   clock __VIRTUAL_CLK__ (rise edge)
                                  0.000000    0.000000   clock network delay (ideal)
                                  0.250000    0.250000   clock uncertainty
                                  0.000000    0.250000   clock reconvergence pessimism
                                 -2.000000   -1.750000   output external delay
                                             -1.750000   data required time
---------------------------------------------------------------------------------------------
                                             -1.750000   data required time
                                             -3.326222   data arrival time
---------------------------------------------------------------------------------------------
                                              5.076222   slack (MET)


Startpoint: B[1] (input port clocked by __VIRTUAL_CLK__)
Endpoint: P[2] (output port clocked by __VIRTUAL_CLK__)
Path Group: __VIRTUAL_CLK__
Path Type: min

Fanout         Cap        Slew       Delay        Time   Description
---------------------------------------------------------------------------------------------
                      0.000000    0.000000    0.000000   clock __VIRTUAL_CLK__ (rise edge)
                                  0.000000    0.000000   clock network delay (ideal)
                                  2.000000    2.000000 ^ input external delay
     1    0.003127    0.034415    0.017516    2.017516 ^ B[1] (in)
                                                         B[1] (net)
                      0.034415    0.000000    2.017516 ^ input10/A (sky130_fd_sc_hd__buf_4)
     2    0.020527    0.110687    0.220744    2.238259 ^ input10/X (sky130_fd_sc_hd__buf_4)
                                                         net10 (net)
                      0.110688    0.000558    2.238817 ^ fanout46/A (sky130_fd_sc_hd__buf_6)
    10    0.043521    0.149702    0.260469    2.499287 ^ fanout46/X (sky130_fd_sc_hd__buf_6)
                                                         net46 (net)
                      0.149716    0.001625    2.500912 ^ _289_/A1 (sky130_fd_sc_hd__a21o_1)
     2    0.005196    0.087019    0.258495    2.759407 ^ _289_/X (sky130_fd_sc_hd__a21o_1)
                                                         _225_ (net)
                      0.087019    0.000114    2.759521 ^ _291_/B1 (sky130_fd_sc_hd__a22oi_1)
     1    0.004656    0.140408    0.148895    2.908416 v _291_/Y (sky130_fd_sc_hd__a22oi_1)
                                                         _227_ (net)
                      0.140408    0.000170    2.908586 v _292_/B (sky130_fd_sc_hd__nor2_1)
     1    0.002683    0.128987    0.166133    3.074719 ^ _292_/Y (sky130_fd_sc_hd__nor2_1)
                                                         net25 (net)
                      0.128987    0.000078    3.074797 ^ output25/A (sky130_fd_sc_hd__buf_2)
     1    0.034113    0.271106    0.370251    3.445048 ^ output25/X (sky130_fd_sc_hd__buf_2)
                                                         P[2] (net)
                      0.271106    0.000663    3.445711 ^ P[2] (out)
                                              3.445711   data arrival time

                      0.000000    0.000000    0.000000   clock __VIRTUAL_CLK__ (rise edge)
                                  0.000000    0.000000   clock network delay (ideal)
                                  0.250000    0.250000   clock uncertainty
                                  0.000000    0.250000   clock reconvergence pessimism
                                 -2.000000   -1.750000   output external delay
                                             -1.750000   data required time
---------------------------------------------------------------------------------------------
                                             -1.750000   data required time
                                             -3.445711   data arrival time
---------------------------------------------------------------------------------------------
                                              5.195711   slack (MET)


Startpoint: B[7] (input port clocked by __VIRTUAL_CLK__)
Endpoint: P[14] (output port clocked by __VIRTUAL_CLK__)
Path Group: __VIRTUAL_CLK__
Path Type: min

Fanout         Cap        Slew       Delay        Time   Description
---------------------------------------------------------------------------------------------
                      0.000000    0.000000    0.000000   clock __VIRTUAL_CLK__ (rise edge)
                                  0.000000    0.000000   clock network delay (ideal)
                                  2.000000    2.000000 v input external delay
     1    0.003182    0.019929    0.010443    2.010443 v B[7] (in)
                                                         B[7] (net)
                      0.019929    0.000000    2.010443 v input16/A (sky130_fd_sc_hd__clkbuf_2)
     5    0.023065    0.167892    0.258625    2.269068 v input16/X (sky130_fd_sc_hd__clkbuf_2)
                                                         net16 (net)
                      0.167904    0.001533    2.270602 v _556_/A1 (sky130_fd_sc_hd__a31o_1)
     2    0.005645    0.086145    0.387748    2.658350 v _556_/X (sky130_fd_sc_hd__a31o_1)
                                                         _207_ (net)
                      0.086145    0.000137    2.658487 v _557_/B (sky130_fd_sc_hd__nand2_1)
     1    0.009007    0.152128    0.169520    2.828007 ^ _557_/Y (sky130_fd_sc_hd__nand2_1)
                                                         _208_ (net)
                      0.152128    0.000278    2.828285 ^ _558_/B (sky130_fd_sc_hd__xnor2_2)
     2    0.021352    0.187153    0.318360    3.146646 ^ _558_/Y (sky130_fd_sc_hd__xnor2_2)
                                                         _209_ (net)
                      0.187157    0.001244    3.147889 ^ _560_/B (sky130_fd_sc_hd__xor2_2)
     1    0.007056    0.072279    0.180391    3.328280 v _560_/X (sky130_fd_sc_hd__xor2_2)
                                                         net22 (net)
                      0.072322    0.000285    3.328566 v output22/A (sky130_fd_sc_hd__buf_6)
     1    0.033987    0.075587    0.247668    3.576234 v output22/X (sky130_fd_sc_hd__buf_6)
                                                         P[14] (net)
                      0.075592    0.000634    3.576868 v P[14] (out)
                                              3.576868   data arrival time

                      0.000000    0.000000    0.000000   clock __VIRTUAL_CLK__ (rise edge)
                                  0.000000    0.000000   clock network delay (ideal)
                                  0.250000    0.250000   clock uncertainty
                                  0.000000    0.250000   clock reconvergence pessimism
                                 -2.000000   -1.750000   output external delay
                                             -1.750000   data required time
---------------------------------------------------------------------------------------------
                                             -1.750000   data required time
                                             -3.576868   data arrival time
---------------------------------------------------------------------------------------------
                                              5.326868   slack (MET)


Startpoint: B[0] (input port clocked by __VIRTUAL_CLK__)
Endpoint: P[6] (output port clocked by __VIRTUAL_CLK__)
Path Group: __VIRTUAL_CLK__
Path Type: min

Fanout         Cap        Slew       Delay        Time   Description
---------------------------------------------------------------------------------------------
                      0.000000    0.000000    0.000000   clock __VIRTUAL_CLK__ (rise edge)
                                  0.000000    0.000000   clock network delay (ideal)
                                  2.000000    2.000000 ^ input external delay
     1    0.005787    0.052535    0.031505    2.031505 ^ B[0] (in)
                                                         B[0] (net)
                      0.052536    0.000000    2.031505 ^ input9/A (sky130_fd_sc_hd__buf_6)
     6    0.039626    0.138189    0.225705    2.257210 ^ input9/X (sky130_fd_sc_hd__buf_6)
                                                         net9 (net)
                      0.138313    0.002462    2.259673 ^ _363_/A1 (sky130_fd_sc_hd__a31o_1)
     2    0.008971    0.156534    0.365707    2.625380 ^ _363_/X (sky130_fd_sc_hd__a31o_1)
                                                         _022_ (net)
                      0.156534    0.000299    2.625679 ^ _364_/B (sky130_fd_sc_hd__and2b_1)
     2    0.015949    0.241461    0.393258    3.018937 ^ _364_/X (sky130_fd_sc_hd__and2b_1)
                                                         _023_ (net)
                      0.241461    0.000406    3.019343 ^ _365_/B (sky130_fd_sc_hd__xor2_1)
     1    0.005790    0.089265    0.221590    3.240932 v _365_/X (sky130_fd_sc_hd__xor2_1)
                                                         net29 (net)
                      0.089265    0.000206    3.241138 v output29/A (sky130_fd_sc_hd__buf_2)
     1    0.034393    0.166397    0.353980    3.595118 v output29/X (sky130_fd_sc_hd__buf_2)
                                                         P[6] (net)
                      0.166398    0.000748    3.595866 v P[6] (out)
                                              3.595866   data arrival time

                      0.000000    0.000000    0.000000   clock __VIRTUAL_CLK__ (rise edge)
                                  0.000000    0.000000   clock network delay (ideal)
                                  0.250000    0.250000   clock uncertainty
                                  0.000000    0.250000   clock reconvergence pessimism
                                 -2.000000   -1.750000   output external delay
                                             -1.750000   data required time
---------------------------------------------------------------------------------------------
                                             -1.750000   data required time
                                             -3.595866   data arrival time
---------------------------------------------------------------------------------------------
                                              5.345866   slack (MET)


Startpoint: B[0] (input port clocked by __VIRTUAL_CLK__)
Endpoint: P[3] (output port clocked by __VIRTUAL_CLK__)
Path Group: __VIRTUAL_CLK__
Path Type: min

Fanout         Cap        Slew       Delay        Time   Description
---------------------------------------------------------------------------------------------
                      0.000000    0.000000    0.000000   clock __VIRTUAL_CLK__ (rise edge)
                                  0.000000    0.000000   clock network delay (ideal)
                                  2.000000    2.000000 v input external delay
     1    0.005408    0.028729    0.017449    2.017449 v B[0] (in)
                                                         B[0] (net)
                      0.028730    0.000000    2.017449 v input9/A (sky130_fd_sc_hd__buf_6)
     6    0.038537    0.081362    0.232423    2.249872 v input9/X (sky130_fd_sc_hd__buf_6)
                                                         net9 (net)
                      0.081413    0.001851    2.251723 v clone39/A (sky130_fd_sc_hd__clkbuf_1)
     4    0.024162    0.277180    0.338980    2.590703 v clone39/X (sky130_fd_sc_hd__clkbuf_1)
                                                         net88 (net)
                      0.277180    0.000673    2.591376 v _290_/B (sky130_fd_sc_hd__and4_1)
     3    0.020433    0.199448    0.590786    3.182161 v _290_/X (sky130_fd_sc_hd__and4_1)
                                                         _226_ (net)
                      0.199448    0.000748    3.182909 v _303_/A (sky130_fd_sc_hd__xnor2_1)
     1    0.002010    0.061721    0.265053    3.447962 v _303_/Y (sky130_fd_sc_hd__xnor2_1)
                                                         net26 (net)
                      0.061721    0.000040    3.448002 v output26/A (sky130_fd_sc_hd__buf_2)
     1    0.034089    0.165257    0.340178    3.788180 v output26/X (sky130_fd_sc_hd__buf_2)
                                                         P[3] (net)
                      0.165258    0.000705    3.788885 v P[3] (out)
                                              3.788885   data arrival time

                      0.000000    0.000000    0.000000   clock __VIRTUAL_CLK__ (rise edge)
                                  0.000000    0.000000   clock network delay (ideal)
                                  0.250000    0.250000   clock uncertainty
                                  0.000000    0.250000   clock reconvergence pessimism
                                 -2.000000   -1.750000   output external delay
                                             -1.750000   data required time
---------------------------------------------------------------------------------------------
                                             -1.750000   data required time
                                             -3.788885   data arrival time
---------------------------------------------------------------------------------------------
                                              5.538885   slack (MET)


Startpoint: B[0] (input port clocked by __VIRTUAL_CLK__)
Endpoint: P[7] (output port clocked by __VIRTUAL_CLK__)
Path Group: __VIRTUAL_CLK__
Path Type: min

Fanout         Cap        Slew       Delay        Time   Description
---------------------------------------------------------------------------------------------
                      0.000000    0.000000    0.000000   clock __VIRTUAL_CLK__ (rise edge)
                                  0.000000    0.000000   clock network delay (ideal)
                                  2.000000    2.000000 ^ input external delay
     1    0.005787    0.052535    0.031505    2.031505 ^ B[0] (in)
                                                         B[0] (net)
                      0.052536    0.000000    2.031505 ^ input9/A (sky130_fd_sc_hd__buf_6)
     6    0.039626    0.138189    0.225705    2.257210 ^ input9/X (sky130_fd_sc_hd__buf_6)
                                                         net9 (net)
                      0.138313    0.002462    2.259673 ^ _363_/A1 (sky130_fd_sc_hd__a31o_1)
     2    0.008971    0.156534    0.365707    2.625380 ^ _363_/X (sky130_fd_sc_hd__a31o_1)
                                                         _022_ (net)
                      0.156534    0.000299    2.625679 ^ _364_/B (sky130_fd_sc_hd__and2b_1)
     2    0.015949    0.241461    0.393258    3.018937 ^ _364_/X (sky130_fd_sc_hd__and2b_1)
                                                         _023_ (net)
                      0.241461    0.000578    3.019515 ^ _397_/A1 (sky130_fd_sc_hd__a21oi_4)
     2    0.016432    0.068204    0.194878    3.214392 v _397_/Y (sky130_fd_sc_hd__a21oi_4)
                                                         _055_ (net)
                      0.068206    0.000645    3.215038 v _398_/B (sky130_fd_sc_hd__xor2_1)
     1    0.006338    0.093303    0.291081    3.506119 v _398_/X (sky130_fd_sc_hd__xor2_1)
                                                         net30 (net)
                      0.093303    0.000284    3.506403 v output30/A (sky130_fd_sc_hd__buf_2)
     1    0.034393    0.166403    0.355927    3.862330 v output30/X (sky130_fd_sc_hd__buf_2)
                                                         P[7] (net)
                      0.166403    0.000747    3.863078 v P[7] (out)
                                              3.863078   data arrival time

                      0.000000    0.000000    0.000000   clock __VIRTUAL_CLK__ (rise edge)
                                  0.000000    0.000000   clock network delay (ideal)
                                  0.250000    0.250000   clock uncertainty
                                  0.000000    0.250000   clock reconvergence pessimism
                                 -2.000000   -1.750000   output external delay
                                             -1.750000   data required time
---------------------------------------------------------------------------------------------
                                             -1.750000   data required time
                                             -3.863078   data arrival time
---------------------------------------------------------------------------------------------
                                              5.613077   slack (MET)


Startpoint: B[4] (input port clocked by __VIRTUAL_CLK__)
Endpoint: P[9] (output port clocked by __VIRTUAL_CLK__)
Path Group: __VIRTUAL_CLK__
Path Type: min

Fanout         Cap        Slew       Delay        Time   Description
---------------------------------------------------------------------------------------------
                      0.000000    0.000000    0.000000   clock __VIRTUAL_CLK__ (rise edge)
                                  0.000000    0.000000   clock network delay (ideal)
                                  2.000000    2.000000 ^ input external delay
     1    0.002851    0.032588    0.016060    2.016060 ^ B[4] (in)
                                                         B[4] (net)
                      0.032588    0.000000    2.016060 ^ input13/A (sky130_fd_sc_hd__clkbuf_4)
    10    0.055000    0.270271    0.376619    2.392679 ^ input13/X (sky130_fd_sc_hd__clkbuf_4)
                                                         net13 (net)
                      0.270521    0.005236    2.397915 ^ _424_/A (sky130_fd_sc_hd__and3_1)
     3    0.012867    0.219909    0.473834    2.871749 ^ _424_/X (sky130_fd_sc_hd__and3_1)
                                                         _081_ (net)
                      0.219909    0.000351    2.872100 ^ _461_/A2 (sky130_fd_sc_hd__o21ai_1)
     2    0.006386    0.123532    0.210630    3.082730 v _461_/Y (sky130_fd_sc_hd__o21ai_1)
                                                         _117_ (net)
                      0.123532    0.000194    3.082924 v _462_/B (sky130_fd_sc_hd__nand2b_1)
     1    0.005179    0.109681    0.156138    3.239062 ^ _462_/Y (sky130_fd_sc_hd__nand2b_1)
                                                         _118_ (net)
                      0.109681    0.000159    3.239221 ^ _463_/A (sky130_fd_sc_hd__inv_2)
     2    0.018118    0.084934    0.120814    3.360035 v _463_/Y (sky130_fd_sc_hd__inv_2)
                                                         _119_ (net)
                      0.084936    0.000501    3.360536 v _465_/A (sky130_fd_sc_hd__xnor2_2)
     1    0.007592    0.099952    0.261736    3.622272 v _465_/Y (sky130_fd_sc_hd__xnor2_2)
                                                         net32 (net)
                      0.099952    0.000271    3.622543 v output32/A (sky130_fd_sc_hd__buf_6)
     1    0.034044    0.075664    0.260940    3.883482 v output32/X (sky130_fd_sc_hd__buf_6)
                                                         P[9] (net)
                      0.075669    0.000655    3.884137 v P[9] (out)
                                              3.884137   data arrival time

                      0.000000    0.000000    0.000000   clock __VIRTUAL_CLK__ (rise edge)
                                  0.000000    0.000000   clock network delay (ideal)
                                  0.250000    0.250000   clock uncertainty
                                  0.000000    0.250000   clock reconvergence pessimism
                                 -2.000000   -1.750000   output external delay
                                             -1.750000   data required time
---------------------------------------------------------------------------------------------
                                             -1.750000   data required time
                                             -3.884137   data arrival time
---------------------------------------------------------------------------------------------
                                              5.634137   slack (MET)


Startpoint: B[4] (input port clocked by __VIRTUAL_CLK__)
Endpoint: P[10] (output port clocked by __VIRTUAL_CLK__)
Path Group: __VIRTUAL_CLK__
Path Type: min

Fanout         Cap        Slew       Delay        Time   Description
---------------------------------------------------------------------------------------------
                      0.000000    0.000000    0.000000   clock __VIRTUAL_CLK__ (rise edge)
                                  0.000000    0.000000   clock network delay (ideal)
                                  2.000000    2.000000 ^ input external delay
     1    0.002851    0.032588    0.016060    2.016060 ^ B[4] (in)
                                                         B[4] (net)
                      0.032588    0.000000    2.016060 ^ input13/A (sky130_fd_sc_hd__clkbuf_4)
    10    0.055000    0.270271    0.376619    2.392679 ^ input13/X (sky130_fd_sc_hd__clkbuf_4)
                                                         net13 (net)
                      0.270521    0.005236    2.397915 ^ _424_/A (sky130_fd_sc_hd__and3_1)
     3    0.012867    0.219909    0.473834    2.871749 ^ _424_/X (sky130_fd_sc_hd__and3_1)
                                                         _081_ (net)
                      0.219909    0.000351    2.872100 ^ _461_/A2 (sky130_fd_sc_hd__o21ai_1)
     2    0.006386    0.123532    0.210630    3.082730 v _461_/Y (sky130_fd_sc_hd__o21ai_1)
                                                         _117_ (net)
                      0.123532    0.000185    3.082915 v _492_/B1 (sky130_fd_sc_hd__o21a_1)
     3    0.016148    0.170493    0.320145    3.403060 v _492_/X (sky130_fd_sc_hd__o21a_1)
                                                         _147_ (net)
                      0.170493    0.000455    3.403515 v _493_/B (sky130_fd_sc_hd__nand2_1)
     1    0.009447    0.154612    0.214017    3.617532 ^ _493_/Y (sky130_fd_sc_hd__nand2_1)
                                                         _148_ (net)
                      0.154612    0.000312    3.617845 ^ _495_/B (sky130_fd_sc_hd__xnor2_2)
     1    0.008223    0.104737    0.172928    3.790773 v _495_/Y (sky130_fd_sc_hd__xnor2_2)
                                                         net18 (net)
                      0.104737    0.000316    3.791089 v output18/A (sky130_fd_sc_hd__buf_6)
     1    0.034079    0.075707    0.263301    4.054390 v output18/X (sky130_fd_sc_hd__buf_6)
                                                         P[10] (net)
                      0.075712    0.000665    4.055055 v P[10] (out)
                                              4.055055   data arrival time

                      0.000000    0.000000    0.000000   clock __VIRTUAL_CLK__ (rise edge)
                                  0.000000    0.000000   clock network delay (ideal)
                                  0.250000    0.250000   clock uncertainty
                                  0.000000    0.250000   clock reconvergence pessimism
                                 -2.000000   -1.750000   output external delay
                                             -1.750000   data required time
---------------------------------------------------------------------------------------------
                                             -1.750000   data required time
                                             -4.055055   data arrival time
---------------------------------------------------------------------------------------------
                                              5.805055   slack (MET)


Startpoint: B[4] (input port clocked by __VIRTUAL_CLK__)
Endpoint: P[8] (output port clocked by __VIRTUAL_CLK__)
Path Group: __VIRTUAL_CLK__
Path Type: min

Fanout         Cap        Slew       Delay        Time   Description
---------------------------------------------------------------------------------------------
                      0.000000    0.000000    0.000000   clock __VIRTUAL_CLK__ (rise edge)
                                  0.000000    0.000000   clock network delay (ideal)
                                  2.000000    2.000000 v input external delay
     1    0.002639    0.017847    0.008727    2.008728 v B[4] (in)
                                                         B[4] (net)
                      0.017847    0.000000    2.008728 v input13/A (sky130_fd_sc_hd__clkbuf_4)
    10    0.053438    0.199275    0.347107    2.355834 v input13/X (sky130_fd_sc_hd__clkbuf_4)
                                                         net13 (net)
                      0.199539    0.005067    2.360901 v _422_/A (sky130_fd_sc_hd__nand2_1)
     2    0.007954    0.138382    0.201576    2.562478 ^ _422_/Y (sky130_fd_sc_hd__nand2_1)
                                                         _079_ (net)
                      0.138382    0.000229    2.562706 ^ _423_/B (sky130_fd_sc_hd__and2b_1)
     1    0.005956    0.110675    0.285427    2.848133 ^ _423_/X (sky130_fd_sc_hd__and2b_1)
                                                         _080_ (net)
                      0.110675    0.000193    2.848327 ^ _425_/B (sky130_fd_sc_hd__nor2_2)
     2    0.006578    0.044563    0.086115    2.934442 v _425_/Y (sky130_fd_sc_hd__nor2_2)
                                                         _082_ (net)
                      0.044563    0.000209    2.934651 v _426_/B1 (sky130_fd_sc_hd__o21ai_1)
     3    0.009712    0.275803    0.218797    3.153447 ^ _426_/Y (sky130_fd_sc_hd__o21ai_1)
                                                         _083_ (net)
                      0.275803    0.000223    3.153670 ^ _428_/A (sky130_fd_sc_hd__and2_4)
     3    0.024060    0.144493    0.435947    3.589617 ^ _428_/X (sky130_fd_sc_hd__and2_4)
                                                         _085_ (net)
                      0.144493    0.000487    3.590105 ^ _430_/A (sky130_fd_sc_hd__xor2_1)
     1    0.008404    0.108515    0.216736    3.806841 v _430_/X (sky130_fd_sc_hd__xor2_1)
                                                         net31 (net)
                      0.108515    0.000300    3.807141 v output31/A (sky130_fd_sc_hd__buf_4)
     1    0.033959    0.102451    0.322460    4.129601 v output31/X (sky130_fd_sc_hd__buf_4)
                                                         P[8] (net)
                      0.102453    0.000616    4.130216 v P[8] (out)
                                              4.130216   data arrival time

                      0.000000    0.000000    0.000000   clock __VIRTUAL_CLK__ (rise edge)
                                  0.000000    0.000000   clock network delay (ideal)
                                  0.250000    0.250000   clock uncertainty
                                  0.000000    0.250000   clock reconvergence pessimism
                                 -2.000000   -1.750000   output external delay
                                             -1.750000   data required time
---------------------------------------------------------------------------------------------
                                             -1.750000   data required time
                                             -4.130216   data arrival time
---------------------------------------------------------------------------------------------
                                              5.880217   slack (MET)


Startpoint: B[6] (input port clocked by __VIRTUAL_CLK__)
Endpoint: P[13] (output port clocked by __VIRTUAL_CLK__)
Path Group: __VIRTUAL_CLK__
Path Type: min

Fanout         Cap        Slew       Delay        Time   Description
---------------------------------------------------------------------------------------------
                      0.000000    0.000000    0.000000   clock __VIRTUAL_CLK__ (rise edge)
                                  0.000000    0.000000   clock network delay (ideal)
                                  2.000000    2.000000 ^ input external delay
     1    0.003177    0.034755    0.017785    2.017785 ^ B[6] (in)
                                                         B[6] (net)
                      0.034755    0.000000    2.017785 ^ input15/A (sky130_fd_sc_hd__buf_4)
     3    0.026607    0.133208    0.240528    2.258313 ^ input15/X (sky130_fd_sc_hd__buf_4)
                                                         net15 (net)
                      0.133237    0.001937    2.260251 ^ _524_/A (sky130_fd_sc_hd__and3_1)
     3    0.010542    0.190273    0.393660    2.653911 ^ _524_/X (sky130_fd_sc_hd__and3_1)
                                                         _177_ (net)
                      0.190273    0.000293    2.654204 ^ _547_/A1 (sky130_fd_sc_hd__o21bai_2)
     2    0.011442    0.125706    0.235242    2.889446 v _547_/Y (sky130_fd_sc_hd__o21bai_2)
                                                         _199_ (net)
                      0.125706    0.000157    2.889602 v _549_/A (sky130_fd_sc_hd__nand2_1)
     2    0.016826    0.254211    0.255841    3.145443 ^ _549_/Y (sky130_fd_sc_hd__nand2_1)
                                                         _201_ (net)
                      0.254212    0.000378    3.145821 ^ _551_/A (sky130_fd_sc_hd__xnor2_1)
     3    0.011320    0.193886    0.358636    3.504457 ^ _551_/Y (sky130_fd_sc_hd__xnor2_1)
                                                         _203_ (net)
                      0.193886    0.000413    3.504870 ^ _552_/B1 (sky130_fd_sc_hd__a211oi_1)
     1    0.005128    0.083725    0.150630    3.655500 v _552_/Y (sky130_fd_sc_hd__a211oi_1)
                                                         _204_ (net)
                      0.083726    0.000157    3.655657 v _554_/A (sky130_fd_sc_hd__nor2_2)
     1    0.009246    0.202445    0.243143    3.898800 ^ _554_/Y (sky130_fd_sc_hd__nor2_2)
                                                         net21 (net)
                      0.202445    0.000357    3.899156 ^ output21/A (sky130_fd_sc_hd__buf_6)
     1    0.034024    0.122395    0.282416    4.181572 ^ output21/X (sky130_fd_sc_hd__buf_6)
                                                         P[13] (net)
                      0.122396    0.000646    4.182218 ^ P[13] (out)
                                              4.182218   data arrival time

                      0.000000    0.000000    0.000000   clock __VIRTUAL_CLK__ (rise edge)
                                  0.000000    0.000000   clock network delay (ideal)
                                  0.250000    0.250000   clock uncertainty
                                  0.000000    0.250000   clock reconvergence pessimism
                                 -2.000000   -1.750000   output external delay
                                             -1.750000   data required time
---------------------------------------------------------------------------------------------
                                             -1.750000   data required time
                                             -4.182218   data arrival time
---------------------------------------------------------------------------------------------
                                              5.932219   slack (MET)


Startpoint: A[2] (input port clocked by __VIRTUAL_CLK__)
Endpoint: P[11] (output port clocked by __VIRTUAL_CLK__)
Path Group: __VIRTUAL_CLK__
Path Type: min

Fanout         Cap        Slew       Delay        Time   Description
---------------------------------------------------------------------------------------------
                      0.000000    0.000000    0.000000   clock __VIRTUAL_CLK__ (rise edge)
                                  0.000000    0.000000   clock network delay (ideal)
                                  2.000000    2.000000 v input external delay
     1    0.005152    0.027718    0.016640    2.016639 v A[2] (in)
                                                         A[2] (net)
                      0.027718    0.000000    2.016639 v input3/A (sky130_fd_sc_hd__buf_6)
     5    0.032519    0.073652    0.225100    2.241740 v input3/X (sky130_fd_sc_hd__buf_6)
                                                         net3 (net)
                      0.073753    0.002323    2.244062 v _433_/A (sky130_fd_sc_hd__nand4_2)
     4    0.012674    0.140045    0.154899    2.398961 ^ _433_/Y (sky130_fd_sc_hd__nand4_2)
                                                         _089_ (net)
                      0.140045    0.000291    2.399252 ^ _510_/B (sky130_fd_sc_hd__and3_4)
     2    0.030720    0.194592    0.529766    2.929018 ^ _510_/X (sky130_fd_sc_hd__and3_4)
                                                         _164_ (net)
                      0.194614    0.002158    2.931175 ^ _513_/A (sky130_fd_sc_hd__xnor2_4)
     2    0.011566    0.089723    0.198183    3.129359 v _513_/Y (sky130_fd_sc_hd__xnor2_4)
                                                         _167_ (net)
                      0.089723    0.000122    3.129480 v _515_/B (sky130_fd_sc_hd__xor2_2)
     2    0.008982    0.210800    0.268675    3.398155 ^ _515_/X (sky130_fd_sc_hd__xor2_2)
                                                         _169_ (net)
                      0.210800    0.000308    3.398463 ^ _516_/B1 (sky130_fd_sc_hd__o21ai_2)
     3    0.015332    0.140159    0.225235    3.623698 v _516_/Y (sky130_fd_sc_hd__o21ai_2)
                                                         _170_ (net)
                      0.140202    0.000219    3.623918 v _518_/A (sky130_fd_sc_hd__nand2_1)
     1    0.009206    0.150928    0.186450    3.810368 ^ _518_/Y (sky130_fd_sc_hd__nand2_1)
                                                         _172_ (net)
                      0.150928    0.000294    3.810663 ^ _520_/B (sky130_fd_sc_hd__xnor2_2)
     1    0.007471    0.098464    0.166419    3.977082 v _520_/Y (sky130_fd_sc_hd__xnor2_2)
                                                         net19 (net)
                      0.098464    0.000301    3.977383 v output19/A (sky130_fd_sc_hd__buf_6)
     1    0.034028    0.075644    0.260203    4.237586 v output19/X (sky130_fd_sc_hd__buf_6)
                                                         P[11] (net)
                      0.075649    0.000644    4.238230 v P[11] (out)
                                              4.238230   data arrival time

                      0.000000    0.000000    0.000000   clock __VIRTUAL_CLK__ (rise edge)
                                  0.000000    0.000000   clock network delay (ideal)
                                  0.250000    0.250000   clock uncertainty
                                  0.000000    0.250000   clock reconvergence pessimism
                                 -2.000000   -1.750000   output external delay
                                             -1.750000   data required time
---------------------------------------------------------------------------------------------
                                             -1.750000   data required time
                                             -4.238230   data arrival time
---------------------------------------------------------------------------------------------
                                              5.988230   slack (MET)


Startpoint: A[2] (input port clocked by __VIRTUAL_CLK__)
Endpoint: P[12] (output port clocked by __VIRTUAL_CLK__)
Path Group: __VIRTUAL_CLK__
Path Type: min

Fanout         Cap        Slew       Delay        Time   Description
---------------------------------------------------------------------------------------------
                      0.000000    0.000000    0.000000   clock __VIRTUAL_CLK__ (rise edge)
                                  0.000000    0.000000   clock network delay (ideal)
                                  2.000000    2.000000 v input external delay
     1    0.005152    0.027718    0.016640    2.016639 v A[2] (in)
                                                         A[2] (net)
                      0.027718    0.000000    2.016639 v input3/A (sky130_fd_sc_hd__buf_6)
     5    0.032519    0.073652    0.225100    2.241740 v input3/X (sky130_fd_sc_hd__buf_6)
                                                         net3 (net)
                      0.073753    0.002323    2.244062 v _433_/A (sky130_fd_sc_hd__nand4_2)
     4    0.012674    0.140045    0.154899    2.398961 ^ _433_/Y (sky130_fd_sc_hd__nand4_2)
                                                         _089_ (net)
                      0.140045    0.000291    2.399252 ^ _510_/B (sky130_fd_sc_hd__and3_4)
     2    0.030720    0.194592    0.529766    2.929018 ^ _510_/X (sky130_fd_sc_hd__and3_4)
                                                         _164_ (net)
                      0.194614    0.002158    2.931175 ^ _513_/A (sky130_fd_sc_hd__xnor2_4)
     2    0.012335    0.088381    0.270754    3.201930 ^ _513_/Y (sky130_fd_sc_hd__xnor2_4)
                                                         _167_ (net)
                      0.088381    0.000130    3.202059 ^ _515_/B (sky130_fd_sc_hd__xor2_2)
     2    0.008403    0.078497    0.147694    3.349753 v _515_/X (sky130_fd_sc_hd__xor2_2)
                                                         _169_ (net)
                      0.078497    0.000288    3.350041 v _516_/B1 (sky130_fd_sc_hd__o21ai_2)
     3    0.016833    0.174394    0.167055    3.517096 ^ _516_/Y (sky130_fd_sc_hd__o21ai_2)
                                                         _170_ (net)
                      0.174395    0.000411    3.517508 ^ _539_/B2 (sky130_fd_sc_hd__a32oi_4)
     4    0.016397    0.122837    0.168672    3.686180 v _539_/Y (sky130_fd_sc_hd__a32oi_4)
                                                         _192_ (net)
                      0.122839    0.000804    3.686983 v _540_/B (sky130_fd_sc_hd__xnor2_1)
     1    0.006005    0.120398    0.264273    3.951256 v _540_/Y (sky130_fd_sc_hd__xnor2_1)
                                                         net20 (net)
                      0.120398    0.000217    3.951473 v output20/A (sky130_fd_sc_hd__buf_4)
     1    0.034180    0.102873    0.328404    4.279878 v output20/X (sky130_fd_sc_hd__buf_4)
                                                         P[12] (net)
                      0.102876    0.000680    4.280558 v P[12] (out)
                                              4.280558   data arrival time

                      0.000000    0.000000    0.000000   clock __VIRTUAL_CLK__ (rise edge)
                                  0.000000    0.000000   clock network delay (ideal)
                                  0.250000    0.250000   clock uncertainty
                                  0.000000    0.250000   clock reconvergence pessimism
                                 -2.000000   -1.750000   output external delay
                                             -1.750000   data required time
---------------------------------------------------------------------------------------------
                                             -1.750000   data required time
                                             -4.280558   data arrival time
---------------------------------------------------------------------------------------------
                                              6.030558   slack (MET)



