                                                                       Cells by Function                                                                        
┏━━━━━━━━━━━━━━━━━━━━━━━━━━━━━━━━━━━━━━━━━━━━━━━━━━━━━━━━━━━━━━━━━━━━━━━━━━━━━━━━━━━━━━━━━━━━━━━━━━━━━━━━━━━━━━━━━━━━━━━━━━━━━━━━━┳━━━━━━━━━━━━━━━━━━━━━━━━━━━━┓
┃ Cell Function                                                                                                                   ┃ Count                      ┃
┡━━━━━━━━━━━━━━━━━━━━━━━━━━━━━━━━━━━━━━━━━━━━━━━━━━━━━━━━━━━━━━━━━━━━━━━━━━━━━━━━━━━━━━━━━━━━━━━━━━━━━━━━━━━━━━━━━━━━━━━━━━━━━━━━━╇━━━━━━━━━━━━━━━━━━━━━━━━━━━━┩
│ sky130_ef_sc_hd__decap                                                                                                          │ 1669                       │
│ sky130_fd_sc_hd__a211o                                                                                                          │ 2                          │
│ sky130_fd_sc_hd__a211oi                                                                                                         │ 3                          │
│ sky130_fd_sc_hd__a21boi                                                                                                         │ 1                          │
│ sky130_fd_sc_hd__a21o                                                                                                           │ 9                          │
│ sky130_fd_sc_hd__a21oi                                                                                                          │ 12                         │
│ sky130_fd_sc_hd__a221o                                                                                                          │ 2                          │
│ sky130_fd_sc_hd__a22o                                                                                                           │ 9                          │
│ sky130_fd_sc_hd__a22oi                                                                                                          │ 3                          │
│ sky130_fd_sc_hd__a2bb2o                                                                                                         │ 1                          │
│ sky130_fd_sc_hd__a311o                                                                                                          │ 2                          │
│ sky130_fd_sc_hd__a31o                                                                                                           │ 3                          │
│ sky130_fd_sc_hd__a31oi                                                                                                          │ 2                          │
│ sky130_fd_sc_hd__a32o                                                                                                           │ 1                          │
│ sky130_fd_sc_hd__a41o                                                                                                           │ 1                          │
│ sky130_fd_sc_hd__and2                                                                                                           │ 10                         │
│ sky130_fd_sc_hd__and2b                                                                                                          │ 7                          │
│ sky130_fd_sc_hd__and3                                                                                                           │ 13                         │
│ sky130_fd_sc_hd__and3b                                                                                                          │ 2                          │
│ sky130_fd_sc_hd__and4                                                                                                           │ 13                         │
│ sky130_fd_sc_hd__and4bb                                                                                                         │ 1                          │
│ sky130_fd_sc_hd__buf                                                                                                            │ 37                         │
│ sky130_fd_sc_hd__clkbuf                                                                                                         │ 15                         │
│ sky130_fd_sc_hd__decap                                                                                                          │ 699                        │
│ sky130_fd_sc_hd__dlygate4sd1                                                                                                    │ 9                          │
│ sky130_fd_sc_hd__dlymetal6s2s                                                                                                   │ 1                          │
│ sky130_fd_sc_hd__dlymetal6s4s                                                                                                   │ 1                          │
│ sky130_fd_sc_hd__fill                                                                                                           │ 513                        │
│ sky130_fd_sc_hd__inv                                                                                                            │ 7                          │
│ sky130_fd_sc_hd__nand2                                                                                                          │ 15                         │
│ sky130_fd_sc_hd__nand2b                                                                                                         │ 2                          │
│ sky130_fd_sc_hd__nand3                                                                                                          │ 5                          │
│ sky130_fd_sc_hd__nand4                                                                                                          │ 5                          │
│ sky130_fd_sc_hd__nor2                                                                                                           │ 15                         │
│ sky130_fd_sc_hd__o2111a                                                                                                         │ 3                          │
│ sky130_fd_sc_hd__o211a                                                                                                          │ 3                          │
│ sky130_fd_sc_hd__o211ai                                                                                                         │ 1                          │
│ sky130_fd_sc_hd__o21a                                                                                                           │ 2                          │
│ sky130_fd_sc_hd__o21ai                                                                                                          │ 7                          │
│ sky130_fd_sc_hd__o221ai                                                                                                         │ 1                          │
│ sky130_fd_sc_hd__o22ai                                                                                                          │ 1                          │
│ sky130_fd_sc_hd__o2bb2a                                                                                                         │ 1                          │
│ sky130_fd_sc_hd__o311a                                                                                                          │ 1                          │
│ sky130_fd_sc_hd__o31a                                                                                                           │ 3                          │
│ sky130_fd_sc_hd__o31ai                                                                                                          │ 1                          │
│ sky130_fd_sc_hd__o32a                                                                                                           │ 1                          │
│ sky130_fd_sc_hd__or2                                                                                                            │ 12                         │
│ sky130_fd_sc_hd__or3                                                                                                            │ 2                          │
│ sky130_fd_sc_hd__or3b                                                                                                           │ 1                          │
│ sky130_fd_sc_hd__or4                                                                                                            │ 2                          │
│ sky130_fd_sc_hd__or4bb                                                                                                          │ 3                          │
│ sky130_fd_sc_hd__tapvpwrvgnd                                                                                                    │ 469                        │
│ sky130_fd_sc_hd__xnor2                                                                                                          │ 35                         │
│ sky130_fd_sc_hd__xor2                                                                                                           │ 10                         │
└─────────────────────────────────────────────────────────────────────────────────────────────────────────────────────────────────┴────────────────────────────┘
