
===========================================================================
report_checks -path_delay max (Setup)
============================================================================
======================= nom_ff_n40C_1v95 Corner ===================================

Startpoint: A[0] (input port clocked by __VIRTUAL_CLK__)
Endpoint: P[15] (output port clocked by __VIRTUAL_CLK__)
Path Group: __VIRTUAL_CLK__
Path Type: max

Fanout         Cap        Slew       Delay        Time   Description
---------------------------------------------------------------------------------------------
                      0.000000    0.000000    0.000000   clock __VIRTUAL_CLK__ (rise edge)
                                  0.000000    0.000000   clock network delay (ideal)
                                  2.000000    2.000000 ^ input external delay
    17    0.056440    0.194632    0.133147    2.133147 ^ A[0] (in)
                                                         A[0] (net)
                      0.194632    0.000000    2.133147 ^ _293_/D (sky130_fd_sc_hd__nand4_2)
     5    0.010805    0.086560    0.088057    2.221204 v _293_/Y (sky130_fd_sc_hd__nand4_2)
                                                         _231_ (net)
                      0.086560    0.000000    2.221204 v _308_/C (sky130_fd_sc_hd__or4b_2)
     2    0.006507    0.077186    0.366746    2.587950 v _308_/X (sky130_fd_sc_hd__or4b_2)
                                                         _243_ (net)
                      0.077186    0.000000    2.587950 v _310_/A1 (sky130_fd_sc_hd__a21o_2)
     4    0.014934    0.047149    0.157392    2.745341 v _310_/X (sky130_fd_sc_hd__a21o_2)
                                                         _245_ (net)
                      0.047149    0.000000    2.745341 v _313_/B (sky130_fd_sc_hd__xor2_2)
     3    0.007167    0.040681    0.099772    2.845113 v _313_/X (sky130_fd_sc_hd__xor2_2)
                                                         _248_ (net)
                      0.040681    0.000000    2.845113 v _349_/B (sky130_fd_sc_hd__and3_2)
     2    0.005664    0.034247    0.128292    2.973406 v _349_/X (sky130_fd_sc_hd__and3_2)
                                                         _282_ (net)
                      0.034247    0.000000    2.973406 v _356_/A (sky130_fd_sc_hd__or4_2)
     2    0.006162    0.075145    0.384527    3.357932 v _356_/X (sky130_fd_sc_hd__or4_2)
                                                         _004_ (net)
                      0.075145    0.000000    3.357932 v _365_/B (sky130_fd_sc_hd__and3_2)
     3    0.007039    0.036382    0.145348    3.503280 v _365_/X (sky130_fd_sc_hd__and3_2)
                                                         _013_ (net)
                      0.036382    0.000000    3.503280 v _367_/A (sky130_fd_sc_hd__or3b_2)
     3    0.008141    0.064928    0.282586    3.785867 v _367_/X (sky130_fd_sc_hd__or3b_2)
                                                         _015_ (net)
                      0.064928    0.000000    3.785867 v _379_/A1 (sky130_fd_sc_hd__a21o_2)
     2    0.005921    0.031602    0.133849    3.919716 v _379_/X (sky130_fd_sc_hd__a21o_2)
                                                         _027_ (net)
                      0.031602    0.000000    3.919716 v _417_/A1 (sky130_fd_sc_hd__a21oi_2)
     2    0.013133    0.138274    0.134043    4.053760 ^ _417_/Y (sky130_fd_sc_hd__a21oi_2)
                                                         _064_ (net)
                      0.138274    0.000000    4.053760 ^ _450_/A2 (sky130_fd_sc_hd__o21bai_2)
     4    0.016932    0.063155    0.072588    4.126348 v _450_/Y (sky130_fd_sc_hd__o21bai_2)
                                                         _096_ (net)
                      0.063155    0.000000    4.126348 v _557_/A1 (sky130_fd_sc_hd__a21o_2)
     1    0.002351    0.024012    0.123467    4.249815 v _557_/X (sky130_fd_sc_hd__a21o_2)
                                                         _199_ (net)
                      0.024012    0.000000    4.249815 v _558_/C1 (sky130_fd_sc_hd__o211a_2)
     4    0.016592    0.054683    0.091055    4.340869 v _558_/X (sky130_fd_sc_hd__o211a_2)
                                                         _200_ (net)
                      0.054683    0.000000    4.340869 v _580_/A2 (sky130_fd_sc_hd__o2111a_2)
     1    0.001601    0.027053    0.151339    4.492208 v _580_/X (sky130_fd_sc_hd__o2111a_2)
                                                         _220_ (net)
                      0.027053    0.000000    4.492208 v _583_/B (sky130_fd_sc_hd__or3_2)
     1    0.033442    0.111747    0.330763    4.822971 v _583_/X (sky130_fd_sc_hd__or3_2)
                                                         P[15] (net)
                      0.111747    0.000000    4.822971 v P[15] (out)
                                              4.822971   data arrival time

                      0.000000   10.000000   10.000000   clock __VIRTUAL_CLK__ (rise edge)
                                  0.000000   10.000000   clock network delay (ideal)
                                 -0.250000    9.750000   clock uncertainty
                                  0.000000    9.750000   clock reconvergence pessimism
                                 -2.000000    7.750000   output external delay
                                              7.750000   data required time
---------------------------------------------------------------------------------------------
                                              7.750000   data required time
                                             -4.822971   data arrival time
---------------------------------------------------------------------------------------------
                                              2.927028   slack (MET)


Startpoint: A[0] (input port clocked by __VIRTUAL_CLK__)
Endpoint: P[14] (output port clocked by __VIRTUAL_CLK__)
Path Group: __VIRTUAL_CLK__
Path Type: max

Fanout         Cap        Slew       Delay        Time   Description
---------------------------------------------------------------------------------------------
                      0.000000    0.000000    0.000000   clock __VIRTUAL_CLK__ (rise edge)
                                  0.000000    0.000000   clock network delay (ideal)
                                  2.000000    2.000000 ^ input external delay
    17    0.056440    0.194632    0.133147    2.133147 ^ A[0] (in)
                                                         A[0] (net)
                      0.194632    0.000000    2.133147 ^ _293_/D (sky130_fd_sc_hd__nand4_2)
     5    0.010805    0.086560    0.088057    2.221204 v _293_/Y (sky130_fd_sc_hd__nand4_2)
                                                         _231_ (net)
                      0.086560    0.000000    2.221204 v _308_/C (sky130_fd_sc_hd__or4b_2)
     2    0.006507    0.077186    0.366746    2.587950 v _308_/X (sky130_fd_sc_hd__or4b_2)
                                                         _243_ (net)
                      0.077186    0.000000    2.587950 v _310_/A1 (sky130_fd_sc_hd__a21o_2)
     4    0.014934    0.047149    0.157392    2.745341 v _310_/X (sky130_fd_sc_hd__a21o_2)
                                                         _245_ (net)
                      0.047149    0.000000    2.745341 v _313_/B (sky130_fd_sc_hd__xor2_2)
     3    0.007167    0.040681    0.099772    2.845113 v _313_/X (sky130_fd_sc_hd__xor2_2)
                                                         _248_ (net)
                      0.040681    0.000000    2.845113 v _349_/B (sky130_fd_sc_hd__and3_2)
     2    0.005664    0.034247    0.128292    2.973406 v _349_/X (sky130_fd_sc_hd__and3_2)
                                                         _282_ (net)
                      0.034247    0.000000    2.973406 v _356_/A (sky130_fd_sc_hd__or4_2)
     2    0.006162    0.075145    0.384527    3.357932 v _356_/X (sky130_fd_sc_hd__or4_2)
                                                         _004_ (net)
                      0.075145    0.000000    3.357932 v _365_/B (sky130_fd_sc_hd__and3_2)
     3    0.007039    0.036382    0.145348    3.503280 v _365_/X (sky130_fd_sc_hd__and3_2)
                                                         _013_ (net)
                      0.036382    0.000000    3.503280 v _367_/A (sky130_fd_sc_hd__or3b_2)
     3    0.008141    0.064928    0.282586    3.785867 v _367_/X (sky130_fd_sc_hd__or3b_2)
                                                         _015_ (net)
                      0.064928    0.000000    3.785867 v _379_/A1 (sky130_fd_sc_hd__a21o_2)
     2    0.005921    0.031602    0.133849    3.919716 v _379_/X (sky130_fd_sc_hd__a21o_2)
                                                         _027_ (net)
                      0.031602    0.000000    3.919716 v _417_/A1 (sky130_fd_sc_hd__a21oi_2)
     2    0.013133    0.138274    0.134043    4.053760 ^ _417_/Y (sky130_fd_sc_hd__a21oi_2)
                                                         _064_ (net)
                      0.138274    0.000000    4.053760 ^ _450_/A2 (sky130_fd_sc_hd__o21bai_2)
     4    0.016932    0.063155    0.072588    4.126348 v _450_/Y (sky130_fd_sc_hd__o21bai_2)
                                                         _096_ (net)
                      0.063155    0.000000    4.126348 v _557_/A1 (sky130_fd_sc_hd__a21o_2)
     1    0.002351    0.024012    0.123467    4.249815 v _557_/X (sky130_fd_sc_hd__a21o_2)
                                                         _199_ (net)
                      0.024012    0.000000    4.249815 v _558_/C1 (sky130_fd_sc_hd__o211a_2)
     4    0.016592    0.054683    0.091055    4.340869 v _558_/X (sky130_fd_sc_hd__o211a_2)
                                                         _200_ (net)
                      0.054683    0.000000    4.340869 v _572_/A2 (sky130_fd_sc_hd__o211a_2)
     2    0.012707    0.048938    0.176765    4.517634 v _572_/X (sky130_fd_sc_hd__o211a_2)
                                                         _213_ (net)
                      0.048938    0.000000    4.517634 v _581_/A (sky130_fd_sc_hd__xor2_2)
     1    0.033442    0.320991    0.281188    4.798822 ^ _581_/X (sky130_fd_sc_hd__xor2_2)
                                                         P[14] (net)
                      0.320991    0.000000    4.798822 ^ P[14] (out)
                                              4.798822   data arrival time

                      0.000000   10.000000   10.000000   clock __VIRTUAL_CLK__ (rise edge)
                                  0.000000   10.000000   clock network delay (ideal)
                                 -0.250000    9.750000   clock uncertainty
                                  0.000000    9.750000   clock reconvergence pessimism
                                 -2.000000    7.750000   output external delay
                                              7.750000   data required time
---------------------------------------------------------------------------------------------
                                              7.750000   data required time
                                             -4.798822   data arrival time
---------------------------------------------------------------------------------------------
                                              2.951178   slack (MET)


Startpoint: A[0] (input port clocked by __VIRTUAL_CLK__)
Endpoint: P[13] (output port clocked by __VIRTUAL_CLK__)
Path Group: __VIRTUAL_CLK__
Path Type: max

Fanout         Cap        Slew       Delay        Time   Description
---------------------------------------------------------------------------------------------
                      0.000000    0.000000    0.000000   clock __VIRTUAL_CLK__ (rise edge)
                                  0.000000    0.000000   clock network delay (ideal)
                                  2.000000    2.000000 ^ input external delay
    17    0.056440    0.194632    0.133147    2.133147 ^ A[0] (in)
                                                         A[0] (net)
                      0.194632    0.000000    2.133147 ^ _293_/D (sky130_fd_sc_hd__nand4_2)
     5    0.010805    0.086560    0.088057    2.221204 v _293_/Y (sky130_fd_sc_hd__nand4_2)
                                                         _231_ (net)
                      0.086560    0.000000    2.221204 v _308_/C (sky130_fd_sc_hd__or4b_2)
     2    0.006507    0.077186    0.366746    2.587950 v _308_/X (sky130_fd_sc_hd__or4b_2)
                                                         _243_ (net)
                      0.077186    0.000000    2.587950 v _310_/A1 (sky130_fd_sc_hd__a21o_2)
     4    0.014934    0.047149    0.157392    2.745341 v _310_/X (sky130_fd_sc_hd__a21o_2)
                                                         _245_ (net)
                      0.047149    0.000000    2.745341 v _313_/B (sky130_fd_sc_hd__xor2_2)
     3    0.007167    0.040681    0.099772    2.845113 v _313_/X (sky130_fd_sc_hd__xor2_2)
                                                         _248_ (net)
                      0.040681    0.000000    2.845113 v _349_/B (sky130_fd_sc_hd__and3_2)
     2    0.005664    0.034247    0.128292    2.973406 v _349_/X (sky130_fd_sc_hd__and3_2)
                                                         _282_ (net)
                      0.034247    0.000000    2.973406 v _356_/A (sky130_fd_sc_hd__or4_2)
     2    0.006162    0.075145    0.384527    3.357932 v _356_/X (sky130_fd_sc_hd__or4_2)
                                                         _004_ (net)
                      0.075145    0.000000    3.357932 v _365_/B (sky130_fd_sc_hd__and3_2)
     3    0.007039    0.036382    0.145348    3.503280 v _365_/X (sky130_fd_sc_hd__and3_2)
                                                         _013_ (net)
                      0.036382    0.000000    3.503280 v _367_/A (sky130_fd_sc_hd__or3b_2)
     3    0.008141    0.064928    0.282586    3.785867 v _367_/X (sky130_fd_sc_hd__or3b_2)
                                                         _015_ (net)
                      0.064928    0.000000    3.785867 v _379_/A1 (sky130_fd_sc_hd__a21o_2)
     2    0.005921    0.031602    0.133849    3.919716 v _379_/X (sky130_fd_sc_hd__a21o_2)
                                                         _027_ (net)
                      0.031602    0.000000    3.919716 v _417_/A1 (sky130_fd_sc_hd__a21oi_2)
     2    0.013133    0.138274    0.134043    4.053760 ^ _417_/Y (sky130_fd_sc_hd__a21oi_2)
                                                         _064_ (net)
                      0.138274    0.000000    4.053760 ^ _450_/A2 (sky130_fd_sc_hd__o21bai_2)
     4    0.016932    0.063155    0.072588    4.126348 v _450_/Y (sky130_fd_sc_hd__o21bai_2)
                                                         _096_ (net)
                      0.063155    0.000000    4.126348 v _557_/A1 (sky130_fd_sc_hd__a21o_2)
     1    0.002351    0.024012    0.123467    4.249815 v _557_/X (sky130_fd_sc_hd__a21o_2)
                                                         _199_ (net)
                      0.024012    0.000000    4.249815 v _558_/C1 (sky130_fd_sc_hd__o211a_2)
     4    0.016592    0.054683    0.091055    4.340869 v _558_/X (sky130_fd_sc_hd__o211a_2)
                                                         _200_ (net)
                      0.054683    0.000000    4.340869 v _572_/A2 (sky130_fd_sc_hd__o211a_2)
     2    0.012707    0.048938    0.176765    4.517634 v _572_/X (sky130_fd_sc_hd__o211a_2)
                                                         _213_ (net)
                      0.048938    0.000000    4.517634 v _573_/B (sky130_fd_sc_hd__nor2_2)
     1    0.033442    0.270367    0.216351    4.733986 ^ _573_/Y (sky130_fd_sc_hd__nor2_2)
                                                         P[13] (net)
                      0.270367    0.000000    4.733986 ^ P[13] (out)
                                              4.733986   data arrival time

                      0.000000   10.000000   10.000000   clock __VIRTUAL_CLK__ (rise edge)
                                  0.000000   10.000000   clock network delay (ideal)
                                 -0.250000    9.750000   clock uncertainty
                                  0.000000    9.750000   clock reconvergence pessimism
                                 -2.000000    7.750000   output external delay
                                              7.750000   data required time
---------------------------------------------------------------------------------------------
                                              7.750000   data required time
                                             -4.733986   data arrival time
---------------------------------------------------------------------------------------------
                                              3.016014   slack (MET)


Startpoint: A[0] (input port clocked by __VIRTUAL_CLK__)
Endpoint: P[11] (output port clocked by __VIRTUAL_CLK__)
Path Group: __VIRTUAL_CLK__
Path Type: max

Fanout         Cap        Slew       Delay        Time   Description
---------------------------------------------------------------------------------------------
                      0.000000    0.000000    0.000000   clock __VIRTUAL_CLK__ (rise edge)
                                  0.000000    0.000000   clock network delay (ideal)
                                  2.000000    2.000000 ^ input external delay
    17    0.056440    0.194632    0.133147    2.133147 ^ A[0] (in)
                                                         A[0] (net)
                      0.194632    0.000000    2.133147 ^ _293_/D (sky130_fd_sc_hd__nand4_2)
     5    0.010805    0.086560    0.088057    2.221204 v _293_/Y (sky130_fd_sc_hd__nand4_2)
                                                         _231_ (net)
                      0.086560    0.000000    2.221204 v _308_/C (sky130_fd_sc_hd__or4b_2)
     2    0.006507    0.077186    0.366746    2.587950 v _308_/X (sky130_fd_sc_hd__or4b_2)
                                                         _243_ (net)
                      0.077186    0.000000    2.587950 v _310_/A1 (sky130_fd_sc_hd__a21o_2)
     4    0.014934    0.047149    0.157392    2.745341 v _310_/X (sky130_fd_sc_hd__a21o_2)
                                                         _245_ (net)
                      0.047149    0.000000    2.745341 v _313_/B (sky130_fd_sc_hd__xor2_2)
     3    0.007167    0.040681    0.099772    2.845113 v _313_/X (sky130_fd_sc_hd__xor2_2)
                                                         _248_ (net)
                      0.040681    0.000000    2.845113 v _349_/B (sky130_fd_sc_hd__and3_2)
     2    0.005664    0.034247    0.128292    2.973406 v _349_/X (sky130_fd_sc_hd__and3_2)
                                                         _282_ (net)
                      0.034247    0.000000    2.973406 v _356_/A (sky130_fd_sc_hd__or4_2)
     2    0.006162    0.075145    0.384527    3.357932 v _356_/X (sky130_fd_sc_hd__or4_2)
                                                         _004_ (net)
                      0.075145    0.000000    3.357932 v _365_/B (sky130_fd_sc_hd__and3_2)
     3    0.007039    0.036382    0.145348    3.503280 v _365_/X (sky130_fd_sc_hd__and3_2)
                                                         _013_ (net)
                      0.036382    0.000000    3.503280 v _367_/A (sky130_fd_sc_hd__or3b_2)
     3    0.008141    0.064928    0.282586    3.785867 v _367_/X (sky130_fd_sc_hd__or3b_2)
                                                         _015_ (net)
                      0.064928    0.000000    3.785867 v _379_/A1 (sky130_fd_sc_hd__a21o_2)
     2    0.005921    0.031602    0.133849    3.919716 v _379_/X (sky130_fd_sc_hd__a21o_2)
                                                         _027_ (net)
                      0.031602    0.000000    3.919716 v _417_/A1 (sky130_fd_sc_hd__a21oi_2)
     2    0.013133    0.138274    0.134043    4.053760 ^ _417_/Y (sky130_fd_sc_hd__a21oi_2)
                                                         _064_ (net)
                      0.138274    0.000000    4.053760 ^ _450_/A2 (sky130_fd_sc_hd__o21bai_2)
     4    0.016932    0.063155    0.072588    4.126348 v _450_/Y (sky130_fd_sc_hd__o21bai_2)
                                                         _096_ (net)
                      0.063155    0.000000    4.126348 v _516_/A1 (sky130_fd_sc_hd__a21o_2)
     2    0.010209    0.039099    0.142450    4.268797 v _516_/X (sky130_fd_sc_hd__a21o_2)
                                                         _160_ (net)
                      0.039099    0.000000    4.268797 v _541_/A2 (sky130_fd_sc_hd__a21o_2)
     1    0.008002    0.035248    0.144742    4.413539 v _541_/X (sky130_fd_sc_hd__a21o_2)
                                                         _184_ (net)
                      0.035248    0.000000    4.413539 v _542_/B (sky130_fd_sc_hd__xnor2_2)
     1    0.033442    0.339644    0.263651    4.677191 ^ _542_/Y (sky130_fd_sc_hd__xnor2_2)
                                                         P[11] (net)
                      0.339644    0.000000    4.677191 ^ P[11] (out)
                                              4.677191   data arrival time

                      0.000000   10.000000   10.000000   clock __VIRTUAL_CLK__ (rise edge)
                                  0.000000   10.000000   clock network delay (ideal)
                                 -0.250000    9.750000   clock uncertainty
                                  0.000000    9.750000   clock reconvergence pessimism
                                 -2.000000    7.750000   output external delay
                                              7.750000   data required time
---------------------------------------------------------------------------------------------
                                              7.750000   data required time
                                             -4.677191   data arrival time
---------------------------------------------------------------------------------------------
                                              3.072809   slack (MET)


Startpoint: A[0] (input port clocked by __VIRTUAL_CLK__)
Endpoint: P[12] (output port clocked by __VIRTUAL_CLK__)
Path Group: __VIRTUAL_CLK__
Path Type: max

Fanout         Cap        Slew       Delay        Time   Description
---------------------------------------------------------------------------------------------
                      0.000000    0.000000    0.000000   clock __VIRTUAL_CLK__ (rise edge)
                                  0.000000    0.000000   clock network delay (ideal)
                                  2.000000    2.000000 ^ input external delay
    17    0.056440    0.194632    0.133147    2.133147 ^ A[0] (in)
                                                         A[0] (net)
                      0.194632    0.000000    2.133147 ^ _293_/D (sky130_fd_sc_hd__nand4_2)
     5    0.010805    0.086560    0.088057    2.221204 v _293_/Y (sky130_fd_sc_hd__nand4_2)
                                                         _231_ (net)
                      0.086560    0.000000    2.221204 v _308_/C (sky130_fd_sc_hd__or4b_2)
     2    0.006507    0.077186    0.366746    2.587950 v _308_/X (sky130_fd_sc_hd__or4b_2)
                                                         _243_ (net)
                      0.077186    0.000000    2.587950 v _310_/A1 (sky130_fd_sc_hd__a21o_2)
     4    0.014934    0.047149    0.157392    2.745341 v _310_/X (sky130_fd_sc_hd__a21o_2)
                                                         _245_ (net)
                      0.047149    0.000000    2.745341 v _313_/B (sky130_fd_sc_hd__xor2_2)
     3    0.007167    0.040681    0.099772    2.845113 v _313_/X (sky130_fd_sc_hd__xor2_2)
                                                         _248_ (net)
                      0.040681    0.000000    2.845113 v _349_/B (sky130_fd_sc_hd__and3_2)
     2    0.005664    0.034247    0.128292    2.973406 v _349_/X (sky130_fd_sc_hd__and3_2)
                                                         _282_ (net)
                      0.034247    0.000000    2.973406 v _356_/A (sky130_fd_sc_hd__or4_2)
     2    0.006162    0.075145    0.384527    3.357932 v _356_/X (sky130_fd_sc_hd__or4_2)
                                                         _004_ (net)
                      0.075145    0.000000    3.357932 v _365_/B (sky130_fd_sc_hd__and3_2)
     3    0.007039    0.036382    0.145348    3.503280 v _365_/X (sky130_fd_sc_hd__and3_2)
                                                         _013_ (net)
                      0.036382    0.000000    3.503280 v _367_/A (sky130_fd_sc_hd__or3b_2)
     3    0.008141    0.064928    0.282586    3.785867 v _367_/X (sky130_fd_sc_hd__or3b_2)
                                                         _015_ (net)
                      0.064928    0.000000    3.785867 v _379_/A1 (sky130_fd_sc_hd__a21o_2)
     2    0.005921    0.031602    0.133849    3.919716 v _379_/X (sky130_fd_sc_hd__a21o_2)
                                                         _027_ (net)
                      0.031602    0.000000    3.919716 v _417_/A1 (sky130_fd_sc_hd__a21oi_2)
     2    0.013133    0.138274    0.134043    4.053760 ^ _417_/Y (sky130_fd_sc_hd__a21oi_2)
                                                         _064_ (net)
                      0.138274    0.000000    4.053760 ^ _450_/A2 (sky130_fd_sc_hd__o21bai_2)
     4    0.016932    0.063155    0.072588    4.126348 v _450_/Y (sky130_fd_sc_hd__o21bai_2)
                                                         _096_ (net)
                      0.063155    0.000000    4.126348 v _557_/A1 (sky130_fd_sc_hd__a21o_2)
     1    0.002351    0.024012    0.123467    4.249815 v _557_/X (sky130_fd_sc_hd__a21o_2)
                                                         _199_ (net)
                      0.024012    0.000000    4.249815 v _558_/C1 (sky130_fd_sc_hd__o211a_2)
     4    0.016592    0.054683    0.091055    4.340869 v _558_/X (sky130_fd_sc_hd__o211a_2)
                                                         _200_ (net)
                      0.054683    0.000000    4.340869 v _559_/B (sky130_fd_sc_hd__xnor2_2)
     1    0.033442    0.339643    0.270230    4.611099 ^ _559_/Y (sky130_fd_sc_hd__xnor2_2)
                                                         P[12] (net)
                      0.339643    0.000000    4.611099 ^ P[12] (out)
                                              4.611099   data arrival time

                      0.000000   10.000000   10.000000   clock __VIRTUAL_CLK__ (rise edge)
                                  0.000000   10.000000   clock network delay (ideal)
                                 -0.250000    9.750000   clock uncertainty
                                  0.000000    9.750000   clock reconvergence pessimism
                                 -2.000000    7.750000   output external delay
                                              7.750000   data required time
---------------------------------------------------------------------------------------------
                                              7.750000   data required time
                                             -4.611099   data arrival time
---------------------------------------------------------------------------------------------
                                              3.138901   slack (MET)


Startpoint: A[0] (input port clocked by __VIRTUAL_CLK__)
Endpoint: P[10] (output port clocked by __VIRTUAL_CLK__)
Path Group: __VIRTUAL_CLK__
Path Type: max

Fanout         Cap        Slew       Delay        Time   Description
---------------------------------------------------------------------------------------------
                      0.000000    0.000000    0.000000   clock __VIRTUAL_CLK__ (rise edge)
                                  0.000000    0.000000   clock network delay (ideal)
                                  2.000000    2.000000 ^ input external delay
    17    0.056440    0.194632    0.133147    2.133147 ^ A[0] (in)
                                                         A[0] (net)
                      0.194632    0.000000    2.133147 ^ _293_/D (sky130_fd_sc_hd__nand4_2)
     5    0.010805    0.086560    0.088057    2.221204 v _293_/Y (sky130_fd_sc_hd__nand4_2)
                                                         _231_ (net)
                      0.086560    0.000000    2.221204 v _308_/C (sky130_fd_sc_hd__or4b_2)
     2    0.006507    0.077186    0.366746    2.587950 v _308_/X (sky130_fd_sc_hd__or4b_2)
                                                         _243_ (net)
                      0.077186    0.000000    2.587950 v _310_/A1 (sky130_fd_sc_hd__a21o_2)
     4    0.014934    0.047149    0.157392    2.745341 v _310_/X (sky130_fd_sc_hd__a21o_2)
                                                         _245_ (net)
                      0.047149    0.000000    2.745341 v _313_/B (sky130_fd_sc_hd__xor2_2)
     3    0.007167    0.040681    0.099772    2.845113 v _313_/X (sky130_fd_sc_hd__xor2_2)
                                                         _248_ (net)
                      0.040681    0.000000    2.845113 v _349_/B (sky130_fd_sc_hd__and3_2)
     2    0.005664    0.034247    0.128292    2.973406 v _349_/X (sky130_fd_sc_hd__and3_2)
                                                         _282_ (net)
                      0.034247    0.000000    2.973406 v _356_/A (sky130_fd_sc_hd__or4_2)
     2    0.006162    0.075145    0.384527    3.357932 v _356_/X (sky130_fd_sc_hd__or4_2)
                                                         _004_ (net)
                      0.075145    0.000000    3.357932 v _365_/B (sky130_fd_sc_hd__and3_2)
     3    0.007039    0.036382    0.145348    3.503280 v _365_/X (sky130_fd_sc_hd__and3_2)
                                                         _013_ (net)
                      0.036382    0.000000    3.503280 v _367_/A (sky130_fd_sc_hd__or3b_2)
     3    0.008141    0.064928    0.282586    3.785867 v _367_/X (sky130_fd_sc_hd__or3b_2)
                                                         _015_ (net)
                      0.064928    0.000000    3.785867 v _379_/A1 (sky130_fd_sc_hd__a21o_2)
     2    0.005921    0.031602    0.133849    3.919716 v _379_/X (sky130_fd_sc_hd__a21o_2)
                                                         _027_ (net)
                      0.031602    0.000000    3.919716 v _417_/A1 (sky130_fd_sc_hd__a21oi_2)
     2    0.013133    0.138274    0.134043    4.053760 ^ _417_/Y (sky130_fd_sc_hd__a21oi_2)
                                                         _064_ (net)
                      0.138274    0.000000    4.053760 ^ _450_/A2 (sky130_fd_sc_hd__o21bai_2)
     4    0.016932    0.063155    0.072588    4.126348 v _450_/Y (sky130_fd_sc_hd__o21bai_2)
                                                         _096_ (net)
                      0.063155    0.000000    4.126348 v _516_/A1 (sky130_fd_sc_hd__a21o_2)
     2    0.010209    0.039099    0.142450    4.268797 v _516_/X (sky130_fd_sc_hd__a21o_2)
                                                         _160_ (net)
                      0.039099    0.000000    4.268797 v _517_/B (sky130_fd_sc_hd__xnor2_2)
     1    0.033442    0.339903    0.264945    4.533742 ^ _517_/Y (sky130_fd_sc_hd__xnor2_2)
                                                         P[10] (net)
                      0.339903    0.000000    4.533742 ^ P[10] (out)
                                              4.533742   data arrival time

                      0.000000   10.000000   10.000000   clock __VIRTUAL_CLK__ (rise edge)
                                  0.000000   10.000000   clock network delay (ideal)
                                 -0.250000    9.750000   clock uncertainty
                                  0.000000    9.750000   clock reconvergence pessimism
                                 -2.000000    7.750000   output external delay
                                              7.750000   data required time
---------------------------------------------------------------------------------------------
                                              7.750000   data required time
                                             -4.533742   data arrival time
---------------------------------------------------------------------------------------------
                                              3.216258   slack (MET)


Startpoint: A[0] (input port clocked by __VIRTUAL_CLK__)
Endpoint: P[9] (output port clocked by __VIRTUAL_CLK__)
Path Group: __VIRTUAL_CLK__
Path Type: max

Fanout         Cap        Slew       Delay        Time   Description
---------------------------------------------------------------------------------------------
                      0.000000    0.000000    0.000000   clock __VIRTUAL_CLK__ (rise edge)
                                  0.000000    0.000000   clock network delay (ideal)
                                  2.000000    2.000000 ^ input external delay
    17    0.056440    0.194632    0.133147    2.133147 ^ A[0] (in)
                                                         A[0] (net)
                      0.194632    0.000000    2.133147 ^ _293_/D (sky130_fd_sc_hd__nand4_2)
     5    0.010805    0.086560    0.088057    2.221204 v _293_/Y (sky130_fd_sc_hd__nand4_2)
                                                         _231_ (net)
                      0.086560    0.000000    2.221204 v _308_/C (sky130_fd_sc_hd__or4b_2)
     2    0.006507    0.077186    0.366746    2.587950 v _308_/X (sky130_fd_sc_hd__or4b_2)
                                                         _243_ (net)
                      0.077186    0.000000    2.587950 v _310_/A1 (sky130_fd_sc_hd__a21o_2)
     4    0.014934    0.047149    0.157392    2.745341 v _310_/X (sky130_fd_sc_hd__a21o_2)
                                                         _245_ (net)
                      0.047149    0.000000    2.745341 v _313_/B (sky130_fd_sc_hd__xor2_2)
     3    0.007167    0.040681    0.099772    2.845113 v _313_/X (sky130_fd_sc_hd__xor2_2)
                                                         _248_ (net)
                      0.040681    0.000000    2.845113 v _349_/B (sky130_fd_sc_hd__and3_2)
     2    0.005664    0.034247    0.128292    2.973406 v _349_/X (sky130_fd_sc_hd__and3_2)
                                                         _282_ (net)
                      0.034247    0.000000    2.973406 v _356_/A (sky130_fd_sc_hd__or4_2)
     2    0.006162    0.075145    0.384527    3.357932 v _356_/X (sky130_fd_sc_hd__or4_2)
                                                         _004_ (net)
                      0.075145    0.000000    3.357932 v _365_/B (sky130_fd_sc_hd__and3_2)
     3    0.007039    0.036382    0.145348    3.503280 v _365_/X (sky130_fd_sc_hd__and3_2)
                                                         _013_ (net)
                      0.036382    0.000000    3.503280 v _367_/A (sky130_fd_sc_hd__or3b_2)
     3    0.008141    0.064928    0.282586    3.785867 v _367_/X (sky130_fd_sc_hd__or3b_2)
                                                         _015_ (net)
                      0.064928    0.000000    3.785867 v _379_/A1 (sky130_fd_sc_hd__a21o_2)
     2    0.005921    0.031602    0.133849    3.919716 v _379_/X (sky130_fd_sc_hd__a21o_2)
                                                         _027_ (net)
                      0.031602    0.000000    3.919716 v _417_/A1 (sky130_fd_sc_hd__a21oi_2)
     2    0.013133    0.138274    0.134043    4.053760 ^ _417_/Y (sky130_fd_sc_hd__a21oi_2)
                                                         _064_ (net)
                      0.138274    0.000000    4.053760 ^ _450_/A2 (sky130_fd_sc_hd__o21bai_2)
     4    0.016932    0.063155    0.072588    4.126348 v _450_/Y (sky130_fd_sc_hd__o21bai_2)
                                                         _096_ (net)
                      0.063155    0.000000    4.126348 v _451_/B (sky130_fd_sc_hd__nand2b_2)
     1    0.004614    0.039782    0.057166    4.183514 ^ _451_/Y (sky130_fd_sc_hd__nand2b_2)
                                                         _097_ (net)
                      0.039782    0.000000    4.183514 ^ _486_/B (sky130_fd_sc_hd__nand2_2)
     1    0.008002    0.033632    0.037214    4.220728 v _486_/Y (sky130_fd_sc_hd__nand2_2)
                                                         _131_ (net)
                      0.033632    0.000000    4.220728 v _487_/B (sky130_fd_sc_hd__xnor2_2)
     1    0.033442    0.339941    0.263108    4.483836 ^ _487_/Y (sky130_fd_sc_hd__xnor2_2)
                                                         P[9] (net)
                      0.339941    0.000000    4.483836 ^ P[9] (out)
                                              4.483836   data arrival time

                      0.000000   10.000000   10.000000   clock __VIRTUAL_CLK__ (rise edge)
                                  0.000000   10.000000   clock network delay (ideal)
                                 -0.250000    9.750000   clock uncertainty
                                  0.000000    9.750000   clock reconvergence pessimism
                                 -2.000000    7.750000   output external delay
                                              7.750000   data required time
---------------------------------------------------------------------------------------------
                                              7.750000   data required time
                                             -4.483836   data arrival time
---------------------------------------------------------------------------------------------
                                              3.266164   slack (MET)


Startpoint: A[0] (input port clocked by __VIRTUAL_CLK__)
Endpoint: P[8] (output port clocked by __VIRTUAL_CLK__)
Path Group: __VIRTUAL_CLK__
Path Type: max

Fanout         Cap        Slew       Delay        Time   Description
---------------------------------------------------------------------------------------------
                      0.000000    0.000000    0.000000   clock __VIRTUAL_CLK__ (rise edge)
                                  0.000000    0.000000   clock network delay (ideal)
                                  2.000000    2.000000 ^ input external delay
    17    0.056440    0.194632    0.133147    2.133147 ^ A[0] (in)
                                                         A[0] (net)
                      0.194632    0.000000    2.133147 ^ _293_/D (sky130_fd_sc_hd__nand4_2)
     5    0.010805    0.086560    0.088057    2.221204 v _293_/Y (sky130_fd_sc_hd__nand4_2)
                                                         _231_ (net)
                      0.086560    0.000000    2.221204 v _308_/C (sky130_fd_sc_hd__or4b_2)
     2    0.006507    0.077186    0.366746    2.587950 v _308_/X (sky130_fd_sc_hd__or4b_2)
                                                         _243_ (net)
                      0.077186    0.000000    2.587950 v _310_/A1 (sky130_fd_sc_hd__a21o_2)
     4    0.014934    0.047149    0.157392    2.745341 v _310_/X (sky130_fd_sc_hd__a21o_2)
                                                         _245_ (net)
                      0.047149    0.000000    2.745341 v _313_/B (sky130_fd_sc_hd__xor2_2)
     3    0.007167    0.040681    0.099772    2.845113 v _313_/X (sky130_fd_sc_hd__xor2_2)
                                                         _248_ (net)
                      0.040681    0.000000    2.845113 v _349_/B (sky130_fd_sc_hd__and3_2)
     2    0.005664    0.034247    0.128292    2.973406 v _349_/X (sky130_fd_sc_hd__and3_2)
                                                         _282_ (net)
                      0.034247    0.000000    2.973406 v _356_/A (sky130_fd_sc_hd__or4_2)
     2    0.006162    0.075145    0.384527    3.357932 v _356_/X (sky130_fd_sc_hd__or4_2)
                                                         _004_ (net)
                      0.075145    0.000000    3.357932 v _365_/B (sky130_fd_sc_hd__and3_2)
     3    0.007039    0.036382    0.145348    3.503280 v _365_/X (sky130_fd_sc_hd__and3_2)
                                                         _013_ (net)
                      0.036382    0.000000    3.503280 v _367_/A (sky130_fd_sc_hd__or3b_2)
     3    0.008141    0.064928    0.282586    3.785867 v _367_/X (sky130_fd_sc_hd__or3b_2)
                                                         _015_ (net)
                      0.064928    0.000000    3.785867 v _379_/A1 (sky130_fd_sc_hd__a21o_2)
     2    0.005921    0.031602    0.133849    3.919716 v _379_/X (sky130_fd_sc_hd__a21o_2)
                                                         _027_ (net)
                      0.031602    0.000000    3.919716 v _417_/A1 (sky130_fd_sc_hd__a21oi_2)
     2    0.013133    0.138274    0.134043    4.053760 ^ _417_/Y (sky130_fd_sc_hd__a21oi_2)
                                                         _064_ (net)
                      0.138274    0.000000    4.053760 ^ _450_/A2 (sky130_fd_sc_hd__o21bai_2)
     4    0.016932    0.063155    0.072588    4.126348 v _450_/Y (sky130_fd_sc_hd__o21bai_2)
                                                         _096_ (net)
                      0.063155    0.000000    4.126348 v _452_/B (sky130_fd_sc_hd__xnor2_2)
     1    0.033442    0.339784    0.273356    4.399704 ^ _452_/Y (sky130_fd_sc_hd__xnor2_2)
                                                         P[8] (net)
                      0.339784    0.000000    4.399704 ^ P[8] (out)
                                              4.399704   data arrival time

                      0.000000   10.000000   10.000000   clock __VIRTUAL_CLK__ (rise edge)
                                  0.000000   10.000000   clock network delay (ideal)
                                 -0.250000    9.750000   clock uncertainty
                                  0.000000    9.750000   clock reconvergence pessimism
                                 -2.000000    7.750000   output external delay
                                              7.750000   data required time
---------------------------------------------------------------------------------------------
                                              7.750000   data required time
                                             -4.399704   data arrival time
---------------------------------------------------------------------------------------------
                                              3.350296   slack (MET)


Startpoint: A[0] (input port clocked by __VIRTUAL_CLK__)
Endpoint: P[7] (output port clocked by __VIRTUAL_CLK__)
Path Group: __VIRTUAL_CLK__
Path Type: max

Fanout         Cap        Slew       Delay        Time   Description
---------------------------------------------------------------------------------------------
                      0.000000    0.000000    0.000000   clock __VIRTUAL_CLK__ (rise edge)
                                  0.000000    0.000000   clock network delay (ideal)
                                  2.000000    2.000000 ^ input external delay
    17    0.056440    0.194632    0.133147    2.133147 ^ A[0] (in)
                                                         A[0] (net)
                      0.194632    0.000000    2.133147 ^ _293_/D (sky130_fd_sc_hd__nand4_2)
     5    0.010805    0.086560    0.088057    2.221204 v _293_/Y (sky130_fd_sc_hd__nand4_2)
                                                         _231_ (net)
                      0.086560    0.000000    2.221204 v _308_/C (sky130_fd_sc_hd__or4b_2)
     2    0.006507    0.077186    0.366746    2.587950 v _308_/X (sky130_fd_sc_hd__or4b_2)
                                                         _243_ (net)
                      0.077186    0.000000    2.587950 v _310_/A1 (sky130_fd_sc_hd__a21o_2)
     4    0.014934    0.047149    0.157392    2.745341 v _310_/X (sky130_fd_sc_hd__a21o_2)
                                                         _245_ (net)
                      0.047149    0.000000    2.745341 v _313_/B (sky130_fd_sc_hd__xor2_2)
     3    0.007167    0.040681    0.099772    2.845113 v _313_/X (sky130_fd_sc_hd__xor2_2)
                                                         _248_ (net)
                      0.040681    0.000000    2.845113 v _349_/B (sky130_fd_sc_hd__and3_2)
     2    0.005664    0.034247    0.128292    2.973406 v _349_/X (sky130_fd_sc_hd__and3_2)
                                                         _282_ (net)
                      0.034247    0.000000    2.973406 v _356_/A (sky130_fd_sc_hd__or4_2)
     2    0.006162    0.075145    0.384527    3.357932 v _356_/X (sky130_fd_sc_hd__or4_2)
                                                         _004_ (net)
                      0.075145    0.000000    3.357932 v _365_/B (sky130_fd_sc_hd__and3_2)
     3    0.007039    0.036382    0.145348    3.503280 v _365_/X (sky130_fd_sc_hd__and3_2)
                                                         _013_ (net)
                      0.036382    0.000000    3.503280 v _367_/A (sky130_fd_sc_hd__or3b_2)
     3    0.008141    0.064928    0.282586    3.785867 v _367_/X (sky130_fd_sc_hd__or3b_2)
                                                         _015_ (net)
                      0.064928    0.000000    3.785867 v _384_/B (sky130_fd_sc_hd__nand2b_2)
     2    0.006199    0.045469    0.062207    3.848073 ^ _384_/Y (sky130_fd_sc_hd__nand2b_2)
                                                         _031_ (net)
                      0.045469    0.000000    3.848073 ^ _415_/A (sky130_fd_sc_hd__nor2_2)
     2    0.005557    0.030355    0.026927    3.875000 v _415_/Y (sky130_fd_sc_hd__nor2_2)
                                                         _062_ (net)
                      0.030355    0.000000    3.875000 v _416_/B (sky130_fd_sc_hd__or2_2)
     1    0.008562    0.049627    0.172208    4.047209 v _416_/X (sky130_fd_sc_hd__or2_2)
                                                         _063_ (net)
                      0.049627    0.000000    4.047209 v _418_/A (sky130_fd_sc_hd__xor2_2)
     1    0.033442    0.320980    0.281455    4.328664 ^ _418_/X (sky130_fd_sc_hd__xor2_2)
                                                         P[7] (net)
                      0.320980    0.000000    4.328664 ^ P[7] (out)
                                              4.328664   data arrival time

                      0.000000   10.000000   10.000000   clock __VIRTUAL_CLK__ (rise edge)
                                  0.000000   10.000000   clock network delay (ideal)
                                 -0.250000    9.750000   clock uncertainty
                                  0.000000    9.750000   clock reconvergence pessimism
                                 -2.000000    7.750000   output external delay
                                              7.750000   data required time
---------------------------------------------------------------------------------------------
                                              7.750000   data required time
                                             -4.328664   data arrival time
---------------------------------------------------------------------------------------------
                                              3.421336   slack (MET)


Startpoint: A[0] (input port clocked by __VIRTUAL_CLK__)
Endpoint: P[6] (output port clocked by __VIRTUAL_CLK__)
Path Group: __VIRTUAL_CLK__
Path Type: max

Fanout         Cap        Slew       Delay        Time   Description
---------------------------------------------------------------------------------------------
                      0.000000    0.000000    0.000000   clock __VIRTUAL_CLK__ (rise edge)
                                  0.000000    0.000000   clock network delay (ideal)
                                  2.000000    2.000000 ^ input external delay
    17    0.056440    0.194632    0.133147    2.133147 ^ A[0] (in)
                                                         A[0] (net)
                      0.194632    0.000000    2.133147 ^ _293_/D (sky130_fd_sc_hd__nand4_2)
     5    0.010805    0.086560    0.088057    2.221204 v _293_/Y (sky130_fd_sc_hd__nand4_2)
                                                         _231_ (net)
                      0.086560    0.000000    2.221204 v _308_/C (sky130_fd_sc_hd__or4b_2)
     2    0.006507    0.077186    0.366746    2.587950 v _308_/X (sky130_fd_sc_hd__or4b_2)
                                                         _243_ (net)
                      0.077186    0.000000    2.587950 v _310_/A1 (sky130_fd_sc_hd__a21o_2)
     4    0.014934    0.047149    0.157392    2.745341 v _310_/X (sky130_fd_sc_hd__a21o_2)
                                                         _245_ (net)
                      0.047149    0.000000    2.745341 v _313_/B (sky130_fd_sc_hd__xor2_2)
     3    0.007167    0.040681    0.099772    2.845113 v _313_/X (sky130_fd_sc_hd__xor2_2)
                                                         _248_ (net)
                      0.040681    0.000000    2.845113 v _349_/B (sky130_fd_sc_hd__and3_2)
     2    0.005664    0.034247    0.128292    2.973406 v _349_/X (sky130_fd_sc_hd__and3_2)
                                                         _282_ (net)
                      0.034247    0.000000    2.973406 v _356_/A (sky130_fd_sc_hd__or4_2)
     2    0.006162    0.075145    0.384527    3.357932 v _356_/X (sky130_fd_sc_hd__or4_2)
                                                         _004_ (net)
                      0.075145    0.000000    3.357932 v _365_/B (sky130_fd_sc_hd__and3_2)
     3    0.007039    0.036382    0.145348    3.503280 v _365_/X (sky130_fd_sc_hd__and3_2)
                                                         _013_ (net)
                      0.036382    0.000000    3.503280 v _367_/A (sky130_fd_sc_hd__or3b_2)
     3    0.008141    0.064928    0.282586    3.785867 v _367_/X (sky130_fd_sc_hd__or3b_2)
                                                         _015_ (net)
                      0.064928    0.000000    3.785867 v _379_/A1 (sky130_fd_sc_hd__a21o_2)
     2    0.005921    0.031602    0.133849    3.919716 v _379_/X (sky130_fd_sc_hd__a21o_2)
                                                         _027_ (net)
                      0.031602    0.000000    3.919716 v _380_/B (sky130_fd_sc_hd__and2b_2)
     1    0.008562    0.037285    0.128436    4.048152 v _380_/X (sky130_fd_sc_hd__and2b_2)
                                                         _028_ (net)
                      0.037285    0.000000    4.048152 v _383_/A (sky130_fd_sc_hd__xor2_2)
     1    0.033442    0.321177    0.276676    4.324829 ^ _383_/X (sky130_fd_sc_hd__xor2_2)
                                                         P[6] (net)
                      0.321177    0.000000    4.324829 ^ P[6] (out)
                                              4.324829   data arrival time

                      0.000000   10.000000   10.000000   clock __VIRTUAL_CLK__ (rise edge)
                                  0.000000   10.000000   clock network delay (ideal)
                                 -0.250000    9.750000   clock uncertainty
                                  0.000000    9.750000   clock reconvergence pessimism
                                 -2.000000    7.750000   output external delay
                                              7.750000   data required time
---------------------------------------------------------------------------------------------
                                              7.750000   data required time
                                             -4.324829   data arrival time
---------------------------------------------------------------------------------------------
                                              3.425171   slack (MET)


Startpoint: A[0] (input port clocked by __VIRTUAL_CLK__)
Endpoint: P[5] (output port clocked by __VIRTUAL_CLK__)
Path Group: __VIRTUAL_CLK__
Path Type: max

Fanout         Cap        Slew       Delay        Time   Description
---------------------------------------------------------------------------------------------
                      0.000000    0.000000    0.000000   clock __VIRTUAL_CLK__ (rise edge)
                                  0.000000    0.000000   clock network delay (ideal)
                                  2.000000    2.000000 ^ input external delay
    17    0.056440    0.194632    0.133147    2.133147 ^ A[0] (in)
                                                         A[0] (net)
                      0.194632    0.000000    2.133147 ^ _293_/D (sky130_fd_sc_hd__nand4_2)
     5    0.010805    0.086560    0.088057    2.221204 v _293_/Y (sky130_fd_sc_hd__nand4_2)
                                                         _231_ (net)
                      0.086560    0.000000    2.221204 v _308_/C (sky130_fd_sc_hd__or4b_2)
     2    0.006507    0.077186    0.366746    2.587950 v _308_/X (sky130_fd_sc_hd__or4b_2)
                                                         _243_ (net)
                      0.077186    0.000000    2.587950 v _310_/A1 (sky130_fd_sc_hd__a21o_2)
     4    0.014934    0.047149    0.157392    2.745341 v _310_/X (sky130_fd_sc_hd__a21o_2)
                                                         _245_ (net)
                      0.047149    0.000000    2.745341 v _312_/B (sky130_fd_sc_hd__or2_2)
     1    0.002236    0.035171    0.157613    2.902954 v _312_/X (sky130_fd_sc_hd__or2_2)
                                                         _247_ (net)
                      0.035171    0.000000    2.902954 v _372_/A3 (sky130_fd_sc_hd__a41o_2)
     1    0.008002    0.039221    0.178477    3.081431 v _372_/X (sky130_fd_sc_hd__a41o_2)
                                                         _020_ (net)
                      0.039221    0.000000    3.081431 v _373_/B (sky130_fd_sc_hd__xnor2_2)
     2    0.010953    0.146248    0.128353    3.209784 ^ _373_/Y (sky130_fd_sc_hd__xnor2_2)
                                                         _021_ (net)
                      0.146248    0.000000    3.209784 ^ _376_/B (sky130_fd_sc_hd__xor2_2)
     2    0.010913    0.136401    0.128039    3.337823 ^ _376_/X (sky130_fd_sc_hd__xor2_2)
                                                         _024_ (net)
                      0.136401    0.000000    3.337823 ^ _381_/B (sky130_fd_sc_hd__xnor2_2)
     2    0.003182    0.079096    0.071665    3.409488 ^ _381_/Y (sky130_fd_sc_hd__xnor2_2)
                                                         _029_ (net)
                      0.079096    0.000000    3.409488 ^ _584_/C_N (sky130_fd_sc_hd__or3b_2)
     1    0.001639    0.047171    0.243007    3.652495 v _584_/X (sky130_fd_sc_hd__or3b_2)
                                                         _223_ (net)
                      0.047171    0.000000    3.652495 v _585_/B (sky130_fd_sc_hd__and2b_2)
     1    0.033442    0.073317    0.176421    3.828916 v _585_/X (sky130_fd_sc_hd__and2b_2)
                                                         P[5] (net)
                      0.073317    0.000000    3.828916 v P[5] (out)
                                              3.828916   data arrival time

                      0.000000   10.000000   10.000000   clock __VIRTUAL_CLK__ (rise edge)
                                  0.000000   10.000000   clock network delay (ideal)
                                 -0.250000    9.750000   clock uncertainty
                                  0.000000    9.750000   clock reconvergence pessimism
                                 -2.000000    7.750000   output external delay
                                              7.750000   data required time
---------------------------------------------------------------------------------------------
                                              7.750000   data required time
                                             -3.828916   data arrival time
---------------------------------------------------------------------------------------------
                                              3.921084   slack (MET)


Startpoint: A[0] (input port clocked by __VIRTUAL_CLK__)
Endpoint: P[4] (output port clocked by __VIRTUAL_CLK__)
Path Group: __VIRTUAL_CLK__
Path Type: max

Fanout         Cap        Slew       Delay        Time   Description
---------------------------------------------------------------------------------------------
                      0.000000    0.000000    0.000000   clock __VIRTUAL_CLK__ (rise edge)
                                  0.000000    0.000000   clock network delay (ideal)
                                  2.000000    2.000000 ^ input external delay
    17    0.056440    0.194632    0.133147    2.133147 ^ A[0] (in)
                                                         A[0] (net)
                      0.194632    0.000000    2.133147 ^ _293_/D (sky130_fd_sc_hd__nand4_2)
     5    0.010805    0.086560    0.088057    2.221204 v _293_/Y (sky130_fd_sc_hd__nand4_2)
                                                         _231_ (net)
                      0.086560    0.000000    2.221204 v _308_/C (sky130_fd_sc_hd__or4b_2)
     2    0.006507    0.077186    0.366746    2.587950 v _308_/X (sky130_fd_sc_hd__or4b_2)
                                                         _243_ (net)
                      0.077186    0.000000    2.587950 v _310_/A1 (sky130_fd_sc_hd__a21o_2)
     4    0.014934    0.047149    0.157392    2.745341 v _310_/X (sky130_fd_sc_hd__a21o_2)
                                                         _245_ (net)
                      0.047149    0.000000    2.745341 v _313_/B (sky130_fd_sc_hd__xor2_2)
     3    0.007821    0.111009    0.109969    2.855310 ^ _313_/X (sky130_fd_sc_hd__xor2_2)
                                                         _248_ (net)
                      0.111009    0.000000    2.855310 ^ _314_/B (sky130_fd_sc_hd__nand2_2)
     2    0.009772    0.064863    0.050104    2.905414 v _314_/Y (sky130_fd_sc_hd__nand2_2)
                                                         _249_ (net)
                      0.064863    0.000000    2.905414 v _329_/A (sky130_fd_sc_hd__xnor2_2)
     2    0.009550    0.047299    0.112610    3.018024 v _329_/Y (sky130_fd_sc_hd__xnor2_2)
                                                         _263_ (net)
                      0.047299    0.000000    3.018024 v _331_/B (sky130_fd_sc_hd__xnor2_2)
     2    0.005763    0.039290    0.089207    3.107231 v _331_/Y (sky130_fd_sc_hd__xnor2_2)
                                                         _265_ (net)
                      0.039290    0.000000    3.107231 v _332_/C (sky130_fd_sc_hd__and3_2)
     3    0.007972    0.038040    0.142523    3.249754 v _332_/X (sky130_fd_sc_hd__and3_2)
                                                         _266_ (net)
                      0.038040    0.000000    3.249754 v _334_/A (sky130_fd_sc_hd__nor2_2)
     1    0.033442    0.270427    0.227465    3.477219 ^ _334_/Y (sky130_fd_sc_hd__nor2_2)
                                                         P[4] (net)
                      0.270427    0.000000    3.477219 ^ P[4] (out)
                                              3.477219   data arrival time

                      0.000000   10.000000   10.000000   clock __VIRTUAL_CLK__ (rise edge)
                                  0.000000   10.000000   clock network delay (ideal)
                                 -0.250000    9.750000   clock uncertainty
                                  0.000000    9.750000   clock reconvergence pessimism
                                 -2.000000    7.750000   output external delay
                                              7.750000   data required time
---------------------------------------------------------------------------------------------
                                              7.750000   data required time
                                             -3.477219   data arrival time
---------------------------------------------------------------------------------------------
                                              4.272780   slack (MET)


Startpoint: A[0] (input port clocked by __VIRTUAL_CLK__)
Endpoint: P[3] (output port clocked by __VIRTUAL_CLK__)
Path Group: __VIRTUAL_CLK__
Path Type: max

Fanout         Cap        Slew       Delay        Time   Description
---------------------------------------------------------------------------------------------
                      0.000000    0.000000    0.000000   clock __VIRTUAL_CLK__ (rise edge)
                                  0.000000    0.000000   clock network delay (ideal)
                                  2.000000    2.000000 ^ input external delay
    17    0.056440    0.194632    0.133147    2.133147 ^ A[0] (in)
                                                         A[0] (net)
                      0.194632    0.000000    2.133147 ^ _293_/D (sky130_fd_sc_hd__nand4_2)
     5    0.010805    0.086560    0.088057    2.221204 v _293_/Y (sky130_fd_sc_hd__nand4_2)
                                                         _231_ (net)
                      0.086560    0.000000    2.221204 v _308_/C (sky130_fd_sc_hd__or4b_2)
     2    0.006507    0.077186    0.366746    2.587950 v _308_/X (sky130_fd_sc_hd__or4b_2)
                                                         _243_ (net)
                      0.077186    0.000000    2.587950 v _310_/A1 (sky130_fd_sc_hd__a21o_2)
     4    0.014934    0.047149    0.157392    2.745341 v _310_/X (sky130_fd_sc_hd__a21o_2)
                                                         _245_ (net)
                      0.047149    0.000000    2.745341 v _313_/B (sky130_fd_sc_hd__xor2_2)
     3    0.007167    0.040681    0.099772    2.845113 v _313_/X (sky130_fd_sc_hd__xor2_2)
                                                         _248_ (net)
                      0.040681    0.000000    2.845113 v _315_/B (sky130_fd_sc_hd__or2_2)
     1    0.001495    0.033196    0.152799    2.997912 v _315_/X (sky130_fd_sc_hd__or2_2)
                                                         _250_ (net)
                      0.033196    0.000000    2.997912 v _316_/B (sky130_fd_sc_hd__and2_2)
     1    0.033442    0.072659    0.168546    3.166458 v _316_/X (sky130_fd_sc_hd__and2_2)
                                                         P[3] (net)
                      0.072659    0.000000    3.166458 v P[3] (out)
                                              3.166458   data arrival time

                      0.000000   10.000000   10.000000   clock __VIRTUAL_CLK__ (rise edge)
                                  0.000000   10.000000   clock network delay (ideal)
                                 -0.250000    9.750000   clock uncertainty
                                  0.000000    9.750000   clock reconvergence pessimism
                                 -2.000000    7.750000   output external delay
                                              7.750000   data required time
---------------------------------------------------------------------------------------------
                                              7.750000   data required time
                                             -3.166458   data arrival time
---------------------------------------------------------------------------------------------
                                              4.583542   slack (MET)


Startpoint: A[0] (input port clocked by __VIRTUAL_CLK__)
Endpoint: P[2] (output port clocked by __VIRTUAL_CLK__)
Path Group: __VIRTUAL_CLK__
Path Type: max

Fanout         Cap        Slew       Delay        Time   Description
---------------------------------------------------------------------------------------------
                      0.000000    0.000000    0.000000   clock __VIRTUAL_CLK__ (rise edge)
                                  0.000000    0.000000   clock network delay (ideal)
                                  2.000000    2.000000 ^ input external delay
    17    0.056440    0.194632    0.133147    2.133147 ^ A[0] (in)
                                                         A[0] (net)
                      0.194632    0.000000    2.133147 ^ _292_/B (sky130_fd_sc_hd__nand2_2)
     2    0.006130    0.047619    0.039924    2.173070 v _292_/Y (sky130_fd_sc_hd__nand2_2)
                                                         _230_ (net)
                      0.047619    0.000000    2.173070 v _297_/D (sky130_fd_sc_hd__and4_2)
     3    0.008691    0.041121    0.162221    2.335291 v _297_/X (sky130_fd_sc_hd__and4_2)
                                                         _233_ (net)
                      0.041121    0.000000    2.335291 v _300_/A1 (sky130_fd_sc_hd__o21a_2)
     1    0.004193    0.028184    0.133346    2.468638 v _300_/X (sky130_fd_sc_hd__o21a_2)
                                                         _236_ (net)
                      0.028184    0.000000    2.468638 v _302_/A (sky130_fd_sc_hd__nor2_2)
     1    0.033442    0.270409    0.223801    2.692439 ^ _302_/Y (sky130_fd_sc_hd__nor2_2)
                                                         P[2] (net)
                      0.270409    0.000000    2.692439 ^ P[2] (out)
                                              2.692439   data arrival time

                      0.000000   10.000000   10.000000   clock __VIRTUAL_CLK__ (rise edge)
                                  0.000000   10.000000   clock network delay (ideal)
                                 -0.250000    9.750000   clock uncertainty
                                  0.000000    9.750000   clock reconvergence pessimism
                                 -2.000000    7.750000   output external delay
                                              7.750000   data required time
---------------------------------------------------------------------------------------------
                                              7.750000   data required time
                                             -2.692439   data arrival time
---------------------------------------------------------------------------------------------
                                              5.057561   slack (MET)


Startpoint: A[0] (input port clocked by __VIRTUAL_CLK__)
Endpoint: P[1] (output port clocked by __VIRTUAL_CLK__)
Path Group: __VIRTUAL_CLK__
Path Type: max

Fanout         Cap        Slew       Delay        Time   Description
---------------------------------------------------------------------------------------------
                      0.000000    0.000000    0.000000   clock __VIRTUAL_CLK__ (rise edge)
                                  0.000000    0.000000   clock network delay (ideal)
                                  2.000000    2.000000 ^ input external delay
    17    0.056440    0.194632    0.133147    2.133147 ^ A[0] (in)
                                                         A[0] (net)
                      0.194632    0.000000    2.133147 ^ _293_/D (sky130_fd_sc_hd__nand4_2)
     5    0.010805    0.086560    0.088057    2.221204 v _293_/Y (sky130_fd_sc_hd__nand4_2)
                                                         _231_ (net)
                      0.086560    0.000000    2.221204 v _295_/C (sky130_fd_sc_hd__and3_2)
     1    0.033442    0.075286    0.206121    2.427325 v _295_/X (sky130_fd_sc_hd__and3_2)
                                                         P[1] (net)
                      0.075286    0.000000    2.427325 v P[1] (out)
                                              2.427325   data arrival time

                      0.000000   10.000000   10.000000   clock __VIRTUAL_CLK__ (rise edge)
                                  0.000000   10.000000   clock network delay (ideal)
                                 -0.250000    9.750000   clock uncertainty
                                  0.000000    9.750000   clock reconvergence pessimism
                                 -2.000000    7.750000   output external delay
                                              7.750000   data required time
---------------------------------------------------------------------------------------------
                                              7.750000   data required time
                                             -2.427325   data arrival time
---------------------------------------------------------------------------------------------
                                              5.322675   slack (MET)


Startpoint: A[0] (input port clocked by __VIRTUAL_CLK__)
Endpoint: P[0] (output port clocked by __VIRTUAL_CLK__)
Path Group: __VIRTUAL_CLK__
Path Type: max

Fanout         Cap        Slew       Delay        Time   Description
---------------------------------------------------------------------------------------------
                      0.000000    0.000000    0.000000   clock __VIRTUAL_CLK__ (rise edge)
                                  0.000000    0.000000   clock network delay (ideal)
                                  2.000000    2.000000 ^ input external delay
    17    0.056440    0.194632    0.133147    2.133147 ^ A[0] (in)
                                                         A[0] (net)
                      0.194632    0.000000    2.133147 ^ _293_/D (sky130_fd_sc_hd__nand4_2)
     5    0.010805    0.086560    0.088057    2.221204 v _293_/Y (sky130_fd_sc_hd__nand4_2)
                                                         _231_ (net)
                      0.086560    0.000000    2.221204 v _294_/B (sky130_fd_sc_hd__nand2_2)
     1    0.033442    0.141545    0.142177    2.363381 ^ _294_/Y (sky130_fd_sc_hd__nand2_2)
                                                         P[0] (net)
                      0.141545    0.000000    2.363381 ^ P[0] (out)
                                              2.363381   data arrival time

                      0.000000   10.000000   10.000000   clock __VIRTUAL_CLK__ (rise edge)
                                  0.000000   10.000000   clock network delay (ideal)
                                 -0.250000    9.750000   clock uncertainty
                                  0.000000    9.750000   clock reconvergence pessimism
                                 -2.000000    7.750000   output external delay
                                              7.750000   data required time
---------------------------------------------------------------------------------------------
                                              7.750000   data required time
                                             -2.363381   data arrival time
---------------------------------------------------------------------------------------------
                                              5.386619   slack (MET)



