
===========================================================================
report_checks -path_delay min (Hold)
============================================================================
======================= min_ff_n40C_1v95 Corner ===================================

Startpoint: B[0] (input port clocked by __VIRTUAL_CLK__)
Endpoint: P[0] (output port clocked by __VIRTUAL_CLK__)
Path Group: __VIRTUAL_CLK__
Path Type: min

Fanout         Cap        Slew       Delay        Time   Description
---------------------------------------------------------------------------------------------
                      0.000000    0.000000    0.000000   clock __VIRTUAL_CLK__ (rise edge)
                                  0.000000    0.000000   clock network delay (ideal)
                                  2.000000    2.000000 v input external delay
     1    0.002275    0.003964    0.001798    2.001798 v B[0] (in)
                                                         B[0] (net)
                      0.003964    0.000000    2.001798 v input9/A (sky130_fd_sc_hd__buf_2)
     7    0.032009    0.059253    0.104340    2.106138 v input9/X (sky130_fd_sc_hd__buf_2)
                                                         net9 (net)
                      0.059253    0.000283    2.106421 v _477_/A (sky130_fd_sc_hd__clkbuf_1)
     1    0.003281    0.020516    0.069422    2.175843 v _477_/X (sky130_fd_sc_hd__clkbuf_1)
                                                         net17 (net)
                      0.020516    0.000046    2.175889 v output17/A (sky130_fd_sc_hd__buf_2)
     1    0.034025    0.062216    0.113570    2.289459 v output17/X (sky130_fd_sc_hd__buf_2)
                                                         P[0] (net)
                      0.062216    0.000200    2.289660 v P[0] (out)
                                              2.289660   data arrival time

                      0.000000    0.000000    0.000000   clock __VIRTUAL_CLK__ (rise edge)
                                  0.000000    0.000000   clock network delay (ideal)
                                  0.250000    0.250000   clock uncertainty
                                  0.000000    0.250000   clock reconvergence pessimism
                                 -2.000000   -1.750000   output external delay
                                             -1.750000   data required time
---------------------------------------------------------------------------------------------
                                             -1.750000   data required time
                                             -2.289660   data arrival time
---------------------------------------------------------------------------------------------
                                              4.039660   slack (MET)


Startpoint: B[0] (input port clocked by __VIRTUAL_CLK__)
Endpoint: P[4] (output port clocked by __VIRTUAL_CLK__)
Path Group: __VIRTUAL_CLK__
Path Type: min

Fanout         Cap        Slew       Delay        Time   Description
---------------------------------------------------------------------------------------------
                      0.000000    0.000000    0.000000   clock __VIRTUAL_CLK__ (rise edge)
                                  0.000000    0.000000   clock network delay (ideal)
                                  2.000000    2.000000 v input external delay
     1    0.002275    0.003964    0.001798    2.001798 v B[0] (in)
                                                         B[0] (net)
                      0.003964    0.000000    2.001798 v input9/A (sky130_fd_sc_hd__buf_2)
     7    0.032009    0.059253    0.104340    2.106138 v input9/X (sky130_fd_sc_hd__buf_2)
                                                         net9 (net)
                      0.059272    0.001044    2.107182 v _475_/A1 (sky130_fd_sc_hd__a21oi_1)
     1    0.002892    0.047652    0.091056    2.198238 ^ _475_/Y (sky130_fd_sc_hd__a21oi_1)
                                                         _162_ (net)
                      0.047652    0.000016    2.198254 ^ _476_/B (sky130_fd_sc_hd__nor2_1)
     1    0.005446    0.025468    0.031485    2.229740 v _476_/Y (sky130_fd_sc_hd__nor2_1)
                                                         net27 (net)
                      0.025469    0.000104    2.229843 v output27/A (sky130_fd_sc_hd__buf_2)
     1    0.033969    0.062143    0.115378    2.345222 v output27/X (sky130_fd_sc_hd__buf_2)
                                                         P[4] (net)
                      0.062143    0.000183    2.345404 v P[4] (out)
                                              2.345404   data arrival time

                      0.000000    0.000000    0.000000   clock __VIRTUAL_CLK__ (rise edge)
                                  0.000000    0.000000   clock network delay (ideal)
                                  0.250000    0.250000   clock uncertainty
                                  0.000000    0.250000   clock reconvergence pessimism
                                 -2.000000   -1.750000   output external delay
                                             -1.750000   data required time
---------------------------------------------------------------------------------------------
                                             -1.750000   data required time
                                             -2.345404   data arrival time
---------------------------------------------------------------------------------------------
                                              4.095404   slack (MET)


Startpoint: B[0] (input port clocked by __VIRTUAL_CLK__)
Endpoint: P[2] (output port clocked by __VIRTUAL_CLK__)
Path Group: __VIRTUAL_CLK__
Path Type: min

Fanout         Cap        Slew       Delay        Time   Description
---------------------------------------------------------------------------------------------
                      0.000000    0.000000    0.000000   clock __VIRTUAL_CLK__ (rise edge)
                                  0.000000    0.000000   clock network delay (ideal)
                                  2.000000    2.000000 ^ input external delay
     1    0.002434    0.012620    0.006261    2.006261 ^ B[0] (in)
                                                         B[0] (net)
                      0.012620    0.000000    2.006261 ^ input9/A (sky130_fd_sc_hd__buf_2)
     7    0.032980    0.123684    0.128144    2.134404 ^ input9/X (sky130_fd_sc_hd__buf_2)
                                                         net9 (net)
                      0.123732    0.001998    2.136402 ^ _471_/A2 (sky130_fd_sc_hd__a22o_1)
     1    0.002863    0.029780    0.090872    2.227273 ^ _471_/X (sky130_fd_sc_hd__a22o_1)
                                                         _160_ (net)
                      0.029780    0.000032    2.227305 ^ _472_/B (sky130_fd_sc_hd__and2_1)
     1    0.002419    0.030136    0.069406    2.296711 ^ _472_/X (sky130_fd_sc_hd__and2_1)
                                                         net25 (net)
                      0.030136    0.000024    2.296735 ^ output25/A (sky130_fd_sc_hd__buf_2)
     1    0.034319    0.128390    0.137293    2.434028 ^ output25/X (sky130_fd_sc_hd__buf_2)
                                                         P[2] (net)
                      0.128392    0.000357    2.434385 ^ P[2] (out)
                                              2.434385   data arrival time

                      0.000000    0.000000    0.000000   clock __VIRTUAL_CLK__ (rise edge)
                                  0.000000    0.000000   clock network delay (ideal)
                                  0.250000    0.250000   clock uncertainty
                                  0.000000    0.250000   clock reconvergence pessimism
                                 -2.000000   -1.750000   output external delay
                                             -1.750000   data required time
---------------------------------------------------------------------------------------------
                                             -1.750000   data required time
                                             -2.434385   data arrival time
---------------------------------------------------------------------------------------------
                                              4.184385   slack (MET)


Startpoint: A[0] (input port clocked by __VIRTUAL_CLK__)
Endpoint: P[1] (output port clocked by __VIRTUAL_CLK__)
Path Group: __VIRTUAL_CLK__
Path Type: min

Fanout         Cap        Slew       Delay        Time   Description
---------------------------------------------------------------------------------------------
                      0.000000    0.000000    0.000000   clock __VIRTUAL_CLK__ (rise edge)
                                  0.000000    0.000000   clock network delay (ideal)
                                  2.000000    2.000000 v input external delay
     1    0.003096    0.005162    0.002523    2.002523 v A[0] (in)
                                                         A[0] (net)
                      0.005162    0.000000    2.002523 v input1/A (sky130_fd_sc_hd__buf_4)
     4    0.027855    0.037949    0.096137    2.098660 v input1/X (sky130_fd_sc_hd__buf_4)
                                                         net1 (net)
                      0.037966    0.000788    2.099449 v fanout48/A (sky130_fd_sc_hd__buf_8)
     9    0.038038    0.031684    0.093667    2.193116 v fanout48/X (sky130_fd_sc_hd__buf_8)
                                                         net48 (net)
                      0.031684    0.000119    2.193235 v _470_/A (sky130_fd_sc_hd__and2_1)
     1    0.003376    0.025308    0.085423    2.278658 v _470_/X (sky130_fd_sc_hd__and2_1)
                                                         mul_ll.mul_ll.pp1 (net)
                      0.025308    0.000040    2.278698 v _478_/A (sky130_fd_sc_hd__clkbuf_1)
     1    0.002332    0.016788    0.052395    2.331093 v _478_/X (sky130_fd_sc_hd__clkbuf_1)
                                                         net24 (net)
                      0.016788    0.000024    2.331117 v output24/A (sky130_fd_sc_hd__buf_2)
     1    0.034264    0.062605    0.112445    2.443561 v output24/X (sky130_fd_sc_hd__buf_2)
                                                         P[1] (net)
                      0.062607    0.000345    2.443906 v P[1] (out)
                                              2.443906   data arrival time

                      0.000000    0.000000    0.000000   clock __VIRTUAL_CLK__ (rise edge)
                                  0.000000    0.000000   clock network delay (ideal)
                                  0.250000    0.250000   clock uncertainty
                                  0.000000    0.250000   clock reconvergence pessimism
                                 -2.000000   -1.750000   output external delay
                                             -1.750000   data required time
---------------------------------------------------------------------------------------------
                                             -1.750000   data required time
                                             -2.443906   data arrival time
---------------------------------------------------------------------------------------------
                                              4.193906   slack (MET)


Startpoint: A[7] (input port clocked by __VIRTUAL_CLK__)
Endpoint: P[15] (output port clocked by __VIRTUAL_CLK__)
Path Group: __VIRTUAL_CLK__
Path Type: min

Fanout         Cap        Slew       Delay        Time   Description
---------------------------------------------------------------------------------------------
                      0.000000    0.000000    0.000000   clock __VIRTUAL_CLK__ (rise edge)
                                  0.000000    0.000000   clock network delay (ideal)
                                  2.000000    2.000000 v input external delay
     1    0.002352    0.004076    0.001866    2.001866 v A[7] (in)
                                                         A[7] (net)
                      0.004076    0.000000    2.001866 v input8/A (sky130_fd_sc_hd__buf_2)
     8    0.033894    0.062386    0.106571    2.108436 v input8/X (sky130_fd_sc_hd__buf_2)
                                                         net8 (net)
                      0.062389    0.000569    2.109005 v _462_/B (sky130_fd_sc_hd__nand3_1)
     2    0.005847    0.059583    0.081673    2.190678 ^ _462_/Y (sky130_fd_sc_hd__nand3_1)
                                                         _155_ (net)
                      0.059583    0.000058    2.190737 ^ _466_/B1_N (sky130_fd_sc_hd__a21bo_1)
     1    0.003416    0.021868    0.099117    2.289854 v _466_/X (sky130_fd_sc_hd__a21bo_1)
                                                         _158_ (net)
                      0.021868    0.000042    2.289896 v _467_/B1 (sky130_fd_sc_hd__a21o_1)
     1    0.004668    0.024342    0.069440    2.359336 v _467_/X (sky130_fd_sc_hd__a21o_1)
                                                         net23 (net)
                      0.024342    0.000023    2.359359 v output23/A (sky130_fd_sc_hd__buf_6)
     1    0.034142    0.032010    0.087880    2.447238 v output23/X (sky130_fd_sc_hd__buf_6)
                                                         P[15] (net)
                      0.032011    0.000277    2.447515 v P[15] (out)
                                              2.447515   data arrival time

                      0.000000    0.000000    0.000000   clock __VIRTUAL_CLK__ (rise edge)
                                  0.000000    0.000000   clock network delay (ideal)
                                  0.250000    0.250000   clock uncertainty
                                  0.000000    0.250000   clock reconvergence pessimism
                                 -2.000000   -1.750000   output external delay
                                             -1.750000   data required time
---------------------------------------------------------------------------------------------
                                             -1.750000   data required time
                                             -2.447515   data arrival time
---------------------------------------------------------------------------------------------
                                              4.197515   slack (MET)


Startpoint: A[0] (input port clocked by __VIRTUAL_CLK__)
Endpoint: P[5] (output port clocked by __VIRTUAL_CLK__)
Path Group: __VIRTUAL_CLK__
Path Type: min

Fanout         Cap        Slew       Delay        Time   Description
---------------------------------------------------------------------------------------------
                      0.000000    0.000000    0.000000   clock __VIRTUAL_CLK__ (rise edge)
                                  0.000000    0.000000   clock network delay (ideal)
                                  2.000000    2.000000 ^ input external delay
     1    0.003357    0.015909    0.008685    2.008685 ^ A[0] (in)
                                                         A[0] (net)
                      0.015914    0.000000    2.008685 ^ input1/A (sky130_fd_sc_hd__buf_4)
     4    0.028858    0.065580    0.093899    2.102583 ^ input1/X (sky130_fd_sc_hd__buf_4)
                                                         net1 (net)
                      0.065643    0.001644    2.104227 ^ _295_/B (sky130_fd_sc_hd__and3_1)
     2    0.007834    0.067693    0.119453    2.223680 ^ _295_/X (sky130_fd_sc_hd__and3_1)
                                                         _227_ (net)
                      0.067693    0.000148    2.223828 ^ _298_/A1 (sky130_fd_sc_hd__o21ai_1)
     3    0.008984    0.041323    0.067492    2.291320 v _298_/Y (sky130_fd_sc_hd__o21ai_1)
                                                         _230_ (net)
                      0.041323    0.000079    2.291399 v _469_/A (sky130_fd_sc_hd__and2_1)
     1    0.005235    0.030531    0.095136    2.386535 v _469_/X (sky130_fd_sc_hd__and2_1)
                                                         net28 (net)
                      0.030531    0.000097    2.386632 v output28/A (sky130_fd_sc_hd__buf_2)
     1    0.034051    0.062276    0.117492    2.504124 v output28/X (sky130_fd_sc_hd__buf_2)
                                                         P[5] (net)
                      0.062276    0.000209    2.504333 v P[5] (out)
                                              2.504333   data arrival time

                      0.000000    0.000000    0.000000   clock __VIRTUAL_CLK__ (rise edge)
                                  0.000000    0.000000   clock network delay (ideal)
                                  0.250000    0.250000   clock uncertainty
                                  0.000000    0.250000   clock reconvergence pessimism
                                 -2.000000   -1.750000   output external delay
                                             -1.750000   data required time
---------------------------------------------------------------------------------------------
                                             -1.750000   data required time
                                             -2.504333   data arrival time
---------------------------------------------------------------------------------------------
                                              4.254333   slack (MET)


Startpoint: A[7] (input port clocked by __VIRTUAL_CLK__)
Endpoint: P[14] (output port clocked by __VIRTUAL_CLK__)
Path Group: __VIRTUAL_CLK__
Path Type: min

Fanout         Cap        Slew       Delay        Time   Description
---------------------------------------------------------------------------------------------
                      0.000000    0.000000    0.000000   clock __VIRTUAL_CLK__ (rise edge)
                                  0.000000    0.000000   clock network delay (ideal)
                                  2.000000    2.000000 ^ input external delay
     1    0.002511    0.012891    0.006463    2.006463 ^ A[7] (in)
                                                         A[7] (net)
                      0.012891    0.000000    2.006463 ^ input8/A (sky130_fd_sc_hd__buf_2)
     8    0.035409    0.132416    0.134026    2.140489 ^ input8/X (sky130_fd_sc_hd__buf_2)
                                                         net8 (net)
                      0.132419    0.000486    2.140975 ^ _463_/A1 (sky130_fd_sc_hd__o211a_1)
     2    0.007865    0.056340    0.125010    2.265985 ^ _463_/X (sky130_fd_sc_hd__o211a_1)
                                                         _156_ (net)
                      0.056340    0.000064    2.266048 ^ _464_/B (sky130_fd_sc_hd__xor2_1)
     2    0.012068    0.050418    0.066612    2.332660 v _464_/X (sky130_fd_sc_hd__xor2_1)
                                                         _157_ (net)
                      0.050418    0.000188    2.332848 v _465_/B (sky130_fd_sc_hd__xor2_2)
     1    0.005028    0.025205    0.096227    2.429075 v _465_/X (sky130_fd_sc_hd__xor2_2)
                                                         net22 (net)
                      0.025205    0.000057    2.429132 v output22/A (sky130_fd_sc_hd__buf_6)
     1    0.034054    0.031982    0.088230    2.517362 v output22/X (sky130_fd_sc_hd__buf_6)
                                                         P[14] (net)
                      0.031983    0.000208    2.517571 v P[14] (out)
                                              2.517571   data arrival time

                      0.000000    0.000000    0.000000   clock __VIRTUAL_CLK__ (rise edge)
                                  0.000000    0.000000   clock network delay (ideal)
                                  0.250000    0.250000   clock uncertainty
                                  0.000000    0.250000   clock reconvergence pessimism
                                 -2.000000   -1.750000   output external delay
                                             -1.750000   data required time
---------------------------------------------------------------------------------------------
                                             -1.750000   data required time
                                             -2.517571   data arrival time
---------------------------------------------------------------------------------------------
                                              4.267571   slack (MET)


Startpoint: B[0] (input port clocked by __VIRTUAL_CLK__)
Endpoint: P[3] (output port clocked by __VIRTUAL_CLK__)
Path Group: __VIRTUAL_CLK__
Path Type: min

Fanout         Cap        Slew       Delay        Time   Description
---------------------------------------------------------------------------------------------
                      0.000000    0.000000    0.000000   clock __VIRTUAL_CLK__ (rise edge)
                                  0.000000    0.000000   clock network delay (ideal)
                                  2.000000    2.000000 v input external delay
     1    0.002275    0.003964    0.001798    2.001798 v B[0] (in)
                                                         B[0] (net)
                      0.003964    0.000000    2.001798 v input9/A (sky130_fd_sc_hd__buf_2)
     7    0.032009    0.059253    0.104340    2.106138 v input9/X (sky130_fd_sc_hd__buf_2)
                                                         net9 (net)
                      0.059367    0.001924    2.108061 v _253_/B (sky130_fd_sc_hd__and4_1)
     4    0.011915    0.048691    0.146265    2.254326 v _253_/X (sky130_fd_sc_hd__and4_1)
                                                         _185_ (net)
                      0.048691    0.000245    2.254572 v _255_/B (sky130_fd_sc_hd__nand2_1)
     2    0.008371    0.063385    0.075943    2.330514 ^ _255_/Y (sky130_fd_sc_hd__nand2_1)
                                                         _187_ (net)
                      0.063385    0.000087    2.330601 ^ _474_/A (sky130_fd_sc_hd__and2_1)
     1    0.004001    0.040131    0.082444    2.413046 ^ _474_/X (sky130_fd_sc_hd__and2_1)
                                                         net26 (net)
                      0.040131    0.000069    2.413115 ^ output26/A (sky130_fd_sc_hd__buf_2)
     1    0.034319    0.128366    0.140321    2.553436 ^ output26/X (sky130_fd_sc_hd__buf_2)
                                                         P[3] (net)
                      0.128367    0.000357    2.553793 ^ P[3] (out)
                                              2.553793   data arrival time

                      0.000000    0.000000    0.000000   clock __VIRTUAL_CLK__ (rise edge)
                                  0.000000    0.000000   clock network delay (ideal)
                                  0.250000    0.250000   clock uncertainty
                                  0.000000    0.250000   clock reconvergence pessimism
                                 -2.000000   -1.750000   output external delay
                                             -1.750000   data required time
---------------------------------------------------------------------------------------------
                                             -1.750000   data required time
                                             -2.553793   data arrival time
---------------------------------------------------------------------------------------------
                                              4.303793   slack (MET)


Startpoint: A[0] (input port clocked by __VIRTUAL_CLK__)
Endpoint: P[6] (output port clocked by __VIRTUAL_CLK__)
Path Group: __VIRTUAL_CLK__
Path Type: min

Fanout         Cap        Slew       Delay        Time   Description
---------------------------------------------------------------------------------------------
                      0.000000    0.000000    0.000000   clock __VIRTUAL_CLK__ (rise edge)
                                  0.000000    0.000000   clock network delay (ideal)
                                  2.000000    2.000000 ^ input external delay
     1    0.003357    0.015909    0.008685    2.008685 ^ A[0] (in)
                                                         A[0] (net)
                      0.015914    0.000000    2.008685 ^ input1/A (sky130_fd_sc_hd__buf_4)
     4    0.028858    0.065580    0.093899    2.102583 ^ input1/X (sky130_fd_sc_hd__buf_4)
                                                         net1 (net)
                      0.065643    0.001644    2.104227 ^ _295_/B (sky130_fd_sc_hd__and3_1)
     2    0.007834    0.067693    0.119453    2.223680 ^ _295_/X (sky130_fd_sc_hd__and3_1)
                                                         _227_ (net)
                      0.067693    0.000148    2.223828 ^ _298_/A1 (sky130_fd_sc_hd__o21ai_1)
     3    0.008984    0.041323    0.067492    2.291320 v _298_/Y (sky130_fd_sc_hd__o21ai_1)
                                                         _230_ (net)
                      0.041324    0.000156    2.291476 v _300_/B1_N (sky130_fd_sc_hd__a21bo_1)
     1    0.003067    0.026437    0.111278    2.402754 ^ _300_/X (sky130_fd_sc_hd__a21bo_1)
                                                         _001_ (net)
                      0.026437    0.000031    2.402785 ^ _301_/B (sky130_fd_sc_hd__and2_4)
     1    0.010648    0.035224    0.089141    2.491926 ^ _301_/X (sky130_fd_sc_hd__and2_4)
                                                         net29 (net)
                      0.035226    0.000286    2.492212 ^ output29/A (sky130_fd_sc_hd__buf_8)
     1    0.034039    0.049104    0.079663    2.571875 ^ output29/X (sky130_fd_sc_hd__buf_8)
                                                         P[6] (net)
                      0.049104    0.000193    2.572068 ^ P[6] (out)
                                              2.572068   data arrival time

                      0.000000    0.000000    0.000000   clock __VIRTUAL_CLK__ (rise edge)
                                  0.000000    0.000000   clock network delay (ideal)
                                  0.250000    0.250000   clock uncertainty
                                  0.000000    0.250000   clock reconvergence pessimism
                                 -2.000000   -1.750000   output external delay
                                             -1.750000   data required time
---------------------------------------------------------------------------------------------
                                             -1.750000   data required time
                                             -2.572068   data arrival time
---------------------------------------------------------------------------------------------
                                              4.322068   slack (MET)


Startpoint: B[4] (input port clocked by __VIRTUAL_CLK__)
Endpoint: P[8] (output port clocked by __VIRTUAL_CLK__)
Path Group: __VIRTUAL_CLK__
Path Type: min

Fanout         Cap        Slew       Delay        Time   Description
---------------------------------------------------------------------------------------------
                      0.000000    0.000000    0.000000   clock __VIRTUAL_CLK__ (rise edge)
                                  0.000000    0.000000   clock network delay (ideal)
                                  2.000000    2.000000 v input external delay
     1    0.002685    0.004562    0.002157    2.002157 v B[4] (in)
                                                         B[4] (net)
                      0.004562    0.000000    2.002157 v input13/A (sky130_fd_sc_hd__clkbuf_4)
     8    0.048322    0.073929    0.126364    2.128522 v input13/X (sky130_fd_sc_hd__clkbuf_4)
                                                         net13 (net)
                      0.074073    0.002458    2.130980 v _348_/A (sky130_fd_sc_hd__nand2_1)
     1    0.004885    0.046167    0.063970    2.194950 ^ _348_/Y (sky130_fd_sc_hd__nand2_1)
                                                         _047_ (net)
                      0.046167    0.000046    2.194996 ^ _349_/B (sky130_fd_sc_hd__xor2_1)
     2    0.008115    0.039643    0.052190    2.247186 v _349_/X (sky130_fd_sc_hd__xor2_1)
                                                         _048_ (net)
                      0.039643    0.000108    2.247294 v _352_/A (sky130_fd_sc_hd__xnor2_1)
     3    0.016865    0.080403    0.127943    2.375237 v _352_/Y (sky130_fd_sc_hd__xnor2_1)
                                                         _051_ (net)
                      0.080403    0.000264    2.375501 v _354_/A (sky130_fd_sc_hd__xor2_2)
     1    0.008820    0.031879    0.134639    2.510139 v _354_/X (sky130_fd_sc_hd__xor2_2)
                                                         net31 (net)
                      0.031880    0.000254    2.510394 v output31/A (sky130_fd_sc_hd__buf_6)
     1    0.033884    0.031861    0.090991    2.601385 v output31/X (sky130_fd_sc_hd__buf_6)
                                                         P[8] (net)
                      0.031861    0.000165    2.601550 v P[8] (out)
                                              2.601550   data arrival time

                      0.000000    0.000000    0.000000   clock __VIRTUAL_CLK__ (rise edge)
                                  0.000000    0.000000   clock network delay (ideal)
                                  0.250000    0.250000   clock uncertainty
                                  0.000000    0.250000   clock reconvergence pessimism
                                 -2.000000   -1.750000   output external delay
                                             -1.750000   data required time
---------------------------------------------------------------------------------------------
                                             -1.750000   data required time
                                             -2.601550   data arrival time
---------------------------------------------------------------------------------------------
                                              4.351551   slack (MET)


Startpoint: B[4] (input port clocked by __VIRTUAL_CLK__)
Endpoint: P[9] (output port clocked by __VIRTUAL_CLK__)
Path Group: __VIRTUAL_CLK__
Path Type: min

Fanout         Cap        Slew       Delay        Time   Description
---------------------------------------------------------------------------------------------
                      0.000000    0.000000    0.000000   clock __VIRTUAL_CLK__ (rise edge)
                                  0.000000    0.000000   clock network delay (ideal)
                                  2.000000    2.000000 v input external delay
     1    0.002685    0.004562    0.002157    2.002157 v B[4] (in)
                                                         B[4] (net)
                      0.004562    0.000000    2.002157 v input13/A (sky130_fd_sc_hd__clkbuf_4)
     8    0.048322    0.073929    0.126364    2.128522 v input13/X (sky130_fd_sc_hd__clkbuf_4)
                                                         net13 (net)
                      0.074073    0.002458    2.130980 v _348_/A (sky130_fd_sc_hd__nand2_1)
     1    0.004885    0.046167    0.063970    2.194950 ^ _348_/Y (sky130_fd_sc_hd__nand2_1)
                                                         _047_ (net)
                      0.046167    0.000046    2.194996 ^ _349_/B (sky130_fd_sc_hd__xor2_1)
     2    0.008115    0.039643    0.052190    2.247186 v _349_/X (sky130_fd_sc_hd__xor2_1)
                                                         _048_ (net)
                      0.039643    0.000110    2.247296 v _351_/A (sky130_fd_sc_hd__nor2_1)
     2    0.006542    0.096439    0.100487    2.347782 ^ _351_/Y (sky130_fd_sc_hd__nor2_1)
                                                         _050_ (net)
                      0.096439    0.000067    2.347849 ^ _355_/B1_N (sky130_fd_sc_hd__o21ba_4)
     1    0.015994    0.026253    0.113075    2.460925 v _355_/X (sky130_fd_sc_hd__o21ba_4)
                                                         _053_ (net)
                      0.026254    0.000178    2.461103 v _379_/B (sky130_fd_sc_hd__xnor2_4)
     1    0.009222    0.027693    0.081567    2.542670 v _379_/Y (sky130_fd_sc_hd__xnor2_4)
                                                         net32 (net)
                      0.027694    0.000299    2.542969 v output32/A (sky130_fd_sc_hd__buf_6)
     1    0.033933    0.031903    0.089240    2.632208 v output32/X (sky130_fd_sc_hd__buf_6)
                                                         P[9] (net)
                      0.031903    0.000174    2.632382 v P[9] (out)
                                              2.632382   data arrival time

                      0.000000    0.000000    0.000000   clock __VIRTUAL_CLK__ (rise edge)
                                  0.000000    0.000000   clock network delay (ideal)
                                  0.250000    0.250000   clock uncertainty
                                  0.000000    0.250000   clock reconvergence pessimism
                                 -2.000000   -1.750000   output external delay
                                             -1.750000   data required time
---------------------------------------------------------------------------------------------
                                             -1.750000   data required time
                                             -2.632382   data arrival time
---------------------------------------------------------------------------------------------
                                              4.382382   slack (MET)


Startpoint: A[0] (input port clocked by __VIRTUAL_CLK__)
Endpoint: P[7] (output port clocked by __VIRTUAL_CLK__)
Path Group: __VIRTUAL_CLK__
Path Type: min

Fanout         Cap        Slew       Delay        Time   Description
---------------------------------------------------------------------------------------------
                      0.000000    0.000000    0.000000   clock __VIRTUAL_CLK__ (rise edge)
                                  0.000000    0.000000   clock network delay (ideal)
                                  2.000000    2.000000 ^ input external delay
     1    0.003357    0.015909    0.008685    2.008685 ^ A[0] (in)
                                                         A[0] (net)
                      0.015914    0.000000    2.008685 ^ input1/A (sky130_fd_sc_hd__buf_4)
     4    0.028858    0.065580    0.093899    2.102583 ^ input1/X (sky130_fd_sc_hd__buf_4)
                                                         net1 (net)
                      0.065645    0.001669    2.104252 ^ _286_/A (sky130_fd_sc_hd__and3_1)
     2    0.018716    0.143803    0.170533    2.274786 ^ _286_/X (sky130_fd_sc_hd__and3_1)
                                                         _218_ (net)
                      0.143803    0.000410    2.275196 ^ _290_/A1 (sky130_fd_sc_hd__o211ai_4)
     6    0.029514    0.061246    0.088967    2.364162 v _290_/Y (sky130_fd_sc_hd__o211ai_4)
                                                         _222_ (net)
                      0.061258    0.000682    2.364845 v _327_/A1 (sky130_fd_sc_hd__a22o_1)
     1    0.009147    0.043259    0.138273    2.503118 v _327_/X (sky130_fd_sc_hd__a22o_1)
                                                         _027_ (net)
                      0.043259    0.000106    2.503224 v _328_/B (sky130_fd_sc_hd__nand2b_4)
     1    0.011222    0.036643    0.055776    2.559000 ^ _328_/Y (sky130_fd_sc_hd__nand2b_4)
                                                         net30 (net)
                      0.036646    0.000341    2.559341 ^ output30/A (sky130_fd_sc_hd__buf_8)
     1    0.033980    0.049047    0.079937    2.639277 ^ output30/X (sky130_fd_sc_hd__buf_8)
                                                         P[7] (net)
                      0.049047    0.000176    2.639453 ^ P[7] (out)
                                              2.639453   data arrival time

                      0.000000    0.000000    0.000000   clock __VIRTUAL_CLK__ (rise edge)
                                  0.000000    0.000000   clock network delay (ideal)
                                  0.250000    0.250000   clock uncertainty
                                  0.000000    0.250000   clock reconvergence pessimism
                                 -2.000000   -1.750000   output external delay
                                             -1.750000   data required time
---------------------------------------------------------------------------------------------
                                             -1.750000   data required time
                                             -2.639453   data arrival time
---------------------------------------------------------------------------------------------
                                              4.389453   slack (MET)


Startpoint: B[4] (input port clocked by __VIRTUAL_CLK__)
Endpoint: P[11] (output port clocked by __VIRTUAL_CLK__)
Path Group: __VIRTUAL_CLK__
Path Type: min

Fanout         Cap        Slew       Delay        Time   Description
---------------------------------------------------------------------------------------------
                      0.000000    0.000000    0.000000   clock __VIRTUAL_CLK__ (rise edge)
                                  0.000000    0.000000   clock network delay (ideal)
                                  2.000000    2.000000 ^ input external delay
     1    0.002929    0.014375    0.007557    2.007557 ^ B[4] (in)
                                                         B[4] (net)
                      0.014375    0.000000    2.007557 ^ input13/A (sky130_fd_sc_hd__clkbuf_4)
     8    0.049245    0.116623    0.142560    2.150116 ^ input13/X (sky130_fd_sc_hd__clkbuf_4)
                                                         net13 (net)
                      0.116744    0.003071    2.153188 ^ _384_/A1 (sky130_fd_sc_hd__a22oi_1)
     2    0.006945    0.042635    0.070422    2.223609 v _384_/Y (sky130_fd_sc_hd__a22oi_1)
                                                         _081_ (net)
                      0.042635    0.000122    2.223731 v _385_/B (sky130_fd_sc_hd__nor2_1)
     1    0.004845    0.076554    0.076845    2.300576 ^ _385_/Y (sky130_fd_sc_hd__nor2_1)
                                                         _082_ (net)
                      0.076554    0.000044    2.300620 ^ _399_/A (sky130_fd_sc_hd__xor2_1)
     2    0.006449    0.035230    0.056341    2.356961 v _399_/X (sky130_fd_sc_hd__xor2_1)
                                                         _096_ (net)
                      0.035230    0.000076    2.357038 v _402_/A (sky130_fd_sc_hd__nand2_1)
     3    0.012031    0.087103    0.082395    2.439433 ^ _402_/Y (sky130_fd_sc_hd__nand2_1)
                                                         _099_ (net)
                      0.087104    0.000197    2.439630 ^ _430_/A1 (sky130_fd_sc_hd__a21oi_2)
     1    0.008903    0.030096    0.043946    2.483577 v _430_/Y (sky130_fd_sc_hd__a21oi_2)
                                                         _126_ (net)
                      0.030096    0.000096    2.483673 v _431_/A (sky130_fd_sc_hd__xnor2_2)
     1    0.009808    0.039320    0.099097    2.582769 v _431_/Y (sky130_fd_sc_hd__xnor2_2)
                                                         net19 (net)
                      0.039322    0.000364    2.583133 v output19/A (sky130_fd_sc_hd__buf_6)
     1    0.035064    0.032471    0.094573    2.677706 v output19/X (sky130_fd_sc_hd__buf_6)
                                                         P[11] (net)
                      0.032481    0.000527    2.678233 v P[11] (out)
                                              2.678233   data arrival time

                      0.000000    0.000000    0.000000   clock __VIRTUAL_CLK__ (rise edge)
                                  0.000000    0.000000   clock network delay (ideal)
                                  0.250000    0.250000   clock uncertainty
                                  0.000000    0.250000   clock reconvergence pessimism
                                 -2.000000   -1.750000   output external delay
                                             -1.750000   data required time
---------------------------------------------------------------------------------------------
                                             -1.750000   data required time
                                             -2.678233   data arrival time
---------------------------------------------------------------------------------------------
                                              4.428233   slack (MET)


Startpoint: B[7] (input port clocked by __VIRTUAL_CLK__)
Endpoint: P[12] (output port clocked by __VIRTUAL_CLK__)
Path Group: __VIRTUAL_CLK__
Path Type: min

Fanout         Cap        Slew       Delay        Time   Description
---------------------------------------------------------------------------------------------
                      0.000000    0.000000    0.000000   clock __VIRTUAL_CLK__ (rise edge)
                                  0.000000    0.000000   clock network delay (ideal)
                                  2.000000    2.000000 v input external delay
     1    0.002614    0.004458    0.002095    2.002095 v B[7] (in)
                                                         B[7] (net)
                      0.004458    0.000000    2.002095 v input16/A (sky130_fd_sc_hd__buf_1)
     2    0.011463    0.049194    0.073262    2.075357 v input16/X (sky130_fd_sc_hd__buf_1)
                                                         net16 (net)
                      0.049197    0.000424    2.075781 v fanout40/A (sky130_fd_sc_hd__clkbuf_2)
     7    0.021287    0.059917    0.110528    2.186309 v fanout40/X (sky130_fd_sc_hd__clkbuf_2)
                                                         net40 (net)
                      0.059919    0.000396    2.186705 v _419_/A1 (sky130_fd_sc_hd__a31o_1)
     2    0.011148    0.043265    0.145483    2.332188 v _419_/X (sky130_fd_sc_hd__a31o_1)
                                                         _115_ (net)
                      0.043266    0.000350    2.332538 v _421_/A (sky130_fd_sc_hd__nand2_1)
     2    0.007235    0.056331    0.063063    2.395601 ^ _421_/Y (sky130_fd_sc_hd__nand2_1)
                                                         _117_ (net)
                      0.056332    0.000130    2.395730 ^ _442_/A (sky130_fd_sc_hd__nand3_1)
     3    0.011017    0.070510    0.071378    2.467108 v _442_/Y (sky130_fd_sc_hd__nand3_1)
                                                         _137_ (net)
                      0.070510    0.000057    2.467165 v _445_/A (sky130_fd_sc_hd__nand2_1)
     1    0.004993    0.046021    0.063152    2.530317 ^ _445_/Y (sky130_fd_sc_hd__nand2_1)
                                                         _140_ (net)
                      0.046021    0.000028    2.530345 ^ _449_/A (sky130_fd_sc_hd__xnor2_1)
     1    0.010320    0.053410    0.067202    2.597547 v _449_/Y (sky130_fd_sc_hd__xnor2_1)
                                                         net20 (net)
                      0.053412    0.000399    2.597946 v output20/A (sky130_fd_sc_hd__buf_6)
     1    0.034894    0.032337    0.100455    2.698401 v output20/X (sky130_fd_sc_hd__buf_6)
                                                         P[12] (net)
                      0.032346    0.000523    2.698924 v P[12] (out)
                                              2.698924   data arrival time

                      0.000000    0.000000    0.000000   clock __VIRTUAL_CLK__ (rise edge)
                                  0.000000    0.000000   clock network delay (ideal)
                                  0.250000    0.250000   clock uncertainty
                                  0.000000    0.250000   clock reconvergence pessimism
                                 -2.000000   -1.750000   output external delay
                                             -1.750000   data required time
---------------------------------------------------------------------------------------------
                                             -1.750000   data required time
                                             -2.698924   data arrival time
---------------------------------------------------------------------------------------------
                                              4.448924   slack (MET)


Startpoint: A[7] (input port clocked by __VIRTUAL_CLK__)
Endpoint: P[13] (output port clocked by __VIRTUAL_CLK__)
Path Group: __VIRTUAL_CLK__
Path Type: min

Fanout         Cap        Slew       Delay        Time   Description
---------------------------------------------------------------------------------------------
                      0.000000    0.000000    0.000000   clock __VIRTUAL_CLK__ (rise edge)
                                  0.000000    0.000000   clock network delay (ideal)
                                  2.000000    2.000000 ^ input external delay
     1    0.002511    0.012891    0.006463    2.006463 ^ A[7] (in)
                                                         A[7] (net)
                      0.012891    0.000000    2.006463 ^ input8/A (sky130_fd_sc_hd__buf_2)
     8    0.035409    0.132416    0.134026    2.140489 ^ input8/X (sky130_fd_sc_hd__buf_2)
                                                         net8 (net)
                      0.132470    0.002213    2.142701 ^ _394_/B1 (sky130_fd_sc_hd__a21o_1)
     2    0.004989    0.039478    0.063098    2.205799 ^ _394_/X (sky130_fd_sc_hd__a21o_1)
                                                         _091_ (net)
                      0.039478    0.000022    2.205821 ^ _420_/A3 (sky130_fd_sc_hd__a31o_1)
     2    0.012090    0.090392    0.125814    2.331635 ^ _420_/X (sky130_fd_sc_hd__a31o_1)
                                                         _116_ (net)
                      0.090394    0.000372    2.332007 ^ _421_/B (sky130_fd_sc_hd__nand2_1)
     2    0.006974    0.043046    0.052275    2.384282 v _421_/Y (sky130_fd_sc_hd__nand2_1)
                                                         _117_ (net)
                      0.043046    0.000125    2.384407 v _442_/A (sky130_fd_sc_hd__nand3_1)
     3    0.011681    0.095923    0.092456    2.476863 ^ _442_/Y (sky130_fd_sc_hd__nand3_1)
                                                         _137_ (net)
                      0.095923    0.000082    2.476945 ^ _459_/C1 (sky130_fd_sc_hd__o211a_4)
     3    0.020583    0.057236    0.110006    2.586952 ^ _459_/X (sky130_fd_sc_hd__o211a_4)
                                                         _153_ (net)
                      0.057236    0.000205    2.587156 ^ _460_/B (sky130_fd_sc_hd__nor2_2)
     1    0.008404    0.025000    0.029218    2.616375 v _460_/Y (sky130_fd_sc_hd__nor2_2)
                                                         net21 (net)
                      0.025004    0.000244    2.616618 v output21/A (sky130_fd_sc_hd__buf_6)
     1    0.034076    0.031996    0.088152    2.704771 v output21/X (sky130_fd_sc_hd__buf_6)
                                                         P[13] (net)
                      0.031997    0.000217    2.704988 v P[13] (out)
                                              2.704988   data arrival time

                      0.000000    0.000000    0.000000   clock __VIRTUAL_CLK__ (rise edge)
                                  0.000000    0.000000   clock network delay (ideal)
                                  0.250000    0.250000   clock uncertainty
                                  0.000000    0.250000   clock reconvergence pessimism
                                 -2.000000   -1.750000   output external delay
                                             -1.750000   data required time
---------------------------------------------------------------------------------------------
                                             -1.750000   data required time
                                             -2.704988   data arrival time
---------------------------------------------------------------------------------------------
                                              4.454988   slack (MET)


Startpoint: B[4] (input port clocked by __VIRTUAL_CLK__)
Endpoint: P[10] (output port clocked by __VIRTUAL_CLK__)
Path Group: __VIRTUAL_CLK__
Path Type: min

Fanout         Cap        Slew       Delay        Time   Description
---------------------------------------------------------------------------------------------
                      0.000000    0.000000    0.000000   clock __VIRTUAL_CLK__ (rise edge)
                                  0.000000    0.000000   clock network delay (ideal)
                                  2.000000    2.000000 ^ input external delay
     1    0.002929    0.014375    0.007557    2.007557 ^ B[4] (in)
                                                         B[4] (net)
                      0.014375    0.000000    2.007557 ^ input13/A (sky130_fd_sc_hd__clkbuf_4)
     8    0.049245    0.116623    0.142560    2.150116 ^ input13/X (sky130_fd_sc_hd__clkbuf_4)
                                                         net13 (net)
                      0.116744    0.003071    2.153188 ^ _384_/A1 (sky130_fd_sc_hd__a22oi_1)
     2    0.006945    0.042635    0.070422    2.223609 v _384_/Y (sky130_fd_sc_hd__a22oi_1)
                                                         _081_ (net)
                      0.042635    0.000122    2.223731 v _385_/B (sky130_fd_sc_hd__nor2_1)
     1    0.004845    0.076554    0.076845    2.300576 ^ _385_/Y (sky130_fd_sc_hd__nor2_1)
                                                         _082_ (net)
                      0.076554    0.000044    2.300620 ^ _399_/A (sky130_fd_sc_hd__xor2_1)
     2    0.006449    0.035230    0.056341    2.356961 v _399_/X (sky130_fd_sc_hd__xor2_1)
                                                         _096_ (net)
                      0.035230    0.000076    2.357038 v _402_/A (sky130_fd_sc_hd__nand2_1)
     3    0.012031    0.087103    0.082395    2.439433 ^ _402_/Y (sky130_fd_sc_hd__nand2_1)
                                                         _099_ (net)
                      0.087104    0.000159    2.439592 ^ _403_/B (sky130_fd_sc_hd__nand2b_1)
     1    0.016433    0.080315    0.086898    2.526490 v _403_/Y (sky130_fd_sc_hd__nand2b_1)
                                                         _100_ (net)
                      0.080315    0.000219    2.526709 v _409_/B (sky130_fd_sc_hd__xnor2_4)
     1    0.009498    0.031289    0.103457    2.630166 v _409_/Y (sky130_fd_sc_hd__xnor2_4)
                                                         net18 (net)
                      0.031290    0.000344    2.630510 v output18/A (sky130_fd_sc_hd__buf_6)
     1    0.034990    0.032459    0.091134    2.721643 v output18/X (sky130_fd_sc_hd__buf_6)
                                                         P[10] (net)
                      0.032469    0.000525    2.722169 v P[10] (out)
                                              2.722169   data arrival time

                      0.000000    0.000000    0.000000   clock __VIRTUAL_CLK__ (rise edge)
                                  0.000000    0.000000   clock network delay (ideal)
                                  0.250000    0.250000   clock uncertainty
                                  0.000000    0.250000   clock reconvergence pessimism
                                 -2.000000   -1.750000   output external delay
                                             -1.750000   data required time
---------------------------------------------------------------------------------------------
                                             -1.750000   data required time
                                             -2.722169   data arrival time
---------------------------------------------------------------------------------------------
                                              4.472168   slack (MET)



