
===========================================================================
report_checks -path_delay max (Setup)
============================================================================
======================= nom_tt_025C_1v80 Corner ===================================

Startpoint: A[0] (input port clocked by __VIRTUAL_CLK__)
Endpoint: P[14] (output port clocked by __VIRTUAL_CLK__)
Path Group: __VIRTUAL_CLK__
Path Type: max

Fanout         Cap        Slew       Delay        Time   Description
---------------------------------------------------------------------------------------------
                      0.000000    0.000000    0.000000   clock __VIRTUAL_CLK__ (rise edge)
                                  0.000000    0.000000   clock network delay (ideal)
                                  2.000000    2.000000 v input external delay
     1    0.004931    0.013465    0.007959    2.007959 v A[0] (in)
                                                         A[0] (net)
                      0.013465    0.000000    2.007959 v input1/A (sky130_fd_sc_hd__buf_6)
     3    0.012800    0.027510    0.104636    2.112595 v input1/X (sky130_fd_sc_hd__buf_6)
                                                         net1 (net)
                      0.027510    0.000029    2.112623 v fanout44/A (sky130_fd_sc_hd__buf_6)
     5    0.011488    0.026464    0.109086    2.221709 v fanout44/X (sky130_fd_sc_hd__buf_6)
                                                         net44 (net)
                      0.026464    0.000082    2.221791 v _306_/D (sky130_fd_sc_hd__and4_1)
     2    0.003629    0.043492    0.188536    2.410328 v _306_/X (sky130_fd_sc_hd__and4_1)
                                                         _240_ (net)
                      0.043492    0.000008    2.410335 v _307_/A_N (sky130_fd_sc_hd__and3b_1)
     1    0.006315    0.082363    0.225269    2.635604 ^ _307_/X (sky130_fd_sc_hd__and3b_1)
                                                         _241_ (net)
                      0.082363    0.000027    2.635631 ^ _309_/S (sky130_fd_sc_hd__mux2_4)
     3    0.013157    0.064143    0.324674    2.960305 v _309_/X (sky130_fd_sc_hd__mux2_4)
                                                         _243_ (net)
                      0.064143    0.000152    2.960457 v _310_/B (sky130_fd_sc_hd__xor2_2)
     2    0.004149    0.050205    0.145272    3.105729 v _310_/X (sky130_fd_sc_hd__xor2_2)
                                                         _244_ (net)
                      0.050205    0.000012    3.105741 v _347_/A (sky130_fd_sc_hd__and3_1)
     2    0.005509    0.050030    0.154504    3.260246 v _347_/X (sky130_fd_sc_hd__and3_1)
                                                         _279_ (net)
                      0.050030    0.000010    3.260256 v _353_/B (sky130_fd_sc_hd__or4_4)
     2    0.005170    0.085492    0.509240    3.769495 v _353_/X (sky130_fd_sc_hd__or4_4)
                                                         _001_ (net)
                      0.085492    0.000029    3.769524 v _361_/C (sky130_fd_sc_hd__and3_1)
     3    0.011532    0.073204    0.232442    4.001966 v _361_/X (sky130_fd_sc_hd__and3_1)
                                                         _009_ (net)
                      0.073204    0.000174    4.002140 v _363_/B (sky130_fd_sc_hd__or3b_4)
     3    0.013275    0.082402    0.403520    4.405660 v _363_/X (sky130_fd_sc_hd__or3b_4)
                                                         _011_ (net)
                      0.082402    0.000064    4.405724 v _380_/B (sky130_fd_sc_hd__nand2b_4)
     2    0.021728    0.086276    0.110998    4.516722 ^ _380_/Y (sky130_fd_sc_hd__nand2b_4)
                                                         _027_ (net)
                      0.086276    0.000185    4.516907 ^ _410_/A (sky130_fd_sc_hd__xor2_4)
     2    0.015058    0.168067    0.180565    4.697472 ^ _410_/X (sky130_fd_sc_hd__xor2_4)
                                                         _057_ (net)
                      0.168067    0.000032    4.697504 ^ _443_/A2 (sky130_fd_sc_hd__a21oi_4)
     3    0.010910    0.058444    0.086058    4.783561 v _443_/Y (sky130_fd_sc_hd__a21oi_4)
                                                         _089_ (net)
                      0.058444    0.000090    4.783651 v _507_/A (sky130_fd_sc_hd__or3b_4)
     3    0.015749    0.087962    0.427359    5.211010 v _507_/X (sky130_fd_sc_hd__or3b_4)
                                                         _151_ (net)
                      0.087962    0.000251    5.211261 v _555_/A3 (sky130_fd_sc_hd__a311oi_4)
     4    0.015974    0.314689    0.382100    5.593361 ^ _555_/Y (sky130_fd_sc_hd__a311oi_4)
                                                         _197_ (net)
                      0.314689    0.000261    5.593623 ^ _569_/A1 (sky130_fd_sc_hd__o211a_1)
     2    0.007506    0.081158    0.234373    5.827996 ^ _569_/X (sky130_fd_sc_hd__o211a_1)
                                                         _210_ (net)
                      0.081158    0.000018    5.828014 ^ _578_/A (sky130_fd_sc_hd__xor2_1)
     1    0.006845    0.182157    0.192486    6.020500 ^ _578_/X (sky130_fd_sc_hd__xor2_1)
                                                         net21 (net)
                      0.182157    0.000071    6.020570 ^ output21/A (sky130_fd_sc_hd__buf_6)
     1    0.034676    0.078534    0.164698    6.185269 ^ output21/X (sky130_fd_sc_hd__buf_6)
                                                         P[14] (net)
                      0.078534    0.000257    6.185526 ^ P[14] (out)
                                              6.185526   data arrival time

                      0.000000   10.000000   10.000000   clock __VIRTUAL_CLK__ (rise edge)
                                  0.000000   10.000000   clock network delay (ideal)
                                 -0.250000    9.750000   clock uncertainty
                                  0.000000    9.750000   clock reconvergence pessimism
                                 -2.000000    7.750000   output external delay
                                              7.750000   data required time
---------------------------------------------------------------------------------------------
                                              7.750000   data required time
                                             -6.185526   data arrival time
---------------------------------------------------------------------------------------------
                                              1.564474   slack (MET)


Startpoint: A[0] (input port clocked by __VIRTUAL_CLK__)
Endpoint: P[15] (output port clocked by __VIRTUAL_CLK__)
Path Group: __VIRTUAL_CLK__
Path Type: max

Fanout         Cap        Slew       Delay        Time   Description
---------------------------------------------------------------------------------------------
                      0.000000    0.000000    0.000000   clock __VIRTUAL_CLK__ (rise edge)
                                  0.000000    0.000000   clock network delay (ideal)
                                  2.000000    2.000000 v input external delay
     1    0.004931    0.013465    0.007959    2.007959 v A[0] (in)
                                                         A[0] (net)
                      0.013465    0.000000    2.007959 v input1/A (sky130_fd_sc_hd__buf_6)
     3    0.012800    0.027510    0.104636    2.112595 v input1/X (sky130_fd_sc_hd__buf_6)
                                                         net1 (net)
                      0.027510    0.000029    2.112623 v fanout44/A (sky130_fd_sc_hd__buf_6)
     5    0.011488    0.026464    0.109086    2.221709 v fanout44/X (sky130_fd_sc_hd__buf_6)
                                                         net44 (net)
                      0.026464    0.000082    2.221791 v _306_/D (sky130_fd_sc_hd__and4_1)
     2    0.003629    0.043492    0.188536    2.410328 v _306_/X (sky130_fd_sc_hd__and4_1)
                                                         _240_ (net)
                      0.043492    0.000008    2.410335 v _307_/A_N (sky130_fd_sc_hd__and3b_1)
     1    0.006315    0.082363    0.225269    2.635604 ^ _307_/X (sky130_fd_sc_hd__and3b_1)
                                                         _241_ (net)
                      0.082363    0.000027    2.635631 ^ _309_/S (sky130_fd_sc_hd__mux2_4)
     3    0.013157    0.064143    0.324674    2.960305 v _309_/X (sky130_fd_sc_hd__mux2_4)
                                                         _243_ (net)
                      0.064143    0.000152    2.960457 v _310_/B (sky130_fd_sc_hd__xor2_2)
     2    0.004149    0.050205    0.145272    3.105729 v _310_/X (sky130_fd_sc_hd__xor2_2)
                                                         _244_ (net)
                      0.050205    0.000012    3.105741 v _347_/A (sky130_fd_sc_hd__and3_1)
     2    0.005509    0.050030    0.154504    3.260246 v _347_/X (sky130_fd_sc_hd__and3_1)
                                                         _279_ (net)
                      0.050030    0.000010    3.260256 v _353_/B (sky130_fd_sc_hd__or4_4)
     2    0.005170    0.085492    0.509240    3.769495 v _353_/X (sky130_fd_sc_hd__or4_4)
                                                         _001_ (net)
                      0.085492    0.000029    3.769524 v _361_/C (sky130_fd_sc_hd__and3_1)
     3    0.011532    0.073204    0.232442    4.001966 v _361_/X (sky130_fd_sc_hd__and3_1)
                                                         _009_ (net)
                      0.073204    0.000174    4.002140 v _363_/B (sky130_fd_sc_hd__or3b_4)
     3    0.013275    0.082402    0.403520    4.405660 v _363_/X (sky130_fd_sc_hd__or3b_4)
                                                         _011_ (net)
                      0.082402    0.000064    4.405724 v _380_/B (sky130_fd_sc_hd__nand2b_4)
     2    0.021728    0.086276    0.110998    4.516722 ^ _380_/Y (sky130_fd_sc_hd__nand2b_4)
                                                         _027_ (net)
                      0.086276    0.000185    4.516907 ^ _410_/A (sky130_fd_sc_hd__xor2_4)
     2    0.015058    0.168067    0.180565    4.697472 ^ _410_/X (sky130_fd_sc_hd__xor2_4)
                                                         _057_ (net)
                      0.168067    0.000032    4.697504 ^ _443_/A2 (sky130_fd_sc_hd__a21oi_4)
     3    0.010910    0.058444    0.086058    4.783561 v _443_/Y (sky130_fd_sc_hd__a21oi_4)
                                                         _089_ (net)
                      0.058444    0.000090    4.783651 v _507_/A (sky130_fd_sc_hd__or3b_4)
     3    0.015749    0.087962    0.427359    5.211010 v _507_/X (sky130_fd_sc_hd__or3b_4)
                                                         _151_ (net)
                      0.087962    0.000251    5.211261 v _555_/A3 (sky130_fd_sc_hd__a311oi_4)
     4    0.015974    0.314689    0.382100    5.593361 ^ _555_/Y (sky130_fd_sc_hd__a311oi_4)
                                                         _197_ (net)
                      0.314689    0.000266    5.593627 ^ _577_/A1 (sky130_fd_sc_hd__o2111a_1)
     1    0.003509    0.060449    0.245244    5.838871 ^ _577_/X (sky130_fd_sc_hd__o2111a_1)
                                                         _218_ (net)
                      0.060449    0.000014    5.838885 ^ _580_/B (sky130_fd_sc_hd__or3_4)
     1    0.009056    0.041692    0.124692    5.963577 ^ _580_/X (sky130_fd_sc_hd__or3_4)
                                                         net22 (net)
                      0.041692    0.000095    5.963672 ^ output22/A (sky130_fd_sc_hd__buf_8)
     1    0.034456    0.065935    0.114989    6.078661 ^ output22/X (sky130_fd_sc_hd__buf_8)
                                                         P[15] (net)
                      0.065935    0.000225    6.078887 ^ P[15] (out)
                                              6.078887   data arrival time

                      0.000000   10.000000   10.000000   clock __VIRTUAL_CLK__ (rise edge)
                                  0.000000   10.000000   clock network delay (ideal)
                                 -0.250000    9.750000   clock uncertainty
                                  0.000000    9.750000   clock reconvergence pessimism
                                 -2.000000    7.750000   output external delay
                                              7.750000   data required time
---------------------------------------------------------------------------------------------
                                              7.750000   data required time
                                             -6.078887   data arrival time
---------------------------------------------------------------------------------------------
                                              1.671113   slack (MET)


Startpoint: A[0] (input port clocked by __VIRTUAL_CLK__)
Endpoint: P[13] (output port clocked by __VIRTUAL_CLK__)
Path Group: __VIRTUAL_CLK__
Path Type: max

Fanout         Cap        Slew       Delay        Time   Description
---------------------------------------------------------------------------------------------
                      0.000000    0.000000    0.000000   clock __VIRTUAL_CLK__ (rise edge)
                                  0.000000    0.000000   clock network delay (ideal)
                                  2.000000    2.000000 v input external delay
     1    0.004931    0.013465    0.007959    2.007959 v A[0] (in)
                                                         A[0] (net)
                      0.013465    0.000000    2.007959 v input1/A (sky130_fd_sc_hd__buf_6)
     3    0.012800    0.027510    0.104636    2.112595 v input1/X (sky130_fd_sc_hd__buf_6)
                                                         net1 (net)
                      0.027510    0.000029    2.112623 v fanout44/A (sky130_fd_sc_hd__buf_6)
     5    0.011488    0.026464    0.109086    2.221709 v fanout44/X (sky130_fd_sc_hd__buf_6)
                                                         net44 (net)
                      0.026464    0.000082    2.221791 v _306_/D (sky130_fd_sc_hd__and4_1)
     2    0.003629    0.043492    0.188536    2.410328 v _306_/X (sky130_fd_sc_hd__and4_1)
                                                         _240_ (net)
                      0.043492    0.000008    2.410335 v _307_/A_N (sky130_fd_sc_hd__and3b_1)
     1    0.006315    0.082363    0.225269    2.635604 ^ _307_/X (sky130_fd_sc_hd__and3b_1)
                                                         _241_ (net)
                      0.082363    0.000027    2.635631 ^ _309_/S (sky130_fd_sc_hd__mux2_4)
     3    0.013157    0.064143    0.324674    2.960305 v _309_/X (sky130_fd_sc_hd__mux2_4)
                                                         _243_ (net)
                      0.064143    0.000152    2.960457 v _310_/B (sky130_fd_sc_hd__xor2_2)
     2    0.004149    0.050205    0.145272    3.105729 v _310_/X (sky130_fd_sc_hd__xor2_2)
                                                         _244_ (net)
                      0.050205    0.000012    3.105741 v _347_/A (sky130_fd_sc_hd__and3_1)
     2    0.005509    0.050030    0.154504    3.260246 v _347_/X (sky130_fd_sc_hd__and3_1)
                                                         _279_ (net)
                      0.050030    0.000010    3.260256 v _353_/B (sky130_fd_sc_hd__or4_4)
     2    0.005170    0.085492    0.509240    3.769495 v _353_/X (sky130_fd_sc_hd__or4_4)
                                                         _001_ (net)
                      0.085492    0.000029    3.769524 v _361_/C (sky130_fd_sc_hd__and3_1)
     3    0.011532    0.073204    0.232442    4.001966 v _361_/X (sky130_fd_sc_hd__and3_1)
                                                         _009_ (net)
                      0.073204    0.000174    4.002140 v _363_/B (sky130_fd_sc_hd__or3b_4)
     3    0.013275    0.082402    0.403520    4.405660 v _363_/X (sky130_fd_sc_hd__or3b_4)
                                                         _011_ (net)
                      0.082402    0.000064    4.405724 v _380_/B (sky130_fd_sc_hd__nand2b_4)
     2    0.021728    0.086276    0.110998    4.516722 ^ _380_/Y (sky130_fd_sc_hd__nand2b_4)
                                                         _027_ (net)
                      0.086276    0.000185    4.516907 ^ _410_/A (sky130_fd_sc_hd__xor2_4)
     2    0.015058    0.168067    0.180565    4.697472 ^ _410_/X (sky130_fd_sc_hd__xor2_4)
                                                         _057_ (net)
                      0.168067    0.000032    4.697504 ^ _443_/A2 (sky130_fd_sc_hd__a21oi_4)
     3    0.010910    0.058444    0.086058    4.783561 v _443_/Y (sky130_fd_sc_hd__a21oi_4)
                                                         _089_ (net)
                      0.058444    0.000090    4.783651 v _507_/A (sky130_fd_sc_hd__or3b_4)
     3    0.015749    0.087962    0.427359    5.211010 v _507_/X (sky130_fd_sc_hd__or3b_4)
                                                         _151_ (net)
                      0.087962    0.000251    5.211261 v _555_/A3 (sky130_fd_sc_hd__a311oi_4)
     4    0.015974    0.314689    0.382100    5.593361 ^ _555_/Y (sky130_fd_sc_hd__a311oi_4)
                                                         _197_ (net)
                      0.314689    0.000270    5.593632 ^ _568_/A2 (sky130_fd_sc_hd__a211oi_1)
     1    0.002915    0.082796    0.125852    5.719484 v _568_/Y (sky130_fd_sc_hd__a211oi_1)
                                                         _209_ (net)
                      0.082796    0.000010    5.719493 v _570_/A (sky130_fd_sc_hd__nor2_1)
     1    0.006865    0.141799    0.160467    5.879961 ^ _570_/Y (sky130_fd_sc_hd__nor2_1)
                                                         net20 (net)
                      0.141799    0.000075    5.880036 ^ output20/A (sky130_fd_sc_hd__buf_6)
     1    0.034597    0.077900    0.155993    6.036029 ^ output20/X (sky130_fd_sc_hd__buf_6)
                                                         P[13] (net)
                      0.077900    0.000246    6.036274 ^ P[13] (out)
                                              6.036274   data arrival time

                      0.000000   10.000000   10.000000   clock __VIRTUAL_CLK__ (rise edge)
                                  0.000000   10.000000   clock network delay (ideal)
                                 -0.250000    9.750000   clock uncertainty
                                  0.000000    9.750000   clock reconvergence pessimism
                                 -2.000000    7.750000   output external delay
                                              7.750000   data required time
---------------------------------------------------------------------------------------------
                                              7.750000   data required time
                                             -6.036274   data arrival time
---------------------------------------------------------------------------------------------
                                              1.713726   slack (MET)


Startpoint: A[0] (input port clocked by __VIRTUAL_CLK__)
Endpoint: P[12] (output port clocked by __VIRTUAL_CLK__)
Path Group: __VIRTUAL_CLK__
Path Type: max

Fanout         Cap        Slew       Delay        Time   Description
---------------------------------------------------------------------------------------------
                      0.000000    0.000000    0.000000   clock __VIRTUAL_CLK__ (rise edge)
                                  0.000000    0.000000   clock network delay (ideal)
                                  2.000000    2.000000 v input external delay
     1    0.004931    0.013465    0.007959    2.007959 v A[0] (in)
                                                         A[0] (net)
                      0.013465    0.000000    2.007959 v input1/A (sky130_fd_sc_hd__buf_6)
     3    0.012800    0.027510    0.104636    2.112595 v input1/X (sky130_fd_sc_hd__buf_6)
                                                         net1 (net)
                      0.027510    0.000029    2.112623 v fanout44/A (sky130_fd_sc_hd__buf_6)
     5    0.011488    0.026464    0.109086    2.221709 v fanout44/X (sky130_fd_sc_hd__buf_6)
                                                         net44 (net)
                      0.026464    0.000082    2.221791 v _306_/D (sky130_fd_sc_hd__and4_1)
     2    0.003629    0.043492    0.188536    2.410328 v _306_/X (sky130_fd_sc_hd__and4_1)
                                                         _240_ (net)
                      0.043492    0.000008    2.410335 v _307_/A_N (sky130_fd_sc_hd__and3b_1)
     1    0.006315    0.082363    0.225269    2.635604 ^ _307_/X (sky130_fd_sc_hd__and3b_1)
                                                         _241_ (net)
                      0.082363    0.000027    2.635631 ^ _309_/S (sky130_fd_sc_hd__mux2_4)
     3    0.013157    0.064143    0.324674    2.960305 v _309_/X (sky130_fd_sc_hd__mux2_4)
                                                         _243_ (net)
                      0.064143    0.000152    2.960457 v _310_/B (sky130_fd_sc_hd__xor2_2)
     2    0.004149    0.050205    0.145272    3.105729 v _310_/X (sky130_fd_sc_hd__xor2_2)
                                                         _244_ (net)
                      0.050205    0.000012    3.105741 v _347_/A (sky130_fd_sc_hd__and3_1)
     2    0.005509    0.050030    0.154504    3.260246 v _347_/X (sky130_fd_sc_hd__and3_1)
                                                         _279_ (net)
                      0.050030    0.000010    3.260256 v _353_/B (sky130_fd_sc_hd__or4_4)
     2    0.005170    0.085492    0.509240    3.769495 v _353_/X (sky130_fd_sc_hd__or4_4)
                                                         _001_ (net)
                      0.085492    0.000029    3.769524 v _361_/C (sky130_fd_sc_hd__and3_1)
     3    0.011532    0.073204    0.232442    4.001966 v _361_/X (sky130_fd_sc_hd__and3_1)
                                                         _009_ (net)
                      0.073204    0.000174    4.002140 v _363_/B (sky130_fd_sc_hd__or3b_4)
     3    0.013275    0.082402    0.403520    4.405660 v _363_/X (sky130_fd_sc_hd__or3b_4)
                                                         _011_ (net)
                      0.082402    0.000064    4.405724 v _380_/B (sky130_fd_sc_hd__nand2b_4)
     2    0.021728    0.086276    0.110998    4.516722 ^ _380_/Y (sky130_fd_sc_hd__nand2b_4)
                                                         _027_ (net)
                      0.086276    0.000185    4.516907 ^ _410_/A (sky130_fd_sc_hd__xor2_4)
     2    0.015058    0.168067    0.180565    4.697472 ^ _410_/X (sky130_fd_sc_hd__xor2_4)
                                                         _057_ (net)
                      0.168067    0.000032    4.697504 ^ _443_/A2 (sky130_fd_sc_hd__a21oi_4)
     3    0.010910    0.058444    0.086058    4.783561 v _443_/Y (sky130_fd_sc_hd__a21oi_4)
                                                         _089_ (net)
                      0.058444    0.000090    4.783651 v _507_/A (sky130_fd_sc_hd__or3b_4)
     3    0.015749    0.087962    0.427359    5.211010 v _507_/X (sky130_fd_sc_hd__or3b_4)
                                                         _151_ (net)
                      0.087962    0.000251    5.211261 v _555_/A3 (sky130_fd_sc_hd__a311oi_4)
     4    0.015974    0.314689    0.382100    5.593361 ^ _555_/Y (sky130_fd_sc_hd__a311oi_4)
                                                         _197_ (net)
                      0.314689    0.000167    5.593528 ^ _556_/B (sky130_fd_sc_hd__xnor2_1)
     1    0.008422    0.224571    0.202288    5.795815 ^ _556_/Y (sky130_fd_sc_hd__xnor2_1)
                                                         net19 (net)
                      0.224571    0.000102    5.795917 ^ output19/A (sky130_fd_sc_hd__buf_6)
     1    0.034059    0.077899    0.172992    5.968909 ^ output19/X (sky130_fd_sc_hd__buf_6)
                                                         P[12] (net)
                      0.077899    0.000089    5.968998 ^ P[12] (out)
                                              5.968998   data arrival time

                      0.000000   10.000000   10.000000   clock __VIRTUAL_CLK__ (rise edge)
                                  0.000000   10.000000   clock network delay (ideal)
                                 -0.250000    9.750000   clock uncertainty
                                  0.000000    9.750000   clock reconvergence pessimism
                                 -2.000000    7.750000   output external delay
                                              7.750000   data required time
---------------------------------------------------------------------------------------------
                                              7.750000   data required time
                                             -5.968998   data arrival time
---------------------------------------------------------------------------------------------
                                              1.781002   slack (MET)


Startpoint: A[0] (input port clocked by __VIRTUAL_CLK__)
Endpoint: P[11] (output port clocked by __VIRTUAL_CLK__)
Path Group: __VIRTUAL_CLK__
Path Type: max

Fanout         Cap        Slew       Delay        Time   Description
---------------------------------------------------------------------------------------------
                      0.000000    0.000000    0.000000   clock __VIRTUAL_CLK__ (rise edge)
                                  0.000000    0.000000   clock network delay (ideal)
                                  2.000000    2.000000 v input external delay
     1    0.004931    0.013465    0.007959    2.007959 v A[0] (in)
                                                         A[0] (net)
                      0.013465    0.000000    2.007959 v input1/A (sky130_fd_sc_hd__buf_6)
     3    0.012800    0.027510    0.104636    2.112595 v input1/X (sky130_fd_sc_hd__buf_6)
                                                         net1 (net)
                      0.027510    0.000029    2.112623 v fanout44/A (sky130_fd_sc_hd__buf_6)
     5    0.011488    0.026464    0.109086    2.221709 v fanout44/X (sky130_fd_sc_hd__buf_6)
                                                         net44 (net)
                      0.026464    0.000082    2.221791 v _306_/D (sky130_fd_sc_hd__and4_1)
     2    0.003629    0.043492    0.188536    2.410328 v _306_/X (sky130_fd_sc_hd__and4_1)
                                                         _240_ (net)
                      0.043492    0.000008    2.410335 v _307_/A_N (sky130_fd_sc_hd__and3b_1)
     1    0.006315    0.082363    0.225269    2.635604 ^ _307_/X (sky130_fd_sc_hd__and3b_1)
                                                         _241_ (net)
                      0.082363    0.000027    2.635631 ^ _309_/S (sky130_fd_sc_hd__mux2_4)
     3    0.013157    0.064143    0.324674    2.960305 v _309_/X (sky130_fd_sc_hd__mux2_4)
                                                         _243_ (net)
                      0.064143    0.000152    2.960457 v _310_/B (sky130_fd_sc_hd__xor2_2)
     2    0.004149    0.050205    0.145272    3.105729 v _310_/X (sky130_fd_sc_hd__xor2_2)
                                                         _244_ (net)
                      0.050205    0.000012    3.105741 v _347_/A (sky130_fd_sc_hd__and3_1)
     2    0.005509    0.050030    0.154504    3.260246 v _347_/X (sky130_fd_sc_hd__and3_1)
                                                         _279_ (net)
                      0.050030    0.000010    3.260256 v _353_/B (sky130_fd_sc_hd__or4_4)
     2    0.005170    0.085492    0.509240    3.769495 v _353_/X (sky130_fd_sc_hd__or4_4)
                                                         _001_ (net)
                      0.085492    0.000029    3.769524 v _361_/C (sky130_fd_sc_hd__and3_1)
     3    0.011532    0.073204    0.232442    4.001966 v _361_/X (sky130_fd_sc_hd__and3_1)
                                                         _009_ (net)
                      0.073204    0.000174    4.002140 v _363_/B (sky130_fd_sc_hd__or3b_4)
     3    0.013275    0.082402    0.403520    4.405660 v _363_/X (sky130_fd_sc_hd__or3b_4)
                                                         _011_ (net)
                      0.082402    0.000064    4.405724 v _380_/B (sky130_fd_sc_hd__nand2b_4)
     2    0.021728    0.086276    0.110998    4.516722 ^ _380_/Y (sky130_fd_sc_hd__nand2b_4)
                                                         _027_ (net)
                      0.086276    0.000185    4.516907 ^ _410_/A (sky130_fd_sc_hd__xor2_4)
     2    0.015058    0.168067    0.180565    4.697472 ^ _410_/X (sky130_fd_sc_hd__xor2_4)
                                                         _057_ (net)
                      0.168067    0.000032    4.697504 ^ _443_/A2 (sky130_fd_sc_hd__a21oi_4)
     3    0.010910    0.058444    0.086058    4.783561 v _443_/Y (sky130_fd_sc_hd__a21oi_4)
                                                         _089_ (net)
                      0.058444    0.000090    4.783651 v _507_/A (sky130_fd_sc_hd__or3b_4)
     3    0.015749    0.087962    0.427359    5.211010 v _507_/X (sky130_fd_sc_hd__or3b_4)
                                                         _151_ (net)
                      0.087962    0.000225    5.211235 v _510_/A2 (sky130_fd_sc_hd__a21o_1)
     1    0.004432    0.041368    0.196496    5.407732 v _510_/X (sky130_fd_sc_hd__a21o_1)
                                                         _154_ (net)
                      0.041368    0.000006    5.407738 v _538_/B (sky130_fd_sc_hd__nand2_2)
     1    0.008740    0.065135    0.076158    5.483895 ^ _538_/Y (sky130_fd_sc_hd__nand2_2)
                                                         _181_ (net)
                      0.065135    0.000011    5.483906 ^ _539_/B (sky130_fd_sc_hd__xnor2_2)
     1    0.007985    0.155561    0.118547    5.602453 ^ _539_/Y (sky130_fd_sc_hd__xnor2_2)
                                                         net18 (net)
                      0.155561    0.000087    5.602540 ^ output18/A (sky130_fd_sc_hd__buf_6)
     1    0.034216    0.077349    0.158476    5.761016 ^ output18/X (sky130_fd_sc_hd__buf_6)
                                                         P[11] (net)
                      0.077349    0.000126    5.761142 ^ P[11] (out)
                                              5.761142   data arrival time

                      0.000000   10.000000   10.000000   clock __VIRTUAL_CLK__ (rise edge)
                                  0.000000   10.000000   clock network delay (ideal)
                                 -0.250000    9.750000   clock uncertainty
                                  0.000000    9.750000   clock reconvergence pessimism
                                 -2.000000    7.750000   output external delay
                                              7.750000   data required time
---------------------------------------------------------------------------------------------
                                              7.750000   data required time
                                             -5.761142   data arrival time
---------------------------------------------------------------------------------------------
                                              1.988858   slack (MET)


Startpoint: A[0] (input port clocked by __VIRTUAL_CLK__)
Endpoint: P[10] (output port clocked by __VIRTUAL_CLK__)
Path Group: __VIRTUAL_CLK__
Path Type: max

Fanout         Cap        Slew       Delay        Time   Description
---------------------------------------------------------------------------------------------
                      0.000000    0.000000    0.000000   clock __VIRTUAL_CLK__ (rise edge)
                                  0.000000    0.000000   clock network delay (ideal)
                                  2.000000    2.000000 v input external delay
     1    0.004931    0.013465    0.007959    2.007959 v A[0] (in)
                                                         A[0] (net)
                      0.013465    0.000000    2.007959 v input1/A (sky130_fd_sc_hd__buf_6)
     3    0.012800    0.027510    0.104636    2.112595 v input1/X (sky130_fd_sc_hd__buf_6)
                                                         net1 (net)
                      0.027510    0.000029    2.112623 v fanout44/A (sky130_fd_sc_hd__buf_6)
     5    0.011488    0.026464    0.109086    2.221709 v fanout44/X (sky130_fd_sc_hd__buf_6)
                                                         net44 (net)
                      0.026464    0.000082    2.221791 v _306_/D (sky130_fd_sc_hd__and4_1)
     2    0.003629    0.043492    0.188536    2.410328 v _306_/X (sky130_fd_sc_hd__and4_1)
                                                         _240_ (net)
                      0.043492    0.000008    2.410335 v _307_/A_N (sky130_fd_sc_hd__and3b_1)
     1    0.006315    0.082363    0.225269    2.635604 ^ _307_/X (sky130_fd_sc_hd__and3b_1)
                                                         _241_ (net)
                      0.082363    0.000027    2.635631 ^ _309_/S (sky130_fd_sc_hd__mux2_4)
     3    0.013157    0.064143    0.324674    2.960305 v _309_/X (sky130_fd_sc_hd__mux2_4)
                                                         _243_ (net)
                      0.064143    0.000152    2.960457 v _310_/B (sky130_fd_sc_hd__xor2_2)
     2    0.004149    0.050205    0.145272    3.105729 v _310_/X (sky130_fd_sc_hd__xor2_2)
                                                         _244_ (net)
                      0.050205    0.000012    3.105741 v _347_/A (sky130_fd_sc_hd__and3_1)
     2    0.005509    0.050030    0.154504    3.260246 v _347_/X (sky130_fd_sc_hd__and3_1)
                                                         _279_ (net)
                      0.050030    0.000010    3.260256 v _353_/B (sky130_fd_sc_hd__or4_4)
     2    0.005170    0.085492    0.509240    3.769495 v _353_/X (sky130_fd_sc_hd__or4_4)
                                                         _001_ (net)
                      0.085492    0.000029    3.769524 v _361_/C (sky130_fd_sc_hd__and3_1)
     3    0.011532    0.073204    0.232442    4.001966 v _361_/X (sky130_fd_sc_hd__and3_1)
                                                         _009_ (net)
                      0.073204    0.000174    4.002140 v _363_/B (sky130_fd_sc_hd__or3b_4)
     3    0.013275    0.082402    0.403520    4.405660 v _363_/X (sky130_fd_sc_hd__or3b_4)
                                                         _011_ (net)
                      0.082402    0.000064    4.405724 v _380_/B (sky130_fd_sc_hd__nand2b_4)
     2    0.021728    0.086276    0.110998    4.516722 ^ _380_/Y (sky130_fd_sc_hd__nand2b_4)
                                                         _027_ (net)
                      0.086276    0.000185    4.516907 ^ _410_/A (sky130_fd_sc_hd__xor2_4)
     2    0.015058    0.168067    0.180565    4.697472 ^ _410_/X (sky130_fd_sc_hd__xor2_4)
                                                         _057_ (net)
                      0.168067    0.000032    4.697504 ^ _443_/A2 (sky130_fd_sc_hd__a21oi_4)
     3    0.010910    0.058444    0.086058    4.783561 v _443_/Y (sky130_fd_sc_hd__a21oi_4)
                                                         _089_ (net)
                      0.058444    0.000090    4.783651 v _507_/A (sky130_fd_sc_hd__or3b_4)
     3    0.015749    0.087962    0.427359    5.211010 v _507_/X (sky130_fd_sc_hd__or3b_4)
                                                         _151_ (net)
                      0.087962    0.000177    5.211188 v _509_/A (sky130_fd_sc_hd__nand2_1)
     1    0.008712    0.097010    0.109941    5.321128 ^ _509_/Y (sky130_fd_sc_hd__nand2_1)
                                                         _153_ (net)
                      0.097010    0.000010    5.321138 ^ _511_/B (sky130_fd_sc_hd__xnor2_2)
     1    0.008064    0.156407    0.128009    5.449148 ^ _511_/Y (sky130_fd_sc_hd__xnor2_2)
                                                         net17 (net)
                      0.156407    0.000089    5.449237 ^ output17/A (sky130_fd_sc_hd__buf_6)
     1    0.034163    0.077262    0.158592    5.607829 ^ output17/X (sky130_fd_sc_hd__buf_6)
                                                         P[10] (net)
                      0.077262    0.000114    5.607943 ^ P[10] (out)
                                              5.607943   data arrival time

                      0.000000   10.000000   10.000000   clock __VIRTUAL_CLK__ (rise edge)
                                  0.000000   10.000000   clock network delay (ideal)
                                 -0.250000    9.750000   clock uncertainty
                                  0.000000    9.750000   clock reconvergence pessimism
                                 -2.000000    7.750000   output external delay
                                              7.750000   data required time
---------------------------------------------------------------------------------------------
                                              7.750000   data required time
                                             -5.607943   data arrival time
---------------------------------------------------------------------------------------------
                                              2.142057   slack (MET)


Startpoint: A[0] (input port clocked by __VIRTUAL_CLK__)
Endpoint: P[9] (output port clocked by __VIRTUAL_CLK__)
Path Group: __VIRTUAL_CLK__
Path Type: max

Fanout         Cap        Slew       Delay        Time   Description
---------------------------------------------------------------------------------------------
                      0.000000    0.000000    0.000000   clock __VIRTUAL_CLK__ (rise edge)
                                  0.000000    0.000000   clock network delay (ideal)
                                  2.000000    2.000000 v input external delay
     1    0.004931    0.013465    0.007959    2.007959 v A[0] (in)
                                                         A[0] (net)
                      0.013465    0.000000    2.007959 v input1/A (sky130_fd_sc_hd__buf_6)
     3    0.012800    0.027510    0.104636    2.112595 v input1/X (sky130_fd_sc_hd__buf_6)
                                                         net1 (net)
                      0.027510    0.000029    2.112623 v fanout44/A (sky130_fd_sc_hd__buf_6)
     5    0.011488    0.026464    0.109086    2.221709 v fanout44/X (sky130_fd_sc_hd__buf_6)
                                                         net44 (net)
                      0.026464    0.000082    2.221791 v _306_/D (sky130_fd_sc_hd__and4_1)
     2    0.003629    0.043492    0.188536    2.410328 v _306_/X (sky130_fd_sc_hd__and4_1)
                                                         _240_ (net)
                      0.043492    0.000008    2.410335 v _307_/A_N (sky130_fd_sc_hd__and3b_1)
     1    0.006315    0.082363    0.225269    2.635604 ^ _307_/X (sky130_fd_sc_hd__and3b_1)
                                                         _241_ (net)
                      0.082363    0.000027    2.635631 ^ _309_/S (sky130_fd_sc_hd__mux2_4)
     3    0.013157    0.064143    0.324674    2.960305 v _309_/X (sky130_fd_sc_hd__mux2_4)
                                                         _243_ (net)
                      0.064143    0.000152    2.960457 v _310_/B (sky130_fd_sc_hd__xor2_2)
     2    0.004149    0.050205    0.145272    3.105729 v _310_/X (sky130_fd_sc_hd__xor2_2)
                                                         _244_ (net)
                      0.050205    0.000012    3.105741 v _347_/A (sky130_fd_sc_hd__and3_1)
     2    0.005509    0.050030    0.154504    3.260246 v _347_/X (sky130_fd_sc_hd__and3_1)
                                                         _279_ (net)
                      0.050030    0.000010    3.260256 v _353_/B (sky130_fd_sc_hd__or4_4)
     2    0.005170    0.085492    0.509240    3.769495 v _353_/X (sky130_fd_sc_hd__or4_4)
                                                         _001_ (net)
                      0.085492    0.000029    3.769524 v _361_/C (sky130_fd_sc_hd__and3_1)
     3    0.011532    0.073204    0.232442    4.001966 v _361_/X (sky130_fd_sc_hd__and3_1)
                                                         _009_ (net)
                      0.073204    0.000174    4.002140 v _363_/B (sky130_fd_sc_hd__or3b_4)
     3    0.013275    0.082402    0.403520    4.405660 v _363_/X (sky130_fd_sc_hd__or3b_4)
                                                         _011_ (net)
                      0.082402    0.000039    4.405699 v _375_/A1 (sky130_fd_sc_hd__a21o_1)
     2    0.004316    0.040952    0.172944    4.578643 v _375_/X (sky130_fd_sc_hd__a21o_1)
                                                         _023_ (net)
                      0.040952    0.000006    4.578649 v _411_/A1 (sky130_fd_sc_hd__a21o_1)
     2    0.015767    0.085765    0.201831    4.780480 v _411_/X (sky130_fd_sc_hd__a21o_1)
                                                         _058_ (net)
                      0.085765    0.000207    4.780687 v _443_/A1 (sky130_fd_sc_hd__a21oi_4)
     3    0.011816    0.134731    0.161087    4.941774 ^ _443_/Y (sky130_fd_sc_hd__a21oi_4)
                                                         _089_ (net)
                      0.134731    0.000102    4.941875 ^ _480_/A2 (sky130_fd_sc_hd__o21a_1)
     1    0.008987    0.097600    0.164542    5.106417 ^ _480_/X (sky130_fd_sc_hd__o21a_1)
                                                         _125_ (net)
                      0.097600    0.000024    5.106441 ^ _481_/B (sky130_fd_sc_hd__xnor2_2)
     1    0.008463    0.160673    0.129559    5.236000 ^ _481_/Y (sky130_fd_sc_hd__xnor2_2)
                                                         net31 (net)
                      0.160673    0.000103    5.236103 ^ output31/A (sky130_fd_sc_hd__buf_6)
     1    0.034092    0.077180    0.159414    5.395516 ^ output31/X (sky130_fd_sc_hd__buf_6)
                                                         P[9] (net)
                      0.077180    0.000097    5.395614 ^ P[9] (out)
                                              5.395614   data arrival time

                      0.000000   10.000000   10.000000   clock __VIRTUAL_CLK__ (rise edge)
                                  0.000000   10.000000   clock network delay (ideal)
                                 -0.250000    9.750000   clock uncertainty
                                  0.000000    9.750000   clock reconvergence pessimism
                                 -2.000000    7.750000   output external delay
                                              7.750000   data required time
---------------------------------------------------------------------------------------------
                                              7.750000   data required time
                                             -5.395614   data arrival time
---------------------------------------------------------------------------------------------
                                              2.354386   slack (MET)


Startpoint: A[0] (input port clocked by __VIRTUAL_CLK__)
Endpoint: P[8] (output port clocked by __VIRTUAL_CLK__)
Path Group: __VIRTUAL_CLK__
Path Type: max

Fanout         Cap        Slew       Delay        Time   Description
---------------------------------------------------------------------------------------------
                      0.000000    0.000000    0.000000   clock __VIRTUAL_CLK__ (rise edge)
                                  0.000000    0.000000   clock network delay (ideal)
                                  2.000000    2.000000 v input external delay
     1    0.004931    0.013465    0.007959    2.007959 v A[0] (in)
                                                         A[0] (net)
                      0.013465    0.000000    2.007959 v input1/A (sky130_fd_sc_hd__buf_6)
     3    0.012800    0.027510    0.104636    2.112595 v input1/X (sky130_fd_sc_hd__buf_6)
                                                         net1 (net)
                      0.027510    0.000029    2.112623 v fanout44/A (sky130_fd_sc_hd__buf_6)
     5    0.011488    0.026464    0.109086    2.221709 v fanout44/X (sky130_fd_sc_hd__buf_6)
                                                         net44 (net)
                      0.026464    0.000082    2.221791 v _306_/D (sky130_fd_sc_hd__and4_1)
     2    0.003629    0.043492    0.188536    2.410328 v _306_/X (sky130_fd_sc_hd__and4_1)
                                                         _240_ (net)
                      0.043492    0.000008    2.410335 v _307_/A_N (sky130_fd_sc_hd__and3b_1)
     1    0.006315    0.082363    0.225269    2.635604 ^ _307_/X (sky130_fd_sc_hd__and3b_1)
                                                         _241_ (net)
                      0.082363    0.000027    2.635631 ^ _309_/S (sky130_fd_sc_hd__mux2_4)
     3    0.013157    0.064143    0.324674    2.960305 v _309_/X (sky130_fd_sc_hd__mux2_4)
                                                         _243_ (net)
                      0.064143    0.000152    2.960457 v _310_/B (sky130_fd_sc_hd__xor2_2)
     2    0.004149    0.050205    0.145272    3.105729 v _310_/X (sky130_fd_sc_hd__xor2_2)
                                                         _244_ (net)
                      0.050205    0.000012    3.105741 v _347_/A (sky130_fd_sc_hd__and3_1)
     2    0.005509    0.050030    0.154504    3.260246 v _347_/X (sky130_fd_sc_hd__and3_1)
                                                         _279_ (net)
                      0.050030    0.000010    3.260256 v _353_/B (sky130_fd_sc_hd__or4_4)
     2    0.005170    0.085492    0.509240    3.769495 v _353_/X (sky130_fd_sc_hd__or4_4)
                                                         _001_ (net)
                      0.085492    0.000029    3.769524 v _361_/C (sky130_fd_sc_hd__and3_1)
     3    0.011532    0.073204    0.232442    4.001966 v _361_/X (sky130_fd_sc_hd__and3_1)
                                                         _009_ (net)
                      0.073204    0.000174    4.002140 v _363_/B (sky130_fd_sc_hd__or3b_4)
     3    0.013275    0.082402    0.403520    4.405660 v _363_/X (sky130_fd_sc_hd__or3b_4)
                                                         _011_ (net)
                      0.082402    0.000039    4.405699 v _375_/A1 (sky130_fd_sc_hd__a21o_1)
     2    0.004316    0.040952    0.172944    4.578643 v _375_/X (sky130_fd_sc_hd__a21o_1)
                                                         _023_ (net)
                      0.040952    0.000006    4.578649 v _411_/A1 (sky130_fd_sc_hd__a21o_1)
     2    0.015767    0.085765    0.201831    4.780480 v _411_/X (sky130_fd_sc_hd__a21o_1)
                                                         _058_ (net)
                      0.085765    0.000207    4.780687 v _443_/A1 (sky130_fd_sc_hd__a21oi_4)
     3    0.011816    0.134731    0.161087    4.941774 ^ _443_/Y (sky130_fd_sc_hd__a21oi_4)
                                                         _089_ (net)
                      0.134731    0.000075    4.941849 ^ _444_/B (sky130_fd_sc_hd__xor2_1)
     1    0.006475    0.175598    0.203568    5.145418 ^ _444_/X (sky130_fd_sc_hd__xor2_1)
                                                         net30 (net)
                      0.175598    0.000076    5.145494 ^ output30/A (sky130_fd_sc_hd__buf_4)
     1    0.034171    0.102805    0.198784    5.344277 ^ output30/X (sky130_fd_sc_hd__buf_4)
                                                         P[8] (net)
                      0.102805    0.000118    5.344395 ^ P[8] (out)
                                              5.344395   data arrival time

                      0.000000   10.000000   10.000000   clock __VIRTUAL_CLK__ (rise edge)
                                  0.000000   10.000000   clock network delay (ideal)
                                 -0.250000    9.750000   clock uncertainty
                                  0.000000    9.750000   clock reconvergence pessimism
                                 -2.000000    7.750000   output external delay
                                              7.750000   data required time
---------------------------------------------------------------------------------------------
                                              7.750000   data required time
                                             -5.344395   data arrival time
---------------------------------------------------------------------------------------------
                                              2.405605   slack (MET)


Startpoint: A[0] (input port clocked by __VIRTUAL_CLK__)
Endpoint: P[7] (output port clocked by __VIRTUAL_CLK__)
Path Group: __VIRTUAL_CLK__
Path Type: max

Fanout         Cap        Slew       Delay        Time   Description
---------------------------------------------------------------------------------------------
                      0.000000    0.000000    0.000000   clock __VIRTUAL_CLK__ (rise edge)
                                  0.000000    0.000000   clock network delay (ideal)
                                  2.000000    2.000000 v input external delay
     1    0.004931    0.013465    0.007959    2.007959 v A[0] (in)
                                                         A[0] (net)
                      0.013465    0.000000    2.007959 v input1/A (sky130_fd_sc_hd__buf_6)
     3    0.012800    0.027510    0.104636    2.112595 v input1/X (sky130_fd_sc_hd__buf_6)
                                                         net1 (net)
                      0.027510    0.000029    2.112623 v fanout44/A (sky130_fd_sc_hd__buf_6)
     5    0.011488    0.026464    0.109086    2.221709 v fanout44/X (sky130_fd_sc_hd__buf_6)
                                                         net44 (net)
                      0.026464    0.000082    2.221791 v _306_/D (sky130_fd_sc_hd__and4_1)
     2    0.003629    0.043492    0.188536    2.410328 v _306_/X (sky130_fd_sc_hd__and4_1)
                                                         _240_ (net)
                      0.043492    0.000008    2.410335 v _307_/A_N (sky130_fd_sc_hd__and3b_1)
     1    0.006315    0.082363    0.225269    2.635604 ^ _307_/X (sky130_fd_sc_hd__and3b_1)
                                                         _241_ (net)
                      0.082363    0.000027    2.635631 ^ _309_/S (sky130_fd_sc_hd__mux2_4)
     3    0.013157    0.064143    0.324674    2.960305 v _309_/X (sky130_fd_sc_hd__mux2_4)
                                                         _243_ (net)
                      0.064143    0.000152    2.960457 v _310_/B (sky130_fd_sc_hd__xor2_2)
     2    0.004149    0.050205    0.145272    3.105729 v _310_/X (sky130_fd_sc_hd__xor2_2)
                                                         _244_ (net)
                      0.050205    0.000012    3.105741 v _347_/A (sky130_fd_sc_hd__and3_1)
     2    0.005509    0.050030    0.154504    3.260246 v _347_/X (sky130_fd_sc_hd__and3_1)
                                                         _279_ (net)
                      0.050030    0.000010    3.260256 v _353_/B (sky130_fd_sc_hd__or4_4)
     2    0.005170    0.085492    0.509240    3.769495 v _353_/X (sky130_fd_sc_hd__or4_4)
                                                         _001_ (net)
                      0.085492    0.000029    3.769524 v _361_/C (sky130_fd_sc_hd__and3_1)
     3    0.011532    0.073204    0.232442    4.001966 v _361_/X (sky130_fd_sc_hd__and3_1)
                                                         _009_ (net)
                      0.073204    0.000174    4.002140 v _363_/B (sky130_fd_sc_hd__or3b_4)
     3    0.013275    0.082402    0.403520    4.405660 v _363_/X (sky130_fd_sc_hd__or3b_4)
                                                         _011_ (net)
                      0.082402    0.000039    4.405699 v _375_/A1 (sky130_fd_sc_hd__a21o_1)
     2    0.004316    0.040952    0.172944    4.578643 v _375_/X (sky130_fd_sc_hd__a21o_1)
                                                         _023_ (net)
                      0.040952    0.000006    4.578649 v _411_/A1 (sky130_fd_sc_hd__a21o_1)
     2    0.015767    0.085765    0.201831    4.780480 v _411_/X (sky130_fd_sc_hd__a21o_1)
                                                         _058_ (net)
                      0.085765    0.000183    4.780663 v _412_/B (sky130_fd_sc_hd__xor2_1)
     1    0.007925    0.201460    0.208910    4.989573 ^ _412_/X (sky130_fd_sc_hd__xor2_1)
                                                         net29 (net)
                      0.201460    0.000179    4.989752 ^ output29/A (sky130_fd_sc_hd__buf_4)
     1    0.034373    0.103621    0.206160    5.195912 ^ output29/X (sky130_fd_sc_hd__buf_4)
                                                         P[7] (net)
                      0.103621    0.000202    5.196114 ^ P[7] (out)
                                              5.196114   data arrival time

                      0.000000   10.000000   10.000000   clock __VIRTUAL_CLK__ (rise edge)
                                  0.000000   10.000000   clock network delay (ideal)
                                 -0.250000    9.750000   clock uncertainty
                                  0.000000    9.750000   clock reconvergence pessimism
                                 -2.000000    7.750000   output external delay
                                              7.750000   data required time
---------------------------------------------------------------------------------------------
                                              7.750000   data required time
                                             -5.196114   data arrival time
---------------------------------------------------------------------------------------------
                                              2.553886   slack (MET)


Startpoint: A[0] (input port clocked by __VIRTUAL_CLK__)
Endpoint: P[6] (output port clocked by __VIRTUAL_CLK__)
Path Group: __VIRTUAL_CLK__
Path Type: max

Fanout         Cap        Slew       Delay        Time   Description
---------------------------------------------------------------------------------------------
                      0.000000    0.000000    0.000000   clock __VIRTUAL_CLK__ (rise edge)
                                  0.000000    0.000000   clock network delay (ideal)
                                  2.000000    2.000000 v input external delay
     1    0.004931    0.013465    0.007959    2.007959 v A[0] (in)
                                                         A[0] (net)
                      0.013465    0.000000    2.007959 v input1/A (sky130_fd_sc_hd__buf_6)
     3    0.012800    0.027510    0.104636    2.112595 v input1/X (sky130_fd_sc_hd__buf_6)
                                                         net1 (net)
                      0.027510    0.000029    2.112623 v fanout44/A (sky130_fd_sc_hd__buf_6)
     5    0.011488    0.026464    0.109086    2.221709 v fanout44/X (sky130_fd_sc_hd__buf_6)
                                                         net44 (net)
                      0.026464    0.000082    2.221791 v _306_/D (sky130_fd_sc_hd__and4_1)
     2    0.003629    0.043492    0.188536    2.410328 v _306_/X (sky130_fd_sc_hd__and4_1)
                                                         _240_ (net)
                      0.043492    0.000008    2.410335 v _307_/A_N (sky130_fd_sc_hd__and3b_1)
     1    0.006315    0.082363    0.225269    2.635604 ^ _307_/X (sky130_fd_sc_hd__and3b_1)
                                                         _241_ (net)
                      0.082363    0.000027    2.635631 ^ _309_/S (sky130_fd_sc_hd__mux2_4)
     3    0.013157    0.064143    0.324674    2.960305 v _309_/X (sky130_fd_sc_hd__mux2_4)
                                                         _243_ (net)
                      0.064143    0.000152    2.960457 v _310_/B (sky130_fd_sc_hd__xor2_2)
     2    0.004149    0.050205    0.145272    3.105729 v _310_/X (sky130_fd_sc_hd__xor2_2)
                                                         _244_ (net)
                      0.050205    0.000012    3.105741 v _347_/A (sky130_fd_sc_hd__and3_1)
     2    0.005509    0.050030    0.154504    3.260246 v _347_/X (sky130_fd_sc_hd__and3_1)
                                                         _279_ (net)
                      0.050030    0.000010    3.260256 v _353_/B (sky130_fd_sc_hd__or4_4)
     2    0.005170    0.085492    0.509240    3.769495 v _353_/X (sky130_fd_sc_hd__or4_4)
                                                         _001_ (net)
                      0.085492    0.000029    3.769524 v _361_/C (sky130_fd_sc_hd__and3_1)
     3    0.011532    0.073204    0.232442    4.001966 v _361_/X (sky130_fd_sc_hd__and3_1)
                                                         _009_ (net)
                      0.073204    0.000174    4.002140 v _363_/B (sky130_fd_sc_hd__or3b_4)
     3    0.013275    0.082402    0.403520    4.405660 v _363_/X (sky130_fd_sc_hd__or3b_4)
                                                         _011_ (net)
                      0.082402    0.000049    4.405709 v _374_/A (sky130_fd_sc_hd__and3_1)
     2    0.004292    0.044749    0.162949    4.568658 v _374_/X (sky130_fd_sc_hd__and3_1)
                                                         _022_ (net)
                      0.044749    0.000009    4.568667 v _376_/A_N (sky130_fd_sc_hd__and2b_1)
     1    0.004850    0.059977    0.195222    4.763889 ^ _376_/X (sky130_fd_sc_hd__and2b_1)
                                                         _024_ (net)
                      0.059977    0.000008    4.763897 ^ _379_/A (sky130_fd_sc_hd__xor2_1)
     1    0.006416    0.174552    0.181020    4.944917 ^ _379_/X (sky130_fd_sc_hd__xor2_1)
                                                         net28 (net)
                      0.174552    0.000115    4.945032 ^ output28/A (sky130_fd_sc_hd__buf_4)
     1    0.034571    0.103843    0.199188    5.144220 ^ output28/X (sky130_fd_sc_hd__buf_4)
                                                         P[6] (net)
                      0.103843    0.000230    5.144450 ^ P[6] (out)
                                              5.144450   data arrival time

                      0.000000   10.000000   10.000000   clock __VIRTUAL_CLK__ (rise edge)
                                  0.000000   10.000000   clock network delay (ideal)
                                 -0.250000    9.750000   clock uncertainty
                                  0.000000    9.750000   clock reconvergence pessimism
                                 -2.000000    7.750000   output external delay
                                              7.750000   data required time
---------------------------------------------------------------------------------------------
                                              7.750000   data required time
                                             -5.144450   data arrival time
---------------------------------------------------------------------------------------------
                                              2.605550   slack (MET)


Startpoint: A[0] (input port clocked by __VIRTUAL_CLK__)
Endpoint: P[5] (output port clocked by __VIRTUAL_CLK__)
Path Group: __VIRTUAL_CLK__
Path Type: max

Fanout         Cap        Slew       Delay        Time   Description
---------------------------------------------------------------------------------------------
                      0.000000    0.000000    0.000000   clock __VIRTUAL_CLK__ (rise edge)
                                  0.000000    0.000000   clock network delay (ideal)
                                  2.000000    2.000000 v input external delay
     1    0.004931    0.013465    0.007959    2.007959 v A[0] (in)
                                                         A[0] (net)
                      0.013465    0.000000    2.007959 v input1/A (sky130_fd_sc_hd__buf_6)
     3    0.012800    0.027510    0.104636    2.112595 v input1/X (sky130_fd_sc_hd__buf_6)
                                                         net1 (net)
                      0.027510    0.000029    2.112623 v fanout44/A (sky130_fd_sc_hd__buf_6)
     5    0.011488    0.026464    0.109086    2.221709 v fanout44/X (sky130_fd_sc_hd__buf_6)
                                                         net44 (net)
                      0.026464    0.000082    2.221791 v _306_/D (sky130_fd_sc_hd__and4_1)
     2    0.003629    0.043492    0.188536    2.410328 v _306_/X (sky130_fd_sc_hd__and4_1)
                                                         _240_ (net)
                      0.043492    0.000008    2.410335 v _307_/A_N (sky130_fd_sc_hd__and3b_1)
     1    0.006315    0.082363    0.225269    2.635604 ^ _307_/X (sky130_fd_sc_hd__and3b_1)
                                                         _241_ (net)
                      0.082363    0.000027    2.635631 ^ _309_/S (sky130_fd_sc_hd__mux2_4)
     3    0.013157    0.064143    0.324674    2.960305 v _309_/X (sky130_fd_sc_hd__mux2_4)
                                                         _243_ (net)
                      0.064143    0.000143    2.960449 v _324_/D (sky130_fd_sc_hd__and4b_1)
     2    0.004638    0.049358    0.213159    3.173607 v _324_/X (sky130_fd_sc_hd__and4b_1)
                                                         _257_ (net)
                      0.049358    0.000004    3.173611 v rebuffer12/A (sky130_fd_sc_hd__dlygate4sd1_1)
     2    0.004330    0.037923    0.235296    3.408907 v rebuffer12/X (sky130_fd_sc_hd__dlygate4sd1_1)
                                                         net58 (net)
                      0.037923    0.000012    3.408920 v _368_/B1 (sky130_fd_sc_hd__a31o_1)
     1    0.009853    0.066855    0.212165    3.621084 v _368_/X (sky130_fd_sc_hd__a31o_1)
                                                         _016_ (net)
                      0.066855    0.000071    3.621155 v _369_/B (sky130_fd_sc_hd__xnor2_2)
     2    0.007843    0.158552    0.159016    3.780171 ^ _369_/Y (sky130_fd_sc_hd__xnor2_2)
                                                         _017_ (net)
                      0.158552    0.000009    3.780180 ^ _372_/A (sky130_fd_sc_hd__xor2_1)
     2    0.007719    0.205017    0.220922    4.001102 ^ _372_/X (sky130_fd_sc_hd__xor2_1)
                                                         _020_ (net)
                      0.205017    0.000014    4.001115 ^ _377_/B (sky130_fd_sc_hd__xnor2_1)
     2    0.003669    0.135962    0.148705    4.149821 ^ _377_/Y (sky130_fd_sc_hd__xnor2_1)
                                                         _025_ (net)
                      0.135962    0.000012    4.149833 ^ _581_/C_N (sky130_fd_sc_hd__or3b_1)
     1    0.001853    0.060370    0.345280    4.495112 v _581_/X (sky130_fd_sc_hd__or3b_1)
                                                         _220_ (net)
                      0.060370    0.000003    4.495115 v _582_/B (sky130_fd_sc_hd__and2b_1)
     1    0.005454    0.044736    0.170407    4.665522 v _582_/X (sky130_fd_sc_hd__and2b_1)
                                                         net27 (net)
                      0.044736    0.000087    4.665609 v output27/A (sky130_fd_sc_hd__clkbuf_4)
     1    0.034412    0.079733    0.182937    4.848546 v output27/X (sky130_fd_sc_hd__clkbuf_4)
                                                         P[5] (net)
                      0.079733    0.000208    4.848754 v P[5] (out)
                                              4.848754   data arrival time

                      0.000000   10.000000   10.000000   clock __VIRTUAL_CLK__ (rise edge)
                                  0.000000   10.000000   clock network delay (ideal)
                                 -0.250000    9.750000   clock uncertainty
                                  0.000000    9.750000   clock reconvergence pessimism
                                 -2.000000    7.750000   output external delay
                                              7.750000   data required time
---------------------------------------------------------------------------------------------
                                              7.750000   data required time
                                             -4.848754   data arrival time
---------------------------------------------------------------------------------------------
                                              2.901246   slack (MET)


Startpoint: B[1] (input port clocked by __VIRTUAL_CLK__)
Endpoint: P[4] (output port clocked by __VIRTUAL_CLK__)
Path Group: __VIRTUAL_CLK__
Path Type: max

Fanout         Cap        Slew       Delay        Time   Description
---------------------------------------------------------------------------------------------
                      0.000000    0.000000    0.000000   clock __VIRTUAL_CLK__ (rise edge)
                                  0.000000    0.000000   clock network delay (ideal)
                                  2.000000    2.000000 ^ input external delay
     1    0.002977    0.020493    0.010912    2.010912 ^ B[1] (in)
                                                         B[1] (net)
                      0.020493    0.000000    2.010912 ^ input10/A (sky130_fd_sc_hd__clkbuf_2)
     5    0.024856    0.139811    0.164050    2.174962 ^ input10/X (sky130_fd_sc_hd__clkbuf_2)
                                                         net10 (net)
                      0.139811    0.000133    2.175095 ^ fanout43/A (sky130_fd_sc_hd__buf_6)
    10    0.030708    0.070721    0.150250    2.325345 ^ fanout43/X (sky130_fd_sc_hd__buf_6)
                                                         net43 (net)
                      0.070721    0.000051    2.325396 ^ _296_/D (sky130_fd_sc_hd__nand4_2)
     3    0.007988    0.094798    0.122628    2.448024 v _296_/Y (sky130_fd_sc_hd__nand4_2)
                                                         _231_ (net)
                      0.094798    0.000029    2.448053 v _316_/A1 (sky130_fd_sc_hd__o2111a_1)
     3    0.007331    0.063858    0.284225    2.732278 v _316_/X (sky130_fd_sc_hd__o2111a_1)
                                                         _249_ (net)
                      0.063858    0.000074    2.732352 v _321_/A (sky130_fd_sc_hd__and3_1)
     4    0.011217    0.071866    0.185175    2.917528 v _321_/X (sky130_fd_sc_hd__and3_1)
                                                         _254_ (net)
                      0.071866    0.000023    2.917551 v _324_/A_N (sky130_fd_sc_hd__and4b_1)
     2    0.004937    0.077084    0.262542    3.180092 ^ _324_/X (sky130_fd_sc_hd__and4b_1)
                                                         _257_ (net)
                      0.077084    0.000004    3.180097 ^ rebuffer12/A (sky130_fd_sc_hd__dlygate4sd1_1)
     2    0.004792    0.059469    0.211956    3.392052 ^ rebuffer12/X (sky130_fd_sc_hd__dlygate4sd1_1)
                                                         net58 (net)
                      0.059469    0.000016    3.392068 ^ _326_/A_N (sky130_fd_sc_hd__and2b_1)
     1    0.008774    0.058650    0.201114    3.593183 v _326_/X (sky130_fd_sc_hd__and2b_1)
                                                         _259_ (net)
                      0.058650    0.000034    3.593217 v _327_/B (sky130_fd_sc_hd__xnor2_2)
     2    0.009682    0.068438    0.148770    3.741987 v _327_/Y (sky130_fd_sc_hd__xnor2_2)
                                                         _260_ (net)
                      0.068438    0.000159    3.742146 v _329_/B (sky130_fd_sc_hd__xnor2_1)
     2    0.007114    0.073927    0.151695    3.893841 v _329_/Y (sky130_fd_sc_hd__xnor2_1)
                                                         _262_ (net)
                      0.073927    0.000100    3.893941 v _330_/C (sky130_fd_sc_hd__and3_1)
     3    0.007186    0.057309    0.208767    4.102708 v _330_/X (sky130_fd_sc_hd__and3_1)
                                                         _263_ (net)
                      0.057309    0.000023    4.102731 v _332_/A (sky130_fd_sc_hd__nor2_1)
     1    0.005597    0.121128    0.135429    4.238161 ^ _332_/Y (sky130_fd_sc_hd__nor2_1)
                                                         net26 (net)
                      0.121128    0.000095    4.238256 ^ output26/A (sky130_fd_sc_hd__buf_2)
     1    0.034296    0.170623    0.226561    4.464817 ^ output26/X (sky130_fd_sc_hd__buf_2)
                                                         P[4] (net)
                      0.170623    0.000191    4.465007 ^ P[4] (out)
                                              4.465007   data arrival time

                      0.000000   10.000000   10.000000   clock __VIRTUAL_CLK__ (rise edge)
                                  0.000000   10.000000   clock network delay (ideal)
                                 -0.250000    9.750000   clock uncertainty
                                  0.000000    9.750000   clock reconvergence pessimism
                                 -2.000000    7.750000   output external delay
                                              7.750000   data required time
---------------------------------------------------------------------------------------------
                                              7.750000   data required time
                                             -4.465007   data arrival time
---------------------------------------------------------------------------------------------
                                              3.284993   slack (MET)


Startpoint: A[0] (input port clocked by __VIRTUAL_CLK__)
Endpoint: P[3] (output port clocked by __VIRTUAL_CLK__)
Path Group: __VIRTUAL_CLK__
Path Type: max

Fanout         Cap        Slew       Delay        Time   Description
---------------------------------------------------------------------------------------------
                      0.000000    0.000000    0.000000   clock __VIRTUAL_CLK__ (rise edge)
                                  0.000000    0.000000   clock network delay (ideal)
                                  2.000000    2.000000 v input external delay
     1    0.004931    0.013465    0.007959    2.007959 v A[0] (in)
                                                         A[0] (net)
                      0.013465    0.000000    2.007959 v input1/A (sky130_fd_sc_hd__buf_6)
     3    0.012800    0.027510    0.104636    2.112595 v input1/X (sky130_fd_sc_hd__buf_6)
                                                         net1 (net)
                      0.027510    0.000029    2.112623 v fanout44/A (sky130_fd_sc_hd__buf_6)
     5    0.011488    0.026464    0.109086    2.221709 v fanout44/X (sky130_fd_sc_hd__buf_6)
                                                         net44 (net)
                      0.026464    0.000082    2.221791 v _306_/D (sky130_fd_sc_hd__and4_1)
     2    0.003629    0.043492    0.188536    2.410328 v _306_/X (sky130_fd_sc_hd__and4_1)
                                                         _240_ (net)
                      0.043492    0.000008    2.410335 v _307_/A_N (sky130_fd_sc_hd__and3b_1)
     1    0.006315    0.082363    0.225269    2.635604 ^ _307_/X (sky130_fd_sc_hd__and3b_1)
                                                         _241_ (net)
                      0.082363    0.000027    2.635631 ^ _309_/S (sky130_fd_sc_hd__mux2_4)
     3    0.013157    0.064143    0.324674    2.960305 v _309_/X (sky130_fd_sc_hd__mux2_4)
                                                         _243_ (net)
                      0.064143    0.000152    2.960457 v _310_/B (sky130_fd_sc_hd__xor2_2)
     2    0.004149    0.050205    0.145272    3.105729 v _310_/X (sky130_fd_sc_hd__xor2_2)
                                                         _244_ (net)
                      0.050205    0.000010    3.105739 v rebuffer11/A (sky130_fd_sc_hd__dlygate4sd1_1)
     3    0.006985    0.049417    0.247560    3.353299 v rebuffer11/X (sky130_fd_sc_hd__dlygate4sd1_1)
                                                         net57 (net)
                      0.049417    0.000032    3.353331 v _312_/B (sky130_fd_sc_hd__or2_1)
     1    0.001952    0.044207    0.195919    3.549249 v _312_/X (sky130_fd_sc_hd__or2_1)
                                                         _246_ (net)
                      0.044207    0.000006    3.549255 v _313_/B (sky130_fd_sc_hd__and2_1)
     1    0.005168    0.044654    0.161247    3.710502 v _313_/X (sky130_fd_sc_hd__and2_1)
                                                         net25 (net)
                      0.044654    0.000080    3.710582 v output25/A (sky130_fd_sc_hd__buf_2)
     1    0.034344    0.089468    0.180464    3.891046 v output25/X (sky130_fd_sc_hd__buf_2)
                                                         P[3] (net)
                      0.089468    0.000198    3.891243 v P[3] (out)
                                              3.891243   data arrival time

                      0.000000   10.000000   10.000000   clock __VIRTUAL_CLK__ (rise edge)
                                  0.000000   10.000000   clock network delay (ideal)
                                 -0.250000    9.750000   clock uncertainty
                                  0.000000    9.750000   clock reconvergence pessimism
                                 -2.000000    7.750000   output external delay
                                              7.750000   data required time
---------------------------------------------------------------------------------------------
                                              7.750000   data required time
                                             -3.891243   data arrival time
---------------------------------------------------------------------------------------------
                                              3.858757   slack (MET)


Startpoint: B[1] (input port clocked by __VIRTUAL_CLK__)
Endpoint: P[2] (output port clocked by __VIRTUAL_CLK__)
Path Group: __VIRTUAL_CLK__
Path Type: max

Fanout         Cap        Slew       Delay        Time   Description
---------------------------------------------------------------------------------------------
                      0.000000    0.000000    0.000000   clock __VIRTUAL_CLK__ (rise edge)
                                  0.000000    0.000000   clock network delay (ideal)
                                  2.000000    2.000000 v input external delay
     1    0.002747    0.008509    0.004323    2.004323 v B[1] (in)
                                                         B[1] (net)
                      0.008509    0.000000    2.004323 v input10/A (sky130_fd_sc_hd__clkbuf_2)
     5    0.023980    0.095943    0.144606    2.148929 v input10/X (sky130_fd_sc_hd__clkbuf_2)
                                                         net10 (net)
                      0.095943    0.000128    2.149056 v fanout43/A (sky130_fd_sc_hd__buf_6)
    10    0.029360    0.039976    0.156379    2.305435 v fanout43/X (sky130_fd_sc_hd__buf_6)
                                                         net43 (net)
                      0.039976    0.000049    2.305485 v _295_/D (sky130_fd_sc_hd__and4_1)
     2    0.006330    0.053111    0.208366    2.513851 v _295_/X (sky130_fd_sc_hd__and4_1)
                                                         _230_ (net)
                      0.053111    0.000002    2.513853 v _297_/B1 (sky130_fd_sc_hd__a21oi_1)
     1    0.005096    0.151067    0.145252    2.659105 ^ _297_/Y (sky130_fd_sc_hd__a21oi_1)
                                                         _232_ (net)
                      0.151067    0.000012    2.659116 ^ _299_/A (sky130_fd_sc_hd__xnor2_1)
     2    0.005635    0.175923    0.153806    2.812923 ^ _299_/Y (sky130_fd_sc_hd__xnor2_1)
                                                         _234_ (net)
                      0.175923    0.000046    2.812968 ^ _300_/C (sky130_fd_sc_hd__and3_1)
     5    0.014630    0.153729    0.259146    3.072115 ^ _300_/X (sky130_fd_sc_hd__and3_1)
                                                         _235_ (net)
                      0.153729    0.000020    3.072134 ^ _302_/A (sky130_fd_sc_hd__nor2_1)
     1    0.002264    0.042702    0.063479    3.135613 v _302_/Y (sky130_fd_sc_hd__nor2_1)
                                                         net24 (net)
                      0.042702    0.000006    3.135619 v output24/A (sky130_fd_sc_hd__buf_2)
     1    0.034093    0.088901    0.179227    3.314846 v output24/X (sky130_fd_sc_hd__buf_2)
                                                         P[2] (net)
                      0.088901    0.000107    3.314953 v P[2] (out)
                                              3.314953   data arrival time

                      0.000000   10.000000   10.000000   clock __VIRTUAL_CLK__ (rise edge)
                                  0.000000   10.000000   clock network delay (ideal)
                                 -0.250000    9.750000   clock uncertainty
                                  0.000000    9.750000   clock reconvergence pessimism
                                 -2.000000    7.750000   output external delay
                                              7.750000   data required time
---------------------------------------------------------------------------------------------
                                              7.750000   data required time
                                             -3.314953   data arrival time
---------------------------------------------------------------------------------------------
                                              4.435047   slack (MET)


Startpoint: A[0] (input port clocked by __VIRTUAL_CLK__)
Endpoint: P[1] (output port clocked by __VIRTUAL_CLK__)
Path Group: __VIRTUAL_CLK__
Path Type: max

Fanout         Cap        Slew       Delay        Time   Description
---------------------------------------------------------------------------------------------
                      0.000000    0.000000    0.000000   clock __VIRTUAL_CLK__ (rise edge)
                                  0.000000    0.000000   clock network delay (ideal)
                                  2.000000    2.000000 v input external delay
     1    0.004931    0.013465    0.007959    2.007959 v A[0] (in)
                                                         A[0] (net)
                      0.013465    0.000000    2.007959 v input1/A (sky130_fd_sc_hd__buf_6)
     3    0.012800    0.027510    0.104636    2.112595 v input1/X (sky130_fd_sc_hd__buf_6)
                                                         net1 (net)
                      0.027510    0.000041    2.112635 v clone24/A (sky130_fd_sc_hd__clkbuf_2)
     4    0.008701    0.044104    0.109398    2.222034 v clone24/X (sky130_fd_sc_hd__clkbuf_2)
                                                         net70 (net)
                      0.044104    0.000001    2.222035 v rebuffer21/A (sky130_fd_sc_hd__dlygate4sd1_1)
     1    0.002548    0.031295    0.223865    2.445900 v rebuffer21/X (sky130_fd_sc_hd__dlygate4sd1_1)
                                                         net67 (net)
                      0.031295    0.000005    2.445905 v _291_/B2 (sky130_fd_sc_hd__a22o_1)
     1    0.001924    0.036613    0.180598    2.626503 v _291_/X (sky130_fd_sc_hd__a22o_1)
                                                         _227_ (net)
                      0.036613    0.000005    2.626508 v _292_/B (sky130_fd_sc_hd__and2_1)
     1    0.002020    0.032574    0.141744    2.768252 v _292_/X (sky130_fd_sc_hd__and2_1)
                                                         net23 (net)
                      0.032574    0.000003    2.768255 v output23/A (sky130_fd_sc_hd__buf_2)
     1    0.034006    0.088775    0.174716    2.942970 v output23/X (sky130_fd_sc_hd__buf_2)
                                                         P[1] (net)
                      0.088775    0.000087    2.943057 v P[1] (out)
                                              2.943057   data arrival time

                      0.000000   10.000000   10.000000   clock __VIRTUAL_CLK__ (rise edge)
                                  0.000000   10.000000   clock network delay (ideal)
                                 -0.250000    9.750000   clock uncertainty
                                  0.000000    9.750000   clock reconvergence pessimism
                                 -2.000000    7.750000   output external delay
                                              7.750000   data required time
---------------------------------------------------------------------------------------------
                                              7.750000   data required time
                                             -2.943057   data arrival time
---------------------------------------------------------------------------------------------
                                              4.806943   slack (MET)



