
===========================================================================
report_checks -path_delay max (Setup)
============================================================================
======================= max_ss_100C_1v60 Corner ===================================

Startpoint: A[4] (input port clocked by __VIRTUAL_CLK__)
Endpoint: P[13] (output port clocked by __VIRTUAL_CLK__)
Path Group: __VIRTUAL_CLK__
Path Type: max

Fanout         Cap        Slew       Delay        Time   Description
---------------------------------------------------------------------------------------------
                      0.000000    0.000000    0.000000   clock __VIRTUAL_CLK__ (rise edge)
                                  0.000000    0.000000   clock network delay (ideal)
                                  2.000000    2.000000 v input external delay
     1    0.002582    0.017629    0.008585    2.008585 v A[4] (in)
                                                         A[4] (net)
                      0.017629    0.000000    2.008585 v input5/A (sky130_fd_sc_hd__dlymetal6s2s_1)
     2    0.025122    0.253582    0.411793    2.420378 v input5/X (sky130_fd_sc_hd__dlymetal6s2s_1)
                                                         net5 (net)
                      0.253605    0.002601    2.422979 v fanout38/A (sky130_fd_sc_hd__clkbuf_4)
    10    0.050719    0.191430    0.449682    2.872661 v fanout38/X (sky130_fd_sc_hd__clkbuf_4)
                                                         net38 (net)
                      0.191450    0.002188    2.874849 v _357_/B (sky130_fd_sc_hd__and3_1)
     4    0.012808    0.150384    0.478303    3.353152 v _357_/X (sky130_fd_sc_hd__and3_1)
                                                         _019_ (net)
                      0.150384    0.000622    3.353774 v _359_/B (sky130_fd_sc_hd__or3_1)
     1    0.005224    0.162739    0.861744    4.215518 v _359_/X (sky130_fd_sc_hd__or3_1)
                                                         _021_ (net)
                      0.162739    0.000375    4.215893 v _361_/B (sky130_fd_sc_hd__xor2_1)
     2    0.006036    0.135317    0.325947    4.541841 v _361_/X (sky130_fd_sc_hd__xor2_1)
                                                         _023_ (net)
                      0.135317    0.000360    4.542201 v _362_/B (sky130_fd_sc_hd__or2_1)
     3    0.007511    0.137753    0.536577    5.078777 v _362_/X (sky130_fd_sc_hd__or2_1)
                                                         _024_ (net)
                      0.137753    0.000382    5.079159 v _410_/A (sky130_fd_sc_hd__or2_1)
     3    0.014782    0.196891    0.644455    5.723614 v _410_/X (sky130_fd_sc_hd__or2_1)
                                                         _071_ (net)
                      0.196892    0.000930    5.724544 v _453_/A_N (sky130_fd_sc_hd__nand2b_1)
     2    0.006552    0.161985    0.400005    6.124548 v _453_/Y (sky130_fd_sc_hd__nand2b_1)
                                                         _113_ (net)
                      0.161985    0.000425    6.124974 v _472_/A2 (sky130_fd_sc_hd__a21o_1)
     3    0.008547    0.104969    0.400942    6.525916 v _472_/X (sky130_fd_sc_hd__a21o_1)
                                                         _131_ (net)
                      0.104971    0.000595    6.526511 v _500_/C (sky130_fd_sc_hd__and3_4)
     1    0.017152    0.082891    0.373154    6.899664 v _500_/X (sky130_fd_sc_hd__and3_4)
                                                         _158_ (net)
                      0.082917    0.001397    6.901061 v _502_/A (sky130_fd_sc_hd__xnor2_4)
     2    0.017880    0.289573    0.341625    7.242686 ^ _502_/Y (sky130_fd_sc_hd__xnor2_4)
                                                         _160_ (net)
                      0.289589    0.001560    7.244246 ^ _504_/B (sky130_fd_sc_hd__xnor2_2)
     2    0.009247    0.262883    0.301041    7.545286 ^ _504_/Y (sky130_fd_sc_hd__xnor2_2)
                                                         _162_ (net)
                      0.262883    0.000672    7.545959 ^ _506_/C (sky130_fd_sc_hd__nand3_2)
     3    0.008429    0.154698    0.257000    7.802958 v _506_/Y (sky130_fd_sc_hd__nand3_2)
                                                         _164_ (net)
                      0.154698    0.000457    7.803415 v _527_/A2 (sky130_fd_sc_hd__a211o_1)
     1    0.003561    0.092448    0.578329    8.381744 v _527_/X (sky130_fd_sc_hd__a211o_1)
                                                         _184_ (net)
                      0.092448    0.000237    8.381982 v _528_/B1 (sky130_fd_sc_hd__a21o_1)
     4    0.016196    0.161367    0.387028    8.769010 v _528_/X (sky130_fd_sc_hd__a21o_1)
                                                         _185_ (net)
                      0.161382    0.001667    8.770677 v _546_/A1 (sky130_fd_sc_hd__a311o_1)
     1    0.004352    0.109727    0.561549    9.332226 v _546_/X (sky130_fd_sc_hd__a311o_1)
                                                         _202_ (net)
                      0.109727    0.000323    9.332549 v _547_/B (sky130_fd_sc_hd__and2b_1)
     1    0.005627    0.088783    0.361545    9.694094 v _547_/X (sky130_fd_sc_hd__and2b_1)
                                                         net21 (net)
                      0.088784    0.000412    9.694506 v output21/A (sky130_fd_sc_hd__buf_6)
     1    0.034827    0.076672    0.255855    9.950361 v output21/X (sky130_fd_sc_hd__buf_6)
                                                         P[13] (net)
                      0.076725    0.001784    9.952146 v P[13] (out)
                                              9.952146   data arrival time

                      0.000000   10.000000   10.000000   clock __VIRTUAL_CLK__ (rise edge)
                                  0.000000   10.000000   clock network delay (ideal)
                                 -0.250000    9.750000   clock uncertainty
                                  0.000000    9.750000   clock reconvergence pessimism
                                 -2.000000    7.750000   output external delay
                                              7.750000   data required time
---------------------------------------------------------------------------------------------
                                              7.750000   data required time
                                             -9.952146   data arrival time
---------------------------------------------------------------------------------------------
                                             -2.202145   slack (VIOLATED)


Startpoint: A[4] (input port clocked by __VIRTUAL_CLK__)
Endpoint: P[14] (output port clocked by __VIRTUAL_CLK__)
Path Group: __VIRTUAL_CLK__
Path Type: max

Fanout         Cap        Slew       Delay        Time   Description
---------------------------------------------------------------------------------------------
                      0.000000    0.000000    0.000000   clock __VIRTUAL_CLK__ (rise edge)
                                  0.000000    0.000000   clock network delay (ideal)
                                  2.000000    2.000000 v input external delay
     1    0.002582    0.017629    0.008585    2.008585 v A[4] (in)
                                                         A[4] (net)
                      0.017629    0.000000    2.008585 v input5/A (sky130_fd_sc_hd__dlymetal6s2s_1)
     2    0.025122    0.253582    0.411793    2.420378 v input5/X (sky130_fd_sc_hd__dlymetal6s2s_1)
                                                         net5 (net)
                      0.253605    0.002601    2.422979 v fanout38/A (sky130_fd_sc_hd__clkbuf_4)
    10    0.050719    0.191430    0.449682    2.872661 v fanout38/X (sky130_fd_sc_hd__clkbuf_4)
                                                         net38 (net)
                      0.191450    0.002188    2.874849 v _357_/B (sky130_fd_sc_hd__and3_1)
     4    0.012808    0.150384    0.478303    3.353152 v _357_/X (sky130_fd_sc_hd__and3_1)
                                                         _019_ (net)
                      0.150384    0.000622    3.353774 v _359_/B (sky130_fd_sc_hd__or3_1)
     1    0.005224    0.162739    0.861744    4.215518 v _359_/X (sky130_fd_sc_hd__or3_1)
                                                         _021_ (net)
                      0.162739    0.000375    4.215893 v _361_/B (sky130_fd_sc_hd__xor2_1)
     2    0.006036    0.135317    0.325947    4.541841 v _361_/X (sky130_fd_sc_hd__xor2_1)
                                                         _023_ (net)
                      0.135317    0.000360    4.542201 v _362_/B (sky130_fd_sc_hd__or2_1)
     3    0.007511    0.137753    0.536577    5.078777 v _362_/X (sky130_fd_sc_hd__or2_1)
                                                         _024_ (net)
                      0.137753    0.000382    5.079159 v _410_/A (sky130_fd_sc_hd__or2_1)
     3    0.014782    0.196891    0.644455    5.723614 v _410_/X (sky130_fd_sc_hd__or2_1)
                                                         _071_ (net)
                      0.196892    0.000930    5.724544 v _453_/A_N (sky130_fd_sc_hd__nand2b_1)
     2    0.006552    0.161985    0.400005    6.124548 v _453_/Y (sky130_fd_sc_hd__nand2b_1)
                                                         _113_ (net)
                      0.161985    0.000425    6.124974 v _472_/A2 (sky130_fd_sc_hd__a21o_1)
     3    0.008547    0.104969    0.400942    6.525916 v _472_/X (sky130_fd_sc_hd__a21o_1)
                                                         _131_ (net)
                      0.104971    0.000595    6.526511 v _500_/C (sky130_fd_sc_hd__and3_4)
     1    0.017152    0.082891    0.373154    6.899664 v _500_/X (sky130_fd_sc_hd__and3_4)
                                                         _158_ (net)
                      0.082917    0.001397    6.901061 v _502_/A (sky130_fd_sc_hd__xnor2_4)
     2    0.017880    0.289573    0.341625    7.242686 ^ _502_/Y (sky130_fd_sc_hd__xnor2_4)
                                                         _160_ (net)
                      0.289589    0.001560    7.244246 ^ _504_/B (sky130_fd_sc_hd__xnor2_2)
     2    0.009247    0.262883    0.301041    7.545286 ^ _504_/Y (sky130_fd_sc_hd__xnor2_2)
                                                         _162_ (net)
                      0.262883    0.000672    7.545959 ^ _506_/C (sky130_fd_sc_hd__nand3_2)
     3    0.008429    0.154698    0.257000    7.802958 v _506_/Y (sky130_fd_sc_hd__nand3_2)
                                                         _164_ (net)
                      0.154698    0.000457    7.803415 v _527_/A2 (sky130_fd_sc_hd__a211o_1)
     1    0.003561    0.092448    0.578329    8.381744 v _527_/X (sky130_fd_sc_hd__a211o_1)
                                                         _184_ (net)
                      0.092448    0.000237    8.381982 v _528_/B1 (sky130_fd_sc_hd__a21o_1)
     4    0.016196    0.161367    0.387028    8.769010 v _528_/X (sky130_fd_sc_hd__a21o_1)
                                                         _185_ (net)
                      0.161382    0.001684    8.770694 v _545_/A1 (sky130_fd_sc_hd__a41o_1)
     3    0.015304    0.166799    0.466330    9.237024 v _545_/X (sky130_fd_sc_hd__a41o_1)
                                                         _201_ (net)
                      0.166811    0.001560    9.238584 v _552_/A (sky130_fd_sc_hd__xor2_1)
     1    0.006008    0.273341    0.353634    9.592217 ^ _552_/X (sky130_fd_sc_hd__xor2_1)
                                                         net22 (net)
                      0.273341    0.000464    9.592681 ^ output22/A (sky130_fd_sc_hd__buf_6)
     1    0.034404    0.123943    0.309580    9.902261 ^ output22/X (sky130_fd_sc_hd__buf_6)
                                                         P[14] (net)
                      0.123965    0.001642    9.903903 ^ P[14] (out)
                                              9.903903   data arrival time

                      0.000000   10.000000   10.000000   clock __VIRTUAL_CLK__ (rise edge)
                                  0.000000   10.000000   clock network delay (ideal)
                                 -0.250000    9.750000   clock uncertainty
                                  0.000000    9.750000   clock reconvergence pessimism
                                 -2.000000    7.750000   output external delay
                                              7.750000   data required time
---------------------------------------------------------------------------------------------
                                              7.750000   data required time
                                             -9.903903   data arrival time
---------------------------------------------------------------------------------------------
                                             -2.153903   slack (VIOLATED)


Startpoint: A[4] (input port clocked by __VIRTUAL_CLK__)
Endpoint: P[15] (output port clocked by __VIRTUAL_CLK__)
Path Group: __VIRTUAL_CLK__
Path Type: max

Fanout         Cap        Slew       Delay        Time   Description
---------------------------------------------------------------------------------------------
                      0.000000    0.000000    0.000000   clock __VIRTUAL_CLK__ (rise edge)
                                  0.000000    0.000000   clock network delay (ideal)
                                  2.000000    2.000000 v input external delay
     1    0.002582    0.017629    0.008585    2.008585 v A[4] (in)
                                                         A[4] (net)
                      0.017629    0.000000    2.008585 v input5/A (sky130_fd_sc_hd__dlymetal6s2s_1)
     2    0.025122    0.253582    0.411793    2.420378 v input5/X (sky130_fd_sc_hd__dlymetal6s2s_1)
                                                         net5 (net)
                      0.253605    0.002601    2.422979 v fanout38/A (sky130_fd_sc_hd__clkbuf_4)
    10    0.050719    0.191430    0.449682    2.872661 v fanout38/X (sky130_fd_sc_hd__clkbuf_4)
                                                         net38 (net)
                      0.191450    0.002188    2.874849 v _357_/B (sky130_fd_sc_hd__and3_1)
     4    0.012808    0.150384    0.478303    3.353152 v _357_/X (sky130_fd_sc_hd__and3_1)
                                                         _019_ (net)
                      0.150384    0.000622    3.353774 v _359_/B (sky130_fd_sc_hd__or3_1)
     1    0.005224    0.162739    0.861744    4.215518 v _359_/X (sky130_fd_sc_hd__or3_1)
                                                         _021_ (net)
                      0.162739    0.000375    4.215893 v _361_/B (sky130_fd_sc_hd__xor2_1)
     2    0.006036    0.135317    0.325947    4.541841 v _361_/X (sky130_fd_sc_hd__xor2_1)
                                                         _023_ (net)
                      0.135317    0.000360    4.542201 v _362_/B (sky130_fd_sc_hd__or2_1)
     3    0.007511    0.137753    0.536577    5.078777 v _362_/X (sky130_fd_sc_hd__or2_1)
                                                         _024_ (net)
                      0.137753    0.000382    5.079159 v _410_/A (sky130_fd_sc_hd__or2_1)
     3    0.014782    0.196891    0.644455    5.723614 v _410_/X (sky130_fd_sc_hd__or2_1)
                                                         _071_ (net)
                      0.196892    0.000930    5.724544 v _453_/A_N (sky130_fd_sc_hd__nand2b_1)
     2    0.006552    0.161985    0.400005    6.124548 v _453_/Y (sky130_fd_sc_hd__nand2b_1)
                                                         _113_ (net)
                      0.161985    0.000425    6.124974 v _472_/A2 (sky130_fd_sc_hd__a21o_1)
     3    0.008547    0.104969    0.400942    6.525916 v _472_/X (sky130_fd_sc_hd__a21o_1)
                                                         _131_ (net)
                      0.104971    0.000595    6.526511 v _500_/C (sky130_fd_sc_hd__and3_4)
     1    0.017152    0.082891    0.373154    6.899664 v _500_/X (sky130_fd_sc_hd__and3_4)
                                                         _158_ (net)
                      0.082917    0.001397    6.901061 v _502_/A (sky130_fd_sc_hd__xnor2_4)
     2    0.017880    0.289573    0.341625    7.242686 ^ _502_/Y (sky130_fd_sc_hd__xnor2_4)
                                                         _160_ (net)
                      0.289589    0.001560    7.244246 ^ _504_/B (sky130_fd_sc_hd__xnor2_2)
     2    0.009247    0.262883    0.301041    7.545286 ^ _504_/Y (sky130_fd_sc_hd__xnor2_2)
                                                         _162_ (net)
                      0.262883    0.000672    7.545959 ^ _506_/C (sky130_fd_sc_hd__nand3_2)
     3    0.008429    0.154698    0.257000    7.802958 v _506_/Y (sky130_fd_sc_hd__nand3_2)
                                                         _164_ (net)
                      0.154698    0.000457    7.803415 v _527_/A2 (sky130_fd_sc_hd__a211o_1)
     1    0.003561    0.092448    0.578329    8.381744 v _527_/X (sky130_fd_sc_hd__a211o_1)
                                                         _184_ (net)
                      0.092448    0.000237    8.381982 v _528_/B1 (sky130_fd_sc_hd__a21o_1)
     4    0.016196    0.161367    0.387028    8.769010 v _528_/X (sky130_fd_sc_hd__a21o_1)
                                                         _185_ (net)
                      0.161382    0.001684    8.770694 v _545_/A1 (sky130_fd_sc_hd__a41o_1)
     3    0.015304    0.166799    0.466330    9.237024 v _545_/X (sky130_fd_sc_hd__a41o_1)
                                                         _201_ (net)
                      0.166812    0.001628    9.238652 v _554_/A1 (sky130_fd_sc_hd__a21o_1)
     1    0.006556    0.089380    0.358124    9.596776 v _554_/X (sky130_fd_sc_hd__a21o_1)
                                                         net23 (net)
                      0.089382    0.000511    9.597287 v output23/A (sky130_fd_sc_hd__buf_6)
     1    0.034365    0.076081    0.255697    9.852983 v output23/X (sky130_fd_sc_hd__buf_6)
                                                         P[15] (net)
                      0.076125    0.001629    9.854612 v P[15] (out)
                                              9.854612   data arrival time

                      0.000000   10.000000   10.000000   clock __VIRTUAL_CLK__ (rise edge)
                                  0.000000   10.000000   clock network delay (ideal)
                                 -0.250000    9.750000   clock uncertainty
                                  0.000000    9.750000   clock reconvergence pessimism
                                 -2.000000    7.750000   output external delay
                                              7.750000   data required time
---------------------------------------------------------------------------------------------
                                              7.750000   data required time
                                             -9.854612   data arrival time
---------------------------------------------------------------------------------------------
                                             -2.104613   slack (VIOLATED)


Startpoint: A[4] (input port clocked by __VIRTUAL_CLK__)
Endpoint: P[12] (output port clocked by __VIRTUAL_CLK__)
Path Group: __VIRTUAL_CLK__
Path Type: max

Fanout         Cap        Slew       Delay        Time   Description
---------------------------------------------------------------------------------------------
                      0.000000    0.000000    0.000000   clock __VIRTUAL_CLK__ (rise edge)
                                  0.000000    0.000000   clock network delay (ideal)
                                  2.000000    2.000000 v input external delay
     1    0.002582    0.017629    0.008585    2.008585 v A[4] (in)
                                                         A[4] (net)
                      0.017629    0.000000    2.008585 v input5/A (sky130_fd_sc_hd__dlymetal6s2s_1)
     2    0.025122    0.253582    0.411793    2.420378 v input5/X (sky130_fd_sc_hd__dlymetal6s2s_1)
                                                         net5 (net)
                      0.253605    0.002601    2.422979 v fanout38/A (sky130_fd_sc_hd__clkbuf_4)
    10    0.050719    0.191430    0.449682    2.872661 v fanout38/X (sky130_fd_sc_hd__clkbuf_4)
                                                         net38 (net)
                      0.191450    0.002188    2.874849 v _357_/B (sky130_fd_sc_hd__and3_1)
     4    0.012808    0.150384    0.478303    3.353152 v _357_/X (sky130_fd_sc_hd__and3_1)
                                                         _019_ (net)
                      0.150384    0.000622    3.353774 v _359_/B (sky130_fd_sc_hd__or3_1)
     1    0.005224    0.162739    0.861744    4.215518 v _359_/X (sky130_fd_sc_hd__or3_1)
                                                         _021_ (net)
                      0.162739    0.000375    4.215893 v _361_/B (sky130_fd_sc_hd__xor2_1)
     2    0.006036    0.135317    0.325947    4.541841 v _361_/X (sky130_fd_sc_hd__xor2_1)
                                                         _023_ (net)
                      0.135317    0.000360    4.542201 v _362_/B (sky130_fd_sc_hd__or2_1)
     3    0.007511    0.137753    0.536577    5.078777 v _362_/X (sky130_fd_sc_hd__or2_1)
                                                         _024_ (net)
                      0.137753    0.000382    5.079159 v _410_/A (sky130_fd_sc_hd__or2_1)
     3    0.014782    0.196891    0.644455    5.723614 v _410_/X (sky130_fd_sc_hd__or2_1)
                                                         _071_ (net)
                      0.196892    0.000930    5.724544 v _453_/A_N (sky130_fd_sc_hd__nand2b_1)
     2    0.006552    0.161985    0.400005    6.124548 v _453_/Y (sky130_fd_sc_hd__nand2b_1)
                                                         _113_ (net)
                      0.161985    0.000425    6.124974 v _472_/A2 (sky130_fd_sc_hd__a21o_1)
     3    0.008547    0.104969    0.400942    6.525916 v _472_/X (sky130_fd_sc_hd__a21o_1)
                                                         _131_ (net)
                      0.104971    0.000595    6.526511 v _500_/C (sky130_fd_sc_hd__and3_4)
     1    0.017152    0.082891    0.373154    6.899664 v _500_/X (sky130_fd_sc_hd__and3_4)
                                                         _158_ (net)
                      0.082917    0.001397    6.901061 v _502_/A (sky130_fd_sc_hd__xnor2_4)
     2    0.017880    0.289573    0.341625    7.242686 ^ _502_/Y (sky130_fd_sc_hd__xnor2_4)
                                                         _160_ (net)
                      0.289589    0.001560    7.244246 ^ _504_/B (sky130_fd_sc_hd__xnor2_2)
     2    0.009247    0.262883    0.301041    7.545286 ^ _504_/Y (sky130_fd_sc_hd__xnor2_2)
                                                         _162_ (net)
                      0.262883    0.000672    7.545959 ^ _506_/C (sky130_fd_sc_hd__nand3_2)
     3    0.008429    0.154698    0.257000    7.802958 v _506_/Y (sky130_fd_sc_hd__nand3_2)
                                                         _164_ (net)
                      0.154698    0.000457    7.803415 v _527_/A2 (sky130_fd_sc_hd__a211o_1)
     1    0.003561    0.092448    0.578329    8.381744 v _527_/X (sky130_fd_sc_hd__a211o_1)
                                                         _184_ (net)
                      0.092448    0.000237    8.381982 v _528_/B1 (sky130_fd_sc_hd__a21o_1)
     4    0.016196    0.161367    0.387028    8.769010 v _528_/X (sky130_fd_sc_hd__a21o_1)
                                                         _185_ (net)
                      0.161378    0.001511    8.770520 v _530_/C (sky130_fd_sc_hd__and4_1)
     1    0.005061    0.092269    0.446692    9.217213 v _530_/X (sky130_fd_sc_hd__and4_1)
                                                         _187_ (net)
                      0.092269    0.000377    9.217590 v _532_/B (sky130_fd_sc_hd__nor2_2)
     1    0.008447    0.189955    0.197995    9.415586 ^ _532_/Y (sky130_fd_sc_hd__nor2_2)
                                                         net20 (net)
                      0.189955    0.000748    9.416334 ^ output20/A (sky130_fd_sc_hd__buf_6)
     1    0.035093    0.125256    0.278343    9.694676 ^ output20/X (sky130_fd_sc_hd__buf_6)
                                                         P[12] (net)
                      0.125285    0.001873    9.696549 ^ P[12] (out)
                                              9.696549   data arrival time

                      0.000000   10.000000   10.000000   clock __VIRTUAL_CLK__ (rise edge)
                                  0.000000   10.000000   clock network delay (ideal)
                                 -0.250000    9.750000   clock uncertainty
                                  0.000000    9.750000   clock reconvergence pessimism
                                 -2.000000    7.750000   output external delay
                                              7.750000   data required time
---------------------------------------------------------------------------------------------
                                              7.750000   data required time
                                             -9.696549   data arrival time
---------------------------------------------------------------------------------------------
                                             -1.946550   slack (VIOLATED)


Startpoint: A[1] (input port clocked by __VIRTUAL_CLK__)
Endpoint: P[11] (output port clocked by __VIRTUAL_CLK__)
Path Group: __VIRTUAL_CLK__
Path Type: max

Fanout         Cap        Slew       Delay        Time   Description
---------------------------------------------------------------------------------------------
                      0.000000    0.000000    0.000000   clock __VIRTUAL_CLK__ (rise edge)
                                  0.000000    0.000000   clock network delay (ideal)
                                  2.000000    2.000000 ^ input external delay
     1    0.002546    0.030571    0.014487    2.014487 ^ A[1] (in)
                                                         A[1] (net)
                      0.030571    0.000000    2.014487 ^ input2/A (sky130_fd_sc_hd__dlymetal6s2s_1)
     5    0.025406    0.405856    0.382684    2.397171 ^ input2/X (sky130_fd_sc_hd__dlymetal6s2s_1)
                                                         net2 (net)
                      0.405862    0.001346    2.398517 ^ fanout42/A (sky130_fd_sc_hd__buf_2)
    10    0.044605    0.350193    0.539203    2.937720 ^ fanout42/X (sky130_fd_sc_hd__buf_2)
                                                         net42 (net)
                      0.350198    0.001918    2.939638 ^ _272_/D (sky130_fd_sc_hd__and4_1)
     3    0.019933    0.330972    0.685596    3.625234 ^ _272_/X (sky130_fd_sc_hd__and4_1)
                                                         _209_ (net)
                      0.330973    0.001483    3.626717 ^ _298_/A1 (sky130_fd_sc_hd__a41o_4)
     3    0.019871    0.146687    0.549822    4.176539 ^ _298_/X (sky130_fd_sc_hd__a41o_4)
                                                         _232_ (net)
                      0.146689    0.000868    4.177406 ^ _299_/B (sky130_fd_sc_hd__nor2_2)
     2    0.016241    0.097554    0.133583    4.310990 v _299_/Y (sky130_fd_sc_hd__nor2_2)
                                                         _233_ (net)
                      0.097578    0.001413    4.312403 v _317_/B2 (sky130_fd_sc_hd__a2bb2oi_2)
     2    0.012593    0.286223    0.322480    4.634882 ^ _317_/Y (sky130_fd_sc_hd__a2bb2oi_2)
                                                         _250_ (net)
                      0.286223    0.000949    4.635832 ^ _319_/B (sky130_fd_sc_hd__xnor2_2)
     2    0.011919    0.309164    0.315791    4.951622 ^ _319_/Y (sky130_fd_sc_hd__xnor2_2)
                                                         _252_ (net)
                      0.309164    0.000850    4.952473 ^ _320_/A3 (sky130_fd_sc_hd__o31ai_4)
     2    0.013700    0.129517    0.206152    5.158625 v _320_/Y (sky130_fd_sc_hd__o31ai_4)
                                                         _253_ (net)
                      0.129519    0.001056    5.159681 v _323_/B1_N (sky130_fd_sc_hd__a21boi_2)
     2    0.006629    0.093556    0.356229    5.515910 v _323_/Y (sky130_fd_sc_hd__a21boi_2)
                                                         _256_ (net)
                      0.093556    0.000489    5.516399 v _379_/C (sky130_fd_sc_hd__or4_4)
     2    0.010193    0.174266    0.997844    6.514243 v _379_/X (sky130_fd_sc_hd__or4_4)
                                                         _041_ (net)
                      0.174266    0.000727    6.514969 v _381_/B (sky130_fd_sc_hd__and3b_1)
     2    0.006374    0.099356    0.411801    6.926770 v _381_/X (sky130_fd_sc_hd__and3b_1)
                                                         _043_ (net)
                      0.099356    0.000418    6.927188 v _419_/B (sky130_fd_sc_hd__or3_1)
     3    0.011945    0.233453    0.933255    7.860443 v _419_/X (sky130_fd_sc_hd__or3_1)
                                                         _080_ (net)
                      0.233454    0.000827    7.861270 v _483_/C (sky130_fd_sc_hd__and3_1)
     2    0.006527    0.101075    0.475415    8.336685 v _483_/X (sky130_fd_sc_hd__and3_1)
                                                         _142_ (net)
                      0.101075    0.000392    8.337077 v _485_/A2 (sky130_fd_sc_hd__a21o_1)
     2    0.014894    0.151210    0.422493    8.759570 v _485_/X (sky130_fd_sc_hd__a21o_1)
                                                         _144_ (net)
                      0.151212    0.000814    8.760384 v _508_/A1 (sky130_fd_sc_hd__a21oi_2)
     1    0.009037    0.236310    0.299895    9.060279 ^ _508_/Y (sky130_fd_sc_hd__a21oi_2)
                                                         _166_ (net)
                      0.236310    0.000695    9.060974 ^ _509_/B (sky130_fd_sc_hd__xnor2_2)
     1    0.008748    0.254447    0.282054    9.343029 ^ _509_/Y (sky130_fd_sc_hd__xnor2_2)
                                                         net19 (net)
                      0.254447    0.000778    9.343807 ^ output19/A (sky130_fd_sc_hd__buf_6)
     1    0.034023    0.122608    0.302206    9.646013 ^ output19/X (sky130_fd_sc_hd__buf_6)
                                                         P[11] (net)
                      0.122629    0.001613    9.647626 ^ P[11] (out)
                                              9.647626   data arrival time

                      0.000000   10.000000   10.000000   clock __VIRTUAL_CLK__ (rise edge)
                                  0.000000   10.000000   clock network delay (ideal)
                                 -0.250000    9.750000   clock uncertainty
                                  0.000000    9.750000   clock reconvergence pessimism
                                 -2.000000    7.750000   output external delay
                                              7.750000   data required time
---------------------------------------------------------------------------------------------
                                              7.750000   data required time
                                             -9.647626   data arrival time
---------------------------------------------------------------------------------------------
                                             -1.897626   slack (VIOLATED)


Startpoint: A[1] (input port clocked by __VIRTUAL_CLK__)
Endpoint: P[10] (output port clocked by __VIRTUAL_CLK__)
Path Group: __VIRTUAL_CLK__
Path Type: max

Fanout         Cap        Slew       Delay        Time   Description
---------------------------------------------------------------------------------------------
                      0.000000    0.000000    0.000000   clock __VIRTUAL_CLK__ (rise edge)
                                  0.000000    0.000000   clock network delay (ideal)
                                  2.000000    2.000000 ^ input external delay
     1    0.002546    0.030571    0.014487    2.014487 ^ A[1] (in)
                                                         A[1] (net)
                      0.030571    0.000000    2.014487 ^ input2/A (sky130_fd_sc_hd__dlymetal6s2s_1)
     5    0.025406    0.405856    0.382684    2.397171 ^ input2/X (sky130_fd_sc_hd__dlymetal6s2s_1)
                                                         net2 (net)
                      0.405862    0.001346    2.398517 ^ fanout42/A (sky130_fd_sc_hd__buf_2)
    10    0.044605    0.350193    0.539203    2.937720 ^ fanout42/X (sky130_fd_sc_hd__buf_2)
                                                         net42 (net)
                      0.350198    0.001918    2.939638 ^ _272_/D (sky130_fd_sc_hd__and4_1)
     3    0.019933    0.330972    0.685596    3.625234 ^ _272_/X (sky130_fd_sc_hd__and4_1)
                                                         _209_ (net)
                      0.330973    0.001483    3.626717 ^ _298_/A1 (sky130_fd_sc_hd__a41o_4)
     3    0.019871    0.146687    0.549822    4.176539 ^ _298_/X (sky130_fd_sc_hd__a41o_4)
                                                         _232_ (net)
                      0.146689    0.000868    4.177406 ^ _299_/B (sky130_fd_sc_hd__nor2_2)
     2    0.016241    0.097554    0.133583    4.310990 v _299_/Y (sky130_fd_sc_hd__nor2_2)
                                                         _233_ (net)
                      0.097578    0.001413    4.312403 v _317_/B2 (sky130_fd_sc_hd__a2bb2oi_2)
     2    0.012593    0.286223    0.322480    4.634882 ^ _317_/Y (sky130_fd_sc_hd__a2bb2oi_2)
                                                         _250_ (net)
                      0.286223    0.000949    4.635832 ^ _319_/B (sky130_fd_sc_hd__xnor2_2)
     2    0.011919    0.309164    0.315791    4.951622 ^ _319_/Y (sky130_fd_sc_hd__xnor2_2)
                                                         _252_ (net)
                      0.309164    0.000850    4.952473 ^ _320_/A3 (sky130_fd_sc_hd__o31ai_4)
     2    0.013700    0.129517    0.206152    5.158625 v _320_/Y (sky130_fd_sc_hd__o31ai_4)
                                                         _253_ (net)
                      0.129519    0.001056    5.159681 v _323_/B1_N (sky130_fd_sc_hd__a21boi_2)
     2    0.006629    0.093556    0.356229    5.515910 v _323_/Y (sky130_fd_sc_hd__a21boi_2)
                                                         _256_ (net)
                      0.093556    0.000489    5.516399 v _379_/C (sky130_fd_sc_hd__or4_4)
     2    0.010193    0.174266    0.997844    6.514243 v _379_/X (sky130_fd_sc_hd__or4_4)
                                                         _041_ (net)
                      0.174266    0.000727    6.514969 v _381_/B (sky130_fd_sc_hd__and3b_1)
     2    0.006374    0.099356    0.411801    6.926770 v _381_/X (sky130_fd_sc_hd__and3b_1)
                                                         _043_ (net)
                      0.099356    0.000418    6.927188 v _419_/B (sky130_fd_sc_hd__or3_1)
     3    0.011945    0.233453    0.933255    7.860443 v _419_/X (sky130_fd_sc_hd__or3_1)
                                                         _080_ (net)
                      0.233454    0.000827    7.861270 v _483_/C (sky130_fd_sc_hd__and3_1)
     2    0.006527    0.101075    0.475415    8.336685 v _483_/X (sky130_fd_sc_hd__and3_1)
                                                         _142_ (net)
                      0.101075    0.000392    8.337077 v _485_/A2 (sky130_fd_sc_hd__a21o_1)
     2    0.014894    0.151210    0.422493    8.759570 v _485_/X (sky130_fd_sc_hd__a21o_1)
                                                         _144_ (net)
                      0.151215    0.001078    8.760649 v _486_/B (sky130_fd_sc_hd__xnor2_2)
     1    0.008976    0.258137    0.293949    9.054597 ^ _486_/Y (sky130_fd_sc_hd__xnor2_2)
                                                         net18 (net)
                      0.258144    0.000626    9.055223 ^ output18/A (sky130_fd_sc_hd__buf_6)
     1    0.034166    0.123066    0.303769    9.358993 ^ output18/X (sky130_fd_sc_hd__buf_6)
                                                         P[10] (net)
                      0.123089    0.001664    9.360657 ^ P[10] (out)
                                              9.360657   data arrival time

                      0.000000   10.000000   10.000000   clock __VIRTUAL_CLK__ (rise edge)
                                  0.000000   10.000000   clock network delay (ideal)
                                 -0.250000    9.750000   clock uncertainty
                                  0.000000    9.750000   clock reconvergence pessimism
                                 -2.000000    7.750000   output external delay
                                              7.750000   data required time
---------------------------------------------------------------------------------------------
                                              7.750000   data required time
                                             -9.360657   data arrival time
---------------------------------------------------------------------------------------------
                                             -1.610656   slack (VIOLATED)


Startpoint: A[1] (input port clocked by __VIRTUAL_CLK__)
Endpoint: P[9] (output port clocked by __VIRTUAL_CLK__)
Path Group: __VIRTUAL_CLK__
Path Type: max

Fanout         Cap        Slew       Delay        Time   Description
---------------------------------------------------------------------------------------------
                      0.000000    0.000000    0.000000   clock __VIRTUAL_CLK__ (rise edge)
                                  0.000000    0.000000   clock network delay (ideal)
                                  2.000000    2.000000 ^ input external delay
     1    0.002546    0.030571    0.014487    2.014487 ^ A[1] (in)
                                                         A[1] (net)
                      0.030571    0.000000    2.014487 ^ input2/A (sky130_fd_sc_hd__dlymetal6s2s_1)
     5    0.025406    0.405856    0.382684    2.397171 ^ input2/X (sky130_fd_sc_hd__dlymetal6s2s_1)
                                                         net2 (net)
                      0.405862    0.001346    2.398517 ^ fanout42/A (sky130_fd_sc_hd__buf_2)
    10    0.044605    0.350193    0.539203    2.937720 ^ fanout42/X (sky130_fd_sc_hd__buf_2)
                                                         net42 (net)
                      0.350198    0.001918    2.939638 ^ _272_/D (sky130_fd_sc_hd__and4_1)
     3    0.019933    0.330972    0.685596    3.625234 ^ _272_/X (sky130_fd_sc_hd__and4_1)
                                                         _209_ (net)
                      0.330973    0.001483    3.626717 ^ _298_/A1 (sky130_fd_sc_hd__a41o_4)
     3    0.019871    0.146687    0.549822    4.176539 ^ _298_/X (sky130_fd_sc_hd__a41o_4)
                                                         _232_ (net)
                      0.146689    0.000868    4.177406 ^ _299_/B (sky130_fd_sc_hd__nor2_2)
     2    0.016241    0.097554    0.133583    4.310990 v _299_/Y (sky130_fd_sc_hd__nor2_2)
                                                         _233_ (net)
                      0.097578    0.001413    4.312403 v _317_/B2 (sky130_fd_sc_hd__a2bb2oi_2)
     2    0.012593    0.286223    0.322480    4.634882 ^ _317_/Y (sky130_fd_sc_hd__a2bb2oi_2)
                                                         _250_ (net)
                      0.286223    0.000949    4.635832 ^ _319_/B (sky130_fd_sc_hd__xnor2_2)
     2    0.011919    0.309164    0.315791    4.951622 ^ _319_/Y (sky130_fd_sc_hd__xnor2_2)
                                                         _252_ (net)
                      0.309164    0.000566    4.952188 ^ rebuffer66/A (sky130_fd_sc_hd__dlygate4sd1_1)
     1    0.005659    0.103071    0.490514    5.442702 ^ rebuffer66/X (sky130_fd_sc_hd__dlygate4sd1_1)
                                                         net120 (net)
                      0.103071    0.000412    5.443114 ^ _336_/B (sky130_fd_sc_hd__xor2_1)
     2    0.010797    0.413553    0.432275    5.875389 ^ _336_/X (sky130_fd_sc_hd__xor2_1)
                                                         _269_ (net)
                      0.413555    0.000774    5.876163 ^ _341_/B (sky130_fd_sc_hd__xnor2_1)
     2    0.007630    0.341368    0.369641    6.245804 ^ _341_/Y (sky130_fd_sc_hd__xnor2_1)
                                                         _004_ (net)
                      0.341368    0.000302    6.246106 ^ _342_/B1 (sky130_fd_sc_hd__o21a_1)
     2    0.005580    0.110280    0.354190    6.600296 ^ _342_/X (sky130_fd_sc_hd__o21a_1)
                                                         _005_ (net)
                      0.110280    0.000362    6.600658 ^ _348_/A (sky130_fd_sc_hd__nor2_1)
     2    0.008936    0.106821    0.135278    6.735937 v _348_/Y (sky130_fd_sc_hd__nor2_1)
                                                         _011_ (net)
                      0.106821    0.000485    6.736421 v _350_/B (sky130_fd_sc_hd__and2b_1)
     2    0.007692    0.105087    0.376665    7.113086 v _350_/X (sky130_fd_sc_hd__and2b_1)
                                                         _013_ (net)
                      0.105087    0.000477    7.113563 v _385_/A2 (sky130_fd_sc_hd__a21o_1)
     2    0.013777    0.143070    0.416913    7.530476 v _385_/X (sky130_fd_sc_hd__a21o_1)
                                                         _047_ (net)
                      0.143074    0.001015    7.531491 v _421_/A2 (sky130_fd_sc_hd__a21o_1)
     4    0.022195    0.207759    0.484971    8.016462 v _421_/X (sky130_fd_sc_hd__a21o_1)
                                                         _082_ (net)
                      0.207766    0.001478    8.017941 v _463_/A2 (sky130_fd_sc_hd__a21boi_1)
     1    0.005274    0.243349    0.342121    8.360062 ^ _463_/Y (sky130_fd_sc_hd__a21boi_1)
                                                         _123_ (net)
                      0.243349    0.000403    8.360464 ^ _464_/B (sky130_fd_sc_hd__xnor2_1)
     1    0.010003    0.419103    0.340215    8.700680 ^ _464_/Y (sky130_fd_sc_hd__xnor2_1)
                                                         net32 (net)
                      0.419105    0.000806    8.701486 ^ output32/A (sky130_fd_sc_hd__buf_6)
     1    0.034060    0.124698    0.359494    9.060980 ^ output32/X (sky130_fd_sc_hd__buf_6)
                                                         P[9] (net)
                      0.124719    0.001628    9.062608 ^ P[9] (out)
                                              9.062608   data arrival time

                      0.000000   10.000000   10.000000   clock __VIRTUAL_CLK__ (rise edge)
                                  0.000000   10.000000   clock network delay (ideal)
                                 -0.250000    9.750000   clock uncertainty
                                  0.000000    9.750000   clock reconvergence pessimism
                                 -2.000000    7.750000   output external delay
                                              7.750000   data required time
---------------------------------------------------------------------------------------------
                                              7.750000   data required time
                                             -9.062608   data arrival time
---------------------------------------------------------------------------------------------
                                             -1.312608   slack (VIOLATED)


Startpoint: A[1] (input port clocked by __VIRTUAL_CLK__)
Endpoint: P[8] (output port clocked by __VIRTUAL_CLK__)
Path Group: __VIRTUAL_CLK__
Path Type: max

Fanout         Cap        Slew       Delay        Time   Description
---------------------------------------------------------------------------------------------
                      0.000000    0.000000    0.000000   clock __VIRTUAL_CLK__ (rise edge)
                                  0.000000    0.000000   clock network delay (ideal)
                                  2.000000    2.000000 ^ input external delay
     1    0.002546    0.030571    0.014487    2.014487 ^ A[1] (in)
                                                         A[1] (net)
                      0.030571    0.000000    2.014487 ^ input2/A (sky130_fd_sc_hd__dlymetal6s2s_1)
     5    0.025406    0.405856    0.382684    2.397171 ^ input2/X (sky130_fd_sc_hd__dlymetal6s2s_1)
                                                         net2 (net)
                      0.405862    0.001346    2.398517 ^ fanout42/A (sky130_fd_sc_hd__buf_2)
    10    0.044605    0.350193    0.539203    2.937720 ^ fanout42/X (sky130_fd_sc_hd__buf_2)
                                                         net42 (net)
                      0.350198    0.001918    2.939638 ^ _272_/D (sky130_fd_sc_hd__and4_1)
     3    0.019933    0.330972    0.685596    3.625234 ^ _272_/X (sky130_fd_sc_hd__and4_1)
                                                         _209_ (net)
                      0.330973    0.001483    3.626717 ^ _298_/A1 (sky130_fd_sc_hd__a41o_4)
     3    0.019871    0.146687    0.549822    4.176539 ^ _298_/X (sky130_fd_sc_hd__a41o_4)
                                                         _232_ (net)
                      0.146689    0.000868    4.177406 ^ _299_/B (sky130_fd_sc_hd__nor2_2)
     2    0.016241    0.097554    0.133583    4.310990 v _299_/Y (sky130_fd_sc_hd__nor2_2)
                                                         _233_ (net)
                      0.097578    0.001413    4.312403 v _317_/B2 (sky130_fd_sc_hd__a2bb2oi_2)
     2    0.012593    0.286223    0.322480    4.634882 ^ _317_/Y (sky130_fd_sc_hd__a2bb2oi_2)
                                                         _250_ (net)
                      0.286223    0.000949    4.635832 ^ _319_/B (sky130_fd_sc_hd__xnor2_2)
     2    0.011919    0.309164    0.315791    4.951622 ^ _319_/Y (sky130_fd_sc_hd__xnor2_2)
                                                         _252_ (net)
                      0.309164    0.000566    4.952188 ^ rebuffer66/A (sky130_fd_sc_hd__dlygate4sd1_1)
     1    0.005659    0.103071    0.490514    5.442702 ^ rebuffer66/X (sky130_fd_sc_hd__dlygate4sd1_1)
                                                         net120 (net)
                      0.103071    0.000412    5.443114 ^ _336_/B (sky130_fd_sc_hd__xor2_1)
     2    0.010797    0.413553    0.432275    5.875389 ^ _336_/X (sky130_fd_sc_hd__xor2_1)
                                                         _269_ (net)
                      0.413555    0.000774    5.876163 ^ _341_/B (sky130_fd_sc_hd__xnor2_1)
     2    0.007630    0.341368    0.369641    6.245804 ^ _341_/Y (sky130_fd_sc_hd__xnor2_1)
                                                         _004_ (net)
                      0.341368    0.000302    6.246106 ^ _342_/B1 (sky130_fd_sc_hd__o21a_1)
     2    0.005580    0.110280    0.354190    6.600296 ^ _342_/X (sky130_fd_sc_hd__o21a_1)
                                                         _005_ (net)
                      0.110280    0.000362    6.600658 ^ _348_/A (sky130_fd_sc_hd__nor2_1)
     2    0.008936    0.106821    0.135278    6.735937 v _348_/Y (sky130_fd_sc_hd__nor2_1)
                                                         _011_ (net)
                      0.106821    0.000485    6.736421 v _350_/B (sky130_fd_sc_hd__and2b_1)
     2    0.007692    0.105087    0.376665    7.113086 v _350_/X (sky130_fd_sc_hd__and2b_1)
                                                         _013_ (net)
                      0.105087    0.000477    7.113563 v _385_/A2 (sky130_fd_sc_hd__a21o_1)
     2    0.013777    0.143070    0.416913    7.530476 v _385_/X (sky130_fd_sc_hd__a21o_1)
                                                         _047_ (net)
                      0.143074    0.001015    7.531491 v _421_/A2 (sky130_fd_sc_hd__a21o_1)
     4    0.022195    0.207759    0.484971    8.016462 v _421_/X (sky130_fd_sc_hd__a21o_1)
                                                         _082_ (net)
                      0.207769    0.001664    8.018126 v _422_/B (sky130_fd_sc_hd__xnor2_2)
     1    0.008970    0.258024    0.316755    8.334882 ^ _422_/Y (sky130_fd_sc_hd__xnor2_2)
                                                         net31 (net)
                      0.258038    0.000814    8.335696 ^ output31/A (sky130_fd_sc_hd__buf_6)
     1    0.034084    0.122826    0.303574    8.639270 ^ output31/X (sky130_fd_sc_hd__buf_6)
                                                         P[8] (net)
                      0.122847    0.001628    8.640898 ^ P[8] (out)
                                              8.640898   data arrival time

                      0.000000   10.000000   10.000000   clock __VIRTUAL_CLK__ (rise edge)
                                  0.000000   10.000000   clock network delay (ideal)
                                 -0.250000    9.750000   clock uncertainty
                                  0.000000    9.750000   clock reconvergence pessimism
                                 -2.000000    7.750000   output external delay
                                              7.750000   data required time
---------------------------------------------------------------------------------------------
                                              7.750000   data required time
                                             -8.640898   data arrival time
---------------------------------------------------------------------------------------------
                                             -0.890898   slack (VIOLATED)


Startpoint: A[1] (input port clocked by __VIRTUAL_CLK__)
Endpoint: P[7] (output port clocked by __VIRTUAL_CLK__)
Path Group: __VIRTUAL_CLK__
Path Type: max

Fanout         Cap        Slew       Delay        Time   Description
---------------------------------------------------------------------------------------------
                      0.000000    0.000000    0.000000   clock __VIRTUAL_CLK__ (rise edge)
                                  0.000000    0.000000   clock network delay (ideal)
                                  2.000000    2.000000 ^ input external delay
     1    0.002546    0.030571    0.014487    2.014487 ^ A[1] (in)
                                                         A[1] (net)
                      0.030571    0.000000    2.014487 ^ input2/A (sky130_fd_sc_hd__dlymetal6s2s_1)
     5    0.025406    0.405856    0.382684    2.397171 ^ input2/X (sky130_fd_sc_hd__dlymetal6s2s_1)
                                                         net2 (net)
                      0.405862    0.001346    2.398517 ^ fanout42/A (sky130_fd_sc_hd__buf_2)
    10    0.044605    0.350193    0.539203    2.937720 ^ fanout42/X (sky130_fd_sc_hd__buf_2)
                                                         net42 (net)
                      0.350198    0.001918    2.939638 ^ _272_/D (sky130_fd_sc_hd__and4_1)
     3    0.019933    0.330972    0.685596    3.625234 ^ _272_/X (sky130_fd_sc_hd__and4_1)
                                                         _209_ (net)
                      0.330973    0.001483    3.626717 ^ _298_/A1 (sky130_fd_sc_hd__a41o_4)
     3    0.019871    0.146687    0.549822    4.176539 ^ _298_/X (sky130_fd_sc_hd__a41o_4)
                                                         _232_ (net)
                      0.146689    0.000868    4.177406 ^ _299_/B (sky130_fd_sc_hd__nor2_2)
     2    0.016241    0.097554    0.133583    4.310990 v _299_/Y (sky130_fd_sc_hd__nor2_2)
                                                         _233_ (net)
                      0.097578    0.001413    4.312403 v _317_/B2 (sky130_fd_sc_hd__a2bb2oi_2)
     2    0.012593    0.286223    0.322480    4.634882 ^ _317_/Y (sky130_fd_sc_hd__a2bb2oi_2)
                                                         _250_ (net)
                      0.286223    0.000949    4.635832 ^ _319_/B (sky130_fd_sc_hd__xnor2_2)
     2    0.011919    0.309164    0.315791    4.951622 ^ _319_/Y (sky130_fd_sc_hd__xnor2_2)
                                                         _252_ (net)
                      0.309164    0.000850    4.952473 ^ _320_/A3 (sky130_fd_sc_hd__o31ai_4)
     2    0.013700    0.129517    0.206152    5.158625 v _320_/Y (sky130_fd_sc_hd__o31ai_4)
                                                         _253_ (net)
                      0.129519    0.001056    5.159681 v _323_/B1_N (sky130_fd_sc_hd__a21boi_2)
     2    0.006629    0.093556    0.356229    5.515910 v _323_/Y (sky130_fd_sc_hd__a21boi_2)
                                                         _256_ (net)
                      0.093556    0.000489    5.516399 v _379_/C (sky130_fd_sc_hd__or4_4)
     2    0.010193    0.174266    0.997844    6.514243 v _379_/X (sky130_fd_sc_hd__or4_4)
                                                         _041_ (net)
                      0.174266    0.000702    6.514945 v _380_/B (sky130_fd_sc_hd__and2b_1)
     1    0.008465    0.111368    0.417113    6.932057 v _380_/X (sky130_fd_sc_hd__and2b_1)
                                                         _042_ (net)
                      0.111368    0.000214    6.932271 v _382_/B (sky130_fd_sc_hd__xor2_2)
     2    0.011306    0.277896    0.307910    7.240180 ^ _382_/X (sky130_fd_sc_hd__xor2_2)
                                                         _044_ (net)
                      0.277896    0.000467    7.240648 ^ _384_/B (sky130_fd_sc_hd__xnor2_2)
     2    0.005788    0.207021    0.276934    7.517581 ^ _384_/Y (sky130_fd_sc_hd__xnor2_2)
                                                         _046_ (net)
                      0.207021    0.000338    7.517919 ^ rebuffer65/A (sky130_fd_sc_hd__clkbuf_2)
     1    0.009169    0.095173    0.270451    7.788370 ^ rebuffer65/X (sky130_fd_sc_hd__clkbuf_2)
                                                         net119 (net)
                      0.095174    0.000510    7.788880 ^ _386_/B (sky130_fd_sc_hd__xor2_2)
     1    0.009436    0.246877    0.300258    8.089138 ^ _386_/X (sky130_fd_sc_hd__xor2_2)
                                                         net30 (net)
                      0.246877    0.000782    8.089919 ^ output30/A (sky130_fd_sc_hd__buf_6)
     1    0.034111    0.122772    0.299743    8.389663 ^ output30/X (sky130_fd_sc_hd__buf_6)
                                                         P[7] (net)
                      0.122795    0.001650    8.391313 ^ P[7] (out)
                                              8.391313   data arrival time

                      0.000000   10.000000   10.000000   clock __VIRTUAL_CLK__ (rise edge)
                                  0.000000   10.000000   clock network delay (ideal)
                                 -0.250000    9.750000   clock uncertainty
                                  0.000000    9.750000   clock reconvergence pessimism
                                 -2.000000    7.750000   output external delay
                                              7.750000   data required time
---------------------------------------------------------------------------------------------
                                              7.750000   data required time
                                             -8.391313   data arrival time
---------------------------------------------------------------------------------------------
                                             -0.641313   slack (VIOLATED)


Startpoint: A[1] (input port clocked by __VIRTUAL_CLK__)
Endpoint: P[6] (output port clocked by __VIRTUAL_CLK__)
Path Group: __VIRTUAL_CLK__
Path Type: max

Fanout         Cap        Slew       Delay        Time   Description
---------------------------------------------------------------------------------------------
                      0.000000    0.000000    0.000000   clock __VIRTUAL_CLK__ (rise edge)
                                  0.000000    0.000000   clock network delay (ideal)
                                  2.000000    2.000000 ^ input external delay
     1    0.002546    0.030571    0.014487    2.014487 ^ A[1] (in)
                                                         A[1] (net)
                      0.030571    0.000000    2.014487 ^ input2/A (sky130_fd_sc_hd__dlymetal6s2s_1)
     5    0.025406    0.405856    0.382684    2.397171 ^ input2/X (sky130_fd_sc_hd__dlymetal6s2s_1)
                                                         net2 (net)
                      0.405862    0.001346    2.398517 ^ fanout42/A (sky130_fd_sc_hd__buf_2)
    10    0.044605    0.350193    0.539203    2.937720 ^ fanout42/X (sky130_fd_sc_hd__buf_2)
                                                         net42 (net)
                      0.350198    0.001918    2.939638 ^ _272_/D (sky130_fd_sc_hd__and4_1)
     3    0.019933    0.330972    0.685596    3.625234 ^ _272_/X (sky130_fd_sc_hd__and4_1)
                                                         _209_ (net)
                      0.330973    0.001483    3.626717 ^ _298_/A1 (sky130_fd_sc_hd__a41o_4)
     3    0.019871    0.146687    0.549822    4.176539 ^ _298_/X (sky130_fd_sc_hd__a41o_4)
                                                         _232_ (net)
                      0.146689    0.000868    4.177406 ^ _299_/B (sky130_fd_sc_hd__nor2_2)
     2    0.016241    0.097554    0.133583    4.310990 v _299_/Y (sky130_fd_sc_hd__nor2_2)
                                                         _233_ (net)
                      0.097578    0.001413    4.312403 v _317_/B2 (sky130_fd_sc_hd__a2bb2oi_2)
     2    0.012593    0.286223    0.322480    4.634882 ^ _317_/Y (sky130_fd_sc_hd__a2bb2oi_2)
                                                         _250_ (net)
                      0.286223    0.000949    4.635832 ^ _319_/B (sky130_fd_sc_hd__xnor2_2)
     2    0.011919    0.309164    0.315791    4.951622 ^ _319_/Y (sky130_fd_sc_hd__xnor2_2)
                                                         _252_ (net)
                      0.309164    0.000566    4.952188 ^ rebuffer66/A (sky130_fd_sc_hd__dlygate4sd1_1)
     1    0.005659    0.103071    0.490514    5.442702 ^ rebuffer66/X (sky130_fd_sc_hd__dlygate4sd1_1)
                                                         net120 (net)
                      0.103071    0.000412    5.443114 ^ _336_/B (sky130_fd_sc_hd__xor2_1)
     2    0.010797    0.413553    0.432275    5.875389 ^ _336_/X (sky130_fd_sc_hd__xor2_1)
                                                         _269_ (net)
                      0.413555    0.000774    5.876163 ^ _341_/B (sky130_fd_sc_hd__xnor2_1)
     2    0.007228    0.159691    0.291826    6.167989 v _341_/Y (sky130_fd_sc_hd__xnor2_1)
                                                         _004_ (net)
                      0.159691    0.000285    6.168273 v _342_/B1 (sky130_fd_sc_hd__o21a_1)
     2    0.005175    0.086236    0.253647    6.421920 v _342_/X (sky130_fd_sc_hd__o21a_1)
                                                         _005_ (net)
                      0.086236    0.000327    6.422247 v _343_/B (sky130_fd_sc_hd__nor2_1)
     2    0.007359    0.253316    0.242070    6.664318 ^ _343_/Y (sky130_fd_sc_hd__nor2_1)
                                                         _006_ (net)
                      0.253399    0.000523    6.664841 ^ _344_/B (sky130_fd_sc_hd__nor2_1)
     2    0.004617    0.090860    0.154124    6.818964 v _344_/Y (sky130_fd_sc_hd__nor2_1)
                                                         _007_ (net)
                      0.090861    0.000280    6.819244 v _346_/A_N (sky130_fd_sc_hd__nand2b_1)
     1    0.005114    0.122148    0.330263    7.149508 v _346_/Y (sky130_fd_sc_hd__nand2b_1)
                                                         _009_ (net)
                      0.122148    0.000237    7.149745 v _351_/A (sky130_fd_sc_hd__xnor2_1)
     1    0.008443    0.368035    0.404619    7.554365 ^ _351_/Y (sky130_fd_sc_hd__xnor2_1)
                                                         net29 (net)
                      0.368036    0.000534    7.554898 ^ output29/A (sky130_fd_sc_hd__clkbuf_4)
     1    0.033929    0.179643    0.461308    8.016207 ^ output29/X (sky130_fd_sc_hd__clkbuf_4)
                                                         P[6] (net)
                      0.179654    0.001599    8.017805 ^ P[6] (out)
                                              8.017805   data arrival time

                      0.000000   10.000000   10.000000   clock __VIRTUAL_CLK__ (rise edge)
                                  0.000000   10.000000   clock network delay (ideal)
                                 -0.250000    9.750000   clock uncertainty
                                  0.000000    9.750000   clock reconvergence pessimism
                                 -2.000000    7.750000   output external delay
                                              7.750000   data required time
---------------------------------------------------------------------------------------------
                                              7.750000   data required time
                                             -8.017805   data arrival time
---------------------------------------------------------------------------------------------
                                             -0.267805   slack (VIOLATED)


Startpoint: A[1] (input port clocked by __VIRTUAL_CLK__)
Endpoint: P[5] (output port clocked by __VIRTUAL_CLK__)
Path Group: __VIRTUAL_CLK__
Path Type: max

Fanout         Cap        Slew       Delay        Time   Description
---------------------------------------------------------------------------------------------
                      0.000000    0.000000    0.000000   clock __VIRTUAL_CLK__ (rise edge)
                                  0.000000    0.000000   clock network delay (ideal)
                                  2.000000    2.000000 ^ input external delay
     1    0.002546    0.030571    0.014487    2.014487 ^ A[1] (in)
                                                         A[1] (net)
                      0.030571    0.000000    2.014487 ^ input2/A (sky130_fd_sc_hd__dlymetal6s2s_1)
     5    0.025406    0.405856    0.382684    2.397171 ^ input2/X (sky130_fd_sc_hd__dlymetal6s2s_1)
                                                         net2 (net)
                      0.405862    0.001346    2.398517 ^ fanout42/A (sky130_fd_sc_hd__buf_2)
    10    0.044605    0.350193    0.539203    2.937720 ^ fanout42/X (sky130_fd_sc_hd__buf_2)
                                                         net42 (net)
                      0.350198    0.001918    2.939638 ^ _272_/D (sky130_fd_sc_hd__and4_1)
     3    0.019933    0.330972    0.685596    3.625234 ^ _272_/X (sky130_fd_sc_hd__and4_1)
                                                         _209_ (net)
                      0.330973    0.001483    3.626717 ^ _298_/A1 (sky130_fd_sc_hd__a41o_4)
     3    0.019871    0.146687    0.549822    4.176539 ^ _298_/X (sky130_fd_sc_hd__a41o_4)
                                                         _232_ (net)
                      0.146689    0.000868    4.177406 ^ _299_/B (sky130_fd_sc_hd__nor2_2)
     2    0.016241    0.097554    0.133583    4.310990 v _299_/Y (sky130_fd_sc_hd__nor2_2)
                                                         _233_ (net)
                      0.097578    0.001413    4.312403 v _317_/B2 (sky130_fd_sc_hd__a2bb2oi_2)
     2    0.012593    0.286223    0.322480    4.634882 ^ _317_/Y (sky130_fd_sc_hd__a2bb2oi_2)
                                                         _250_ (net)
                      0.286223    0.000949    4.635832 ^ _319_/B (sky130_fd_sc_hd__xnor2_2)
     2    0.011919    0.309164    0.315791    4.951622 ^ _319_/Y (sky130_fd_sc_hd__xnor2_2)
                                                         _252_ (net)
                      0.309164    0.000566    4.952188 ^ rebuffer66/A (sky130_fd_sc_hd__dlygate4sd1_1)
     1    0.005659    0.103071    0.490514    5.442702 ^ rebuffer66/X (sky130_fd_sc_hd__dlygate4sd1_1)
                                                         net120 (net)
                      0.103071    0.000412    5.443114 ^ _336_/B (sky130_fd_sc_hd__xor2_1)
     2    0.010797    0.413553    0.432275    5.875389 ^ _336_/X (sky130_fd_sc_hd__xor2_1)
                                                         _269_ (net)
                      0.413555    0.000774    5.876163 ^ _341_/B (sky130_fd_sc_hd__xnor2_1)
     2    0.007630    0.341368    0.369641    6.245804 ^ _341_/Y (sky130_fd_sc_hd__xnor2_1)
                                                         _004_ (net)
                      0.341368    0.000302    6.246106 ^ _342_/B1 (sky130_fd_sc_hd__o21a_1)
     2    0.005580    0.110280    0.354190    6.600296 ^ _342_/X (sky130_fd_sc_hd__o21a_1)
                                                         _005_ (net)
                      0.110280    0.000362    6.600658 ^ _348_/A (sky130_fd_sc_hd__nor2_1)
     2    0.008936    0.106821    0.135278    6.735937 v _348_/Y (sky130_fd_sc_hd__nor2_1)
                                                         _011_ (net)
                      0.106822    0.000566    6.736502 v _555_/A (sky130_fd_sc_hd__xnor2_1)
     1    0.009060    0.387975    0.413246    7.149748 ^ _555_/Y (sky130_fd_sc_hd__xnor2_1)
                                                         net28 (net)
                      0.387977    0.000624    7.150372 ^ output28/A (sky130_fd_sc_hd__buf_2)
     1    0.034033    0.271655    0.477340    7.627712 ^ output28/X (sky130_fd_sc_hd__buf_2)
                                                         P[5] (net)
                      0.271661    0.001616    7.629329 ^ P[5] (out)
                                              7.629329   data arrival time

                      0.000000   10.000000   10.000000   clock __VIRTUAL_CLK__ (rise edge)
                                  0.000000   10.000000   clock network delay (ideal)
                                 -0.250000    9.750000   clock uncertainty
                                  0.000000    9.750000   clock reconvergence pessimism
                                 -2.000000    7.750000   output external delay
                                              7.750000   data required time
---------------------------------------------------------------------------------------------
                                              7.750000   data required time
                                             -7.629329   data arrival time
---------------------------------------------------------------------------------------------
                                              0.120671   slack (MET)


Startpoint: A[1] (input port clocked by __VIRTUAL_CLK__)
Endpoint: P[4] (output port clocked by __VIRTUAL_CLK__)
Path Group: __VIRTUAL_CLK__
Path Type: max

Fanout         Cap        Slew       Delay        Time   Description
---------------------------------------------------------------------------------------------
                      0.000000    0.000000    0.000000   clock __VIRTUAL_CLK__ (rise edge)
                                  0.000000    0.000000   clock network delay (ideal)
                                  2.000000    2.000000 v input external delay
     1    0.002431    0.017060    0.008107    2.008107 v A[1] (in)
                                                         A[1] (net)
                      0.017060    0.000000    2.008107 v input2/A (sky130_fd_sc_hd__dlymetal6s2s_1)
     5    0.025076    0.253120    0.411529    2.419636 v input2/X (sky130_fd_sc_hd__dlymetal6s2s_1)
                                                         net2 (net)
                      0.253122    0.001324    2.420960 v fanout42/A (sky130_fd_sc_hd__buf_2)
    10    0.043795    0.204803    0.460947    2.881907 v fanout42/X (sky130_fd_sc_hd__buf_2)
                                                         net42 (net)
                      0.204849    0.002988    2.884894 v _280_/B (sky130_fd_sc_hd__and3_1)
     2    0.005850    0.095754    0.426612    3.311507 v _280_/X (sky130_fd_sc_hd__and3_1)
                                                         _215_ (net)
                      0.095754    0.000349    3.311856 v _285_/A (sky130_fd_sc_hd__or3b_1)
     1    0.010715    0.221168    0.975406    4.287262 v _285_/X (sky130_fd_sc_hd__or3b_1)
                                                         _220_ (net)
                      0.221168    0.000911    4.288174 v _286_/B (sky130_fd_sc_hd__xnor2_2)
     2    0.015403    0.370396    0.408931    4.697104 ^ _286_/Y (sky130_fd_sc_hd__xnor2_2)
                                                         _221_ (net)
                      0.370396    0.001071    4.698175 ^ _287_/B (sky130_fd_sc_hd__nand2b_4)
     3    0.017354    0.122361    0.225612    4.923788 v _287_/Y (sky130_fd_sc_hd__nand2b_4)
                                                         _222_ (net)
                      0.122372    0.001258    4.925045 v _301_/A (sky130_fd_sc_hd__nor2_1)
     2    0.008048    0.272649    0.296714    5.221760 ^ _301_/Y (sky130_fd_sc_hd__nor2_1)
                                                         _235_ (net)
                      0.272650    0.000433    5.222192 ^ _303_/A (sky130_fd_sc_hd__nor2_1)
     2    0.006332    0.095742    0.188183    5.410376 v _303_/Y (sky130_fd_sc_hd__nor2_1)
                                                         _237_ (net)
                      0.095742    0.000232    5.410608 v _304_/C (sky130_fd_sc_hd__and3_1)
     2    0.008241    0.115004    0.421281    5.831889 v _304_/X (sky130_fd_sc_hd__and3_1)
                                                         _238_ (net)
                      0.115004    0.000296    5.832185 v _306_/A (sky130_fd_sc_hd__nor2_1)
     2    0.010671    0.344633    0.348452    6.180637 ^ _306_/Y (sky130_fd_sc_hd__nor2_1)
                                                         _240_ (net)
                      0.344635    0.000640    6.181277 ^ _307_/B (sky130_fd_sc_hd__xnor2_1)
     1    0.003166    0.199754    0.297490    6.478767 ^ _307_/Y (sky130_fd_sc_hd__xnor2_1)
                                                         net27 (net)
                      0.199754    0.000225    6.478992 ^ output27/A (sky130_fd_sc_hd__buf_2)
     1    0.034449    0.273917    0.404560    6.883552 ^ output27/X (sky130_fd_sc_hd__buf_2)
                                                         P[4] (net)
                      0.273922    0.001614    6.885166 ^ P[4] (out)
                                              6.885166   data arrival time

                      0.000000   10.000000   10.000000   clock __VIRTUAL_CLK__ (rise edge)
                                  0.000000   10.000000   clock network delay (ideal)
                                 -0.250000    9.750000   clock uncertainty
                                  0.000000    9.750000   clock reconvergence pessimism
                                 -2.000000    7.750000   output external delay
                                              7.750000   data required time
---------------------------------------------------------------------------------------------
                                              7.750000   data required time
                                             -6.885166   data arrival time
---------------------------------------------------------------------------------------------
                                              0.864834   slack (MET)


Startpoint: A[1] (input port clocked by __VIRTUAL_CLK__)
Endpoint: P[3] (output port clocked by __VIRTUAL_CLK__)
Path Group: __VIRTUAL_CLK__
Path Type: max

Fanout         Cap        Slew       Delay        Time   Description
---------------------------------------------------------------------------------------------
                      0.000000    0.000000    0.000000   clock __VIRTUAL_CLK__ (rise edge)
                                  0.000000    0.000000   clock network delay (ideal)
                                  2.000000    2.000000 v input external delay
     1    0.002431    0.017060    0.008107    2.008107 v A[1] (in)
                                                         A[1] (net)
                      0.017060    0.000000    2.008107 v input2/A (sky130_fd_sc_hd__dlymetal6s2s_1)
     5    0.025076    0.253120    0.411529    2.419636 v input2/X (sky130_fd_sc_hd__dlymetal6s2s_1)
                                                         net2 (net)
                      0.253122    0.001324    2.420960 v fanout42/A (sky130_fd_sc_hd__buf_2)
    10    0.043795    0.204803    0.460947    2.881907 v fanout42/X (sky130_fd_sc_hd__buf_2)
                                                         net42 (net)
                      0.204849    0.002988    2.884894 v _280_/B (sky130_fd_sc_hd__and3_1)
     2    0.005850    0.095754    0.426612    3.311507 v _280_/X (sky130_fd_sc_hd__and3_1)
                                                         _215_ (net)
                      0.095754    0.000349    3.311856 v _285_/A (sky130_fd_sc_hd__or3b_1)
     1    0.010715    0.221168    0.975406    4.287262 v _285_/X (sky130_fd_sc_hd__or3b_1)
                                                         _220_ (net)
                      0.221168    0.000911    4.288174 v _286_/B (sky130_fd_sc_hd__xnor2_2)
     2    0.015403    0.370396    0.408931    4.697104 ^ _286_/Y (sky130_fd_sc_hd__xnor2_2)
                                                         _221_ (net)
                      0.370396    0.000866    4.697970 ^ _288_/B (sky130_fd_sc_hd__xnor2_1)
     1    0.003038    0.195597    0.304093    5.002063 ^ _288_/Y (sky130_fd_sc_hd__xnor2_1)
                                                         net26 (net)
                      0.195597    0.000188    5.002251 ^ output26/A (sky130_fd_sc_hd__buf_2)
     1    0.034441    0.273856    0.402572    5.404823 ^ output26/X (sky130_fd_sc_hd__buf_2)
                                                         P[3] (net)
                      0.273861    0.001614    5.406437 ^ P[3] (out)
                                              5.406437   data arrival time

                      0.000000   10.000000   10.000000   clock __VIRTUAL_CLK__ (rise edge)
                                  0.000000   10.000000   clock network delay (ideal)
                                 -0.250000    9.750000   clock uncertainty
                                  0.000000    9.750000   clock reconvergence pessimism
                                 -2.000000    7.750000   output external delay
                                              7.750000   data required time
---------------------------------------------------------------------------------------------
                                              7.750000   data required time
                                             -5.406437   data arrival time
---------------------------------------------------------------------------------------------
                                              2.343563   slack (MET)


Startpoint: A[1] (input port clocked by __VIRTUAL_CLK__)
Endpoint: P[1] (output port clocked by __VIRTUAL_CLK__)
Path Group: __VIRTUAL_CLK__
Path Type: max

Fanout         Cap        Slew       Delay        Time   Description
---------------------------------------------------------------------------------------------
                      0.000000    0.000000    0.000000   clock __VIRTUAL_CLK__ (rise edge)
                                  0.000000    0.000000   clock network delay (ideal)
                                  2.000000    2.000000 ^ input external delay
     1    0.002546    0.030571    0.014487    2.014487 ^ A[1] (in)
                                                         A[1] (net)
                      0.030571    0.000000    2.014487 ^ input2/A (sky130_fd_sc_hd__dlymetal6s2s_1)
     5    0.025406    0.405856    0.382684    2.397171 ^ input2/X (sky130_fd_sc_hd__dlymetal6s2s_1)
                                                         net2 (net)
                      0.405862    0.001346    2.398517 ^ fanout42/A (sky130_fd_sc_hd__buf_2)
    10    0.044605    0.350193    0.539203    2.937720 ^ fanout42/X (sky130_fd_sc_hd__buf_2)
                                                         net42 (net)
                      0.350198    0.001897    2.939617 ^ _271_/C_N (sky130_fd_sc_hd__or4bb_1)
     1    0.003097    0.173002    1.189106    4.128722 v _271_/X (sky130_fd_sc_hd__or4bb_1)
                                                         _208_ (net)
                      0.173002    0.000233    4.128955 v _274_/B1 (sky130_fd_sc_hd__o21ai_1)
     1    0.003080    0.170670    0.173824    4.302779 ^ _274_/Y (sky130_fd_sc_hd__o21ai_1)
                                                         net24 (net)
                      0.170670    0.000189    4.302969 ^ output24/A (sky130_fd_sc_hd__buf_2)
     1    0.034441    0.273808    0.390880    4.693848 ^ output24/X (sky130_fd_sc_hd__buf_2)
                                                         P[1] (net)
                      0.273813    0.001614    4.695462 ^ P[1] (out)
                                              4.695462   data arrival time

                      0.000000   10.000000   10.000000   clock __VIRTUAL_CLK__ (rise edge)
                                  0.000000   10.000000   clock network delay (ideal)
                                 -0.250000    9.750000   clock uncertainty
                                  0.000000    9.750000   clock reconvergence pessimism
                                 -2.000000    7.750000   output external delay
                                              7.750000   data required time
---------------------------------------------------------------------------------------------
                                              7.750000   data required time
                                             -4.695462   data arrival time
---------------------------------------------------------------------------------------------
                                              3.054538   slack (MET)


Startpoint: B[0] (input port clocked by __VIRTUAL_CLK__)
Endpoint: P[2] (output port clocked by __VIRTUAL_CLK__)
Path Group: __VIRTUAL_CLK__
Path Type: max

Fanout         Cap        Slew       Delay        Time   Description
---------------------------------------------------------------------------------------------
                      0.000000    0.000000    0.000000   clock __VIRTUAL_CLK__ (rise edge)
                                  0.000000    0.000000   clock network delay (ideal)
                                  2.000000    2.000000 v input external delay
     1    0.003185    0.019937    0.010492    2.010492 v B[0] (in)
                                                         B[0] (net)
                      0.019938    0.000000    2.010492 v input9/A (sky130_fd_sc_hd__clkbuf_2)
     4    0.027343    0.196091    0.278720    2.289212 v input9/X (sky130_fd_sc_hd__clkbuf_2)
                                                         net9 (net)
                      0.196103    0.001737    2.290950 v fanout34/A (sky130_fd_sc_hd__buf_6)
    10    0.047319    0.093392    0.321487    2.612436 v fanout34/X (sky130_fd_sc_hd__buf_6)
                                                         net34 (net)
                      0.093568    0.003559    2.615995 v _270_/B (sky130_fd_sc_hd__and2_1)
     2    0.008549    0.113646    0.373886    2.989881 v _270_/X (sky130_fd_sc_hd__and2_1)
                                                         net17 (net)
                      0.113646    0.000493    2.990374 v _275_/A_N (sky130_fd_sc_hd__and3b_1)
     1    0.007180    0.146207    0.480814    3.471189 ^ _275_/X (sky130_fd_sc_hd__and3b_1)
                                                         net25 (net)
                      0.146207    0.000625    3.471814 ^ output25/A (sky130_fd_sc_hd__buf_2)
     1    0.034088    0.271146    0.377508    3.849321 ^ output25/X (sky130_fd_sc_hd__buf_2)
                                                         P[2] (net)
                      0.271152    0.001640    3.850961 ^ P[2] (out)
                                              3.850961   data arrival time

                      0.000000   10.000000   10.000000   clock __VIRTUAL_CLK__ (rise edge)
                                  0.000000   10.000000   clock network delay (ideal)
                                 -0.250000    9.750000   clock uncertainty
                                  0.000000    9.750000   clock reconvergence pessimism
                                 -2.000000    7.750000   output external delay
                                              7.750000   data required time
---------------------------------------------------------------------------------------------
                                              7.750000   data required time
                                             -3.850961   data arrival time
---------------------------------------------------------------------------------------------
                                              3.899039   slack (MET)


Startpoint: A[0] (input port clocked by __VIRTUAL_CLK__)
Endpoint: P[0] (output port clocked by __VIRTUAL_CLK__)
Path Group: __VIRTUAL_CLK__
Path Type: max

Fanout         Cap        Slew       Delay        Time   Description
---------------------------------------------------------------------------------------------
                      0.000000    0.000000    0.000000   clock __VIRTUAL_CLK__ (rise edge)
                                  0.000000    0.000000   clock network delay (ideal)
                                  2.000000    2.000000 ^ input external delay
     1    0.006024    0.054131    0.032760    2.032760 ^ A[0] (in)
                                                         A[0] (net)
                      0.054133    0.000000    2.032760 ^ input1/A (sky130_fd_sc_hd__buf_6)
     2    0.016931    0.073905    0.174778    2.207538 ^ input1/X (sky130_fd_sc_hd__buf_6)
                                                         net1 (net)
                      0.073927    0.001218    2.208756 ^ fanout54/A (sky130_fd_sc_hd__buf_2)
    10    0.043713    0.342482    0.393963    2.602719 ^ fanout54/X (sky130_fd_sc_hd__buf_2)
                                                         net54 (net)
                      0.342619    0.003137    2.605856 ^ _270_/A (sky130_fd_sc_hd__and2_1)
     2    0.008744    0.162008    0.389503    2.995360 ^ _270_/X (sky130_fd_sc_hd__and2_1)
                                                         net17 (net)
                      0.162009    0.000725    2.996085 ^ output17/A (sky130_fd_sc_hd__buf_2)
     1    0.034190    0.271942    0.385412    3.381497 ^ output17/X (sky130_fd_sc_hd__buf_2)
                                                         P[0] (net)
                      0.271948    0.001704    3.383201 ^ P[0] (out)
                                              3.383201   data arrival time

                      0.000000   10.000000   10.000000   clock __VIRTUAL_CLK__ (rise edge)
                                  0.000000   10.000000   clock network delay (ideal)
                                 -0.250000    9.750000   clock uncertainty
                                  0.000000    9.750000   clock reconvergence pessimism
                                 -2.000000    7.750000   output external delay
                                              7.750000   data required time
---------------------------------------------------------------------------------------------
                                              7.750000   data required time
                                             -3.383201   data arrival time
---------------------------------------------------------------------------------------------
                                              4.366799   slack (MET)



