
===========================================================================
report_checks -unconstrained
===========================================================================
======================= max_ff_n40C_1v95 Corner ===================================

Startpoint: B[3] (input port clocked by __VIRTUAL_CLK__)
Endpoint: P[14] (output port clocked by __VIRTUAL_CLK__)
Path Group: __VIRTUAL_CLK__
Path Type: max

Fanout         Cap        Slew       Delay        Time   Description
---------------------------------------------------------------------------------------------
                      0.000000    0.000000    0.000000   clock __VIRTUAL_CLK__ (rise edge)
                                  0.000000    0.000000   clock network delay (ideal)
                                  2.000000    2.000000 ^ input external delay
     1    0.003160    0.015206    0.008224    2.008224 ^ B[3] (in)
                                                         B[3] (net)
                      0.015208    0.000000    2.008224 ^ input12/A (sky130_fd_sc_hd__buf_1)
     2    0.020659    0.183486    0.151371    2.159595 ^ input12/X (sky130_fd_sc_hd__buf_1)
                                                         net12 (net)
                      0.183509    0.001726    2.161320 ^ fanout43/A (sky130_fd_sc_hd__buf_2)
    10    0.048075    0.177241    0.198721    2.360041 ^ fanout43/X (sky130_fd_sc_hd__buf_2)
                                                         net43 (net)
                      0.177255    0.001285    2.361326 ^ _261_/B (sky130_fd_sc_hd__and2_1)
     2    0.006001    0.055111    0.108940    2.470266 ^ _261_/X (sky130_fd_sc_hd__and2_1)
                                                         _193_ (net)
                      0.055111    0.000195    2.470461 ^ _263_/C (sky130_fd_sc_hd__and4_1)
     4    0.024749    0.180938    0.217196    2.687657 ^ _263_/X (sky130_fd_sc_hd__and4_1)
                                                         _195_ (net)
                      0.181008    0.001394    2.689051 ^ _268_/C (sky130_fd_sc_hd__or4_4)
     2    0.016096    0.045845    0.119994    2.809045 ^ _268_/X (sky130_fd_sc_hd__or4_4)
                                                         _200_ (net)
                      0.045880    0.001157    2.810202 ^ _270_/B (sky130_fd_sc_hd__nor2_4)
     3    0.010611    0.049459    0.023050    2.833252 v _270_/Y (sky130_fd_sc_hd__nor2_4)
                                                         _202_ (net)
                      0.049460    0.000528    2.833780 v _276_/C (sky130_fd_sc_hd__or4_4)
     3    0.008412    0.063255    0.294827    3.128607 v _276_/X (sky130_fd_sc_hd__or4_4)
                                                         _208_ (net)
                      0.063256    0.000619    3.129226 v rebuffer47/A (sky130_fd_sc_hd__dlymetal6s4s_1)
     1    0.002714    0.027437    0.167271    3.296497 v rebuffer47/X (sky130_fd_sc_hd__dlymetal6s4s_1)
                                                         net95 (net)
                      0.027437    0.000188    3.296685 v _279_/A2 (sky130_fd_sc_hd__a21oi_1)
     2    0.009939    0.173114    0.164196    3.460881 ^ _279_/Y (sky130_fd_sc_hd__a21oi_1)
                                                         _211_ (net)
                      0.173116    0.000549    3.461431 ^ _280_/C (sky130_fd_sc_hd__or3_4)
     4    0.027535    0.068292    0.132806    3.594237 ^ _280_/X (sky130_fd_sc_hd__or3_4)
                                                         _212_ (net)
                      0.068405    0.001868    3.596105 ^ rebuffer52/A (sky130_fd_sc_hd__buf_6)
     1    0.005774    0.019567    0.062658    3.658763 ^ rebuffer52/X (sky130_fd_sc_hd__buf_6)
                                                         net100 (net)
                      0.019567    0.000431    3.659194 ^ _291_/A2 (sky130_fd_sc_hd__a211o_4)
     2    0.014541    0.041867    0.085006    3.744199 ^ _291_/X (sky130_fd_sc_hd__a211o_4)
                                                         _223_ (net)
                      0.041906    0.001136    3.745336 ^ _299_/B (sky130_fd_sc_hd__nand3b_4)
     5    0.016139    0.063611    0.056791    3.802127 v _299_/Y (sky130_fd_sc_hd__nand3b_4)
                                                         _000_ (net)
                      0.063637    0.000981    3.803108 v _405_/A2 (sky130_fd_sc_hd__a311o_4)
     2    0.020133    0.061263    0.268824    4.071932 v _405_/X (sky130_fd_sc_hd__a311o_4)
                                                         _102_ (net)
                      0.061265    0.002252    4.074184 v _448_/A2 (sky130_fd_sc_hd__a31oi_4)
     3    0.021543    0.172151    0.174370    4.248555 ^ _448_/Y (sky130_fd_sc_hd__a31oi_4)
                                                         _143_ (net)
                      0.172156    0.001706    4.250260 ^ _459_/A2 (sky130_fd_sc_hd__o211a_4)
     3    0.021345    0.061202    0.130477    4.380737 ^ _459_/X (sky130_fd_sc_hd__o211a_4)
                                                         _153_ (net)
                      0.061231    0.001218    4.381955 ^ _465_/A (sky130_fd_sc_hd__xor2_2)
     1    0.005637    0.090763    0.090311    4.472266 ^ _465_/X (sky130_fd_sc_hd__xor2_2)
                                                         net22 (net)
                      0.090764    0.000426    4.472692 ^ output22/A (sky130_fd_sc_hd__buf_6)
     1    0.034150    0.057781    0.095878    4.568569 ^ output22/X (sky130_fd_sc_hd__buf_6)
                                                         P[14] (net)
                      0.057883    0.001649    4.570219 ^ P[14] (out)
                                              4.570219   data arrival time

                      0.000000   10.000000   10.000000   clock __VIRTUAL_CLK__ (rise edge)
                                  0.000000   10.000000   clock network delay (ideal)
                                 -0.250000    9.750000   clock uncertainty
                                  0.000000    9.750000   clock reconvergence pessimism
                                 -2.000000    7.750000   output external delay
                                              7.750000   data required time
---------------------------------------------------------------------------------------------
                                              7.750000   data required time
                                             -4.570219   data arrival time
---------------------------------------------------------------------------------------------
                                              3.179781   slack (MET)




===========================================================================
report_checks --slack_max -0.01
============================================================================
======================= max_ff_n40C_1v95 Corner ===================================

No paths found.


===========================================================================
 report_check_types -max_slew -max_cap -max_fanout -violators
============================================================================
======================= max_ff_n40C_1v95 Corner ===================================



===========================================================================
report_parasitic_annotation -report_unannotated
============================================================================
Found 0 unannotated drivers.
Found 0 partially unannotated drivers.

===========================================================================
max slew violation count 0
max fanout violation count 0
max cap violation count 0
============================================================================

===========================================================================
check_setup -verbose -unconstrained_endpoints -multiple_clock -no_clock -no_input_delay -loops -generated_clocks
===========================================================================
