
===========================================================================
report_checks -path_delay min (Hold)
============================================================================
======================= nom_ss_100C_1v60 Corner ===================================

Startpoint: A[1] (input port clocked by __VIRTUAL_CLK__)
Endpoint: P[1] (output port clocked by __VIRTUAL_CLK__)
Path Group: __VIRTUAL_CLK__
Path Type: min

Fanout         Cap        Slew       Delay        Time   Description
---------------------------------------------------------------------------------------------
                      0.000000    0.000000    0.000000   clock __VIRTUAL_CLK__ (rise edge)
                                  0.000000    0.000000   clock network delay (ideal)
                                  2.000000    2.000000 v input external delay
    11    0.031284    0.137154    0.095997    2.095997 v A[1] (in)
                                                         A[1] (net)
                      0.137154    0.000000    2.095997 v _481_/B1 (sky130_fd_sc_hd__a22oi_2)
     1    0.004682    0.190878    0.229837    2.325835 ^ _481_/Y (sky130_fd_sc_hd__a22oi_2)
                                                         _167_ (net)
                      0.190878    0.000000    2.325835 ^ _482_/B (sky130_fd_sc_hd__nor2_2)
     1    0.033442    0.151497    0.207575    2.533410 v _482_/Y (sky130_fd_sc_hd__nor2_2)
                                                         P[1] (net)
                      0.151497    0.000000    2.533410 v P[1] (out)
                                              2.533410   data arrival time

                      0.000000    0.000000    0.000000   clock __VIRTUAL_CLK__ (rise edge)
                                  0.000000    0.000000   clock network delay (ideal)
                                  0.250000    0.250000   clock uncertainty
                                  0.000000    0.250000   clock reconvergence pessimism
                                 -2.000000   -1.750000   output external delay
                                             -1.750000   data required time
---------------------------------------------------------------------------------------------
                                             -1.750000   data required time
                                             -2.533410   data arrival time
---------------------------------------------------------------------------------------------
                                              4.283410   slack (MET)


Startpoint: B[0] (input port clocked by __VIRTUAL_CLK__)
Endpoint: P[4] (output port clocked by __VIRTUAL_CLK__)
Path Group: __VIRTUAL_CLK__
Path Type: min

Fanout         Cap        Slew       Delay        Time   Description
---------------------------------------------------------------------------------------------
                      0.000000    0.000000    0.000000   clock __VIRTUAL_CLK__ (rise edge)
                                  0.000000    0.000000   clock network delay (ideal)
                                  2.000000    2.000000 v input external delay
     9    0.025743    0.113676    0.079067    2.079067 v B[0] (in)
                                                         B[0] (net)
                      0.113676    0.000000    2.079067 v _235_/A (sky130_fd_sc_hd__nand2_2)
     1    0.009061    0.098335    0.134286    2.213353 ^ _235_/Y (sky130_fd_sc_hd__nand2_2)
                                                         _169_ (net)
                      0.098335    0.000000    2.213353 ^ _262_/A (sky130_fd_sc_hd__xnor2_2)
     1    0.033442    0.320813    0.339333    2.552686 v _262_/Y (sky130_fd_sc_hd__xnor2_2)
                                                         P[4] (net)
                      0.320813    0.000000    2.552686 v P[4] (out)
                                              2.552686   data arrival time

                      0.000000    0.000000    0.000000   clock __VIRTUAL_CLK__ (rise edge)
                                  0.000000    0.000000   clock network delay (ideal)
                                  0.250000    0.250000   clock uncertainty
                                  0.000000    0.250000   clock reconvergence pessimism
                                 -2.000000   -1.750000   output external delay
                                             -1.750000   data required time
---------------------------------------------------------------------------------------------
                                             -1.750000   data required time
                                             -2.552686   data arrival time
---------------------------------------------------------------------------------------------
                                              4.302686   slack (MET)


Startpoint: B[0] (input port clocked by __VIRTUAL_CLK__)
Endpoint: P[2] (output port clocked by __VIRTUAL_CLK__)
Path Group: __VIRTUAL_CLK__
Path Type: min

Fanout         Cap        Slew       Delay        Time   Description
---------------------------------------------------------------------------------------------
                      0.000000    0.000000    0.000000   clock __VIRTUAL_CLK__ (rise edge)
                                  0.000000    0.000000   clock network delay (ideal)
                                  2.000000    2.000000 v input external delay
     9    0.025743    0.113676    0.079067    2.079067 v B[0] (in)
                                                         B[0] (net)
                      0.113676    0.000000    2.079067 v _252_/B (sky130_fd_sc_hd__nand2_2)
     2    0.006070    0.085325    0.131547    2.210613 ^ _252_/Y (sky130_fd_sc_hd__nand2_2)
                                                         _186_ (net)
                      0.085325    0.000000    2.210613 ^ _483_/A (sky130_fd_sc_hd__and3_2)
     1    0.004682    0.097031    0.351065    2.561679 ^ _483_/X (sky130_fd_sc_hd__and3_2)
                                                         _168_ (net)
                      0.097031    0.000000    2.561679 ^ _484_/B (sky130_fd_sc_hd__nor2_2)
     1    0.033442    0.147534    0.163484    2.725163 v _484_/Y (sky130_fd_sc_hd__nor2_2)
                                                         P[2] (net)
                      0.147534    0.000000    2.725163 v P[2] (out)
                                              2.725163   data arrival time

                      0.000000    0.000000    0.000000   clock __VIRTUAL_CLK__ (rise edge)
                                  0.000000    0.000000   clock network delay (ideal)
                                  0.250000    0.250000   clock uncertainty
                                  0.000000    0.250000   clock reconvergence pessimism
                                 -2.000000   -1.750000   output external delay
                                             -1.750000   data required time
---------------------------------------------------------------------------------------------
                                             -1.750000   data required time
                                             -2.725163   data arrival time
---------------------------------------------------------------------------------------------
                                              4.475163   slack (MET)


Startpoint: B[0] (input port clocked by __VIRTUAL_CLK__)
Endpoint: P[3] (output port clocked by __VIRTUAL_CLK__)
Path Group: __VIRTUAL_CLK__
Path Type: min

Fanout         Cap        Slew       Delay        Time   Description
---------------------------------------------------------------------------------------------
                      0.000000    0.000000    0.000000   clock __VIRTUAL_CLK__ (rise edge)
                                  0.000000    0.000000   clock network delay (ideal)
                                  2.000000    2.000000 v input external delay
     9    0.025743    0.113676    0.079067    2.079067 v B[0] (in)
                                                         B[0] (net)
                      0.113676    0.000000    2.079067 v _252_/B (sky130_fd_sc_hd__nand2_2)
     2    0.006070    0.085325    0.131547    2.210613 ^ _252_/Y (sky130_fd_sc_hd__nand2_2)
                                                         _186_ (net)
                      0.085325    0.000000    2.210613 ^ _256_/B1 (sky130_fd_sc_hd__a21oi_2)
     4    0.021700    0.103386    0.118850    2.329464 v _256_/Y (sky130_fd_sc_hd__a21oi_2)
                                                         _190_ (net)
                      0.103386    0.000000    2.329464 v _485_/A (sky130_fd_sc_hd__xor2_2)
     1    0.033442    0.184927    0.442915    2.772379 v _485_/X (sky130_fd_sc_hd__xor2_2)
                                                         P[3] (net)
                      0.184927    0.000000    2.772379 v P[3] (out)
                                              2.772379   data arrival time

                      0.000000    0.000000    0.000000   clock __VIRTUAL_CLK__ (rise edge)
                                  0.000000    0.000000   clock network delay (ideal)
                                  0.250000    0.250000   clock uncertainty
                                  0.000000    0.250000   clock reconvergence pessimism
                                 -2.000000   -1.750000   output external delay
                                             -1.750000   data required time
---------------------------------------------------------------------------------------------
                                             -1.750000   data required time
                                             -2.772379   data arrival time
---------------------------------------------------------------------------------------------
                                              4.522379   slack (MET)


Startpoint: B[0] (input port clocked by __VIRTUAL_CLK__)
Endpoint: P[0] (output port clocked by __VIRTUAL_CLK__)
Path Group: __VIRTUAL_CLK__
Path Type: min

Fanout         Cap        Slew       Delay        Time   Description
---------------------------------------------------------------------------------------------
                      0.000000    0.000000    0.000000   clock __VIRTUAL_CLK__ (rise edge)
                                  0.000000    0.000000   clock network delay (ideal)
                                  2.000000    2.000000 ^ input external delay
     9    0.027736    0.206605    0.140122    2.140122 ^ B[0] (in)
                                                         B[0] (net)
                      0.206605    0.000000    2.140122 ^ _480_/B (sky130_fd_sc_hd__and2b_2)
     1    0.001753    0.056563    0.302113    2.442235 ^ _480_/X (sky130_fd_sc_hd__and2b_2)
                                                         mul_ll.mul_ll.pp1 (net)
                      0.056563    0.000000    2.442235 ^ _486_/A (sky130_fd_sc_hd__buf_2)
     1    0.033442    0.269906    0.333433    2.775668 ^ _486_/X (sky130_fd_sc_hd__buf_2)
                                                         P[0] (net)
                      0.269906    0.000000    2.775668 ^ P[0] (out)
                                              2.775668   data arrival time

                      0.000000    0.000000    0.000000   clock __VIRTUAL_CLK__ (rise edge)
                                  0.000000    0.000000   clock network delay (ideal)
                                  0.250000    0.250000   clock uncertainty
                                  0.000000    0.250000   clock reconvergence pessimism
                                 -2.000000   -1.750000   output external delay
                                             -1.750000   data required time
---------------------------------------------------------------------------------------------
                                             -1.750000   data required time
                                             -2.775668   data arrival time
---------------------------------------------------------------------------------------------
                                              4.525668   slack (MET)


Startpoint: A[4] (input port clocked by __VIRTUAL_CLK__)
Endpoint: P[5] (output port clocked by __VIRTUAL_CLK__)
Path Group: __VIRTUAL_CLK__
Path Type: min

Fanout         Cap        Slew       Delay        Time   Description
---------------------------------------------------------------------------------------------
                      0.000000    0.000000    0.000000   clock __VIRTUAL_CLK__ (rise edge)
                                  0.000000    0.000000   clock network delay (ideal)
                                  2.000000    2.000000 v input external delay
    15    0.042562    0.184940    0.130458    2.130458 v A[4] (in)
                                                         A[4] (net)
                      0.184940    0.000000    2.130458 v _297_/B (sky130_fd_sc_hd__nand2_2)
     2    0.006149    0.092480    0.166368    2.296825 ^ _297_/Y (sky130_fd_sc_hd__nand2_2)
                                                         _230_ (net)
                      0.092480    0.000000    2.296825 ^ _305_/B1 (sky130_fd_sc_hd__o21ai_2)
     2    0.006094    0.079451    0.120699    2.417524 v _305_/Y (sky130_fd_sc_hd__o21ai_2)
                                                         _003_ (net)
                      0.079451    0.000000    2.417524 v _478_/A2 (sky130_fd_sc_hd__a21oi_2)
     1    0.004682    0.148589    0.232931    2.650455 ^ _478_/Y (sky130_fd_sc_hd__a21oi_2)
                                                         _166_ (net)
                      0.148589    0.000000    2.650455 ^ _479_/B (sky130_fd_sc_hd__nor2_2)
     1    0.033442    0.149711    0.187707    2.838162 v _479_/Y (sky130_fd_sc_hd__nor2_2)
                                                         P[5] (net)
                      0.149711    0.000000    2.838162 v P[5] (out)
                                              2.838162   data arrival time

                      0.000000    0.000000    0.000000   clock __VIRTUAL_CLK__ (rise edge)
                                  0.000000    0.000000   clock network delay (ideal)
                                  0.250000    0.250000   clock uncertainty
                                  0.000000    0.250000   clock reconvergence pessimism
                                 -2.000000   -1.750000   output external delay
                                             -1.750000   data required time
---------------------------------------------------------------------------------------------
                                             -1.750000   data required time
                                             -2.838162   data arrival time
---------------------------------------------------------------------------------------------
                                              4.588162   slack (MET)


Startpoint: A[7] (input port clocked by __VIRTUAL_CLK__)
Endpoint: P[15] (output port clocked by __VIRTUAL_CLK__)
Path Group: __VIRTUAL_CLK__
Path Type: min

Fanout         Cap        Slew       Delay        Time   Description
---------------------------------------------------------------------------------------------
                      0.000000    0.000000    0.000000   clock __VIRTUAL_CLK__ (rise edge)
                                  0.000000    0.000000   clock network delay (ideal)
                                  2.000000    2.000000 ^ input external delay
     8    0.019215    0.146911    0.098026    2.098027 ^ A[7] (in)
                                                         A[7] (net)
                      0.146911    0.000000    2.098027 ^ _472_/B (sky130_fd_sc_hd__nand3_2)
     2    0.003522    0.096655    0.166890    2.264917 v _472_/Y (sky130_fd_sc_hd__nand3_2)
                                                         _162_ (net)
                      0.096655    0.000000    2.264917 v _476_/B1_N (sky130_fd_sc_hd__a21bo_2)
     1    0.002547    0.052126    0.366652    2.631569 ^ _476_/X (sky130_fd_sc_hd__a21bo_2)
                                                         _165_ (net)
                      0.052126    0.000000    2.631569 ^ _477_/B1 (sky130_fd_sc_hd__a21o_2)
     1    0.033442    0.268467    0.307150    2.938719 ^ _477_/X (sky130_fd_sc_hd__a21o_2)
                                                         P[15] (net)
                      0.268467    0.000000    2.938719 ^ P[15] (out)
                                              2.938719   data arrival time

                      0.000000    0.000000    0.000000   clock __VIRTUAL_CLK__ (rise edge)
                                  0.000000    0.000000   clock network delay (ideal)
                                  0.250000    0.250000   clock uncertainty
                                  0.000000    0.250000   clock reconvergence pessimism
                                 -2.000000   -1.750000   output external delay
                                             -1.750000   data required time
---------------------------------------------------------------------------------------------
                                             -1.750000   data required time
                                             -2.938719   data arrival time
---------------------------------------------------------------------------------------------
                                              4.688719   slack (MET)


Startpoint: B[4] (input port clocked by __VIRTUAL_CLK__)
Endpoint: P[9] (output port clocked by __VIRTUAL_CLK__)
Path Group: __VIRTUAL_CLK__
Path Type: min

Fanout         Cap        Slew       Delay        Time   Description
---------------------------------------------------------------------------------------------
                      0.000000    0.000000    0.000000   clock __VIRTUAL_CLK__ (rise edge)
                                  0.000000    0.000000   clock network delay (ideal)
                                  2.000000    2.000000 v input external delay
     7    0.021269    0.094720    0.065396    2.065396 v B[4] (in)
                                                         B[4] (net)
                      0.094720    0.000000    2.065396 v _356_/A (sky130_fd_sc_hd__nand2_2)
     2    0.013183    0.127700    0.149250    2.214647 ^ _356_/Y (sky130_fd_sc_hd__nand2_2)
                                                         _052_ (net)
                      0.127700    0.000000    2.214647 ^ _382_/A2 (sky130_fd_sc_hd__o21ai_2)
     3    0.007847    0.087521    0.143076    2.357723 v _382_/Y (sky130_fd_sc_hd__o21ai_2)
                                                         _077_ (net)
                      0.087521    0.000000    2.357723 v _383_/B1 (sky130_fd_sc_hd__a21oi_2)
     1    0.004585    0.146541    0.185600    2.543324 ^ _383_/Y (sky130_fd_sc_hd__a21oi_2)
                                                         _078_ (net)
                      0.146541    0.000000    2.543324 ^ _386_/A (sky130_fd_sc_hd__nor2_2)
     2    0.009921    0.058981    0.122828    2.666151 v _386_/Y (sky130_fd_sc_hd__nor2_2)
                                                         _081_ (net)
                      0.058981    0.000000    2.666151 v _388_/A (sky130_fd_sc_hd__xnor2_2)
     1    0.033442    0.320806    0.420376    3.086528 v _388_/Y (sky130_fd_sc_hd__xnor2_2)
                                                         P[9] (net)
                      0.320806    0.000000    3.086528 v P[9] (out)
                                              3.086528   data arrival time

                      0.000000    0.000000    0.000000   clock __VIRTUAL_CLK__ (rise edge)
                                  0.000000    0.000000   clock network delay (ideal)
                                  0.250000    0.250000   clock uncertainty
                                  0.000000    0.250000   clock reconvergence pessimism
                                 -2.000000   -1.750000   output external delay
                                             -1.750000   data required time
---------------------------------------------------------------------------------------------
                                             -1.750000   data required time
                                             -3.086528   data arrival time
---------------------------------------------------------------------------------------------
                                              4.836528   slack (MET)


Startpoint: A[4] (input port clocked by __VIRTUAL_CLK__)
Endpoint: P[10] (output port clocked by __VIRTUAL_CLK__)
Path Group: __VIRTUAL_CLK__
Path Type: min

Fanout         Cap        Slew       Delay        Time   Description
---------------------------------------------------------------------------------------------
                      0.000000    0.000000    0.000000   clock __VIRTUAL_CLK__ (rise edge)
                                  0.000000    0.000000   clock network delay (ideal)
                                  2.000000    2.000000 v input external delay
    15    0.042562    0.184940    0.130458    2.130458 v A[4] (in)
                                                         A[4] (net)
                      0.184940    0.000000    2.130458 v _381_/A (sky130_fd_sc_hd__nand4_2)
     5    0.015944    0.174953    0.228824    2.359282 ^ _381_/Y (sky130_fd_sc_hd__nand4_2)
                                                         _076_ (net)
                      0.174953    0.000000    2.359282 ^ _416_/C1 (sky130_fd_sc_hd__o211ai_2)
     3    0.008033    0.150943    0.230207    2.589489 v _416_/Y (sky130_fd_sc_hd__o211ai_2)
                                                         _110_ (net)
                      0.150943    0.000000    2.589489 v _417_/B (sky130_fd_sc_hd__nand2_2)
     1    0.009061    0.098058    0.166564    2.756052 ^ _417_/Y (sky130_fd_sc_hd__nand2_2)
                                                         _111_ (net)
                      0.098058    0.000000    2.756052 ^ _421_/A (sky130_fd_sc_hd__xnor2_2)
     1    0.033442    0.320771    0.339232    3.095284 v _421_/Y (sky130_fd_sc_hd__xnor2_2)
                                                         P[10] (net)
                      0.320771    0.000000    3.095284 v P[10] (out)
                                              3.095284   data arrival time

                      0.000000    0.000000    0.000000   clock __VIRTUAL_CLK__ (rise edge)
                                  0.000000    0.000000   clock network delay (ideal)
                                  0.250000    0.250000   clock uncertainty
                                  0.000000    0.250000   clock reconvergence pessimism
                                 -2.000000   -1.750000   output external delay
                                             -1.750000   data required time
---------------------------------------------------------------------------------------------
                                             -1.750000   data required time
                                             -3.095284   data arrival time
---------------------------------------------------------------------------------------------
                                              4.845284   slack (MET)


Startpoint: B[7] (input port clocked by __VIRTUAL_CLK__)
Endpoint: P[14] (output port clocked by __VIRTUAL_CLK__)
Path Group: __VIRTUAL_CLK__
Path Type: min

Fanout         Cap        Slew       Delay        Time   Description
---------------------------------------------------------------------------------------------
                      0.000000    0.000000    0.000000   clock __VIRTUAL_CLK__ (rise edge)
                                  0.000000    0.000000   clock network delay (ideal)
                                  2.000000    2.000000 v input external delay
    17    0.049582    0.214685    0.151907    2.151907 v B[7] (in)
                                                         B[7] (net)
                      0.214685    0.000000    2.151907 v _473_/C1 (sky130_fd_sc_hd__o211a_2)
     2    0.010318    0.079517    0.314828    2.466735 v _473_/X (sky130_fd_sc_hd__o211a_2)
                                                         _163_ (net)
                      0.079517    0.000000    2.466735 v _474_/B (sky130_fd_sc_hd__xor2_2)
     2    0.010974    0.252906    0.290653    2.757389 ^ _474_/X (sky130_fd_sc_hd__xor2_2)
                                                         _164_ (net)
                      0.252906    0.000000    2.757389 ^ _475_/B (sky130_fd_sc_hd__xor2_2)
     1    0.033442    0.184929    0.371364    3.128752 v _475_/X (sky130_fd_sc_hd__xor2_2)
                                                         P[14] (net)
                      0.184929    0.000000    3.128752 v P[14] (out)
                                              3.128752   data arrival time

                      0.000000    0.000000    0.000000   clock __VIRTUAL_CLK__ (rise edge)
                                  0.000000    0.000000   clock network delay (ideal)
                                  0.250000    0.250000   clock uncertainty
                                  0.000000    0.250000   clock reconvergence pessimism
                                 -2.000000   -1.750000   output external delay
                                             -1.750000   data required time
---------------------------------------------------------------------------------------------
                                             -1.750000   data required time
                                             -3.128752   data arrival time
---------------------------------------------------------------------------------------------
                                              4.878752   slack (MET)


Startpoint: B[4] (input port clocked by __VIRTUAL_CLK__)
Endpoint: P[8] (output port clocked by __VIRTUAL_CLK__)
Path Group: __VIRTUAL_CLK__
Path Type: min

Fanout         Cap        Slew       Delay        Time   Description
---------------------------------------------------------------------------------------------
                      0.000000    0.000000    0.000000   clock __VIRTUAL_CLK__ (rise edge)
                                  0.000000    0.000000   clock network delay (ideal)
                                  2.000000    2.000000 v input external delay
     7    0.021269    0.094720    0.065396    2.065396 v B[4] (in)
                                                         B[4] (net)
                      0.094720    0.000000    2.065396 v _356_/A (sky130_fd_sc_hd__nand2_2)
     2    0.013183    0.127700    0.149250    2.214647 ^ _356_/Y (sky130_fd_sc_hd__nand2_2)
                                                         _052_ (net)
                      0.127700    0.000000    2.214647 ^ _357_/B (sky130_fd_sc_hd__xnor2_2)
     2    0.005589    0.085365    0.145528    2.360175 v _357_/Y (sky130_fd_sc_hd__xnor2_2)
                                                         _053_ (net)
                      0.085365    0.000000    2.360175 v _358_/B1 (sky130_fd_sc_hd__a21oi_2)
     3    0.008522    0.218342    0.236251    2.596425 ^ _358_/Y (sky130_fd_sc_hd__a21oi_2)
                                                         _054_ (net)
                      0.218342    0.000000    2.596425 ^ _360_/A (sky130_fd_sc_hd__or2_2)
     3    0.012097    0.118795    0.300742    2.897167 ^ _360_/X (sky130_fd_sc_hd__or2_2)
                                                         _056_ (net)
                      0.118795    0.000000    2.897167 ^ _363_/A (sky130_fd_sc_hd__xnor2_2)
     1    0.033442    0.320962    0.346827    3.243994 v _363_/Y (sky130_fd_sc_hd__xnor2_2)
                                                         P[8] (net)
                      0.320962    0.000000    3.243994 v P[8] (out)
                                              3.243994   data arrival time

                      0.000000    0.000000    0.000000   clock __VIRTUAL_CLK__ (rise edge)
                                  0.000000    0.000000   clock network delay (ideal)
                                  0.250000    0.250000   clock uncertainty
                                  0.000000    0.250000   clock reconvergence pessimism
                                 -2.000000   -1.750000   output external delay
                                             -1.750000   data required time
---------------------------------------------------------------------------------------------
                                             -1.750000   data required time
                                             -3.243994   data arrival time
---------------------------------------------------------------------------------------------
                                              4.993994   slack (MET)


Startpoint: A[4] (input port clocked by __VIRTUAL_CLK__)
Endpoint: P[6] (output port clocked by __VIRTUAL_CLK__)
Path Group: __VIRTUAL_CLK__
Path Type: min

Fanout         Cap        Slew       Delay        Time   Description
---------------------------------------------------------------------------------------------
                      0.000000    0.000000    0.000000   clock __VIRTUAL_CLK__ (rise edge)
                                  0.000000    0.000000   clock network delay (ideal)
                                  2.000000    2.000000 v input external delay
    15    0.042562    0.184940    0.130458    2.130458 v A[4] (in)
                                                         A[4] (net)
                      0.184940    0.000000    2.130458 v _297_/B (sky130_fd_sc_hd__nand2_2)
     2    0.006149    0.092480    0.166368    2.296825 ^ _297_/Y (sky130_fd_sc_hd__nand2_2)
                                                         _230_ (net)
                      0.092480    0.000000    2.296825 ^ _300_/B (sky130_fd_sc_hd__or3_2)
     2    0.005981    0.072409    0.212035    2.508860 ^ _300_/X (sky130_fd_sc_hd__or3_2)
                                                         _233_ (net)
                      0.072409    0.000000    2.508860 ^ _307_/A (sky130_fd_sc_hd__and3_2)
     3    0.018130    0.193315    0.448645    2.957505 ^ _307_/X (sky130_fd_sc_hd__and3_2)
                                                         _005_ (net)
                      0.193315    0.000000    2.957505 ^ _308_/B (sky130_fd_sc_hd__xnor2_2)
     1    0.033442    0.320791    0.353044    3.310549 v _308_/Y (sky130_fd_sc_hd__xnor2_2)
                                                         P[6] (net)
                      0.320791    0.000000    3.310549 v P[6] (out)
                                              3.310549   data arrival time

                      0.000000    0.000000    0.000000   clock __VIRTUAL_CLK__ (rise edge)
                                  0.000000    0.000000   clock network delay (ideal)
                                  0.250000    0.250000   clock uncertainty
                                  0.000000    0.250000   clock reconvergence pessimism
                                 -2.000000   -1.750000   output external delay
                                             -1.750000   data required time
---------------------------------------------------------------------------------------------
                                             -1.750000   data required time
                                             -3.310549   data arrival time
---------------------------------------------------------------------------------------------
                                              5.060549   slack (MET)


Startpoint: A[4] (input port clocked by __VIRTUAL_CLK__)
Endpoint: P[7] (output port clocked by __VIRTUAL_CLK__)
Path Group: __VIRTUAL_CLK__
Path Type: min

Fanout         Cap        Slew       Delay        Time   Description
---------------------------------------------------------------------------------------------
                      0.000000    0.000000    0.000000   clock __VIRTUAL_CLK__ (rise edge)
                                  0.000000    0.000000   clock network delay (ideal)
                                  2.000000    2.000000 ^ input external delay
    15    0.045252    0.329313    0.226655    2.226655 ^ A[4] (in)
                                                         A[4] (net)
                      0.329313    0.000000    2.226655 ^ _301_/A2 (sky130_fd_sc_hd__a31o_2)
     2    0.004063    0.067091    0.413569    2.640224 ^ _301_/X (sky130_fd_sc_hd__a31o_2)
                                                         _234_ (net)
                      0.067091    0.000000    2.640224 ^ _303_/B1 (sky130_fd_sc_hd__a21o_2)
     2    0.009200    0.090993    0.183485    2.823709 ^ _303_/X (sky130_fd_sc_hd__a21o_2)
                                                         _001_ (net)
                      0.090993    0.000000    2.823709 ^ _309_/A1 (sky130_fd_sc_hd__a21oi_2)
     2    0.013369    0.075084    0.159898    2.983607 v _309_/Y (sky130_fd_sc_hd__a21oi_2)
                                                         _006_ (net)
                      0.075084    0.000000    2.983607 v _334_/A (sky130_fd_sc_hd__xor2_2)
     1    0.033442    0.184952    0.431225    3.414832 v _334_/X (sky130_fd_sc_hd__xor2_2)
                                                         P[7] (net)
                      0.184952    0.000000    3.414832 v P[7] (out)
                                              3.414832   data arrival time

                      0.000000    0.000000    0.000000   clock __VIRTUAL_CLK__ (rise edge)
                                  0.000000    0.000000   clock network delay (ideal)
                                  0.250000    0.250000   clock uncertainty
                                  0.000000    0.250000   clock reconvergence pessimism
                                 -2.000000   -1.750000   output external delay
                                             -1.750000   data required time
---------------------------------------------------------------------------------------------
                                             -1.750000   data required time
                                             -3.414832   data arrival time
---------------------------------------------------------------------------------------------
                                              5.164832   slack (MET)


Startpoint: A[4] (input port clocked by __VIRTUAL_CLK__)
Endpoint: P[11] (output port clocked by __VIRTUAL_CLK__)
Path Group: __VIRTUAL_CLK__
Path Type: min

Fanout         Cap        Slew       Delay        Time   Description
---------------------------------------------------------------------------------------------
                      0.000000    0.000000    0.000000   clock __VIRTUAL_CLK__ (rise edge)
                                  0.000000    0.000000   clock network delay (ideal)
                                  2.000000    2.000000 v input external delay
    15    0.042562    0.184940    0.130458    2.130458 v A[4] (in)
                                                         A[4] (net)
                      0.184940    0.000000    2.130458 v _381_/A (sky130_fd_sc_hd__nand4_2)
     5    0.015944    0.174953    0.228824    2.359282 ^ _381_/Y (sky130_fd_sc_hd__nand4_2)
                                                         _076_ (net)
                      0.174953    0.000000    2.359282 ^ _416_/C1 (sky130_fd_sc_hd__o211ai_2)
     3    0.008033    0.150943    0.230207    2.589489 v _416_/Y (sky130_fd_sc_hd__o211ai_2)
                                                         _110_ (net)
                      0.150943    0.000000    2.589489 v _440_/A1 (sky130_fd_sc_hd__a21bo_2)
     1    0.008219    0.084698    0.417983    3.007472 v _440_/X (sky130_fd_sc_hd__a21bo_2)
                                                         _133_ (net)
                      0.084698    0.000000    3.007472 v _441_/B (sky130_fd_sc_hd__xnor2_2)
     1    0.033442    0.320769    0.424891    3.432362 v _441_/Y (sky130_fd_sc_hd__xnor2_2)
                                                         P[11] (net)
                      0.320769    0.000000    3.432362 v P[11] (out)
                                              3.432362   data arrival time

                      0.000000    0.000000    0.000000   clock __VIRTUAL_CLK__ (rise edge)
                                  0.000000    0.000000   clock network delay (ideal)
                                  0.250000    0.250000   clock uncertainty
                                  0.000000    0.250000   clock reconvergence pessimism
                                 -2.000000   -1.750000   output external delay
                                             -1.750000   data required time
---------------------------------------------------------------------------------------------
                                             -1.750000   data required time
                                             -3.432362   data arrival time
---------------------------------------------------------------------------------------------
                                              5.182362   slack (MET)


Startpoint: B[3] (input port clocked by __VIRTUAL_CLK__)
Endpoint: P[13] (output port clocked by __VIRTUAL_CLK__)
Path Group: __VIRTUAL_CLK__
Path Type: min

Fanout         Cap        Slew       Delay        Time   Description
---------------------------------------------------------------------------------------------
                      0.000000    0.000000    0.000000   clock __VIRTUAL_CLK__ (rise edge)
                                  0.000000    0.000000   clock network delay (ideal)
                                  2.000000    2.000000 v input external delay
    12    0.028642    0.125960    0.087925    2.087924 v B[3] (in)
                                                         B[3] (net)
                      0.125960    0.000000    2.087924 v _405_/A (sky130_fd_sc_hd__and4_2)
     3    0.006921    0.087348    0.423383    2.511308 v _405_/X (sky130_fd_sc_hd__and4_2)
                                                         _099_ (net)
                      0.087348    0.000000    2.511308 v _431_/B1 (sky130_fd_sc_hd__o22ai_2)
     4    0.016126    0.339039    0.343557    2.854864 ^ _431_/Y (sky130_fd_sc_hd__o22ai_2)
                                                         _124_ (net)
                      0.339039    0.000000    2.854864 ^ _452_/A1 (sky130_fd_sc_hd__a21oi_2)
     3    0.007595    0.054376    0.219417    3.074282 v _452_/Y (sky130_fd_sc_hd__a21oi_2)
                                                         _144_ (net)
                      0.054376    0.000000    3.074282 v _468_/C1 (sky130_fd_sc_hd__a211oi_2)
     1    0.004585    0.236538    0.258088    3.332370 ^ _468_/Y (sky130_fd_sc_hd__a211oi_2)
                                                         _159_ (net)
                      0.236538    0.000000    3.332370 ^ _470_/A (sky130_fd_sc_hd__nor2_2)
     1    0.033442    0.151489    0.236949    3.569318 v _470_/Y (sky130_fd_sc_hd__nor2_2)
                                                         P[13] (net)
                      0.151489    0.000000    3.569318 v P[13] (out)
                                              3.569318   data arrival time

                      0.000000    0.000000    0.000000   clock __VIRTUAL_CLK__ (rise edge)
                                  0.000000    0.000000   clock network delay (ideal)
                                  0.250000    0.250000   clock uncertainty
                                  0.000000    0.250000   clock reconvergence pessimism
                                 -2.000000   -1.750000   output external delay
                                             -1.750000   data required time
---------------------------------------------------------------------------------------------
                                             -1.750000   data required time
                                             -3.569318   data arrival time
---------------------------------------------------------------------------------------------
                                              5.319318   slack (MET)


Startpoint: A[7] (input port clocked by __VIRTUAL_CLK__)
Endpoint: P[12] (output port clocked by __VIRTUAL_CLK__)
Path Group: __VIRTUAL_CLK__
Path Type: min

Fanout         Cap        Slew       Delay        Time   Description
---------------------------------------------------------------------------------------------
                      0.000000    0.000000    0.000000   clock __VIRTUAL_CLK__ (rise edge)
                                  0.000000    0.000000   clock network delay (ideal)
                                  2.000000    2.000000 ^ input external delay
     8    0.019215    0.146911    0.098026    2.098027 ^ A[7] (in)
                                                         A[7] (net)
                      0.146911    0.000000    2.098027 ^ _405_/C (sky130_fd_sc_hd__and4_2)
     3    0.007348    0.137942    0.524354    2.622381 ^ _405_/X (sky130_fd_sc_hd__and4_2)
                                                         _099_ (net)
                      0.137942    0.000000    2.622381 ^ _431_/B1 (sky130_fd_sc_hd__o22ai_2)
     4    0.015319    0.171919    0.238223    2.860604 v _431_/Y (sky130_fd_sc_hd__o22ai_2)
                                                         _124_ (net)
                      0.171919    0.000000    2.860604 v _453_/A (sky130_fd_sc_hd__nand3_2)
     3    0.011540    0.126331    0.180008    3.040612 ^ _453_/Y (sky130_fd_sc_hd__nand3_2)
                                                         _145_ (net)
                      0.126331    0.000000    3.040612 ^ _454_/B (sky130_fd_sc_hd__nand2b_2)
     1    0.008431    0.100897    0.151099    3.191711 v _454_/Y (sky130_fd_sc_hd__nand2b_2)
                                                         _146_ (net)
                      0.100897    0.000000    3.191711 v _459_/A (sky130_fd_sc_hd__xnor2_2)
     1    0.033442    0.320794    0.439492    3.631202 v _459_/Y (sky130_fd_sc_hd__xnor2_2)
                                                         P[12] (net)
                      0.320794    0.000000    3.631202 v P[12] (out)
                                              3.631202   data arrival time

                      0.000000    0.000000    0.000000   clock __VIRTUAL_CLK__ (rise edge)
                                  0.000000    0.000000   clock network delay (ideal)
                                  0.250000    0.250000   clock uncertainty
                                  0.000000    0.250000   clock reconvergence pessimism
                                 -2.000000   -1.750000   output external delay
                                             -1.750000   data required time
---------------------------------------------------------------------------------------------
                                             -1.750000   data required time
                                             -3.631202   data arrival time
---------------------------------------------------------------------------------------------
                                              5.381202   slack (MET)



