
===========================================================================
report_checks -unconstrained
===========================================================================
======================= nom_tt_025C_1v80 Corner ===================================

Startpoint: A[0] (input port clocked by __VIRTUAL_CLK__)
Endpoint: P[14] (output port clocked by __VIRTUAL_CLK__)
Path Group: __VIRTUAL_CLK__
Path Type: max

Fanout         Cap        Slew       Delay        Time   Description
---------------------------------------------------------------------------------------------
                      0.000000    0.000000    0.000000   clock __VIRTUAL_CLK__ (rise edge)
                                  0.000000    0.000000   clock network delay (ideal)
                                  2.000000    2.000000 ^ input external delay
     1    0.002579    0.018792    0.009524    2.009524 ^ A[0] (in)
                                                         A[0] (net)
                      0.018792    0.000000    2.009524 ^ input1/A (sky130_fd_sc_hd__dlymetal6s2s_1)
     4    0.015490    0.172827    0.169837    2.179361 ^ input1/X (sky130_fd_sc_hd__dlymetal6s2s_1)
                                                         net1 (net)
                      0.172827    0.000068    2.179428 ^ fanout48/A (sky130_fd_sc_hd__buf_2)
    10    0.033979    0.169232    0.239595    2.419023 ^ fanout48/X (sky130_fd_sc_hd__buf_2)
                                                         net48 (net)
                      0.169232    0.000050    2.419073 ^ _249_/B (sky130_fd_sc_hd__nand4_2)
     5    0.013652    0.138427    0.167762    2.586835 v _249_/Y (sky130_fd_sc_hd__nand4_2)
                                                         _182_ (net)
                      0.138427    0.000070    2.586906 v _251_/S (sky130_fd_sc_hd__mux2_1)
     4    0.011400    0.094690    0.392121    2.979027 v _251_/X (sky130_fd_sc_hd__mux2_1)
                                                         _184_ (net)
                      0.094690    0.000042    2.979069 v _254_/B (sky130_fd_sc_hd__xor2_1)
     3    0.006556    0.071892    0.172523    3.151592 v _254_/X (sky130_fd_sc_hd__xor2_1)
                                                         _187_ (net)
                      0.071892    0.000004    3.151596 v _259_/B (sky130_fd_sc_hd__and3_1)
     3    0.009930    0.066625    0.204703    3.356299 v _259_/X (sky130_fd_sc_hd__and3_1)
                                                         _192_ (net)
                      0.066625    0.000092    3.356391 v _279_/A (sky130_fd_sc_hd__or4_1)
     3    0.007166    0.114910    0.560033    3.916424 v _279_/X (sky130_fd_sc_hd__or4_1)
                                                         _212_ (net)
                      0.114910    0.000039    3.916462 v _282_/A2 (sky130_fd_sc_hd__a21o_1)
     3    0.007215    0.051983    0.220166    4.136629 v _282_/X (sky130_fd_sc_hd__a21o_1)
                                                         _215_ (net)
                      0.051983    0.000036    4.136664 v _285_/A2 (sky130_fd_sc_hd__a21o_1)
     2    0.005121    0.044309    0.185528    4.322192 v _285_/X (sky130_fd_sc_hd__a21o_1)
                                                         _218_ (net)
                      0.044309    0.000010    4.322202 v _294_/C1 (sky130_fd_sc_hd__o211a_1)
     4    0.009702    0.068574    0.136300    4.458503 v _294_/X (sky130_fd_sc_hd__o211a_1)
                                                         _227_ (net)
                      0.068574    0.000052    4.458554 v _303_/A (sky130_fd_sc_hd__or3_2)
     4    0.014130    0.112823    0.534931    4.993485 v _303_/X (sky130_fd_sc_hd__or3_2)
                                                         _002_ (net)
                      0.112823    0.000237    4.993722 v _415_/A1 (sky130_fd_sc_hd__a2111o_1)
     1    0.003917    0.064914    0.388406    5.382128 v _415_/X (sky130_fd_sc_hd__a2111o_1)
                                                         _110_ (net)
                      0.064914    0.000031    5.382159 v _455_/A1_N (sky130_fd_sc_hd__o2bb2a_1)
     3    0.013979    0.147458    0.319356    5.701515 ^ _455_/X (sky130_fd_sc_hd__o2bb2a_1)
                                                         _148_ (net)
                      0.147458    0.000199    5.701715 ^ _466_/A2 (sky130_fd_sc_hd__o211a_1)
     3    0.013984    0.127410    0.218481    5.920195 ^ _466_/X (sky130_fd_sc_hd__o211a_1)
                                                         _158_ (net)
                      0.127410    0.000160    5.920355 ^ _472_/A (sky130_fd_sc_hd__xor2_1)
     1    0.002732    0.112545    0.147414    6.067769 ^ _472_/X (sky130_fd_sc_hd__xor2_1)
                                                         net22 (net)
                      0.112545    0.000013    6.067782 ^ output22/A (sky130_fd_sc_hd__buf_2)
     1    0.034110    0.169690    0.222839    6.290621 ^ output22/X (sky130_fd_sc_hd__buf_2)
                                                         P[14] (net)
                      0.169690    0.000111    6.290732 ^ P[14] (out)
                                              6.290732   data arrival time

                      0.000000   10.000000   10.000000   clock __VIRTUAL_CLK__ (rise edge)
                                  0.000000   10.000000   clock network delay (ideal)
                                 -0.250000    9.750000   clock uncertainty
                                  0.000000    9.750000   clock reconvergence pessimism
                                 -2.000000    7.750000   output external delay
                                              7.750000   data required time
---------------------------------------------------------------------------------------------
                                              7.750000   data required time
                                             -6.290732   data arrival time
---------------------------------------------------------------------------------------------
                                              1.459268   slack (MET)




===========================================================================
report_checks --slack_max -0.01
============================================================================
======================= nom_tt_025C_1v80 Corner ===================================

No paths found.


===========================================================================
 report_check_types -max_slew -max_cap -max_fanout -violators
============================================================================
======================= nom_tt_025C_1v80 Corner ===================================



===========================================================================
report_parasitic_annotation -report_unannotated
============================================================================
Found 0 unannotated drivers.
Found 0 partially unannotated drivers.

===========================================================================
max slew violation count 0
Writing metric design__max_slew_violation__count__corner:nom_tt_025C_1v80: 0
max fanout violation count 0
Writing metric design__max_fanout_violation__count__corner:nom_tt_025C_1v80: 0
max cap violation count 0
Writing metric design__max_cap_violation__count__corner:nom_tt_025C_1v80: 0
============================================================================

===========================================================================
check_setup -verbose -unconstrained_endpoints -multiple_clock -no_clock -no_input_delay -loops -generated_clocks
===========================================================================
