
===========================================================================
report_checks -unconstrained
===========================================================================
======================= min_ff_n40C_1v95 Corner ===================================

Startpoint: B[7] (input port clocked by __VIRTUAL_CLK__)
Endpoint: P[14] (output port clocked by __VIRTUAL_CLK__)
Path Group: __VIRTUAL_CLK__
Path Type: max

Fanout         Cap        Slew       Delay        Time   Description
---------------------------------------------------------------------------------------------
                      0.000000    0.000000    0.000000   clock __VIRTUAL_CLK__ (rise edge)
                                  0.000000    0.000000   clock network delay (ideal)
                                  2.000000    2.000000 v input external delay
     1    0.003069    0.005122    0.002502    2.002502 v B[7] (in)
                                                         B[7] (net)
                      0.005122    0.000000    2.002502 v input16/A (sky130_fd_sc_hd__clkbuf_2)
     2    0.013059    0.040380    0.077077    2.079579 v input16/X (sky130_fd_sc_hd__clkbuf_2)
                                                         net16 (net)
                      0.040385    0.000463    2.080043 v fanout43/A (sky130_fd_sc_hd__buf_6)
     7    0.023327    0.026524    0.088863    2.168906 v fanout43/X (sky130_fd_sc_hd__buf_6)
                                                         net43 (net)
                      0.026556    0.001002    2.169908 v _370_/B (sky130_fd_sc_hd__or4bb_4)
     2    0.005019    0.059070    0.303556    2.473464 v _370_/X (sky130_fd_sc_hd__or4bb_4)
                                                         _032_ (net)
                      0.059070    0.000017    2.473481 v _373_/A1 (sky130_fd_sc_hd__a2111o_1)
     3    0.006638    0.054584    0.239748    2.713229 v _373_/X (sky130_fd_sc_hd__a2111o_1)
                                                         _035_ (net)
                      0.054584    0.000048    2.713277 v _393_/B (sky130_fd_sc_hd__and4_1)
     2    0.011634    0.052796    0.143597    2.856874 v _393_/X (sky130_fd_sc_hd__and4_1)
                                                         _054_ (net)
                      0.052796    0.000182    2.857056 v _394_/B (sky130_fd_sc_hd__xnor2_2)
     2    0.004856    0.049786    0.089359    2.946415 v _394_/Y (sky130_fd_sc_hd__xnor2_2)
                                                         _055_ (net)
                      0.049786    0.000034    2.946449 v _395_/B (sky130_fd_sc_hd__or3_4)
     3    0.021629    0.065142    0.251938    3.198387 v _395_/X (sky130_fd_sc_hd__or3_4)
                                                         _056_ (net)
                      0.065142    0.000398    3.198785 v _440_/B (sky130_fd_sc_hd__xnor2_4)
     2    0.011504    0.060384    0.100254    3.299039 v _440_/Y (sky130_fd_sc_hd__xnor2_4)
                                                         _100_ (net)
                      0.060384    0.000101    3.299140 v _456_/A (sky130_fd_sc_hd__xnor2_2)
     2    0.006253    0.046433    0.102805    3.401945 v _456_/Y (sky130_fd_sc_hd__xnor2_2)
                                                         _116_ (net)
                      0.046433    0.000061    3.402005 v _457_/B (sky130_fd_sc_hd__or2_4)
     3    0.010774    0.039236    0.151995    3.554001 v _457_/X (sky130_fd_sc_hd__or2_4)
                                                         _117_ (net)
                      0.039236    0.000054    3.554054 v _459_/A (sky130_fd_sc_hd__and2_4)
     2    0.007269    0.025412    0.092522    3.646577 v _459_/X (sky130_fd_sc_hd__and2_4)
                                                         _119_ (net)
                      0.025412    0.000094    3.646671 v _460_/B (sky130_fd_sc_hd__nor3_2)
     2    0.005197    0.105710    0.109784    3.756455 ^ _460_/Y (sky130_fd_sc_hd__nor3_2)
                                                         _120_ (net)
                      0.105710    0.000034    3.756490 ^ _462_/A_N (sky130_fd_sc_hd__and2b_1)
     2    0.006704    0.035846    0.128207    3.884697 v _462_/X (sky130_fd_sc_hd__and2b_1)
                                                         _122_ (net)
                      0.035846    0.000020    3.884717 v _483_/B (sky130_fd_sc_hd__and3_1)
     2    0.006140    0.037004    0.113963    3.998680 v _483_/X (sky130_fd_sc_hd__and3_1)
                                                         _142_ (net)
                      0.037004    0.000080    3.998760 v _528_/A1 (sky130_fd_sc_hd__a21o_1)
     4    0.014927    0.058037    0.131856    4.130616 v _528_/X (sky130_fd_sc_hd__a21o_1)
                                                         _185_ (net)
                      0.058042    0.000609    4.131225 v _545_/A1 (sky130_fd_sc_hd__a41o_1)
     3    0.014400    0.063286    0.155235    4.286460 v _545_/X (sky130_fd_sc_hd__a41o_1)
                                                         _201_ (net)
                      0.063290    0.000540    4.287001 v _552_/A (sky130_fd_sc_hd__xor2_1)
     1    0.005929    0.119815    0.139407    4.426407 ^ _552_/X (sky130_fd_sc_hd__xor2_1)
                                                         net22 (net)
                      0.119815    0.000083    4.426490 ^ output22/A (sky130_fd_sc_hd__buf_6)
     1    0.034299    0.058245    0.101194    4.527685 ^ output22/X (sky130_fd_sc_hd__buf_6)
                                                         P[14] (net)
                      0.058247    0.000378    4.528063 ^ P[14] (out)
                                              4.528063   data arrival time

                      0.000000   10.000000   10.000000   clock __VIRTUAL_CLK__ (rise edge)
                                  0.000000   10.000000   clock network delay (ideal)
                                 -0.250000    9.750000   clock uncertainty
                                  0.000000    9.750000   clock reconvergence pessimism
                                 -2.000000    7.750000   output external delay
                                              7.750000   data required time
---------------------------------------------------------------------------------------------
                                              7.750000   data required time
                                             -4.528063   data arrival time
---------------------------------------------------------------------------------------------
                                              3.221937   slack (MET)




===========================================================================
report_checks --slack_max -0.01
============================================================================
======================= min_ff_n40C_1v95 Corner ===================================

No paths found.


===========================================================================
 report_check_types -max_slew -max_cap -max_fanout -violators
============================================================================
======================= min_ff_n40C_1v95 Corner ===================================



===========================================================================
report_parasitic_annotation -report_unannotated
============================================================================
Found 0 unannotated drivers.
Found 0 partially unannotated drivers.

===========================================================================
max slew violation count 0
max fanout violation count 0
max cap violation count 0
============================================================================

===========================================================================
check_setup -verbose -unconstrained_endpoints -multiple_clock -no_clock -no_input_delay -loops -generated_clocks
===========================================================================
