
===========================================================================
report_checks -path_delay max (Setup)
============================================================================
======================= nom_tt_025C_1v80 Corner ===================================

Startpoint: B[5] (input port clocked by __VIRTUAL_CLK__)
Endpoint: P[14] (output port clocked by __VIRTUAL_CLK__)
Path Group: __VIRTUAL_CLK__
Path Type: max

Fanout         Cap        Slew       Delay        Time   Description
---------------------------------------------------------------------------------------------
                      0.000000    0.000000    0.000000   clock __VIRTUAL_CLK__ (rise edge)
                                  0.000000    0.000000   clock network delay (ideal)
                                  2.000000    2.000000 ^ input external delay
    19    0.078554    0.356661    0.247017    2.247017 ^ B[5] (in)
                                                         B[5] (net)
                      0.356700    0.000000    2.247017 ^ _240_/C (sky130_fd_sc_hd__nand4_2)
     5    0.015282    0.162619    0.209538    2.456555 v _240_/Y (sky130_fd_sc_hd__nand4_2)
                                                         _173_ (net)
                      0.162619    0.000063    2.456618 v _313_/C (sky130_fd_sc_hd__and3_2)
     3    0.008751    0.051745    0.277651    2.734269 v _313_/X (sky130_fd_sc_hd__and3_2)
                                                         _012_ (net)
                      0.051745    0.000028    2.734297 v _316_/B (sky130_fd_sc_hd__or3_2)
     4    0.011042    0.107164    0.490952    3.225249 v _316_/X (sky130_fd_sc_hd__or3_2)
                                                         _015_ (net)
                      0.107164    0.000027    3.225276 v _391_/D (sky130_fd_sc_hd__and4_2)
     2    0.007425    0.050508    0.270809    3.496085 v _391_/X (sky130_fd_sc_hd__and4_2)
                                                         _087_ (net)
                      0.050508    0.000048    3.496133 v _396_/A2 (sky130_fd_sc_hd__o31a_2)
     4    0.008375    0.064494    0.341066    3.837198 v _396_/X (sky130_fd_sc_hd__o31a_2)
                                                         _092_ (net)
                      0.064494    0.000090    3.837288 v _404_/A (sky130_fd_sc_hd__or4bb_2)
     3    0.008389    0.114696    0.664452    4.501741 v _404_/X (sky130_fd_sc_hd__or4bb_2)
                                                         _100_ (net)
                      0.114696    0.000053    4.501794 v _406_/B (sky130_fd_sc_hd__and3_2)
     3    0.009585    0.053916    0.243239    4.745033 v _406_/X (sky130_fd_sc_hd__and3_2)
                                                         _102_ (net)
                      0.053916    0.000030    4.745063 v _410_/A1 (sky130_fd_sc_hd__o211a_2)
     1    0.002320    0.038912    0.251492    4.996555 v _410_/X (sky130_fd_sc_hd__o211a_2)
                                                         _106_ (net)
                      0.038912    0.000010    4.996565 v _411_/B (sky130_fd_sc_hd__or2_2)
     4    0.023115    0.105161    0.338824    5.335389 v _411_/X (sky130_fd_sc_hd__or2_2)
                                                         _107_ (net)
                      0.105161    0.000099    5.335488 v _451_/A1 (sky130_fd_sc_hd__o311ai_2)
     1    0.002771    0.202924    0.280834    5.616323 ^ _451_/Y (sky130_fd_sc_hd__o311ai_2)
                                                         _145_ (net)
                      0.202924    0.000004    5.616327 ^ _452_/B1 (sky130_fd_sc_hd__a31o_2)
     3    0.019409    0.122851    0.201636    5.817963 ^ _452_/X (sky130_fd_sc_hd__a31o_2)
                                                         _146_ (net)
                      0.122851    0.000247    5.818210 ^ _463_/A2 (sky130_fd_sc_hd__o211a_2)
     3    0.022027    0.140009    0.259205    6.077415 ^ _463_/X (sky130_fd_sc_hd__o211a_2)
                                                         _156_ (net)
                      0.140009    0.000317    6.077732 ^ _469_/A (sky130_fd_sc_hd__xor2_2)
     1    0.034915    0.434341    0.385291    6.463023 ^ _469_/X (sky130_fd_sc_hd__xor2_2)
                                                         P[14] (net)
                      0.434341    0.000234    6.463256 ^ P[14] (out)
                                              6.463256   data arrival time

                      0.000000   10.000000   10.000000   clock __VIRTUAL_CLK__ (rise edge)
                                  0.000000   10.000000   clock network delay (ideal)
                                 -0.250000    9.750000   clock uncertainty
                                  0.000000    9.750000   clock reconvergence pessimism
                                 -2.000000    7.750000   output external delay
                                              7.750000   data required time
---------------------------------------------------------------------------------------------
                                              7.750000   data required time
                                             -6.463256   data arrival time
---------------------------------------------------------------------------------------------
                                              1.286744   slack (MET)


Startpoint: B[5] (input port clocked by __VIRTUAL_CLK__)
Endpoint: P[15] (output port clocked by __VIRTUAL_CLK__)
Path Group: __VIRTUAL_CLK__
Path Type: max

Fanout         Cap        Slew       Delay        Time   Description
---------------------------------------------------------------------------------------------
                      0.000000    0.000000    0.000000   clock __VIRTUAL_CLK__ (rise edge)
                                  0.000000    0.000000   clock network delay (ideal)
                                  2.000000    2.000000 ^ input external delay
    19    0.078554    0.356661    0.247017    2.247017 ^ B[5] (in)
                                                         B[5] (net)
                      0.356700    0.000000    2.247017 ^ _240_/C (sky130_fd_sc_hd__nand4_2)
     5    0.015282    0.162619    0.209538    2.456555 v _240_/Y (sky130_fd_sc_hd__nand4_2)
                                                         _173_ (net)
                      0.162619    0.000063    2.456618 v _313_/C (sky130_fd_sc_hd__and3_2)
     3    0.008751    0.051745    0.277651    2.734269 v _313_/X (sky130_fd_sc_hd__and3_2)
                                                         _012_ (net)
                      0.051745    0.000028    2.734297 v _316_/B (sky130_fd_sc_hd__or3_2)
     4    0.011042    0.107164    0.490952    3.225249 v _316_/X (sky130_fd_sc_hd__or3_2)
                                                         _015_ (net)
                      0.107164    0.000027    3.225276 v _391_/D (sky130_fd_sc_hd__and4_2)
     2    0.007425    0.050508    0.270809    3.496085 v _391_/X (sky130_fd_sc_hd__and4_2)
                                                         _087_ (net)
                      0.050508    0.000048    3.496133 v _396_/A2 (sky130_fd_sc_hd__o31a_2)
     4    0.008375    0.064494    0.341066    3.837198 v _396_/X (sky130_fd_sc_hd__o31a_2)
                                                         _092_ (net)
                      0.064494    0.000090    3.837288 v _404_/A (sky130_fd_sc_hd__or4bb_2)
     3    0.008389    0.114696    0.664452    4.501741 v _404_/X (sky130_fd_sc_hd__or4bb_2)
                                                         _100_ (net)
                      0.114696    0.000053    4.501794 v _406_/B (sky130_fd_sc_hd__and3_2)
     3    0.009585    0.053916    0.243239    4.745033 v _406_/X (sky130_fd_sc_hd__and3_2)
                                                         _102_ (net)
                      0.053916    0.000030    4.745063 v _410_/A1 (sky130_fd_sc_hd__o211a_2)
     1    0.002320    0.038912    0.251492    4.996555 v _410_/X (sky130_fd_sc_hd__o211a_2)
                                                         _106_ (net)
                      0.038912    0.000010    4.996565 v _411_/B (sky130_fd_sc_hd__or2_2)
     4    0.023115    0.105161    0.338824    5.335389 v _411_/X (sky130_fd_sc_hd__or2_2)
                                                         _107_ (net)
                      0.105161    0.000099    5.335488 v _451_/A1 (sky130_fd_sc_hd__o311ai_2)
     1    0.002771    0.202924    0.280834    5.616323 ^ _451_/Y (sky130_fd_sc_hd__o311ai_2)
                                                         _145_ (net)
                      0.202924    0.000004    5.616327 ^ _452_/B1 (sky130_fd_sc_hd__a31o_2)
     3    0.019409    0.122851    0.201636    5.817963 ^ _452_/X (sky130_fd_sc_hd__a31o_2)
                                                         _146_ (net)
                      0.122851    0.000247    5.818210 ^ _463_/A2 (sky130_fd_sc_hd__o211a_2)
     3    0.022027    0.140009    0.259205    6.077415 ^ _463_/X (sky130_fd_sc_hd__o211a_2)
                                                         _156_ (net)
                      0.140009    0.000298    6.077713 ^ _471_/A1 (sky130_fd_sc_hd__a21o_2)
     1    0.034597    0.176614    0.249557    6.327270 ^ _471_/X (sky130_fd_sc_hd__a21o_2)
                                                         P[15] (net)
                      0.176614    0.000182    6.327451 ^ P[15] (out)
                                              6.327451   data arrival time

                      0.000000   10.000000   10.000000   clock __VIRTUAL_CLK__ (rise edge)
                                  0.000000   10.000000   clock network delay (ideal)
                                 -0.250000    9.750000   clock uncertainty
                                  0.000000    9.750000   clock reconvergence pessimism
                                 -2.000000    7.750000   output external delay
                                              7.750000   data required time
---------------------------------------------------------------------------------------------
                                              7.750000   data required time
                                             -6.327451   data arrival time
---------------------------------------------------------------------------------------------
                                              1.422549   slack (MET)


Startpoint: B[5] (input port clocked by __VIRTUAL_CLK__)
Endpoint: P[13] (output port clocked by __VIRTUAL_CLK__)
Path Group: __VIRTUAL_CLK__
Path Type: max

Fanout         Cap        Slew       Delay        Time   Description
---------------------------------------------------------------------------------------------
                      0.000000    0.000000    0.000000   clock __VIRTUAL_CLK__ (rise edge)
                                  0.000000    0.000000   clock network delay (ideal)
                                  2.000000    2.000000 ^ input external delay
    19    0.078554    0.356661    0.247017    2.247017 ^ B[5] (in)
                                                         B[5] (net)
                      0.356700    0.000000    2.247017 ^ _240_/C (sky130_fd_sc_hd__nand4_2)
     5    0.015282    0.162619    0.209538    2.456555 v _240_/Y (sky130_fd_sc_hd__nand4_2)
                                                         _173_ (net)
                      0.162619    0.000063    2.456618 v _313_/C (sky130_fd_sc_hd__and3_2)
     3    0.008751    0.051745    0.277651    2.734269 v _313_/X (sky130_fd_sc_hd__and3_2)
                                                         _012_ (net)
                      0.051745    0.000028    2.734297 v _316_/B (sky130_fd_sc_hd__or3_2)
     4    0.011042    0.107164    0.490952    3.225249 v _316_/X (sky130_fd_sc_hd__or3_2)
                                                         _015_ (net)
                      0.107164    0.000027    3.225276 v _391_/D (sky130_fd_sc_hd__and4_2)
     2    0.007425    0.050508    0.270809    3.496085 v _391_/X (sky130_fd_sc_hd__and4_2)
                                                         _087_ (net)
                      0.050508    0.000048    3.496133 v _396_/A2 (sky130_fd_sc_hd__o31a_2)
     4    0.008375    0.064494    0.341066    3.837198 v _396_/X (sky130_fd_sc_hd__o31a_2)
                                                         _092_ (net)
                      0.064494    0.000090    3.837288 v _404_/A (sky130_fd_sc_hd__or4bb_2)
     3    0.008389    0.114696    0.664452    4.501741 v _404_/X (sky130_fd_sc_hd__or4bb_2)
                                                         _100_ (net)
                      0.114696    0.000053    4.501794 v _406_/B (sky130_fd_sc_hd__and3_2)
     3    0.009585    0.053916    0.243239    4.745033 v _406_/X (sky130_fd_sc_hd__and3_2)
                                                         _102_ (net)
                      0.053916    0.000030    4.745063 v _410_/A1 (sky130_fd_sc_hd__o211a_2)
     1    0.002320    0.038912    0.251492    4.996555 v _410_/X (sky130_fd_sc_hd__o211a_2)
                                                         _106_ (net)
                      0.038912    0.000010    4.996565 v _411_/B (sky130_fd_sc_hd__or2_2)
     4    0.023115    0.105161    0.338824    5.335389 v _411_/X (sky130_fd_sc_hd__or2_2)
                                                         _107_ (net)
                      0.105161    0.000099    5.335488 v _451_/A1 (sky130_fd_sc_hd__o311ai_2)
     1    0.002771    0.202924    0.280834    5.616323 ^ _451_/Y (sky130_fd_sc_hd__o311ai_2)
                                                         _145_ (net)
                      0.202924    0.000004    5.616327 ^ _452_/B1 (sky130_fd_sc_hd__a31o_2)
     3    0.019409    0.122851    0.201636    5.817963 ^ _452_/X (sky130_fd_sc_hd__a31o_2)
                                                         _146_ (net)
                      0.122851    0.000244    5.818207 ^ _462_/A2 (sky130_fd_sc_hd__a211oi_2)
     1    0.004565    0.055360    0.085796    5.904003 v _462_/Y (sky130_fd_sc_hd__a211oi_2)
                                                         _155_ (net)
                      0.055360    0.000009    5.904013 v _464_/A (sky130_fd_sc_hd__nor2_2)
     1    0.037907    0.415046    0.357050    6.261062 ^ _464_/Y (sky130_fd_sc_hd__nor2_2)
                                                         P[13] (net)
                      0.415050    0.001086    6.262148 ^ P[13] (out)
                                              6.262148   data arrival time

                      0.000000   10.000000   10.000000   clock __VIRTUAL_CLK__ (rise edge)
                                  0.000000   10.000000   clock network delay (ideal)
                                 -0.250000    9.750000   clock uncertainty
                                  0.000000    9.750000   clock reconvergence pessimism
                                 -2.000000    7.750000   output external delay
                                              7.750000   data required time
---------------------------------------------------------------------------------------------
                                              7.750000   data required time
                                             -6.262148   data arrival time
---------------------------------------------------------------------------------------------
                                              1.487852   slack (MET)


Startpoint: B[1] (input port clocked by __VIRTUAL_CLK__)
Endpoint: P[9] (output port clocked by __VIRTUAL_CLK__)
Path Group: __VIRTUAL_CLK__
Path Type: max

Fanout         Cap        Slew       Delay        Time   Description
---------------------------------------------------------------------------------------------
                      0.000000    0.000000    0.000000   clock __VIRTUAL_CLK__ (rise edge)
                                  0.000000    0.000000   clock network delay (ideal)
                                  2.000000    2.000000 ^ input external delay
    18    0.071582    0.325565    0.226363    2.226363 ^ B[1] (in)
                                                         B[1] (net)
                      0.325631    0.000000    2.226363 ^ _247_/D (sky130_fd_sc_hd__nand4_2)
     5    0.015598    0.175399    0.205809    2.432172 v _247_/Y (sky130_fd_sc_hd__nand4_2)
                                                         _180_ (net)
                      0.175399    0.000046    2.432218 v _249_/S (sky130_fd_sc_hd__mux2_1)
     4    0.017393    0.121345    0.433666    2.865884 v _249_/X (sky130_fd_sc_hd__mux2_1)
                                                         _182_ (net)
                      0.121345    0.000102    2.865986 v _252_/B (sky130_fd_sc_hd__xor2_2)
     3    0.008172    0.073503    0.180844    3.046830 v _252_/X (sky130_fd_sc_hd__xor2_2)
                                                         _185_ (net)
                      0.073503    0.000007    3.046837 v _257_/B (sky130_fd_sc_hd__and3_2)
     3    0.010235    0.055670    0.227091    3.273928 v _257_/X (sky130_fd_sc_hd__and3_2)
                                                         _190_ (net)
                      0.055670    0.000135    3.274063 v _277_/A (sky130_fd_sc_hd__or4_2)
     3    0.009054    0.123538    0.699731    3.973794 v _277_/X (sky130_fd_sc_hd__or4_2)
                                                         _210_ (net)
                      0.123538    0.000048    3.973841 v _280_/A2 (sky130_fd_sc_hd__a21o_2)
     3    0.009227    0.049461    0.256562    4.230404 v _280_/X (sky130_fd_sc_hd__a21o_2)
                                                         _213_ (net)
                      0.049461    0.000046    4.230450 v _283_/A2 (sky130_fd_sc_hd__a21o_2)
     2    0.007579    0.045185    0.222176    4.452626 v _283_/X (sky130_fd_sc_hd__a21o_2)
                                                         _216_ (net)
                      0.045185    0.000021    4.452647 v _292_/C1 (sky130_fd_sc_hd__o211a_2)
     4    0.013843    0.066104    0.142031    4.594678 v _292_/X (sky130_fd_sc_hd__o211a_2)
                                                         _225_ (net)
                      0.066104    0.000066    4.594744 v _301_/A (sky130_fd_sc_hd__or3_2)
     3    0.008870    0.096042    0.508038    5.102782 v _301_/X (sky130_fd_sc_hd__or3_2)
                                                         _001_ (net)
                      0.096042    0.000055    5.102837 v _356_/A1 (sky130_fd_sc_hd__a21oi_2)
     4    0.025289    0.320010    0.314087    5.416924 ^ _356_/Y (sky130_fd_sc_hd__a21oi_2)
                                                         _054_ (net)
                      0.320012    0.000625    5.417548 ^ _357_/B (sky130_fd_sc_hd__and2b_2)
     1    0.004834    0.048676    0.204478    5.622026 ^ _357_/X (sky130_fd_sc_hd__and2b_2)
                                                         _055_ (net)
                      0.048676    0.000002    5.622028 ^ _359_/B (sky130_fd_sc_hd__nor2_2)
     1    0.008612    0.054788    0.042248    5.664276 v _359_/Y (sky130_fd_sc_hd__nor2_2)
                                                         _056_ (net)
                      0.054788    0.000017    5.664292 v _384_/A (sky130_fd_sc_hd__xnor2_2)
     1    0.038321    0.498755    0.433756    6.098049 ^ _384_/Y (sky130_fd_sc_hd__xnor2_2)
                                                         P[9] (net)
                      0.498756    0.000782    6.098831 ^ P[9] (out)
                                              6.098831   data arrival time

                      0.000000   10.000000   10.000000   clock __VIRTUAL_CLK__ (rise edge)
                                  0.000000   10.000000   clock network delay (ideal)
                                 -0.250000    9.750000   clock uncertainty
                                  0.000000    9.750000   clock reconvergence pessimism
                                 -2.000000    7.750000   output external delay
                                              7.750000   data required time
---------------------------------------------------------------------------------------------
                                              7.750000   data required time
                                             -6.098831   data arrival time
---------------------------------------------------------------------------------------------
                                              1.651169   slack (MET)


Startpoint: B[5] (input port clocked by __VIRTUAL_CLK__)
Endpoint: P[12] (output port clocked by __VIRTUAL_CLK__)
Path Group: __VIRTUAL_CLK__
Path Type: max

Fanout         Cap        Slew       Delay        Time   Description
---------------------------------------------------------------------------------------------
                      0.000000    0.000000    0.000000   clock __VIRTUAL_CLK__ (rise edge)
                                  0.000000    0.000000   clock network delay (ideal)
                                  2.000000    2.000000 ^ input external delay
    19    0.078554    0.356661    0.247017    2.247017 ^ B[5] (in)
                                                         B[5] (net)
                      0.356700    0.000000    2.247017 ^ _240_/C (sky130_fd_sc_hd__nand4_2)
     5    0.015282    0.162619    0.209538    2.456555 v _240_/Y (sky130_fd_sc_hd__nand4_2)
                                                         _173_ (net)
                      0.162619    0.000063    2.456618 v _313_/C (sky130_fd_sc_hd__and3_2)
     3    0.008751    0.051745    0.277651    2.734269 v _313_/X (sky130_fd_sc_hd__and3_2)
                                                         _012_ (net)
                      0.051745    0.000028    2.734297 v _316_/B (sky130_fd_sc_hd__or3_2)
     4    0.011042    0.107164    0.490952    3.225249 v _316_/X (sky130_fd_sc_hd__or3_2)
                                                         _015_ (net)
                      0.107164    0.000027    3.225276 v _391_/D (sky130_fd_sc_hd__and4_2)
     2    0.007425    0.050508    0.270809    3.496085 v _391_/X (sky130_fd_sc_hd__and4_2)
                                                         _087_ (net)
                      0.050508    0.000048    3.496133 v _396_/A2 (sky130_fd_sc_hd__o31a_2)
     4    0.008375    0.064494    0.341066    3.837198 v _396_/X (sky130_fd_sc_hd__o31a_2)
                                                         _092_ (net)
                      0.064494    0.000090    3.837288 v _404_/A (sky130_fd_sc_hd__or4bb_2)
     3    0.008389    0.114696    0.664452    4.501741 v _404_/X (sky130_fd_sc_hd__or4bb_2)
                                                         _100_ (net)
                      0.114696    0.000053    4.501794 v _406_/B (sky130_fd_sc_hd__and3_2)
     3    0.009585    0.053916    0.243239    4.745033 v _406_/X (sky130_fd_sc_hd__and3_2)
                                                         _102_ (net)
                      0.053916    0.000030    4.745063 v _410_/A1 (sky130_fd_sc_hd__o211a_2)
     1    0.002320    0.038912    0.251492    4.996555 v _410_/X (sky130_fd_sc_hd__o211a_2)
                                                         _106_ (net)
                      0.038912    0.000010    4.996565 v _411_/B (sky130_fd_sc_hd__or2_2)
     4    0.023115    0.105161    0.338824    5.335389 v _411_/X (sky130_fd_sc_hd__or2_2)
                                                         _107_ (net)
                      0.105161    0.000099    5.335488 v _451_/A1 (sky130_fd_sc_hd__o311ai_2)
     1    0.002771    0.202924    0.280834    5.616323 ^ _451_/Y (sky130_fd_sc_hd__o311ai_2)
                                                         _145_ (net)
                      0.202924    0.000004    5.616327 ^ _452_/B1 (sky130_fd_sc_hd__a31o_2)
     3    0.019409    0.122851    0.201636    5.817963 ^ _452_/X (sky130_fd_sc_hd__a31o_2)
                                                         _146_ (net)
                      0.122851    0.000247    5.818210 ^ _453_/B (sky130_fd_sc_hd__xnor2_2)
     1    0.037862    0.493482    0.236270    6.054480 ^ _453_/Y (sky130_fd_sc_hd__xnor2_2)
                                                         P[12] (net)
                      0.493485    0.001075    6.055554 ^ P[12] (out)
                                              6.055554   data arrival time

                      0.000000   10.000000   10.000000   clock __VIRTUAL_CLK__ (rise edge)
                                  0.000000   10.000000   clock network delay (ideal)
                                 -0.250000    9.750000   clock uncertainty
                                  0.000000    9.750000   clock reconvergence pessimism
                                 -2.000000    7.750000   output external delay
                                              7.750000   data required time
---------------------------------------------------------------------------------------------
                                              7.750000   data required time
                                             -6.055554   data arrival time
---------------------------------------------------------------------------------------------
                                              1.694445   slack (MET)


Startpoint: B[1] (input port clocked by __VIRTUAL_CLK__)
Endpoint: P[10] (output port clocked by __VIRTUAL_CLK__)
Path Group: __VIRTUAL_CLK__
Path Type: max

Fanout         Cap        Slew       Delay        Time   Description
---------------------------------------------------------------------------------------------
                      0.000000    0.000000    0.000000   clock __VIRTUAL_CLK__ (rise edge)
                                  0.000000    0.000000   clock network delay (ideal)
                                  2.000000    2.000000 ^ input external delay
    18    0.071582    0.325565    0.226363    2.226363 ^ B[1] (in)
                                                         B[1] (net)
                      0.325631    0.000000    2.226363 ^ _247_/D (sky130_fd_sc_hd__nand4_2)
     5    0.015598    0.175399    0.205809    2.432172 v _247_/Y (sky130_fd_sc_hd__nand4_2)
                                                         _180_ (net)
                      0.175399    0.000046    2.432218 v _249_/S (sky130_fd_sc_hd__mux2_1)
     4    0.017393    0.121345    0.433666    2.865884 v _249_/X (sky130_fd_sc_hd__mux2_1)
                                                         _182_ (net)
                      0.121345    0.000102    2.865986 v _252_/B (sky130_fd_sc_hd__xor2_2)
     3    0.008172    0.073503    0.180844    3.046830 v _252_/X (sky130_fd_sc_hd__xor2_2)
                                                         _185_ (net)
                      0.073503    0.000007    3.046837 v _257_/B (sky130_fd_sc_hd__and3_2)
     3    0.010235    0.055670    0.227091    3.273928 v _257_/X (sky130_fd_sc_hd__and3_2)
                                                         _190_ (net)
                      0.055670    0.000135    3.274063 v _277_/A (sky130_fd_sc_hd__or4_2)
     3    0.009054    0.123538    0.699731    3.973794 v _277_/X (sky130_fd_sc_hd__or4_2)
                                                         _210_ (net)
                      0.123538    0.000048    3.973841 v _280_/A2 (sky130_fd_sc_hd__a21o_2)
     3    0.009227    0.049461    0.256562    4.230404 v _280_/X (sky130_fd_sc_hd__a21o_2)
                                                         _213_ (net)
                      0.049461    0.000046    4.230450 v _283_/A2 (sky130_fd_sc_hd__a21o_2)
     2    0.007579    0.045185    0.222176    4.452626 v _283_/X (sky130_fd_sc_hd__a21o_2)
                                                         _216_ (net)
                      0.045185    0.000021    4.452647 v _292_/C1 (sky130_fd_sc_hd__o211a_2)
     4    0.013843    0.066104    0.142031    4.594678 v _292_/X (sky130_fd_sc_hd__o211a_2)
                                                         _225_ (net)
                      0.066104    0.000066    4.594744 v _301_/A (sky130_fd_sc_hd__or3_2)
     3    0.008870    0.096042    0.508038    5.102782 v _301_/X (sky130_fd_sc_hd__or3_2)
                                                         _001_ (net)
                      0.096042    0.000055    5.102837 v _356_/A1 (sky130_fd_sc_hd__a21oi_2)
     4    0.025289    0.320010    0.314087    5.416924 ^ _356_/Y (sky130_fd_sc_hd__a21oi_2)
                                                         _054_ (net)
                      0.320013    0.000725    5.417649 ^ _414_/A1 (sky130_fd_sc_hd__a21boi_2)
     2    0.012868    0.107164    0.132511    5.550160 v _414_/Y (sky130_fd_sc_hd__a21boi_2)
                                                         _110_ (net)
                      0.107164    0.000038    5.550198 v _415_/B (sky130_fd_sc_hd__xor2_2)
     1    0.038162    0.469912    0.413959    5.964157 ^ _415_/X (sky130_fd_sc_hd__xor2_2)
                                                         P[10] (net)
                      0.469916    0.001136    5.965293 ^ P[10] (out)
                                              5.965293   data arrival time

                      0.000000   10.000000   10.000000   clock __VIRTUAL_CLK__ (rise edge)
                                  0.000000   10.000000   clock network delay (ideal)
                                 -0.250000    9.750000   clock uncertainty
                                  0.000000    9.750000   clock reconvergence pessimism
                                 -2.000000    7.750000   output external delay
                                              7.750000   data required time
---------------------------------------------------------------------------------------------
                                              7.750000   data required time
                                             -5.965293   data arrival time
---------------------------------------------------------------------------------------------
                                              1.784707   slack (MET)


Startpoint: B[1] (input port clocked by __VIRTUAL_CLK__)
Endpoint: P[11] (output port clocked by __VIRTUAL_CLK__)
Path Group: __VIRTUAL_CLK__
Path Type: max

Fanout         Cap        Slew       Delay        Time   Description
---------------------------------------------------------------------------------------------
                      0.000000    0.000000    0.000000   clock __VIRTUAL_CLK__ (rise edge)
                                  0.000000    0.000000   clock network delay (ideal)
                                  2.000000    2.000000 ^ input external delay
    18    0.071582    0.325565    0.226363    2.226363 ^ B[1] (in)
                                                         B[1] (net)
                      0.325631    0.000000    2.226363 ^ _247_/D (sky130_fd_sc_hd__nand4_2)
     5    0.015598    0.175399    0.205809    2.432172 v _247_/Y (sky130_fd_sc_hd__nand4_2)
                                                         _180_ (net)
                      0.175399    0.000046    2.432218 v _249_/S (sky130_fd_sc_hd__mux2_1)
     4    0.017393    0.121345    0.433666    2.865884 v _249_/X (sky130_fd_sc_hd__mux2_1)
                                                         _182_ (net)
                      0.121345    0.000102    2.865986 v _252_/B (sky130_fd_sc_hd__xor2_2)
     3    0.008172    0.073503    0.180844    3.046830 v _252_/X (sky130_fd_sc_hd__xor2_2)
                                                         _185_ (net)
                      0.073503    0.000007    3.046837 v _257_/B (sky130_fd_sc_hd__and3_2)
     3    0.010235    0.055670    0.227091    3.273928 v _257_/X (sky130_fd_sc_hd__and3_2)
                                                         _190_ (net)
                      0.055670    0.000135    3.274063 v _277_/A (sky130_fd_sc_hd__or4_2)
     3    0.009054    0.123538    0.699731    3.973794 v _277_/X (sky130_fd_sc_hd__or4_2)
                                                         _210_ (net)
                      0.123538    0.000048    3.973841 v _280_/A2 (sky130_fd_sc_hd__a21o_2)
     3    0.009227    0.049461    0.256562    4.230404 v _280_/X (sky130_fd_sc_hd__a21o_2)
                                                         _213_ (net)
                      0.049461    0.000046    4.230450 v _283_/A2 (sky130_fd_sc_hd__a21o_2)
     2    0.007579    0.045185    0.222176    4.452626 v _283_/X (sky130_fd_sc_hd__a21o_2)
                                                         _216_ (net)
                      0.045185    0.000021    4.452647 v _292_/C1 (sky130_fd_sc_hd__o211a_2)
     4    0.013843    0.066104    0.142031    4.594678 v _292_/X (sky130_fd_sc_hd__o211a_2)
                                                         _225_ (net)
                      0.066104    0.000066    4.594744 v _301_/A (sky130_fd_sc_hd__or3_2)
     3    0.008870    0.096042    0.508038    5.102782 v _301_/X (sky130_fd_sc_hd__or3_2)
                                                         _001_ (net)
                      0.096042    0.000055    5.102837 v _356_/A1 (sky130_fd_sc_hd__a21oi_2)
     4    0.025289    0.320010    0.314087    5.416924 ^ _356_/Y (sky130_fd_sc_hd__a21oi_2)
                                                         _054_ (net)
                      0.320013    0.000725    5.417649 ^ _414_/A1 (sky130_fd_sc_hd__a21boi_2)
     2    0.012868    0.107164    0.132511    5.550160 v _414_/Y (sky130_fd_sc_hd__a21boi_2)
                                                         _110_ (net)
                      0.107164    0.000033    5.550193 v _433_/A2 (sky130_fd_sc_hd__o21ai_2)
     1    0.008826    0.146660    0.169083    5.719276 ^ _433_/Y (sky130_fd_sc_hd__o21ai_2)
                                                         _128_ (net)
                      0.146660    0.000023    5.719298 ^ _434_/B (sky130_fd_sc_hd__xnor2_2)
     1    0.037795    0.492052    0.240301    5.959599 ^ _434_/Y (sky130_fd_sc_hd__xnor2_2)
                                                         P[11] (net)
                      0.492055    0.001052    5.960651 ^ P[11] (out)
                                              5.960651   data arrival time

                      0.000000   10.000000   10.000000   clock __VIRTUAL_CLK__ (rise edge)
                                  0.000000   10.000000   clock network delay (ideal)
                                 -0.250000    9.750000   clock uncertainty
                                  0.000000    9.750000   clock reconvergence pessimism
                                 -2.000000    7.750000   output external delay
                                              7.750000   data required time
---------------------------------------------------------------------------------------------
                                              7.750000   data required time
                                             -5.960651   data arrival time
---------------------------------------------------------------------------------------------
                                              1.789349   slack (MET)


Startpoint: B[1] (input port clocked by __VIRTUAL_CLK__)
Endpoint: P[7] (output port clocked by __VIRTUAL_CLK__)
Path Group: __VIRTUAL_CLK__
Path Type: max

Fanout         Cap        Slew       Delay        Time   Description
---------------------------------------------------------------------------------------------
                      0.000000    0.000000    0.000000   clock __VIRTUAL_CLK__ (rise edge)
                                  0.000000    0.000000   clock network delay (ideal)
                                  2.000000    2.000000 ^ input external delay
    18    0.071582    0.325565    0.226363    2.226363 ^ B[1] (in)
                                                         B[1] (net)
                      0.325631    0.000000    2.226363 ^ _247_/D (sky130_fd_sc_hd__nand4_2)
     5    0.015598    0.175399    0.205809    2.432172 v _247_/Y (sky130_fd_sc_hd__nand4_2)
                                                         _180_ (net)
                      0.175399    0.000046    2.432218 v _249_/S (sky130_fd_sc_hd__mux2_1)
     4    0.017393    0.121345    0.433666    2.865884 v _249_/X (sky130_fd_sc_hd__mux2_1)
                                                         _182_ (net)
                      0.121345    0.000102    2.865986 v _252_/B (sky130_fd_sc_hd__xor2_2)
     3    0.008172    0.073503    0.180844    3.046830 v _252_/X (sky130_fd_sc_hd__xor2_2)
                                                         _185_ (net)
                      0.073503    0.000007    3.046837 v _257_/B (sky130_fd_sc_hd__and3_2)
     3    0.010235    0.055670    0.227091    3.273928 v _257_/X (sky130_fd_sc_hd__and3_2)
                                                         _190_ (net)
                      0.055670    0.000135    3.274063 v _277_/A (sky130_fd_sc_hd__or4_2)
     3    0.009054    0.123538    0.699731    3.973794 v _277_/X (sky130_fd_sc_hd__or4_2)
                                                         _210_ (net)
                      0.123538    0.000048    3.973841 v _280_/A2 (sky130_fd_sc_hd__a21o_2)
     3    0.009227    0.049461    0.256562    4.230404 v _280_/X (sky130_fd_sc_hd__a21o_2)
                                                         _213_ (net)
                      0.049461    0.000046    4.230450 v _283_/A2 (sky130_fd_sc_hd__a21o_2)
     2    0.007579    0.045185    0.222176    4.452626 v _283_/X (sky130_fd_sc_hd__a21o_2)
                                                         _216_ (net)
                      0.045185    0.000021    4.452647 v _292_/C1 (sky130_fd_sc_hd__o211a_2)
     4    0.013843    0.066104    0.142031    4.594678 v _292_/X (sky130_fd_sc_hd__o211a_2)
                                                         _225_ (net)
                      0.066104    0.000066    4.594744 v _301_/A (sky130_fd_sc_hd__or3_2)
     3    0.008870    0.096042    0.508038    5.102782 v _301_/X (sky130_fd_sc_hd__or3_2)
                                                         _001_ (net)
                      0.096042    0.000041    5.102823 v _327_/B (sky130_fd_sc_hd__and2b_2)
     1    0.008445    0.049120    0.228456    5.331279 v _327_/X (sky130_fd_sc_hd__and2b_2)
                                                         _026_ (net)
                      0.049120    0.000020    5.331299 v _328_/B (sky130_fd_sc_hd__xnor2_2)
     1    0.036447    0.476936    0.390515    5.721813 ^ _328_/Y (sky130_fd_sc_hd__xnor2_2)
                                                         P[7] (net)
                      0.476937    0.000492    5.722305 ^ P[7] (out)
                                              5.722305   data arrival time

                      0.000000   10.000000   10.000000   clock __VIRTUAL_CLK__ (rise edge)
                                  0.000000   10.000000   clock network delay (ideal)
                                 -0.250000    9.750000   clock uncertainty
                                  0.000000    9.750000   clock reconvergence pessimism
                                 -2.000000    7.750000   output external delay
                                              7.750000   data required time
---------------------------------------------------------------------------------------------
                                              7.750000   data required time
                                             -5.722305   data arrival time
---------------------------------------------------------------------------------------------
                                              2.027695   slack (MET)


Startpoint: B[1] (input port clocked by __VIRTUAL_CLK__)
Endpoint: P[8] (output port clocked by __VIRTUAL_CLK__)
Path Group: __VIRTUAL_CLK__
Path Type: max

Fanout         Cap        Slew       Delay        Time   Description
---------------------------------------------------------------------------------------------
                      0.000000    0.000000    0.000000   clock __VIRTUAL_CLK__ (rise edge)
                                  0.000000    0.000000   clock network delay (ideal)
                                  2.000000    2.000000 ^ input external delay
    18    0.071582    0.325565    0.226363    2.226363 ^ B[1] (in)
                                                         B[1] (net)
                      0.325631    0.000000    2.226363 ^ _247_/D (sky130_fd_sc_hd__nand4_2)
     5    0.015598    0.175399    0.205809    2.432172 v _247_/Y (sky130_fd_sc_hd__nand4_2)
                                                         _180_ (net)
                      0.175399    0.000046    2.432218 v _249_/S (sky130_fd_sc_hd__mux2_1)
     4    0.017393    0.121345    0.433666    2.865884 v _249_/X (sky130_fd_sc_hd__mux2_1)
                                                         _182_ (net)
                      0.121345    0.000102    2.865986 v _252_/B (sky130_fd_sc_hd__xor2_2)
     3    0.008172    0.073503    0.180844    3.046830 v _252_/X (sky130_fd_sc_hd__xor2_2)
                                                         _185_ (net)
                      0.073503    0.000007    3.046837 v _257_/B (sky130_fd_sc_hd__and3_2)
     3    0.010235    0.055670    0.227091    3.273928 v _257_/X (sky130_fd_sc_hd__and3_2)
                                                         _190_ (net)
                      0.055670    0.000135    3.274063 v _277_/A (sky130_fd_sc_hd__or4_2)
     3    0.009054    0.123538    0.699731    3.973794 v _277_/X (sky130_fd_sc_hd__or4_2)
                                                         _210_ (net)
                      0.123538    0.000048    3.973841 v _280_/A2 (sky130_fd_sc_hd__a21o_2)
     3    0.009227    0.049461    0.256562    4.230404 v _280_/X (sky130_fd_sc_hd__a21o_2)
                                                         _213_ (net)
                      0.049461    0.000046    4.230450 v _283_/A2 (sky130_fd_sc_hd__a21o_2)
     2    0.007579    0.045185    0.222176    4.452626 v _283_/X (sky130_fd_sc_hd__a21o_2)
                                                         _216_ (net)
                      0.045185    0.000021    4.452647 v _292_/C1 (sky130_fd_sc_hd__o211a_2)
     4    0.013843    0.066104    0.142031    4.594678 v _292_/X (sky130_fd_sc_hd__o211a_2)
                                                         _225_ (net)
                      0.066104    0.000066    4.594744 v _301_/A (sky130_fd_sc_hd__or3_2)
     3    0.008870    0.096042    0.508038    5.102782 v _301_/X (sky130_fd_sc_hd__or3_2)
                                                         _001_ (net)
                      0.096042    0.000055    5.102837 v _356_/A1 (sky130_fd_sc_hd__a21oi_2)
     4    0.025289    0.320010    0.314087    5.416924 ^ _356_/Y (sky130_fd_sc_hd__a21oi_2)
                                                         _054_ (net)
                      0.320012    0.000597    5.417521 ^ _358_/B (sky130_fd_sc_hd__xnor2_2)
     1    0.037243    0.485779    0.265833    5.683353 ^ _358_/Y (sky130_fd_sc_hd__xnor2_2)
                                                         P[8] (net)
                      0.485780    0.000590    5.683944 ^ P[8] (out)
                                              5.683944   data arrival time

                      0.000000   10.000000   10.000000   clock __VIRTUAL_CLK__ (rise edge)
                                  0.000000   10.000000   clock network delay (ideal)
                                 -0.250000    9.750000   clock uncertainty
                                  0.000000    9.750000   clock reconvergence pessimism
                                 -2.000000    7.750000   output external delay
                                              7.750000   data required time
---------------------------------------------------------------------------------------------
                                              7.750000   data required time
                                             -5.683944   data arrival time
---------------------------------------------------------------------------------------------
                                              2.066056   slack (MET)


Startpoint: B[1] (input port clocked by __VIRTUAL_CLK__)
Endpoint: P[6] (output port clocked by __VIRTUAL_CLK__)
Path Group: __VIRTUAL_CLK__
Path Type: max

Fanout         Cap        Slew       Delay        Time   Description
---------------------------------------------------------------------------------------------
                      0.000000    0.000000    0.000000   clock __VIRTUAL_CLK__ (rise edge)
                                  0.000000    0.000000   clock network delay (ideal)
                                  2.000000    2.000000 ^ input external delay
    18    0.071582    0.325565    0.226363    2.226363 ^ B[1] (in)
                                                         B[1] (net)
                      0.325631    0.000000    2.226363 ^ _247_/D (sky130_fd_sc_hd__nand4_2)
     5    0.015598    0.175399    0.205809    2.432172 v _247_/Y (sky130_fd_sc_hd__nand4_2)
                                                         _180_ (net)
                      0.175399    0.000046    2.432218 v _249_/S (sky130_fd_sc_hd__mux2_1)
     4    0.017393    0.121345    0.433666    2.865884 v _249_/X (sky130_fd_sc_hd__mux2_1)
                                                         _182_ (net)
                      0.121345    0.000102    2.865986 v _252_/B (sky130_fd_sc_hd__xor2_2)
     3    0.008172    0.073503    0.180844    3.046830 v _252_/X (sky130_fd_sc_hd__xor2_2)
                                                         _185_ (net)
                      0.073503    0.000007    3.046837 v _257_/B (sky130_fd_sc_hd__and3_2)
     3    0.010235    0.055670    0.227091    3.273928 v _257_/X (sky130_fd_sc_hd__and3_2)
                                                         _190_ (net)
                      0.055670    0.000135    3.274063 v _277_/A (sky130_fd_sc_hd__or4_2)
     3    0.009054    0.123538    0.699731    3.973794 v _277_/X (sky130_fd_sc_hd__or4_2)
                                                         _210_ (net)
                      0.123538    0.000048    3.973841 v _280_/A2 (sky130_fd_sc_hd__a21o_2)
     3    0.009227    0.049461    0.256562    4.230404 v _280_/X (sky130_fd_sc_hd__a21o_2)
                                                         _213_ (net)
                      0.049461    0.000046    4.230450 v _283_/A2 (sky130_fd_sc_hd__a21o_2)
     2    0.007579    0.045185    0.222176    4.452626 v _283_/X (sky130_fd_sc_hd__a21o_2)
                                                         _216_ (net)
                      0.045185    0.000021    4.452647 v _292_/C1 (sky130_fd_sc_hd__o211a_2)
     4    0.013843    0.066104    0.142031    4.594678 v _292_/X (sky130_fd_sc_hd__o211a_2)
                                                         _225_ (net)
                      0.066104    0.000066    4.594744 v _301_/A (sky130_fd_sc_hd__or3_2)
     3    0.008870    0.096042    0.508038    5.102782 v _301_/X (sky130_fd_sc_hd__or3_2)
                                                         _001_ (net)
                      0.096042    0.000028    5.102810 v _303_/A (sky130_fd_sc_hd__and2_2)
     1    0.036158    0.103944    0.266609    5.369419 v _303_/X (sky130_fd_sc_hd__and2_2)
                                                         P[6] (net)
                      0.103944    0.000426    5.369845 v P[6] (out)
                                              5.369845   data arrival time

                      0.000000   10.000000   10.000000   clock __VIRTUAL_CLK__ (rise edge)
                                  0.000000   10.000000   clock network delay (ideal)
                                 -0.250000    9.750000   clock uncertainty
                                  0.000000    9.750000   clock reconvergence pessimism
                                 -2.000000    7.750000   output external delay
                                              7.750000   data required time
---------------------------------------------------------------------------------------------
                                              7.750000   data required time
                                             -5.369845   data arrival time
---------------------------------------------------------------------------------------------
                                              2.380155   slack (MET)


Startpoint: B[1] (input port clocked by __VIRTUAL_CLK__)
Endpoint: P[5] (output port clocked by __VIRTUAL_CLK__)
Path Group: __VIRTUAL_CLK__
Path Type: max

Fanout         Cap        Slew       Delay        Time   Description
---------------------------------------------------------------------------------------------
                      0.000000    0.000000    0.000000   clock __VIRTUAL_CLK__ (rise edge)
                                  0.000000    0.000000   clock network delay (ideal)
                                  2.000000    2.000000 ^ input external delay
    18    0.071582    0.325565    0.226363    2.226363 ^ B[1] (in)
                                                         B[1] (net)
                      0.325631    0.000000    2.226363 ^ _247_/D (sky130_fd_sc_hd__nand4_2)
     5    0.015598    0.175399    0.205809    2.432172 v _247_/Y (sky130_fd_sc_hd__nand4_2)
                                                         _180_ (net)
                      0.175399    0.000046    2.432218 v _249_/S (sky130_fd_sc_hd__mux2_1)
     4    0.017393    0.121345    0.433666    2.865884 v _249_/X (sky130_fd_sc_hd__mux2_1)
                                                         _182_ (net)
                      0.121345    0.000133    2.866017 v _269_/B (sky130_fd_sc_hd__or4_2)
     2    0.007704    0.118557    0.692271    3.558288 v _269_/X (sky130_fd_sc_hd__or4_2)
                                                         _202_ (net)
                      0.118557    0.000012    3.558300 v _286_/B1 (sky130_fd_sc_hd__o41a_2)
     1    0.009526    0.081773    0.163799    3.722099 v _286_/X (sky130_fd_sc_hd__o41a_2)
                                                         _219_ (net)
                      0.081773    0.000074    3.722173 v _287_/B (sky130_fd_sc_hd__xnor2_2)
     2    0.011570    0.075711    0.164607    3.886781 v _287_/Y (sky130_fd_sc_hd__xnor2_2)
                                                         _220_ (net)
                      0.075711    0.000096    3.886877 v _290_/B (sky130_fd_sc_hd__xnor2_2)
     2    0.010765    0.072517    0.159490    4.046367 v _290_/Y (sky130_fd_sc_hd__xnor2_2)
                                                         _223_ (net)
                      0.072517    0.000051    4.046418 v _294_/B (sky130_fd_sc_hd__xnor2_2)
     2    0.006417    0.057251    0.143934    4.190351 v _294_/Y (sky130_fd_sc_hd__xnor2_2)
                                                         _227_ (net)
                      0.057251    0.000018    4.190370 v _472_/A (sky130_fd_sc_hd__or3_2)
     1    0.001835    0.071497    0.459459    4.649828 v _472_/X (sky130_fd_sc_hd__or3_2)
                                                         _162_ (net)
                      0.071497    0.000004    4.649832 v _473_/B (sky130_fd_sc_hd__and2_2)
     1    0.034693    0.104812    0.274755    4.924587 v _473_/X (sky130_fd_sc_hd__and2_2)
                                                         P[5] (net)
                      0.104812    0.000187    4.924774 v P[5] (out)
                                              4.924774   data arrival time

                      0.000000   10.000000   10.000000   clock __VIRTUAL_CLK__ (rise edge)
                                  0.000000   10.000000   clock network delay (ideal)
                                 -0.250000    9.750000   clock uncertainty
                                  0.000000    9.750000   clock reconvergence pessimism
                                 -2.000000    7.750000   output external delay
                                              7.750000   data required time
---------------------------------------------------------------------------------------------
                                              7.750000   data required time
                                             -4.924774   data arrival time
---------------------------------------------------------------------------------------------
                                              2.825226   slack (MET)


Startpoint: B[1] (input port clocked by __VIRTUAL_CLK__)
Endpoint: P[4] (output port clocked by __VIRTUAL_CLK__)
Path Group: __VIRTUAL_CLK__
Path Type: max

Fanout         Cap        Slew       Delay        Time   Description
---------------------------------------------------------------------------------------------
                      0.000000    0.000000    0.000000   clock __VIRTUAL_CLK__ (rise edge)
                                  0.000000    0.000000   clock network delay (ideal)
                                  2.000000    2.000000 ^ input external delay
    18    0.071582    0.325565    0.226363    2.226363 ^ B[1] (in)
                                                         B[1] (net)
                      0.325631    0.000000    2.226363 ^ _247_/D (sky130_fd_sc_hd__nand4_2)
     5    0.015598    0.175399    0.205809    2.432172 v _247_/Y (sky130_fd_sc_hd__nand4_2)
                                                         _180_ (net)
                      0.175399    0.000052    2.432223 v _264_/A (sky130_fd_sc_hd__and4_2)
     4    0.011823    0.060490    0.261283    2.693506 v _264_/X (sky130_fd_sc_hd__and4_2)
                                                         _197_ (net)
                      0.060490    0.000059    2.693566 v _268_/A (sky130_fd_sc_hd__or2_2)
     2    0.011243    0.078728    0.331620    3.025186 v _268_/X (sky130_fd_sc_hd__or2_2)
                                                         _201_ (net)
                      0.078728    0.000042    3.025228 v _285_/B (sky130_fd_sc_hd__xnor2_2)
     1    0.008565    0.069511    0.153806    3.179034 v _285_/Y (sky130_fd_sc_hd__xnor2_2)
                                                         _218_ (net)
                      0.069511    0.000018    3.179052 v _296_/B (sky130_fd_sc_hd__xnor2_2)
     2    0.013459    0.082593    0.165324    3.344376 v _296_/Y (sky130_fd_sc_hd__xnor2_2)
                                                         _229_ (net)
                      0.082593    0.000224    3.344600 v _298_/B (sky130_fd_sc_hd__xnor2_2)
     2    0.006203    0.059082    0.147451    3.492052 v _298_/Y (sky130_fd_sc_hd__xnor2_2)
                                                         _231_ (net)
                      0.059082    0.000015    3.492067 v _299_/C (sky130_fd_sc_hd__and3_2)
     3    0.010272    0.057172    0.234876    3.726943 v _299_/X (sky130_fd_sc_hd__and3_2)
                                                         _232_ (net)
                      0.057172    0.000002    3.726945 v _481_/A (sky130_fd_sc_hd__nor2_2)
     1    0.034476    0.383971    0.333270    4.060215 ^ _481_/Y (sky130_fd_sc_hd__nor2_2)
                                                         P[4] (net)
                      0.383971    0.000146    4.060360 ^ P[4] (out)
                                              4.060360   data arrival time

                      0.000000   10.000000   10.000000   clock __VIRTUAL_CLK__ (rise edge)
                                  0.000000   10.000000   clock network delay (ideal)
                                 -0.250000    9.750000   clock uncertainty
                                  0.000000    9.750000   clock reconvergence pessimism
                                 -2.000000    7.750000   output external delay
                                              7.750000   data required time
---------------------------------------------------------------------------------------------
                                              7.750000   data required time
                                             -4.060360   data arrival time
---------------------------------------------------------------------------------------------
                                              3.689639   slack (MET)


Startpoint: B[1] (input port clocked by __VIRTUAL_CLK__)
Endpoint: P[3] (output port clocked by __VIRTUAL_CLK__)
Path Group: __VIRTUAL_CLK__
Path Type: max

Fanout         Cap        Slew       Delay        Time   Description
---------------------------------------------------------------------------------------------
                      0.000000    0.000000    0.000000   clock __VIRTUAL_CLK__ (rise edge)
                                  0.000000    0.000000   clock network delay (ideal)
                                  2.000000    2.000000 ^ input external delay
    18    0.071582    0.325565    0.226363    2.226363 ^ B[1] (in)
                                                         B[1] (net)
                      0.325631    0.000000    2.226363 ^ _247_/D (sky130_fd_sc_hd__nand4_2)
     5    0.015598    0.175399    0.205809    2.432172 v _247_/Y (sky130_fd_sc_hd__nand4_2)
                                                         _180_ (net)
                      0.175399    0.000046    2.432218 v _249_/S (sky130_fd_sc_hd__mux2_1)
     4    0.017393    0.121345    0.433666    2.865884 v _249_/X (sky130_fd_sc_hd__mux2_1)
                                                         _182_ (net)
                      0.121345    0.000102    2.865986 v _252_/B (sky130_fd_sc_hd__xor2_2)
     3    0.008172    0.073503    0.180844    3.046830 v _252_/X (sky130_fd_sc_hd__xor2_2)
                                                         _185_ (net)
                      0.073503    0.000024    3.046854 v _478_/A (sky130_fd_sc_hd__or2_2)
     1    0.001782    0.050661    0.290413    3.337266 v _478_/X (sky130_fd_sc_hd__or2_2)
                                                         _164_ (net)
                      0.050661    0.000003    3.337269 v _479_/B (sky130_fd_sc_hd__and2_2)
     1    0.035426    0.103664    0.266592    3.603861 v _479_/X (sky130_fd_sc_hd__and2_2)
                                                         P[3] (net)
                      0.103665    0.000464    3.604325 v P[3] (out)
                                              3.604325   data arrival time

                      0.000000   10.000000   10.000000   clock __VIRTUAL_CLK__ (rise edge)
                                  0.000000   10.000000   clock network delay (ideal)
                                 -0.250000    9.750000   clock uncertainty
                                  0.000000    9.750000   clock reconvergence pessimism
                                 -2.000000    7.750000   output external delay
                                              7.750000   data required time
---------------------------------------------------------------------------------------------
                                              7.750000   data required time
                                             -3.604325   data arrival time
---------------------------------------------------------------------------------------------
                                              4.145675   slack (MET)


Startpoint: B[1] (input port clocked by __VIRTUAL_CLK__)
Endpoint: P[2] (output port clocked by __VIRTUAL_CLK__)
Path Group: __VIRTUAL_CLK__
Path Type: max

Fanout         Cap        Slew       Delay        Time   Description
---------------------------------------------------------------------------------------------
                      0.000000    0.000000    0.000000   clock __VIRTUAL_CLK__ (rise edge)
                                  0.000000    0.000000   clock network delay (ideal)
                                  2.000000    2.000000 ^ input external delay
    18    0.071582    0.325565    0.226363    2.226363 ^ B[1] (in)
                                                         B[1] (net)
                      0.325631    0.000000    2.226363 ^ _247_/D (sky130_fd_sc_hd__nand4_2)
     5    0.015598    0.175399    0.205809    2.432172 v _247_/Y (sky130_fd_sc_hd__nand4_2)
                                                         _180_ (net)
                      0.175399    0.000036    2.432208 v _254_/C (sky130_fd_sc_hd__and4_2)
     4    0.013019    0.063003    0.311811    2.744018 v _254_/X (sky130_fd_sc_hd__and4_2)
                                                         _187_ (net)
                      0.063003    0.000038    2.744057 v _255_/A (sky130_fd_sc_hd__inv_2)
     2    0.006393    0.038801    0.059538    2.803595 ^ _255_/Y (sky130_fd_sc_hd__inv_2)
                                                         _188_ (net)
                      0.038801    0.000010    2.803605 ^ _477_/A (sky130_fd_sc_hd__and2_2)
     1    0.035247    0.186016    0.241690    3.045295 ^ _477_/X (sky130_fd_sc_hd__and2_2)
                                                         P[2] (net)
                      0.186016    0.000396    3.045691 ^ P[2] (out)
                                              3.045691   data arrival time

                      0.000000   10.000000   10.000000   clock __VIRTUAL_CLK__ (rise edge)
                                  0.000000   10.000000   clock network delay (ideal)
                                 -0.250000    9.750000   clock uncertainty
                                  0.000000    9.750000   clock reconvergence pessimism
                                 -2.000000    7.750000   output external delay
                                              7.750000   data required time
---------------------------------------------------------------------------------------------
                                              7.750000   data required time
                                             -3.045691   data arrival time
---------------------------------------------------------------------------------------------
                                              4.704309   slack (MET)


Startpoint: B[1] (input port clocked by __VIRTUAL_CLK__)
Endpoint: P[1] (output port clocked by __VIRTUAL_CLK__)
Path Group: __VIRTUAL_CLK__
Path Type: max

Fanout         Cap        Slew       Delay        Time   Description
---------------------------------------------------------------------------------------------
                      0.000000    0.000000    0.000000   clock __VIRTUAL_CLK__ (rise edge)
                                  0.000000    0.000000   clock network delay (ideal)
                                  2.000000    2.000000 ^ input external delay
    18    0.071582    0.325565    0.226380    2.226380 ^ B[1] (in)
                                                         B[1] (net)
                      0.325632    0.000000    2.226380 ^ _475_/B (sky130_fd_sc_hd__and2_2)
     1    0.002357    0.039933    0.194364    2.420744 ^ _475_/X (sky130_fd_sc_hd__and2_2)
                                                         mul_ll.mul_ll.pp2 (net)
                      0.039933    0.000006    2.420750 ^ _483_/A (sky130_fd_sc_hd__buf_2)
     1    0.035030    0.173677    0.198780    2.619530 ^ _483_/X (sky130_fd_sc_hd__buf_2)
                                                         P[1] (net)
                      0.173677    0.000342    2.619872 ^ P[1] (out)
                                              2.619872   data arrival time

                      0.000000   10.000000   10.000000   clock __VIRTUAL_CLK__ (rise edge)
                                  0.000000   10.000000   clock network delay (ideal)
                                 -0.250000    9.750000   clock uncertainty
                                  0.000000    9.750000   clock reconvergence pessimism
                                 -2.000000    7.750000   output external delay
                                              7.750000   data required time
---------------------------------------------------------------------------------------------
                                              7.750000   data required time
                                             -2.619872   data arrival time
---------------------------------------------------------------------------------------------
                                              5.130127   slack (MET)


Startpoint: A[0] (input port clocked by __VIRTUAL_CLK__)
Endpoint: P[0] (output port clocked by __VIRTUAL_CLK__)
Path Group: __VIRTUAL_CLK__
Path Type: max

Fanout         Cap        Slew       Delay        Time   Description
---------------------------------------------------------------------------------------------
                      0.000000    0.000000    0.000000   clock __VIRTUAL_CLK__ (rise edge)
                                  0.000000    0.000000   clock network delay (ideal)
                                  2.000000    2.000000 ^ input external delay
    15    0.063085    0.287460    0.199768    2.199768 ^ A[0] (in)
                                                         A[0] (net)
                      0.287487    0.000000    2.199768 ^ _474_/A (sky130_fd_sc_hd__and2_2)
     1    0.002048    0.038554    0.194509    2.394277 ^ _474_/X (sky130_fd_sc_hd__and2_2)
                                                         mul_ll.mul_ll.pp1 (net)
                      0.038554    0.000002    2.394279 ^ _482_/A (sky130_fd_sc_hd__buf_2)
     1    0.034530    0.171329    0.196721    2.591000 ^ _482_/X (sky130_fd_sc_hd__buf_2)
                                                         P[0] (net)
                      0.171329    0.000159    2.591158 ^ P[0] (out)
                                              2.591158   data arrival time

                      0.000000   10.000000   10.000000   clock __VIRTUAL_CLK__ (rise edge)
                                  0.000000   10.000000   clock network delay (ideal)
                                 -0.250000    9.750000   clock uncertainty
                                  0.000000    9.750000   clock reconvergence pessimism
                                 -2.000000    7.750000   output external delay
                                              7.750000   data required time
---------------------------------------------------------------------------------------------
                                              7.750000   data required time
                                             -2.591158   data arrival time
---------------------------------------------------------------------------------------------
                                              5.158842   slack (MET)



