
===========================================================================
report_checks -unconstrained
===========================================================================
======================= max_tt_025C_1v80 Corner ===================================

Startpoint: A[2] (input port clocked by __VIRTUAL_CLK__)
Endpoint: P[15] (output port clocked by __VIRTUAL_CLK__)
Path Group: __VIRTUAL_CLK__
Path Type: max

Fanout         Cap        Slew       Delay        Time   Description
---------------------------------------------------------------------------------------------
                      0.000000    0.000000    0.000000   clock __VIRTUAL_CLK__ (rise edge)
                                  0.000000    0.000000   clock network delay (ideal)
                                  2.000000    2.000000 ^ input external delay
     1    0.003505    0.022794    0.012833    2.012833 ^ A[2] (in)
                                                         A[2] (net)
                      0.022796    0.000000    2.012833 ^ input3/A (sky130_fd_sc_hd__buf_1)
     2    0.017861    0.214082    0.191053    2.203886 ^ input3/X (sky130_fd_sc_hd__buf_1)
                                                         net3 (net)
                      0.214090    0.001118    2.205003 ^ fanout37/A (sky130_fd_sc_hd__buf_6)
     9    0.038568    0.086312    0.174418    2.379422 ^ fanout37/X (sky130_fd_sc_hd__buf_6)
                                                         net37 (net)
                      0.086804    0.005196    2.384618 ^ rebuffer26/A (sky130_fd_sc_hd__buf_1)
     2    0.010923    0.135476    0.156775    2.541393 ^ rebuffer26/X (sky130_fd_sc_hd__buf_1)
                                                         net73 (net)
                      0.135483    0.000836    2.542228 ^ rebuffer27/A (sky130_fd_sc_hd__dlymetal6s2s_1)
     1    0.004804    0.074953    0.138034    2.680262 ^ rebuffer27/X (sky130_fd_sc_hd__dlymetal6s2s_1)
                                                         net74 (net)
                      0.074954    0.000363    2.680625 ^ _397_/B (sky130_fd_sc_hd__and4_1)
     3    0.014541    0.154785    0.264951    2.945576 ^ _397_/X (sky130_fd_sc_hd__and4_1)
                                                         _044_ (net)
                      0.154785    0.000534    2.946110 ^ _398_/A_N (sky130_fd_sc_hd__and3b_1)
     2    0.006362    0.052266    0.211295    3.157404 v _398_/X (sky130_fd_sc_hd__and3b_1)
                                                         _045_ (net)
                      0.052269    0.000436    3.157840 v _404_/B1 (sky130_fd_sc_hd__a21oi_1)
     2    0.009698    0.232549    0.210669    3.368509 ^ _404_/Y (sky130_fd_sc_hd__a21oi_1)
                                                         _051_ (net)
                      0.232550    0.000430    3.368938 ^ _405_/B (sky130_fd_sc_hd__nor3b_2)
     4    0.016023    0.081526    0.113805    3.482744 v _405_/Y (sky130_fd_sc_hd__nor3b_2)
                                                         _052_ (net)
                      0.081540    0.001007    3.483751 v _496_/C (sky130_fd_sc_hd__and3_1)
     2    0.008058    0.059867    0.216176    3.699926 v _496_/X (sky130_fd_sc_hd__and3_1)
                                                         _140_ (net)
                      0.059870    0.000513    3.700440 v _499_/C (sky130_fd_sc_hd__or4_4)
     2    0.007112    0.088984    0.487529    4.187968 v _499_/X (sky130_fd_sc_hd__or4_4)
                                                         _143_ (net)
                      0.088984    0.000486    4.188455 v _506_/A2 (sky130_fd_sc_hd__a22oi_2)
     1    0.003926    0.131503    0.192466    4.380921 ^ _506_/Y (sky130_fd_sc_hd__a22oi_2)
                                                         _150_ (net)
                      0.131503    0.000305    4.381226 ^ _507_/B (sky130_fd_sc_hd__nor2_1)
     2    0.006562    0.051415    0.075580    4.456807 v _507_/Y (sky130_fd_sc_hd__nor2_1)
                                                         _151_ (net)
                      0.051418    0.000428    4.457234 v _508_/B (sky130_fd_sc_hd__and2_4)
     4    0.013814    0.041311    0.171426    4.628660 v _508_/X (sky130_fd_sc_hd__and2_4)
                                                         _152_ (net)
                      0.041323    0.000674    4.629334 v _539_/B (sky130_fd_sc_hd__or3_4)
     3    0.011901    0.077787    0.380536    5.009871 v _539_/X (sky130_fd_sc_hd__or3_4)
                                                         _182_ (net)
                      0.077787    0.000614    5.010484 v _556_/A2 (sky130_fd_sc_hd__a211o_1)
     1    0.002469    0.045161    0.292589    5.303073 v _556_/X (sky130_fd_sc_hd__a211o_1)
                                                         _198_ (net)
                      0.045161    0.000180    5.303254 v _557_/B1 (sky130_fd_sc_hd__a21o_1)
     1    0.005579    0.044838    0.161629    5.464882 v _557_/X (sky130_fd_sc_hd__a21o_1)
                                                         _199_ (net)
                      0.044840    0.000399    5.465281 v _558_/C1 (sky130_fd_sc_hd__o211a_4)
     4    0.017730    0.055974    0.154408    5.619689 v _558_/X (sky130_fd_sc_hd__o211a_4)
                                                         _200_ (net)
                      0.055974    0.001477    5.621167 v _580_/A2 (sky130_fd_sc_hd__o2111a_1)
     1    0.005851    0.056380    0.245298    5.866465 v _580_/X (sky130_fd_sc_hd__o2111a_1)
                                                         _220_ (net)
                      0.056381    0.000318    5.866783 v _583_/C (sky130_fd_sc_hd__or3_4)
     1    0.009044    0.073355    0.339651    6.206435 v _583_/X (sky130_fd_sc_hd__or3_4)
                                                         net23 (net)
                      0.073355    0.000794    6.207228 v output23/A (sky130_fd_sc_hd__buf_8)
     1    0.035060    0.040835    0.146109    6.353338 v output23/X (sky130_fd_sc_hd__buf_8)
                                                         P[15] (net)
                      0.040946    0.001849    6.355187 v P[15] (out)
                                              6.355187   data arrival time

                      0.000000   10.000000   10.000000   clock __VIRTUAL_CLK__ (rise edge)
                                  0.000000   10.000000   clock network delay (ideal)
                                 -0.250000    9.750000   clock uncertainty
                                  0.000000    9.750000   clock reconvergence pessimism
                                 -2.000000    7.750000   output external delay
                                              7.750000   data required time
---------------------------------------------------------------------------------------------
                                              7.750000   data required time
                                             -6.355187   data arrival time
---------------------------------------------------------------------------------------------
                                              1.394813   slack (MET)




===========================================================================
report_checks --slack_max -0.01
============================================================================
======================= max_tt_025C_1v80 Corner ===================================

No paths found.


===========================================================================
 report_check_types -max_slew -max_cap -max_fanout -violators
============================================================================
======================= max_tt_025C_1v80 Corner ===================================



===========================================================================
report_parasitic_annotation -report_unannotated
============================================================================
Found 0 unannotated drivers.
Found 0 partially unannotated drivers.

===========================================================================
max slew violation count 0
max fanout violation count 0
max cap violation count 0
============================================================================

===========================================================================
check_setup -verbose -unconstrained_endpoints -multiple_clock -no_clock -no_input_delay -loops -generated_clocks
===========================================================================
