
===========================================================================
report_checks -path_delay min (Hold)
============================================================================
======================= nom_tt_025C_1v80 Corner ===================================

Startpoint: B[0] (input port clocked by __VIRTUAL_CLK__)
Endpoint: P[5] (output port clocked by __VIRTUAL_CLK__)
Path Group: __VIRTUAL_CLK__
Path Type: min

Fanout         Cap        Slew       Delay        Time   Description
---------------------------------------------------------------------------------------------
                      0.000000    0.000000    0.000000   clock __VIRTUAL_CLK__ (rise edge)
                                  0.000000    0.000000   clock network delay (ideal)
                                  2.000000    2.000000 ^ input external delay
     1    0.005539    0.031654    0.019605    2.019605 ^ B[0] (in)
                                                         B[0] (net)
                      0.031655    0.000000    2.019605 ^ input9/A (sky130_fd_sc_hd__buf_6)
     5    0.035791    0.079485    0.121479    2.141084 ^ input9/X (sky130_fd_sc_hd__buf_6)
                                                         net9 (net)
                      0.079596    0.002384    2.143468 ^ _399_/A1 (sky130_fd_sc_hd__a31o_1)
     2    0.008602    0.090945    0.173915    2.317383 ^ _399_/X (sky130_fd_sc_hd__a31o_1)
                                                         _025_ (net)
                      0.090945    0.000271    2.317653 ^ _629_/B (sky130_fd_sc_hd__xnor2_1)
     1    0.005585    0.054184    0.084183    2.401836 v _629_/Y (sky130_fd_sc_hd__xnor2_1)
                                                         net28 (net)
                      0.054184    0.000200    2.402036 v output28/A (sky130_fd_sc_hd__buf_2)
     1    0.034393    0.089765    0.184245    2.586281 v output28/X (sky130_fd_sc_hd__buf_2)
                                                         P[5] (net)
                      0.089771    0.000747    2.587028 v P[5] (out)
                                              2.587028   data arrival time

                      0.000000    0.000000    0.000000   clock __VIRTUAL_CLK__ (rise edge)
                                  0.000000    0.000000   clock network delay (ideal)
                                  0.250000    0.250000   clock uncertainty
                                  0.000000    0.250000   clock reconvergence pessimism
                                 -2.000000   -1.750000   output external delay
                                             -1.750000   data required time
---------------------------------------------------------------------------------------------
                                             -1.750000   data required time
                                             -2.587028   data arrival time
---------------------------------------------------------------------------------------------
                                              4.337028   slack (MET)


Startpoint: B[0] (input port clocked by __VIRTUAL_CLK__)
Endpoint: P[0] (output port clocked by __VIRTUAL_CLK__)
Path Group: __VIRTUAL_CLK__
Path Type: min

Fanout         Cap        Slew       Delay        Time   Description
---------------------------------------------------------------------------------------------
                      0.000000    0.000000    0.000000   clock __VIRTUAL_CLK__ (rise edge)
                                  0.000000    0.000000   clock network delay (ideal)
                                  2.000000    2.000000 v input external delay
     1    0.005060    0.013758    0.008209    2.008209 v B[0] (in)
                                                         B[0] (net)
                      0.013759    0.000000    2.008209 v input9/A (sky130_fd_sc_hd__buf_6)
     5    0.034399    0.044195    0.122537    2.130745 v input9/X (sky130_fd_sc_hd__buf_6)
                                                         net9 (net)
                      0.044218    0.001020    2.131765 v fanout34/A (sky130_fd_sc_hd__buf_8)
     7    0.024378    0.033296    0.126301    2.258066 v fanout34/X (sky130_fd_sc_hd__buf_8)
                                                         net34 (net)
                      0.033327    0.000885    2.258951 v _307_/A (sky130_fd_sc_hd__nand2_1)
     4    0.015090    0.143669    0.125342    2.384294 ^ _307_/Y (sky130_fd_sc_hd__nand2_1)
                                                         _223_ (net)
                      0.143672    0.000624    2.384917 ^ _308_/A (sky130_fd_sc_hd__inv_2)
     1    0.002146    0.027791    0.034645    2.419563 v _308_/Y (sky130_fd_sc_hd__inv_2)
                                                         mul_ll.mul_ll.pp0 (net)
                      0.027791    0.000041    2.419604 v _630_/A (sky130_fd_sc_hd__clkbuf_1)
     1    0.002606    0.025576    0.078661    2.498265 v _630_/X (sky130_fd_sc_hd__clkbuf_1)
                                                         net17 (net)
                      0.025576    0.000073    2.498337 v output17/A (sky130_fd_sc_hd__buf_2)
     1    0.034052    0.089190    0.171332    2.669669 v output17/X (sky130_fd_sc_hd__buf_2)
                                                         P[0] (net)
                      0.089194    0.000653    2.670321 v P[0] (out)
                                              2.670321   data arrival time

                      0.000000    0.000000    0.000000   clock __VIRTUAL_CLK__ (rise edge)
                                  0.000000    0.000000   clock network delay (ideal)
                                  0.250000    0.250000   clock uncertainty
                                  0.000000    0.250000   clock reconvergence pessimism
                                 -2.000000   -1.750000   output external delay
                                             -1.750000   data required time
---------------------------------------------------------------------------------------------
                                             -1.750000   data required time
                                             -2.670321   data arrival time
---------------------------------------------------------------------------------------------
                                              4.420321   slack (MET)


Startpoint: B[0] (input port clocked by __VIRTUAL_CLK__)
Endpoint: P[1] (output port clocked by __VIRTUAL_CLK__)
Path Group: __VIRTUAL_CLK__
Path Type: min

Fanout         Cap        Slew       Delay        Time   Description
---------------------------------------------------------------------------------------------
                      0.000000    0.000000    0.000000   clock __VIRTUAL_CLK__ (rise edge)
                                  0.000000    0.000000   clock network delay (ideal)
                                  2.000000    2.000000 ^ input external delay
     1    0.005539    0.031654    0.019605    2.019605 ^ B[0] (in)
                                                         B[0] (net)
                      0.031655    0.000000    2.019605 ^ input9/A (sky130_fd_sc_hd__buf_6)
     5    0.035791    0.079485    0.121479    2.141084 ^ input9/X (sky130_fd_sc_hd__buf_6)
                                                         net9 (net)
                      0.079507    0.001071    2.142155 ^ fanout34/A (sky130_fd_sc_hd__buf_8)
     7    0.025599    0.052853    0.117780    2.259935 ^ fanout34/X (sky130_fd_sc_hd__buf_8)
                                                         net34 (net)
                      0.052865    0.000795    2.260730 ^ _310_/A2 (sky130_fd_sc_hd__a22o_1)
     1    0.002777    0.043057    0.129170    2.389901 ^ _310_/X (sky130_fd_sc_hd__a22o_1)
                                                         _247_ (net)
                      0.043057    0.000079    2.389979 ^ _311_/B1 (sky130_fd_sc_hd__o21a_1)
     1    0.002470    0.036902    0.103006    2.492985 ^ _311_/X (sky130_fd_sc_hd__o21a_1)
                                                         net24 (net)
                      0.036902    0.000068    2.493054 ^ output24/A (sky130_fd_sc_hd__buf_2)
     1    0.034175    0.169747    0.194527    2.687580 ^ output24/X (sky130_fd_sc_hd__buf_2)
                                                         P[1] (net)
                      0.169798    0.000707    2.688287 ^ P[1] (out)
                                              2.688287   data arrival time

                      0.000000    0.000000    0.000000   clock __VIRTUAL_CLK__ (rise edge)
                                  0.000000    0.000000   clock network delay (ideal)
                                  0.250000    0.250000   clock uncertainty
                                  0.000000    0.250000   clock reconvergence pessimism
                                 -2.000000   -1.750000   output external delay
                                             -1.750000   data required time
---------------------------------------------------------------------------------------------
                                             -1.750000   data required time
                                             -2.688287   data arrival time
---------------------------------------------------------------------------------------------
                                              4.438287   slack (MET)


Startpoint: A[7] (input port clocked by __VIRTUAL_CLK__)
Endpoint: P[15] (output port clocked by __VIRTUAL_CLK__)
Path Group: __VIRTUAL_CLK__
Path Type: min

Fanout         Cap        Slew       Delay        Time   Description
---------------------------------------------------------------------------------------------
                      0.000000    0.000000    0.000000   clock __VIRTUAL_CLK__ (rise edge)
                                  0.000000    0.000000   clock network delay (ideal)
                                  2.000000    2.000000 v input external delay
     1    0.003124    0.009373    0.004988    2.004987 v A[7] (in)
                                                         A[7] (net)
                      0.009373    0.000000    2.004987 v input8/A (sky130_fd_sc_hd__buf_1)
     4    0.015234    0.093593    0.126908    2.131895 v input8/X (sky130_fd_sc_hd__buf_1)
                                                         net8 (net)
                      0.093595    0.000551    2.132447 v _602_/D (sky130_fd_sc_hd__nand4_1)
     3    0.008711    0.104897    0.143829    2.276275 ^ _602_/Y (sky130_fd_sc_hd__nand4_1)
                                                         _221_ (net)
                      0.104897    0.000298    2.276573 ^ _627_/A (sky130_fd_sc_hd__and2_1)
     1    0.002735    0.045624    0.129732    2.406305 ^ _627_/X (sky130_fd_sc_hd__and2_1)
                                                         _246_ (net)
                      0.045624    0.000077    2.406382 ^ _628_/B1_N (sky130_fd_sc_hd__a21bo_1)
     1    0.005115    0.042513    0.201104    2.607486 v _628_/X (sky130_fd_sc_hd__a21bo_1)
                                                         net23 (net)
                      0.042513    0.000161    2.607647 v output23/A (sky130_fd_sc_hd__buf_6)
     1    0.034439    0.043790    0.135529    2.743176 v output23/X (sky130_fd_sc_hd__buf_6)
                                                         P[15] (net)
                      0.043806    0.000795    2.743971 v P[15] (out)
                                              2.743971   data arrival time

                      0.000000    0.000000    0.000000   clock __VIRTUAL_CLK__ (rise edge)
                                  0.000000    0.000000   clock network delay (ideal)
                                  0.250000    0.250000   clock uncertainty
                                  0.000000    0.250000   clock reconvergence pessimism
                                 -2.000000   -1.750000   output external delay
                                             -1.750000   data required time
---------------------------------------------------------------------------------------------
                                             -1.750000   data required time
                                             -2.743971   data arrival time
---------------------------------------------------------------------------------------------
                                              4.493971   slack (MET)


Startpoint: B[0] (input port clocked by __VIRTUAL_CLK__)
Endpoint: P[6] (output port clocked by __VIRTUAL_CLK__)
Path Group: __VIRTUAL_CLK__
Path Type: min

Fanout         Cap        Slew       Delay        Time   Description
---------------------------------------------------------------------------------------------
                      0.000000    0.000000    0.000000   clock __VIRTUAL_CLK__ (rise edge)
                                  0.000000    0.000000   clock network delay (ideal)
                                  2.000000    2.000000 ^ input external delay
     1    0.005539    0.031654    0.019605    2.019605 ^ B[0] (in)
                                                         B[0] (net)
                      0.031655    0.000000    2.019605 ^ input9/A (sky130_fd_sc_hd__buf_6)
     5    0.035791    0.079485    0.121479    2.141084 ^ input9/X (sky130_fd_sc_hd__buf_6)
                                                         net9 (net)
                      0.079596    0.002384    2.143468 ^ _399_/A1 (sky130_fd_sc_hd__a31o_1)
     2    0.008602    0.090945    0.173915    2.317383 ^ _399_/X (sky130_fd_sc_hd__a31o_1)
                                                         _025_ (net)
                      0.090945    0.000227    2.317610 ^ _400_/B (sky130_fd_sc_hd__and2b_1)
     2    0.009394    0.094938    0.168386    2.485996 ^ _400_/X (sky130_fd_sc_hd__and2b_1)
                                                         _026_ (net)
                      0.094938    0.000219    2.486215 ^ _401_/B (sky130_fd_sc_hd__xnor2_1)
     1    0.005678    0.055009    0.085896    2.572111 v _401_/Y (sky130_fd_sc_hd__xnor2_1)
                                                         net29 (net)
                      0.055009    0.000243    2.572354 v output29/A (sky130_fd_sc_hd__buf_2)
     1    0.034393    0.089766    0.184620    2.756974 v output29/X (sky130_fd_sc_hd__buf_2)
                                                         P[6] (net)
                      0.089772    0.000747    2.757721 v P[6] (out)
                                              2.757721   data arrival time

                      0.000000    0.000000    0.000000   clock __VIRTUAL_CLK__ (rise edge)
                                  0.000000    0.000000   clock network delay (ideal)
                                  0.250000    0.250000   clock uncertainty
                                  0.000000    0.250000   clock reconvergence pessimism
                                 -2.000000   -1.750000   output external delay
                                             -1.750000   data required time
---------------------------------------------------------------------------------------------
                                             -1.750000   data required time
                                             -2.757721   data arrival time
---------------------------------------------------------------------------------------------
                                              4.507721   slack (MET)


Startpoint: B[0] (input port clocked by __VIRTUAL_CLK__)
Endpoint: P[4] (output port clocked by __VIRTUAL_CLK__)
Path Group: __VIRTUAL_CLK__
Path Type: min

Fanout         Cap        Slew       Delay        Time   Description
---------------------------------------------------------------------------------------------
                      0.000000    0.000000    0.000000   clock __VIRTUAL_CLK__ (rise edge)
                                  0.000000    0.000000   clock network delay (ideal)
                                  2.000000    2.000000 v input external delay
     1    0.005060    0.013758    0.008209    2.008209 v B[0] (in)
                                                         B[0] (net)
                      0.013759    0.000000    2.008209 v input9/A (sky130_fd_sc_hd__buf_6)
     5    0.034399    0.044195    0.122537    2.130745 v input9/X (sky130_fd_sc_hd__buf_6)
                                                         net9 (net)
                      0.044218    0.001020    2.131765 v fanout34/A (sky130_fd_sc_hd__buf_8)
     7    0.024378    0.033296    0.126301    2.258066 v fanout34/X (sky130_fd_sc_hd__buf_8)
                                                         net34 (net)
                      0.033298    0.000303    2.258370 v rebuffer16/A (sky130_fd_sc_hd__buf_2)
     4    0.024257    0.068212    0.155951    2.414321 v rebuffer16/X (sky130_fd_sc_hd__buf_2)
                                                         net68 (net)
                      0.068261    0.001676    2.415997 v _333_/A (sky130_fd_sc_hd__nand2_1)
     3    0.011795    0.114820    0.120062    2.536059 ^ _333_/Y (sky130_fd_sc_hd__nand2_1)
                                                         _267_ (net)
                      0.114821    0.000328    2.536387 ^ _348_/A (sky130_fd_sc_hd__xnor2_1)
     1    0.006519    0.058783    0.104903    2.641290 v _348_/Y (sky130_fd_sc_hd__xnor2_1)
                                                         net27 (net)
                      0.058784    0.000297    2.641587 v output27/A (sky130_fd_sc_hd__buf_2)
     1    0.034393    0.089770    0.186337    2.827924 v output27/X (sky130_fd_sc_hd__buf_2)
                                                         P[4] (net)
                      0.089776    0.000747    2.828672 v P[4] (out)
                                              2.828672   data arrival time

                      0.000000    0.000000    0.000000   clock __VIRTUAL_CLK__ (rise edge)
                                  0.000000    0.000000   clock network delay (ideal)
                                  0.250000    0.250000   clock uncertainty
                                  0.000000    0.250000   clock reconvergence pessimism
                                 -2.000000   -1.750000   output external delay
                                             -1.750000   data required time
---------------------------------------------------------------------------------------------
                                             -1.750000   data required time
                                             -2.828672   data arrival time
---------------------------------------------------------------------------------------------
                                              4.578672   slack (MET)


Startpoint: B[0] (input port clocked by __VIRTUAL_CLK__)
Endpoint: P[3] (output port clocked by __VIRTUAL_CLK__)
Path Group: __VIRTUAL_CLK__
Path Type: min

Fanout         Cap        Slew       Delay        Time   Description
---------------------------------------------------------------------------------------------
                      0.000000    0.000000    0.000000   clock __VIRTUAL_CLK__ (rise edge)
                                  0.000000    0.000000   clock network delay (ideal)
                                  2.000000    2.000000 v input external delay
     1    0.005060    0.013758    0.008209    2.008209 v B[0] (in)
                                                         B[0] (net)
                      0.013759    0.000000    2.008209 v input9/A (sky130_fd_sc_hd__buf_6)
     5    0.034399    0.044195    0.122537    2.130745 v input9/X (sky130_fd_sc_hd__buf_6)
                                                         net9 (net)
                      0.044218    0.001020    2.131765 v fanout34/A (sky130_fd_sc_hd__buf_8)
     7    0.024378    0.033296    0.126301    2.258066 v fanout34/X (sky130_fd_sc_hd__buf_8)
                                                         net34 (net)
                      0.033317    0.000747    2.258813 v _315_/A (sky130_fd_sc_hd__and2_1)
     2    0.013226    0.076569    0.170722    2.429535 v _315_/X (sky130_fd_sc_hd__and2_1)
                                                         _251_ (net)
                      0.076570    0.000440    2.429975 v _318_/C (sky130_fd_sc_hd__nand3_4)
     3    0.018477    0.069127    0.115576    2.545551 ^ _318_/Y (sky130_fd_sc_hd__nand3_4)
                                                         _254_ (net)
                      0.069136    0.000754    2.546305 ^ _331_/B1 (sky130_fd_sc_hd__o21a_1)
     1    0.002982    0.041985    0.115563    2.661868 ^ _331_/X (sky130_fd_sc_hd__o21a_1)
                                                         _266_ (net)
                      0.041985    0.000060    2.661928 ^ _332_/B (sky130_fd_sc_hd__nor2_1)
     1    0.002250    0.018929    0.032671    2.694599 v _332_/Y (sky130_fd_sc_hd__nor2_1)
                                                         net26 (net)
                      0.018929    0.000046    2.694645 v output26/A (sky130_fd_sc_hd__buf_2)
     1    0.034153    0.089408    0.168727    2.863373 v output26/X (sky130_fd_sc_hd__buf_2)
                                                         P[3] (net)
                      0.089413    0.000705    2.864078 v P[3] (out)
                                              2.864078   data arrival time

                      0.000000    0.000000    0.000000   clock __VIRTUAL_CLK__ (rise edge)
                                  0.000000    0.000000   clock network delay (ideal)
                                  0.250000    0.250000   clock uncertainty
                                  0.000000    0.250000   clock reconvergence pessimism
                                 -2.000000   -1.750000   output external delay
                                             -1.750000   data required time
---------------------------------------------------------------------------------------------
                                             -1.750000   data required time
                                             -2.864078   data arrival time
---------------------------------------------------------------------------------------------
                                              4.614078   slack (MET)


Startpoint: B[0] (input port clocked by __VIRTUAL_CLK__)
Endpoint: P[2] (output port clocked by __VIRTUAL_CLK__)
Path Group: __VIRTUAL_CLK__
Path Type: min

Fanout         Cap        Slew       Delay        Time   Description
---------------------------------------------------------------------------------------------
                      0.000000    0.000000    0.000000   clock __VIRTUAL_CLK__ (rise edge)
                                  0.000000    0.000000   clock network delay (ideal)
                                  2.000000    2.000000 v input external delay
     1    0.005060    0.013758    0.008209    2.008209 v B[0] (in)
                                                         B[0] (net)
                      0.013759    0.000000    2.008209 v input9/A (sky130_fd_sc_hd__buf_6)
     5    0.034399    0.044195    0.122537    2.130745 v input9/X (sky130_fd_sc_hd__buf_6)
                                                         net9 (net)
                      0.044218    0.001020    2.131765 v fanout34/A (sky130_fd_sc_hd__buf_8)
     7    0.024378    0.033296    0.126301    2.258066 v fanout34/X (sky130_fd_sc_hd__buf_8)
                                                         net34 (net)
                      0.033317    0.000747    2.258813 v _315_/A (sky130_fd_sc_hd__and2_1)
     2    0.013226    0.076569    0.170722    2.429535 v _315_/X (sky130_fd_sc_hd__and2_1)
                                                         _251_ (net)
                      0.076570    0.000440    2.429975 v _318_/C (sky130_fd_sc_hd__nand3_4)
     3    0.018477    0.069127    0.115576    2.545551 ^ _318_/Y (sky130_fd_sc_hd__nand3_4)
                                                         _254_ (net)
                      0.069128    0.000377    2.545928 ^ _319_/B (sky130_fd_sc_hd__and2_1)
     1    0.004162    0.057503    0.131400    2.677328 ^ _319_/X (sky130_fd_sc_hd__and2_1)
                                                         net25 (net)
                      0.057503    0.000133    2.677461 ^ output25/A (sky130_fd_sc_hd__buf_2)
     1    0.034299    0.170386    0.202742    2.880203 ^ output25/X (sky130_fd_sc_hd__buf_2)
                                                         P[2] (net)
                      0.170387    0.000739    2.880942 ^ P[2] (out)
                                              2.880942   data arrival time

                      0.000000    0.000000    0.000000   clock __VIRTUAL_CLK__ (rise edge)
                                  0.000000    0.000000   clock network delay (ideal)
                                  0.250000    0.250000   clock uncertainty
                                  0.000000    0.250000   clock reconvergence pessimism
                                 -2.000000   -1.750000   output external delay
                                             -1.750000   data required time
---------------------------------------------------------------------------------------------
                                             -1.750000   data required time
                                             -2.880942   data arrival time
---------------------------------------------------------------------------------------------
                                              4.630941   slack (MET)


Startpoint: B[7] (input port clocked by __VIRTUAL_CLK__)
Endpoint: P[14] (output port clocked by __VIRTUAL_CLK__)
Path Group: __VIRTUAL_CLK__
Path Type: min

Fanout         Cap        Slew       Delay        Time   Description
---------------------------------------------------------------------------------------------
                      0.000000    0.000000    0.000000   clock __VIRTUAL_CLK__ (rise edge)
                                  0.000000    0.000000   clock network delay (ideal)
                                  2.000000    2.000000 v input external delay
     1    0.003170    0.009481    0.005066    2.005066 v B[7] (in)
                                                         B[7] (net)
                      0.009481    0.000000    2.005066 v input16/A (sky130_fd_sc_hd__buf_1)
     4    0.016485    0.100521    0.132310    2.137377 v input16/X (sky130_fd_sc_hd__buf_1)
                                                         net16 (net)
                      0.100522    0.000465    2.137841 v _618_/A (sky130_fd_sc_hd__and3_1)
     2    0.004639    0.041068    0.172579    2.310420 v _618_/X (sky130_fd_sc_hd__and3_1)
                                                         _237_ (net)
                      0.041068    0.000131    2.310550 v _620_/B1 (sky130_fd_sc_hd__o21ai_1)
     2    0.005315    0.103781    0.089744    2.400295 ^ _620_/Y (sky130_fd_sc_hd__o21ai_1)
                                                         _239_ (net)
                      0.103781    0.000138    2.400432 ^ _621_/B (sky130_fd_sc_hd__nand2_1)
     1    0.005357    0.049098    0.077745    2.478178 v _621_/Y (sky130_fd_sc_hd__nand2_1)
                                                         _240_ (net)
                      0.049098    0.000124    2.478302 v _624_/A (sky130_fd_sc_hd__xnor2_1)
     2    0.007343    0.065123    0.146692    2.624994 v _624_/Y (sky130_fd_sc_hd__xnor2_1)
                                                         _244_ (net)
                      0.065123    0.000205    2.625199 v _625_/B (sky130_fd_sc_hd__xor2_1)
     1    0.004903    0.044565    0.153167    2.778367 v _625_/X (sky130_fd_sc_hd__xor2_1)
                                                         net22 (net)
                      0.044565    0.000149    2.778516 v output22/A (sky130_fd_sc_hd__buf_6)
     1    0.034426    0.043774    0.136412    2.914928 v output22/X (sky130_fd_sc_hd__buf_6)
                                                         P[14] (net)
                      0.043790    0.000791    2.915720 v P[14] (out)
                                              2.915720   data arrival time

                      0.000000    0.000000    0.000000   clock __VIRTUAL_CLK__ (rise edge)
                                  0.000000    0.000000   clock network delay (ideal)
                                  0.250000    0.250000   clock uncertainty
                                  0.000000    0.250000   clock reconvergence pessimism
                                 -2.000000   -1.750000   output external delay
                                             -1.750000   data required time
---------------------------------------------------------------------------------------------
                                             -1.750000   data required time
                                             -2.915720   data arrival time
---------------------------------------------------------------------------------------------
                                              4.665720   slack (MET)


Startpoint: B[4] (input port clocked by __VIRTUAL_CLK__)
Endpoint: P[10] (output port clocked by __VIRTUAL_CLK__)
Path Group: __VIRTUAL_CLK__
Path Type: min

Fanout         Cap        Slew       Delay        Time   Description
---------------------------------------------------------------------------------------------
                      0.000000    0.000000    0.000000   clock __VIRTUAL_CLK__ (rise edge)
                                  0.000000    0.000000   clock network delay (ideal)
                                  2.000000    2.000000 ^ input external delay
     1    0.003058    0.020842    0.011219    2.011219 ^ B[4] (in)
                                                         B[4] (net)
                      0.020842    0.000000    2.011219 ^ input13/A (sky130_fd_sc_hd__buf_4)
    10    0.072812    0.204051    0.214696    2.225915 ^ input13/X (sky130_fd_sc_hd__buf_4)
                                                         net13 (net)
                      0.204221    0.004902    2.230817 ^ _476_/A (sky130_fd_sc_hd__and3_1)
     2    0.005805    0.074906    0.203780    2.434598 ^ _476_/X (sky130_fd_sc_hd__and3_1)
                                                         _100_ (net)
                      0.074906    0.000088    2.434686 ^ _517_/A2 (sky130_fd_sc_hd__o21ai_1)
     3    0.010265    0.080875    0.099563    2.534248 v _517_/Y (sky130_fd_sc_hd__o21ai_1)
                                                         _140_ (net)
                      0.080875    0.000278    2.534527 v _552_/C1 (sky130_fd_sc_hd__o211ai_1)
     1    0.001805    0.067703    0.082895    2.617422 ^ _552_/Y (sky130_fd_sc_hd__o211ai_1)
                                                         _174_ (net)
                      0.067703    0.000051    2.617473 ^ _553_/B (sky130_fd_sc_hd__and2_1)
     1    0.009626    0.105635    0.168090    2.785563 ^ _553_/X (sky130_fd_sc_hd__and2_1)
                                                         net18 (net)
                      0.105635    0.000510    2.786073 ^ output18/A (sky130_fd_sc_hd__buf_6)
     1    0.034036    0.076600    0.145255    2.931328 ^ output18/X (sky130_fd_sc_hd__buf_6)
                                                         P[10] (net)
                      0.076604    0.000646    2.931973 ^ P[10] (out)
                                              2.931973   data arrival time

                      0.000000    0.000000    0.000000   clock __VIRTUAL_CLK__ (rise edge)
                                  0.000000    0.000000   clock network delay (ideal)
                                  0.250000    0.250000   clock uncertainty
                                  0.000000    0.250000   clock reconvergence pessimism
                                 -2.000000   -1.750000   output external delay
                                             -1.750000   data required time
---------------------------------------------------------------------------------------------
                                             -1.750000   data required time
                                             -2.931973   data arrival time
---------------------------------------------------------------------------------------------
                                              4.681973   slack (MET)


Startpoint: B[0] (input port clocked by __VIRTUAL_CLK__)
Endpoint: P[7] (output port clocked by __VIRTUAL_CLK__)
Path Group: __VIRTUAL_CLK__
Path Type: min

Fanout         Cap        Slew       Delay        Time   Description
---------------------------------------------------------------------------------------------
                      0.000000    0.000000    0.000000   clock __VIRTUAL_CLK__ (rise edge)
                                  0.000000    0.000000   clock network delay (ideal)
                                  2.000000    2.000000 ^ input external delay
     1    0.005539    0.031654    0.019605    2.019605 ^ B[0] (in)
                                                         B[0] (net)
                      0.031655    0.000000    2.019605 ^ input9/A (sky130_fd_sc_hd__buf_6)
     5    0.035791    0.079485    0.121479    2.141084 ^ input9/X (sky130_fd_sc_hd__buf_6)
                                                         net9 (net)
                      0.079596    0.002384    2.143468 ^ _399_/A1 (sky130_fd_sc_hd__a31o_1)
     2    0.008602    0.090945    0.173915    2.317383 ^ _399_/X (sky130_fd_sc_hd__a31o_1)
                                                         _025_ (net)
                      0.090945    0.000227    2.317610 ^ _400_/B (sky130_fd_sc_hd__and2b_1)
     2    0.009394    0.094938    0.168386    2.485996 ^ _400_/X (sky130_fd_sc_hd__and2b_1)
                                                         _026_ (net)
                      0.094938    0.000251    2.486247 ^ _443_/A2 (sky130_fd_sc_hd__a21o_1)
     2    0.012856    0.116774    0.179153    2.665400 ^ _443_/X (sky130_fd_sc_hd__a21o_1)
                                                         _068_ (net)
                      0.116813    0.000423    2.665823 ^ _444_/B (sky130_fd_sc_hd__xor2_1)
     1    0.006784    0.052059    0.098999    2.764822 v _444_/X (sky130_fd_sc_hd__xor2_1)
                                                         net30 (net)
                      0.052061    0.000322    2.765145 v output30/A (sky130_fd_sc_hd__buf_2)
     1    0.034393    0.089772    0.183305    2.948449 v output30/X (sky130_fd_sc_hd__buf_2)
                                                         P[7] (net)
                      0.089777    0.000747    2.949197 v P[7] (out)
                                              2.949197   data arrival time

                      0.000000    0.000000    0.000000   clock __VIRTUAL_CLK__ (rise edge)
                                  0.000000    0.000000   clock network delay (ideal)
                                  0.250000    0.250000   clock uncertainty
                                  0.000000    0.250000   clock reconvergence pessimism
                                 -2.000000   -1.750000   output external delay
                                             -1.750000   data required time
---------------------------------------------------------------------------------------------
                                             -1.750000   data required time
                                             -2.949197   data arrival time
---------------------------------------------------------------------------------------------
                                              4.699197   slack (MET)


Startpoint: B[4] (input port clocked by __VIRTUAL_CLK__)
Endpoint: P[9] (output port clocked by __VIRTUAL_CLK__)
Path Group: __VIRTUAL_CLK__
Path Type: min

Fanout         Cap        Slew       Delay        Time   Description
---------------------------------------------------------------------------------------------
                      0.000000    0.000000    0.000000   clock __VIRTUAL_CLK__ (rise edge)
                                  0.000000    0.000000   clock network delay (ideal)
                                  2.000000    2.000000 ^ input external delay
     1    0.003058    0.020842    0.011219    2.011219 ^ B[4] (in)
                                                         B[4] (net)
                      0.020842    0.000000    2.011219 ^ input13/A (sky130_fd_sc_hd__buf_4)
    10    0.072812    0.204051    0.214696    2.225915 ^ input13/X (sky130_fd_sc_hd__buf_4)
                                                         net13 (net)
                      0.204221    0.004902    2.230817 ^ _476_/A (sky130_fd_sc_hd__and3_1)
     2    0.005805    0.074906    0.203780    2.434598 ^ _476_/X (sky130_fd_sc_hd__and3_1)
                                                         _100_ (net)
                      0.074906    0.000095    2.434693 ^ _516_/B (sky130_fd_sc_hd__nor3_1)
     3    0.009685    0.057273    0.076815    2.511508 v _516_/Y (sky130_fd_sc_hd__nor3_1)
                                                         _139_ (net)
                      0.057274    0.000276    2.511783 v _518_/A_N (sky130_fd_sc_hd__and2b_1)
     1    0.009349    0.094547    0.229837    2.741620 ^ _518_/X (sky130_fd_sc_hd__and2b_1)
                                                         _141_ (net)
                      0.094547    0.000274    2.741894 ^ _520_/A (sky130_fd_sc_hd__xnor2_2)
     1    0.008009    0.052162    0.088825    2.830719 v _520_/Y (sky130_fd_sc_hd__xnor2_2)
                                                         net32 (net)
                      0.052163    0.000302    2.831020 v output32/A (sky130_fd_sc_hd__buf_6)
     1    0.034111    0.043497    0.139541    2.970562 v output32/X (sky130_fd_sc_hd__buf_6)
                                                         P[9] (net)
                      0.043509    0.000676    2.971238 v P[9] (out)
                                              2.971238   data arrival time

                      0.000000    0.000000    0.000000   clock __VIRTUAL_CLK__ (rise edge)
                                  0.000000    0.000000   clock network delay (ideal)
                                  0.250000    0.250000   clock uncertainty
                                  0.000000    0.250000   clock reconvergence pessimism
                                 -2.000000   -1.750000   output external delay
                                             -1.750000   data required time
---------------------------------------------------------------------------------------------
                                             -1.750000   data required time
                                             -2.971238   data arrival time
---------------------------------------------------------------------------------------------
                                              4.721238   slack (MET)


Startpoint: B[4] (input port clocked by __VIRTUAL_CLK__)
Endpoint: P[8] (output port clocked by __VIRTUAL_CLK__)
Path Group: __VIRTUAL_CLK__
Path Type: min

Fanout         Cap        Slew       Delay        Time   Description
---------------------------------------------------------------------------------------------
                      0.000000    0.000000    0.000000   clock __VIRTUAL_CLK__ (rise edge)
                                  0.000000    0.000000   clock network delay (ideal)
                                  2.000000    2.000000 v input external delay
     1    0.002810    0.008646    0.004450    2.004450 v B[4] (in)
                                                         B[4] (net)
                      0.008646    0.000000    2.004450 v input13/A (sky130_fd_sc_hd__buf_4)
    10    0.070035    0.096255    0.184563    2.189014 v input13/X (sky130_fd_sc_hd__buf_4)
                                                         net13 (net)
                      0.096876    0.006239    2.195253 v _475_/A (sky130_fd_sc_hd__nand2_2)
     4    0.023736    0.129949    0.143960    2.339213 ^ _475_/Y (sky130_fd_sc_hd__nand2_2)
                                                         _099_ (net)
                      0.129957    0.000816    2.340029 ^ _477_/B (sky130_fd_sc_hd__xnor2_1)
     2    0.006370    0.059773    0.099697    2.439726 v _477_/Y (sky130_fd_sc_hd__xnor2_1)
                                                         _101_ (net)
                      0.059773    0.000191    2.439917 v _480_/C (sky130_fd_sc_hd__nor3_1)
     1    0.003501    0.162438    0.144578    2.584495 ^ _480_/Y (sky130_fd_sc_hd__nor3_1)
                                                         _104_ (net)
                      0.162438    0.000102    2.584596 ^ _481_/A (sky130_fd_sc_hd__or2_4)
     2    0.008228    0.040278    0.153635    2.738231 ^ _481_/X (sky130_fd_sc_hd__or2_4)
                                                         _105_ (net)
                      0.040286    0.000230    2.738462 ^ _484_/A (sky130_fd_sc_hd__xnor2_1)
     1    0.009688    0.081031    0.100269    2.838731 v _484_/Y (sky130_fd_sc_hd__xnor2_1)
                                                         net31 (net)
                      0.081037    0.000578    2.839309 v output31/A (sky130_fd_sc_hd__buf_4)
     1    0.034853    0.059740    0.184563    3.023872 v output31/X (sky130_fd_sc_hd__buf_4)
                                                         P[8] (net)
                      0.059752    0.000850    3.024722 v P[8] (out)
                                              3.024722   data arrival time

                      0.000000    0.000000    0.000000   clock __VIRTUAL_CLK__ (rise edge)
                                  0.000000    0.000000   clock network delay (ideal)
                                  0.250000    0.250000   clock uncertainty
                                  0.000000    0.250000   clock reconvergence pessimism
                                 -2.000000   -1.750000   output external delay
                                             -1.750000   data required time
---------------------------------------------------------------------------------------------
                                             -1.750000   data required time
                                             -3.024722   data arrival time
---------------------------------------------------------------------------------------------
                                              4.774722   slack (MET)


Startpoint: B[4] (input port clocked by __VIRTUAL_CLK__)
Endpoint: P[11] (output port clocked by __VIRTUAL_CLK__)
Path Group: __VIRTUAL_CLK__
Path Type: min

Fanout         Cap        Slew       Delay        Time   Description
---------------------------------------------------------------------------------------------
                      0.000000    0.000000    0.000000   clock __VIRTUAL_CLK__ (rise edge)
                                  0.000000    0.000000   clock network delay (ideal)
                                  2.000000    2.000000 v input external delay
     1    0.002810    0.008646    0.004450    2.004450 v B[4] (in)
                                                         B[4] (net)
                      0.008646    0.000000    2.004450 v input13/A (sky130_fd_sc_hd__buf_4)
    10    0.070035    0.096255    0.184563    2.189014 v input13/X (sky130_fd_sc_hd__buf_4)
                                                         net13 (net)
                      0.096964    0.006649    2.195663 v _524_/A (sky130_fd_sc_hd__nand2_2)
     6    0.019582    0.109951    0.129696    2.325360 ^ _524_/Y (sky130_fd_sc_hd__nand2_2)
                                                         _146_ (net)
                      0.109952    0.000285    2.325645 ^ _526_/B (sky130_fd_sc_hd__nand2_1)
     1    0.002297    0.034474    0.060619    2.386264 v _526_/Y (sky130_fd_sc_hd__nand2_1)
                                                         _148_ (net)
                      0.034474    0.000051    2.386315 v _527_/B (sky130_fd_sc_hd__and2_1)
     2    0.006295    0.048048    0.162057    2.548373 v _527_/X (sky130_fd_sc_hd__and2_1)
                                                         _149_ (net)
                      0.048048    0.000198    2.548571 v _545_/A (sky130_fd_sc_hd__nand2_1)
     3    0.013240    0.127113    0.120047    2.668617 ^ _545_/Y (sky130_fd_sc_hd__nand2_1)
                                                         _167_ (net)
                      0.127114    0.000332    2.668949 ^ _578_/C1 (sky130_fd_sc_hd__o211ai_2)
     2    0.008741    0.071420    0.114189    2.783139 v _578_/Y (sky130_fd_sc_hd__o211ai_2)
                                                         _199_ (net)
                      0.071421    0.000284    2.783422 v _581_/A (sky130_fd_sc_hd__nand2_1)
     1    0.009263    0.092906    0.105900    2.889322 ^ _581_/Y (sky130_fd_sc_hd__nand2_1)
                                                         _202_ (net)
                      0.092907    0.000270    2.889592 ^ _583_/A (sky130_fd_sc_hd__xnor2_2)
     1    0.009083    0.054804    0.091860    2.981452 v _583_/Y (sky130_fd_sc_hd__xnor2_2)
                                                         net19 (net)
                      0.054806    0.000407    2.981859 v output19/A (sky130_fd_sc_hd__buf_6)
     1    0.033916    0.043338    0.140625    3.122484 v output19/X (sky130_fd_sc_hd__buf_6)
                                                         P[11] (net)
                      0.043347    0.000612    3.123096 v P[11] (out)
                                              3.123096   data arrival time

                      0.000000    0.000000    0.000000   clock __VIRTUAL_CLK__ (rise edge)
                                  0.000000    0.000000   clock network delay (ideal)
                                  0.250000    0.250000   clock uncertainty
                                  0.000000    0.250000   clock reconvergence pessimism
                                 -2.000000   -1.750000   output external delay
                                             -1.750000   data required time
---------------------------------------------------------------------------------------------
                                             -1.750000   data required time
                                             -3.123096   data arrival time
---------------------------------------------------------------------------------------------
                                              4.873096   slack (MET)


Startpoint: A[3] (input port clocked by __VIRTUAL_CLK__)
Endpoint: P[13] (output port clocked by __VIRTUAL_CLK__)
Path Group: __VIRTUAL_CLK__
Path Type: min

Fanout         Cap        Slew       Delay        Time   Description
---------------------------------------------------------------------------------------------
                      0.000000    0.000000    0.000000   clock __VIRTUAL_CLK__ (rise edge)
                                  0.000000    0.000000   clock network delay (ideal)
                                  2.000000    2.000000 ^ input external delay
     1    0.005524    0.031588    0.019555    2.019555 ^ A[3] (in)
                                                         A[3] (net)
                      0.031588    0.000000    2.019555 ^ input4/A (sky130_fd_sc_hd__buf_6)
     3    0.025244    0.060030    0.107783    2.127338 ^ input4/X (sky130_fd_sc_hd__buf_6)
                                                         net4 (net)
                      0.060043    0.000849    2.128187 ^ _487_/B (sky130_fd_sc_hd__nand4_1)
     3    0.010373    0.147649    0.147582    2.275769 v _487_/Y (sky130_fd_sc_hd__nand4_1)
                                                         _110_ (net)
                      0.147650    0.000365    2.276134 v _570_/B1 (sky130_fd_sc_hd__o21ai_1)
     1    0.003172    0.091168    0.116049    2.392183 ^ _570_/Y (sky130_fd_sc_hd__o21ai_1)
                                                         _191_ (net)
                      0.091168    0.000066    2.392249 ^ _571_/B (sky130_fd_sc_hd__nor2_1)
     2    0.013530    0.068694    0.087935    2.480184 v _571_/Y (sky130_fd_sc_hd__nor2_1)
                                                         _192_ (net)
                      0.068704    0.000689    2.480873 v _574_/A (sky130_fd_sc_hd__nor2_1)
     2    0.006840    0.141333    0.154881    2.635754 ^ _574_/Y (sky130_fd_sc_hd__nor2_1)
                                                         _195_ (net)
                      0.141334    0.000215    2.635969 ^ _597_/A (sky130_fd_sc_hd__or3_1)
     3    0.011708    0.114179    0.183812    2.819781 ^ _597_/X (sky130_fd_sc_hd__or3_1)
                                                         _217_ (net)
                      0.114179    0.000302    2.820083 ^ _616_/C1 (sky130_fd_sc_hd__o211a_4)
     3    0.014437    0.064450    0.184371    3.004453 ^ _616_/X (sky130_fd_sc_hd__o211a_4)
                                                         _236_ (net)
                      0.064450    0.000334    3.004787 ^ _617_/B (sky130_fd_sc_hd__nor2_1)
     1    0.008274    0.044241    0.061019    3.065807 v _617_/Y (sky130_fd_sc_hd__nor2_1)
                                                         net21 (net)
                      0.044262    0.000334    3.066140 v output21/A (sky130_fd_sc_hd__buf_6)
     1    0.034743    0.044031    0.136470    3.202611 v output21/X (sky130_fd_sc_hd__buf_6)
                                                         P[13] (net)
                      0.044051    0.000875    3.203486 v P[13] (out)
                                              3.203486   data arrival time

                      0.000000    0.000000    0.000000   clock __VIRTUAL_CLK__ (rise edge)
                                  0.000000    0.000000   clock network delay (ideal)
                                  0.250000    0.250000   clock uncertainty
                                  0.000000    0.250000   clock reconvergence pessimism
                                 -2.000000   -1.750000   output external delay
                                             -1.750000   data required time
---------------------------------------------------------------------------------------------
                                             -1.750000   data required time
                                             -3.203486   data arrival time
---------------------------------------------------------------------------------------------
                                              4.953486   slack (MET)


Startpoint: B[4] (input port clocked by __VIRTUAL_CLK__)
Endpoint: P[12] (output port clocked by __VIRTUAL_CLK__)
Path Group: __VIRTUAL_CLK__
Path Type: min

Fanout         Cap        Slew       Delay        Time   Description
---------------------------------------------------------------------------------------------
                      0.000000    0.000000    0.000000   clock __VIRTUAL_CLK__ (rise edge)
                                  0.000000    0.000000   clock network delay (ideal)
                                  2.000000    2.000000 v input external delay
     1    0.002810    0.008646    0.004450    2.004450 v B[4] (in)
                                                         B[4] (net)
                      0.008646    0.000000    2.004450 v input13/A (sky130_fd_sc_hd__buf_4)
    10    0.070035    0.096255    0.184563    2.189014 v input13/X (sky130_fd_sc_hd__buf_4)
                                                         net13 (net)
                      0.096964    0.006649    2.195663 v _524_/A (sky130_fd_sc_hd__nand2_2)
     6    0.019582    0.109951    0.129696    2.325360 ^ _524_/Y (sky130_fd_sc_hd__nand2_2)
                                                         _146_ (net)
                      0.109952    0.000285    2.325645 ^ _526_/B (sky130_fd_sc_hd__nand2_1)
     1    0.002297    0.034474    0.060619    2.386264 v _526_/Y (sky130_fd_sc_hd__nand2_1)
                                                         _148_ (net)
                      0.034474    0.000051    2.386315 v _527_/B (sky130_fd_sc_hd__and2_1)
     2    0.006295    0.048048    0.162057    2.548373 v _527_/X (sky130_fd_sc_hd__and2_1)
                                                         _149_ (net)
                      0.048048    0.000198    2.548571 v _545_/A (sky130_fd_sc_hd__nand2_1)
     3    0.013240    0.127113    0.120047    2.668617 ^ _545_/Y (sky130_fd_sc_hd__nand2_1)
                                                         _167_ (net)
                      0.127114    0.000332    2.668949 ^ _578_/C1 (sky130_fd_sc_hd__o211ai_2)
     2    0.008741    0.071420    0.114189    2.783139 v _578_/Y (sky130_fd_sc_hd__o211ai_2)
                                                         _199_ (net)
                      0.071421    0.000306    2.783444 v _579_/A (sky130_fd_sc_hd__inv_2)
     1    0.009612    0.052878    0.073393    2.856837 ^ _579_/Y (sky130_fd_sc_hd__inv_2)
                                                         _200_ (net)
                      0.052878    0.000205    2.857042 ^ _599_/B1 (sky130_fd_sc_hd__a31oi_4)
     3    0.015249    0.032748    0.043164    2.900206 v _599_/Y (sky130_fd_sc_hd__a31oi_4)
                                                         _219_ (net)
                      0.032751    0.000580    2.900787 v _600_/B (sky130_fd_sc_hd__xnor2_1)
     1    0.011307    0.093325    0.159349    3.060136 v _600_/Y (sky130_fd_sc_hd__xnor2_1)
                                                         net20 (net)
                      0.093326    0.000476    3.060612 v output20/A (sky130_fd_sc_hd__buf_6)
     1    0.033916    0.043384    0.158399    3.219011 v output20/X (sky130_fd_sc_hd__buf_6)
                                                         P[12] (net)
                      0.043393    0.000612    3.219623 v P[12] (out)
                                              3.219623   data arrival time

                      0.000000    0.000000    0.000000   clock __VIRTUAL_CLK__ (rise edge)
                                  0.000000    0.000000   clock network delay (ideal)
                                  0.250000    0.250000   clock uncertainty
                                  0.000000    0.250000   clock reconvergence pessimism
                                 -2.000000   -1.750000   output external delay
                                             -1.750000   data required time
---------------------------------------------------------------------------------------------
                                             -1.750000   data required time
                                             -3.219623   data arrival time
---------------------------------------------------------------------------------------------
                                              4.969623   slack (MET)



