
===========================================================================
report_checks -unconstrained
===========================================================================
======================= nom_tt_025C_1v80 Corner ===================================

Startpoint: A[0] (input port clocked by __VIRTUAL_CLK__)
Endpoint: P[14] (output port clocked by __VIRTUAL_CLK__)
Path Group: __VIRTUAL_CLK__
Path Type: max

Fanout         Cap        Slew       Delay        Time   Description
---------------------------------------------------------------------------------------------
                      0.000000    0.000000    0.000000   clock __VIRTUAL_CLK__ (rise edge)
                                  0.000000    0.000000   clock network delay (ideal)
                                  2.000000    2.000000 v input external delay
     1    0.005512    0.014732    0.008950    2.008950 v A[0] (in)
                                                         A[0] (net)
                      0.014733    0.000000    2.008950 v input1/A (sky130_fd_sc_hd__buf_6)
     2    0.015995    0.030421    0.108443    2.117393 v input1/X (sky130_fd_sc_hd__buf_6)
                                                         net1 (net)
                      0.030440    0.000702    2.118095 v fanout55/A (sky130_fd_sc_hd__buf_6)
     6    0.022073    0.034792    0.121121    2.239216 v fanout55/X (sky130_fd_sc_hd__buf_6)
                                                         net55 (net)
                      0.034847    0.000964    2.240180 v _370_/A (sky130_fd_sc_hd__or4bb_4)
     2    0.005032    0.085512    0.527556    2.767736 v _370_/X (sky130_fd_sc_hd__or4bb_4)
                                                         _032_ (net)
                      0.085512    0.000074    2.767810 v _373_/A1 (sky130_fd_sc_hd__a2111o_1)
     3    0.006536    0.078152    0.395492    3.163302 v _373_/X (sky130_fd_sc_hd__a2111o_1)
                                                         _035_ (net)
                      0.078152    0.000129    3.163431 v _393_/B (sky130_fd_sc_hd__and4_1)
     2    0.011846    0.074497    0.223717    3.387148 v _393_/X (sky130_fd_sc_hd__and4_1)
                                                         _054_ (net)
                      0.074497    0.000327    3.387475 v _436_/B2 (sky130_fd_sc_hd__a2bb2o_2)
     2    0.012504    0.068403    0.276339    3.663814 v _436_/X (sky130_fd_sc_hd__a2bb2o_2)
                                                         _096_ (net)
                      0.068403    0.000405    3.664219 v _438_/B (sky130_fd_sc_hd__xor2_2)
     2    0.019696    0.123467    0.187659    3.851878 v _438_/X (sky130_fd_sc_hd__xor2_2)
                                                         _098_ (net)
                      0.123467    0.000431    3.852309 v _439_/B (sky130_fd_sc_hd__nand2b_1)
     2    0.008090    0.098279    0.135551    3.987860 ^ _439_/Y (sky130_fd_sc_hd__nand2b_1)
                                                         _099_ (net)
                      0.098279    0.000267    3.988127 ^ _468_/A1 (sky130_fd_sc_hd__a21oi_2)
     2    0.007705    0.050433    0.072238    4.060366 v _468_/Y (sky130_fd_sc_hd__a21oi_2)
                                                         _127_ (net)
                      0.050434    0.000166    4.060531 v _498_/C (sky130_fd_sc_hd__or3_4)
     2    0.022627    0.094073    0.371840    4.432371 v _498_/X (sky130_fd_sc_hd__or3_4)
                                                         _156_ (net)
                      0.094073    0.000832    4.433203 v _502_/B (sky130_fd_sc_hd__xnor2_4)
     2    0.017454    0.186978    0.200690    4.633893 ^ _502_/Y (sky130_fd_sc_hd__xnor2_4)
                                                         _160_ (net)
                      0.186979    0.000886    4.634779 ^ _504_/B (sky130_fd_sc_hd__xnor2_2)
     2    0.009127    0.167819    0.149764    4.784544 ^ _504_/Y (sky130_fd_sc_hd__xnor2_2)
                                                         _162_ (net)
                      0.167820    0.000302    4.784846 ^ _506_/C (sky130_fd_sc_hd__nand3_2)
     3    0.008251    0.073949    0.109270    4.894116 v _506_/Y (sky130_fd_sc_hd__nand3_2)
                                                         _164_ (net)
                      0.073949    0.000212    4.894328 v _527_/A2 (sky130_fd_sc_hd__a211o_1)
     1    0.003402    0.050766    0.298935    5.193263 v _527_/X (sky130_fd_sc_hd__a211o_1)
                                                         _184_ (net)
                      0.050766    0.000107    5.193370 v _528_/B1 (sky130_fd_sc_hd__a21o_1)
     4    0.015421    0.084568    0.203002    5.396372 v _528_/X (sky130_fd_sc_hd__a21o_1)
                                                         _185_ (net)
                      0.084577    0.000934    5.397306 v _545_/A1 (sky130_fd_sc_hd__a41o_1)
     3    0.014777    0.089928    0.241533    5.638839 v _545_/X (sky130_fd_sc_hd__a41o_1)
                                                         _201_ (net)
                      0.089935    0.000848    5.639688 v _552_/A (sky130_fd_sc_hd__xor2_1)
     1    0.005950    0.166323    0.202956    5.842644 ^ _552_/X (sky130_fd_sc_hd__xor2_1)
                                                         net22 (net)
                      0.166323    0.000204    5.842848 ^ output22/A (sky130_fd_sc_hd__buf_6)
     1    0.034354    0.077650    0.160593    6.003441 ^ output22/X (sky130_fd_sc_hd__buf_6)
                                                         P[14] (net)
                      0.077656    0.000773    6.004214 ^ P[14] (out)
                                              6.004214   data arrival time

                      0.000000   10.000000   10.000000   clock __VIRTUAL_CLK__ (rise edge)
                                  0.000000   10.000000   clock network delay (ideal)
                                 -0.250000    9.750000   clock uncertainty
                                  0.000000    9.750000   clock reconvergence pessimism
                                 -2.000000    7.750000   output external delay
                                              7.750000   data required time
---------------------------------------------------------------------------------------------
                                              7.750000   data required time
                                             -6.004214   data arrival time
---------------------------------------------------------------------------------------------
                                              1.745786   slack (MET)




===========================================================================
report_checks --slack_max -0.01
============================================================================
======================= nom_tt_025C_1v80 Corner ===================================

No paths found.


===========================================================================
 report_check_types -max_slew -max_cap -max_fanout -violators
============================================================================
======================= nom_tt_025C_1v80 Corner ===================================



===========================================================================
report_parasitic_annotation -report_unannotated
============================================================================
Found 0 unannotated drivers.
Found 0 partially unannotated drivers.

===========================================================================
max slew violation count 0
max fanout violation count 0
max cap violation count 0
============================================================================

===========================================================================
check_setup -verbose -unconstrained_endpoints -multiple_clock -no_clock -no_input_delay -loops -generated_clocks
===========================================================================
