
===========================================================================
report_checks -unconstrained
===========================================================================
======================= max_tt_025C_1v80 Corner ===================================

Startpoint: A[2] (input port clocked by __VIRTUAL_CLK__)
Endpoint: P[14] (output port clocked by __VIRTUAL_CLK__)
Path Group: __VIRTUAL_CLK__
Path Type: max

Fanout         Cap        Slew       Delay        Time   Description
---------------------------------------------------------------------------------------------
                      0.000000    0.000000    0.000000   clock __VIRTUAL_CLK__ (rise edge)
                                  0.000000    0.000000   clock network delay (ideal)
                                  2.000000    2.000000 ^ input external delay
     1    0.003093    0.020994    0.011386    2.011386 ^ A[2] (in)
                                                         A[2] (net)
                      0.021002    0.000000    2.011386 ^ input3/A (sky130_fd_sc_hd__buf_1)
     2    0.014290    0.173463    0.162556    2.173942 ^ input3/X (sky130_fd_sc_hd__buf_1)
                                                         net3 (net)
                      0.173471    0.001007    2.174948 ^ fanout37/A (sky130_fd_sc_hd__buf_2)
    10    0.046094    0.225365    0.277466    2.452414 ^ fanout37/X (sky130_fd_sc_hd__buf_2)
                                                         net37 (net)
                      0.225404    0.002461    2.454875 ^ _330_/A1 (sky130_fd_sc_hd__a22oi_1)
     2    0.006723    0.103571    0.151075    2.605950 v _330_/Y (sky130_fd_sc_hd__a22oi_1)
                                                         _029_ (net)
                      0.103572    0.000420    2.606370 v _332_/C (sky130_fd_sc_hd__or4_4)
     3    0.009686    0.093675    0.511563    3.117933 v _332_/X (sky130_fd_sc_hd__or4_4)
                                                         _031_ (net)
                      0.093675    0.000558    3.118491 v _335_/C1 (sky130_fd_sc_hd__o2111a_1)
     2    0.008327    0.068251    0.174163    3.292654 v _335_/X (sky130_fd_sc_hd__o2111a_1)
                                                         _034_ (net)
                      0.068253    0.000515    3.293169 v _357_/B1 (sky130_fd_sc_hd__a41o_1)
     1    0.010187    0.070375    0.243658    3.536827 v _357_/X (sky130_fd_sc_hd__a41o_1)
                                                         _055_ (net)
                      0.070386    0.000866    3.537693 v _363_/A (sky130_fd_sc_hd__xor2_2)
     2    0.011789    0.091305    0.197395    3.735088 v _363_/X (sky130_fd_sc_hd__xor2_2)
                                                         _061_ (net)
                      0.091327    0.000961    3.736050 v _371_/B (sky130_fd_sc_hd__and3_1)
     3    0.008665    0.061690    0.208196    3.944246 v _371_/X (sky130_fd_sc_hd__and3_1)
                                                         _069_ (net)
                      0.061693    0.000492    3.944737 v _373_/B (sky130_fd_sc_hd__or3_4)
     3    0.008182    0.071711    0.376608    4.321345 v _373_/X (sky130_fd_sc_hd__or3_4)
                                                         _071_ (net)
                      0.071711    0.000541    4.321886 v _377_/C (sky130_fd_sc_hd__and3_1)
     3    0.009796    0.066144    0.219341    4.541227 v _377_/X (sky130_fd_sc_hd__and3_1)
                                                         _075_ (net)
                      0.066145    0.000382    4.541609 v _404_/C (sky130_fd_sc_hd__or3_4)
     1    0.006161    0.068589    0.334265    4.875875 v _404_/X (sky130_fd_sc_hd__or3_4)
                                                         _101_ (net)
                      0.068590    0.000477    4.876351 v _405_/B1 (sky130_fd_sc_hd__a311o_4)
     2    0.018544    0.077616    0.409924    5.286275 v _405_/X (sky130_fd_sc_hd__a311o_4)
                                                         _102_ (net)
                      0.077616    0.001990    5.288266 v _448_/A2 (sky130_fd_sc_hd__a31oi_4)
     3    0.020377    0.217757    0.238317    5.526583 ^ _448_/Y (sky130_fd_sc_hd__a31oi_4)
                                                         _143_ (net)
                      0.217762    0.001874    5.528457 ^ _459_/A2 (sky130_fd_sc_hd__o211a_4)
     3    0.021201    0.083456    0.220207    5.748663 ^ _459_/X (sky130_fd_sc_hd__o211a_4)
                                                         _153_ (net)
                      0.083475    0.001216    5.749880 ^ _465_/A (sky130_fd_sc_hd__xor2_2)
     1    0.005583    0.119477    0.137636    5.887516 ^ _465_/X (sky130_fd_sc_hd__xor2_2)
                                                         net22 (net)
                      0.119477    0.000423    5.887939 ^ output22/A (sky130_fd_sc_hd__buf_6)
     1    0.034150    0.076686    0.149423    6.037362 ^ output22/X (sky130_fd_sc_hd__buf_6)
                                                         P[14] (net)
                      0.076727    0.001651    6.039012 ^ P[14] (out)
                                              6.039012   data arrival time

                      0.000000   10.000000   10.000000   clock __VIRTUAL_CLK__ (rise edge)
                                  0.000000   10.000000   clock network delay (ideal)
                                 -0.250000    9.750000   clock uncertainty
                                  0.000000    9.750000   clock reconvergence pessimism
                                 -2.000000    7.750000   output external delay
                                              7.750000   data required time
---------------------------------------------------------------------------------------------
                                              7.750000   data required time
                                             -6.039012   data arrival time
---------------------------------------------------------------------------------------------
                                              1.710988   slack (MET)




===========================================================================
report_checks --slack_max -0.01
============================================================================
======================= max_tt_025C_1v80 Corner ===================================

No paths found.


===========================================================================
 report_check_types -max_slew -max_cap -max_fanout -violators
============================================================================
======================= max_tt_025C_1v80 Corner ===================================



===========================================================================
report_parasitic_annotation -report_unannotated
============================================================================
Found 0 unannotated drivers.
Found 0 partially unannotated drivers.

===========================================================================
max slew violation count 0
max fanout violation count 0
max cap violation count 0
============================================================================

===========================================================================
check_setup -verbose -unconstrained_endpoints -multiple_clock -no_clock -no_input_delay -loops -generated_clocks
===========================================================================
