
===========================================================================
report_checks -path_delay max (Setup)
============================================================================
======================= nom_tt_025C_1v80 Corner ===================================

Startpoint: A[0] (input port clocked by __VIRTUAL_CLK__)
Endpoint: P[1] (output port clocked by __VIRTUAL_CLK__)
Path Group: __VIRTUAL_CLK__
Path Type: max

Fanout         Cap        Slew       Delay        Time   Description
---------------------------------------------------------------------------------------------
                      0.000000    0.000000    0.000000   clock __VIRTUAL_CLK__ (rise edge)
                                  0.000000    0.000000   clock network delay (ideal)
                                  2.000000    2.000000 v input external delay
     3    0.006885    0.018132    0.011118    2.011118 v A[0] (in)
                                                         A[0] (net)
                      0.018132    0.000000    2.011118 v _3_/D (sky130_fd_sc_hd__and4_2)
     2    0.037632    0.113288    0.304930    2.316048 v _3_/X (sky130_fd_sc_hd__and4_2)
                                                         P[3] (net)
                      0.113288    0.000000    2.316048 v _5_/A (sky130_fd_sc_hd__nor2_2)
     1    0.033442    0.373519    0.347666    2.663714 ^ _5_/Y (sky130_fd_sc_hd__nor2_2)
                                                         P[1] (net)
                      0.373519    0.000000    2.663714 ^ P[1] (out)
                                              2.663714   data arrival time

                      0.000000   10.000000   10.000000   clock __VIRTUAL_CLK__ (rise edge)
                                  0.000000   10.000000   clock network delay (ideal)
                                 -0.250000    9.750000   clock uncertainty
                                  0.000000    9.750000   clock reconvergence pessimism
                                 -2.000000    7.750000   output external delay
                                              7.750000   data required time
---------------------------------------------------------------------------------------------
                                              7.750000   data required time
                                             -2.663714   data arrival time
---------------------------------------------------------------------------------------------
                                              5.086286   slack (MET)


Startpoint: A[0] (input port clocked by __VIRTUAL_CLK__)
Endpoint: P[2] (output port clocked by __VIRTUAL_CLK__)
Path Group: __VIRTUAL_CLK__
Path Type: max

Fanout         Cap        Slew       Delay        Time   Description
---------------------------------------------------------------------------------------------
                      0.000000    0.000000    0.000000   clock __VIRTUAL_CLK__ (rise edge)
                                  0.000000    0.000000   clock network delay (ideal)
                                  2.000000    2.000000 v input external delay
     3    0.006885    0.018132    0.011118    2.011118 v A[0] (in)
                                                         A[0] (net)
                      0.018132    0.000000    2.011118 v _1_/B (sky130_fd_sc_hd__and2_2)
     2    0.003018    0.037801    0.171686    2.182804 v _1_/X (sky130_fd_sc_hd__and2_2)
                                                         pp0 (net)
                      0.037801    0.000000    2.182804 v _2_/A_N (sky130_fd_sc_hd__and3b_2)
     1    0.033442    0.182039    0.336979    2.519783 ^ _2_/X (sky130_fd_sc_hd__and3b_2)
                                                         P[2] (net)
                      0.182039    0.000000    2.519783 ^ P[2] (out)
                                              2.519783   data arrival time

                      0.000000   10.000000   10.000000   clock __VIRTUAL_CLK__ (rise edge)
                                  0.000000   10.000000   clock network delay (ideal)
                                 -0.250000    9.750000   clock uncertainty
                                  0.000000    9.750000   clock reconvergence pessimism
                                 -2.000000    7.750000   output external delay
                                              7.750000   data required time
---------------------------------------------------------------------------------------------
                                              7.750000   data required time
                                             -2.519783   data arrival time
---------------------------------------------------------------------------------------------
                                              5.230217   slack (MET)


Startpoint: A[0] (input port clocked by __VIRTUAL_CLK__)
Endpoint: P[3] (output port clocked by __VIRTUAL_CLK__)
Path Group: __VIRTUAL_CLK__
Path Type: max

Fanout         Cap        Slew       Delay        Time   Description
---------------------------------------------------------------------------------------------
                      0.000000    0.000000    0.000000   clock __VIRTUAL_CLK__ (rise edge)
                                  0.000000    0.000000   clock network delay (ideal)
                                  2.000000    2.000000 ^ input external delay
     3    0.007602    0.041969    0.026215    2.026216 ^ A[0] (in)
                                                         A[0] (net)
                      0.041969    0.000000    2.026216 ^ _3_/D (sky130_fd_sc_hd__and4_2)
     2    0.038053    0.215852    0.362254    2.388470 ^ _3_/X (sky130_fd_sc_hd__and4_2)
                                                         P[3] (net)
                      0.215852    0.000000    2.388470 ^ P[3] (out)
                                              2.388470   data arrival time

                      0.000000   10.000000   10.000000   clock __VIRTUAL_CLK__ (rise edge)
                                  0.000000   10.000000   clock network delay (ideal)
                                 -0.250000    9.750000   clock uncertainty
                                  0.000000    9.750000   clock reconvergence pessimism
                                 -2.000000    7.750000   output external delay
                                              7.750000   data required time
---------------------------------------------------------------------------------------------
                                              7.750000   data required time
                                             -2.388470   data arrival time
---------------------------------------------------------------------------------------------
                                              5.361530   slack (MET)


Startpoint: A[0] (input port clocked by __VIRTUAL_CLK__)
Endpoint: P[0] (output port clocked by __VIRTUAL_CLK__)
Path Group: __VIRTUAL_CLK__
Path Type: max

Fanout         Cap        Slew       Delay        Time   Description
---------------------------------------------------------------------------------------------
                      0.000000    0.000000    0.000000   clock __VIRTUAL_CLK__ (rise edge)
                                  0.000000    0.000000   clock network delay (ideal)
                                  2.000000    2.000000 v input external delay
     3    0.006885    0.018132    0.011118    2.011118 v A[0] (in)
                                                         A[0] (net)
                      0.018132    0.000000    2.011118 v _1_/B (sky130_fd_sc_hd__and2_2)
     2    0.003018    0.037801    0.171686    2.182804 v _1_/X (sky130_fd_sc_hd__and2_2)
                                                         pp0 (net)
                      0.037801    0.000000    2.182804 v _6_/A (sky130_fd_sc_hd__buf_2)
     1    0.033442    0.087263    0.175983    2.358788 v _6_/X (sky130_fd_sc_hd__buf_2)
                                                         P[0] (net)
                      0.087263    0.000000    2.358788 v P[0] (out)
                                              2.358788   data arrival time

                      0.000000   10.000000   10.000000   clock __VIRTUAL_CLK__ (rise edge)
                                  0.000000   10.000000   clock network delay (ideal)
                                 -0.250000    9.750000   clock uncertainty
                                  0.000000    9.750000   clock reconvergence pessimism
                                 -2.000000    7.750000   output external delay
                                              7.750000   data required time
---------------------------------------------------------------------------------------------
                                              7.750000   data required time
                                             -2.358788   data arrival time
---------------------------------------------------------------------------------------------
                                              5.391212   slack (MET)



