
===========================================================================
report_checks -unconstrained
===========================================================================
======================= nom_ss_100C_1v60 Corner ===================================

Startpoint: B[0] (input port clocked by __VIRTUAL_CLK__)
Endpoint: P[15] (output port clocked by __VIRTUAL_CLK__)
Path Group: __VIRTUAL_CLK__
Path Type: max

Fanout         Cap        Slew       Delay        Time   Description
---------------------------------------------------------------------------------------------
                      0.000000    0.000000    0.000000   clock __VIRTUAL_CLK__ (rise edge)
                                  0.000000    0.000000   clock network delay (ideal)
                                  2.000000    2.000000 ^ input external delay
     1    0.003143    0.034525    0.017604    2.017604 ^ B[0] (in)
                                                         B[0] (net)
                      0.034525    0.000000    2.017604 ^ input9/A (sky130_fd_sc_hd__clkbuf_2)
     5    0.026895    0.235209    0.294450    2.312053 ^ input9/X (sky130_fd_sc_hd__clkbuf_2)
                                                         net9 (net)
                      0.235290    0.000817    2.312870 ^ fanout32/A (sky130_fd_sc_hd__buf_4)
    10    0.035261    0.169553    0.359665    2.672535 ^ fanout32/X (sky130_fd_sc_hd__buf_4)
                                                         net32 (net)
                      0.169558    0.001232    2.673767 ^ _288_/A (sky130_fd_sc_hd__and3_1)
     4    0.012696    0.218283    0.433055    3.106822 ^ _288_/X (sky130_fd_sc_hd__and3_1)
                                                         _222_ (net)
                      0.218283    0.000210    3.107032 ^ _306_/S (sky130_fd_sc_hd__mux2_2)
     2    0.012888    0.140290    0.802022    3.909055 v _306_/X (sky130_fd_sc_hd__mux2_2)
                                                         _239_ (net)
                      0.140290    0.000357    3.909411 v _308_/B (sky130_fd_sc_hd__xor2_2)
     2    0.019381    0.206357    0.356192    4.265603 v _308_/X (sky130_fd_sc_hd__xor2_2)
                                                         _241_ (net)
                      0.206357    0.000558    4.266161 v _327_/A2 (sky130_fd_sc_hd__a21oi_4)
     2    0.012571    0.215863    0.341055    4.607215 ^ _327_/Y (sky130_fd_sc_hd__a21oi_4)
                                                         _259_ (net)
                      0.215864    0.000315    4.607531 ^ _328_/A_N (sky130_fd_sc_hd__and2b_1)
     1    0.008424    0.111021    0.465998    5.073529 v _328_/X (sky130_fd_sc_hd__and2b_1)
                                                         _260_ (net)
                      0.111021    0.000247    5.073776 v _330_/B1 (sky130_fd_sc_hd__a21oi_4)
     2    0.014964    0.238501    0.264264    5.338040 ^ _330_/Y (sky130_fd_sc_hd__a21oi_4)
                                                         _262_ (net)
                      0.238501    0.000456    5.338497 ^ _333_/A (sky130_fd_sc_hd__nor2_1)
     1    0.003068    0.085333    0.151506    5.490002 v _333_/Y (sky130_fd_sc_hd__nor2_1)
                                                         _265_ (net)
                      0.085333    0.000069    5.490071 v _389_/C (sky130_fd_sc_hd__or3_4)
     2    0.013942    0.145002    0.702277    6.192348 v _389_/X (sky130_fd_sc_hd__or3_4)
                                                         _044_ (net)
                      0.145004    0.000659    6.193007 v _390_/B (sky130_fd_sc_hd__xor2_2)
     2    0.006222    0.135120    0.299974    6.492981 v _390_/X (sky130_fd_sc_hd__xor2_2)
                                                         _045_ (net)
                      0.135120    0.000105    6.493087 v _392_/A (sky130_fd_sc_hd__xor2_1)
     2    0.008335    0.340869    0.391885    6.884972 ^ _392_/X (sky130_fd_sc_hd__xor2_1)
                                                         _047_ (net)
                      0.340869    0.000159    6.885131 ^ _394_/A (sky130_fd_sc_hd__xor2_1)
     2    0.005209    0.251104    0.377866    7.262997 ^ _394_/X (sky130_fd_sc_hd__xor2_1)
                                                         _049_ (net)
                      0.251104    0.000123    7.263119 ^ _431_/A2 (sky130_fd_sc_hd__a21bo_1)
     3    0.012173    0.176315    0.361443    7.624563 ^ _431_/X (sky130_fd_sc_hd__a21bo_1)
                                                         _085_ (net)
                      0.176315    0.000509    7.625072 ^ _492_/C_N (sky130_fd_sc_hd__or3b_4)
     2    0.013910    0.146207    0.823049    8.448121 v _492_/X (sky130_fd_sc_hd__or3b_4)
                                                         _144_ (net)
                      0.146207    0.000721    8.448842 v _541_/A4 (sky130_fd_sc_hd__a41oi_4)
     3    0.012781    0.294864    0.419822    8.868665 ^ _541_/Y (sky130_fd_sc_hd__a41oi_4)
                                                         _191_ (net)
                      0.294864    0.000665    8.869329 ^ _555_/A1 (sky130_fd_sc_hd__a32o_2)
     3    0.017221    0.193437    0.524527    9.393857 ^ _555_/X (sky130_fd_sc_hd__a32o_2)
                                                         _204_ (net)
                      0.193437    0.000659    9.394516 ^ _565_/A2 (sky130_fd_sc_hd__a21o_1)
     1    0.008885    0.138931    0.319311    9.713826 ^ _565_/X (sky130_fd_sc_hd__a21o_1)
                                                         net22 (net)
                      0.138931    0.000400    9.714226 ^ output22/A (sky130_fd_sc_hd__buf_6)
     1    0.034348    0.123161    0.254164    9.968390 ^ output22/X (sky130_fd_sc_hd__buf_6)
                                                         P[15] (net)
                      0.123163    0.000773    9.969163 ^ P[15] (out)
                                              9.969163   data arrival time

                      0.000000   10.000000   10.000000   clock __VIRTUAL_CLK__ (rise edge)
                                  0.000000   10.000000   clock network delay (ideal)
                                 -0.250000    9.750000   clock uncertainty
                                  0.000000    9.750000   clock reconvergence pessimism
                                 -2.000000    7.750000   output external delay
                                              7.750000   data required time
---------------------------------------------------------------------------------------------
                                              7.750000   data required time
                                             -9.969163   data arrival time
---------------------------------------------------------------------------------------------
                                             -2.219163   slack (VIOLATED)




===========================================================================
report_checks --slack_max -0.01
============================================================================
======================= nom_ss_100C_1v60 Corner ===================================

Startpoint: B[0] (input port clocked by __VIRTUAL_CLK__)
Endpoint: P[15] (output port clocked by __VIRTUAL_CLK__)
Path Group: __VIRTUAL_CLK__
Path Type: max

Fanout         Cap        Slew       Delay        Time   Description
---------------------------------------------------------------------------------------------
                      0.000000    0.000000    0.000000   clock __VIRTUAL_CLK__ (rise edge)
                                  0.000000    0.000000   clock network delay (ideal)
                                  2.000000    2.000000 ^ input external delay
     1    0.003143    0.034525    0.017604    2.017604 ^ B[0] (in)
                                                         B[0] (net)
                      0.034525    0.000000    2.017604 ^ input9/A (sky130_fd_sc_hd__clkbuf_2)
     5    0.026895    0.235209    0.294450    2.312053 ^ input9/X (sky130_fd_sc_hd__clkbuf_2)
                                                         net9 (net)
                      0.235290    0.000817    2.312870 ^ fanout32/A (sky130_fd_sc_hd__buf_4)
    10    0.035261    0.169553    0.359665    2.672535 ^ fanout32/X (sky130_fd_sc_hd__buf_4)
                                                         net32 (net)
                      0.169558    0.001232    2.673767 ^ _288_/A (sky130_fd_sc_hd__and3_1)
     4    0.012696    0.218283    0.433055    3.106822 ^ _288_/X (sky130_fd_sc_hd__and3_1)
                                                         _222_ (net)
                      0.218283    0.000210    3.107032 ^ _306_/S (sky130_fd_sc_hd__mux2_2)
     2    0.012888    0.140290    0.802022    3.909055 v _306_/X (sky130_fd_sc_hd__mux2_2)
                                                         _239_ (net)
                      0.140290    0.000357    3.909411 v _308_/B (sky130_fd_sc_hd__xor2_2)
     2    0.019381    0.206357    0.356192    4.265603 v _308_/X (sky130_fd_sc_hd__xor2_2)
                                                         _241_ (net)
                      0.206357    0.000558    4.266161 v _327_/A2 (sky130_fd_sc_hd__a21oi_4)
     2    0.012571    0.215863    0.341055    4.607215 ^ _327_/Y (sky130_fd_sc_hd__a21oi_4)
                                                         _259_ (net)
                      0.215864    0.000315    4.607531 ^ _328_/A_N (sky130_fd_sc_hd__and2b_1)
     1    0.008424    0.111021    0.465998    5.073529 v _328_/X (sky130_fd_sc_hd__and2b_1)
                                                         _260_ (net)
                      0.111021    0.000247    5.073776 v _330_/B1 (sky130_fd_sc_hd__a21oi_4)
     2    0.014964    0.238501    0.264264    5.338040 ^ _330_/Y (sky130_fd_sc_hd__a21oi_4)
                                                         _262_ (net)
                      0.238501    0.000456    5.338497 ^ _333_/A (sky130_fd_sc_hd__nor2_1)
     1    0.003068    0.085333    0.151506    5.490002 v _333_/Y (sky130_fd_sc_hd__nor2_1)
                                                         _265_ (net)
                      0.085333    0.000069    5.490071 v _389_/C (sky130_fd_sc_hd__or3_4)
     2    0.013942    0.145002    0.702277    6.192348 v _389_/X (sky130_fd_sc_hd__or3_4)
                                                         _044_ (net)
                      0.145004    0.000659    6.193007 v _390_/B (sky130_fd_sc_hd__xor2_2)
     2    0.006222    0.135120    0.299974    6.492981 v _390_/X (sky130_fd_sc_hd__xor2_2)
                                                         _045_ (net)
                      0.135120    0.000105    6.493087 v _392_/A (sky130_fd_sc_hd__xor2_1)
     2    0.008335    0.340869    0.391885    6.884972 ^ _392_/X (sky130_fd_sc_hd__xor2_1)
                                                         _047_ (net)
                      0.340869    0.000159    6.885131 ^ _394_/A (sky130_fd_sc_hd__xor2_1)
     2    0.005209    0.251104    0.377866    7.262997 ^ _394_/X (sky130_fd_sc_hd__xor2_1)
                                                         _049_ (net)
                      0.251104    0.000123    7.263119 ^ _431_/A2 (sky130_fd_sc_hd__a21bo_1)
     3    0.012173    0.176315    0.361443    7.624563 ^ _431_/X (sky130_fd_sc_hd__a21bo_1)
                                                         _085_ (net)
                      0.176315    0.000509    7.625072 ^ _492_/C_N (sky130_fd_sc_hd__or3b_4)
     2    0.013910    0.146207    0.823049    8.448121 v _492_/X (sky130_fd_sc_hd__or3b_4)
                                                         _144_ (net)
                      0.146207    0.000721    8.448842 v _541_/A4 (sky130_fd_sc_hd__a41oi_4)
     3    0.012781    0.294864    0.419822    8.868665 ^ _541_/Y (sky130_fd_sc_hd__a41oi_4)
                                                         _191_ (net)
                      0.294864    0.000665    8.869329 ^ _555_/A1 (sky130_fd_sc_hd__a32o_2)
     3    0.017221    0.193437    0.524527    9.393857 ^ _555_/X (sky130_fd_sc_hd__a32o_2)
                                                         _204_ (net)
                      0.193437    0.000659    9.394516 ^ _565_/A2 (sky130_fd_sc_hd__a21o_1)
     1    0.008885    0.138931    0.319311    9.713826 ^ _565_/X (sky130_fd_sc_hd__a21o_1)
                                                         net22 (net)
                      0.138931    0.000400    9.714226 ^ output22/A (sky130_fd_sc_hd__buf_6)
     1    0.034348    0.123161    0.254164    9.968390 ^ output22/X (sky130_fd_sc_hd__buf_6)
                                                         P[15] (net)
                      0.123163    0.000773    9.969163 ^ P[15] (out)
                                              9.969163   data arrival time

                      0.000000   10.000000   10.000000   clock __VIRTUAL_CLK__ (rise edge)
                                  0.000000   10.000000   clock network delay (ideal)
                                 -0.250000    9.750000   clock uncertainty
                                  0.000000    9.750000   clock reconvergence pessimism
                                 -2.000000    7.750000   output external delay
                                              7.750000   data required time
---------------------------------------------------------------------------------------------
                                              7.750000   data required time
                                             -9.969163   data arrival time
---------------------------------------------------------------------------------------------
                                             -2.219163   slack (VIOLATED)




===========================================================================
 report_check_types -max_slew -max_cap -max_fanout -violators
============================================================================
======================= nom_ss_100C_1v60 Corner ===================================



===========================================================================
report_parasitic_annotation -report_unannotated
============================================================================
Found 1 unannotated drivers.
 mult8_2bits_2op_e2468_53/HI
Found 0 partially unannotated drivers.

===========================================================================
max slew violation count 0
max fanout violation count 0
max cap violation count 0
============================================================================

===========================================================================
check_setup -verbose -unconstrained_endpoints -multiple_clock -no_clock -no_input_delay -loops -generated_clocks
===========================================================================
Warning: There is 1 unconstrained endpoint.
  P[0]
