
===========================================================================
report_checks -unconstrained
===========================================================================
======================= nom_tt_025C_1v80 Corner ===================================

Startpoint: A[0] (input port clocked by __VIRTUAL_CLK__)
Endpoint: P[15] (output port clocked by __VIRTUAL_CLK__)
Path Group: __VIRTUAL_CLK__
Path Type: max

Fanout         Cap        Slew       Delay        Time   Description
---------------------------------------------------------------------------------------------
                      0.000000    0.000000    0.000000   clock __VIRTUAL_CLK__ (rise edge)
                                  0.000000    0.000000   clock network delay (ideal)
                                  2.000000    2.000000 ^ input external delay
     1    0.002700    0.019997    0.009945    2.009945 ^ A[0] (in)
                                                         A[0] (net)
                      0.019997    0.000000    2.009945 ^ input1/A (sky130_fd_sc_hd__buf_1)
     5    0.014350    0.174012    0.163272    2.173218 ^ input1/X (sky130_fd_sc_hd__buf_1)
                                                         net1 (net)
                      0.174012    0.000038    2.173255 ^ fanout46/A (sky130_fd_sc_hd__buf_2)
    10    0.029828    0.149947    0.226228    2.399483 ^ fanout46/X (sky130_fd_sc_hd__buf_2)
                                                         net46 (net)
                      0.149947    0.000030    2.399513 ^ _284_/D (sky130_fd_sc_hd__nand4_1)
     4    0.009184    0.143422    0.166449    2.565962 v _284_/Y (sky130_fd_sc_hd__nand4_1)
                                                         _221_ (net)
                      0.143422    0.000059    2.566021 v _300_/C (sky130_fd_sc_hd__or4_1)
     2    0.004399    0.096249    0.507876    3.073897 v _300_/X (sky130_fd_sc_hd__or4_1)
                                                         _235_ (net)
                      0.096249    0.000010    3.073907 v _302_/B (sky130_fd_sc_hd__and3_1)
     5    0.011548    0.073250    0.221937    3.295844 v _302_/X (sky130_fd_sc_hd__and3_1)
                                                         _237_ (net)
                      0.073250    0.000079    3.295923 v _304_/B (sky130_fd_sc_hd__or3_2)
     4    0.013186    0.110768    0.508503    3.804426 v _304_/X (sky130_fd_sc_hd__or3_2)
                                                         _239_ (net)
                      0.110768    0.000016    3.804442 v _341_/A1 (sky130_fd_sc_hd__o221a_1)
     2    0.006512    0.066623    0.299444    4.103886 v _341_/X (sky130_fd_sc_hd__o221a_1)
                                                         _274_ (net)
                      0.066623    0.000018    4.103904 v _344_/A (sky130_fd_sc_hd__xor2_1)
     2    0.010705    0.251830    0.257828    4.361733 ^ _344_/X (sky130_fd_sc_hd__xor2_1)
                                                         _001_ (net)
                      0.251830    0.000129    4.361862 ^ _353_/A (sky130_fd_sc_hd__xor2_1)
     2    0.007548    0.201860    0.232891    4.594753 ^ _353_/X (sky130_fd_sc_hd__xor2_1)
                                                         _010_ (net)
                      0.201860    0.000011    4.594763 ^ _354_/B (sky130_fd_sc_hd__xnor2_1)
     2    0.008195    0.227831    0.183316    4.778080 ^ _354_/Y (sky130_fd_sc_hd__xnor2_1)
                                                         _011_ (net)
                      0.227831    0.000036    4.778116 ^ _365_/A (sky130_fd_sc_hd__xnor2_1)
     2    0.007247    0.208639    0.179807    4.957923 ^ _365_/Y (sky130_fd_sc_hd__xnor2_1)
                                                         _022_ (net)
                      0.208639    0.000023    4.957946 ^ _368_/A_N (sky130_fd_sc_hd__and2b_1)
     2    0.005383    0.044435    0.219265    5.177210 v _368_/X (sky130_fd_sc_hd__and2b_1)
                                                         _025_ (net)
                      0.044435    0.000019    5.177229 v _400_/A2 (sky130_fd_sc_hd__o21a_1)
     4    0.010157    0.067406    0.198541    5.375771 v _400_/X (sky130_fd_sc_hd__o21a_1)
                                                         _056_ (net)
                      0.067406    0.000058    5.375828 v _495_/A2 (sky130_fd_sc_hd__o211a_1)
     2    0.007936    0.062221    0.235480    5.611309 v _495_/X (sky130_fd_sc_hd__o211a_1)
                                                         _148_ (net)
                      0.062221    0.000161    5.611470 v _542_/A1 (sky130_fd_sc_hd__o311a_1)
     4    0.015353    0.106604    0.415479    6.026948 v _542_/X (sky130_fd_sc_hd__o311a_1)
                                                         _193_ (net)
                      0.106604    0.000324    6.027272 v _562_/A2 (sky130_fd_sc_hd__o2111a_1)
     1    0.001965    0.038556    0.240954    6.268227 v _562_/X (sky130_fd_sc_hd__o2111a_1)
                                                         _211_ (net)
                      0.038556    0.000004    6.268230 v _565_/B (sky130_fd_sc_hd__or3_1)
     1    0.002291    0.062748    0.330684    6.598915 v _565_/X (sky130_fd_sc_hd__or3_1)
                                                         net23 (net)
                      0.062748    0.000008    6.598923 v output23/A (sky130_fd_sc_hd__buf_2)
     1    0.034472    0.089705    0.188705    6.787628 v output23/X (sky130_fd_sc_hd__buf_2)
                                                         P[15] (net)
                      0.089705    0.000227    6.787855 v P[15] (out)
                                              6.787855   data arrival time

                      0.000000   10.000000   10.000000   clock __VIRTUAL_CLK__ (rise edge)
                                  0.000000   10.000000   clock network delay (ideal)
                                 -0.250000    9.750000   clock uncertainty
                                  0.000000    9.750000   clock reconvergence pessimism
                                 -2.000000    7.750000   output external delay
                                              7.750000   data required time
---------------------------------------------------------------------------------------------
                                              7.750000   data required time
                                             -6.787855   data arrival time
---------------------------------------------------------------------------------------------
                                              0.962145   slack (MET)




===========================================================================
report_checks --slack_max -0.01
============================================================================
======================= nom_tt_025C_1v80 Corner ===================================

No paths found.


===========================================================================
 report_check_types -max_slew -max_cap -max_fanout -violators
============================================================================
======================= nom_tt_025C_1v80 Corner ===================================



===========================================================================
report_parasitic_annotation -report_unannotated
============================================================================
Found 0 unannotated drivers.
Found 0 partially unannotated drivers.

===========================================================================
max slew violation count 0
Writing metric design__max_slew_violation__count__corner:nom_tt_025C_1v80: 0
max fanout violation count 0
Writing metric design__max_fanout_violation__count__corner:nom_tt_025C_1v80: 0
max cap violation count 0
Writing metric design__max_cap_violation__count__corner:nom_tt_025C_1v80: 0
============================================================================

===========================================================================
check_setup -verbose -unconstrained_endpoints -multiple_clock -no_clock -no_input_delay -loops -generated_clocks
===========================================================================
