
===========================================================================
report_checks -path_delay max (Setup)
============================================================================
======================= nom_tt_025C_1v80 Corner ===================================

Startpoint: A[2] (input port clocked by __VIRTUAL_CLK__)
Endpoint: P[14] (output port clocked by __VIRTUAL_CLK__)
Path Group: __VIRTUAL_CLK__
Path Type: max

Fanout         Cap        Slew       Delay        Time   Description
---------------------------------------------------------------------------------------------
                      0.000000    0.000000    0.000000   clock __VIRTUAL_CLK__ (rise edge)
                                  0.000000    0.000000   clock network delay (ideal)
                                  2.000000    2.000000 v input external delay
     1    0.002898    0.008859    0.004580    2.004580 v A[2] (in)
                                                         A[2] (net)
                      0.008859    0.000000    2.004580 v input3/A (sky130_fd_sc_hd__clkbuf_1)
     1    0.004180    0.033562    0.078990    2.083570 v input3/X (sky130_fd_sc_hd__clkbuf_1)
                                                         net3 (net)
                      0.033562    0.000036    2.083607 v fanout41/A (sky130_fd_sc_hd__clkbuf_2)
     6    0.018092    0.075074    0.139154    2.222761 v fanout41/X (sky130_fd_sc_hd__clkbuf_2)
                                                         net41 (net)
                      0.075074    0.000255    2.223016 v fanout40/A (sky130_fd_sc_hd__clkbuf_2)
    10    0.022507    0.090666    0.169612    2.392627 v fanout40/X (sky130_fd_sc_hd__clkbuf_2)
                                                         net40 (net)
                      0.090666    0.000084    2.392711 v _331_/A (sky130_fd_sc_hd__or4bb_1)
     1    0.002692    0.080357    0.501789    2.894500 v _331_/X (sky130_fd_sc_hd__or4bb_1)
                                                         _263_ (net)
                      0.080357    0.000006    2.894506 v _333_/A1 (sky130_fd_sc_hd__a21oi_1)
     2    0.006923    0.186320    0.190178    3.084684 ^ _333_/Y (sky130_fd_sc_hd__a21oi_1)
                                                         _265_ (net)
                      0.186320    0.000032    3.084715 ^ _335_/B (sky130_fd_sc_hd__xor2_1)
     2    0.011029    0.266310    0.271295    3.356011 ^ _335_/X (sky130_fd_sc_hd__xor2_1)
                                                         _267_ (net)
                      0.266310    0.000072    3.356083 ^ _336_/B (sky130_fd_sc_hd__xnor2_1)
     3    0.009580    0.100999    0.151523    3.507605 v _336_/Y (sky130_fd_sc_hd__xnor2_1)
                                                         _268_ (net)
                      0.100999    0.000058    3.507663 v _340_/A3 (sky130_fd_sc_hd__a311o_1)
     2    0.010529    0.089722    0.410854    3.918517 v _340_/X (sky130_fd_sc_hd__a311o_1)
                                                         _272_ (net)
                      0.089722    0.000028    3.918545 v _344_/C (sky130_fd_sc_hd__and4_1)
     2    0.006745    0.055009    0.223109    4.141654 v _344_/X (sky130_fd_sc_hd__and4_1)
                                                         _276_ (net)
                      0.055009    0.000067    4.141720 v _348_/B (sky130_fd_sc_hd__or3_1)
     3    0.007938    0.096523    0.382148    4.523868 v _348_/X (sky130_fd_sc_hd__or3_1)
                                                         _001_ (net)
                      0.096523    0.000016    4.523884 v _351_/A1 (sky130_fd_sc_hd__a21o_1)
     2    0.004623    0.042197    0.180166    4.704050 v _351_/X (sky130_fd_sc_hd__a21o_1)
                                                         _004_ (net)
                      0.042197    0.000008    4.704058 v _365_/A2 (sky130_fd_sc_hd__a21o_1)
     2    0.004928    0.043470    0.180544    4.884602 v _365_/X (sky130_fd_sc_hd__a21o_1)
                                                         _018_ (net)
                      0.043470    0.000008    4.884610 v _405_/A1 (sky130_fd_sc_hd__a21o_1)
     2    0.008010    0.055658    0.173748    5.058358 v _405_/X (sky130_fd_sc_hd__a21o_1)
                                                         _057_ (net)
                      0.055658    0.000060    5.058417 v _439_/A2 (sky130_fd_sc_hd__a21bo_1)
     4    0.015632    0.087001    0.243719    5.302136 v _439_/X (sky130_fd_sc_hd__a21bo_1)
                                                         _090_ (net)
                      0.087001    0.000287    5.302423 v _544_/A1 (sky130_fd_sc_hd__a21o_1)
     4    0.011573    0.068717    0.205735    5.508158 v _544_/X (sky130_fd_sc_hd__a21o_1)
                                                         _191_ (net)
                      0.068717    0.000182    5.508340 v _562_/A2 (sky130_fd_sc_hd__a41o_1)
     3    0.013124    0.082644    0.260347    5.768687 v _562_/X (sky130_fd_sc_hd__a41o_1)
                                                         _208_ (net)
                      0.082644    0.000180    5.768867 v _568_/A (sky130_fd_sc_hd__xor2_1)
     1    0.003211    0.121437    0.162504    5.931371 ^ _568_/X (sky130_fd_sc_hd__xor2_1)
                                                         net21 (net)
                      0.121437    0.000023    5.931394 ^ output21/A (sky130_fd_sc_hd__buf_2)
     1    0.034472    0.171455    0.227233    6.158627 ^ output21/X (sky130_fd_sc_hd__buf_2)
                                                         P[14] (net)
                      0.171455    0.000227    6.158854 ^ P[14] (out)
                                              6.158854   data arrival time

                      0.000000   10.000000   10.000000   clock __VIRTUAL_CLK__ (rise edge)
                                  0.000000   10.000000   clock network delay (ideal)
                                 -0.250000    9.750000   clock uncertainty
                                  0.000000    9.750000   clock reconvergence pessimism
                                 -2.000000    7.750000   output external delay
                                              7.750000   data required time
---------------------------------------------------------------------------------------------
                                              7.750000   data required time
                                             -6.158854   data arrival time
---------------------------------------------------------------------------------------------
                                              1.591146   slack (MET)


Startpoint: A[2] (input port clocked by __VIRTUAL_CLK__)
Endpoint: P[15] (output port clocked by __VIRTUAL_CLK__)
Path Group: __VIRTUAL_CLK__
Path Type: max

Fanout         Cap        Slew       Delay        Time   Description
---------------------------------------------------------------------------------------------
                      0.000000    0.000000    0.000000   clock __VIRTUAL_CLK__ (rise edge)
                                  0.000000    0.000000   clock network delay (ideal)
                                  2.000000    2.000000 v input external delay
     1    0.002898    0.008859    0.004580    2.004580 v A[2] (in)
                                                         A[2] (net)
                      0.008859    0.000000    2.004580 v input3/A (sky130_fd_sc_hd__clkbuf_1)
     1    0.004180    0.033562    0.078990    2.083570 v input3/X (sky130_fd_sc_hd__clkbuf_1)
                                                         net3 (net)
                      0.033562    0.000036    2.083607 v fanout41/A (sky130_fd_sc_hd__clkbuf_2)
     6    0.018092    0.075074    0.139154    2.222761 v fanout41/X (sky130_fd_sc_hd__clkbuf_2)
                                                         net41 (net)
                      0.075074    0.000255    2.223016 v fanout40/A (sky130_fd_sc_hd__clkbuf_2)
    10    0.022507    0.090666    0.169612    2.392627 v fanout40/X (sky130_fd_sc_hd__clkbuf_2)
                                                         net40 (net)
                      0.090666    0.000084    2.392711 v _331_/A (sky130_fd_sc_hd__or4bb_1)
     1    0.002692    0.080357    0.501789    2.894500 v _331_/X (sky130_fd_sc_hd__or4bb_1)
                                                         _263_ (net)
                      0.080357    0.000006    2.894506 v _333_/A1 (sky130_fd_sc_hd__a21oi_1)
     2    0.006923    0.186320    0.190178    3.084684 ^ _333_/Y (sky130_fd_sc_hd__a21oi_1)
                                                         _265_ (net)
                      0.186320    0.000032    3.084715 ^ _335_/B (sky130_fd_sc_hd__xor2_1)
     2    0.011029    0.266310    0.271295    3.356011 ^ _335_/X (sky130_fd_sc_hd__xor2_1)
                                                         _267_ (net)
                      0.266310    0.000072    3.356083 ^ _336_/B (sky130_fd_sc_hd__xnor2_1)
     3    0.009580    0.100999    0.151523    3.507605 v _336_/Y (sky130_fd_sc_hd__xnor2_1)
                                                         _268_ (net)
                      0.100999    0.000058    3.507663 v _340_/A3 (sky130_fd_sc_hd__a311o_1)
     2    0.010529    0.089722    0.410854    3.918517 v _340_/X (sky130_fd_sc_hd__a311o_1)
                                                         _272_ (net)
                      0.089722    0.000028    3.918545 v _344_/C (sky130_fd_sc_hd__and4_1)
     2    0.006745    0.055009    0.223109    4.141654 v _344_/X (sky130_fd_sc_hd__and4_1)
                                                         _276_ (net)
                      0.055009    0.000067    4.141720 v _348_/B (sky130_fd_sc_hd__or3_1)
     3    0.007938    0.096523    0.382148    4.523868 v _348_/X (sky130_fd_sc_hd__or3_1)
                                                         _001_ (net)
                      0.096523    0.000016    4.523884 v _351_/A1 (sky130_fd_sc_hd__a21o_1)
     2    0.004623    0.042197    0.180166    4.704050 v _351_/X (sky130_fd_sc_hd__a21o_1)
                                                         _004_ (net)
                      0.042197    0.000008    4.704058 v _365_/A2 (sky130_fd_sc_hd__a21o_1)
     2    0.004928    0.043470    0.180544    4.884602 v _365_/X (sky130_fd_sc_hd__a21o_1)
                                                         _018_ (net)
                      0.043470    0.000008    4.884610 v _405_/A1 (sky130_fd_sc_hd__a21o_1)
     2    0.008010    0.055658    0.173748    5.058358 v _405_/X (sky130_fd_sc_hd__a21o_1)
                                                         _057_ (net)
                      0.055658    0.000060    5.058417 v _439_/A2 (sky130_fd_sc_hd__a21bo_1)
     4    0.015632    0.087001    0.243719    5.302136 v _439_/X (sky130_fd_sc_hd__a21bo_1)
                                                         _090_ (net)
                      0.087001    0.000287    5.302423 v _544_/A1 (sky130_fd_sc_hd__a21o_1)
     4    0.011573    0.068717    0.205735    5.508158 v _544_/X (sky130_fd_sc_hd__a21o_1)
                                                         _191_ (net)
                      0.068717    0.000182    5.508340 v _562_/A2 (sky130_fd_sc_hd__a41o_1)
     3    0.013124    0.082644    0.260347    5.768687 v _562_/X (sky130_fd_sc_hd__a41o_1)
                                                         _208_ (net)
                      0.082644    0.000176    5.768863 v _570_/A1 (sky130_fd_sc_hd__a21o_1)
     1    0.003173    0.034717    0.167290    5.936153 v _570_/X (sky130_fd_sc_hd__a21o_1)
                                                         net22 (net)
                      0.034717    0.000024    5.936178 v output22/A (sky130_fd_sc_hd__buf_2)
     1    0.034423    0.089720    0.176313    6.112490 v output22/X (sky130_fd_sc_hd__buf_2)
                                                         P[15] (net)
                      0.089720    0.000220    6.112710 v P[15] (out)
                                              6.112710   data arrival time

                      0.000000   10.000000   10.000000   clock __VIRTUAL_CLK__ (rise edge)
                                  0.000000   10.000000   clock network delay (ideal)
                                 -0.250000    9.750000   clock uncertainty
                                  0.000000    9.750000   clock reconvergence pessimism
                                 -2.000000    7.750000   output external delay
                                              7.750000   data required time
---------------------------------------------------------------------------------------------
                                              7.750000   data required time
                                             -6.112710   data arrival time
---------------------------------------------------------------------------------------------
                                              1.637289   slack (MET)


Startpoint: A[2] (input port clocked by __VIRTUAL_CLK__)
Endpoint: P[13] (output port clocked by __VIRTUAL_CLK__)
Path Group: __VIRTUAL_CLK__
Path Type: max

Fanout         Cap        Slew       Delay        Time   Description
---------------------------------------------------------------------------------------------
                      0.000000    0.000000    0.000000   clock __VIRTUAL_CLK__ (rise edge)
                                  0.000000    0.000000   clock network delay (ideal)
                                  2.000000    2.000000 v input external delay
     1    0.002898    0.008859    0.004580    2.004580 v A[2] (in)
                                                         A[2] (net)
                      0.008859    0.000000    2.004580 v input3/A (sky130_fd_sc_hd__clkbuf_1)
     1    0.004180    0.033562    0.078990    2.083570 v input3/X (sky130_fd_sc_hd__clkbuf_1)
                                                         net3 (net)
                      0.033562    0.000036    2.083607 v fanout41/A (sky130_fd_sc_hd__clkbuf_2)
     6    0.018092    0.075074    0.139154    2.222761 v fanout41/X (sky130_fd_sc_hd__clkbuf_2)
                                                         net41 (net)
                      0.075074    0.000255    2.223016 v fanout40/A (sky130_fd_sc_hd__clkbuf_2)
    10    0.022507    0.090666    0.169612    2.392627 v fanout40/X (sky130_fd_sc_hd__clkbuf_2)
                                                         net40 (net)
                      0.090666    0.000084    2.392711 v _331_/A (sky130_fd_sc_hd__or4bb_1)
     1    0.002692    0.080357    0.501789    2.894500 v _331_/X (sky130_fd_sc_hd__or4bb_1)
                                                         _263_ (net)
                      0.080357    0.000006    2.894506 v _333_/A1 (sky130_fd_sc_hd__a21oi_1)
     2    0.006923    0.186320    0.190178    3.084684 ^ _333_/Y (sky130_fd_sc_hd__a21oi_1)
                                                         _265_ (net)
                      0.186320    0.000032    3.084715 ^ _335_/B (sky130_fd_sc_hd__xor2_1)
     2    0.011029    0.266310    0.271295    3.356011 ^ _335_/X (sky130_fd_sc_hd__xor2_1)
                                                         _267_ (net)
                      0.266310    0.000072    3.356083 ^ _336_/B (sky130_fd_sc_hd__xnor2_1)
     3    0.009580    0.100999    0.151523    3.507605 v _336_/Y (sky130_fd_sc_hd__xnor2_1)
                                                         _268_ (net)
                      0.100999    0.000058    3.507663 v _340_/A3 (sky130_fd_sc_hd__a311o_1)
     2    0.010529    0.089722    0.410854    3.918517 v _340_/X (sky130_fd_sc_hd__a311o_1)
                                                         _272_ (net)
                      0.089722    0.000028    3.918545 v _344_/C (sky130_fd_sc_hd__and4_1)
     2    0.006745    0.055009    0.223109    4.141654 v _344_/X (sky130_fd_sc_hd__and4_1)
                                                         _276_ (net)
                      0.055009    0.000067    4.141720 v _348_/B (sky130_fd_sc_hd__or3_1)
     3    0.007938    0.096523    0.382148    4.523868 v _348_/X (sky130_fd_sc_hd__or3_1)
                                                         _001_ (net)
                      0.096523    0.000016    4.523884 v _351_/A1 (sky130_fd_sc_hd__a21o_1)
     2    0.004623    0.042197    0.180166    4.704050 v _351_/X (sky130_fd_sc_hd__a21o_1)
                                                         _004_ (net)
                      0.042197    0.000008    4.704058 v _365_/A2 (sky130_fd_sc_hd__a21o_1)
     2    0.004928    0.043470    0.180544    4.884602 v _365_/X (sky130_fd_sc_hd__a21o_1)
                                                         _018_ (net)
                      0.043470    0.000008    4.884610 v _405_/A1 (sky130_fd_sc_hd__a21o_1)
     2    0.008010    0.055658    0.173748    5.058358 v _405_/X (sky130_fd_sc_hd__a21o_1)
                                                         _057_ (net)
                      0.055658    0.000060    5.058417 v _439_/A2 (sky130_fd_sc_hd__a21bo_1)
     4    0.015632    0.087001    0.243719    5.302136 v _439_/X (sky130_fd_sc_hd__a21bo_1)
                                                         _090_ (net)
                      0.087001    0.000287    5.302423 v _544_/A1 (sky130_fd_sc_hd__a21o_1)
     4    0.011573    0.068717    0.205735    5.508158 v _544_/X (sky130_fd_sc_hd__a21o_1)
                                                         _191_ (net)
                      0.068717    0.000182    5.508340 v _562_/A2 (sky130_fd_sc_hd__a41o_1)
     3    0.013124    0.082644    0.260347    5.768687 v _562_/X (sky130_fd_sc_hd__a41o_1)
                                                         _208_ (net)
                      0.082644    0.000057    5.768744 v _563_/B (sky130_fd_sc_hd__nor2_1)
     1    0.003630    0.090929    0.105929    5.874672 ^ _563_/Y (sky130_fd_sc_hd__nor2_1)
                                                         net20 (net)
                      0.090929    0.000031    5.874703 ^ output20/A (sky130_fd_sc_hd__buf_2)
     1    0.034472    0.171277    0.215992    6.090696 ^ output20/X (sky130_fd_sc_hd__buf_2)
                                                         P[13] (net)
                      0.171277    0.000227    6.090923 ^ P[13] (out)
                                              6.090923   data arrival time

                      0.000000   10.000000   10.000000   clock __VIRTUAL_CLK__ (rise edge)
                                  0.000000   10.000000   clock network delay (ideal)
                                 -0.250000    9.750000   clock uncertainty
                                  0.000000    9.750000   clock reconvergence pessimism
                                 -2.000000    7.750000   output external delay
                                              7.750000   data required time
---------------------------------------------------------------------------------------------
                                              7.750000   data required time
                                             -6.090923   data arrival time
---------------------------------------------------------------------------------------------
                                              1.659077   slack (MET)


Startpoint: A[2] (input port clocked by __VIRTUAL_CLK__)
Endpoint: P[11] (output port clocked by __VIRTUAL_CLK__)
Path Group: __VIRTUAL_CLK__
Path Type: max

Fanout         Cap        Slew       Delay        Time   Description
---------------------------------------------------------------------------------------------
                      0.000000    0.000000    0.000000   clock __VIRTUAL_CLK__ (rise edge)
                                  0.000000    0.000000   clock network delay (ideal)
                                  2.000000    2.000000 v input external delay
     1    0.002898    0.008859    0.004580    2.004580 v A[2] (in)
                                                         A[2] (net)
                      0.008859    0.000000    2.004580 v input3/A (sky130_fd_sc_hd__clkbuf_1)
     1    0.004180    0.033562    0.078990    2.083570 v input3/X (sky130_fd_sc_hd__clkbuf_1)
                                                         net3 (net)
                      0.033562    0.000036    2.083607 v fanout41/A (sky130_fd_sc_hd__clkbuf_2)
     6    0.018092    0.075074    0.139154    2.222761 v fanout41/X (sky130_fd_sc_hd__clkbuf_2)
                                                         net41 (net)
                      0.075074    0.000255    2.223016 v fanout40/A (sky130_fd_sc_hd__clkbuf_2)
    10    0.022507    0.090666    0.169612    2.392627 v fanout40/X (sky130_fd_sc_hd__clkbuf_2)
                                                         net40 (net)
                      0.090666    0.000084    2.392711 v _331_/A (sky130_fd_sc_hd__or4bb_1)
     1    0.002692    0.080357    0.501789    2.894500 v _331_/X (sky130_fd_sc_hd__or4bb_1)
                                                         _263_ (net)
                      0.080357    0.000006    2.894506 v _333_/A1 (sky130_fd_sc_hd__a21oi_1)
     2    0.006923    0.186320    0.190178    3.084684 ^ _333_/Y (sky130_fd_sc_hd__a21oi_1)
                                                         _265_ (net)
                      0.186320    0.000032    3.084715 ^ _335_/B (sky130_fd_sc_hd__xor2_1)
     2    0.011029    0.266310    0.271295    3.356011 ^ _335_/X (sky130_fd_sc_hd__xor2_1)
                                                         _267_ (net)
                      0.266310    0.000072    3.356083 ^ _336_/B (sky130_fd_sc_hd__xnor2_1)
     3    0.009580    0.100999    0.151523    3.507605 v _336_/Y (sky130_fd_sc_hd__xnor2_1)
                                                         _268_ (net)
                      0.100999    0.000058    3.507663 v _340_/A3 (sky130_fd_sc_hd__a311o_1)
     2    0.010529    0.089722    0.410854    3.918517 v _340_/X (sky130_fd_sc_hd__a311o_1)
                                                         _272_ (net)
                      0.089722    0.000028    3.918545 v _344_/C (sky130_fd_sc_hd__and4_1)
     2    0.006745    0.055009    0.223109    4.141654 v _344_/X (sky130_fd_sc_hd__and4_1)
                                                         _276_ (net)
                      0.055009    0.000067    4.141720 v _348_/B (sky130_fd_sc_hd__or3_1)
     3    0.007938    0.096523    0.382148    4.523868 v _348_/X (sky130_fd_sc_hd__or3_1)
                                                         _001_ (net)
                      0.096523    0.000016    4.523884 v _351_/A1 (sky130_fd_sc_hd__a21o_1)
     2    0.004623    0.042197    0.180166    4.704050 v _351_/X (sky130_fd_sc_hd__a21o_1)
                                                         _004_ (net)
                      0.042197    0.000008    4.704058 v _365_/A2 (sky130_fd_sc_hd__a21o_1)
     2    0.004928    0.043470    0.180544    4.884602 v _365_/X (sky130_fd_sc_hd__a21o_1)
                                                         _018_ (net)
                      0.043470    0.000008    4.884610 v _405_/A1 (sky130_fd_sc_hd__a21o_1)
     2    0.008010    0.055658    0.173748    5.058358 v _405_/X (sky130_fd_sc_hd__a21o_1)
                                                         _057_ (net)
                      0.055658    0.000060    5.058417 v _439_/A2 (sky130_fd_sc_hd__a21bo_1)
     4    0.015632    0.087001    0.243719    5.302136 v _439_/X (sky130_fd_sc_hd__a21bo_1)
                                                         _090_ (net)
                      0.087001    0.000278    5.302415 v _500_/A1 (sky130_fd_sc_hd__a21o_1)
     2    0.007443    0.053021    0.189078    5.491492 v _500_/X (sky130_fd_sc_hd__a21o_1)
                                                         _149_ (net)
                      0.053021    0.000021    5.491513 v _523_/A2 (sky130_fd_sc_hd__a21oi_1)
     1    0.005356    0.156064    0.175075    5.666588 ^ _523_/Y (sky130_fd_sc_hd__a21oi_1)
                                                         _171_ (net)
                      0.156064    0.000020    5.666608 ^ _524_/B (sky130_fd_sc_hd__xnor2_1)
     1    0.005519    0.167529    0.154667    5.821276 ^ _524_/Y (sky130_fd_sc_hd__xnor2_1)
                                                         net18 (net)
                      0.167529    0.000058    5.821334 ^ output18/A (sky130_fd_sc_hd__buf_2)
     1    0.033984    0.169217    0.238288    6.059621 ^ output18/X (sky130_fd_sc_hd__buf_2)
                                                         P[11] (net)
                      0.169217    0.000079    6.059700 ^ P[11] (out)
                                              6.059700   data arrival time

                      0.000000   10.000000   10.000000   clock __VIRTUAL_CLK__ (rise edge)
                                  0.000000   10.000000   clock network delay (ideal)
                                 -0.250000    9.750000   clock uncertainty
                                  0.000000    9.750000   clock reconvergence pessimism
                                 -2.000000    7.750000   output external delay
                                              7.750000   data required time
---------------------------------------------------------------------------------------------
                                              7.750000   data required time
                                             -6.059700   data arrival time
---------------------------------------------------------------------------------------------
                                              1.690300   slack (MET)


Startpoint: A[2] (input port clocked by __VIRTUAL_CLK__)
Endpoint: P[12] (output port clocked by __VIRTUAL_CLK__)
Path Group: __VIRTUAL_CLK__
Path Type: max

Fanout         Cap        Slew       Delay        Time   Description
---------------------------------------------------------------------------------------------
                      0.000000    0.000000    0.000000   clock __VIRTUAL_CLK__ (rise edge)
                                  0.000000    0.000000   clock network delay (ideal)
                                  2.000000    2.000000 v input external delay
     1    0.002898    0.008859    0.004580    2.004580 v A[2] (in)
                                                         A[2] (net)
                      0.008859    0.000000    2.004580 v input3/A (sky130_fd_sc_hd__clkbuf_1)
     1    0.004180    0.033562    0.078990    2.083570 v input3/X (sky130_fd_sc_hd__clkbuf_1)
                                                         net3 (net)
                      0.033562    0.000036    2.083607 v fanout41/A (sky130_fd_sc_hd__clkbuf_2)
     6    0.018092    0.075074    0.139154    2.222761 v fanout41/X (sky130_fd_sc_hd__clkbuf_2)
                                                         net41 (net)
                      0.075074    0.000255    2.223016 v fanout40/A (sky130_fd_sc_hd__clkbuf_2)
    10    0.022507    0.090666    0.169612    2.392627 v fanout40/X (sky130_fd_sc_hd__clkbuf_2)
                                                         net40 (net)
                      0.090666    0.000084    2.392711 v _331_/A (sky130_fd_sc_hd__or4bb_1)
     1    0.002692    0.080357    0.501789    2.894500 v _331_/X (sky130_fd_sc_hd__or4bb_1)
                                                         _263_ (net)
                      0.080357    0.000006    2.894506 v _333_/A1 (sky130_fd_sc_hd__a21oi_1)
     2    0.006923    0.186320    0.190178    3.084684 ^ _333_/Y (sky130_fd_sc_hd__a21oi_1)
                                                         _265_ (net)
                      0.186320    0.000032    3.084715 ^ _335_/B (sky130_fd_sc_hd__xor2_1)
     2    0.011029    0.266310    0.271295    3.356011 ^ _335_/X (sky130_fd_sc_hd__xor2_1)
                                                         _267_ (net)
                      0.266310    0.000072    3.356083 ^ _336_/B (sky130_fd_sc_hd__xnor2_1)
     3    0.009580    0.100999    0.151523    3.507605 v _336_/Y (sky130_fd_sc_hd__xnor2_1)
                                                         _268_ (net)
                      0.100999    0.000058    3.507663 v _340_/A3 (sky130_fd_sc_hd__a311o_1)
     2    0.010529    0.089722    0.410854    3.918517 v _340_/X (sky130_fd_sc_hd__a311o_1)
                                                         _272_ (net)
                      0.089722    0.000028    3.918545 v _344_/C (sky130_fd_sc_hd__and4_1)
     2    0.006745    0.055009    0.223109    4.141654 v _344_/X (sky130_fd_sc_hd__and4_1)
                                                         _276_ (net)
                      0.055009    0.000067    4.141720 v _348_/B (sky130_fd_sc_hd__or3_1)
     3    0.007938    0.096523    0.382148    4.523868 v _348_/X (sky130_fd_sc_hd__or3_1)
                                                         _001_ (net)
                      0.096523    0.000016    4.523884 v _351_/A1 (sky130_fd_sc_hd__a21o_1)
     2    0.004623    0.042197    0.180166    4.704050 v _351_/X (sky130_fd_sc_hd__a21o_1)
                                                         _004_ (net)
                      0.042197    0.000008    4.704058 v _365_/A2 (sky130_fd_sc_hd__a21o_1)
     2    0.004928    0.043470    0.180544    4.884602 v _365_/X (sky130_fd_sc_hd__a21o_1)
                                                         _018_ (net)
                      0.043470    0.000008    4.884610 v _405_/A1 (sky130_fd_sc_hd__a21o_1)
     2    0.008010    0.055658    0.173748    5.058358 v _405_/X (sky130_fd_sc_hd__a21o_1)
                                                         _057_ (net)
                      0.055658    0.000060    5.058417 v _439_/A2 (sky130_fd_sc_hd__a21bo_1)
     4    0.015632    0.087001    0.243719    5.302136 v _439_/X (sky130_fd_sc_hd__a21bo_1)
                                                         _090_ (net)
                      0.087001    0.000287    5.302423 v _544_/A1 (sky130_fd_sc_hd__a21o_1)
     4    0.011573    0.068717    0.205735    5.508158 v _544_/X (sky130_fd_sc_hd__a21o_1)
                                                         _191_ (net)
                      0.068717    0.000175    5.508334 v _547_/C (sky130_fd_sc_hd__and4_1)
     1    0.002568    0.038472    0.191029    5.699363 v _547_/X (sky130_fd_sc_hd__and4_1)
                                                         _194_ (net)
                      0.038472    0.000005    5.699368 v _548_/B (sky130_fd_sc_hd__nor2_1)
     1    0.004031    0.095567    0.094443    5.793811 ^ _548_/Y (sky130_fd_sc_hd__nor2_1)
                                                         net19 (net)
                      0.095567    0.000043    5.793854 ^ output19/A (sky130_fd_sc_hd__buf_2)
     1    0.034472    0.171304    0.217701    6.011555 ^ output19/X (sky130_fd_sc_hd__buf_2)
                                                         P[12] (net)
                      0.171304    0.000227    6.011782 ^ P[12] (out)
                                              6.011782   data arrival time

                      0.000000   10.000000   10.000000   clock __VIRTUAL_CLK__ (rise edge)
                                  0.000000   10.000000   clock network delay (ideal)
                                 -0.250000    9.750000   clock uncertainty
                                  0.000000    9.750000   clock reconvergence pessimism
                                 -2.000000    7.750000   output external delay
                                              7.750000   data required time
---------------------------------------------------------------------------------------------
                                              7.750000   data required time
                                             -6.011782   data arrival time
---------------------------------------------------------------------------------------------
                                              1.738218   slack (MET)


Startpoint: A[2] (input port clocked by __VIRTUAL_CLK__)
Endpoint: P[9] (output port clocked by __VIRTUAL_CLK__)
Path Group: __VIRTUAL_CLK__
Path Type: max

Fanout         Cap        Slew       Delay        Time   Description
---------------------------------------------------------------------------------------------
                      0.000000    0.000000    0.000000   clock __VIRTUAL_CLK__ (rise edge)
                                  0.000000    0.000000   clock network delay (ideal)
                                  2.000000    2.000000 v input external delay
     1    0.002898    0.008859    0.004580    2.004580 v A[2] (in)
                                                         A[2] (net)
                      0.008859    0.000000    2.004580 v input3/A (sky130_fd_sc_hd__clkbuf_1)
     1    0.004180    0.033562    0.078990    2.083570 v input3/X (sky130_fd_sc_hd__clkbuf_1)
                                                         net3 (net)
                      0.033562    0.000036    2.083607 v fanout41/A (sky130_fd_sc_hd__clkbuf_2)
     6    0.018092    0.075074    0.139154    2.222761 v fanout41/X (sky130_fd_sc_hd__clkbuf_2)
                                                         net41 (net)
                      0.075074    0.000255    2.223016 v fanout40/A (sky130_fd_sc_hd__clkbuf_2)
    10    0.022507    0.090666    0.169612    2.392627 v fanout40/X (sky130_fd_sc_hd__clkbuf_2)
                                                         net40 (net)
                      0.090666    0.000084    2.392711 v _331_/A (sky130_fd_sc_hd__or4bb_1)
     1    0.002692    0.080357    0.501789    2.894500 v _331_/X (sky130_fd_sc_hd__or4bb_1)
                                                         _263_ (net)
                      0.080357    0.000006    2.894506 v _333_/A1 (sky130_fd_sc_hd__a21oi_1)
     2    0.006923    0.186320    0.190178    3.084684 ^ _333_/Y (sky130_fd_sc_hd__a21oi_1)
                                                         _265_ (net)
                      0.186320    0.000032    3.084715 ^ _335_/B (sky130_fd_sc_hd__xor2_1)
     2    0.011029    0.266310    0.271295    3.356011 ^ _335_/X (sky130_fd_sc_hd__xor2_1)
                                                         _267_ (net)
                      0.266310    0.000072    3.356083 ^ _336_/B (sky130_fd_sc_hd__xnor2_1)
     3    0.009580    0.100999    0.151523    3.507605 v _336_/Y (sky130_fd_sc_hd__xnor2_1)
                                                         _268_ (net)
                      0.100999    0.000058    3.507663 v _340_/A3 (sky130_fd_sc_hd__a311o_1)
     2    0.010529    0.089722    0.410854    3.918517 v _340_/X (sky130_fd_sc_hd__a311o_1)
                                                         _272_ (net)
                      0.089722    0.000028    3.918545 v _344_/C (sky130_fd_sc_hd__and4_1)
     2    0.006745    0.055009    0.223109    4.141654 v _344_/X (sky130_fd_sc_hd__and4_1)
                                                         _276_ (net)
                      0.055009    0.000067    4.141720 v _348_/B (sky130_fd_sc_hd__or3_1)
     3    0.007938    0.096523    0.382148    4.523868 v _348_/X (sky130_fd_sc_hd__or3_1)
                                                         _001_ (net)
                      0.096523    0.000016    4.523884 v _351_/A1 (sky130_fd_sc_hd__a21o_1)
     2    0.004623    0.042197    0.180166    4.704050 v _351_/X (sky130_fd_sc_hd__a21o_1)
                                                         _004_ (net)
                      0.042197    0.000008    4.704058 v _365_/A2 (sky130_fd_sc_hd__a21o_1)
     2    0.004928    0.043470    0.180544    4.884602 v _365_/X (sky130_fd_sc_hd__a21o_1)
                                                         _018_ (net)
                      0.043470    0.000008    4.884610 v _405_/A1 (sky130_fd_sc_hd__a21o_1)
     2    0.008010    0.055658    0.173748    5.058358 v _405_/X (sky130_fd_sc_hd__a21o_1)
                                                         _057_ (net)
                      0.055658    0.000060    5.058417 v _439_/A2 (sky130_fd_sc_hd__a21bo_1)
     4    0.015632    0.087001    0.243719    5.302136 v _439_/X (sky130_fd_sc_hd__a21bo_1)
                                                         _090_ (net)
                      0.087001    0.000196    5.302332 v _440_/B (sky130_fd_sc_hd__and2b_1)
     1    0.002429    0.033086    0.166846    5.469178 v _440_/X (sky130_fd_sc_hd__and2b_1)
                                                         _091_ (net)
                      0.033086    0.000003    5.469181 v _442_/B (sky130_fd_sc_hd__nor2_1)
     1    0.005422    0.122663    0.109999    5.579180 ^ _442_/Y (sky130_fd_sc_hd__nor2_1)
                                                         _092_ (net)
                      0.122663    0.000021    5.579201 ^ _481_/A (sky130_fd_sc_hd__xnor2_1)
     1    0.005368    0.164644    0.146690    5.725892 ^ _481_/Y (sky130_fd_sc_hd__xnor2_1)
                                                         net31 (net)
                      0.164644    0.000055    5.725946 ^ output31/A (sky130_fd_sc_hd__buf_2)
     1    0.034124    0.169870    0.237949    5.963895 ^ output31/X (sky130_fd_sc_hd__buf_2)
                                                         P[9] (net)
                      0.169870    0.000111    5.964006 ^ P[9] (out)
                                              5.964006   data arrival time

                      0.000000   10.000000   10.000000   clock __VIRTUAL_CLK__ (rise edge)
                                  0.000000   10.000000   clock network delay (ideal)
                                 -0.250000    9.750000   clock uncertainty
                                  0.000000    9.750000   clock reconvergence pessimism
                                 -2.000000    7.750000   output external delay
                                              7.750000   data required time
---------------------------------------------------------------------------------------------
                                              7.750000   data required time
                                             -5.964006   data arrival time
---------------------------------------------------------------------------------------------
                                              1.785994   slack (MET)


Startpoint: A[2] (input port clocked by __VIRTUAL_CLK__)
Endpoint: P[10] (output port clocked by __VIRTUAL_CLK__)
Path Group: __VIRTUAL_CLK__
Path Type: max

Fanout         Cap        Slew       Delay        Time   Description
---------------------------------------------------------------------------------------------
                      0.000000    0.000000    0.000000   clock __VIRTUAL_CLK__ (rise edge)
                                  0.000000    0.000000   clock network delay (ideal)
                                  2.000000    2.000000 v input external delay
     1    0.002898    0.008859    0.004580    2.004580 v A[2] (in)
                                                         A[2] (net)
                      0.008859    0.000000    2.004580 v input3/A (sky130_fd_sc_hd__clkbuf_1)
     1    0.004180    0.033562    0.078990    2.083570 v input3/X (sky130_fd_sc_hd__clkbuf_1)
                                                         net3 (net)
                      0.033562    0.000036    2.083607 v fanout41/A (sky130_fd_sc_hd__clkbuf_2)
     6    0.018092    0.075074    0.139154    2.222761 v fanout41/X (sky130_fd_sc_hd__clkbuf_2)
                                                         net41 (net)
                      0.075074    0.000255    2.223016 v fanout40/A (sky130_fd_sc_hd__clkbuf_2)
    10    0.022507    0.090666    0.169612    2.392627 v fanout40/X (sky130_fd_sc_hd__clkbuf_2)
                                                         net40 (net)
                      0.090666    0.000084    2.392711 v _331_/A (sky130_fd_sc_hd__or4bb_1)
     1    0.002692    0.080357    0.501789    2.894500 v _331_/X (sky130_fd_sc_hd__or4bb_1)
                                                         _263_ (net)
                      0.080357    0.000006    2.894506 v _333_/A1 (sky130_fd_sc_hd__a21oi_1)
     2    0.006923    0.186320    0.190178    3.084684 ^ _333_/Y (sky130_fd_sc_hd__a21oi_1)
                                                         _265_ (net)
                      0.186320    0.000032    3.084715 ^ _335_/B (sky130_fd_sc_hd__xor2_1)
     2    0.011029    0.266310    0.271295    3.356011 ^ _335_/X (sky130_fd_sc_hd__xor2_1)
                                                         _267_ (net)
                      0.266310    0.000072    3.356083 ^ _336_/B (sky130_fd_sc_hd__xnor2_1)
     3    0.009580    0.100999    0.151523    3.507605 v _336_/Y (sky130_fd_sc_hd__xnor2_1)
                                                         _268_ (net)
                      0.100999    0.000058    3.507663 v _340_/A3 (sky130_fd_sc_hd__a311o_1)
     2    0.010529    0.089722    0.410854    3.918517 v _340_/X (sky130_fd_sc_hd__a311o_1)
                                                         _272_ (net)
                      0.089722    0.000028    3.918545 v _344_/C (sky130_fd_sc_hd__and4_1)
     2    0.006745    0.055009    0.223109    4.141654 v _344_/X (sky130_fd_sc_hd__and4_1)
                                                         _276_ (net)
                      0.055009    0.000067    4.141720 v _348_/B (sky130_fd_sc_hd__or3_1)
     3    0.007938    0.096523    0.382148    4.523868 v _348_/X (sky130_fd_sc_hd__or3_1)
                                                         _001_ (net)
                      0.096523    0.000016    4.523884 v _351_/A1 (sky130_fd_sc_hd__a21o_1)
     2    0.004623    0.042197    0.180166    4.704050 v _351_/X (sky130_fd_sc_hd__a21o_1)
                                                         _004_ (net)
                      0.042197    0.000008    4.704058 v _365_/A2 (sky130_fd_sc_hd__a21o_1)
     2    0.004928    0.043470    0.180544    4.884602 v _365_/X (sky130_fd_sc_hd__a21o_1)
                                                         _018_ (net)
                      0.043470    0.000008    4.884610 v _405_/A1 (sky130_fd_sc_hd__a21o_1)
     2    0.008010    0.055658    0.173748    5.058358 v _405_/X (sky130_fd_sc_hd__a21o_1)
                                                         _057_ (net)
                      0.055658    0.000060    5.058417 v _439_/A2 (sky130_fd_sc_hd__a21bo_1)
     4    0.015632    0.087001    0.243719    5.302136 v _439_/X (sky130_fd_sc_hd__a21bo_1)
                                                         _090_ (net)
                      0.087001    0.000278    5.302415 v _500_/A1 (sky130_fd_sc_hd__a21o_1)
     2    0.007443    0.053021    0.189078    5.491492 v _500_/X (sky130_fd_sc_hd__a21o_1)
                                                         _149_ (net)
                      0.053021    0.000027    5.491519 v _501_/B (sky130_fd_sc_hd__xnor2_1)
     1    0.005580    0.168788    0.171474    5.662993 ^ _501_/Y (sky130_fd_sc_hd__xnor2_1)
                                                         net17 (net)
                      0.168788    0.000061    5.663054 ^ output17/A (sky130_fd_sc_hd__buf_2)
     1    0.034020    0.169385    0.238740    5.901794 ^ output17/X (sky130_fd_sc_hd__buf_2)
                                                         P[10] (net)
                      0.169385    0.000087    5.901881 ^ P[10] (out)
                                              5.901881   data arrival time

                      0.000000   10.000000   10.000000   clock __VIRTUAL_CLK__ (rise edge)
                                  0.000000   10.000000   clock network delay (ideal)
                                 -0.250000    9.750000   clock uncertainty
                                  0.000000    9.750000   clock reconvergence pessimism
                                 -2.000000    7.750000   output external delay
                                              7.750000   data required time
---------------------------------------------------------------------------------------------
                                              7.750000   data required time
                                             -5.901881   data arrival time
---------------------------------------------------------------------------------------------
                                              1.848119   slack (MET)


Startpoint: A[2] (input port clocked by __VIRTUAL_CLK__)
Endpoint: P[8] (output port clocked by __VIRTUAL_CLK__)
Path Group: __VIRTUAL_CLK__
Path Type: max

Fanout         Cap        Slew       Delay        Time   Description
---------------------------------------------------------------------------------------------
                      0.000000    0.000000    0.000000   clock __VIRTUAL_CLK__ (rise edge)
                                  0.000000    0.000000   clock network delay (ideal)
                                  2.000000    2.000000 v input external delay
     1    0.002898    0.008859    0.004580    2.004580 v A[2] (in)
                                                         A[2] (net)
                      0.008859    0.000000    2.004580 v input3/A (sky130_fd_sc_hd__clkbuf_1)
     1    0.004180    0.033562    0.078990    2.083570 v input3/X (sky130_fd_sc_hd__clkbuf_1)
                                                         net3 (net)
                      0.033562    0.000036    2.083607 v fanout41/A (sky130_fd_sc_hd__clkbuf_2)
     6    0.018092    0.075074    0.139154    2.222761 v fanout41/X (sky130_fd_sc_hd__clkbuf_2)
                                                         net41 (net)
                      0.075074    0.000255    2.223016 v fanout40/A (sky130_fd_sc_hd__clkbuf_2)
    10    0.022507    0.090666    0.169612    2.392627 v fanout40/X (sky130_fd_sc_hd__clkbuf_2)
                                                         net40 (net)
                      0.090666    0.000084    2.392711 v _331_/A (sky130_fd_sc_hd__or4bb_1)
     1    0.002692    0.080357    0.501789    2.894500 v _331_/X (sky130_fd_sc_hd__or4bb_1)
                                                         _263_ (net)
                      0.080357    0.000006    2.894506 v _333_/A1 (sky130_fd_sc_hd__a21oi_1)
     2    0.006923    0.186320    0.190178    3.084684 ^ _333_/Y (sky130_fd_sc_hd__a21oi_1)
                                                         _265_ (net)
                      0.186320    0.000032    3.084715 ^ _335_/B (sky130_fd_sc_hd__xor2_1)
     2    0.011029    0.266310    0.271295    3.356011 ^ _335_/X (sky130_fd_sc_hd__xor2_1)
                                                         _267_ (net)
                      0.266310    0.000072    3.356083 ^ _336_/B (sky130_fd_sc_hd__xnor2_1)
     3    0.009580    0.100999    0.151523    3.507605 v _336_/Y (sky130_fd_sc_hd__xnor2_1)
                                                         _268_ (net)
                      0.100999    0.000058    3.507663 v _340_/A3 (sky130_fd_sc_hd__a311o_1)
     2    0.010529    0.089722    0.410854    3.918517 v _340_/X (sky130_fd_sc_hd__a311o_1)
                                                         _272_ (net)
                      0.089722    0.000028    3.918545 v _344_/C (sky130_fd_sc_hd__and4_1)
     2    0.006745    0.055009    0.223109    4.141654 v _344_/X (sky130_fd_sc_hd__and4_1)
                                                         _276_ (net)
                      0.055009    0.000067    4.141720 v _348_/B (sky130_fd_sc_hd__or3_1)
     3    0.007938    0.096523    0.382148    4.523868 v _348_/X (sky130_fd_sc_hd__or3_1)
                                                         _001_ (net)
                      0.096523    0.000016    4.523884 v _351_/A1 (sky130_fd_sc_hd__a21o_1)
     2    0.004623    0.042197    0.180166    4.704050 v _351_/X (sky130_fd_sc_hd__a21o_1)
                                                         _004_ (net)
                      0.042197    0.000008    4.704058 v _365_/A2 (sky130_fd_sc_hd__a21o_1)
     2    0.004928    0.043470    0.180544    4.884602 v _365_/X (sky130_fd_sc_hd__a21o_1)
                                                         _018_ (net)
                      0.043470    0.000008    4.884610 v _405_/A1 (sky130_fd_sc_hd__a21o_1)
     2    0.008010    0.055658    0.173748    5.058358 v _405_/X (sky130_fd_sc_hd__a21o_1)
                                                         _057_ (net)
                      0.055658    0.000060    5.058417 v _439_/A2 (sky130_fd_sc_hd__a21bo_1)
     4    0.015632    0.087001    0.243719    5.302136 v _439_/X (sky130_fd_sc_hd__a21bo_1)
                                                         _090_ (net)
                      0.087001    0.000202    5.302338 v _441_/B (sky130_fd_sc_hd__xnor2_1)
     1    0.005346    0.164130    0.181451    5.483788 ^ _441_/Y (sky130_fd_sc_hd__xnor2_1)
                                                         net30 (net)
                      0.164130    0.000053    5.483841 ^ output30/A (sky130_fd_sc_hd__buf_2)
     1    0.033967    0.171774    0.237368    5.721210 ^ output30/X (sky130_fd_sc_hd__buf_2)
                                                         P[8] (net)
                      0.171774    0.000075    5.721284 ^ P[8] (out)
                                              5.721284   data arrival time

                      0.000000   10.000000   10.000000   clock __VIRTUAL_CLK__ (rise edge)
                                  0.000000   10.000000   clock network delay (ideal)
                                 -0.250000    9.750000   clock uncertainty
                                  0.000000    9.750000   clock reconvergence pessimism
                                 -2.000000    7.750000   output external delay
                                              7.750000   data required time
---------------------------------------------------------------------------------------------
                                              7.750000   data required time
                                             -5.721284   data arrival time
---------------------------------------------------------------------------------------------
                                              2.028715   slack (MET)


Startpoint: A[2] (input port clocked by __VIRTUAL_CLK__)
Endpoint: P[6] (output port clocked by __VIRTUAL_CLK__)
Path Group: __VIRTUAL_CLK__
Path Type: max

Fanout         Cap        Slew       Delay        Time   Description
---------------------------------------------------------------------------------------------
                      0.000000    0.000000    0.000000   clock __VIRTUAL_CLK__ (rise edge)
                                  0.000000    0.000000   clock network delay (ideal)
                                  2.000000    2.000000 v input external delay
     1    0.002898    0.008859    0.004580    2.004580 v A[2] (in)
                                                         A[2] (net)
                      0.008859    0.000000    2.004580 v input3/A (sky130_fd_sc_hd__clkbuf_1)
     1    0.004180    0.033562    0.078990    2.083570 v input3/X (sky130_fd_sc_hd__clkbuf_1)
                                                         net3 (net)
                      0.033562    0.000036    2.083607 v fanout41/A (sky130_fd_sc_hd__clkbuf_2)
     6    0.018092    0.075074    0.139154    2.222761 v fanout41/X (sky130_fd_sc_hd__clkbuf_2)
                                                         net41 (net)
                      0.075074    0.000255    2.223016 v fanout40/A (sky130_fd_sc_hd__clkbuf_2)
    10    0.022507    0.090666    0.169612    2.392627 v fanout40/X (sky130_fd_sc_hd__clkbuf_2)
                                                         net40 (net)
                      0.090666    0.000084    2.392711 v _331_/A (sky130_fd_sc_hd__or4bb_1)
     1    0.002692    0.080357    0.501789    2.894500 v _331_/X (sky130_fd_sc_hd__or4bb_1)
                                                         _263_ (net)
                      0.080357    0.000006    2.894506 v _333_/A1 (sky130_fd_sc_hd__a21oi_1)
     2    0.006923    0.186320    0.190178    3.084684 ^ _333_/Y (sky130_fd_sc_hd__a21oi_1)
                                                         _265_ (net)
                      0.186320    0.000032    3.084715 ^ _335_/B (sky130_fd_sc_hd__xor2_1)
     2    0.011029    0.266310    0.271295    3.356011 ^ _335_/X (sky130_fd_sc_hd__xor2_1)
                                                         _267_ (net)
                      0.266310    0.000072    3.356083 ^ _336_/B (sky130_fd_sc_hd__xnor2_1)
     3    0.009580    0.100999    0.151523    3.507605 v _336_/Y (sky130_fd_sc_hd__xnor2_1)
                                                         _268_ (net)
                      0.100999    0.000058    3.507663 v _340_/A3 (sky130_fd_sc_hd__a311o_1)
     2    0.010529    0.089722    0.410854    3.918517 v _340_/X (sky130_fd_sc_hd__a311o_1)
                                                         _272_ (net)
                      0.089722    0.000028    3.918545 v _344_/C (sky130_fd_sc_hd__and4_1)
     2    0.006745    0.055009    0.223109    4.141654 v _344_/X (sky130_fd_sc_hd__and4_1)
                                                         _276_ (net)
                      0.055009    0.000067    4.141720 v _348_/B (sky130_fd_sc_hd__or3_1)
     3    0.007938    0.096523    0.382148    4.523868 v _348_/X (sky130_fd_sc_hd__or3_1)
                                                         _001_ (net)
                      0.096523    0.000016    4.523884 v _351_/A1 (sky130_fd_sc_hd__a21o_1)
     2    0.004623    0.042197    0.180166    4.704050 v _351_/X (sky130_fd_sc_hd__a21o_1)
                                                         _004_ (net)
                      0.042197    0.000012    4.704062 v _364_/B (sky130_fd_sc_hd__and3_1)
     2    0.004948    0.047573    0.168441    4.872503 v _364_/X (sky130_fd_sc_hd__and3_1)
                                                         _017_ (net)
                      0.047573    0.000018    4.872521 v _366_/A_N (sky130_fd_sc_hd__and2b_1)
     1    0.004732    0.058992    0.195659    5.068180 ^ _366_/X (sky130_fd_sc_hd__and2b_1)
                                                         _019_ (net)
                      0.058992    0.000006    5.068186 ^ _369_/A (sky130_fd_sc_hd__xor2_1)
     1    0.005959    0.166499    0.174474    5.242660 ^ _369_/X (sky130_fd_sc_hd__xor2_1)
                                                         net28 (net)
                      0.166499    0.000067    5.242726 ^ output28/A (sky130_fd_sc_hd__buf_2)
     1    0.034020    0.169382    0.238121    5.480847 ^ output28/X (sky130_fd_sc_hd__buf_2)
                                                         P[6] (net)
                      0.169382    0.000087    5.480934 ^ P[6] (out)
                                              5.480934   data arrival time

                      0.000000   10.000000   10.000000   clock __VIRTUAL_CLK__ (rise edge)
                                  0.000000   10.000000   clock network delay (ideal)
                                 -0.250000    9.750000   clock uncertainty
                                  0.000000    9.750000   clock reconvergence pessimism
                                 -2.000000    7.750000   output external delay
                                              7.750000   data required time
---------------------------------------------------------------------------------------------
                                              7.750000   data required time
                                             -5.480934   data arrival time
---------------------------------------------------------------------------------------------
                                              2.269066   slack (MET)


Startpoint: A[2] (input port clocked by __VIRTUAL_CLK__)
Endpoint: P[7] (output port clocked by __VIRTUAL_CLK__)
Path Group: __VIRTUAL_CLK__
Path Type: max

Fanout         Cap        Slew       Delay        Time   Description
---------------------------------------------------------------------------------------------
                      0.000000    0.000000    0.000000   clock __VIRTUAL_CLK__ (rise edge)
                                  0.000000    0.000000   clock network delay (ideal)
                                  2.000000    2.000000 v input external delay
     1    0.002898    0.008859    0.004580    2.004580 v A[2] (in)
                                                         A[2] (net)
                      0.008859    0.000000    2.004580 v input3/A (sky130_fd_sc_hd__clkbuf_1)
     1    0.004180    0.033562    0.078990    2.083570 v input3/X (sky130_fd_sc_hd__clkbuf_1)
                                                         net3 (net)
                      0.033562    0.000036    2.083607 v fanout41/A (sky130_fd_sc_hd__clkbuf_2)
     6    0.018092    0.075074    0.139154    2.222761 v fanout41/X (sky130_fd_sc_hd__clkbuf_2)
                                                         net41 (net)
                      0.075074    0.000255    2.223016 v fanout40/A (sky130_fd_sc_hd__clkbuf_2)
    10    0.022507    0.090666    0.169612    2.392627 v fanout40/X (sky130_fd_sc_hd__clkbuf_2)
                                                         net40 (net)
                      0.090666    0.000084    2.392711 v _331_/A (sky130_fd_sc_hd__or4bb_1)
     1    0.002692    0.080357    0.501789    2.894500 v _331_/X (sky130_fd_sc_hd__or4bb_1)
                                                         _263_ (net)
                      0.080357    0.000006    2.894506 v _333_/A1 (sky130_fd_sc_hd__a21oi_1)
     2    0.006923    0.186320    0.190178    3.084684 ^ _333_/Y (sky130_fd_sc_hd__a21oi_1)
                                                         _265_ (net)
                      0.186320    0.000032    3.084715 ^ _335_/B (sky130_fd_sc_hd__xor2_1)
     2    0.011029    0.266310    0.271295    3.356011 ^ _335_/X (sky130_fd_sc_hd__xor2_1)
                                                         _267_ (net)
                      0.266310    0.000072    3.356083 ^ _336_/B (sky130_fd_sc_hd__xnor2_1)
     3    0.009580    0.100999    0.151523    3.507605 v _336_/Y (sky130_fd_sc_hd__xnor2_1)
                                                         _268_ (net)
                      0.100999    0.000058    3.507663 v _340_/A3 (sky130_fd_sc_hd__a311o_1)
     2    0.010529    0.089722    0.410854    3.918517 v _340_/X (sky130_fd_sc_hd__a311o_1)
                                                         _272_ (net)
                      0.089722    0.000028    3.918545 v _344_/C (sky130_fd_sc_hd__and4_1)
     2    0.006745    0.055009    0.223109    4.141654 v _344_/X (sky130_fd_sc_hd__and4_1)
                                                         _276_ (net)
                      0.055009    0.000067    4.141720 v _348_/B (sky130_fd_sc_hd__or3_1)
     3    0.007938    0.096523    0.382148    4.523868 v _348_/X (sky130_fd_sc_hd__or3_1)
                                                         _001_ (net)
                      0.096523    0.000016    4.523884 v _351_/A1 (sky130_fd_sc_hd__a21o_1)
     2    0.004623    0.042197    0.180166    4.704050 v _351_/X (sky130_fd_sc_hd__a21o_1)
                                                         _004_ (net)
                      0.042197    0.000008    4.704058 v _365_/A2 (sky130_fd_sc_hd__a21o_1)
     2    0.004928    0.043470    0.180544    4.884602 v _365_/X (sky130_fd_sc_hd__a21o_1)
                                                         _018_ (net)
                      0.043470    0.000008    4.884610 v _405_/A1 (sky130_fd_sc_hd__a21o_1)
     2    0.008010    0.055658    0.173748    5.058358 v _405_/X (sky130_fd_sc_hd__a21o_1)
                                                         _057_ (net)
                      0.055658    0.000056    5.058414 v _406_/B (sky130_fd_sc_hd__xor2_1)
     1    0.006216    0.171038    0.174166    5.232579 ^ _406_/X (sky130_fd_sc_hd__xor2_1)
                                                         net29 (net)
                      0.171038    0.000078    5.232657 ^ output29/A (sky130_fd_sc_hd__buf_2)
     1    0.034124    0.169879    0.239678    5.472335 ^ output29/X (sky130_fd_sc_hd__buf_2)
                                                         P[7] (net)
                      0.169879    0.000111    5.472446 ^ P[7] (out)
                                              5.472446   data arrival time

                      0.000000   10.000000   10.000000   clock __VIRTUAL_CLK__ (rise edge)
                                  0.000000   10.000000   clock network delay (ideal)
                                 -0.250000    9.750000   clock uncertainty
                                  0.000000    9.750000   clock reconvergence pessimism
                                 -2.000000    7.750000   output external delay
                                              7.750000   data required time
---------------------------------------------------------------------------------------------
                                              7.750000   data required time
                                             -5.472446   data arrival time
---------------------------------------------------------------------------------------------
                                              2.277554   slack (MET)


Startpoint: A[2] (input port clocked by __VIRTUAL_CLK__)
Endpoint: P[5] (output port clocked by __VIRTUAL_CLK__)
Path Group: __VIRTUAL_CLK__
Path Type: max

Fanout         Cap        Slew       Delay        Time   Description
---------------------------------------------------------------------------------------------
                      0.000000    0.000000    0.000000   clock __VIRTUAL_CLK__ (rise edge)
                                  0.000000    0.000000   clock network delay (ideal)
                                  2.000000    2.000000 v input external delay
     1    0.002898    0.008859    0.004580    2.004580 v A[2] (in)
                                                         A[2] (net)
                      0.008859    0.000000    2.004580 v input3/A (sky130_fd_sc_hd__clkbuf_1)
     1    0.004180    0.033562    0.078990    2.083570 v input3/X (sky130_fd_sc_hd__clkbuf_1)
                                                         net3 (net)
                      0.033562    0.000036    2.083607 v fanout41/A (sky130_fd_sc_hd__clkbuf_2)
     6    0.018092    0.075074    0.139154    2.222761 v fanout41/X (sky130_fd_sc_hd__clkbuf_2)
                                                         net41 (net)
                      0.075074    0.000255    2.223016 v fanout40/A (sky130_fd_sc_hd__clkbuf_2)
    10    0.022507    0.090666    0.169612    2.392627 v fanout40/X (sky130_fd_sc_hd__clkbuf_2)
                                                         net40 (net)
                      0.090666    0.000084    2.392711 v _331_/A (sky130_fd_sc_hd__or4bb_1)
     1    0.002692    0.080357    0.501789    2.894500 v _331_/X (sky130_fd_sc_hd__or4bb_1)
                                                         _263_ (net)
                      0.080357    0.000006    2.894506 v _333_/A1 (sky130_fd_sc_hd__a21oi_1)
     2    0.006923    0.186320    0.190178    3.084684 ^ _333_/Y (sky130_fd_sc_hd__a21oi_1)
                                                         _265_ (net)
                      0.186320    0.000032    3.084715 ^ _335_/B (sky130_fd_sc_hd__xor2_1)
     2    0.011029    0.266310    0.271295    3.356011 ^ _335_/X (sky130_fd_sc_hd__xor2_1)
                                                         _267_ (net)
                      0.266310    0.000072    3.356083 ^ _336_/B (sky130_fd_sc_hd__xnor2_1)
     3    0.010366    0.271878    0.211410    3.567493 ^ _336_/Y (sky130_fd_sc_hd__xnor2_1)
                                                         _268_ (net)
                      0.271878    0.000077    3.567570 ^ _339_/A (sky130_fd_sc_hd__xor2_1)
     1    0.005588    0.165537    0.209128    3.776698 ^ _339_/X (sky130_fd_sc_hd__xor2_1)
                                                         _271_ (net)
                      0.165537    0.000029    3.776726 ^ _357_/B (sky130_fd_sc_hd__xnor2_1)
     2    0.009024    0.244667    0.183067    3.959794 ^ _357_/Y (sky130_fd_sc_hd__xnor2_1)
                                                         _010_ (net)
                      0.244667    0.000058    3.959851 ^ _362_/B (sky130_fd_sc_hd__xnor2_1)
     2    0.008424    0.232477    0.192739    4.152590 ^ _362_/Y (sky130_fd_sc_hd__xnor2_1)
                                                         _015_ (net)
                      0.232477    0.000033    4.152624 ^ _367_/B (sky130_fd_sc_hd__xor2_1)
     2    0.005891    0.171149    0.207857    4.360481 ^ _367_/X (sky130_fd_sc_hd__xor2_1)
                                                         _020_ (net)
                      0.171149    0.000028    4.360508 ^ _368_/B1 (sky130_fd_sc_hd__o21a_1)
     3    0.013493    0.135364    0.214289    4.574798 ^ _368_/X (sky130_fd_sc_hd__o21a_1)
                                                         _021_ (net)
                      0.135364    0.000028    4.574826 ^ _572_/A (sky130_fd_sc_hd__nor2_1)
     1    0.003070    0.042402    0.065651    4.640477 v _572_/Y (sky130_fd_sc_hd__nor2_1)
                                                         net27 (net)
                      0.042402    0.000019    4.640496 v output27/A (sky130_fd_sc_hd__buf_2)
     1    0.034344    0.089484    0.179494    4.819989 v output27/X (sky130_fd_sc_hd__buf_2)
                                                         P[5] (net)
                      0.089484    0.000198    4.820187 v P[5] (out)
                                              4.820187   data arrival time

                      0.000000   10.000000   10.000000   clock __VIRTUAL_CLK__ (rise edge)
                                  0.000000   10.000000   clock network delay (ideal)
                                 -0.250000    9.750000   clock uncertainty
                                  0.000000    9.750000   clock reconvergence pessimism
                                 -2.000000    7.750000   output external delay
                                              7.750000   data required time
---------------------------------------------------------------------------------------------
                                              7.750000   data required time
                                             -4.820187   data arrival time
---------------------------------------------------------------------------------------------
                                              2.929813   slack (MET)


Startpoint: B[2] (input port clocked by __VIRTUAL_CLK__)
Endpoint: P[4] (output port clocked by __VIRTUAL_CLK__)
Path Group: __VIRTUAL_CLK__
Path Type: max

Fanout         Cap        Slew       Delay        Time   Description
---------------------------------------------------------------------------------------------
                      0.000000    0.000000    0.000000   clock __VIRTUAL_CLK__ (rise edge)
                                  0.000000    0.000000   clock network delay (ideal)
                                  2.000000    2.000000 v input external delay
     1    0.002219    0.007295    0.003434    2.003434 v B[2] (in)
                                                         B[2] (net)
                      0.007295    0.000000    2.003434 v input11/A (sky130_fd_sc_hd__dlymetal6s2s_1)
     4    0.015876    0.091697    0.170405    2.173840 v input11/X (sky130_fd_sc_hd__dlymetal6s2s_1)
                                                         net11 (net)
                      0.091697    0.000322    2.174162 v fanout51/A (sky130_fd_sc_hd__clkbuf_2)
    10    0.025164    0.100059    0.184410    2.358572 v fanout51/X (sky130_fd_sc_hd__clkbuf_2)
                                                         net51 (net)
                      0.100059    0.000213    2.358785 v _298_/A (sky130_fd_sc_hd__or2_1)
     3    0.007905    0.073407    0.271273    2.630058 v _298_/X (sky130_fd_sc_hd__or2_1)
                                                         _232_ (net)
                      0.073407    0.000030    2.630088 v _301_/A2 (sky130_fd_sc_hd__a31o_1)
     2    0.004893    0.045914    0.221688    2.851776 v _301_/X (sky130_fd_sc_hd__a31o_1)
                                                         _235_ (net)
                      0.045914    0.000028    2.851804 v _302_/C (sky130_fd_sc_hd__and3_1)
     3    0.010048    0.067093    0.208867    3.060671 v _302_/X (sky130_fd_sc_hd__and3_1)
                                                         _236_ (net)
                      0.067093    0.000042    3.060713 v _305_/B (sky130_fd_sc_hd__or3_1)
     4    0.009066    0.099338    0.394859    3.455572 v _305_/X (sky130_fd_sc_hd__or3_1)
                                                         _239_ (net)
                      0.099338    0.000051    3.455623 v _320_/B (sky130_fd_sc_hd__and3_1)
     1    0.001971    0.033809    0.177028    3.632651 v _320_/X (sky130_fd_sc_hd__and3_1)
                                                         _253_ (net)
                      0.033809    0.000005    3.632656 v _323_/A (sky130_fd_sc_hd__or2_1)
     2    0.008760    0.074608    0.252004    3.884659 v _323_/X (sky130_fd_sc_hd__or2_1)
                                                         _256_ (net)
                      0.074608    0.000079    3.884738 v _325_/B (sky130_fd_sc_hd__xor2_1)
     2    0.004686    0.057632    0.155941    4.040679 v _325_/X (sky130_fd_sc_hd__xor2_1)
                                                         _258_ (net)
                      0.057632    0.000018    4.040697 v _326_/C (sky130_fd_sc_hd__and3_1)
     3    0.007998    0.060821    0.205293    4.245989 v _326_/X (sky130_fd_sc_hd__and3_1)
                                                         _259_ (net)
                      0.060821    0.000013    4.246002 v _328_/A (sky130_fd_sc_hd__nor2_1)
     1    0.003009    0.082185    0.104922    4.350924 ^ _328_/Y (sky130_fd_sc_hd__nor2_1)
                                                         net26 (net)
                      0.082185    0.000015    4.350939 ^ output26/A (sky130_fd_sc_hd__buf_2)
     1    0.034344    0.170624    0.212367    4.563307 ^ output26/X (sky130_fd_sc_hd__buf_2)
                                                         P[4] (net)
                      0.170624    0.000198    4.563504 ^ P[4] (out)
                                              4.563504   data arrival time

                      0.000000   10.000000   10.000000   clock __VIRTUAL_CLK__ (rise edge)
                                  0.000000   10.000000   clock network delay (ideal)
                                 -0.250000    9.750000   clock uncertainty
                                  0.000000    9.750000   clock reconvergence pessimism
                                 -2.000000    7.750000   output external delay
                                              7.750000   data required time
---------------------------------------------------------------------------------------------
                                              7.750000   data required time
                                             -4.563504   data arrival time
---------------------------------------------------------------------------------------------
                                              3.186496   slack (MET)


Startpoint: B[2] (input port clocked by __VIRTUAL_CLK__)
Endpoint: P[3] (output port clocked by __VIRTUAL_CLK__)
Path Group: __VIRTUAL_CLK__
Path Type: max

Fanout         Cap        Slew       Delay        Time   Description
---------------------------------------------------------------------------------------------
                      0.000000    0.000000    0.000000   clock __VIRTUAL_CLK__ (rise edge)
                                  0.000000    0.000000   clock network delay (ideal)
                                  2.000000    2.000000 v input external delay
     1    0.002219    0.007295    0.003434    2.003434 v B[2] (in)
                                                         B[2] (net)
                      0.007295    0.000000    2.003434 v input11/A (sky130_fd_sc_hd__dlymetal6s2s_1)
     4    0.015876    0.091697    0.170405    2.173840 v input11/X (sky130_fd_sc_hd__dlymetal6s2s_1)
                                                         net11 (net)
                      0.091697    0.000322    2.174162 v fanout51/A (sky130_fd_sc_hd__clkbuf_2)
    10    0.025164    0.100059    0.184410    2.358572 v fanout51/X (sky130_fd_sc_hd__clkbuf_2)
                                                         net51 (net)
                      0.100059    0.000213    2.358785 v _298_/A (sky130_fd_sc_hd__or2_1)
     3    0.007905    0.073407    0.271273    2.630058 v _298_/X (sky130_fd_sc_hd__or2_1)
                                                         _232_ (net)
                      0.073407    0.000030    2.630088 v _301_/A2 (sky130_fd_sc_hd__a31o_1)
     2    0.004893    0.045914    0.221688    2.851776 v _301_/X (sky130_fd_sc_hd__a31o_1)
                                                         _235_ (net)
                      0.045914    0.000028    2.851804 v _302_/C (sky130_fd_sc_hd__and3_1)
     3    0.010048    0.067093    0.208867    3.060671 v _302_/X (sky130_fd_sc_hd__and3_1)
                                                         _236_ (net)
                      0.067093    0.000042    3.060713 v _305_/B (sky130_fd_sc_hd__or3_1)
     4    0.009066    0.099338    0.394859    3.455572 v _305_/X (sky130_fd_sc_hd__or3_1)
                                                         _239_ (net)
                      0.099338    0.000009    3.455581 v _307_/A (sky130_fd_sc_hd__and2_1)
     1    0.002790    0.035006    0.155878    3.611459 v _307_/X (sky130_fd_sc_hd__and2_1)
                                                         net25 (net)
                      0.035006    0.000017    3.611476 v output25/A (sky130_fd_sc_hd__buf_2)
     1    0.034344    0.089537    0.176307    3.787783 v output25/X (sky130_fd_sc_hd__buf_2)
                                                         P[3] (net)
                      0.089537    0.000198    3.787981 v P[3] (out)
                                              3.787981   data arrival time

                      0.000000   10.000000   10.000000   clock __VIRTUAL_CLK__ (rise edge)
                                  0.000000   10.000000   clock network delay (ideal)
                                 -0.250000    9.750000   clock uncertainty
                                  0.000000    9.750000   clock reconvergence pessimism
                                 -2.000000    7.750000   output external delay
                                              7.750000   data required time
---------------------------------------------------------------------------------------------
                                              7.750000   data required time
                                             -3.787981   data arrival time
---------------------------------------------------------------------------------------------
                                              3.962019   slack (MET)


Startpoint: B[1] (input port clocked by __VIRTUAL_CLK__)
Endpoint: P[2] (output port clocked by __VIRTUAL_CLK__)
Path Group: __VIRTUAL_CLK__
Path Type: max

Fanout         Cap        Slew       Delay        Time   Description
---------------------------------------------------------------------------------------------
                      0.000000    0.000000    0.000000   clock __VIRTUAL_CLK__ (rise edge)
                                  0.000000    0.000000   clock network delay (ideal)
                                  2.000000    2.000000 v input external delay
     1    0.002501    0.007942    0.003908    2.003908 v B[1] (in)
                                                         B[1] (net)
                      0.007942    0.000000    2.003908 v input10/A (sky130_fd_sc_hd__buf_1)
     2    0.010929    0.069588    0.108549    2.112457 v input10/X (sky130_fd_sc_hd__buf_1)
                                                         net10 (net)
                      0.069588    0.000220    2.112677 v fanout52/A (sky130_fd_sc_hd__buf_2)
    10    0.031332    0.082985    0.185962    2.298639 v fanout52/X (sky130_fd_sc_hd__buf_2)
                                                         net52 (net)
                      0.082985    0.000141    2.298780 v _283_/D (sky130_fd_sc_hd__and4_1)
     4    0.009961    0.069545    0.245227    2.544007 v _283_/X (sky130_fd_sc_hd__and4_1)
                                                         _218_ (net)
                      0.069545    0.000003    2.544010 v _285_/B1 (sky130_fd_sc_hd__a21o_1)
     2    0.005856    0.045936    0.172167    2.716177 v _285_/X (sky130_fd_sc_hd__a21o_1)
                                                         _220_ (net)
                      0.045936    0.000060    2.716237 v _289_/A (sky130_fd_sc_hd__or2_1)
     3    0.005703    0.063378    0.238551    2.954788 v _289_/X (sky130_fd_sc_hd__or2_1)
                                                         _224_ (net)
                      0.063378    0.000003    2.954791 v _290_/B (sky130_fd_sc_hd__and2_1)
     1    0.002522    0.033884    0.156638    3.111428 v _290_/X (sky130_fd_sc_hd__and2_1)
                                                         net24 (net)
                      0.033884    0.000012    3.111441 v output24/A (sky130_fd_sc_hd__buf_2)
     1    0.034344    0.089545    0.175824    3.287265 v output24/X (sky130_fd_sc_hd__buf_2)
                                                         P[2] (net)
                      0.089545    0.000197    3.287462 v P[2] (out)
                                              3.287462   data arrival time

                      0.000000   10.000000   10.000000   clock __VIRTUAL_CLK__ (rise edge)
                                  0.000000   10.000000   clock network delay (ideal)
                                 -0.250000    9.750000   clock uncertainty
                                  0.000000    9.750000   clock reconvergence pessimism
                                 -2.000000    7.750000   output external delay
                                              7.750000   data required time
---------------------------------------------------------------------------------------------
                                              7.750000   data required time
                                             -3.287462   data arrival time
---------------------------------------------------------------------------------------------
                                              4.462538   slack (MET)


Startpoint: A[1] (input port clocked by __VIRTUAL_CLK__)
Endpoint: P[1] (output port clocked by __VIRTUAL_CLK__)
Path Group: __VIRTUAL_CLK__
Path Type: max

Fanout         Cap        Slew       Delay        Time   Description
---------------------------------------------------------------------------------------------
                      0.000000    0.000000    0.000000   clock __VIRTUAL_CLK__ (rise edge)
                                  0.000000    0.000000   clock network delay (ideal)
                                  2.000000    2.000000 ^ input external delay
     1    0.003007    0.020624    0.011021    2.011021 ^ A[1] (in)
                                                         A[1] (net)
                      0.020624    0.000000    2.011021 ^ input2/A (sky130_fd_sc_hd__buf_1)
     2    0.010809    0.133817    0.135613    2.146634 ^ input2/X (sky130_fd_sc_hd__buf_1)
                                                         net2 (net)
                      0.133817    0.000168    2.146802 ^ fanout42/A (sky130_fd_sc_hd__buf_2)
    10    0.029258    0.147136    0.213486    2.360288 ^ fanout42/X (sky130_fd_sc_hd__buf_2)
                                                         net42 (net)
                      0.147136    0.000145    2.360434 ^ _281_/A1 (sky130_fd_sc_hd__a21o_1)
     1    0.002629    0.038304    0.126861    2.487295 ^ _281_/X (sky130_fd_sc_hd__a21o_1)
                                                         _217_ (net)
                      0.038304    0.000004    2.487299 ^ _282_/C1 (sky130_fd_sc_hd__o211a_1)
     1    0.005977    0.065625    0.146459    2.633758 ^ _282_/X (sky130_fd_sc_hd__o211a_1)
                                                         net23 (net)
                      0.065625    0.000073    2.633831 ^ output23/A (sky130_fd_sc_hd__buf_2)
     1    0.034093    0.169338    0.205497    2.839328 ^ output23/X (sky130_fd_sc_hd__buf_2)
                                                         P[1] (net)
                      0.169338    0.000107    2.839435 ^ P[1] (out)
                                              2.839435   data arrival time

                      0.000000   10.000000   10.000000   clock __VIRTUAL_CLK__ (rise edge)
                                  0.000000   10.000000   clock network delay (ideal)
                                 -0.250000    9.750000   clock uncertainty
                                  0.000000    9.750000   clock reconvergence pessimism
                                 -2.000000    7.750000   output external delay
                                              7.750000   data required time
---------------------------------------------------------------------------------------------
                                              7.750000   data required time
                                             -2.839435   data arrival time
---------------------------------------------------------------------------------------------
                                              4.910565   slack (MET)



