
===========================================================================
report_checks -unconstrained
===========================================================================
======================= nom_tt_025C_1v80 Corner ===================================

Startpoint: A[1] (input port clocked by __VIRTUAL_CLK__)
Endpoint: P[13] (output port clocked by __VIRTUAL_CLK__)
Path Group: __VIRTUAL_CLK__
Path Type: max

Fanout         Cap        Slew       Delay        Time   Description
---------------------------------------------------------------------------------------------
                      0.000000    0.000000    0.000000   clock __VIRTUAL_CLK__ (rise edge)
                                  0.000000    0.000000   clock network delay (ideal)
                                  2.000000    2.000000 ^ input external delay
     1    0.003034    0.020741    0.011141    2.011141 ^ A[1] (in)
                                                         A[1] (net)
                      0.020741    0.000000    2.011141 ^ input2/A (sky130_fd_sc_hd__buf_1)
     2    0.015478    0.186936    0.171904    2.183046 ^ input2/X (sky130_fd_sc_hd__buf_1)
                                                         net2 (net)
                      0.186939    0.000701    2.183747 ^ fanout42/A (sky130_fd_sc_hd__buf_2)
    10    0.042566    0.209316    0.271099    2.454846 ^ fanout42/X (sky130_fd_sc_hd__buf_2)
                                                         net42 (net)
                      0.209317    0.000850    2.455696 ^ _283_/B (sky130_fd_sc_hd__and4_1)
     4    0.014311    0.152621    0.299748    2.755444 ^ _283_/X (sky130_fd_sc_hd__and4_1)
                                                         _218_ (net)
                      0.152621    0.000258    2.755703 ^ _300_/A (sky130_fd_sc_hd__nand4_1)
     2    0.006758    0.114743    0.132931    2.888634 v _300_/Y (sky130_fd_sc_hd__nand4_1)
                                                         _234_ (net)
                      0.114743    0.000212    2.888847 v _302_/B (sky130_fd_sc_hd__and3_1)
     3    0.011871    0.074669    0.231386    3.120232 v _302_/X (sky130_fd_sc_hd__and3_1)
                                                         _236_ (net)
                      0.074670    0.000353    3.120586 v _305_/B (sky130_fd_sc_hd__or3_4)
     4    0.012009    0.077798    0.393003    3.513588 v _305_/X (sky130_fd_sc_hd__or3_4)
                                                         _239_ (net)
                      0.077798    0.000409    3.513997 v _321_/A (sky130_fd_sc_hd__or2_4)
     2    0.012325    0.057110    0.274337    3.788335 v _321_/X (sky130_fd_sc_hd__or2_4)
                                                         _254_ (net)
                      0.057144    0.000368    3.788702 v _344_/B (sky130_fd_sc_hd__and4_1)
     2    0.009349    0.064914    0.204854    3.993556 v _344_/X (sky130_fd_sc_hd__and4_1)
                                                         _276_ (net)
                      0.064915    0.000399    3.993956 v _348_/C (sky130_fd_sc_hd__or3_4)
     3    0.008315    0.071864    0.340443    4.334398 v _348_/X (sky130_fd_sc_hd__or3_4)
                                                         _001_ (net)
                      0.071864    0.000175    4.334573 v _351_/A2 (sky130_fd_sc_hd__a21o_1)
     2    0.005175    0.043027    0.193581    4.528153 v _351_/X (sky130_fd_sc_hd__a21o_1)
                                                         _004_ (net)
                      0.043027    0.000119    4.528273 v _365_/A2 (sky130_fd_sc_hd__a21o_1)
     2    0.006113    0.047084    0.186355    4.714628 v _365_/X (sky130_fd_sc_hd__a21o_1)
                                                         _018_ (net)
                      0.047084    0.000177    4.714806 v _405_/A1 (sky130_fd_sc_hd__a21o_1)
     2    0.014441    0.080403    0.199438    4.914244 v _405_/X (sky130_fd_sc_hd__a21o_1)
                                                         _057_ (net)
                      0.080404    0.000437    4.914681 v _439_/A1 (sky130_fd_sc_hd__a21bo_4)
     4    0.017489    0.051952    0.240501    5.155183 v _439_/X (sky130_fd_sc_hd__a21bo_4)
                                                         _090_ (net)
                      0.051966    0.000873    5.156056 v _544_/A2 (sky130_fd_sc_hd__a21o_1)
     4    0.015657    0.085465    0.228101    5.384156 v _544_/X (sky130_fd_sc_hd__a21o_1)
                                                         _191_ (net)
                      0.085469    0.000659    5.384816 v rebuffer7/A (sky130_fd_sc_hd__buf_2)
     1    0.009055    0.037225    0.149138    5.533954 v rebuffer7/X (sky130_fd_sc_hd__buf_2)
                                                         net63 (net)
                      0.037225    0.000214    5.534168 v _560_/A1 (sky130_fd_sc_hd__a311oi_4)
     1    0.010120    0.261133    0.238313    5.772481 ^ _560_/Y (sky130_fd_sc_hd__a311oi_4)
                                                         _206_ (net)
                      0.261133    0.000342    5.772824 ^ _563_/A (sky130_fd_sc_hd__nor2_4)
     1    0.006876    0.055010    0.068350    5.841174 v _563_/Y (sky130_fd_sc_hd__nor2_4)
                                                         net20 (net)
                      0.055010    0.000280    5.841454 v output20/A (sky130_fd_sc_hd__buf_6)
     1    0.035273    0.044430    0.141533    5.982987 v output20/X (sky130_fd_sc_hd__buf_6)
                                                         P[13] (net)
                      0.044455    0.000959    5.983946 v P[13] (out)
                                              5.983946   data arrival time

                      0.000000   10.000000   10.000000   clock __VIRTUAL_CLK__ (rise edge)
                                  0.000000   10.000000   clock network delay (ideal)
                                 -0.250000    9.750000   clock uncertainty
                                  0.000000    9.750000   clock reconvergence pessimism
                                 -2.000000    7.750000   output external delay
                                              7.750000   data required time
---------------------------------------------------------------------------------------------
                                              7.750000   data required time
                                             -5.983946   data arrival time
---------------------------------------------------------------------------------------------
                                              1.766054   slack (MET)




===========================================================================
report_checks --slack_max -0.01
============================================================================
======================= nom_tt_025C_1v80 Corner ===================================

No paths found.


===========================================================================
 report_check_types -max_slew -max_cap -max_fanout -violators
============================================================================
======================= nom_tt_025C_1v80 Corner ===================================



===========================================================================
report_parasitic_annotation -report_unannotated
============================================================================
Found 1 unannotated drivers.
 mult8_2bits_2op_e2485_56/HI
Found 0 partially unannotated drivers.

===========================================================================
max slew violation count 0
max fanout violation count 0
max cap violation count 0
============================================================================

===========================================================================
check_setup -verbose -unconstrained_endpoints -multiple_clock -no_clock -no_input_delay -loops -generated_clocks
===========================================================================
Warning: There is 1 unconstrained endpoint.
  P[0]
