
===========================================================================
report_checks -path_delay max (Setup)
============================================================================
======================= max_ff_n40C_1v95 Corner ===================================

Startpoint: B[7] (input port clocked by __VIRTUAL_CLK__)
Endpoint: P[14] (output port clocked by __VIRTUAL_CLK__)
Path Group: __VIRTUAL_CLK__
Path Type: max

Fanout         Cap        Slew       Delay        Time   Description
---------------------------------------------------------------------------------------------
                      0.000000    0.000000    0.000000   clock __VIRTUAL_CLK__ (rise edge)
                                  0.000000    0.000000   clock network delay (ideal)
                                  2.000000    2.000000 ^ input external delay
     1    0.002911    0.014315    0.007571    2.007571 ^ B[7] (in)
                                                         B[7] (net)
                      0.014316    0.000000    2.007571 ^ input16/A (sky130_fd_sc_hd__clkbuf_1)
     1    0.005238    0.052402    0.062109    2.069680 ^ input16/X (sky130_fd_sc_hd__clkbuf_1)
                                                         net16 (net)
                      0.052405    0.000320    2.070000 ^ fanout40/A (sky130_fd_sc_hd__buf_2)
     8    0.034142    0.127892    0.142081    2.212081 ^ fanout40/X (sky130_fd_sc_hd__buf_2)
                                                         net40 (net)
                      0.128036    0.003511    2.215592 ^ fanout39/A (sky130_fd_sc_hd__buf_6)
    10    0.040937    0.067703    0.106955    2.322547 ^ fanout39/X (sky130_fd_sc_hd__buf_6)
                                                         net39 (net)
                      0.067978    0.003453    2.326001 ^ _329_/B (sky130_fd_sc_hd__nand2_1)
     3    0.009817    0.079286    0.058543    2.384543 v _329_/Y (sky130_fd_sc_hd__nand2_1)
                                                         _027_ (net)
                      0.079297    0.000779    2.385322 v _333_/B (sky130_fd_sc_hd__or4_4)
     2    0.005482    0.059508    0.319617    2.704939 v _333_/X (sky130_fd_sc_hd__or4_4)
                                                         _031_ (net)
                      0.059508    0.000235    2.705175 v _336_/C1 (sky130_fd_sc_hd__o2111a_1)
     2    0.006823    0.044212    0.101648    2.806823 v _336_/X (sky130_fd_sc_hd__o2111a_1)
                                                         _034_ (net)
                      0.044216    0.000420    2.807243 v _392_/A (sky130_fd_sc_hd__and2_4)
     2    0.005762    0.024252    0.092725    2.899967 v _392_/X (sky130_fd_sc_hd__and2_4)
                                                         _088_ (net)
                      0.024252    0.000338    2.900306 v _396_/A2 (sky130_fd_sc_hd__o31a_1)
     4    0.011366    0.059689    0.194512    3.094818 v _396_/X (sky130_fd_sc_hd__o31a_1)
                                                         _092_ (net)
                      0.059702    0.000821    3.095639 v rebuffer10/A (sky130_fd_sc_hd__buf_1)
     1    0.003508    0.021306    0.070443    3.166082 v rebuffer10/X (sky130_fd_sc_hd__buf_1)
                                                         net61 (net)
                      0.021307    0.000147    3.166229 v rebuffer5/A (sky130_fd_sc_hd__buf_1)
     1    0.003034    0.019244    0.053463    3.219692 v rebuffer5/X (sky130_fd_sc_hd__buf_1)
                                                         net56 (net)
                      0.019245    0.000178    3.219870 v rebuffer4/A (sky130_fd_sc_hd__dlygate4sd1_1)
     1    0.002423    0.020940    0.137268    3.357138 v rebuffer4/X (sky130_fd_sc_hd__dlygate4sd1_1)
                                                         net55 (net)
                      0.020940    0.000161    3.357299 v _405_/A1_N (sky130_fd_sc_hd__a2bb2o_2)
     3    0.010312    0.051490    0.162032    3.519331 ^ _405_/X (sky130_fd_sc_hd__a2bb2o_2)
                                                         _101_ (net)
                      0.051497    0.000615    3.519947 ^ _407_/A2 (sky130_fd_sc_hd__a21oi_1)
     3    0.009320    0.055901    0.061426    3.581372 v _407_/Y (sky130_fd_sc_hd__a21oi_1)
                                                         _103_ (net)
                      0.055909    0.000539    3.581911 v _410_/A1 (sky130_fd_sc_hd__o211a_1)
     1    0.004925    0.034698    0.153713    3.735624 v _410_/X (sky130_fd_sc_hd__o211a_1)
                                                         _106_ (net)
                      0.034702    0.000340    3.735964 v _411_/A (sky130_fd_sc_hd__or2_4)
     4    0.020490    0.049425    0.174855    3.910819 v _411_/X (sky130_fd_sc_hd__or2_4)
                                                         _107_ (net)
                      0.049442    0.001262    3.912081 v _451_/A3 (sky130_fd_sc_hd__o311ai_4)
     1    0.007678    0.175927    0.165089    4.077170 ^ _451_/Y (sky130_fd_sc_hd__o311ai_4)
                                                         _145_ (net)
                      0.175927    0.000615    4.077785 ^ _452_/B1 (sky130_fd_sc_hd__a31o_4)
     3    0.014720    0.047674    0.079501    4.157285 ^ _452_/X (sky130_fd_sc_hd__a31o_4)
                                                         _146_ (net)
                      0.047695    0.000924    4.158209 ^ _463_/A2 (sky130_fd_sc_hd__o211a_4)
     3    0.024867    0.068544    0.123938    4.282147 ^ _463_/X (sky130_fd_sc_hd__o211a_4)
                                                         _156_ (net)
                      0.068624    0.002079    4.284226 ^ _469_/A (sky130_fd_sc_hd__xor2_2)
     1    0.005575    0.090308    0.090586    4.374813 ^ _469_/X (sky130_fd_sc_hd__xor2_2)
                                                         net22 (net)
                      0.090309    0.000421    4.375234 ^ output22/A (sky130_fd_sc_hd__buf_6)
     1    0.034181    0.057819    0.095832    4.471066 ^ output22/X (sky130_fd_sc_hd__buf_6)
                                                         P[14] (net)
                      0.057923    0.001662    4.472728 ^ P[14] (out)
                                              4.472728   data arrival time

                      0.000000   10.000000   10.000000   clock __VIRTUAL_CLK__ (rise edge)
                                  0.000000   10.000000   clock network delay (ideal)
                                 -0.250000    9.750000   clock uncertainty
                                  0.000000    9.750000   clock reconvergence pessimism
                                 -2.000000    7.750000   output external delay
                                              7.750000   data required time
---------------------------------------------------------------------------------------------
                                              7.750000   data required time
                                             -4.472728   data arrival time
---------------------------------------------------------------------------------------------
                                              3.277272   slack (MET)


Startpoint: B[7] (input port clocked by __VIRTUAL_CLK__)
Endpoint: P[15] (output port clocked by __VIRTUAL_CLK__)
Path Group: __VIRTUAL_CLK__
Path Type: max

Fanout         Cap        Slew       Delay        Time   Description
---------------------------------------------------------------------------------------------
                      0.000000    0.000000    0.000000   clock __VIRTUAL_CLK__ (rise edge)
                                  0.000000    0.000000   clock network delay (ideal)
                                  2.000000    2.000000 ^ input external delay
     1    0.002911    0.014315    0.007571    2.007571 ^ B[7] (in)
                                                         B[7] (net)
                      0.014316    0.000000    2.007571 ^ input16/A (sky130_fd_sc_hd__clkbuf_1)
     1    0.005238    0.052402    0.062109    2.069680 ^ input16/X (sky130_fd_sc_hd__clkbuf_1)
                                                         net16 (net)
                      0.052405    0.000320    2.070000 ^ fanout40/A (sky130_fd_sc_hd__buf_2)
     8    0.034142    0.127892    0.142081    2.212081 ^ fanout40/X (sky130_fd_sc_hd__buf_2)
                                                         net40 (net)
                      0.128036    0.003511    2.215592 ^ fanout39/A (sky130_fd_sc_hd__buf_6)
    10    0.040937    0.067703    0.106955    2.322547 ^ fanout39/X (sky130_fd_sc_hd__buf_6)
                                                         net39 (net)
                      0.067978    0.003453    2.326001 ^ _329_/B (sky130_fd_sc_hd__nand2_1)
     3    0.009817    0.079286    0.058543    2.384543 v _329_/Y (sky130_fd_sc_hd__nand2_1)
                                                         _027_ (net)
                      0.079297    0.000779    2.385322 v _333_/B (sky130_fd_sc_hd__or4_4)
     2    0.005482    0.059508    0.319617    2.704939 v _333_/X (sky130_fd_sc_hd__or4_4)
                                                         _031_ (net)
                      0.059508    0.000235    2.705175 v _336_/C1 (sky130_fd_sc_hd__o2111a_1)
     2    0.006823    0.044212    0.101648    2.806823 v _336_/X (sky130_fd_sc_hd__o2111a_1)
                                                         _034_ (net)
                      0.044216    0.000420    2.807243 v _392_/A (sky130_fd_sc_hd__and2_4)
     2    0.005762    0.024252    0.092725    2.899967 v _392_/X (sky130_fd_sc_hd__and2_4)
                                                         _088_ (net)
                      0.024252    0.000338    2.900306 v _396_/A2 (sky130_fd_sc_hd__o31a_1)
     4    0.011366    0.059689    0.194512    3.094818 v _396_/X (sky130_fd_sc_hd__o31a_1)
                                                         _092_ (net)
                      0.059702    0.000821    3.095639 v rebuffer10/A (sky130_fd_sc_hd__buf_1)
     1    0.003508    0.021306    0.070443    3.166082 v rebuffer10/X (sky130_fd_sc_hd__buf_1)
                                                         net61 (net)
                      0.021307    0.000147    3.166229 v rebuffer5/A (sky130_fd_sc_hd__buf_1)
     1    0.003034    0.019244    0.053463    3.219692 v rebuffer5/X (sky130_fd_sc_hd__buf_1)
                                                         net56 (net)
                      0.019245    0.000178    3.219870 v rebuffer4/A (sky130_fd_sc_hd__dlygate4sd1_1)
     1    0.002423    0.020940    0.137268    3.357138 v rebuffer4/X (sky130_fd_sc_hd__dlygate4sd1_1)
                                                         net55 (net)
                      0.020940    0.000161    3.357299 v _405_/A1_N (sky130_fd_sc_hd__a2bb2o_2)
     3    0.010312    0.051490    0.162032    3.519331 ^ _405_/X (sky130_fd_sc_hd__a2bb2o_2)
                                                         _101_ (net)
                      0.051497    0.000615    3.519947 ^ _407_/A2 (sky130_fd_sc_hd__a21oi_1)
     3    0.009320    0.055901    0.061426    3.581372 v _407_/Y (sky130_fd_sc_hd__a21oi_1)
                                                         _103_ (net)
                      0.055909    0.000539    3.581911 v _410_/A1 (sky130_fd_sc_hd__o211a_1)
     1    0.004925    0.034698    0.153713    3.735624 v _410_/X (sky130_fd_sc_hd__o211a_1)
                                                         _106_ (net)
                      0.034702    0.000340    3.735964 v _411_/A (sky130_fd_sc_hd__or2_4)
     4    0.020490    0.049425    0.174855    3.910819 v _411_/X (sky130_fd_sc_hd__or2_4)
                                                         _107_ (net)
                      0.049442    0.001262    3.912081 v _451_/A3 (sky130_fd_sc_hd__o311ai_4)
     1    0.007678    0.175927    0.165089    4.077170 ^ _451_/Y (sky130_fd_sc_hd__o311ai_4)
                                                         _145_ (net)
                      0.175927    0.000615    4.077785 ^ _452_/B1 (sky130_fd_sc_hd__a31o_4)
     3    0.014720    0.047674    0.079501    4.157285 ^ _452_/X (sky130_fd_sc_hd__a31o_4)
                                                         _146_ (net)
                      0.047695    0.000924    4.158209 ^ _463_/A2 (sky130_fd_sc_hd__o211a_4)
     3    0.024867    0.068544    0.123938    4.282147 ^ _463_/X (sky130_fd_sc_hd__o211a_4)
                                                         _156_ (net)
                      0.068586    0.001579    4.283726 ^ _471_/A1 (sky130_fd_sc_hd__a21o_1)
     1    0.005185    0.042627    0.079361    4.363087 ^ _471_/X (sky130_fd_sc_hd__a21o_1)
                                                         net23 (net)
                      0.042627    0.000245    4.363332 ^ output23/A (sky130_fd_sc_hd__buf_6)
     1    0.034248    0.057492    0.087468    4.450801 ^ output23/X (sky130_fd_sc_hd__buf_6)
                                                         P[15] (net)
                      0.057574    0.001747    4.452548 ^ P[15] (out)
                                              4.452548   data arrival time

                      0.000000   10.000000   10.000000   clock __VIRTUAL_CLK__ (rise edge)
                                  0.000000   10.000000   clock network delay (ideal)
                                 -0.250000    9.750000   clock uncertainty
                                  0.000000    9.750000   clock reconvergence pessimism
                                 -2.000000    7.750000   output external delay
                                              7.750000   data required time
---------------------------------------------------------------------------------------------
                                              7.750000   data required time
                                             -4.452548   data arrival time
---------------------------------------------------------------------------------------------
                                              3.297452   slack (MET)


Startpoint: B[7] (input port clocked by __VIRTUAL_CLK__)
Endpoint: P[12] (output port clocked by __VIRTUAL_CLK__)
Path Group: __VIRTUAL_CLK__
Path Type: max

Fanout         Cap        Slew       Delay        Time   Description
---------------------------------------------------------------------------------------------
                      0.000000    0.000000    0.000000   clock __VIRTUAL_CLK__ (rise edge)
                                  0.000000    0.000000   clock network delay (ideal)
                                  2.000000    2.000000 ^ input external delay
     1    0.002911    0.014315    0.007571    2.007571 ^ B[7] (in)
                                                         B[7] (net)
                      0.014316    0.000000    2.007571 ^ input16/A (sky130_fd_sc_hd__clkbuf_1)
     1    0.005238    0.052402    0.062109    2.069680 ^ input16/X (sky130_fd_sc_hd__clkbuf_1)
                                                         net16 (net)
                      0.052405    0.000320    2.070000 ^ fanout40/A (sky130_fd_sc_hd__buf_2)
     8    0.034142    0.127892    0.142081    2.212081 ^ fanout40/X (sky130_fd_sc_hd__buf_2)
                                                         net40 (net)
                      0.128036    0.003511    2.215592 ^ fanout39/A (sky130_fd_sc_hd__buf_6)
    10    0.040937    0.067703    0.106955    2.322547 ^ fanout39/X (sky130_fd_sc_hd__buf_6)
                                                         net39 (net)
                      0.067978    0.003453    2.326001 ^ _329_/B (sky130_fd_sc_hd__nand2_1)
     3    0.009817    0.079286    0.058543    2.384543 v _329_/Y (sky130_fd_sc_hd__nand2_1)
                                                         _027_ (net)
                      0.079297    0.000779    2.385322 v _333_/B (sky130_fd_sc_hd__or4_4)
     2    0.005482    0.059508    0.319617    2.704939 v _333_/X (sky130_fd_sc_hd__or4_4)
                                                         _031_ (net)
                      0.059508    0.000235    2.705175 v _336_/C1 (sky130_fd_sc_hd__o2111a_1)
     2    0.006823    0.044212    0.101648    2.806823 v _336_/X (sky130_fd_sc_hd__o2111a_1)
                                                         _034_ (net)
                      0.044216    0.000420    2.807243 v _392_/A (sky130_fd_sc_hd__and2_4)
     2    0.005762    0.024252    0.092725    2.899967 v _392_/X (sky130_fd_sc_hd__and2_4)
                                                         _088_ (net)
                      0.024252    0.000338    2.900306 v _396_/A2 (sky130_fd_sc_hd__o31a_1)
     4    0.011366    0.059689    0.194512    3.094818 v _396_/X (sky130_fd_sc_hd__o31a_1)
                                                         _092_ (net)
                      0.059702    0.000821    3.095639 v rebuffer10/A (sky130_fd_sc_hd__buf_1)
     1    0.003508    0.021306    0.070443    3.166082 v rebuffer10/X (sky130_fd_sc_hd__buf_1)
                                                         net61 (net)
                      0.021307    0.000147    3.166229 v rebuffer5/A (sky130_fd_sc_hd__buf_1)
     1    0.003034    0.019244    0.053463    3.219692 v rebuffer5/X (sky130_fd_sc_hd__buf_1)
                                                         net56 (net)
                      0.019245    0.000178    3.219870 v rebuffer4/A (sky130_fd_sc_hd__dlygate4sd1_1)
     1    0.002423    0.020940    0.137268    3.357138 v rebuffer4/X (sky130_fd_sc_hd__dlygate4sd1_1)
                                                         net55 (net)
                      0.020940    0.000161    3.357299 v _405_/A1_N (sky130_fd_sc_hd__a2bb2o_2)
     3    0.010312    0.051490    0.162032    3.519331 ^ _405_/X (sky130_fd_sc_hd__a2bb2o_2)
                                                         _101_ (net)
                      0.051497    0.000615    3.519947 ^ _407_/A2 (sky130_fd_sc_hd__a21oi_1)
     3    0.009320    0.055901    0.061426    3.581372 v _407_/Y (sky130_fd_sc_hd__a21oi_1)
                                                         _103_ (net)
                      0.055909    0.000539    3.581911 v _410_/A1 (sky130_fd_sc_hd__o211a_1)
     1    0.004925    0.034698    0.153713    3.735624 v _410_/X (sky130_fd_sc_hd__o211a_1)
                                                         _106_ (net)
                      0.034702    0.000340    3.735964 v _411_/A (sky130_fd_sc_hd__or2_4)
     4    0.020490    0.049425    0.174855    3.910819 v _411_/X (sky130_fd_sc_hd__or2_4)
                                                         _107_ (net)
                      0.049442    0.001262    3.912081 v _451_/A3 (sky130_fd_sc_hd__o311ai_4)
     1    0.007678    0.175927    0.165089    4.077170 ^ _451_/Y (sky130_fd_sc_hd__o311ai_4)
                                                         _145_ (net)
                      0.175927    0.000615    4.077785 ^ _452_/B1 (sky130_fd_sc_hd__a31o_4)
     3    0.014720    0.047674    0.079501    4.157285 ^ _452_/X (sky130_fd_sc_hd__a31o_4)
                                                         _146_ (net)
                      0.047690    0.000839    4.158124 ^ rebuffer16/A (sky130_fd_sc_hd__dlymetal6s2s_1)
     1    0.009074    0.088450    0.100298    4.258423 ^ rebuffer16/X (sky130_fd_sc_hd__dlymetal6s2s_1)
                                                         net67 (net)
                      0.088489    0.000713    4.259136 ^ _453_/B (sky130_fd_sc_hd__xnor2_2)
     1    0.010020    0.133703    0.087227    4.346363 ^ _453_/Y (sky130_fd_sc_hd__xnor2_2)
                                                         net20 (net)
                      0.133705    0.000935    4.347298 ^ output20/A (sky130_fd_sc_hd__buf_6)
     1    0.034858    0.059257    0.101782    4.449080 ^ output20/X (sky130_fd_sc_hd__buf_6)
                                                         P[12] (net)
                      0.059372    0.001793    4.450873 ^ P[12] (out)
                                              4.450873   data arrival time

                      0.000000   10.000000   10.000000   clock __VIRTUAL_CLK__ (rise edge)
                                  0.000000   10.000000   clock network delay (ideal)
                                 -0.250000    9.750000   clock uncertainty
                                  0.000000    9.750000   clock reconvergence pessimism
                                 -2.000000    7.750000   output external delay
                                              7.750000   data required time
---------------------------------------------------------------------------------------------
                                              7.750000   data required time
                                             -4.450873   data arrival time
---------------------------------------------------------------------------------------------
                                              3.299127   slack (MET)


Startpoint: B[7] (input port clocked by __VIRTUAL_CLK__)
Endpoint: P[13] (output port clocked by __VIRTUAL_CLK__)
Path Group: __VIRTUAL_CLK__
Path Type: max

Fanout         Cap        Slew       Delay        Time   Description
---------------------------------------------------------------------------------------------
                      0.000000    0.000000    0.000000   clock __VIRTUAL_CLK__ (rise edge)
                                  0.000000    0.000000   clock network delay (ideal)
                                  2.000000    2.000000 ^ input external delay
     1    0.002911    0.014315    0.007571    2.007571 ^ B[7] (in)
                                                         B[7] (net)
                      0.014316    0.000000    2.007571 ^ input16/A (sky130_fd_sc_hd__clkbuf_1)
     1    0.005238    0.052402    0.062109    2.069680 ^ input16/X (sky130_fd_sc_hd__clkbuf_1)
                                                         net16 (net)
                      0.052405    0.000320    2.070000 ^ fanout40/A (sky130_fd_sc_hd__buf_2)
     8    0.034142    0.127892    0.142081    2.212081 ^ fanout40/X (sky130_fd_sc_hd__buf_2)
                                                         net40 (net)
                      0.128036    0.003511    2.215592 ^ fanout39/A (sky130_fd_sc_hd__buf_6)
    10    0.040937    0.067703    0.106955    2.322547 ^ fanout39/X (sky130_fd_sc_hd__buf_6)
                                                         net39 (net)
                      0.067978    0.003453    2.326001 ^ _329_/B (sky130_fd_sc_hd__nand2_1)
     3    0.009817    0.079286    0.058543    2.384543 v _329_/Y (sky130_fd_sc_hd__nand2_1)
                                                         _027_ (net)
                      0.079297    0.000779    2.385322 v _333_/B (sky130_fd_sc_hd__or4_4)
     2    0.005482    0.059508    0.319617    2.704939 v _333_/X (sky130_fd_sc_hd__or4_4)
                                                         _031_ (net)
                      0.059508    0.000235    2.705175 v _336_/C1 (sky130_fd_sc_hd__o2111a_1)
     2    0.006823    0.044212    0.101648    2.806823 v _336_/X (sky130_fd_sc_hd__o2111a_1)
                                                         _034_ (net)
                      0.044216    0.000420    2.807243 v _392_/A (sky130_fd_sc_hd__and2_4)
     2    0.005762    0.024252    0.092725    2.899967 v _392_/X (sky130_fd_sc_hd__and2_4)
                                                         _088_ (net)
                      0.024252    0.000338    2.900306 v _396_/A2 (sky130_fd_sc_hd__o31a_1)
     4    0.011366    0.059689    0.194512    3.094818 v _396_/X (sky130_fd_sc_hd__o31a_1)
                                                         _092_ (net)
                      0.059702    0.000821    3.095639 v rebuffer10/A (sky130_fd_sc_hd__buf_1)
     1    0.003508    0.021306    0.070443    3.166082 v rebuffer10/X (sky130_fd_sc_hd__buf_1)
                                                         net61 (net)
                      0.021307    0.000147    3.166229 v rebuffer5/A (sky130_fd_sc_hd__buf_1)
     1    0.003034    0.019244    0.053463    3.219692 v rebuffer5/X (sky130_fd_sc_hd__buf_1)
                                                         net56 (net)
                      0.019245    0.000178    3.219870 v rebuffer4/A (sky130_fd_sc_hd__dlygate4sd1_1)
     1    0.002423    0.020940    0.137268    3.357138 v rebuffer4/X (sky130_fd_sc_hd__dlygate4sd1_1)
                                                         net55 (net)
                      0.020940    0.000161    3.357299 v _405_/A1_N (sky130_fd_sc_hd__a2bb2o_2)
     3    0.010312    0.051490    0.162032    3.519331 ^ _405_/X (sky130_fd_sc_hd__a2bb2o_2)
                                                         _101_ (net)
                      0.051497    0.000615    3.519947 ^ _407_/A2 (sky130_fd_sc_hd__a21oi_1)
     3    0.009320    0.055901    0.061426    3.581372 v _407_/Y (sky130_fd_sc_hd__a21oi_1)
                                                         _103_ (net)
                      0.055909    0.000539    3.581911 v _410_/A1 (sky130_fd_sc_hd__o211a_1)
     1    0.004925    0.034698    0.153713    3.735624 v _410_/X (sky130_fd_sc_hd__o211a_1)
                                                         _106_ (net)
                      0.034702    0.000340    3.735964 v _411_/A (sky130_fd_sc_hd__or2_4)
     4    0.020490    0.049425    0.174855    3.910819 v _411_/X (sky130_fd_sc_hd__or2_4)
                                                         _107_ (net)
                      0.049442    0.001262    3.912081 v _451_/A3 (sky130_fd_sc_hd__o311ai_4)
     1    0.007678    0.175927    0.165089    4.077170 ^ _451_/Y (sky130_fd_sc_hd__o311ai_4)
                                                         _145_ (net)
                      0.175927    0.000615    4.077785 ^ _452_/B1 (sky130_fd_sc_hd__a31o_4)
     3    0.014720    0.047674    0.079501    4.157285 ^ _452_/X (sky130_fd_sc_hd__a31o_4)
                                                         _146_ (net)
                      0.047694    0.000917    4.158202 ^ _462_/A2 (sky130_fd_sc_hd__a211oi_1)
     1    0.004580    0.059447    0.047901    4.206103 v _462_/Y (sky130_fd_sc_hd__a211oi_1)
                                                         _155_ (net)
                      0.059451    0.000341    4.206444 v _464_/A (sky130_fd_sc_hd__nor2_2)
     1    0.010172    0.095854    0.112292    4.318735 ^ _464_/Y (sky130_fd_sc_hd__nor2_2)
                                                         net21 (net)
                      0.095868    0.000937    4.319672 ^ output21/A (sky130_fd_sc_hd__buf_6)
     1    0.035093    0.059158    0.097476    4.417149 ^ output21/X (sky130_fd_sc_hd__buf_6)
                                                         P[13] (net)
                      0.059281    0.001870    4.419018 ^ P[13] (out)
                                              4.419018   data arrival time

                      0.000000   10.000000   10.000000   clock __VIRTUAL_CLK__ (rise edge)
                                  0.000000   10.000000   clock network delay (ideal)
                                 -0.250000    9.750000   clock uncertainty
                                  0.000000    9.750000   clock reconvergence pessimism
                                 -2.000000    7.750000   output external delay
                                              7.750000   data required time
---------------------------------------------------------------------------------------------
                                              7.750000   data required time
                                             -4.419018   data arrival time
---------------------------------------------------------------------------------------------
                                              3.330982   slack (MET)


Startpoint: B[7] (input port clocked by __VIRTUAL_CLK__)
Endpoint: P[11] (output port clocked by __VIRTUAL_CLK__)
Path Group: __VIRTUAL_CLK__
Path Type: max

Fanout         Cap        Slew       Delay        Time   Description
---------------------------------------------------------------------------------------------
                      0.000000    0.000000    0.000000   clock __VIRTUAL_CLK__ (rise edge)
                                  0.000000    0.000000   clock network delay (ideal)
                                  2.000000    2.000000 ^ input external delay
     1    0.002911    0.014315    0.007571    2.007571 ^ B[7] (in)
                                                         B[7] (net)
                      0.014316    0.000000    2.007571 ^ input16/A (sky130_fd_sc_hd__clkbuf_1)
     1    0.005238    0.052402    0.062109    2.069680 ^ input16/X (sky130_fd_sc_hd__clkbuf_1)
                                                         net16 (net)
                      0.052405    0.000320    2.070000 ^ fanout40/A (sky130_fd_sc_hd__buf_2)
     8    0.034142    0.127892    0.142081    2.212081 ^ fanout40/X (sky130_fd_sc_hd__buf_2)
                                                         net40 (net)
                      0.128036    0.003511    2.215592 ^ fanout39/A (sky130_fd_sc_hd__buf_6)
    10    0.040937    0.067703    0.106955    2.322547 ^ fanout39/X (sky130_fd_sc_hd__buf_6)
                                                         net39 (net)
                      0.067978    0.003453    2.326001 ^ _329_/B (sky130_fd_sc_hd__nand2_1)
     3    0.009817    0.079286    0.058543    2.384543 v _329_/Y (sky130_fd_sc_hd__nand2_1)
                                                         _027_ (net)
                      0.079297    0.000779    2.385322 v _333_/B (sky130_fd_sc_hd__or4_4)
     2    0.005482    0.059508    0.319617    2.704939 v _333_/X (sky130_fd_sc_hd__or4_4)
                                                         _031_ (net)
                      0.059508    0.000190    2.705130 v _335_/A (sky130_fd_sc_hd__and2_1)
     2    0.010116    0.045798    0.116932    2.822062 v _335_/X (sky130_fd_sc_hd__and2_1)
                                                         _033_ (net)
                      0.045801    0.000454    2.822516 v _360_/A4 (sky130_fd_sc_hd__a41o_1)
     1    0.005930    0.038950    0.168302    2.990818 v _360_/X (sky130_fd_sc_hd__a41o_1)
                                                         _057_ (net)
                      0.038954    0.000434    2.991252 v _367_/A (sky130_fd_sc_hd__xnor2_1)
     2    0.015052    0.081034    0.121150    3.112402 v _367_/Y (sky130_fd_sc_hd__xnor2_1)
                                                         _064_ (net)
                      0.081096    0.001274    3.113677 v _376_/A (sky130_fd_sc_hd__or3_4)
     5    0.019248    0.063349    0.271745    3.385421 v _376_/X (sky130_fd_sc_hd__or3_4)
                                                         _073_ (net)
                      0.063349    0.001224    3.386645 v _378_/C (sky130_fd_sc_hd__nand4_2)
     5    0.019564    0.111174    0.118757    3.505403 ^ _378_/Y (sky130_fd_sc_hd__nand4_2)
                                                         _075_ (net)
                      0.111201    0.001336    3.506739 ^ _381_/A (sky130_fd_sc_hd__and3_1)
     2    0.006086    0.056664    0.116181    3.622920 ^ _381_/X (sky130_fd_sc_hd__and3_1)
                                                         _078_ (net)
                      0.056665    0.000379    3.623299 ^ _383_/A_N (sky130_fd_sc_hd__and2b_1)
     2    0.011697    0.049559    0.137063    3.760362 v _383_/X (sky130_fd_sc_hd__and2b_1)
                                                         _080_ (net)
                      0.049564    0.000551    3.760913 v _412_/B (sky130_fd_sc_hd__and2b_1)
     2    0.011301    0.048370    0.128654    3.889567 v _412_/X (sky130_fd_sc_hd__and2b_1)
                                                         _108_ (net)
                      0.048378    0.000655    3.890221 v _414_/A2 (sky130_fd_sc_hd__a21boi_1)
     2    0.008813    0.154376    0.157429    4.047650 ^ _414_/Y (sky130_fd_sc_hd__a21boi_1)
                                                         _110_ (net)
                      0.154378    0.000465    4.048115 ^ _433_/A2 (sky130_fd_sc_hd__o21ai_1)
     1    0.009072    0.060914    0.070704    4.118819 v _433_/Y (sky130_fd_sc_hd__o21ai_1)
                                                         _128_ (net)
                      0.060927    0.000729    4.119548 v _434_/B (sky130_fd_sc_hd__xnor2_2)
     1    0.009668    0.130862    0.127683    4.247231 ^ _434_/Y (sky130_fd_sc_hd__xnor2_2)
                                                         net19 (net)
                      0.130863    0.000896    4.248127 ^ output19/A (sky130_fd_sc_hd__buf_6)
     1    0.034858    0.059219    0.101668    4.349795 ^ output19/X (sky130_fd_sc_hd__buf_6)
                                                         P[11] (net)
                      0.059334    0.001793    4.351588 ^ P[11] (out)
                                              4.351588   data arrival time

                      0.000000   10.000000   10.000000   clock __VIRTUAL_CLK__ (rise edge)
                                  0.000000   10.000000   clock network delay (ideal)
                                 -0.250000    9.750000   clock uncertainty
                                  0.000000    9.750000   clock reconvergence pessimism
                                 -2.000000    7.750000   output external delay
                                              7.750000   data required time
---------------------------------------------------------------------------------------------
                                              7.750000   data required time
                                             -4.351588   data arrival time
---------------------------------------------------------------------------------------------
                                              3.398412   slack (MET)


Startpoint: B[7] (input port clocked by __VIRTUAL_CLK__)
Endpoint: P[10] (output port clocked by __VIRTUAL_CLK__)
Path Group: __VIRTUAL_CLK__
Path Type: max

Fanout         Cap        Slew       Delay        Time   Description
---------------------------------------------------------------------------------------------
                      0.000000    0.000000    0.000000   clock __VIRTUAL_CLK__ (rise edge)
                                  0.000000    0.000000   clock network delay (ideal)
                                  2.000000    2.000000 ^ input external delay
     1    0.002911    0.014315    0.007571    2.007571 ^ B[7] (in)
                                                         B[7] (net)
                      0.014316    0.000000    2.007571 ^ input16/A (sky130_fd_sc_hd__clkbuf_1)
     1    0.005238    0.052402    0.062109    2.069680 ^ input16/X (sky130_fd_sc_hd__clkbuf_1)
                                                         net16 (net)
                      0.052405    0.000320    2.070000 ^ fanout40/A (sky130_fd_sc_hd__buf_2)
     8    0.034142    0.127892    0.142081    2.212081 ^ fanout40/X (sky130_fd_sc_hd__buf_2)
                                                         net40 (net)
                      0.128036    0.003511    2.215592 ^ fanout39/A (sky130_fd_sc_hd__buf_6)
    10    0.040937    0.067703    0.106955    2.322547 ^ fanout39/X (sky130_fd_sc_hd__buf_6)
                                                         net39 (net)
                      0.067978    0.003453    2.326001 ^ _329_/B (sky130_fd_sc_hd__nand2_1)
     3    0.009817    0.079286    0.058543    2.384543 v _329_/Y (sky130_fd_sc_hd__nand2_1)
                                                         _027_ (net)
                      0.079297    0.000779    2.385322 v _333_/B (sky130_fd_sc_hd__or4_4)
     2    0.005482    0.059508    0.319617    2.704939 v _333_/X (sky130_fd_sc_hd__or4_4)
                                                         _031_ (net)
                      0.059508    0.000190    2.705130 v _335_/A (sky130_fd_sc_hd__and2_1)
     2    0.010116    0.045798    0.116932    2.822062 v _335_/X (sky130_fd_sc_hd__and2_1)
                                                         _033_ (net)
                      0.045801    0.000454    2.822516 v _360_/A4 (sky130_fd_sc_hd__a41o_1)
     1    0.005930    0.038950    0.168302    2.990818 v _360_/X (sky130_fd_sc_hd__a41o_1)
                                                         _057_ (net)
                      0.038954    0.000434    2.991252 v _367_/A (sky130_fd_sc_hd__xnor2_1)
     2    0.015052    0.081034    0.121150    3.112402 v _367_/Y (sky130_fd_sc_hd__xnor2_1)
                                                         _064_ (net)
                      0.081096    0.001274    3.113677 v _376_/A (sky130_fd_sc_hd__or3_4)
     5    0.019248    0.063349    0.271745    3.385421 v _376_/X (sky130_fd_sc_hd__or3_4)
                                                         _073_ (net)
                      0.063349    0.001224    3.386645 v _378_/C (sky130_fd_sc_hd__nand4_2)
     5    0.019564    0.111174    0.118757    3.505403 ^ _378_/Y (sky130_fd_sc_hd__nand4_2)
                                                         _075_ (net)
                      0.111201    0.001336    3.506739 ^ _381_/A (sky130_fd_sc_hd__and3_1)
     2    0.006086    0.056664    0.116181    3.622920 ^ _381_/X (sky130_fd_sc_hd__and3_1)
                                                         _078_ (net)
                      0.056665    0.000379    3.623299 ^ _383_/A_N (sky130_fd_sc_hd__and2b_1)
     2    0.011697    0.049559    0.137063    3.760362 v _383_/X (sky130_fd_sc_hd__and2b_1)
                                                         _080_ (net)
                      0.049564    0.000551    3.760913 v _412_/B (sky130_fd_sc_hd__and2b_1)
     2    0.011301    0.048370    0.128654    3.889567 v _412_/X (sky130_fd_sc_hd__and2b_1)
                                                         _108_ (net)
                      0.048378    0.000655    3.890221 v _414_/A2 (sky130_fd_sc_hd__a21boi_1)
     2    0.008813    0.154376    0.157429    4.047650 ^ _414_/Y (sky130_fd_sc_hd__a21boi_1)
                                                         _110_ (net)
                      0.154379    0.000582    4.048232 ^ _415_/A (sky130_fd_sc_hd__xor2_1)
     1    0.008408    0.151842    0.148311    4.196543 ^ _415_/X (sky130_fd_sc_hd__xor2_1)
                                                         net18 (net)
                      0.151896    0.000701    4.197244 ^ output18/A (sky130_fd_sc_hd__buf_4)
     1    0.034994    0.078627    0.130050    4.327294 ^ output18/X (sky130_fd_sc_hd__buf_4)
                                                         P[10] (net)
                      0.078725    0.001836    4.329130 ^ P[10] (out)
                                              4.329130   data arrival time

                      0.000000   10.000000   10.000000   clock __VIRTUAL_CLK__ (rise edge)
                                  0.000000   10.000000   clock network delay (ideal)
                                 -0.250000    9.750000   clock uncertainty
                                  0.000000    9.750000   clock reconvergence pessimism
                                 -2.000000    7.750000   output external delay
                                              7.750000   data required time
---------------------------------------------------------------------------------------------
                                              7.750000   data required time
                                             -4.329130   data arrival time
---------------------------------------------------------------------------------------------
                                              3.420870   slack (MET)


Startpoint: B[3] (input port clocked by __VIRTUAL_CLK__)
Endpoint: P[9] (output port clocked by __VIRTUAL_CLK__)
Path Group: __VIRTUAL_CLK__
Path Type: max

Fanout         Cap        Slew       Delay        Time   Description
---------------------------------------------------------------------------------------------
                      0.000000    0.000000    0.000000   clock __VIRTUAL_CLK__ (rise edge)
                                  0.000000    0.000000   clock network delay (ideal)
                                  2.000000    2.000000 ^ input external delay
     1    0.003192    0.015324    0.008310    2.008310 ^ B[3] (in)
                                                         B[3] (net)
                      0.015326    0.000000    2.008310 ^ input12/A (sky130_fd_sc_hd__buf_1)
     2    0.020381    0.181123    0.149709    2.158019 ^ input12/X (sky130_fd_sc_hd__buf_1)
                                                         net12 (net)
                      0.181146    0.001683    2.159702 ^ fanout45/A (sky130_fd_sc_hd__buf_2)
    10    0.040160    0.149324    0.178616    2.338318 ^ fanout45/X (sky130_fd_sc_hd__buf_2)
                                                         net45 (net)
                      0.149335    0.001093    2.339411 ^ _248_/B (sky130_fd_sc_hd__nand2_1)
     1    0.003065    0.037614    0.037866    2.377277 v _248_/Y (sky130_fd_sc_hd__nand2_1)
                                                         _181_ (net)
                      0.037628    0.000202    2.377479 v _249_/A1 (sky130_fd_sc_hd__mux2_4)
     4    0.013428    0.048139    0.162407    2.539885 v _249_/X (sky130_fd_sc_hd__mux2_4)
                                                         _182_ (net)
                      0.048175    0.000789    2.540674 v _252_/B (sky130_fd_sc_hd__xor2_1)
     3    0.007984    0.054974    0.106746    2.647420 v _252_/X (sky130_fd_sc_hd__xor2_1)
                                                         _185_ (net)
                      0.054977    0.000413    2.647832 v _257_/B (sky130_fd_sc_hd__and3_1)
     3    0.014620    0.060937    0.145805    2.793637 v _257_/X (sky130_fd_sc_hd__and3_1)
                                                         _190_ (net)
                      0.060958    0.001082    2.794720 v _277_/A (sky130_fd_sc_hd__or4_4)
     3    0.007761    0.062462    0.331909    3.126629 v _277_/X (sky130_fd_sc_hd__or4_4)
                                                         _210_ (net)
                      0.062464    0.000484    3.127113 v _280_/A2 (sky130_fd_sc_hd__a21o_1)
     3    0.008805    0.042008    0.140779    3.267892 v _280_/X (sky130_fd_sc_hd__a21o_1)
                                                         _213_ (net)
                      0.042015    0.000526    3.268418 v _283_/A2 (sky130_fd_sc_hd__a21o_1)
     2    0.006318    0.034229    0.125687    3.394105 v _283_/X (sky130_fd_sc_hd__a21o_1)
                                                         _216_ (net)
                      0.034230    0.000236    3.394341 v _292_/C1 (sky130_fd_sc_hd__o211a_1)
     4    0.012016    0.054624    0.090459    3.484799 v _292_/X (sky130_fd_sc_hd__o211a_1)
                                                         _225_ (net)
                      0.054636    0.000783    3.485582 v _301_/A (sky130_fd_sc_hd__or3_4)
     3    0.014851    0.057329    0.254890    3.740472 v _301_/X (sky130_fd_sc_hd__or3_4)
                                                         _001_ (net)
                      0.057420    0.001427    3.741899 v _356_/A2 (sky130_fd_sc_hd__a21oi_4)
     4    0.024867    0.159867    0.170328    3.912227 ^ _356_/Y (sky130_fd_sc_hd__a21oi_4)
                                                         _054_ (net)
                      0.159927    0.002383    3.914610 ^ _357_/B (sky130_fd_sc_hd__and2b_1)
     1    0.002907    0.031865    0.088518    4.003128 ^ _357_/X (sky130_fd_sc_hd__and2b_1)
                                                         _055_ (net)
                      0.031865    0.000139    4.003266 ^ _359_/B (sky130_fd_sc_hd__nor2_1)
     1    0.008332    0.062771    0.034639    4.037905 v _359_/Y (sky130_fd_sc_hd__nor2_1)
                                                         _056_ (net)
                      0.062794    0.000641    4.038546 v _384_/B (sky130_fd_sc_hd__xnor2_2)
     1    0.012432    0.153403    0.145196    4.183742 ^ _384_/Y (sky130_fd_sc_hd__xnor2_2)
                                                         net32 (net)
                      0.153410    0.001080    4.184822 ^ output32/A (sky130_fd_sc_hd__buf_6)
     1    0.034177    0.058571    0.101962    4.286784 ^ output32/X (sky130_fd_sc_hd__buf_6)
                                                         P[9] (net)
                      0.058675    0.001664    4.288447 ^ P[9] (out)
                                              4.288447   data arrival time

                      0.000000   10.000000   10.000000   clock __VIRTUAL_CLK__ (rise edge)
                                  0.000000   10.000000   clock network delay (ideal)
                                 -0.250000    9.750000   clock uncertainty
                                  0.000000    9.750000   clock reconvergence pessimism
                                 -2.000000    7.750000   output external delay
                                              7.750000   data required time
---------------------------------------------------------------------------------------------
                                              7.750000   data required time
                                             -4.288447   data arrival time
---------------------------------------------------------------------------------------------
                                              3.461553   slack (MET)


Startpoint: B[3] (input port clocked by __VIRTUAL_CLK__)
Endpoint: P[8] (output port clocked by __VIRTUAL_CLK__)
Path Group: __VIRTUAL_CLK__
Path Type: max

Fanout         Cap        Slew       Delay        Time   Description
---------------------------------------------------------------------------------------------
                      0.000000    0.000000    0.000000   clock __VIRTUAL_CLK__ (rise edge)
                                  0.000000    0.000000   clock network delay (ideal)
                                  2.000000    2.000000 ^ input external delay
     1    0.003192    0.015324    0.008310    2.008310 ^ B[3] (in)
                                                         B[3] (net)
                      0.015326    0.000000    2.008310 ^ input12/A (sky130_fd_sc_hd__buf_1)
     2    0.020381    0.181123    0.149709    2.158019 ^ input12/X (sky130_fd_sc_hd__buf_1)
                                                         net12 (net)
                      0.181146    0.001683    2.159702 ^ fanout45/A (sky130_fd_sc_hd__buf_2)
    10    0.040160    0.149324    0.178616    2.338318 ^ fanout45/X (sky130_fd_sc_hd__buf_2)
                                                         net45 (net)
                      0.149335    0.001093    2.339411 ^ _248_/B (sky130_fd_sc_hd__nand2_1)
     1    0.003065    0.037614    0.037866    2.377277 v _248_/Y (sky130_fd_sc_hd__nand2_1)
                                                         _181_ (net)
                      0.037628    0.000202    2.377479 v _249_/A1 (sky130_fd_sc_hd__mux2_4)
     4    0.013428    0.048139    0.162407    2.539885 v _249_/X (sky130_fd_sc_hd__mux2_4)
                                                         _182_ (net)
                      0.048175    0.000789    2.540674 v _252_/B (sky130_fd_sc_hd__xor2_1)
     3    0.007984    0.054974    0.106746    2.647420 v _252_/X (sky130_fd_sc_hd__xor2_1)
                                                         _185_ (net)
                      0.054977    0.000413    2.647832 v _257_/B (sky130_fd_sc_hd__and3_1)
     3    0.014620    0.060937    0.145805    2.793637 v _257_/X (sky130_fd_sc_hd__and3_1)
                                                         _190_ (net)
                      0.060958    0.001082    2.794720 v _277_/A (sky130_fd_sc_hd__or4_4)
     3    0.007761    0.062462    0.331909    3.126629 v _277_/X (sky130_fd_sc_hd__or4_4)
                                                         _210_ (net)
                      0.062464    0.000484    3.127113 v _280_/A2 (sky130_fd_sc_hd__a21o_1)
     3    0.008805    0.042008    0.140779    3.267892 v _280_/X (sky130_fd_sc_hd__a21o_1)
                                                         _213_ (net)
                      0.042015    0.000526    3.268418 v _283_/A2 (sky130_fd_sc_hd__a21o_1)
     2    0.006318    0.034229    0.125687    3.394105 v _283_/X (sky130_fd_sc_hd__a21o_1)
                                                         _216_ (net)
                      0.034230    0.000236    3.394341 v _292_/C1 (sky130_fd_sc_hd__o211a_1)
     4    0.012016    0.054624    0.090459    3.484799 v _292_/X (sky130_fd_sc_hd__o211a_1)
                                                         _225_ (net)
                      0.054636    0.000783    3.485582 v _301_/A (sky130_fd_sc_hd__or3_4)
     3    0.014851    0.057329    0.254890    3.740472 v _301_/X (sky130_fd_sc_hd__or3_4)
                                                         _001_ (net)
                      0.057420    0.001427    3.741899 v _356_/A2 (sky130_fd_sc_hd__a21oi_4)
     4    0.024867    0.159867    0.170328    3.912227 ^ _356_/Y (sky130_fd_sc_hd__a21oi_4)
                                                         _054_ (net)
                      0.159916    0.002169    3.914396 ^ _358_/B (sky130_fd_sc_hd__xnor2_1)
     1    0.012401    0.216030    0.132037    4.046433 ^ _358_/Y (sky130_fd_sc_hd__xnor2_1)
                                                         net31 (net)
                      0.216037    0.001021    4.047454 ^ output31/A (sky130_fd_sc_hd__buf_6)
     1    0.033943    0.059090    0.104275    4.151729 ^ output31/X (sky130_fd_sc_hd__buf_6)
                                                         P[8] (net)
                      0.059188    0.001587    4.153316 ^ P[8] (out)
                                              4.153316   data arrival time

                      0.000000   10.000000   10.000000   clock __VIRTUAL_CLK__ (rise edge)
                                  0.000000   10.000000   clock network delay (ideal)
                                 -0.250000    9.750000   clock uncertainty
                                  0.000000    9.750000   clock reconvergence pessimism
                                 -2.000000    7.750000   output external delay
                                              7.750000   data required time
---------------------------------------------------------------------------------------------
                                              7.750000   data required time
                                             -4.153316   data arrival time
---------------------------------------------------------------------------------------------
                                              3.596684   slack (MET)


Startpoint: B[3] (input port clocked by __VIRTUAL_CLK__)
Endpoint: P[7] (output port clocked by __VIRTUAL_CLK__)
Path Group: __VIRTUAL_CLK__
Path Type: max

Fanout         Cap        Slew       Delay        Time   Description
---------------------------------------------------------------------------------------------
                      0.000000    0.000000    0.000000   clock __VIRTUAL_CLK__ (rise edge)
                                  0.000000    0.000000   clock network delay (ideal)
                                  2.000000    2.000000 ^ input external delay
     1    0.003192    0.015324    0.008310    2.008310 ^ B[3] (in)
                                                         B[3] (net)
                      0.015326    0.000000    2.008310 ^ input12/A (sky130_fd_sc_hd__buf_1)
     2    0.020381    0.181123    0.149709    2.158019 ^ input12/X (sky130_fd_sc_hd__buf_1)
                                                         net12 (net)
                      0.181146    0.001683    2.159702 ^ fanout45/A (sky130_fd_sc_hd__buf_2)
    10    0.040160    0.149324    0.178616    2.338318 ^ fanout45/X (sky130_fd_sc_hd__buf_2)
                                                         net45 (net)
                      0.149335    0.001093    2.339411 ^ _248_/B (sky130_fd_sc_hd__nand2_1)
     1    0.003065    0.037614    0.037866    2.377277 v _248_/Y (sky130_fd_sc_hd__nand2_1)
                                                         _181_ (net)
                      0.037628    0.000202    2.377479 v _249_/A1 (sky130_fd_sc_hd__mux2_4)
     4    0.013428    0.048139    0.162407    2.539885 v _249_/X (sky130_fd_sc_hd__mux2_4)
                                                         _182_ (net)
                      0.048175    0.000789    2.540674 v _252_/B (sky130_fd_sc_hd__xor2_1)
     3    0.007984    0.054974    0.106746    2.647420 v _252_/X (sky130_fd_sc_hd__xor2_1)
                                                         _185_ (net)
                      0.054977    0.000413    2.647832 v _257_/B (sky130_fd_sc_hd__and3_1)
     3    0.014620    0.060937    0.145805    2.793637 v _257_/X (sky130_fd_sc_hd__and3_1)
                                                         _190_ (net)
                      0.060958    0.001082    2.794720 v _277_/A (sky130_fd_sc_hd__or4_4)
     3    0.007761    0.062462    0.331909    3.126629 v _277_/X (sky130_fd_sc_hd__or4_4)
                                                         _210_ (net)
                      0.062464    0.000484    3.127113 v _280_/A2 (sky130_fd_sc_hd__a21o_1)
     3    0.008805    0.042008    0.140779    3.267892 v _280_/X (sky130_fd_sc_hd__a21o_1)
                                                         _213_ (net)
                      0.042015    0.000526    3.268418 v _283_/A2 (sky130_fd_sc_hd__a21o_1)
     2    0.006318    0.034229    0.125687    3.394105 v _283_/X (sky130_fd_sc_hd__a21o_1)
                                                         _216_ (net)
                      0.034230    0.000236    3.394341 v _292_/C1 (sky130_fd_sc_hd__o211a_1)
     4    0.012016    0.054624    0.090459    3.484799 v _292_/X (sky130_fd_sc_hd__o211a_1)
                                                         _225_ (net)
                      0.054636    0.000783    3.485582 v _301_/A (sky130_fd_sc_hd__or3_4)
     3    0.014851    0.057329    0.254890    3.740472 v _301_/X (sky130_fd_sc_hd__or3_4)
                                                         _001_ (net)
                      0.057383    0.000894    3.741366 v _327_/B (sky130_fd_sc_hd__and2b_1)
     1    0.008708    0.042145    0.123988    3.865354 v _327_/X (sky130_fd_sc_hd__and2b_1)
                                                         _026_ (net)
                      0.042156    0.000668    3.866023 v _328_/B (sky130_fd_sc_hd__xnor2_2)
     1    0.008680    0.122952    0.115195    3.981217 ^ _328_/Y (sky130_fd_sc_hd__xnor2_2)
                                                         net30 (net)
                      0.122953    0.000616    3.981833 ^ output30/A (sky130_fd_sc_hd__buf_6)
     1    0.033939    0.057832    0.100547    4.082380 ^ output30/X (sky130_fd_sc_hd__buf_6)
                                                         P[7] (net)
                      0.057928    0.001585    4.083965 ^ P[7] (out)
                                              4.083965   data arrival time

                      0.000000   10.000000   10.000000   clock __VIRTUAL_CLK__ (rise edge)
                                  0.000000   10.000000   clock network delay (ideal)
                                 -0.250000    9.750000   clock uncertainty
                                  0.000000    9.750000   clock reconvergence pessimism
                                 -2.000000    7.750000   output external delay
                                              7.750000   data required time
---------------------------------------------------------------------------------------------
                                              7.750000   data required time
                                             -4.083965   data arrival time
---------------------------------------------------------------------------------------------
                                              3.666035   slack (MET)


Startpoint: B[3] (input port clocked by __VIRTUAL_CLK__)
Endpoint: P[6] (output port clocked by __VIRTUAL_CLK__)
Path Group: __VIRTUAL_CLK__
Path Type: max

Fanout         Cap        Slew       Delay        Time   Description
---------------------------------------------------------------------------------------------
                      0.000000    0.000000    0.000000   clock __VIRTUAL_CLK__ (rise edge)
                                  0.000000    0.000000   clock network delay (ideal)
                                  2.000000    2.000000 ^ input external delay
     1    0.003192    0.015324    0.008310    2.008310 ^ B[3] (in)
                                                         B[3] (net)
                      0.015326    0.000000    2.008310 ^ input12/A (sky130_fd_sc_hd__buf_1)
     2    0.020381    0.181123    0.149709    2.158019 ^ input12/X (sky130_fd_sc_hd__buf_1)
                                                         net12 (net)
                      0.181146    0.001683    2.159702 ^ fanout45/A (sky130_fd_sc_hd__buf_2)
    10    0.040160    0.149324    0.178616    2.338318 ^ fanout45/X (sky130_fd_sc_hd__buf_2)
                                                         net45 (net)
                      0.149335    0.001093    2.339411 ^ _248_/B (sky130_fd_sc_hd__nand2_1)
     1    0.003065    0.037614    0.037866    2.377277 v _248_/Y (sky130_fd_sc_hd__nand2_1)
                                                         _181_ (net)
                      0.037628    0.000202    2.377479 v _249_/A1 (sky130_fd_sc_hd__mux2_4)
     4    0.013428    0.048139    0.162407    2.539885 v _249_/X (sky130_fd_sc_hd__mux2_4)
                                                         _182_ (net)
                      0.048175    0.000789    2.540674 v _252_/B (sky130_fd_sc_hd__xor2_1)
     3    0.007984    0.054974    0.106746    2.647420 v _252_/X (sky130_fd_sc_hd__xor2_1)
                                                         _185_ (net)
                      0.054977    0.000413    2.647832 v _257_/B (sky130_fd_sc_hd__and3_1)
     3    0.014620    0.060937    0.145805    2.793637 v _257_/X (sky130_fd_sc_hd__and3_1)
                                                         _190_ (net)
                      0.060958    0.001082    2.794720 v _277_/A (sky130_fd_sc_hd__or4_4)
     3    0.007761    0.062462    0.331909    3.126629 v _277_/X (sky130_fd_sc_hd__or4_4)
                                                         _210_ (net)
                      0.062464    0.000484    3.127113 v _280_/A2 (sky130_fd_sc_hd__a21o_1)
     3    0.008805    0.042008    0.140779    3.267892 v _280_/X (sky130_fd_sc_hd__a21o_1)
                                                         _213_ (net)
                      0.042015    0.000526    3.268418 v _283_/A2 (sky130_fd_sc_hd__a21o_1)
     2    0.006318    0.034229    0.125687    3.394105 v _283_/X (sky130_fd_sc_hd__a21o_1)
                                                         _216_ (net)
                      0.034230    0.000236    3.394341 v _292_/C1 (sky130_fd_sc_hd__o211a_1)
     4    0.012016    0.054624    0.090459    3.484799 v _292_/X (sky130_fd_sc_hd__o211a_1)
                                                         _225_ (net)
                      0.054636    0.000783    3.485582 v _301_/A (sky130_fd_sc_hd__or3_4)
     3    0.014851    0.057329    0.254890    3.740472 v _301_/X (sky130_fd_sc_hd__or3_4)
                                                         _001_ (net)
                      0.057371    0.000721    3.741193 v _303_/A (sky130_fd_sc_hd__and2_1)
     1    0.006032    0.034454    0.103718    3.844911 v _303_/X (sky130_fd_sc_hd__and2_1)
                                                         net29 (net)
                      0.034457    0.000333    3.845243 v output29/A (sky130_fd_sc_hd__clkbuf_4)
     1    0.034086    0.056357    0.123557    3.968801 v output29/X (sky130_fd_sc_hd__clkbuf_4)
                                                         P[6] (net)
                      0.056416    0.001636    3.970437 v P[6] (out)
                                              3.970437   data arrival time

                      0.000000   10.000000   10.000000   clock __VIRTUAL_CLK__ (rise edge)
                                  0.000000   10.000000   clock network delay (ideal)
                                 -0.250000    9.750000   clock uncertainty
                                  0.000000    9.750000   clock reconvergence pessimism
                                 -2.000000    7.750000   output external delay
                                              7.750000   data required time
---------------------------------------------------------------------------------------------
                                              7.750000   data required time
                                             -3.970437   data arrival time
---------------------------------------------------------------------------------------------
                                              3.779563   slack (MET)


Startpoint: B[3] (input port clocked by __VIRTUAL_CLK__)
Endpoint: P[5] (output port clocked by __VIRTUAL_CLK__)
Path Group: __VIRTUAL_CLK__
Path Type: max

Fanout         Cap        Slew       Delay        Time   Description
---------------------------------------------------------------------------------------------
                      0.000000    0.000000    0.000000   clock __VIRTUAL_CLK__ (rise edge)
                                  0.000000    0.000000   clock network delay (ideal)
                                  2.000000    2.000000 ^ input external delay
     1    0.003192    0.015324    0.008310    2.008310 ^ B[3] (in)
                                                         B[3] (net)
                      0.015326    0.000000    2.008310 ^ input12/A (sky130_fd_sc_hd__buf_1)
     2    0.020381    0.181123    0.149709    2.158019 ^ input12/X (sky130_fd_sc_hd__buf_1)
                                                         net12 (net)
                      0.181146    0.001683    2.159702 ^ fanout45/A (sky130_fd_sc_hd__buf_2)
    10    0.040160    0.149324    0.178616    2.338318 ^ fanout45/X (sky130_fd_sc_hd__buf_2)
                                                         net45 (net)
                      0.149335    0.001093    2.339411 ^ _248_/B (sky130_fd_sc_hd__nand2_1)
     1    0.003065    0.037614    0.037866    2.377277 v _248_/Y (sky130_fd_sc_hd__nand2_1)
                                                         _181_ (net)
                      0.037628    0.000202    2.377479 v _249_/A1 (sky130_fd_sc_hd__mux2_4)
     4    0.013428    0.048139    0.162407    2.539885 v _249_/X (sky130_fd_sc_hd__mux2_4)
                                                         _182_ (net)
                      0.048170    0.000694    2.540579 v _269_/C (sky130_fd_sc_hd__or4_4)
     2    0.005781    0.060018    0.289064    2.829644 v _269_/X (sky130_fd_sc_hd__or4_4)
                                                         _202_ (net)
                      0.060019    0.000301    2.829945 v _286_/B1 (sky130_fd_sc_hd__o41a_1)
     1    0.009424    0.066481    0.093229    2.923174 v _286_/X (sky130_fd_sc_hd__o41a_1)
                                                         _219_ (net)
                      0.066490    0.000787    2.923961 v _287_/B (sky130_fd_sc_hd__xnor2_2)
     2    0.013198    0.060397    0.112202    3.036163 v _287_/Y (sky130_fd_sc_hd__xnor2_2)
                                                         _220_ (net)
                      0.060431    0.001100    3.037263 v _290_/A (sky130_fd_sc_hd__xnor2_2)
     2    0.008225    0.053430    0.107396    3.144659 v _290_/Y (sky130_fd_sc_hd__xnor2_2)
                                                         _223_ (net)
                      0.053435    0.000632    3.145291 v _294_/B (sky130_fd_sc_hd__xnor2_1)
     2    0.005596    0.045027    0.094214    3.239504 v _294_/Y (sky130_fd_sc_hd__xnor2_1)
                                                         _227_ (net)
                      0.045045    0.000303    3.239807 v _472_/A (sky130_fd_sc_hd__or3_1)
     1    0.002047    0.039089    0.206718    3.446525 v _472_/X (sky130_fd_sc_hd__or3_1)
                                                         _162_ (net)
                      0.039089    0.000133    3.446658 v _473_/B (sky130_fd_sc_hd__and2_1)
     1    0.002720    0.025033    0.097527    3.544185 v _473_/X (sky130_fd_sc_hd__and2_1)
                                                         net28 (net)
                      0.025041    0.000199    3.544384 v output28/A (sky130_fd_sc_hd__buf_2)
     1    0.033996    0.062378    0.114207    3.658590 v output28/X (sky130_fd_sc_hd__buf_2)
                                                         P[5] (net)
                      0.062429    0.001601    3.660191 v P[5] (out)
                                              3.660191   data arrival time

                      0.000000   10.000000   10.000000   clock __VIRTUAL_CLK__ (rise edge)
                                  0.000000   10.000000   clock network delay (ideal)
                                 -0.250000    9.750000   clock uncertainty
                                  0.000000    9.750000   clock reconvergence pessimism
                                 -2.000000    7.750000   output external delay
                                              7.750000   data required time
---------------------------------------------------------------------------------------------
                                              7.750000   data required time
                                             -3.660191   data arrival time
---------------------------------------------------------------------------------------------
                                              4.089808   slack (MET)


Startpoint: B[3] (input port clocked by __VIRTUAL_CLK__)
Endpoint: P[4] (output port clocked by __VIRTUAL_CLK__)
Path Group: __VIRTUAL_CLK__
Path Type: max

Fanout         Cap        Slew       Delay        Time   Description
---------------------------------------------------------------------------------------------
                      0.000000    0.000000    0.000000   clock __VIRTUAL_CLK__ (rise edge)
                                  0.000000    0.000000   clock network delay (ideal)
                                  2.000000    2.000000 ^ input external delay
     1    0.003192    0.015324    0.008310    2.008310 ^ B[3] (in)
                                                         B[3] (net)
                      0.015326    0.000000    2.008310 ^ input12/A (sky130_fd_sc_hd__buf_1)
     2    0.020381    0.181123    0.149709    2.158019 ^ input12/X (sky130_fd_sc_hd__buf_1)
                                                         net12 (net)
                      0.181146    0.001683    2.159702 ^ fanout45/A (sky130_fd_sc_hd__buf_2)
    10    0.040160    0.149324    0.178616    2.338318 ^ fanout45/X (sky130_fd_sc_hd__buf_2)
                                                         net45 (net)
                      0.149335    0.001093    2.339411 ^ _248_/B (sky130_fd_sc_hd__nand2_1)
     1    0.003065    0.037614    0.037866    2.377277 v _248_/Y (sky130_fd_sc_hd__nand2_1)
                                                         _181_ (net)
                      0.037628    0.000202    2.377479 v _249_/A1 (sky130_fd_sc_hd__mux2_4)
     4    0.013428    0.048139    0.162407    2.539885 v _249_/X (sky130_fd_sc_hd__mux2_4)
                                                         _182_ (net)
                      0.048172    0.000716    2.540601 v rebuffer21/A (sky130_fd_sc_hd__dlygate4sd1_1)
     1    0.003143    0.023085    0.151306    2.691907 v rebuffer21/X (sky130_fd_sc_hd__dlygate4sd1_1)
                                                         net72 (net)
                      0.023085    0.000208    2.692116 v _250_/B (sky130_fd_sc_hd__nor2_1)
     2    0.008370    0.118645    0.100663    2.792779 ^ _250_/Y (sky130_fd_sc_hd__nor2_1)
                                                         _183_ (net)
                      0.118649    0.000599    2.793379 ^ _285_/A (sky130_fd_sc_hd__xnor2_1)
     1    0.005348    0.046954    0.061541    2.854920 v _285_/Y (sky130_fd_sc_hd__xnor2_1)
                                                         _218_ (net)
                      0.046955    0.000251    2.855171 v _296_/B (sky130_fd_sc_hd__xnor2_1)
     2    0.013553    0.232460    0.203261    3.058432 ^ _296_/Y (sky130_fd_sc_hd__xnor2_1)
                                                         _229_ (net)
                      0.232468    0.001147    3.059579 ^ _298_/B (sky130_fd_sc_hd__xnor2_1)
     2    0.005942    0.063345    0.063312    3.122891 v _298_/Y (sky130_fd_sc_hd__xnor2_1)
                                                         _231_ (net)
                      0.063346    0.000255    3.123146 v _299_/C (sky130_fd_sc_hd__and3_1)
     3    0.009171    0.046445    0.145138    3.268284 v _299_/X (sky130_fd_sc_hd__and3_1)
                                                         _232_ (net)
                      0.046446    0.000282    3.268567 v _481_/A (sky130_fd_sc_hd__nor2_1)
     1    0.003253    0.058423    0.074088    3.342654 ^ _481_/Y (sky130_fd_sc_hd__nor2_1)
                                                         net27 (net)
                      0.058423    0.000226    3.342880 ^ output27/A (sky130_fd_sc_hd__buf_2)
     1    0.034036    0.127429    0.143908    3.486787 ^ output27/X (sky130_fd_sc_hd__buf_2)
                                                         P[4] (net)
                      0.127459    0.001617    3.488405 ^ P[4] (out)
                                              3.488405   data arrival time

                      0.000000   10.000000   10.000000   clock __VIRTUAL_CLK__ (rise edge)
                                  0.000000   10.000000   clock network delay (ideal)
                                 -0.250000    9.750000   clock uncertainty
                                  0.000000    9.750000   clock reconvergence pessimism
                                 -2.000000    7.750000   output external delay
                                              7.750000   data required time
---------------------------------------------------------------------------------------------
                                              7.750000   data required time
                                             -3.488405   data arrival time
---------------------------------------------------------------------------------------------
                                              4.261596   slack (MET)


Startpoint: B[3] (input port clocked by __VIRTUAL_CLK__)
Endpoint: P[3] (output port clocked by __VIRTUAL_CLK__)
Path Group: __VIRTUAL_CLK__
Path Type: max

Fanout         Cap        Slew       Delay        Time   Description
---------------------------------------------------------------------------------------------
                      0.000000    0.000000    0.000000   clock __VIRTUAL_CLK__ (rise edge)
                                  0.000000    0.000000   clock network delay (ideal)
                                  2.000000    2.000000 ^ input external delay
     1    0.003192    0.015324    0.008310    2.008310 ^ B[3] (in)
                                                         B[3] (net)
                      0.015326    0.000000    2.008310 ^ input12/A (sky130_fd_sc_hd__buf_1)
     2    0.020381    0.181123    0.149709    2.158019 ^ input12/X (sky130_fd_sc_hd__buf_1)
                                                         net12 (net)
                      0.181146    0.001683    2.159702 ^ fanout45/A (sky130_fd_sc_hd__buf_2)
    10    0.040160    0.149324    0.178616    2.338318 ^ fanout45/X (sky130_fd_sc_hd__buf_2)
                                                         net45 (net)
                      0.149335    0.001093    2.339411 ^ _248_/B (sky130_fd_sc_hd__nand2_1)
     1    0.003065    0.037614    0.037866    2.377277 v _248_/Y (sky130_fd_sc_hd__nand2_1)
                                                         _181_ (net)
                      0.037628    0.000202    2.377479 v _249_/A1 (sky130_fd_sc_hd__mux2_4)
     4    0.013428    0.048139    0.162407    2.539885 v _249_/X (sky130_fd_sc_hd__mux2_4)
                                                         _182_ (net)
                      0.048175    0.000789    2.540674 v _252_/B (sky130_fd_sc_hd__xor2_1)
     3    0.007984    0.054974    0.106746    2.647420 v _252_/X (sky130_fd_sc_hd__xor2_1)
                                                         _185_ (net)
                      0.054977    0.000418    2.647838 v _478_/A (sky130_fd_sc_hd__or2_1)
     1    0.001960    0.029330    0.133627    2.781465 v _478_/X (sky130_fd_sc_hd__or2_1)
                                                         _164_ (net)
                      0.029330    0.000089    2.781554 v _479_/B (sky130_fd_sc_hd__and2_1)
     1    0.003500    0.027478    0.096891    2.878445 v _479_/X (sky130_fd_sc_hd__and2_1)
                                                         net26 (net)
                      0.027485    0.000252    2.878697 v output26/A (sky130_fd_sc_hd__buf_2)
     1    0.034449    0.063046    0.115766    2.994463 v output26/X (sky130_fd_sc_hd__buf_2)
                                                         P[3] (net)
                      0.063097    0.001610    2.996073 v P[3] (out)
                                              2.996073   data arrival time

                      0.000000   10.000000   10.000000   clock __VIRTUAL_CLK__ (rise edge)
                                  0.000000   10.000000   clock network delay (ideal)
                                 -0.250000    9.750000   clock uncertainty
                                  0.000000    9.750000   clock reconvergence pessimism
                                 -2.000000    7.750000   output external delay
                                              7.750000   data required time
---------------------------------------------------------------------------------------------
                                              7.750000   data required time
                                             -2.996073   data arrival time
---------------------------------------------------------------------------------------------
                                              4.753927   slack (MET)


Startpoint: B[1] (input port clocked by __VIRTUAL_CLK__)
Endpoint: P[2] (output port clocked by __VIRTUAL_CLK__)
Path Group: __VIRTUAL_CLK__
Path Type: max

Fanout         Cap        Slew       Delay        Time   Description
---------------------------------------------------------------------------------------------
                      0.000000    0.000000    0.000000   clock __VIRTUAL_CLK__ (rise edge)
                                  0.000000    0.000000   clock network delay (ideal)
                                  2.000000    2.000000 ^ input external delay
     1    0.003090    0.014957    0.008042    2.008042 ^ B[1] (in)
                                                         B[1] (net)
                      0.014959    0.000000    2.008042 ^ input10/A (sky130_fd_sc_hd__buf_4)
     5    0.031381    0.071020    0.094997    2.103039 ^ input10/X (sky130_fd_sc_hd__buf_4)
                                                         net10 (net)
                      0.071755    0.005750    2.108789 ^ clone9/A (sky130_fd_sc_hd__clkbuf_1)
     5    0.025864    0.228058    0.192534    2.301323 ^ clone9/X (sky130_fd_sc_hd__clkbuf_1)
                                                         net60 (net)
                      0.228069    0.001360    2.302683 ^ _253_/B1 (sky130_fd_sc_hd__a22o_1)
     2    0.006051    0.053039    0.098168    2.400851 ^ _253_/X (sky130_fd_sc_hd__a22o_1)
                                                         _186_ (net)
                      0.053040    0.000360    2.401211 ^ _254_/D (sky130_fd_sc_hd__and4_1)
     4    0.013793    0.107704    0.166933    2.568144 ^ _254_/X (sky130_fd_sc_hd__and4_1)
                                                         _187_ (net)
                      0.107710    0.000903    2.569046 ^ _255_/A (sky130_fd_sc_hd__inv_2)
     2    0.007689    0.031371    0.026620    2.595667 v _255_/Y (sky130_fd_sc_hd__inv_2)
                                                         _188_ (net)
                      0.031375    0.000302    2.595968 v _477_/A (sky130_fd_sc_hd__and2_1)
     1    0.002954    0.025694    0.083553    2.679521 v _477_/X (sky130_fd_sc_hd__and2_1)
                                                         net25 (net)
                      0.025694    0.000181    2.679702 v output25/A (sky130_fd_sc_hd__buf_2)
     1    0.034377    0.062937    0.114971    2.794673 v output25/X (sky130_fd_sc_hd__buf_2)
                                                         P[2] (net)
                      0.062986    0.001592    2.796265 v P[2] (out)
                                              2.796265   data arrival time

                      0.000000   10.000000   10.000000   clock __VIRTUAL_CLK__ (rise edge)
                                  0.000000   10.000000   clock network delay (ideal)
                                 -0.250000    9.750000   clock uncertainty
                                  0.000000    9.750000   clock reconvergence pessimism
                                 -2.000000    7.750000   output external delay
                                              7.750000   data required time
---------------------------------------------------------------------------------------------
                                              7.750000   data required time
                                             -2.796265   data arrival time
---------------------------------------------------------------------------------------------
                                              4.953735   slack (MET)


Startpoint: B[1] (input port clocked by __VIRTUAL_CLK__)
Endpoint: P[1] (output port clocked by __VIRTUAL_CLK__)
Path Group: __VIRTUAL_CLK__
Path Type: max

Fanout         Cap        Slew       Delay        Time   Description
---------------------------------------------------------------------------------------------
                      0.000000    0.000000    0.000000   clock __VIRTUAL_CLK__ (rise edge)
                                  0.000000    0.000000   clock network delay (ideal)
                                  2.000000    2.000000 ^ input external delay
     1    0.003090    0.014957    0.008042    2.008042 ^ B[1] (in)
                                                         B[1] (net)
                      0.014959    0.000000    2.008042 ^ input10/A (sky130_fd_sc_hd__buf_4)
     5    0.031381    0.071020    0.094997    2.103039 ^ input10/X (sky130_fd_sc_hd__buf_4)
                                                         net10 (net)
                      0.071755    0.005750    2.108789 ^ clone9/A (sky130_fd_sc_hd__clkbuf_1)
     5    0.025864    0.228058    0.192534    2.301323 ^ clone9/X (sky130_fd_sc_hd__clkbuf_1)
                                                         net60 (net)
                      0.228068    0.001307    2.302629 ^ _475_/B (sky130_fd_sc_hd__and2_1)
     1    0.002684    0.035325    0.094869    2.397499 ^ _475_/X (sky130_fd_sc_hd__and2_1)
                                                         mul_ll.mul_ll.pp2 (net)
                      0.035326    0.000188    2.397686 ^ _483_/A (sky130_fd_sc_hd__clkbuf_1)
     1    0.002619    0.030733    0.051468    2.449155 ^ _483_/X (sky130_fd_sc_hd__clkbuf_1)
                                                         net24 (net)
                      0.030733    0.000171    2.449326 ^ output24/A (sky130_fd_sc_hd__buf_2)
     1    0.034387    0.128728    0.136792    2.586118 ^ output24/X (sky130_fd_sc_hd__buf_2)
                                                         P[1] (net)
                      0.128757    0.001596    2.587714 ^ P[1] (out)
                                              2.587714   data arrival time

                      0.000000   10.000000   10.000000   clock __VIRTUAL_CLK__ (rise edge)
                                  0.000000   10.000000   clock network delay (ideal)
                                 -0.250000    9.750000   clock uncertainty
                                  0.000000    9.750000   clock reconvergence pessimism
                                 -2.000000    7.750000   output external delay
                                              7.750000   data required time
---------------------------------------------------------------------------------------------
                                              7.750000   data required time
                                             -2.587714   data arrival time
---------------------------------------------------------------------------------------------
                                              5.162286   slack (MET)


Startpoint: A[0] (input port clocked by __VIRTUAL_CLK__)
Endpoint: P[0] (output port clocked by __VIRTUAL_CLK__)
Path Group: __VIRTUAL_CLK__
Path Type: max

Fanout         Cap        Slew       Delay        Time   Description
---------------------------------------------------------------------------------------------
                      0.000000    0.000000    0.000000   clock __VIRTUAL_CLK__ (rise edge)
                                  0.000000    0.000000   clock network delay (ideal)
                                  2.000000    2.000000 ^ input external delay
     1    0.003538    0.016567    0.009222    2.009223 ^ A[0] (in)
                                                         A[0] (net)
                      0.016569    0.000000    2.009223 ^ input1/A (sky130_fd_sc_hd__clkbuf_2)
     3    0.027665    0.118641    0.122087    2.131310 ^ input1/X (sky130_fd_sc_hd__clkbuf_2)
                                                         net1 (net)
                      0.118848    0.004015    2.135325 ^ fanout51/A (sky130_fd_sc_hd__buf_1)
     5    0.016405    0.147286    0.140282    2.275607 ^ fanout51/X (sky130_fd_sc_hd__buf_1)
                                                         net51 (net)
                      0.147303    0.001326    2.276933 ^ _474_/A (sky130_fd_sc_hd__and2_1)
     1    0.002579    0.033369    0.087230    2.364164 ^ _474_/X (sky130_fd_sc_hd__and2_1)
                                                         mul_ll.mul_ll.pp1 (net)
                      0.033369    0.000120    2.364283 ^ _482_/A (sky130_fd_sc_hd__clkbuf_1)
     1    0.002721    0.031537    0.051676    2.415959 ^ _482_/X (sky130_fd_sc_hd__clkbuf_1)
                                                         net17 (net)
                      0.031538    0.000199    2.416158 ^ output17/A (sky130_fd_sc_hd__buf_2)
     1    0.034029    0.127079    0.136195    2.552353 ^ output17/X (sky130_fd_sc_hd__buf_2)
                                                         P[0] (net)
                      0.127109    0.001615    2.553967 ^ P[0] (out)
                                              2.553967   data arrival time

                      0.000000   10.000000   10.000000   clock __VIRTUAL_CLK__ (rise edge)
                                  0.000000   10.000000   clock network delay (ideal)
                                 -0.250000    9.750000   clock uncertainty
                                  0.000000    9.750000   clock reconvergence pessimism
                                 -2.000000    7.750000   output external delay
                                              7.750000   data required time
---------------------------------------------------------------------------------------------
                                              7.750000   data required time
                                             -2.553967   data arrival time
---------------------------------------------------------------------------------------------
                                              5.196032   slack (MET)



