
===========================================================================
report_checks -unconstrained
===========================================================================
======================= nom_ff_n40C_1v95 Corner ===================================

Startpoint: B[6] (input port clocked by __VIRTUAL_CLK__)
Endpoint: P[14] (output port clocked by __VIRTUAL_CLK__)
Path Group: __VIRTUAL_CLK__
Path Type: max

Fanout         Cap        Slew       Delay        Time   Description
---------------------------------------------------------------------------------------------
                      0.000000    0.000000    0.000000   clock __VIRTUAL_CLK__ (rise edge)
                                  0.000000    0.000000   clock network delay (ideal)
                                  2.000000    2.000000 ^ input external delay
    11    0.030103    0.106754    0.072192    2.072192 ^ B[6] (in)
                                                         B[6] (net)
                      0.106754    0.000000    2.072192 ^ _370_/C_N (sky130_fd_sc_hd__or4bb_2)
     2    0.006899    0.073515    0.360393    2.432585 v _370_/X (sky130_fd_sc_hd__or4bb_2)
                                                         _032_ (net)
                      0.073515    0.000000    2.432585 v _373_/A2 (sky130_fd_sc_hd__a2111o_2)
     3    0.008290    0.056255    0.307799    2.740384 v _373_/X (sky130_fd_sc_hd__a2111o_2)
                                                         _035_ (net)
                      0.056255    0.000000    2.740384 v _393_/D (sky130_fd_sc_hd__and4_2)
     2    0.009802    0.042976    0.168417    2.908801 v _393_/X (sky130_fd_sc_hd__and4_2)
                                                         _054_ (net)
                      0.042976    0.000000    2.908801 v _394_/B (sky130_fd_sc_hd__xnor2_2)
     2    0.005610    0.044459    0.087139    2.995940 v _394_/Y (sky130_fd_sc_hd__xnor2_2)
                                                         _055_ (net)
                      0.044459    0.000000    2.995940 v _395_/C (sky130_fd_sc_hd__or3_2)
     3    0.013999    0.078225    0.267866    3.263806 v _395_/X (sky130_fd_sc_hd__or3_2)
                                                         _056_ (net)
                      0.078225    0.000000    3.263806 v _440_/A (sky130_fd_sc_hd__xnor2_2)
     2    0.013558    0.168728    0.176439    3.440245 ^ _440_/Y (sky130_fd_sc_hd__xnor2_2)
                                                         _100_ (net)
                      0.168728    0.000000    3.440245 ^ _456_/A (sky130_fd_sc_hd__xnor2_2)
     2    0.005618    0.048715    0.052512    3.492757 v _456_/Y (sky130_fd_sc_hd__xnor2_2)
                                                         _116_ (net)
                      0.048715    0.000000    3.492757 v _457_/B (sky130_fd_sc_hd__or2_2)
     3    0.010456    0.053563    0.183120    3.675877 v _457_/X (sky130_fd_sc_hd__or2_2)
                                                         _117_ (net)
                      0.053563    0.000000    3.675877 v _459_/A (sky130_fd_sc_hd__and2_2)
     2    0.008266    0.036830    0.122071    3.797948 v _459_/X (sky130_fd_sc_hd__and2_2)
                                                         _119_ (net)
                      0.036830    0.000000    3.797948 v _460_/C (sky130_fd_sc_hd__nor3_2)
     2    0.006442    0.121947    0.093602    3.891550 ^ _460_/Y (sky130_fd_sc_hd__nor3_2)
                                                         _120_ (net)
                      0.121947    0.000000    3.891550 ^ _462_/A_N (sky130_fd_sc_hd__and2b_2)
     2    0.009819    0.039320    0.154496    4.046046 v _462_/X (sky130_fd_sc_hd__and2b_2)
                                                         _122_ (net)
                      0.039320    0.000000    4.046046 v _483_/C (sky130_fd_sc_hd__and3_2)
     2    0.004414    0.031886    0.133920    4.179966 v _483_/X (sky130_fd_sc_hd__and3_2)
                                                         _142_ (net)
                      0.031886    0.000000    4.179966 v _528_/A2 (sky130_fd_sc_hd__a21o_2)
     4    0.010131    0.038974    0.146984    4.326951 v _528_/X (sky130_fd_sc_hd__a21o_2)
                                                         _185_ (net)
                      0.038974    0.000000    4.326951 v _545_/A2 (sky130_fd_sc_hd__a41o_2)
     3    0.012435    0.047168    0.174869    4.501819 v _545_/X (sky130_fd_sc_hd__a41o_2)
                                                         _201_ (net)
                      0.047168    0.000000    4.501819 v _552_/A (sky130_fd_sc_hd__xor2_2)
     1    0.033442    0.321019    0.280503    4.782322 ^ _552_/X (sky130_fd_sc_hd__xor2_2)
                                                         P[14] (net)
                      0.321019    0.000000    4.782322 ^ P[14] (out)
                                              4.782322   data arrival time

                      0.000000   10.000000   10.000000   clock __VIRTUAL_CLK__ (rise edge)
                                  0.000000   10.000000   clock network delay (ideal)
                                 -0.250000    9.750000   clock uncertainty
                                  0.000000    9.750000   clock reconvergence pessimism
                                 -2.000000    7.750000   output external delay
                                              7.750000   data required time
---------------------------------------------------------------------------------------------
                                              7.750000   data required time
                                             -4.782322   data arrival time
---------------------------------------------------------------------------------------------
                                              2.967678   slack (MET)




===========================================================================
report_checks --slack_max -0.01
============================================================================
======================= nom_ff_n40C_1v95 Corner ===================================

No paths found.


===========================================================================
 report_check_types -max_slew -max_cap -max_fanout -violators
============================================================================
======================= nom_ff_n40C_1v95 Corner ===================================

max fanout

Pin                                   Limit Fanout  Slack
---------------------------------------------------------
A[0]                                     10     17     -7 (VIOLATED)
B[1]                                     10     17     -7 (VIOLATED)
B[5]                                     10     16     -6 (VIOLATED)
A[4]                                     10     15     -5 (VIOLATED)
B[7]                                     10     15     -5 (VIOLATED)
A[1]                                     10     14     -4 (VIOLATED)
B[2]                                     10     14     -4 (VIOLATED)
B[3]                                     10     14     -4 (VIOLATED)
A[5]                                     10     13     -3 (VIOLATED)
B[0]                                     10     13     -3 (VIOLATED)
B[4]                                     10     13     -3 (VIOLATED)
A[2]                                     10     12     -2 (VIOLATED)
A[3]                                     10     12     -2 (VIOLATED)
A[6]                                     10     12     -2 (VIOLATED)
A[7]                                     10     12     -2 (VIOLATED)
B[6]                                     10     11        (VIOLATED)



===========================================================================
report_parasitic_annotation -report_unannotated
============================================================================
Found 302 unannotated drivers.
 A[0]
 A[1]
 A[2]
 A[3]
 A[4]
 A[5]
 A[6]
 A[7]
 B[0]
 B[1]
 B[2]
 B[3]
 B[4]
 B[5]
 B[6]
 B[7]
 _270_/X
 _271_/X
 _272_/X
 _273_/Y
 _274_/Y
 _275_/X
 _276_/X
 _277_/Y
 _278_/Y
 _279_/X
 _280_/X
 _281_/Y
 _282_/Y
 _283_/X
 _284_/X
 _285_/X
 _286_/Y
 _287_/Y
 _288_/Y
 _289_/Y
 _290_/Y
 _291_/Y
 _292_/Y
 _293_/Y
 _294_/X
 _295_/X
 _296_/Y
 _297_/X
 _298_/X
 _299_/Y
 _300_/Y
 _301_/Y
 _302_/X
 _303_/Y
 _304_/X
 _305_/Y
 _306_/Y
 _307_/Y
 _308_/X
 _309_/X
 _310_/X
 _311_/Y
 _312_/Y
 _313_/X
 _314_/Y
 _315_/Y
 _316_/Y
 _317_/Y
 _318_/X
 _319_/Y
 _320_/Y
 _321_/Y
 _322_/X
 _323_/Y
 _324_/X
 _325_/Y
 _326_/X
 _327_/Y
 _328_/X
 _329_/Y
 _330_/X
 _331_/Y
 _332_/Y
 _333_/X
 _334_/Y
 _335_/Y
 _336_/X
 _337_/Y
 _338_/X
 _339_/Y
 _340_/X
 _341_/Y
 _342_/X
 _343_/Y
 _344_/Y
 _345_/Y
 _346_/Y
 _347_/Y
 _348_/Y
 _349_/Y
 _350_/X
 _351_/Y
 _352_/Y
 _353_/X
 _354_/Y
 _355_/X
 _356_/X
 _357_/X
 _358_/Y
 _359_/X
 _360_/Y
 _361_/X
 _362_/X
 _363_/Y
 _364_/X
 _365_/X
 _366_/Y
 _367_/Y
 _368_/X
 _369_/Y
 _370_/X
 _371_/X
 _372_/Y
 _373_/X
 _374_/Y
 _375_/X
 _376_/Y
 _377_/Y
 _378_/X
 _379_/X
 _380_/X
 _381_/X
 _382_/X
 _383_/X
 _384_/Y
 _385_/X
 _386_/X
 _387_/Y
 _388_/Y
 _389_/Y
 _390_/Y
 _391_/X
 _392_/X
 _393_/X
 _394_/Y
 _395_/X
 _396_/Y
 _397_/Y
 _398_/Y
 _399_/Y
 _400_/Y
 _401_/Y
 _402_/X
 _403_/Y
 _404_/Y
 _405_/X
 _406_/Y
 _407_/X
 _408_/X
 _409_/X
 _410_/X
 _411_/Y
 _412_/Y
 _413_/Y
 _414_/X
 _415_/Y
 _416_/X
 _417_/Y
 _418_/Y
 _419_/X
 _420_/Y
 _421_/X
 _422_/Y
 _423_/X
 _424_/X
 _425_/Y
 _426_/X
 _427_/Y
 _428_/X
 _429_/X
 _430_/Y
 _431_/X
 _432_/Y
 _433_/Y
 _434_/Y
 _435_/Y
 _436_/X
 _437_/Y
 _438_/X
 _439_/Y
 _440_/Y
 _441_/X
 _442_/Y
 _443_/Y
 _444_/X
 _445_/X
 _446_/Y
 _447_/Y
 _448_/Y
 _449_/Y
 _450_/X
 _451_/Y
 _452_/X
 _453_/Y
 _454_/Y
 _455_/Y
 _456_/Y
 _457_/X
 _458_/Y
 _459_/X
 _460_/Y
 _461_/Y
 _462_/X
 _463_/Y
 _464_/Y
 _465_/X
 _466_/Y
 _467_/X
 _468_/Y
 _469_/X
 _470_/Y
 _471_/X
 _472_/X
 _473_/Y
 _474_/X
 _475_/Y
 _476_/X
 _477_/Y
 _478_/Y
 _479_/Y
 _480_/Y
 _481_/Y
 _482_/Y
 _483_/X
 _484_/Y
 _485_/X
 _486_/Y
 _487_/X
 _488_/Y
 _489_/X
 _490_/X
 _491_/Y
 _492_/Y
 _493_/Y
 _494_/X
 _495_/X
 _496_/Y
 _497_/X
 _498_/X
 _499_/Y
 _500_/X
 _501_/Y
 _502_/Y
 _503_/Y
 _504_/Y
 _505_/Y
 _506_/Y
 _507_/X
 _508_/Y
 _509_/Y
 _510_/Y
 _511_/Y
 _512_/X
 _513_/Y
 _514_/X
 _515_/Y
 _516_/Y
 _517_/X
 _518_/X
 _519_/Y
 _520_/Y
 _521_/Y
 _522_/X
 _523_/X
 _524_/X
 _525_/Y
 _526_/Y
 _527_/X
 _528_/X
 _529_/X
 _530_/X
 _531_/Y
 _532_/Y
 _533_/X
 _534_/X
 _535_/X
 _536_/X
 _537_/Y
 _538_/Y
 _539_/Y
 _540_/Y
 _541_/X
 _542_/Y
 _543_/Y
 _544_/Y
 _545_/X
 _546_/X
 _547_/X
 _548_/X
 _549_/X
 _550_/Y
 _551_/Y
 _552_/X
 _553_/X
 _554_/X
 _555_/Y
Found 0 partially unannotated drivers.

===========================================================================
max slew violation count 0
max fanout violation count 16
max cap violation count 0
============================================================================

===========================================================================
check_setup -verbose -unconstrained_endpoints -multiple_clock -no_clock -no_input_delay -loops -generated_clocks
===========================================================================
