
===========================================================================
report_checks -path_delay min (Hold)
============================================================================
======================= nom_ss_100C_1v60 Corner ===================================

Startpoint: B[0] (input port clocked by __VIRTUAL_CLK__)
Endpoint: P[4] (output port clocked by __VIRTUAL_CLK__)
Path Group: __VIRTUAL_CLK__
Path Type: min

Fanout         Cap        Slew       Delay        Time   Description
---------------------------------------------------------------------------------------------
                      0.000000    0.000000    0.000000   clock __VIRTUAL_CLK__ (rise edge)
                                  0.000000    0.000000   clock network delay (ideal)
                                  2.000000    2.000000 v input external delay
    15    0.043317    0.188139    0.132764    2.132765 v B[0] (in)
                                                         B[0] (net)
                      0.188139    0.000000    2.132765 v _330_/A1 (sky130_fd_sc_hd__a21oi_2)
     1    0.004682    0.148592    0.256009    2.388774 ^ _330_/Y (sky130_fd_sc_hd__a21oi_2)
                                                         _264_ (net)
                      0.148592    0.000000    2.388774 ^ _331_/B (sky130_fd_sc_hd__nor2_2)
     1    0.033442    0.149711    0.187708    2.576482 v _331_/Y (sky130_fd_sc_hd__nor2_2)
                                                         P[4] (net)
                      0.149711    0.000000    2.576482 v P[4] (out)
                                              2.576482   data arrival time

                      0.000000    0.000000    0.000000   clock __VIRTUAL_CLK__ (rise edge)
                                  0.000000    0.000000   clock network delay (ideal)
                                  0.250000    0.250000   clock uncertainty
                                  0.000000    0.250000   clock reconvergence pessimism
                                 -2.000000   -1.750000   output external delay
                                             -1.750000   data required time
---------------------------------------------------------------------------------------------
                                             -1.750000   data required time
                                             -2.576482   data arrival time
---------------------------------------------------------------------------------------------
                                              4.326482   slack (MET)


Startpoint: B[1] (input port clocked by __VIRTUAL_CLK__)
Endpoint: P[1] (output port clocked by __VIRTUAL_CLK__)
Path Group: __VIRTUAL_CLK__
Path Type: min

Fanout         Cap        Slew       Delay        Time   Description
---------------------------------------------------------------------------------------------
                      0.000000    0.000000    0.000000   clock __VIRTUAL_CLK__ (rise edge)
                                  0.000000    0.000000   clock network delay (ideal)
                                  2.000000    2.000000 v input external delay
    17    0.042069    0.182851    0.128951    2.128951 v B[1] (in)
                                                         B[1] (net)
                      0.182851    0.000000    2.128951 v _292_/A (sky130_fd_sc_hd__and3_2)
     1    0.033442    0.192897    0.556792    2.685743 v _292_/X (sky130_fd_sc_hd__and3_2)
                                                         P[1] (net)
                      0.192897    0.000000    2.685743 v P[1] (out)
                                              2.685743   data arrival time

                      0.000000    0.000000    0.000000   clock __VIRTUAL_CLK__ (rise edge)
                                  0.000000    0.000000   clock network delay (ideal)
                                  0.250000    0.250000   clock uncertainty
                                  0.000000    0.250000   clock reconvergence pessimism
                                 -2.000000   -1.750000   output external delay
                                             -1.750000   data required time
---------------------------------------------------------------------------------------------
                                             -1.750000   data required time
                                             -2.685743   data arrival time
---------------------------------------------------------------------------------------------
                                              4.435743   slack (MET)


Startpoint: B[0] (input port clocked by __VIRTUAL_CLK__)
Endpoint: P[0] (output port clocked by __VIRTUAL_CLK__)
Path Group: __VIRTUAL_CLK__
Path Type: min

Fanout         Cap        Slew       Delay        Time   Description
---------------------------------------------------------------------------------------------
                      0.000000    0.000000    0.000000   clock __VIRTUAL_CLK__ (rise edge)
                                  0.000000    0.000000   clock network delay (ideal)
                                  2.000000    2.000000 v input external delay
    15    0.043317    0.188139    0.132764    2.132765 v B[0] (in)
                                                         B[0] (net)
                      0.188139    0.000000    2.132765 v _289_/A (sky130_fd_sc_hd__and2_2)
     3    0.039505    0.211851    0.563178    2.695942 v _289_/X (sky130_fd_sc_hd__and2_2)
                                                         P[0] (net)
                      0.211851    0.000000    2.695942 v P[0] (out)
                                              2.695942   data arrival time

                      0.000000    0.000000    0.000000   clock __VIRTUAL_CLK__ (rise edge)
                                  0.000000    0.000000   clock network delay (ideal)
                                  0.250000    0.250000   clock uncertainty
                                  0.000000    0.250000   clock reconvergence pessimism
                                 -2.000000   -1.750000   output external delay
                                             -1.750000   data required time
---------------------------------------------------------------------------------------------
                                             -1.750000   data required time
                                             -2.695942   data arrival time
---------------------------------------------------------------------------------------------
                                              4.445942   slack (MET)


Startpoint: A[1] (input port clocked by __VIRTUAL_CLK__)
Endpoint: P[3] (output port clocked by __VIRTUAL_CLK__)
Path Group: __VIRTUAL_CLK__
Path Type: min

Fanout         Cap        Slew       Delay        Time   Description
---------------------------------------------------------------------------------------------
                      0.000000    0.000000    0.000000   clock __VIRTUAL_CLK__ (rise edge)
                                  0.000000    0.000000   clock network delay (ideal)
                                  2.000000    2.000000 v input external delay
    11    0.032645    0.142921    0.100156    2.100156 v A[1] (in)
                                                         A[1] (net)
                      0.142921    0.000000    2.100156 v _290_/B (sky130_fd_sc_hd__nand2_2)
     2    0.006322    0.088329    0.147087    2.247243 ^ _290_/Y (sky130_fd_sc_hd__nand2_2)
                                                         _227_ (net)
                      0.088329    0.000000    2.247243 ^ _295_/A2 (sky130_fd_sc_hd__o21ai_2)
     2    0.006617    0.076059    0.121683    2.368926 v _295_/Y (sky130_fd_sc_hd__o21ai_2)
                                                         _231_ (net)
                      0.076059    0.000000    2.368926 v _299_/B (sky130_fd_sc_hd__nand3_2)
     3    0.008529    0.108432    0.136042    2.504968 ^ _299_/Y (sky130_fd_sc_hd__nand3_2)
                                                         _235_ (net)
                      0.108432    0.000000    2.504968 ^ _313_/B1 (sky130_fd_sc_hd__o21a_2)
     1    0.004682    0.070106    0.266265    2.771233 ^ _313_/X (sky130_fd_sc_hd__o21a_2)
                                                         _248_ (net)
                      0.070106    0.000000    2.771233 ^ _314_/B (sky130_fd_sc_hd__nor2_2)
     1    0.033442    0.146842    0.150814    2.922047 v _314_/Y (sky130_fd_sc_hd__nor2_2)
                                                         P[3] (net)
                      0.146842    0.000000    2.922047 v P[3] (out)
                                              2.922047   data arrival time

                      0.000000    0.000000    0.000000   clock __VIRTUAL_CLK__ (rise edge)
                                  0.000000    0.000000   clock network delay (ideal)
                                  0.250000    0.250000   clock uncertainty
                                  0.000000    0.250000   clock reconvergence pessimism
                                 -2.000000   -1.750000   output external delay
                                             -1.750000   data required time
---------------------------------------------------------------------------------------------
                                             -1.750000   data required time
                                             -2.922047   data arrival time
---------------------------------------------------------------------------------------------
                                              4.672047   slack (MET)


Startpoint: A[1] (input port clocked by __VIRTUAL_CLK__)
Endpoint: P[2] (output port clocked by __VIRTUAL_CLK__)
Path Group: __VIRTUAL_CLK__
Path Type: min

Fanout         Cap        Slew       Delay        Time   Description
---------------------------------------------------------------------------------------------
                      0.000000    0.000000    0.000000   clock __VIRTUAL_CLK__ (rise edge)
                                  0.000000    0.000000   clock network delay (ideal)
                                  2.000000    2.000000 v input external delay
    11    0.032645    0.142921    0.100156    2.100156 v A[1] (in)
                                                         A[1] (net)
                      0.142921    0.000000    2.100156 v _290_/B (sky130_fd_sc_hd__nand2_2)
     2    0.006322    0.088329    0.147087    2.247243 ^ _290_/Y (sky130_fd_sc_hd__nand2_2)
                                                         _227_ (net)
                      0.088329    0.000000    2.247243 ^ _295_/A2 (sky130_fd_sc_hd__o21ai_2)
     2    0.006617    0.076059    0.121683    2.368926 v _295_/Y (sky130_fd_sc_hd__o21ai_2)
                                                         _231_ (net)
                      0.076059    0.000000    2.368926 v _299_/B (sky130_fd_sc_hd__nand3_2)
     3    0.008529    0.108432    0.136042    2.504968 ^ _299_/Y (sky130_fd_sc_hd__nand3_2)
                                                         _235_ (net)
                      0.108432    0.000000    2.504968 ^ _300_/B (sky130_fd_sc_hd__and2_2)
     1    0.033442    0.294861    0.465974    2.970943 ^ _300_/X (sky130_fd_sc_hd__and2_2)
                                                         P[2] (net)
                      0.294861    0.000000    2.970943 ^ P[2] (out)
                                              2.970943   data arrival time

                      0.000000    0.000000    0.000000   clock __VIRTUAL_CLK__ (rise edge)
                                  0.000000    0.000000   clock network delay (ideal)
                                  0.250000    0.250000   clock uncertainty
                                  0.000000    0.250000   clock reconvergence pessimism
                                 -2.000000   -1.750000   output external delay
                                             -1.750000   data required time
---------------------------------------------------------------------------------------------
                                             -1.750000   data required time
                                             -2.970943   data arrival time
---------------------------------------------------------------------------------------------
                                              4.720943   slack (MET)


Startpoint: B[4] (input port clocked by __VIRTUAL_CLK__)
Endpoint: P[9] (output port clocked by __VIRTUAL_CLK__)
Path Group: __VIRTUAL_CLK__
Path Type: min

Fanout         Cap        Slew       Delay        Time   Description
---------------------------------------------------------------------------------------------
                      0.000000    0.000000    0.000000   clock __VIRTUAL_CLK__ (rise edge)
                                  0.000000    0.000000   clock network delay (ideal)
                                  2.000000    2.000000 v input external delay
     9    0.028027    0.123354    0.086046    2.086046 v B[4] (in)
                                                         B[4] (net)
                      0.123354    0.000000    2.086046 v _438_/A (sky130_fd_sc_hd__nand2_2)
     3    0.007550    0.088380    0.130036    2.216082 ^ _438_/Y (sky130_fd_sc_hd__nand2_2)
                                                         _085_ (net)
                      0.088380    0.000000    2.216082 ^ _439_/B (sky130_fd_sc_hd__nand2_2)
     1    0.004330    0.060256    0.106375    2.322457 v _439_/Y (sky130_fd_sc_hd__nand2_2)
                                                         _086_ (net)
                      0.060256    0.000000    2.322457 v _441_/A (sky130_fd_sc_hd__nand2_2)
     2    0.007260    0.079979    0.099325    2.421782 ^ _441_/Y (sky130_fd_sc_hd__nand2_2)
                                                         _088_ (net)
                      0.079979    0.000000    2.421782 ^ _442_/B1 (sky130_fd_sc_hd__a21o_2)
     3    0.008398    0.085306    0.184915    2.606697 ^ _442_/X (sky130_fd_sc_hd__a21o_2)
                                                         _089_ (net)
                      0.085306    0.000000    2.606697 ^ _480_/A (sky130_fd_sc_hd__nand2_2)
     1    0.008022    0.088840    0.115015    2.721712 v _480_/Y (sky130_fd_sc_hd__nand2_2)
                                                         _126_ (net)
                      0.088840    0.000000    2.721712 v _481_/B (sky130_fd_sc_hd__xor2_2)
     1    0.033442    0.184917    0.389911    3.111623 v _481_/X (sky130_fd_sc_hd__xor2_2)
                                                         P[9] (net)
                      0.184917    0.000000    3.111623 v P[9] (out)
                                              3.111623   data arrival time

                      0.000000    0.000000    0.000000   clock __VIRTUAL_CLK__ (rise edge)
                                  0.000000    0.000000   clock network delay (ideal)
                                  0.250000    0.250000   clock uncertainty
                                  0.000000    0.250000   clock reconvergence pessimism
                                 -2.000000   -1.750000   output external delay
                                             -1.750000   data required time
---------------------------------------------------------------------------------------------
                                             -1.750000   data required time
                                             -3.111623   data arrival time
---------------------------------------------------------------------------------------------
                                              4.861622   slack (MET)


Startpoint: B[4] (input port clocked by __VIRTUAL_CLK__)
Endpoint: P[5] (output port clocked by __VIRTUAL_CLK__)
Path Group: __VIRTUAL_CLK__
Path Type: min

Fanout         Cap        Slew       Delay        Time   Description
---------------------------------------------------------------------------------------------
                      0.000000    0.000000    0.000000   clock __VIRTUAL_CLK__ (rise edge)
                                  0.000000    0.000000   clock network delay (ideal)
                                  2.000000    2.000000 ^ input external delay
     9    0.029808    0.221120    0.150358    2.150358 ^ B[4] (in)
                                                         B[4] (net)
                      0.221120    0.000000    2.150358 ^ _327_/B (sky130_fd_sc_hd__and3_2)
     2    0.003955    0.090758    0.407875    2.558233 ^ _327_/X (sky130_fd_sc_hd__and3_2)
                                                         _261_ (net)
                      0.090758    0.000000    2.558233 ^ _582_/A (sky130_fd_sc_hd__or3b_2)
     1    0.001604    0.043161    0.183031    2.741264 ^ _582_/X (sky130_fd_sc_hd__or3b_2)
                                                         _222_ (net)
                      0.043161    0.000000    2.741264 ^ _583_/B (sky130_fd_sc_hd__and2b_2)
     1    0.033442    0.284571    0.441744    3.183008 ^ _583_/X (sky130_fd_sc_hd__and2b_2)
                                                         P[5] (net)
                      0.284571    0.000000    3.183008 ^ P[5] (out)
                                              3.183008   data arrival time

                      0.000000    0.000000    0.000000   clock __VIRTUAL_CLK__ (rise edge)
                                  0.000000    0.000000   clock network delay (ideal)
                                  0.250000    0.250000   clock uncertainty
                                  0.000000    0.250000   clock reconvergence pessimism
                                 -2.000000   -1.750000   output external delay
                                             -1.750000   data required time
---------------------------------------------------------------------------------------------
                                             -1.750000   data required time
                                             -3.183008   data arrival time
---------------------------------------------------------------------------------------------
                                              4.933008   slack (MET)


Startpoint: A[7] (input port clocked by __VIRTUAL_CLK__)
Endpoint: P[14] (output port clocked by __VIRTUAL_CLK__)
Path Group: __VIRTUAL_CLK__
Path Type: min

Fanout         Cap        Slew       Delay        Time   Description
---------------------------------------------------------------------------------------------
                      0.000000    0.000000    0.000000   clock __VIRTUAL_CLK__ (rise edge)
                                  0.000000    0.000000   clock network delay (ideal)
                                  2.000000    2.000000 ^ input external delay
     8    0.025946    0.194065    0.131279    2.131279 ^ A[7] (in)
                                                         A[7] (net)
                      0.194065    0.000000    2.131279 ^ _574_/A2 (sky130_fd_sc_hd__a41o_2)
     2    0.009952    0.103919    0.505113    2.636392 ^ _574_/X (sky130_fd_sc_hd__a41o_2)
                                                         _215_ (net)
                      0.103919    0.000000    2.636392 ^ _576_/B (sky130_fd_sc_hd__xnor2_2)
     2    0.013101    0.131976    0.255294    2.891686 ^ _576_/Y (sky130_fd_sc_hd__xnor2_2)
                                                         _217_ (net)
                      0.131976    0.000000    2.891686 ^ _579_/B (sky130_fd_sc_hd__xnor2_2)
     1    0.033442    0.320760    0.330546    3.222233 v _579_/Y (sky130_fd_sc_hd__xnor2_2)
                                                         P[14] (net)
                      0.320760    0.000000    3.222233 v P[14] (out)
                                              3.222233   data arrival time

                      0.000000    0.000000    0.000000   clock __VIRTUAL_CLK__ (rise edge)
                                  0.000000    0.000000   clock network delay (ideal)
                                  0.250000    0.250000   clock uncertainty
                                  0.000000    0.250000   clock reconvergence pessimism
                                 -2.000000   -1.750000   output external delay
                                             -1.750000   data required time
---------------------------------------------------------------------------------------------
                                             -1.750000   data required time
                                             -3.222233   data arrival time
---------------------------------------------------------------------------------------------
                                              4.972232   slack (MET)


Startpoint: B[4] (input port clocked by __VIRTUAL_CLK__)
Endpoint: P[6] (output port clocked by __VIRTUAL_CLK__)
Path Group: __VIRTUAL_CLK__
Path Type: min

Fanout         Cap        Slew       Delay        Time   Description
---------------------------------------------------------------------------------------------
                      0.000000    0.000000    0.000000   clock __VIRTUAL_CLK__ (rise edge)
                                  0.000000    0.000000   clock network delay (ideal)
                                  2.000000    2.000000 ^ input external delay
     9    0.029808    0.221120    0.150358    2.150358 ^ B[4] (in)
                                                         B[4] (net)
                      0.221120    0.000000    2.150358 ^ _327_/B (sky130_fd_sc_hd__and3_2)
     2    0.003955    0.090758    0.407875    2.558233 ^ _327_/X (sky130_fd_sc_hd__and3_2)
                                                         _261_ (net)
                      0.090758    0.000000    2.558233 ^ _377_/A1 (sky130_fd_sc_hd__o21ba_2)
     3    0.012492    0.140994    0.353312    2.911545 ^ _377_/X (sky130_fd_sc_hd__o21ba_2)
                                                         _026_ (net)
                      0.140994    0.000000    2.911545 ^ _378_/B (sky130_fd_sc_hd__xor2_2)
     1    0.033442    0.184932    0.325080    3.236625 v _378_/X (sky130_fd_sc_hd__xor2_2)
                                                         P[6] (net)
                      0.184932    0.000000    3.236625 v P[6] (out)
                                              3.236625   data arrival time

                      0.000000    0.000000    0.000000   clock __VIRTUAL_CLK__ (rise edge)
                                  0.000000    0.000000   clock network delay (ideal)
                                  0.250000    0.250000   clock uncertainty
                                  0.000000    0.250000   clock reconvergence pessimism
                                 -2.000000   -1.750000   output external delay
                                             -1.750000   data required time
---------------------------------------------------------------------------------------------
                                             -1.750000   data required time
                                             -3.236625   data arrival time
---------------------------------------------------------------------------------------------
                                              4.986625   slack (MET)


Startpoint: A[7] (input port clocked by __VIRTUAL_CLK__)
Endpoint: P[15] (output port clocked by __VIRTUAL_CLK__)
Path Group: __VIRTUAL_CLK__
Path Type: min

Fanout         Cap        Slew       Delay        Time   Description
---------------------------------------------------------------------------------------------
                      0.000000    0.000000    0.000000   clock __VIRTUAL_CLK__ (rise edge)
                                  0.000000    0.000000   clock network delay (ideal)
                                  2.000000    2.000000 ^ input external delay
     8    0.025946    0.194065    0.131279    2.131279 ^ A[7] (in)
                                                         A[7] (net)
                      0.194065    0.000000    2.131279 ^ _574_/A2 (sky130_fd_sc_hd__a41o_2)
     2    0.009952    0.103919    0.505113    2.636392 ^ _574_/X (sky130_fd_sc_hd__a41o_2)
                                                         _215_ (net)
                      0.103919    0.000000    2.636392 ^ _575_/B (sky130_fd_sc_hd__and2_2)
     1    0.001567    0.058997    0.260442    2.896834 ^ _575_/X (sky130_fd_sc_hd__and2_2)
                                                         _216_ (net)
                      0.058997    0.000000    2.896834 ^ _581_/A (sky130_fd_sc_hd__or3_2)
     1    0.033442    0.275009    0.354358    3.251192 ^ _581_/X (sky130_fd_sc_hd__or3_2)
                                                         P[15] (net)
                      0.275009    0.000000    3.251192 ^ P[15] (out)
                                              3.251192   data arrival time

                      0.000000    0.000000    0.000000   clock __VIRTUAL_CLK__ (rise edge)
                                  0.000000    0.000000   clock network delay (ideal)
                                  0.250000    0.250000   clock uncertainty
                                  0.000000    0.250000   clock reconvergence pessimism
                                 -2.000000   -1.750000   output external delay
                                             -1.750000   data required time
---------------------------------------------------------------------------------------------
                                             -1.750000   data required time
                                             -3.251192   data arrival time
---------------------------------------------------------------------------------------------
                                              5.001193   slack (MET)


Startpoint: B[4] (input port clocked by __VIRTUAL_CLK__)
Endpoint: P[8] (output port clocked by __VIRTUAL_CLK__)
Path Group: __VIRTUAL_CLK__
Path Type: min

Fanout         Cap        Slew       Delay        Time   Description
---------------------------------------------------------------------------------------------
                      0.000000    0.000000    0.000000   clock __VIRTUAL_CLK__ (rise edge)
                                  0.000000    0.000000   clock network delay (ideal)
                                  2.000000    2.000000 v input external delay
     9    0.028027    0.123354    0.086046    2.086046 v B[4] (in)
                                                         B[4] (net)
                      0.123354    0.000000    2.086046 v _438_/A (sky130_fd_sc_hd__nand2_2)
     3    0.007550    0.088380    0.130036    2.216082 ^ _438_/Y (sky130_fd_sc_hd__nand2_2)
                                                         _085_ (net)
                      0.088380    0.000000    2.216082 ^ _439_/B (sky130_fd_sc_hd__nand2_2)
     1    0.004330    0.060256    0.106375    2.322457 v _439_/Y (sky130_fd_sc_hd__nand2_2)
                                                         _086_ (net)
                      0.060256    0.000000    2.322457 v _441_/A (sky130_fd_sc_hd__nand2_2)
     2    0.007260    0.079979    0.099325    2.421782 ^ _441_/Y (sky130_fd_sc_hd__nand2_2)
                                                         _088_ (net)
                      0.079979    0.000000    2.421782 ^ _442_/B1 (sky130_fd_sc_hd__a21o_2)
     3    0.008398    0.085306    0.184915    2.606697 ^ _442_/X (sky130_fd_sc_hd__a21o_2)
                                                         _089_ (net)
                      0.085306    0.000000    2.606697 ^ _444_/A (sky130_fd_sc_hd__and2_2)
     3    0.018330    0.181588    0.362360    2.969057 ^ _444_/X (sky130_fd_sc_hd__and2_2)
                                                         _091_ (net)
                      0.181588    0.000000    2.969057 ^ _447_/A (sky130_fd_sc_hd__xnor2_2)
     1    0.033442    0.320874    0.369826    3.338883 v _447_/Y (sky130_fd_sc_hd__xnor2_2)
                                                         P[8] (net)
                      0.320874    0.000000    3.338883 v P[8] (out)
                                              3.338883   data arrival time

                      0.000000    0.000000    0.000000   clock __VIRTUAL_CLK__ (rise edge)
                                  0.000000    0.000000   clock network delay (ideal)
                                  0.250000    0.250000   clock uncertainty
                                  0.000000    0.250000   clock reconvergence pessimism
                                 -2.000000   -1.750000   output external delay
                                             -1.750000   data required time
---------------------------------------------------------------------------------------------
                                             -1.750000   data required time
                                             -3.338883   data arrival time
---------------------------------------------------------------------------------------------
                                              5.088883   slack (MET)


Startpoint: B[5] (input port clocked by __VIRTUAL_CLK__)
Endpoint: P[10] (output port clocked by __VIRTUAL_CLK__)
Path Group: __VIRTUAL_CLK__
Path Type: min

Fanout         Cap        Slew       Delay        Time   Description
---------------------------------------------------------------------------------------------
                      0.000000    0.000000    0.000000   clock __VIRTUAL_CLK__ (rise edge)
                                  0.000000    0.000000   clock network delay (ideal)
                                  2.000000    2.000000 v input external delay
    14    0.030049    0.131921    0.092224    2.092224 v B[5] (in)
                                                         B[5] (net)
                      0.131921    0.000000    2.092224 v _474_/C (sky130_fd_sc_hd__and3b_2)
     2    0.012269    0.110861    0.520573    2.612797 v _474_/X (sky130_fd_sc_hd__and3b_2)
                                                         _120_ (net)
                      0.110861    0.000000    2.612797 v _475_/B (sky130_fd_sc_hd__nand2b_2)
     2    0.006987    0.087436    0.133445    2.746241 ^ _475_/Y (sky130_fd_sc_hd__nand2b_2)
                                                         _121_ (net)
                      0.087436    0.000000    2.746241 ^ _505_/C1 (sky130_fd_sc_hd__o211ai_2)
     3    0.008074    0.151431    0.197246    2.943487 v _505_/Y (sky130_fd_sc_hd__o211ai_2)
                                                         _150_ (net)
                      0.151431    0.000000    2.943487 v _508_/A (sky130_fd_sc_hd__nand2_2)
     1    0.009061    0.102890    0.151809    3.095296 ^ _508_/Y (sky130_fd_sc_hd__nand2_2)
                                                         _153_ (net)
                      0.102890    0.000000    3.095296 ^ _512_/A (sky130_fd_sc_hd__xnor2_2)
     1    0.033442    0.320770    0.341001    3.436298 v _512_/Y (sky130_fd_sc_hd__xnor2_2)
                                                         P[10] (net)
                      0.320770    0.000000    3.436298 v P[10] (out)
                                              3.436298   data arrival time

                      0.000000    0.000000    0.000000   clock __VIRTUAL_CLK__ (rise edge)
                                  0.000000    0.000000   clock network delay (ideal)
                                  0.250000    0.250000   clock uncertainty
                                  0.000000    0.250000   clock reconvergence pessimism
                                 -2.000000   -1.750000   output external delay
                                             -1.750000   data required time
---------------------------------------------------------------------------------------------
                                             -1.750000   data required time
                                             -3.436298   data arrival time
---------------------------------------------------------------------------------------------
                                              5.186298   slack (MET)


Startpoint: B[5] (input port clocked by __VIRTUAL_CLK__)
Endpoint: P[11] (output port clocked by __VIRTUAL_CLK__)
Path Group: __VIRTUAL_CLK__
Path Type: min

Fanout         Cap        Slew       Delay        Time   Description
---------------------------------------------------------------------------------------------
                      0.000000    0.000000    0.000000   clock __VIRTUAL_CLK__ (rise edge)
                                  0.000000    0.000000   clock network delay (ideal)
                                  2.000000    2.000000 ^ input external delay
    14    0.031751    0.234732    0.159957    2.159957 ^ B[5] (in)
                                                         B[5] (net)
                      0.234732    0.000000    2.159957 ^ _474_/C (sky130_fd_sc_hd__and3b_2)
     2    0.013147    0.158898    0.502473    2.662430 ^ _474_/X (sky130_fd_sc_hd__and3b_2)
                                                         _120_ (net)
                      0.158898    0.000000    2.662430 ^ _475_/B (sky130_fd_sc_hd__nand2b_2)
     2    0.006583    0.088347    0.150730    2.813160 v _475_/Y (sky130_fd_sc_hd__nand2b_2)
                                                         _121_ (net)
                      0.088347    0.000000    2.813160 v _505_/C1 (sky130_fd_sc_hd__o211ai_2)
     3    0.008513    0.120142    0.128139    2.941299 ^ _505_/Y (sky130_fd_sc_hd__o211ai_2)
                                                         _150_ (net)
                      0.120142    0.000000    2.941299 ^ _536_/A1 (sky130_fd_sc_hd__a21o_2)
     1    0.008492    0.085968    0.280848    3.222148 ^ _536_/X (sky130_fd_sc_hd__a21o_2)
                                                         _180_ (net)
                      0.085968    0.000000    3.222148 ^ _537_/B (sky130_fd_sc_hd__xnor2_2)
     1    0.033442    0.320776    0.313672    3.535820 v _537_/Y (sky130_fd_sc_hd__xnor2_2)
                                                         P[11] (net)
                      0.320776    0.000000    3.535820 v P[11] (out)
                                              3.535820   data arrival time

                      0.000000    0.000000    0.000000   clock __VIRTUAL_CLK__ (rise edge)
                                  0.000000    0.000000   clock network delay (ideal)
                                  0.250000    0.250000   clock uncertainty
                                  0.000000    0.250000   clock reconvergence pessimism
                                 -2.000000   -1.750000   output external delay
                                             -1.750000   data required time
---------------------------------------------------------------------------------------------
                                             -1.750000   data required time
                                             -3.535820   data arrival time
---------------------------------------------------------------------------------------------
                                              5.285820   slack (MET)


Startpoint: B[2] (input port clocked by __VIRTUAL_CLK__)
Endpoint: P[7] (output port clocked by __VIRTUAL_CLK__)
Path Group: __VIRTUAL_CLK__
Path Type: min

Fanout         Cap        Slew       Delay        Time   Description
---------------------------------------------------------------------------------------------
                      0.000000    0.000000    0.000000   clock __VIRTUAL_CLK__ (rise edge)
                                  0.000000    0.000000   clock network delay (ideal)
                                  2.000000    2.000000 v input external delay
    12    0.039435    0.171691    0.120903    2.120903 v B[2] (in)
                                                         B[2] (net)
                      0.171691    0.000000    2.120903 v _334_/A (sky130_fd_sc_hd__nand2_2)
     2    0.006468    0.085342    0.146118    2.267021 ^ _334_/Y (sky130_fd_sc_hd__nand2_2)
                                                         _267_ (net)
                      0.085342    0.000000    2.267021 ^ _337_/A2 (sky130_fd_sc_hd__a21boi_2)
     1    0.004181    0.073634    0.114597    2.381619 v _337_/Y (sky130_fd_sc_hd__a21boi_2)
                                                         _270_ (net)
                      0.073634    0.000000    2.381619 v _338_/B (sky130_fd_sc_hd__nor2_2)
     2    0.002798    0.102015    0.119857    2.501476 ^ _338_/Y (sky130_fd_sc_hd__nor2_2)
                                                         _271_ (net)
                      0.102015    0.000000    2.501476 ^ _363_/B1_N (sky130_fd_sc_hd__o21bai_2)
     2    0.003904    0.078360    0.203970    2.705446 ^ _363_/Y (sky130_fd_sc_hd__o21bai_2)
                                                         _012_ (net)
                      0.078360    0.000000    2.705446 ^ _374_/A2 (sky130_fd_sc_hd__a21o_2)
     2    0.004053    0.054759    0.244060    2.949506 ^ _374_/X (sky130_fd_sc_hd__a21o_2)
                                                         _023_ (net)
                      0.054759    0.000000    2.949506 ^ _412_/A1 (sky130_fd_sc_hd__a21o_2)
     2    0.013595    0.122222    0.284995    3.234501 ^ _412_/X (sky130_fd_sc_hd__a21o_2)
                                                         _060_ (net)
                      0.122222    0.000000    3.234501 ^ _413_/B (sky130_fd_sc_hd__xor2_2)
     1    0.033442    0.184928    0.317433    3.551934 v _413_/X (sky130_fd_sc_hd__xor2_2)
                                                         P[7] (net)
                      0.184928    0.000000    3.551934 v P[7] (out)
                                              3.551934   data arrival time

                      0.000000    0.000000    0.000000   clock __VIRTUAL_CLK__ (rise edge)
                                  0.000000    0.000000   clock network delay (ideal)
                                  0.250000    0.250000   clock uncertainty
                                  0.000000    0.250000   clock reconvergence pessimism
                                 -2.000000   -1.750000   output external delay
                                             -1.750000   data required time
---------------------------------------------------------------------------------------------
                                             -1.750000   data required time
                                             -3.551934   data arrival time
---------------------------------------------------------------------------------------------
                                              5.301934   slack (MET)


Startpoint: B[4] (input port clocked by __VIRTUAL_CLK__)
Endpoint: P[13] (output port clocked by __VIRTUAL_CLK__)
Path Group: __VIRTUAL_CLK__
Path Type: min

Fanout         Cap        Slew       Delay        Time   Description
---------------------------------------------------------------------------------------------
                      0.000000    0.000000    0.000000   clock __VIRTUAL_CLK__ (rise edge)
                                  0.000000    0.000000   clock network delay (ideal)
                                  2.000000    2.000000 v input external delay
     9    0.028027    0.123354    0.086046    2.086046 v B[4] (in)
                                                         B[4] (net)
                      0.123354    0.000000    2.086046 v _485_/A (sky130_fd_sc_hd__nand2_2)
     4    0.008945    0.098648    0.138107    2.224152 ^ _485_/Y (sky130_fd_sc_hd__nand2_2)
                                                         _130_ (net)
                      0.098648    0.000000    2.224152 ^ _486_/B (sky130_fd_sc_hd__or2_2)
     3    0.007450    0.084178    0.215556    2.439708 ^ _486_/X (sky130_fd_sc_hd__or2_2)
                                                         _131_ (net)
                      0.084178    0.000000    2.439708 ^ _523_/A (sky130_fd_sc_hd__or2_2)
     4    0.020144    0.178990    0.284455    2.724164 ^ _523_/X (sky130_fd_sc_hd__or2_2)
                                                         _167_ (net)
                      0.178990    0.000000    2.724164 ^ _550_/A (sky130_fd_sc_hd__xnor2_2)
     2    0.003607    0.067696    0.170812    2.894976 v _550_/Y (sky130_fd_sc_hd__xnor2_2)
                                                         _193_ (net)
                      0.067696    0.000000    2.894976 v _551_/B1 (sky130_fd_sc_hd__o21a_2)
     4    0.009993    0.080527    0.243786    3.138762 v _551_/X (sky130_fd_sc_hd__o21a_2)
                                                         _194_ (net)
                      0.080527    0.000000    3.138762 v _568_/C1 (sky130_fd_sc_hd__a211oi_2)
     1    0.004585    0.236916    0.265323    3.404084 ^ _568_/Y (sky130_fd_sc_hd__a211oi_2)
                                                         _210_ (net)
                      0.236916    0.000000    3.404084 ^ _570_/A (sky130_fd_sc_hd__nor2_2)
     1    0.033442    0.150595    0.237111    3.641195 v _570_/Y (sky130_fd_sc_hd__nor2_2)
                                                         P[13] (net)
                      0.150595    0.000000    3.641195 v P[13] (out)
                                              3.641195   data arrival time

                      0.000000    0.000000    0.000000   clock __VIRTUAL_CLK__ (rise edge)
                                  0.000000    0.000000   clock network delay (ideal)
                                  0.250000    0.250000   clock uncertainty
                                  0.000000    0.250000   clock reconvergence pessimism
                                 -2.000000   -1.750000   output external delay
                                             -1.750000   data required time
---------------------------------------------------------------------------------------------
                                             -1.750000   data required time
                                             -3.641195   data arrival time
---------------------------------------------------------------------------------------------
                                              5.391195   slack (MET)


Startpoint: B[4] (input port clocked by __VIRTUAL_CLK__)
Endpoint: P[12] (output port clocked by __VIRTUAL_CLK__)
Path Group: __VIRTUAL_CLK__
Path Type: min

Fanout         Cap        Slew       Delay        Time   Description
---------------------------------------------------------------------------------------------
                      0.000000    0.000000    0.000000   clock __VIRTUAL_CLK__ (rise edge)
                                  0.000000    0.000000   clock network delay (ideal)
                                  2.000000    2.000000 v input external delay
     9    0.028027    0.123354    0.086046    2.086046 v B[4] (in)
                                                         B[4] (net)
                      0.123354    0.000000    2.086046 v _485_/A (sky130_fd_sc_hd__nand2_2)
     4    0.008945    0.098648    0.138107    2.224152 ^ _485_/Y (sky130_fd_sc_hd__nand2_2)
                                                         _130_ (net)
                      0.098648    0.000000    2.224152 ^ _486_/B (sky130_fd_sc_hd__or2_2)
     3    0.007450    0.084178    0.215556    2.439708 ^ _486_/X (sky130_fd_sc_hd__or2_2)
                                                         _131_ (net)
                      0.084178    0.000000    2.439708 ^ _524_/A (sky130_fd_sc_hd__nand2_2)
     1    0.004241    0.059049    0.090919    2.530627 v _524_/Y (sky130_fd_sc_hd__nand2_2)
                                                         _168_ (net)
                      0.059049    0.000000    2.530627 v _525_/B (sky130_fd_sc_hd__nand2_2)
     2    0.013977    0.140394    0.150648    2.681275 ^ _525_/Y (sky130_fd_sc_hd__nand2_2)
                                                         _169_ (net)
                      0.140394    0.000000    2.681275 ^ _531_/A (sky130_fd_sc_hd__xor2_2)
     2    0.005518    0.067923    0.163540    2.844815 v _531_/X (sky130_fd_sc_hd__xor2_2)
                                                         _175_ (net)
                      0.067923    0.000000    2.844815 v _532_/B1 (sky130_fd_sc_hd__o21ai_2)
     3    0.010635    0.127073    0.125854    2.970669 ^ _532_/Y (sky130_fd_sc_hd__o21ai_2)
                                                         _176_ (net)
                      0.127073    0.000000    2.970669 ^ _556_/A2 (sky130_fd_sc_hd__a311oi_2)
     4    0.016929    0.099619    0.352168    3.322837 v _556_/Y (sky130_fd_sc_hd__a311oi_2)
                                                         _199_ (net)
                      0.099619    0.000000    3.322837 v _557_/B (sky130_fd_sc_hd__xnor2_2)
     1    0.033442    0.320794    0.431787    3.754623 v _557_/Y (sky130_fd_sc_hd__xnor2_2)
                                                         P[12] (net)
                      0.320794    0.000000    3.754623 v P[12] (out)
                                              3.754623   data arrival time

                      0.000000    0.000000    0.000000   clock __VIRTUAL_CLK__ (rise edge)
                                  0.000000    0.000000   clock network delay (ideal)
                                  0.250000    0.250000   clock uncertainty
                                  0.000000    0.250000   clock reconvergence pessimism
                                 -2.000000   -1.750000   output external delay
                                             -1.750000   data required time
---------------------------------------------------------------------------------------------
                                             -1.750000   data required time
                                             -3.754623   data arrival time
---------------------------------------------------------------------------------------------
                                              5.504623   slack (MET)



