Reading timing models for corner nom_tt_025C_1v80…
Reading timing library for the 'nom_tt_025C_1v80' corner at '/home/gmun/.volare/volare/sky130/versions/0fe599b2afb6708d281543108caf8310912f54af/sky130A/libs.ref/sky130_fd_sc_hd/lib/sky130_fd_sc_hd__tt_025C_1v80.lib'…
Reading timing models for corner nom_ff_n40C_1v95…
Reading timing library for the 'nom_ff_n40C_1v95' corner at '/home/gmun/.volare/volare/sky130/versions/0fe599b2afb6708d281543108caf8310912f54af/sky130A/libs.ref/sky130_fd_sc_hd/lib/sky130_fd_sc_hd__ff_n40C_1v95.lib'…
Reading timing models for corner nom_ss_100C_1v60…
Reading timing library for the 'nom_ss_100C_1v60' corner at '/home/gmun/.volare/volare/sky130/versions/0fe599b2afb6708d281543108caf8310912f54af/sky130A/libs.ref/sky130_fd_sc_hd/lib/sky130_fd_sc_hd__ss_100C_1v60.lib'…
Reading OpenROAD database at '/home/gmun/Downloads/Referencias/runs/mult8_2bits_1op_e16917/52-openroad-globalplacement/mult8_2bits_1op_e16917.odb'…
Reading design constraints file at '/nix/store/ss2cw3sxbrwwx9jl0rrppbw4kgcmgi2n-python3-3.11.9-env/lib/python3.11/site-packages/openlane/scripts/base.sdc'…
[WARNING STA-0366] port '__VIRTUAL_CLK__' not found.
[INFO] Using clock __VIRTUAL_CLK__…
[INFO] Setting output delay to: 2
[INFO] Setting input delay to: 2
[WARNING STA-0366] port '__VIRTUAL_CLK__' not found.
[INFO] Setting load to: 0.033442
[INFO] Setting clock uncertainty to: 0.25
[INFO] Setting clock transition to: 0.1499999999999999944488848768742172978818416595458984375
[WARNING STA-0419] transition time can not be specified for virtual clocks.
[INFO] Setting timing derate to: 5%
[WARNING STA-0450] virtual clock __VIRTUAL_CLK__ can not be propagated.
[INFO] Setting RC values…
[INFO RSZ-0027] Inserted 16 input buffers.
[INFO RSZ-0028] Inserted 16 output buffers.
[INFO RSZ-0058] Using max wire length 6335um.
Iteration | Resized | Buffers | Nets repaired | Remaining
---------------------------------------------------------
        0 |       0 |       0 |             0 |       372
       10 |       9 |       0 |             0 |       362
       20 |      18 |       0 |             0 |       352
       30 |      26 |       0 |             0 |       342
       40 |      35 |       0 |             0 |       332
       50 |      44 |       0 |             0 |       322
       60 |      54 |       0 |             0 |       312
       70 |      64 |       0 |             0 |       302
       80 |      73 |       0 |             0 |       292
       90 |      81 |       0 |             0 |       282
      100 |      91 |       0 |             0 |       272
      110 |     101 |       0 |             0 |       262
      120 |     111 |       0 |             0 |       252
      130 |     118 |       0 |             0 |       242
      140 |     128 |       0 |             0 |       232
      150 |     137 |       0 |             0 |       222
      160 |     146 |       0 |             0 |       212
      170 |     156 |       0 |             0 |       202
      180 |     166 |       0 |             0 |       192
      190 |     176 |       0 |             0 |       182
      200 |     185 |       0 |             0 |       172
      210 |     195 |       0 |             0 |       162
      220 |     204 |       0 |             0 |       152
      230 |     214 |       0 |             0 |       142
      240 |     224 |       1 |             1 |       132
      250 |     233 |       1 |             1 |       122
      260 |     243 |       1 |             1 |       112
      270 |     253 |       1 |             1 |       102
      280 |     263 |       1 |             1 |        92
      290 |     272 |       1 |             1 |        82
      300 |     281 |       1 |             1 |        72
      310 |     290 |       1 |             1 |        62
      320 |     299 |       1 |             1 |        52
      330 |     309 |       1 |             1 |        42
      340 |     319 |       1 |             1 |        32
      350 |     333 |      11 |            10 |        22
      360 |     346 |      20 |            16 |        12
      370 |     346 |      20 |            16 |         2
    final |     346 |      20 |            16 |         0
---------------------------------------------------------
[INFO RSZ-0034] Found 1 slew violations.
[INFO RSZ-0035] Found 15 fanout violations.
[INFO RSZ-0038] Inserted 20 buffers in 16 nets.
[INFO RSZ-0039] Resized 346 instances.
Placement Analysis
---------------------------------
total displacement        622.7 u
average displacement        0.6 u
max displacement            8.6 u
original HPWL            8164.5 u
legalized HPWL           8465.0 u
delta HPWL                    4 %

[INFO DPL-0020] Mirrored 124 instances
[INFO DPL-0021] HPWL before            8465.0 u
[INFO DPL-0022] HPWL after             8298.2 u
[INFO DPL-0023] HPWL delta               -2.0 %
[INFO] Setting RC values…
Setting global connections for newly added cells…
[INFO] Setting global connections...
Updating metrics…
Cell type report:                       Count       Area
  Fill cell                               130     487.97
  Tap cell                                469     586.81
  Buffer                                    1       3.75
  Timing Repair Buffer                     52     261.50
  Inverter                                  5      18.77
  Multi-Input combinational cell          318    2140.80
  Total                                   975    3499.61
Writing OpenROAD database to '/home/gmun/Downloads/Referencias/runs/mult8_2bits_1op_e16917/56-openroad-repairdesignpostgpl/mult8_2bits_1op_e16917.odb'…
Writing netlist to '/home/gmun/Downloads/Referencias/runs/mult8_2bits_1op_e16917/56-openroad-repairdesignpostgpl/mult8_2bits_1op_e16917.nl.v'…
Writing powered netlist to '/home/gmun/Downloads/Referencias/runs/mult8_2bits_1op_e16917/56-openroad-repairdesignpostgpl/mult8_2bits_1op_e16917.pnl.v'…
Writing layout to '/home/gmun/Downloads/Referencias/runs/mult8_2bits_1op_e16917/56-openroad-repairdesignpostgpl/mult8_2bits_1op_e16917.def'…
Writing timing constraints to '/home/gmun/Downloads/Referencias/runs/mult8_2bits_1op_e16917/56-openroad-repairdesignpostgpl/mult8_2bits_1op_e16917.sdc'…
