
===========================================================================
report_checks -path_delay min (Hold)
============================================================================
======================= min_tt_025C_1v80 Corner ===================================

Startpoint: A[0] (input port clocked by __VIRTUAL_CLK__)
Endpoint: P[1] (output port clocked by __VIRTUAL_CLK__)
Path Group: __VIRTUAL_CLK__
Path Type: min

Fanout         Cap        Slew       Delay        Time   Description
---------------------------------------------------------------------------------------------
                      0.000000    0.000000    0.000000   clock __VIRTUAL_CLK__ (rise edge)
                                  0.000000    0.000000   clock network delay (ideal)
                                  2.000000    2.000000 ^ input external delay
     1    0.005691    0.032318    0.020070    2.020070 ^ A[0] (in)
                                                         A[0] (net)
                      0.032319    0.000000    2.020070 ^ input1/A (sky130_fd_sc_hd__buf_6)
     2    0.013158    0.038534    0.090559    2.110629 ^ input1/X (sky130_fd_sc_hd__buf_6)
                                                         net1 (net)
                      0.038534    0.000165    2.110793 ^ fanout53/A (sky130_fd_sc_hd__buf_6)
     7    0.019037    0.049084    0.101932    2.212725 ^ fanout53/X (sky130_fd_sc_hd__buf_6)
                                                         net53 (net)
                      0.049084    0.000220    2.212945 ^ _270_/A1 (sky130_fd_sc_hd__a31o_1)
     1    0.002742    0.039825    0.122730    2.335675 ^ _270_/X (sky130_fd_sc_hd__a31o_1)
                                                         net24 (net)
                      0.039825    0.000033    2.335708 ^ output24/A (sky130_fd_sc_hd__buf_2)
     1    0.034253    0.170055    0.196158    2.531865 ^ output24/X (sky130_fd_sc_hd__buf_2)
                                                         P[1] (net)
                      0.170055    0.000345    2.532210 ^ P[1] (out)
                                              2.532210   data arrival time

                      0.000000    0.000000    0.000000   clock __VIRTUAL_CLK__ (rise edge)
                                  0.000000    0.000000   clock network delay (ideal)
                                  0.250000    0.250000   clock uncertainty
                                  0.000000    0.250000   clock reconvergence pessimism
                                 -2.000000   -1.750000   output external delay
                                             -1.750000   data required time
---------------------------------------------------------------------------------------------
                                             -1.750000   data required time
                                             -2.532210   data arrival time
---------------------------------------------------------------------------------------------
                                              4.282210   slack (MET)


Startpoint: A[0] (input port clocked by __VIRTUAL_CLK__)
Endpoint: P[0] (output port clocked by __VIRTUAL_CLK__)
Path Group: __VIRTUAL_CLK__
Path Type: min

Fanout         Cap        Slew       Delay        Time   Description
---------------------------------------------------------------------------------------------
                      0.000000    0.000000    0.000000   clock __VIRTUAL_CLK__ (rise edge)
                                  0.000000    0.000000   clock network delay (ideal)
                                  2.000000    2.000000 v input external delay
     1    0.005212    0.014075    0.008433    2.008433 v A[0] (in)
                                                         A[0] (net)
                      0.014080    0.000000    2.008433 v input1/A (sky130_fd_sc_hd__buf_6)
     2    0.012431    0.027232    0.104398    2.112831 v input1/X (sky130_fd_sc_hd__buf_6)
                                                         net1 (net)
                      0.027232    0.000155    2.112986 v fanout53/A (sky130_fd_sc_hd__buf_6)
     7    0.018156    0.032341    0.116299    2.229285 v fanout53/X (sky130_fd_sc_hd__buf_6)
                                                         net53 (net)
                      0.032342    0.000193    2.229477 v _267_/A (sky130_fd_sc_hd__and2_1)
     3    0.006866    0.050493    0.145593    2.375070 v _267_/X (sky130_fd_sc_hd__and2_1)
                                                         net17 (net)
                      0.050493    0.000037    2.375107 v output17/A (sky130_fd_sc_hd__buf_2)
     1    0.034331    0.089474    0.182825    2.557932 v output17/X (sky130_fd_sc_hd__buf_2)
                                                         P[0] (net)
                      0.089474    0.000357    2.558289 v P[0] (out)
                                              2.558289   data arrival time

                      0.000000    0.000000    0.000000   clock __VIRTUAL_CLK__ (rise edge)
                                  0.000000    0.000000   clock network delay (ideal)
                                  0.250000    0.250000   clock uncertainty
                                  0.000000    0.250000   clock reconvergence pessimism
                                 -2.000000   -1.750000   output external delay
                                             -1.750000   data required time
---------------------------------------------------------------------------------------------
                                             -1.750000   data required time
                                             -2.558289   data arrival time
---------------------------------------------------------------------------------------------
                                              4.308289   slack (MET)


Startpoint: A[0] (input port clocked by __VIRTUAL_CLK__)
Endpoint: P[2] (output port clocked by __VIRTUAL_CLK__)
Path Group: __VIRTUAL_CLK__
Path Type: min

Fanout         Cap        Slew       Delay        Time   Description
---------------------------------------------------------------------------------------------
                      0.000000    0.000000    0.000000   clock __VIRTUAL_CLK__ (rise edge)
                                  0.000000    0.000000   clock network delay (ideal)
                                  2.000000    2.000000 v input external delay
     1    0.005212    0.014075    0.008433    2.008433 v A[0] (in)
                                                         A[0] (net)
                      0.014080    0.000000    2.008433 v input1/A (sky130_fd_sc_hd__buf_6)
     2    0.012431    0.027232    0.104398    2.112831 v input1/X (sky130_fd_sc_hd__buf_6)
                                                         net1 (net)
                      0.027232    0.000155    2.112986 v fanout53/A (sky130_fd_sc_hd__buf_6)
     7    0.018156    0.032341    0.116299    2.229285 v fanout53/X (sky130_fd_sc_hd__buf_6)
                                                         net53 (net)
                      0.032344    0.000333    2.229617 v _271_/A (sky130_fd_sc_hd__nand2_1)
     2    0.011059    0.108162    0.100272    2.329890 ^ _271_/Y (sky130_fd_sc_hd__nand2_1)
                                                         _207_ (net)
                      0.108162    0.000113    2.330003 ^ _273_/A (sky130_fd_sc_hd__xnor2_1)
     1    0.002544    0.033330    0.079086    2.409089 v _273_/Y (sky130_fd_sc_hd__xnor2_1)
                                                         net25 (net)
                      0.033330    0.000029    2.409118 v output25/A (sky130_fd_sc_hd__buf_2)
     1    0.034256    0.089430    0.175302    2.584420 v output25/X (sky130_fd_sc_hd__buf_2)
                                                         P[2] (net)
                      0.089431    0.000345    2.584765 v P[2] (out)
                                              2.584765   data arrival time

                      0.000000    0.000000    0.000000   clock __VIRTUAL_CLK__ (rise edge)
                                  0.000000    0.000000   clock network delay (ideal)
                                  0.250000    0.250000   clock uncertainty
                                  0.000000    0.250000   clock reconvergence pessimism
                                 -2.000000   -1.750000   output external delay
                                             -1.750000   data required time
---------------------------------------------------------------------------------------------
                                             -1.750000   data required time
                                             -2.584765   data arrival time
---------------------------------------------------------------------------------------------
                                              4.334764   slack (MET)


Startpoint: B[6] (input port clocked by __VIRTUAL_CLK__)
Endpoint: P[15] (output port clocked by __VIRTUAL_CLK__)
Path Group: __VIRTUAL_CLK__
Path Type: min

Fanout         Cap        Slew       Delay        Time   Description
---------------------------------------------------------------------------------------------
                      0.000000    0.000000    0.000000   clock __VIRTUAL_CLK__ (rise edge)
                                  0.000000    0.000000   clock network delay (ideal)
                                  2.000000    2.000000 ^ input external delay
     1    0.002914    0.020220    0.010697    2.010697 ^ B[6] (in)
                                                         B[6] (net)
                      0.020220    0.000000    2.010697 ^ input15/A (sky130_fd_sc_hd__clkbuf_2)
     4    0.021141    0.120504    0.150370    2.161067 ^ input15/X (sky130_fd_sc_hd__clkbuf_2)
                                                         net15 (net)
                      0.120550    0.000692    2.161759 ^ _527_/A (sky130_fd_sc_hd__and4_1)
     2    0.007682    0.095936    0.221487    2.383246 ^ _527_/X (sky130_fd_sc_hd__and4_1)
                                                         _186_ (net)
                      0.095936    0.000158    2.383404 ^ _547_/B1 (sky130_fd_sc_hd__a211o_1)
     1    0.003903    0.045002    0.112928    2.496332 ^ _547_/X (sky130_fd_sc_hd__a211o_1)
                                                         _204_ (net)
                      0.045002    0.000058    2.496390 ^ _548_/B1 (sky130_fd_sc_hd__a21o_1)
     1    0.006323    0.062876    0.096575    2.592964 ^ _548_/X (sky130_fd_sc_hd__a21o_1)
                                                         net23 (net)
                      0.062876    0.000096    2.593060 ^ output23/A (sky130_fd_sc_hd__buf_6)
     1    0.034294    0.076848    0.131526    2.724586 ^ output23/X (sky130_fd_sc_hd__buf_6)
                                                         P[15] (net)
                      0.076849    0.000378    2.724965 ^ P[15] (out)
                                              2.724965   data arrival time

                      0.000000    0.000000    0.000000   clock __VIRTUAL_CLK__ (rise edge)
                                  0.000000    0.000000   clock network delay (ideal)
                                  0.250000    0.250000   clock uncertainty
                                  0.000000    0.250000   clock reconvergence pessimism
                                 -2.000000   -1.750000   output external delay
                                             -1.750000   data required time
---------------------------------------------------------------------------------------------
                                             -1.750000   data required time
                                             -2.724965   data arrival time
---------------------------------------------------------------------------------------------
                                              4.474965   slack (MET)


Startpoint: A[4] (input port clocked by __VIRTUAL_CLK__)
Endpoint: P[4] (output port clocked by __VIRTUAL_CLK__)
Path Group: __VIRTUAL_CLK__
Path Type: min

Fanout         Cap        Slew       Delay        Time   Description
---------------------------------------------------------------------------------------------
                      0.000000    0.000000    0.000000   clock __VIRTUAL_CLK__ (rise edge)
                                  0.000000    0.000000   clock network delay (ideal)
                                  2.000000    2.000000 v input external delay
     1    0.003050    0.009213    0.004846    2.004846 v A[4] (in)
                                                         A[4] (net)
                      0.009213    0.000000    2.004846 v input5/A (sky130_fd_sc_hd__buf_1)
     2    0.012059    0.075906    0.113625    2.118471 v input5/X (sky130_fd_sc_hd__buf_1)
                                                         net5 (net)
                      0.075907    0.000456    2.118927 v fanout37/A (sky130_fd_sc_hd__clkbuf_4)
    10    0.036688    0.084041    0.199727    2.318654 v fanout37/X (sky130_fd_sc_hd__clkbuf_4)
                                                         net37 (net)
                      0.084076    0.001612    2.320266 v _301_/A2 (sky130_fd_sc_hd__a21oi_1)
     1    0.003050    0.094604    0.154307    2.474574 ^ _301_/Y (sky130_fd_sc_hd__a21oi_1)
                                                         _235_ (net)
                      0.094604    0.000019    2.474592 ^ _302_/B (sky130_fd_sc_hd__nor2_1)
     1    0.009447    0.053786    0.075195    2.549787 v _302_/Y (sky130_fd_sc_hd__nor2_1)
                                                         net27 (net)
                      0.053786    0.000312    2.550099 v output27/A (sky130_fd_sc_hd__buf_2)
     1    0.034033    0.088744    0.183830    2.733929 v output27/X (sky130_fd_sc_hd__buf_2)
                                                         P[4] (net)
                      0.088744    0.000200    2.734129 v P[4] (out)
                                              2.734129   data arrival time

                      0.000000    0.000000    0.000000   clock __VIRTUAL_CLK__ (rise edge)
                                  0.000000    0.000000   clock network delay (ideal)
                                  0.250000    0.250000   clock uncertainty
                                  0.000000    0.250000   clock reconvergence pessimism
                                 -2.000000   -1.750000   output external delay
                                             -1.750000   data required time
---------------------------------------------------------------------------------------------
                                             -1.750000   data required time
                                             -2.734129   data arrival time
---------------------------------------------------------------------------------------------
                                              4.484129   slack (MET)


Startpoint: A[2] (input port clocked by __VIRTUAL_CLK__)
Endpoint: P[3] (output port clocked by __VIRTUAL_CLK__)
Path Group: __VIRTUAL_CLK__
Path Type: min

Fanout         Cap        Slew       Delay        Time   Description
---------------------------------------------------------------------------------------------
                      0.000000    0.000000    0.000000   clock __VIRTUAL_CLK__ (rise edge)
                                  0.000000    0.000000   clock network delay (ideal)
                                  2.000000    2.000000 v input external delay
     1    0.003062    0.009240    0.004863    2.004863 v A[2] (in)
                                                         A[2] (net)
                      0.009240    0.000000    2.004863 v input3/A (sky130_fd_sc_hd__buf_4)
     4    0.025933    0.049661    0.143590    2.148453 v input3/X (sky130_fd_sc_hd__buf_4)
                                                         net3 (net)
                      0.049678    0.000892    2.149346 v fanout40/A (sky130_fd_sc_hd__buf_6)
    10    0.035665    0.044745    0.139331    2.288677 v fanout40/X (sky130_fd_sc_hd__buf_6)
                                                         net40 (net)
                      0.044745    0.000068    2.288745 v _276_/B1 (sky130_fd_sc_hd__a21oi_1)
     1    0.001669    0.068959    0.092516    2.381260 ^ _276_/Y (sky130_fd_sc_hd__a21oi_1)
                                                         _211_ (net)
                      0.068959    0.000007    2.381267 ^ _277_/C (sky130_fd_sc_hd__or3_1)
     2    0.010271    0.101477    0.146450    2.527717 ^ _277_/X (sky130_fd_sc_hd__or3_1)
                                                         _212_ (net)
                      0.101477    0.000254    2.527971 ^ _285_/A (sky130_fd_sc_hd__xnor2_1)
     1    0.003462    0.038442    0.082875    2.610845 v _285_/Y (sky130_fd_sc_hd__xnor2_1)
                                                         net26 (net)
                      0.038442    0.000054    2.610900 v output26/A (sky130_fd_sc_hd__buf_2)
     1    0.034319    0.089534    0.177611    2.788511 v output26/X (sky130_fd_sc_hd__buf_2)
                                                         P[3] (net)
                      0.089534    0.000357    2.788868 v P[3] (out)
                                              2.788868   data arrival time

                      0.000000    0.000000    0.000000   clock __VIRTUAL_CLK__ (rise edge)
                                  0.000000    0.000000   clock network delay (ideal)
                                  0.250000    0.250000   clock uncertainty
                                  0.000000    0.250000   clock reconvergence pessimism
                                 -2.000000   -1.750000   output external delay
                                             -1.750000   data required time
---------------------------------------------------------------------------------------------
                                             -1.750000   data required time
                                             -2.788868   data arrival time
---------------------------------------------------------------------------------------------
                                              4.538867   slack (MET)


Startpoint: B[0] (input port clocked by __VIRTUAL_CLK__)
Endpoint: P[5] (output port clocked by __VIRTUAL_CLK__)
Path Group: __VIRTUAL_CLK__
Path Type: min

Fanout         Cap        Slew       Delay        Time   Description
---------------------------------------------------------------------------------------------
                      0.000000    0.000000    0.000000   clock __VIRTUAL_CLK__ (rise edge)
                                  0.000000    0.000000   clock network delay (ideal)
                                  2.000000    2.000000 v input external delay
     1    0.002881    0.008819    0.004558    2.004558 v B[0] (in)
                                                         B[0] (net)
                      0.008819    0.000000    2.004558 v input9/A (sky130_fd_sc_hd__clkbuf_2)
     5    0.027113    0.107323    0.152653    2.157211 v input9/X (sky130_fd_sc_hd__clkbuf_2)
                                                         net9 (net)
                      0.107348    0.001583    2.158793 v _337_/A (sky130_fd_sc_hd__nand2_1)
     1    0.003627    0.049845    0.085832    2.244625 ^ _337_/Y (sky130_fd_sc_hd__nand2_1)
                                                         _003_ (net)
                      0.049845    0.000044    2.244669 ^ _338_/A3 (sky130_fd_sc_hd__a31o_1)
     2    0.009055    0.094563    0.178964    2.423633 ^ _338_/X (sky130_fd_sc_hd__a31o_1)
                                                         _004_ (net)
                      0.094563    0.000185    2.423818 ^ _344_/A (sky130_fd_sc_hd__xor2_1)
     2    0.008332    0.057858    0.101199    2.525017 v _344_/X (sky130_fd_sc_hd__xor2_1)
                                                         _010_ (net)
                      0.057858    0.000122    2.525139 v _549_/A (sky130_fd_sc_hd__xnor2_1)
     1    0.006711    0.059863    0.147325    2.672464 v _549_/Y (sky130_fd_sc_hd__xnor2_1)
                                                         net28 (net)
                      0.059863    0.000148    2.672612 v output28/A (sky130_fd_sc_hd__buf_2)
     1    0.034068    0.088829    0.186653    2.859265 v output28/X (sky130_fd_sc_hd__buf_2)
                                                         P[5] (net)
                      0.088829    0.000209    2.859474 v P[5] (out)
                                              2.859474   data arrival time

                      0.000000    0.000000    0.000000   clock __VIRTUAL_CLK__ (rise edge)
                                  0.000000    0.000000   clock network delay (ideal)
                                  0.250000    0.250000   clock uncertainty
                                  0.000000    0.250000   clock reconvergence pessimism
                                 -2.000000   -1.750000   output external delay
                                             -1.750000   data required time
---------------------------------------------------------------------------------------------
                                             -1.750000   data required time
                                             -2.859474   data arrival time
---------------------------------------------------------------------------------------------
                                              4.609474   slack (MET)


Startpoint: A[7] (input port clocked by __VIRTUAL_CLK__)
Endpoint: P[14] (output port clocked by __VIRTUAL_CLK__)
Path Group: __VIRTUAL_CLK__
Path Type: min

Fanout         Cap        Slew       Delay        Time   Description
---------------------------------------------------------------------------------------------
                      0.000000    0.000000    0.000000   clock __VIRTUAL_CLK__ (rise edge)
                                  0.000000    0.000000   clock network delay (ideal)
                                  2.000000    2.000000 ^ input external delay
     1    0.002725    0.019411    0.010036    2.010036 ^ A[7] (in)
                                                         A[7] (net)
                      0.019411    0.000000    2.010036 ^ input8/A (sky130_fd_sc_hd__buf_1)
     3    0.013793    0.167728    0.158523    2.168558 ^ input8/X (sky130_fd_sc_hd__buf_1)
                                                         net8 (net)
                      0.167730    0.000523    2.169081 ^ _542_/A2 (sky130_fd_sc_hd__a32o_1)
     2    0.006024    0.077395    0.209154    2.378235 ^ _542_/X (sky130_fd_sc_hd__a32o_1)
                                                         _200_ (net)
                      0.077395    0.000082    2.378317 ^ _543_/B (sky130_fd_sc_hd__and2b_1)
     1    0.005509    0.063123    0.139680    2.517997 ^ _543_/X (sky130_fd_sc_hd__and2b_1)
                                                         _201_ (net)
                      0.063123    0.000063    2.518060 ^ _544_/B (sky130_fd_sc_hd__xnor2_1)
     2    0.010212    0.084430    0.100644    2.618705 v _544_/Y (sky130_fd_sc_hd__xnor2_1)
                                                         _202_ (net)
                      0.084430    0.000133    2.618837 v _546_/B (sky130_fd_sc_hd__xnor2_1)
     1    0.002753    0.036717    0.133949    2.752787 v _546_/Y (sky130_fd_sc_hd__xnor2_1)
                                                         net22 (net)
                      0.036717    0.000028    2.752814 v output22/A (sky130_fd_sc_hd__buf_4)
     1    0.034583    0.059182    0.164856    2.917670 v output22/X (sky130_fd_sc_hd__buf_4)
                                                         P[14] (net)
                      0.059184    0.000439    2.918110 v P[14] (out)
                                              2.918110   data arrival time

                      0.000000    0.000000    0.000000   clock __VIRTUAL_CLK__ (rise edge)
                                  0.000000    0.000000   clock network delay (ideal)
                                  0.250000    0.250000   clock uncertainty
                                  0.000000    0.250000   clock reconvergence pessimism
                                 -2.000000   -1.750000   output external delay
                                             -1.750000   data required time
---------------------------------------------------------------------------------------------
                                             -1.750000   data required time
                                             -2.918110   data arrival time
---------------------------------------------------------------------------------------------
                                              4.668109   slack (MET)


Startpoint: B[2] (input port clocked by __VIRTUAL_CLK__)
Endpoint: P[12] (output port clocked by __VIRTUAL_CLK__)
Path Group: __VIRTUAL_CLK__
Path Type: min

Fanout         Cap        Slew       Delay        Time   Description
---------------------------------------------------------------------------------------------
                      0.000000    0.000000    0.000000   clock __VIRTUAL_CLK__ (rise edge)
                                  0.000000    0.000000   clock network delay (ideal)
                                  2.000000    2.000000 ^ input external delay
     1    0.005575    0.031807    0.019691    2.019691 ^ B[2] (in)
                                                         B[2] (net)
                      0.031807    0.000000    2.019691 ^ input11/A (sky130_fd_sc_hd__buf_6)
     4    0.026088    0.061560    0.108936    2.128627 ^ input11/X (sky130_fd_sc_hd__buf_6)
                                                         net11 (net)
                      0.061643    0.001383    2.130010 ^ _433_/A (sky130_fd_sc_hd__nand4_1)
     3    0.007551    0.116070    0.113415    2.243426 v _433_/Y (sky130_fd_sc_hd__nand4_1)
                                                         _096_ (net)
                      0.116070    0.000111    2.243537 v _494_/A (sky130_fd_sc_hd__nand2_1)
     1    0.003269    0.046969    0.086905    2.330442 ^ _494_/Y (sky130_fd_sc_hd__nand2_1)
                                                         _155_ (net)
                      0.046969    0.000019    2.330462 ^ _496_/A2 (sky130_fd_sc_hd__o21ai_1)
     2    0.010102    0.078804    0.090258    2.420719 v _496_/Y (sky130_fd_sc_hd__o21ai_1)
                                                         _157_ (net)
                      0.078806    0.000337    2.421056 v _521_/A (sky130_fd_sc_hd__nand3_1)
     2    0.006027    0.078009    0.098842    2.519899 ^ _521_/Y (sky130_fd_sc_hd__nand3_1)
                                                         _181_ (net)
                      0.078009    0.000081    2.519980 ^ _522_/B (sky130_fd_sc_hd__and2b_1)
     2    0.008615    0.088708    0.159992    2.679972 ^ _522_/X (sky130_fd_sc_hd__and2b_1)
                                                         _182_ (net)
                      0.088708    0.000132    2.680104 ^ _525_/A (sky130_fd_sc_hd__xor2_1)
     1    0.004118    0.041303    0.077831    2.757935 v _525_/X (sky130_fd_sc_hd__xor2_1)
                                                         net20 (net)
                      0.041303    0.000071    2.758006 v output20/A (sky130_fd_sc_hd__buf_4)
     1    0.034411    0.058997    0.166692    2.924699 v output20/X (sky130_fd_sc_hd__buf_4)
                                                         P[12] (net)
                      0.058998    0.000406    2.925104 v P[12] (out)
                                              2.925104   data arrival time

                      0.000000    0.000000    0.000000   clock __VIRTUAL_CLK__ (rise edge)
                                  0.000000    0.000000   clock network delay (ideal)
                                  0.250000    0.250000   clock uncertainty
                                  0.000000    0.250000   clock reconvergence pessimism
                                 -2.000000   -1.750000   output external delay
                                             -1.750000   data required time
---------------------------------------------------------------------------------------------
                                             -1.750000   data required time
                                             -2.925104   data arrival time
---------------------------------------------------------------------------------------------
                                              4.675105   slack (MET)


Startpoint: B[2] (input port clocked by __VIRTUAL_CLK__)
Endpoint: P[13] (output port clocked by __VIRTUAL_CLK__)
Path Group: __VIRTUAL_CLK__
Path Type: min

Fanout         Cap        Slew       Delay        Time   Description
---------------------------------------------------------------------------------------------
                      0.000000    0.000000    0.000000   clock __VIRTUAL_CLK__ (rise edge)
                                  0.000000    0.000000   clock network delay (ideal)
                                  2.000000    2.000000 v input external delay
     1    0.005096    0.013824    0.008242    2.008242 v B[2] (in)
                                                         B[2] (net)
                      0.013829    0.000000    2.008242 v input11/A (sky130_fd_sc_hd__buf_6)
     4    0.025235    0.037133    0.116299    2.124541 v input11/X (sky130_fd_sc_hd__buf_6)
                                                         net11 (net)
                      0.037201    0.001354    2.125896 v _433_/A (sky130_fd_sc_hd__nand4_1)
     3    0.007854    0.095692    0.095790    2.221685 ^ _433_/Y (sky130_fd_sc_hd__nand4_1)
                                                         _096_ (net)
                      0.095692    0.000115    2.221800 ^ _494_/A (sky130_fd_sc_hd__nand2_1)
     1    0.002953    0.033961    0.058526    2.280326 v _494_/Y (sky130_fd_sc_hd__nand2_1)
                                                         _155_ (net)
                      0.033961    0.000017    2.280344 v _496_/A2 (sky130_fd_sc_hd__o21ai_1)
     2    0.010346    0.166981    0.205698    2.486042 ^ _496_/Y (sky130_fd_sc_hd__o21ai_1)
                                                         _157_ (net)
                      0.166982    0.000350    2.486392 ^ _520_/A1 (sky130_fd_sc_hd__a21oi_1)
     3    0.010268    0.058365    0.132643    2.619034 v _520_/Y (sky130_fd_sc_hd__a21oi_1)
                                                         _180_ (net)
                      0.058365    0.000185    2.619220 v _540_/A1 (sky130_fd_sc_hd__o21ba_4)
     1    0.008357    0.029047    0.223405    2.842624 v _540_/X (sky130_fd_sc_hd__o21ba_4)
                                                         net21 (net)
                      0.029047    0.000153    2.842777 v output21/A (sky130_fd_sc_hd__buf_8)
     1    0.034757    0.040202    0.127207    2.969985 v output21/X (sky130_fd_sc_hd__buf_8)
                                                         P[13] (net)
                      0.040208    0.000494    2.970478 v P[13] (out)
                                              2.970478   data arrival time

                      0.000000    0.000000    0.000000   clock __VIRTUAL_CLK__ (rise edge)
                                  0.000000    0.000000   clock network delay (ideal)
                                  0.250000    0.250000   clock uncertainty
                                  0.000000    0.250000   clock reconvergence pessimism
                                 -2.000000   -1.750000   output external delay
                                             -1.750000   data required time
---------------------------------------------------------------------------------------------
                                             -1.750000   data required time
                                             -2.970478   data arrival time
---------------------------------------------------------------------------------------------
                                              4.720479   slack (MET)


Startpoint: B[0] (input port clocked by __VIRTUAL_CLK__)
Endpoint: P[6] (output port clocked by __VIRTUAL_CLK__)
Path Group: __VIRTUAL_CLK__
Path Type: min

Fanout         Cap        Slew       Delay        Time   Description
---------------------------------------------------------------------------------------------
                      0.000000    0.000000    0.000000   clock __VIRTUAL_CLK__ (rise edge)
                                  0.000000    0.000000   clock network delay (ideal)
                                  2.000000    2.000000 v input external delay
     1    0.002881    0.008819    0.004558    2.004558 v B[0] (in)
                                                         B[0] (net)
                      0.008819    0.000000    2.004558 v input9/A (sky130_fd_sc_hd__clkbuf_2)
     5    0.027113    0.107323    0.152653    2.157211 v input9/X (sky130_fd_sc_hd__clkbuf_2)
                                                         net9 (net)
                      0.107348    0.001583    2.158793 v _337_/A (sky130_fd_sc_hd__nand2_1)
     1    0.003627    0.049845    0.085832    2.244625 ^ _337_/Y (sky130_fd_sc_hd__nand2_1)
                                                         _003_ (net)
                      0.049845    0.000044    2.244669 ^ _338_/A3 (sky130_fd_sc_hd__a31o_1)
     2    0.009055    0.094563    0.178964    2.423633 ^ _338_/X (sky130_fd_sc_hd__a31o_1)
                                                         _004_ (net)
                      0.094563    0.000185    2.423818 ^ _344_/A (sky130_fd_sc_hd__xor2_1)
     2    0.008332    0.057858    0.101199    2.525017 v _344_/X (sky130_fd_sc_hd__xor2_1)
                                                         _010_ (net)
                      0.057858    0.000079    2.525096 v _346_/B (sky130_fd_sc_hd__and2b_1)
     2    0.011369    0.068759    0.194628    2.719724 v _346_/X (sky130_fd_sc_hd__and2b_1)
                                                         _012_ (net)
                      0.068759    0.000127    2.719851 v _347_/A (sky130_fd_sc_hd__xnor2_2)
     1    0.007511    0.046343    0.151452    2.871303 v _347_/Y (sky130_fd_sc_hd__xnor2_2)
                                                         net29 (net)
                      0.046343    0.000183    2.871486 v output29/A (sky130_fd_sc_hd__buf_6)
     1    0.034011    0.043396    0.137202    3.008687 v output29/X (sky130_fd_sc_hd__buf_6)
                                                         P[6] (net)
                      0.043396    0.000200    3.008888 v P[6] (out)
                                              3.008888   data arrival time

                      0.000000    0.000000    0.000000   clock __VIRTUAL_CLK__ (rise edge)
                                  0.000000    0.000000   clock network delay (ideal)
                                  0.250000    0.250000   clock uncertainty
                                  0.000000    0.250000   clock reconvergence pessimism
                                 -2.000000   -1.750000   output external delay
                                             -1.750000   data required time
---------------------------------------------------------------------------------------------
                                             -1.750000   data required time
                                             -3.008888   data arrival time
---------------------------------------------------------------------------------------------
                                              4.758888   slack (MET)


Startpoint: A[5] (input port clocked by __VIRTUAL_CLK__)
Endpoint: P[11] (output port clocked by __VIRTUAL_CLK__)
Path Group: __VIRTUAL_CLK__
Path Type: min

Fanout         Cap        Slew       Delay        Time   Description
---------------------------------------------------------------------------------------------
                      0.000000    0.000000    0.000000   clock __VIRTUAL_CLK__ (rise edge)
                                  0.000000    0.000000   clock network delay (ideal)
                                  2.000000    2.000000 ^ input external delay
     1    0.003509    0.022805    0.012790    2.012790 ^ A[5] (in)
                                                         A[5] (net)
                      0.022805    0.000000    2.012790 ^ input6/A (sky130_fd_sc_hd__clkbuf_2)
     3    0.022214    0.126137    0.154925    2.167715 ^ input6/X (sky130_fd_sc_hd__clkbuf_2)
                                                         net6 (net)
                      0.126148    0.000950    2.168665 ^ fanout36/A (sky130_fd_sc_hd__buf_6)
    10    0.034741    0.077845    0.152338    2.321003 ^ fanout36/X (sky130_fd_sc_hd__buf_6)
                                                         net36 (net)
                      0.077845    0.000073    2.321076 ^ _460_/B (sky130_fd_sc_hd__and3_1)
     2    0.008045    0.094324    0.189520    2.510596 ^ _460_/X (sky130_fd_sc_hd__and3_1)
                                                         _122_ (net)
                      0.094324    0.000071    2.510667 ^ _472_/A (sky130_fd_sc_hd__nand2_1)
     2    0.005262    0.052904    0.072125    2.582792 v _472_/Y (sky130_fd_sc_hd__nand2_1)
                                                         _134_ (net)
                      0.052904    0.000053    2.582845 v _501_/B (sky130_fd_sc_hd__nand3_1)
     2    0.008763    0.101252    0.120567    2.703412 ^ _501_/Y (sky130_fd_sc_hd__nand3_1)
                                                         _162_ (net)
                      0.101252    0.000125    2.703537 ^ _502_/B (sky130_fd_sc_hd__and2b_1)
     1    0.005323    0.061660    0.144816    2.848353 ^ _502_/X (sky130_fd_sc_hd__and2b_1)
                                                         _163_ (net)
                      0.061660    0.000059    2.848413 ^ _504_/A (sky130_fd_sc_hd__xnor2_1)
     1    0.007571    0.067870    0.095299    2.943712 v _504_/Y (sky130_fd_sc_hd__xnor2_1)
                                                         net19 (net)
                      0.067870    0.000184    2.943895 v output19/A (sky130_fd_sc_hd__buf_6)
     1    0.034897    0.044158    0.147430    3.091325 v output19/X (sky130_fd_sc_hd__buf_6)
                                                         P[11] (net)
                      0.044164    0.000523    3.091848 v P[11] (out)
                                              3.091848   data arrival time

                      0.000000    0.000000    0.000000   clock __VIRTUAL_CLK__ (rise edge)
                                  0.000000    0.000000   clock network delay (ideal)
                                  0.250000    0.250000   clock uncertainty
                                  0.000000    0.250000   clock reconvergence pessimism
                                 -2.000000   -1.750000   output external delay
                                             -1.750000   data required time
---------------------------------------------------------------------------------------------
                                             -1.750000   data required time
                                             -3.091848   data arrival time
---------------------------------------------------------------------------------------------
                                              4.841848   slack (MET)


Startpoint: B[0] (input port clocked by __VIRTUAL_CLK__)
Endpoint: P[7] (output port clocked by __VIRTUAL_CLK__)
Path Group: __VIRTUAL_CLK__
Path Type: min

Fanout         Cap        Slew       Delay        Time   Description
---------------------------------------------------------------------------------------------
                      0.000000    0.000000    0.000000   clock __VIRTUAL_CLK__ (rise edge)
                                  0.000000    0.000000   clock network delay (ideal)
                                  2.000000    2.000000 v input external delay
     1    0.002881    0.008819    0.004558    2.004558 v B[0] (in)
                                                         B[0] (net)
                      0.008819    0.000000    2.004558 v input9/A (sky130_fd_sc_hd__clkbuf_2)
     5    0.027113    0.107323    0.152653    2.157211 v input9/X (sky130_fd_sc_hd__clkbuf_2)
                                                         net9 (net)
                      0.107348    0.001583    2.158793 v _337_/A (sky130_fd_sc_hd__nand2_1)
     1    0.003627    0.049845    0.085832    2.244625 ^ _337_/Y (sky130_fd_sc_hd__nand2_1)
                                                         _003_ (net)
                      0.049845    0.000044    2.244669 ^ _338_/A3 (sky130_fd_sc_hd__a31o_1)
     2    0.009055    0.094563    0.178964    2.423633 ^ _338_/X (sky130_fd_sc_hd__a31o_1)
                                                         _004_ (net)
                      0.094563    0.000156    2.423788 ^ _340_/B1 (sky130_fd_sc_hd__a2bb2o_1)
     2    0.004404    0.056342    0.148112    2.571901 ^ _340_/X (sky130_fd_sc_hd__a2bb2o_1)
                                                         _006_ (net)
                      0.056342    0.000029    2.571929 ^ _341_/B (sky130_fd_sc_hd__and2b_1)
     2    0.006805    0.073793    0.142480    2.714409 ^ _341_/X (sky130_fd_sc_hd__and2b_1)
                                                         _007_ (net)
                      0.073793    0.000082    2.714491 ^ _382_/B1 (sky130_fd_sc_hd__a21o_1)
     2    0.008979    0.084648    0.120807    2.835299 ^ _382_/X (sky130_fd_sc_hd__a21o_1)
                                                         _047_ (net)
                      0.084648    0.000130    2.835429 ^ _383_/B (sky130_fd_sc_hd__xor2_1)
     1    0.007501    0.054721    0.091400    2.926829 v _383_/X (sky130_fd_sc_hd__xor2_1)
                                                         net30 (net)
                      0.054721    0.000178    2.927006 v output30/A (sky130_fd_sc_hd__buf_4)
     1    0.034111    0.058646    0.172363    3.099370 v output30/X (sky130_fd_sc_hd__buf_4)
                                                         P[7] (net)
                      0.058646    0.000219    3.099589 v P[7] (out)
                                              3.099589   data arrival time

                      0.000000    0.000000    0.000000   clock __VIRTUAL_CLK__ (rise edge)
                                  0.000000    0.000000   clock network delay (ideal)
                                  0.250000    0.250000   clock uncertainty
                                  0.000000    0.250000   clock reconvergence pessimism
                                 -2.000000   -1.750000   output external delay
                                             -1.750000   data required time
---------------------------------------------------------------------------------------------
                                             -1.750000   data required time
                                             -3.099589   data arrival time
---------------------------------------------------------------------------------------------
                                              4.849589   slack (MET)


Startpoint: B[4] (input port clocked by __VIRTUAL_CLK__)
Endpoint: P[10] (output port clocked by __VIRTUAL_CLK__)
Path Group: __VIRTUAL_CLK__
Path Type: min

Fanout         Cap        Slew       Delay        Time   Description
---------------------------------------------------------------------------------------------
                      0.000000    0.000000    0.000000   clock __VIRTUAL_CLK__ (rise edge)
                                  0.000000    0.000000   clock network delay (ideal)
                                  2.000000    2.000000 v input external delay
     1    0.002477    0.007886    0.003878    2.003878 v B[4] (in)
                                                         B[4] (net)
                      0.007886    0.000000    2.003878 v input13/A (sky130_fd_sc_hd__dlymetal6s2s_1)
     4    0.021238    0.115155    0.189520    2.193398 v input13/X (sky130_fd_sc_hd__dlymetal6s2s_1)
                                                         net13 (net)
                      0.115162    0.000995    2.194393 v _449_/D_N (sky130_fd_sc_hd__or4bb_1)
     1    0.002668    0.038652    0.186847    2.381240 ^ _449_/X (sky130_fd_sc_hd__or4bb_1)
                                                         _112_ (net)
                      0.038652    0.000010    2.381250 ^ _451_/A1 (sky130_fd_sc_hd__a21o_1)
     2    0.009149    0.086150    0.135756    2.517006 ^ _451_/X (sky130_fd_sc_hd__a21o_1)
                                                         _114_ (net)
                      0.086150    0.000161    2.517167 ^ _453_/B (sky130_fd_sc_hd__or2_4)
     3    0.009371    0.043240    0.128323    2.645491 ^ _453_/X (sky130_fd_sc_hd__or2_4)
                                                         _116_ (net)
                      0.043240    0.000103    2.645594 ^ _474_/B (sky130_fd_sc_hd__nand3_1)
     3    0.008607    0.101494    0.107596    2.753190 v _474_/Y (sky130_fd_sc_hd__nand3_1)
                                                         _136_ (net)
                      0.101494    0.000103    2.753293 v _477_/A (sky130_fd_sc_hd__nand2_1)
     1    0.005796    0.067655    0.097191    2.850484 ^ _477_/Y (sky130_fd_sc_hd__nand2_1)
                                                         _139_ (net)
                      0.067655    0.000073    2.850557 ^ _480_/A (sky130_fd_sc_hd__xnor2_1)
     1    0.006283    0.057392    0.089926    2.940482 v _480_/Y (sky130_fd_sc_hd__xnor2_1)
                                                         net18 (net)
                      0.057392    0.000157    2.940639 v output18/A (sky130_fd_sc_hd__buf_4)
     1    0.034797    0.059521    0.174132    3.114771 v output18/X (sky130_fd_sc_hd__buf_4)
                                                         P[10] (net)
                      0.059524    0.000499    3.115270 v P[10] (out)
                                              3.115270   data arrival time

                      0.000000    0.000000    0.000000   clock __VIRTUAL_CLK__ (rise edge)
                                  0.000000    0.000000   clock network delay (ideal)
                                  0.250000    0.250000   clock uncertainty
                                  0.000000    0.250000   clock reconvergence pessimism
                                 -2.000000   -1.750000   output external delay
                                             -1.750000   data required time
---------------------------------------------------------------------------------------------
                                             -1.750000   data required time
                                             -3.115270   data arrival time
---------------------------------------------------------------------------------------------
                                              4.865270   slack (MET)


Startpoint: A[4] (input port clocked by __VIRTUAL_CLK__)
Endpoint: P[9] (output port clocked by __VIRTUAL_CLK__)
Path Group: __VIRTUAL_CLK__
Path Type: min

Fanout         Cap        Slew       Delay        Time   Description
---------------------------------------------------------------------------------------------
                      0.000000    0.000000    0.000000   clock __VIRTUAL_CLK__ (rise edge)
                                  0.000000    0.000000   clock network delay (ideal)
                                  2.000000    2.000000 v input external delay
     1    0.003050    0.009213    0.004846    2.004846 v A[4] (in)
                                                         A[4] (net)
                      0.009213    0.000000    2.004846 v input5/A (sky130_fd_sc_hd__buf_1)
     2    0.012059    0.075906    0.113625    2.118471 v input5/X (sky130_fd_sc_hd__buf_1)
                                                         net5 (net)
                      0.075908    0.000494    2.118966 v fanout38/A (sky130_fd_sc_hd__dlymetal6s2s_1)
     6    0.020663    0.112713    0.215505    2.334471 v fanout38/X (sky130_fd_sc_hd__dlymetal6s2s_1)
                                                         net38 (net)
                      0.112713    0.000076    2.334547 v _410_/B (sky130_fd_sc_hd__and3_1)
     3    0.007276    0.052854    0.211374    2.545920 v _410_/X (sky130_fd_sc_hd__and3_1)
                                                         _074_ (net)
                      0.052854    0.000054    2.545974 v _456_/A2 (sky130_fd_sc_hd__o21ai_1)
     2    0.005138    0.101807    0.144353    2.690327 ^ _456_/Y (sky130_fd_sc_hd__o21ai_1)
                                                         _119_ (net)
                      0.101807    0.000052    2.690379 ^ _457_/B (sky130_fd_sc_hd__and2b_1)
     2    0.010558    0.104897    0.178525    2.868904 ^ _457_/X (sky130_fd_sc_hd__and2b_1)
                                                         _120_ (net)
                      0.104897    0.000115    2.869019 ^ _459_/A (sky130_fd_sc_hd__xnor2_1)
     1    0.009874    0.083519    0.120723    2.989742 v _459_/Y (sky130_fd_sc_hd__xnor2_1)
                                                         net32 (net)
                      0.083519    0.000268    2.990011 v output32/A (sky130_fd_sc_hd__buf_6)
     1    0.033895    0.043315    0.154103    3.144114 v output32/X (sky130_fd_sc_hd__buf_6)
                                                         P[9] (net)
                      0.043315    0.000165    3.144279 v P[9] (out)
                                              3.144279   data arrival time

                      0.000000    0.000000    0.000000   clock __VIRTUAL_CLK__ (rise edge)
                                  0.000000    0.000000   clock network delay (ideal)
                                  0.250000    0.250000   clock uncertainty
                                  0.000000    0.250000   clock reconvergence pessimism
                                 -2.000000   -1.750000   output external delay
                                             -1.750000   data required time
---------------------------------------------------------------------------------------------
                                             -1.750000   data required time
                                             -3.144279   data arrival time
---------------------------------------------------------------------------------------------
                                              4.894279   slack (MET)


Startpoint: A[4] (input port clocked by __VIRTUAL_CLK__)
Endpoint: P[8] (output port clocked by __VIRTUAL_CLK__)
Path Group: __VIRTUAL_CLK__
Path Type: min

Fanout         Cap        Slew       Delay        Time   Description
---------------------------------------------------------------------------------------------
                      0.000000    0.000000    0.000000   clock __VIRTUAL_CLK__ (rise edge)
                                  0.000000    0.000000   clock network delay (ideal)
                                  2.000000    2.000000 v input external delay
     1    0.003050    0.009213    0.004846    2.004846 v A[4] (in)
                                                         A[4] (net)
                      0.009213    0.000000    2.004846 v input5/A (sky130_fd_sc_hd__buf_1)
     2    0.012059    0.075906    0.113625    2.118471 v input5/X (sky130_fd_sc_hd__buf_1)
                                                         net5 (net)
                      0.075907    0.000456    2.118927 v fanout37/A (sky130_fd_sc_hd__clkbuf_4)
    10    0.036688    0.084041    0.199727    2.318654 v fanout37/X (sky130_fd_sc_hd__clkbuf_4)
                                                         net37 (net)
                      0.084041    0.000300    2.318954 v _408_/B (sky130_fd_sc_hd__nand2_1)
     2    0.008058    0.084541    0.111418    2.430372 ^ _408_/Y (sky130_fd_sc_hd__nand2_1)
                                                         _072_ (net)
                      0.084541    0.000115    2.430487 ^ _409_/B (sky130_fd_sc_hd__and2b_1)
     1    0.002216    0.037033    0.118975    2.549463 ^ _409_/X (sky130_fd_sc_hd__and2b_1)
                                                         _073_ (net)
                      0.037033    0.000015    2.549478 ^ _411_/A (sky130_fd_sc_hd__or2_1)
     2    0.006080    0.067729    0.107990    2.657468 ^ _411_/X (sky130_fd_sc_hd__or2_1)
                                                         _075_ (net)
                      0.067729    0.000095    2.657563 ^ _412_/B1_N (sky130_fd_sc_hd__o21bai_1)
     3    0.008206    0.108181    0.142089    2.799651 ^ _412_/Y (sky130_fd_sc_hd__o21bai_1)
                                                         _076_ (net)
                      0.108181    0.000063    2.799714 ^ _414_/A (sky130_fd_sc_hd__and2_4)
     3    0.014043    0.059324    0.171716    2.971430 ^ _414_/X (sky130_fd_sc_hd__and2_4)
                                                         _078_ (net)
                      0.059324    0.000130    2.971561 ^ _416_/A (sky130_fd_sc_hd__xor2_1)
     1    0.006170    0.049792    0.079904    3.051465 v _416_/X (sky130_fd_sc_hd__xor2_1)
                                                         net31 (net)
                      0.049792    0.000137    3.051601 v output31/A (sky130_fd_sc_hd__buf_4)
     1    0.033990    0.058477    0.170088    3.221689 v output31/X (sky130_fd_sc_hd__buf_4)
                                                         P[8] (net)
                      0.058477    0.000176    3.221865 v P[8] (out)
                                              3.221865   data arrival time

                      0.000000    0.000000    0.000000   clock __VIRTUAL_CLK__ (rise edge)
                                  0.000000    0.000000   clock network delay (ideal)
                                  0.250000    0.250000   clock uncertainty
                                  0.000000    0.250000   clock reconvergence pessimism
                                 -2.000000   -1.750000   output external delay
                                             -1.750000   data required time
---------------------------------------------------------------------------------------------
                                             -1.750000   data required time
                                             -3.221865   data arrival time
---------------------------------------------------------------------------------------------
                                              4.971865   slack (MET)



