
===========================================================================
report_checks -unconstrained
===========================================================================
======================= nom_tt_025C_1v80 Corner ===================================

Startpoint: B[1] (input port clocked by __VIRTUAL_CLK__)
Endpoint: P[14] (output port clocked by __VIRTUAL_CLK__)
Path Group: __VIRTUAL_CLK__
Path Type: max

Fanout         Cap        Slew       Delay        Time   Description
---------------------------------------------------------------------------------------------
                      0.000000    0.000000    0.000000   clock __VIRTUAL_CLK__ (rise edge)
                                  0.000000    0.000000   clock network delay (ideal)
                                  2.000000    2.000000 v input external delay
     1    0.004034    0.011491    0.006532    2.006532 v B[1] (in)
                                                         B[1] (net)
                      0.011496    0.000000    2.006532 v input10/A (sky130_fd_sc_hd__buf_4)
     2    0.015730    0.040028    0.132730    2.139262 v input10/X (sky130_fd_sc_hd__buf_4)
                                                         net10 (net)
                      0.040063    0.001083    2.140345 v fanout47/A (sky130_fd_sc_hd__buf_6)
     6    0.024805    0.036781    0.127122    2.267467 v fanout47/X (sky130_fd_sc_hd__buf_6)
                                                         net47 (net)
                      0.036841    0.001271    2.268739 v rebuffer1/A (sky130_fd_sc_hd__clkbuf_1)
     2    0.006429    0.045742    0.100779    2.369518 v rebuffer1/X (sky130_fd_sc_hd__clkbuf_1)
                                                         net51 (net)
                      0.045742    0.000232    2.369750 v _261_/B1 (sky130_fd_sc_hd__a22o_1)
     2    0.005377    0.051852    0.188568    2.558317 v _261_/X (sky130_fd_sc_hd__a22o_1)
                                                         _192_ (net)
                      0.051852    0.000109    2.558426 v _262_/D (sky130_fd_sc_hd__and4_1)
     4    0.013311    0.080512    0.243372    2.801799 v _262_/X (sky130_fd_sc_hd__and4_1)
                                                         _193_ (net)
                      0.080513    0.000470    2.802269 v _263_/C1 (sky130_fd_sc_hd__a311oi_2)
     2    0.008198    0.263271    0.251332    3.053601 ^ _263_/Y (sky130_fd_sc_hd__a311oi_2)
                                                         _194_ (net)
                      0.263271    0.000248    3.053849 ^ _269_/A (sky130_fd_sc_hd__nor2_2)
     3    0.008291    0.068032    0.090116    3.143965 v _269_/Y (sky130_fd_sc_hd__nor2_2)
                                                         _200_ (net)
                      0.068032    0.000203    3.144168 v _275_/C (sky130_fd_sc_hd__or4_4)
     2    0.006009    0.086970    0.486403    3.630571 v _275_/X (sky130_fd_sc_hd__or4_4)
                                                         _206_ (net)
                      0.086971    0.000185    3.630756 v _276_/A (sky130_fd_sc_hd__and3_4)
     5    0.014976    0.046755    0.181384    3.812139 v _276_/X (sky130_fd_sc_hd__and3_4)
                                                         _207_ (net)
                      0.046761    0.000519    3.812658 v _279_/B (sky130_fd_sc_hd__or3_4)
     2    0.006161    0.068638    0.365232    4.177890 v _279_/X (sky130_fd_sc_hd__or3_4)
                                                         _210_ (net)
                      0.068638    0.000143    4.178034 v _289_/B1 (sky130_fd_sc_hd__o211a_1)
     2    0.006193    0.053810    0.147019    4.325052 v _289_/X (sky130_fd_sc_hd__o211a_1)
                                                         _220_ (net)
                      0.053810    0.000217    4.325269 v _299_/A (sky130_fd_sc_hd__or3b_4)
     3    0.010634    0.077516    0.409715    4.734984 v _299_/X (sky130_fd_sc_hd__or3b_4)
                                                         _000_ (net)
                      0.077516    0.000309    4.735293 v _351_/A2 (sky130_fd_sc_hd__o211a_4)
     4    0.028912    0.069018    0.277035    5.012328 v _351_/X (sky130_fd_sc_hd__o211a_4)
                                                         _050_ (net)
                      0.069109    0.002208    5.014536 v _446_/A3 (sky130_fd_sc_hd__o31ai_4)
     3    0.013028    0.242924    0.233018    5.247554 ^ _446_/Y (sky130_fd_sc_hd__o31ai_4)
                                                         _141_ (net)
                      0.242924    0.000538    5.248092 ^ _457_/A2 (sky130_fd_sc_hd__o211a_4)
     3    0.023516    0.089759    0.230080    5.478172 ^ _457_/X (sky130_fd_sc_hd__o211a_4)
                                                         _151_ (net)
                      0.089777    0.001278    5.479450 ^ _463_/A (sky130_fd_sc_hd__xor2_2)
     1    0.005856    0.122318    0.141713    5.621163 ^ _463_/X (sky130_fd_sc_hd__xor2_2)
                                                         net21 (net)
                      0.122318    0.000208    5.621371 ^ output21/A (sky130_fd_sc_hd__buf_6)
     1    0.035414    0.079057    0.152477    5.773848 ^ output21/X (sky130_fd_sc_hd__buf_6)
                                                         P[14] (net)
                      0.079070    0.001037    5.774885 ^ P[14] (out)
                                              5.774885   data arrival time

                      0.000000   10.000000   10.000000   clock __VIRTUAL_CLK__ (rise edge)
                                  0.000000   10.000000   clock network delay (ideal)
                                 -0.250000    9.750000   clock uncertainty
                                  0.000000    9.750000   clock reconvergence pessimism
                                 -2.000000    7.750000   output external delay
                                              7.750000   data required time
---------------------------------------------------------------------------------------------
                                              7.750000   data required time
                                             -5.774885   data arrival time
---------------------------------------------------------------------------------------------
                                              1.975115   slack (MET)




===========================================================================
report_checks --slack_max -0.01
============================================================================
======================= nom_tt_025C_1v80 Corner ===================================

No paths found.


===========================================================================
 report_check_types -max_slew -max_cap -max_fanout -violators
============================================================================
======================= nom_tt_025C_1v80 Corner ===================================



===========================================================================
report_parasitic_annotation -report_unannotated
============================================================================
Found 1 unannotated drivers.
 mult8_2bits_1op_e17306_50/HI
Found 0 partially unannotated drivers.

===========================================================================
max slew violation count 0
Writing metric design__max_slew_violation__count__corner:nom_tt_025C_1v80: 0
max fanout violation count 0
Writing metric design__max_fanout_violation__count__corner:nom_tt_025C_1v80: 0
max cap violation count 0
Writing metric design__max_cap_violation__count__corner:nom_tt_025C_1v80: 0
============================================================================

===========================================================================
check_setup -verbose -unconstrained_endpoints -multiple_clock -no_clock -no_input_delay -loops -generated_clocks
===========================================================================
Warning: There is 1 unconstrained endpoint.
  P[0]
