
===========================================================================
report_checks -unconstrained
===========================================================================
======================= nom_ff_n40C_1v95 Corner ===================================

Startpoint: B[3] (input port clocked by __VIRTUAL_CLK__)
Endpoint: P[14] (output port clocked by __VIRTUAL_CLK__)
Path Group: __VIRTUAL_CLK__
Path Type: max

Fanout         Cap        Slew       Delay        Time   Description
---------------------------------------------------------------------------------------------
                      0.000000    0.000000    0.000000   clock __VIRTUAL_CLK__ (rise edge)
                                  0.000000    0.000000   clock network delay (ideal)
                                  2.000000    2.000000 ^ input external delay
     1    0.003108    0.015017    0.008050    2.008050 ^ B[3] (in)
                                                         B[3] (net)
                      0.015022    0.000000    2.008050 ^ input12/A (sky130_fd_sc_hd__buf_1)
     2    0.015118    0.136150    0.119742    2.127792 ^ input12/X (sky130_fd_sc_hd__buf_1)
                                                         net12 (net)
                      0.136153    0.000533    2.128325 ^ fanout43/A (sky130_fd_sc_hd__buf_4)
    10    0.047156    0.102480    0.146106    2.274431 ^ fanout43/X (sky130_fd_sc_hd__buf_4)
                                                         net43 (net)
                      0.102485    0.000867    2.275298 ^ _261_/B (sky130_fd_sc_hd__and2_1)
     2    0.006911    0.061082    0.106385    2.381683 ^ _261_/X (sky130_fd_sc_hd__and2_1)
                                                         _193_ (net)
                      0.061082    0.000187    2.381870 ^ _263_/C (sky130_fd_sc_hd__and4_1)
     4    0.023616    0.173092    0.213253    2.595123 ^ _263_/X (sky130_fd_sc_hd__and4_1)
                                                         _195_ (net)
                      0.173093    0.000695    2.595818 ^ _268_/C (sky130_fd_sc_hd__or4_4)
     2    0.014623    0.042892    0.117021    2.712839 ^ _268_/X (sky130_fd_sc_hd__or4_4)
                                                         _200_ (net)
                      0.042898    0.000518    2.713357 ^ _270_/A (sky130_fd_sc_hd__nor2_4)
     3    0.010306    0.044960    0.026779    2.740136 v _270_/Y (sky130_fd_sc_hd__nor2_4)
                                                         _202_ (net)
                      0.044964    0.000321    2.740457 v _276_/A (sky130_fd_sc_hd__or4_4)
     3    0.007032    0.061530    0.325216    3.065673 v _276_/X (sky130_fd_sc_hd__or4_4)
                                                         _208_ (net)
                      0.061530    0.000211    3.065884 v _277_/A (sky130_fd_sc_hd__and3_1)
     2    0.008715    0.044970    0.118391    3.184275 v _277_/X (sky130_fd_sc_hd__and3_1)
                                                         _209_ (net)
                      0.044970    0.000190    3.184465 v _280_/A (sky130_fd_sc_hd__or3_4)
     4    0.025163    0.067891    0.266775    3.451240 v _280_/X (sky130_fd_sc_hd__or3_4)
                                                         _212_ (net)
                      0.067914    0.000931    3.452172 v _323_/A1 (sky130_fd_sc_hd__a211o_4)
     4    0.017514    0.050428    0.231020    3.683191 v _323_/X (sky130_fd_sc_hd__a211o_4)
                                                         _023_ (net)
                      0.050434    0.000586    3.683777 v _405_/A3 (sky130_fd_sc_hd__a311o_4)
     2    0.018170    0.059585    0.283054    3.966831 v _405_/X (sky130_fd_sc_hd__a311o_4)
                                                         _102_ (net)
                      0.059585    0.001104    3.967935 v _448_/A2 (sky130_fd_sc_hd__a31oi_4)
     3    0.019928    0.164692    0.168178    4.136113 ^ _448_/Y (sky130_fd_sc_hd__a31oi_4)
                                                         _143_ (net)
                      0.164694    0.001180    4.137294 ^ _459_/A2 (sky130_fd_sc_hd__o211a_4)
     3    0.020900    0.060173    0.129635    4.266929 ^ _459_/X (sky130_fd_sc_hd__o211a_4)
                                                         _153_ (net)
                      0.060182    0.000722    4.267650 ^ _465_/A (sky130_fd_sc_hd__xor2_2)
     1    0.005570    0.090261    0.089916    4.357566 ^ _465_/X (sky130_fd_sc_hd__xor2_2)
                                                         net22 (net)
                      0.090261    0.000175    4.357741 ^ output22/A (sky130_fd_sc_hd__buf_6)
     1    0.034100    0.057545    0.096343    4.454084 ^ output22/X (sky130_fd_sc_hd__buf_6)
                                                         P[14] (net)
                      0.057552    0.000665    4.454750 ^ P[14] (out)
                                              4.454750   data arrival time

                      0.000000   10.000000   10.000000   clock __VIRTUAL_CLK__ (rise edge)
                                  0.000000   10.000000   clock network delay (ideal)
                                 -0.250000    9.750000   clock uncertainty
                                  0.000000    9.750000   clock reconvergence pessimism
                                 -2.000000    7.750000   output external delay
                                              7.750000   data required time
---------------------------------------------------------------------------------------------
                                              7.750000   data required time
                                             -4.454750   data arrival time
---------------------------------------------------------------------------------------------
                                              3.295250   slack (MET)




===========================================================================
report_checks --slack_max -0.01
============================================================================
======================= nom_ff_n40C_1v95 Corner ===================================

No paths found.


===========================================================================
 report_check_types -max_slew -max_cap -max_fanout -violators
============================================================================
======================= nom_ff_n40C_1v95 Corner ===================================



===========================================================================
report_parasitic_annotation -report_unannotated
============================================================================
Found 0 unannotated drivers.
Found 0 partially unannotated drivers.

===========================================================================
max slew violation count 0
max fanout violation count 0
max cap violation count 0
============================================================================

===========================================================================
check_setup -verbose -unconstrained_endpoints -multiple_clock -no_clock -no_input_delay -loops -generated_clocks
===========================================================================
