
===========================================================================
report_checks -path_delay max (Setup)
============================================================================
======================= nom_tt_025C_1v80 Corner ===================================

Startpoint: A[0] (input port clocked by __VIRTUAL_CLK__)
Endpoint: P[15] (output port clocked by __VIRTUAL_CLK__)
Path Group: __VIRTUAL_CLK__
Path Type: max

Fanout         Cap        Slew       Delay        Time   Description
---------------------------------------------------------------------------------------------
                      0.000000    0.000000    0.000000   clock __VIRTUAL_CLK__ (rise edge)
                                  0.000000    0.000000   clock network delay (ideal)
                                  2.000000    2.000000 ^ input external delay
    19    0.059630    0.275358    0.187981    2.187980 ^ A[0] (in)
                                                         A[0] (net)
                      0.275358    0.000000    2.187980 ^ _291_/D (sky130_fd_sc_hd__nand4_2)
     4    0.006528    0.106457    0.149057    2.337037 v _291_/Y (sky130_fd_sc_hd__nand4_2)
                                                         _228_ (net)
                      0.106457    0.000000    2.337037 v _307_/C (sky130_fd_sc_hd__or4_2)
     2    0.005754    0.113889    0.640152    2.977189 v _307_/X (sky130_fd_sc_hd__or4_2)
                                                         _242_ (net)
                      0.113889    0.000000    2.977189 v _310_/B (sky130_fd_sc_hd__and3_2)
     4    0.009908    0.056226    0.243989    3.221179 v _310_/X (sky130_fd_sc_hd__and3_2)
                                                         _245_ (net)
                      0.056226    0.000000    3.221179 v _323_/A (sky130_fd_sc_hd__and3_2)
     3    0.007712    0.050878    0.189559    3.410737 v _323_/X (sky130_fd_sc_hd__and3_2)
                                                         _257_ (net)
                      0.050878    0.000000    3.410737 v _349_/A1 (sky130_fd_sc_hd__o21ba_2)
     2    0.005663    0.042975    0.217153    3.627890 v _349_/X (sky130_fd_sc_hd__o21ba_2)
                                                         _282_ (net)
                      0.042975    0.000000    3.627890 v _352_/B (sky130_fd_sc_hd__or3_2)
     2    0.006084    0.089761    0.460707    4.088597 v _352_/X (sky130_fd_sc_hd__or3_2)
                                                         _001_ (net)
                      0.089761    0.000000    4.088597 v _360_/B (sky130_fd_sc_hd__and3_2)
     3    0.006874    0.048991    0.223058    4.311655 v _360_/X (sky130_fd_sc_hd__and3_2)
                                                         _009_ (net)
                      0.048991    0.000000    4.311655 v _362_/A (sky130_fd_sc_hd__or3b_2)
     3    0.008025    0.097327    0.489578    4.801232 v _362_/X (sky130_fd_sc_hd__or3b_2)
                                                         _011_ (net)
                      0.097327    0.000000    4.801232 v _374_/A1 (sky130_fd_sc_hd__a21o_2)
     2    0.003816    0.037495    0.206102    5.007334 v _374_/X (sky130_fd_sc_hd__a21o_2)
                                                         _023_ (net)
                      0.037495    0.000000    5.007334 v _412_/A1 (sky130_fd_sc_hd__a21o_2)
     2    0.012446    0.058931    0.210277    5.217611 v _412_/X (sky130_fd_sc_hd__a21o_2)
                                                         _060_ (net)
                      0.058931    0.000000    5.217611 v _445_/A2 (sky130_fd_sc_hd__a21oi_2)
     3    0.011384    0.171541    0.193933    5.411544 ^ _445_/Y (sky130_fd_sc_hd__a21oi_2)
                                                         _092_ (net)
                      0.171541    0.000000    5.411544 ^ _509_/A_N (sky130_fd_sc_hd__nand3b_2)
     2    0.009069    0.090389    0.169781    5.581326 ^ _509_/Y (sky130_fd_sc_hd__nand3b_2)
                                                         _154_ (net)
                      0.090389    0.000000    5.581326 ^ _556_/A1 (sky130_fd_sc_hd__a311oi_2)
     4    0.016645    0.153540    0.152000    5.733325 v _556_/Y (sky130_fd_sc_hd__a311oi_2)
                                                         _199_ (net)
                      0.153540    0.000000    5.733325 v _578_/A2 (sky130_fd_sc_hd__o2111a_2)
     1    0.001539    0.036271    0.275725    6.009050 v _578_/X (sky130_fd_sc_hd__o2111a_2)
                                                         _219_ (net)
                      0.036271    0.000000    6.009050 v _581_/B (sky130_fd_sc_hd__or3_2)
     1    0.033442    0.165614    0.568508    6.577558 v _581_/X (sky130_fd_sc_hd__or3_2)
                                                         P[15] (net)
                      0.165614    0.000000    6.577558 v P[15] (out)
                                              6.577558   data arrival time

                      0.000000   10.000000   10.000000   clock __VIRTUAL_CLK__ (rise edge)
                                  0.000000   10.000000   clock network delay (ideal)
                                 -0.250000    9.750000   clock uncertainty
                                  0.000000    9.750000   clock reconvergence pessimism
                                 -2.000000    7.750000   output external delay
                                              7.750000   data required time
---------------------------------------------------------------------------------------------
                                              7.750000   data required time
                                             -6.577558   data arrival time
---------------------------------------------------------------------------------------------
                                              1.172442   slack (MET)


Startpoint: A[0] (input port clocked by __VIRTUAL_CLK__)
Endpoint: P[14] (output port clocked by __VIRTUAL_CLK__)
Path Group: __VIRTUAL_CLK__
Path Type: max

Fanout         Cap        Slew       Delay        Time   Description
---------------------------------------------------------------------------------------------
                      0.000000    0.000000    0.000000   clock __VIRTUAL_CLK__ (rise edge)
                                  0.000000    0.000000   clock network delay (ideal)
                                  2.000000    2.000000 ^ input external delay
    19    0.059630    0.275358    0.187981    2.187980 ^ A[0] (in)
                                                         A[0] (net)
                      0.275358    0.000000    2.187980 ^ _291_/D (sky130_fd_sc_hd__nand4_2)
     4    0.006528    0.106457    0.149057    2.337037 v _291_/Y (sky130_fd_sc_hd__nand4_2)
                                                         _228_ (net)
                      0.106457    0.000000    2.337037 v _307_/C (sky130_fd_sc_hd__or4_2)
     2    0.005754    0.113889    0.640152    2.977189 v _307_/X (sky130_fd_sc_hd__or4_2)
                                                         _242_ (net)
                      0.113889    0.000000    2.977189 v _310_/B (sky130_fd_sc_hd__and3_2)
     4    0.009908    0.056226    0.243989    3.221179 v _310_/X (sky130_fd_sc_hd__and3_2)
                                                         _245_ (net)
                      0.056226    0.000000    3.221179 v _323_/A (sky130_fd_sc_hd__and3_2)
     3    0.007712    0.050878    0.189559    3.410737 v _323_/X (sky130_fd_sc_hd__and3_2)
                                                         _257_ (net)
                      0.050878    0.000000    3.410737 v _349_/A1 (sky130_fd_sc_hd__o21ba_2)
     2    0.005663    0.042975    0.217153    3.627890 v _349_/X (sky130_fd_sc_hd__o21ba_2)
                                                         _282_ (net)
                      0.042975    0.000000    3.627890 v _352_/B (sky130_fd_sc_hd__or3_2)
     2    0.006084    0.089761    0.460707    4.088597 v _352_/X (sky130_fd_sc_hd__or3_2)
                                                         _001_ (net)
                      0.089761    0.000000    4.088597 v _360_/B (sky130_fd_sc_hd__and3_2)
     3    0.006874    0.048991    0.223058    4.311655 v _360_/X (sky130_fd_sc_hd__and3_2)
                                                         _009_ (net)
                      0.048991    0.000000    4.311655 v _362_/A (sky130_fd_sc_hd__or3b_2)
     3    0.008025    0.097327    0.489578    4.801232 v _362_/X (sky130_fd_sc_hd__or3b_2)
                                                         _011_ (net)
                      0.097327    0.000000    4.801232 v _374_/A1 (sky130_fd_sc_hd__a21o_2)
     2    0.003816    0.037495    0.206102    5.007334 v _374_/X (sky130_fd_sc_hd__a21o_2)
                                                         _023_ (net)
                      0.037495    0.000000    5.007334 v _412_/A1 (sky130_fd_sc_hd__a21o_2)
     2    0.012446    0.058931    0.210277    5.217611 v _412_/X (sky130_fd_sc_hd__a21o_2)
                                                         _060_ (net)
                      0.058931    0.000000    5.217611 v _445_/A2 (sky130_fd_sc_hd__a21oi_2)
     3    0.011384    0.171541    0.193933    5.411544 ^ _445_/Y (sky130_fd_sc_hd__a21oi_2)
                                                         _092_ (net)
                      0.171541    0.000000    5.411544 ^ _509_/A_N (sky130_fd_sc_hd__nand3b_2)
     2    0.009069    0.090389    0.169781    5.581326 ^ _509_/Y (sky130_fd_sc_hd__nand3b_2)
                                                         _154_ (net)
                      0.090389    0.000000    5.581326 ^ _556_/A1 (sky130_fd_sc_hd__a311oi_2)
     4    0.016645    0.153540    0.152000    5.733325 v _556_/Y (sky130_fd_sc_hd__a311oi_2)
                                                         _199_ (net)
                      0.153540    0.000000    5.733325 v _569_/A2 (sky130_fd_sc_hd__o211a_2)
     2    0.012454    0.065750    0.311822    6.045147 v _569_/X (sky130_fd_sc_hd__o211a_2)
                                                         _211_ (net)
                      0.065750    0.000000    6.045147 v _579_/A (sky130_fd_sc_hd__xnor2_2)
     1    0.033442    0.453762    0.398102    6.443249 ^ _579_/Y (sky130_fd_sc_hd__xnor2_2)
                                                         P[14] (net)
                      0.453762    0.000000    6.443249 ^ P[14] (out)
                                              6.443249   data arrival time

                      0.000000   10.000000   10.000000   clock __VIRTUAL_CLK__ (rise edge)
                                  0.000000   10.000000   clock network delay (ideal)
                                 -0.250000    9.750000   clock uncertainty
                                  0.000000    9.750000   clock reconvergence pessimism
                                 -2.000000    7.750000   output external delay
                                              7.750000   data required time
---------------------------------------------------------------------------------------------
                                              7.750000   data required time
                                             -6.443249   data arrival time
---------------------------------------------------------------------------------------------
                                              1.306751   slack (MET)


Startpoint: A[0] (input port clocked by __VIRTUAL_CLK__)
Endpoint: P[13] (output port clocked by __VIRTUAL_CLK__)
Path Group: __VIRTUAL_CLK__
Path Type: max

Fanout         Cap        Slew       Delay        Time   Description
---------------------------------------------------------------------------------------------
                      0.000000    0.000000    0.000000   clock __VIRTUAL_CLK__ (rise edge)
                                  0.000000    0.000000   clock network delay (ideal)
                                  2.000000    2.000000 ^ input external delay
    19    0.059630    0.275358    0.187981    2.187980 ^ A[0] (in)
                                                         A[0] (net)
                      0.275358    0.000000    2.187980 ^ _291_/D (sky130_fd_sc_hd__nand4_2)
     4    0.006528    0.106457    0.149057    2.337037 v _291_/Y (sky130_fd_sc_hd__nand4_2)
                                                         _228_ (net)
                      0.106457    0.000000    2.337037 v _307_/C (sky130_fd_sc_hd__or4_2)
     2    0.005754    0.113889    0.640152    2.977189 v _307_/X (sky130_fd_sc_hd__or4_2)
                                                         _242_ (net)
                      0.113889    0.000000    2.977189 v _310_/B (sky130_fd_sc_hd__and3_2)
     4    0.009908    0.056226    0.243989    3.221179 v _310_/X (sky130_fd_sc_hd__and3_2)
                                                         _245_ (net)
                      0.056226    0.000000    3.221179 v _323_/A (sky130_fd_sc_hd__and3_2)
     3    0.007712    0.050878    0.189559    3.410737 v _323_/X (sky130_fd_sc_hd__and3_2)
                                                         _257_ (net)
                      0.050878    0.000000    3.410737 v _349_/A1 (sky130_fd_sc_hd__o21ba_2)
     2    0.005663    0.042975    0.217153    3.627890 v _349_/X (sky130_fd_sc_hd__o21ba_2)
                                                         _282_ (net)
                      0.042975    0.000000    3.627890 v _352_/B (sky130_fd_sc_hd__or3_2)
     2    0.006084    0.089761    0.460707    4.088597 v _352_/X (sky130_fd_sc_hd__or3_2)
                                                         _001_ (net)
                      0.089761    0.000000    4.088597 v _360_/B (sky130_fd_sc_hd__and3_2)
     3    0.006874    0.048991    0.223058    4.311655 v _360_/X (sky130_fd_sc_hd__and3_2)
                                                         _009_ (net)
                      0.048991    0.000000    4.311655 v _362_/A (sky130_fd_sc_hd__or3b_2)
     3    0.008025    0.097327    0.489578    4.801232 v _362_/X (sky130_fd_sc_hd__or3b_2)
                                                         _011_ (net)
                      0.097327    0.000000    4.801232 v _374_/A1 (sky130_fd_sc_hd__a21o_2)
     2    0.003816    0.037495    0.206102    5.007334 v _374_/X (sky130_fd_sc_hd__a21o_2)
                                                         _023_ (net)
                      0.037495    0.000000    5.007334 v _412_/A1 (sky130_fd_sc_hd__a21o_2)
     2    0.012446    0.058931    0.210277    5.217611 v _412_/X (sky130_fd_sc_hd__a21o_2)
                                                         _060_ (net)
                      0.058931    0.000000    5.217611 v _445_/A2 (sky130_fd_sc_hd__a21oi_2)
     3    0.011384    0.171541    0.193933    5.411544 ^ _445_/Y (sky130_fd_sc_hd__a21oi_2)
                                                         _092_ (net)
                      0.171541    0.000000    5.411544 ^ _509_/A_N (sky130_fd_sc_hd__nand3b_2)
     2    0.009069    0.090389    0.169781    5.581326 ^ _509_/Y (sky130_fd_sc_hd__nand3b_2)
                                                         _154_ (net)
                      0.090389    0.000000    5.581326 ^ _556_/A1 (sky130_fd_sc_hd__a311oi_2)
     4    0.016645    0.153540    0.152000    5.733325 v _556_/Y (sky130_fd_sc_hd__a311oi_2)
                                                         _199_ (net)
                      0.153540    0.000000    5.733325 v _569_/A2 (sky130_fd_sc_hd__o211a_2)
     2    0.012454    0.065750    0.311822    6.045147 v _569_/X (sky130_fd_sc_hd__o211a_2)
                                                         _211_ (net)
                      0.065750    0.000000    6.045147 v _570_/B (sky130_fd_sc_hd__nor2_2)
     1    0.033442    0.373496    0.306856    6.352003 ^ _570_/Y (sky130_fd_sc_hd__nor2_2)
                                                         P[13] (net)
                      0.373496    0.000000    6.352003 ^ P[13] (out)
                                              6.352003   data arrival time

                      0.000000   10.000000   10.000000   clock __VIRTUAL_CLK__ (rise edge)
                                  0.000000   10.000000   clock network delay (ideal)
                                 -0.250000    9.750000   clock uncertainty
                                  0.000000    9.750000   clock reconvergence pessimism
                                 -2.000000    7.750000   output external delay
                                              7.750000   data required time
---------------------------------------------------------------------------------------------
                                              7.750000   data required time
                                             -6.352003   data arrival time
---------------------------------------------------------------------------------------------
                                              1.397997   slack (MET)


Startpoint: A[0] (input port clocked by __VIRTUAL_CLK__)
Endpoint: P[11] (output port clocked by __VIRTUAL_CLK__)
Path Group: __VIRTUAL_CLK__
Path Type: max

Fanout         Cap        Slew       Delay        Time   Description
---------------------------------------------------------------------------------------------
                      0.000000    0.000000    0.000000   clock __VIRTUAL_CLK__ (rise edge)
                                  0.000000    0.000000   clock network delay (ideal)
                                  2.000000    2.000000 ^ input external delay
    19    0.059630    0.275358    0.187981    2.187980 ^ A[0] (in)
                                                         A[0] (net)
                      0.275358    0.000000    2.187980 ^ _291_/D (sky130_fd_sc_hd__nand4_2)
     4    0.006528    0.106457    0.149057    2.337037 v _291_/Y (sky130_fd_sc_hd__nand4_2)
                                                         _228_ (net)
                      0.106457    0.000000    2.337037 v _307_/C (sky130_fd_sc_hd__or4_2)
     2    0.005754    0.113889    0.640152    2.977189 v _307_/X (sky130_fd_sc_hd__or4_2)
                                                         _242_ (net)
                      0.113889    0.000000    2.977189 v _310_/B (sky130_fd_sc_hd__and3_2)
     4    0.009908    0.056226    0.243989    3.221179 v _310_/X (sky130_fd_sc_hd__and3_2)
                                                         _245_ (net)
                      0.056226    0.000000    3.221179 v _323_/A (sky130_fd_sc_hd__and3_2)
     3    0.007712    0.050878    0.189559    3.410737 v _323_/X (sky130_fd_sc_hd__and3_2)
                                                         _257_ (net)
                      0.050878    0.000000    3.410737 v _349_/A1 (sky130_fd_sc_hd__o21ba_2)
     2    0.005663    0.042975    0.217153    3.627890 v _349_/X (sky130_fd_sc_hd__o21ba_2)
                                                         _282_ (net)
                      0.042975    0.000000    3.627890 v _352_/B (sky130_fd_sc_hd__or3_2)
     2    0.006084    0.089761    0.460707    4.088597 v _352_/X (sky130_fd_sc_hd__or3_2)
                                                         _001_ (net)
                      0.089761    0.000000    4.088597 v _360_/B (sky130_fd_sc_hd__and3_2)
     3    0.006874    0.048991    0.223058    4.311655 v _360_/X (sky130_fd_sc_hd__and3_2)
                                                         _009_ (net)
                      0.048991    0.000000    4.311655 v _362_/A (sky130_fd_sc_hd__or3b_2)
     3    0.008025    0.097327    0.489578    4.801232 v _362_/X (sky130_fd_sc_hd__or3b_2)
                                                         _011_ (net)
                      0.097327    0.000000    4.801232 v _374_/A1 (sky130_fd_sc_hd__a21o_2)
     2    0.003816    0.037495    0.206102    5.007334 v _374_/X (sky130_fd_sc_hd__a21o_2)
                                                         _023_ (net)
                      0.037495    0.000000    5.007334 v _412_/A1 (sky130_fd_sc_hd__a21o_2)
     2    0.012446    0.058931    0.210277    5.217611 v _412_/X (sky130_fd_sc_hd__a21o_2)
                                                         _060_ (net)
                      0.058931    0.000000    5.217611 v _445_/A2 (sky130_fd_sc_hd__a21oi_2)
     3    0.011384    0.171541    0.193933    5.411544 ^ _445_/Y (sky130_fd_sc_hd__a21oi_2)
                                                         _092_ (net)
                      0.171541    0.000000    5.411544 ^ _509_/A_N (sky130_fd_sc_hd__nand3b_2)
     2    0.009069    0.090389    0.169781    5.581326 ^ _509_/Y (sky130_fd_sc_hd__nand3b_2)
                                                         _154_ (net)
                      0.090389    0.000000    5.581326 ^ _511_/A (sky130_fd_sc_hd__nand2_2)
     2    0.010284    0.057325    0.072555    5.653881 v _511_/Y (sky130_fd_sc_hd__nand2_2)
                                                         _156_ (net)
                      0.057325    0.000000    5.653881 v _536_/A2 (sky130_fd_sc_hd__a21o_2)
     1    0.008077    0.048014    0.226985    5.880866 v _536_/X (sky130_fd_sc_hd__a21o_2)
                                                         _180_ (net)
                      0.048014    0.000000    5.880866 v _537_/B (sky130_fd_sc_hd__xnor2_2)
     1    0.033442    0.453783    0.365536    6.246401 ^ _537_/Y (sky130_fd_sc_hd__xnor2_2)
                                                         P[11] (net)
                      0.453783    0.000000    6.246401 ^ P[11] (out)
                                              6.246401   data arrival time

                      0.000000   10.000000   10.000000   clock __VIRTUAL_CLK__ (rise edge)
                                  0.000000   10.000000   clock network delay (ideal)
                                 -0.250000    9.750000   clock uncertainty
                                  0.000000    9.750000   clock reconvergence pessimism
                                 -2.000000    7.750000   output external delay
                                              7.750000   data required time
---------------------------------------------------------------------------------------------
                                              7.750000   data required time
                                             -6.246401   data arrival time
---------------------------------------------------------------------------------------------
                                              1.503599   slack (MET)


Startpoint: A[0] (input port clocked by __VIRTUAL_CLK__)
Endpoint: P[12] (output port clocked by __VIRTUAL_CLK__)
Path Group: __VIRTUAL_CLK__
Path Type: max

Fanout         Cap        Slew       Delay        Time   Description
---------------------------------------------------------------------------------------------
                      0.000000    0.000000    0.000000   clock __VIRTUAL_CLK__ (rise edge)
                                  0.000000    0.000000   clock network delay (ideal)
                                  2.000000    2.000000 ^ input external delay
    19    0.059630    0.275358    0.187981    2.187980 ^ A[0] (in)
                                                         A[0] (net)
                      0.275358    0.000000    2.187980 ^ _291_/D (sky130_fd_sc_hd__nand4_2)
     4    0.006528    0.106457    0.149057    2.337037 v _291_/Y (sky130_fd_sc_hd__nand4_2)
                                                         _228_ (net)
                      0.106457    0.000000    2.337037 v _307_/C (sky130_fd_sc_hd__or4_2)
     2    0.005754    0.113889    0.640152    2.977189 v _307_/X (sky130_fd_sc_hd__or4_2)
                                                         _242_ (net)
                      0.113889    0.000000    2.977189 v _310_/B (sky130_fd_sc_hd__and3_2)
     4    0.009908    0.056226    0.243989    3.221179 v _310_/X (sky130_fd_sc_hd__and3_2)
                                                         _245_ (net)
                      0.056226    0.000000    3.221179 v _323_/A (sky130_fd_sc_hd__and3_2)
     3    0.007712    0.050878    0.189559    3.410737 v _323_/X (sky130_fd_sc_hd__and3_2)
                                                         _257_ (net)
                      0.050878    0.000000    3.410737 v _349_/A1 (sky130_fd_sc_hd__o21ba_2)
     2    0.005663    0.042975    0.217153    3.627890 v _349_/X (sky130_fd_sc_hd__o21ba_2)
                                                         _282_ (net)
                      0.042975    0.000000    3.627890 v _352_/B (sky130_fd_sc_hd__or3_2)
     2    0.006084    0.089761    0.460707    4.088597 v _352_/X (sky130_fd_sc_hd__or3_2)
                                                         _001_ (net)
                      0.089761    0.000000    4.088597 v _360_/B (sky130_fd_sc_hd__and3_2)
     3    0.006874    0.048991    0.223058    4.311655 v _360_/X (sky130_fd_sc_hd__and3_2)
                                                         _009_ (net)
                      0.048991    0.000000    4.311655 v _362_/A (sky130_fd_sc_hd__or3b_2)
     3    0.008025    0.097327    0.489578    4.801232 v _362_/X (sky130_fd_sc_hd__or3b_2)
                                                         _011_ (net)
                      0.097327    0.000000    4.801232 v _374_/A1 (sky130_fd_sc_hd__a21o_2)
     2    0.003816    0.037495    0.206102    5.007334 v _374_/X (sky130_fd_sc_hd__a21o_2)
                                                         _023_ (net)
                      0.037495    0.000000    5.007334 v _412_/A1 (sky130_fd_sc_hd__a21o_2)
     2    0.012446    0.058931    0.210277    5.217611 v _412_/X (sky130_fd_sc_hd__a21o_2)
                                                         _060_ (net)
                      0.058931    0.000000    5.217611 v _445_/A2 (sky130_fd_sc_hd__a21oi_2)
     3    0.011384    0.171541    0.193933    5.411544 ^ _445_/Y (sky130_fd_sc_hd__a21oi_2)
                                                         _092_ (net)
                      0.171541    0.000000    5.411544 ^ _509_/A_N (sky130_fd_sc_hd__nand3b_2)
     2    0.009069    0.090389    0.169781    5.581326 ^ _509_/Y (sky130_fd_sc_hd__nand3b_2)
                                                         _154_ (net)
                      0.090389    0.000000    5.581326 ^ _556_/A1 (sky130_fd_sc_hd__a311oi_2)
     4    0.016645    0.153540    0.152000    5.733325 v _556_/Y (sky130_fd_sc_hd__a311oi_2)
                                                         _199_ (net)
                      0.153540    0.000000    5.733325 v _557_/B (sky130_fd_sc_hd__xnor2_2)
     1    0.033442    0.453845    0.406164    6.139489 ^ _557_/Y (sky130_fd_sc_hd__xnor2_2)
                                                         P[12] (net)
                      0.453845    0.000000    6.139489 ^ P[12] (out)
                                              6.139489   data arrival time

                      0.000000   10.000000   10.000000   clock __VIRTUAL_CLK__ (rise edge)
                                  0.000000   10.000000   clock network delay (ideal)
                                 -0.250000    9.750000   clock uncertainty
                                  0.000000    9.750000   clock reconvergence pessimism
                                 -2.000000    7.750000   output external delay
                                              7.750000   data required time
---------------------------------------------------------------------------------------------
                                              7.750000   data required time
                                             -6.139489   data arrival time
---------------------------------------------------------------------------------------------
                                              1.610511   slack (MET)


Startpoint: A[0] (input port clocked by __VIRTUAL_CLK__)
Endpoint: P[10] (output port clocked by __VIRTUAL_CLK__)
Path Group: __VIRTUAL_CLK__
Path Type: max

Fanout         Cap        Slew       Delay        Time   Description
---------------------------------------------------------------------------------------------
                      0.000000    0.000000    0.000000   clock __VIRTUAL_CLK__ (rise edge)
                                  0.000000    0.000000   clock network delay (ideal)
                                  2.000000    2.000000 ^ input external delay
    19    0.059630    0.275358    0.187981    2.187980 ^ A[0] (in)
                                                         A[0] (net)
                      0.275358    0.000000    2.187980 ^ _291_/D (sky130_fd_sc_hd__nand4_2)
     4    0.006528    0.106457    0.149057    2.337037 v _291_/Y (sky130_fd_sc_hd__nand4_2)
                                                         _228_ (net)
                      0.106457    0.000000    2.337037 v _307_/C (sky130_fd_sc_hd__or4_2)
     2    0.005754    0.113889    0.640152    2.977189 v _307_/X (sky130_fd_sc_hd__or4_2)
                                                         _242_ (net)
                      0.113889    0.000000    2.977189 v _310_/B (sky130_fd_sc_hd__and3_2)
     4    0.009908    0.056226    0.243989    3.221179 v _310_/X (sky130_fd_sc_hd__and3_2)
                                                         _245_ (net)
                      0.056226    0.000000    3.221179 v _323_/A (sky130_fd_sc_hd__and3_2)
     3    0.007712    0.050878    0.189559    3.410737 v _323_/X (sky130_fd_sc_hd__and3_2)
                                                         _257_ (net)
                      0.050878    0.000000    3.410737 v _349_/A1 (sky130_fd_sc_hd__o21ba_2)
     2    0.005663    0.042975    0.217153    3.627890 v _349_/X (sky130_fd_sc_hd__o21ba_2)
                                                         _282_ (net)
                      0.042975    0.000000    3.627890 v _352_/B (sky130_fd_sc_hd__or3_2)
     2    0.006084    0.089761    0.460707    4.088597 v _352_/X (sky130_fd_sc_hd__or3_2)
                                                         _001_ (net)
                      0.089761    0.000000    4.088597 v _360_/B (sky130_fd_sc_hd__and3_2)
     3    0.006874    0.048991    0.223058    4.311655 v _360_/X (sky130_fd_sc_hd__and3_2)
                                                         _009_ (net)
                      0.048991    0.000000    4.311655 v _362_/A (sky130_fd_sc_hd__or3b_2)
     3    0.008025    0.097327    0.489578    4.801232 v _362_/X (sky130_fd_sc_hd__or3b_2)
                                                         _011_ (net)
                      0.097327    0.000000    4.801232 v _374_/A1 (sky130_fd_sc_hd__a21o_2)
     2    0.003816    0.037495    0.206102    5.007334 v _374_/X (sky130_fd_sc_hd__a21o_2)
                                                         _023_ (net)
                      0.037495    0.000000    5.007334 v _412_/A1 (sky130_fd_sc_hd__a21o_2)
     2    0.012446    0.058931    0.210277    5.217611 v _412_/X (sky130_fd_sc_hd__a21o_2)
                                                         _060_ (net)
                      0.058931    0.000000    5.217611 v _445_/A2 (sky130_fd_sc_hd__a21oi_2)
     3    0.011384    0.171541    0.193933    5.411544 ^ _445_/Y (sky130_fd_sc_hd__a21oi_2)
                                                         _092_ (net)
                      0.171541    0.000000    5.411544 ^ _509_/A_N (sky130_fd_sc_hd__nand3b_2)
     2    0.009069    0.090389    0.169781    5.581326 ^ _509_/Y (sky130_fd_sc_hd__nand3b_2)
                                                         _154_ (net)
                      0.090389    0.000000    5.581326 ^ _511_/A (sky130_fd_sc_hd__nand2_2)
     2    0.010284    0.057325    0.072555    5.653881 v _511_/Y (sky130_fd_sc_hd__nand2_2)
                                                         _156_ (net)
                      0.057325    0.000000    5.653881 v _512_/B (sky130_fd_sc_hd__xnor2_2)
     1    0.033442    0.453760    0.368891    6.022771 ^ _512_/Y (sky130_fd_sc_hd__xnor2_2)
                                                         P[10] (net)
                      0.453760    0.000000    6.022771 ^ P[10] (out)
                                              6.022771   data arrival time

                      0.000000   10.000000   10.000000   clock __VIRTUAL_CLK__ (rise edge)
                                  0.000000   10.000000   clock network delay (ideal)
                                 -0.250000    9.750000   clock uncertainty
                                  0.000000    9.750000   clock reconvergence pessimism
                                 -2.000000    7.750000   output external delay
                                              7.750000   data required time
---------------------------------------------------------------------------------------------
                                              7.750000   data required time
                                             -6.022771   data arrival time
---------------------------------------------------------------------------------------------
                                              1.727229   slack (MET)


Startpoint: A[0] (input port clocked by __VIRTUAL_CLK__)
Endpoint: P[9] (output port clocked by __VIRTUAL_CLK__)
Path Group: __VIRTUAL_CLK__
Path Type: max

Fanout         Cap        Slew       Delay        Time   Description
---------------------------------------------------------------------------------------------
                      0.000000    0.000000    0.000000   clock __VIRTUAL_CLK__ (rise edge)
                                  0.000000    0.000000   clock network delay (ideal)
                                  2.000000    2.000000 ^ input external delay
    19    0.059630    0.275358    0.187981    2.187980 ^ A[0] (in)
                                                         A[0] (net)
                      0.275358    0.000000    2.187980 ^ _291_/D (sky130_fd_sc_hd__nand4_2)
     4    0.006528    0.106457    0.149057    2.337037 v _291_/Y (sky130_fd_sc_hd__nand4_2)
                                                         _228_ (net)
                      0.106457    0.000000    2.337037 v _307_/C (sky130_fd_sc_hd__or4_2)
     2    0.005754    0.113889    0.640152    2.977189 v _307_/X (sky130_fd_sc_hd__or4_2)
                                                         _242_ (net)
                      0.113889    0.000000    2.977189 v _310_/B (sky130_fd_sc_hd__and3_2)
     4    0.009908    0.056226    0.243989    3.221179 v _310_/X (sky130_fd_sc_hd__and3_2)
                                                         _245_ (net)
                      0.056226    0.000000    3.221179 v _323_/A (sky130_fd_sc_hd__and3_2)
     3    0.007712    0.050878    0.189559    3.410737 v _323_/X (sky130_fd_sc_hd__and3_2)
                                                         _257_ (net)
                      0.050878    0.000000    3.410737 v _349_/A1 (sky130_fd_sc_hd__o21ba_2)
     2    0.005663    0.042975    0.217153    3.627890 v _349_/X (sky130_fd_sc_hd__o21ba_2)
                                                         _282_ (net)
                      0.042975    0.000000    3.627890 v _352_/B (sky130_fd_sc_hd__or3_2)
     2    0.006084    0.089761    0.460707    4.088597 v _352_/X (sky130_fd_sc_hd__or3_2)
                                                         _001_ (net)
                      0.089761    0.000000    4.088597 v _360_/B (sky130_fd_sc_hd__and3_2)
     3    0.006874    0.048991    0.223058    4.311655 v _360_/X (sky130_fd_sc_hd__and3_2)
                                                         _009_ (net)
                      0.048991    0.000000    4.311655 v _362_/A (sky130_fd_sc_hd__or3b_2)
     3    0.008025    0.097327    0.489578    4.801232 v _362_/X (sky130_fd_sc_hd__or3b_2)
                                                         _011_ (net)
                      0.097327    0.000000    4.801232 v _374_/A1 (sky130_fd_sc_hd__a21o_2)
     2    0.003816    0.037495    0.206102    5.007334 v _374_/X (sky130_fd_sc_hd__a21o_2)
                                                         _023_ (net)
                      0.037495    0.000000    5.007334 v _412_/A1 (sky130_fd_sc_hd__a21o_2)
     2    0.012446    0.058931    0.210277    5.217611 v _412_/X (sky130_fd_sc_hd__a21o_2)
                                                         _060_ (net)
                      0.058931    0.000000    5.217611 v _445_/A2 (sky130_fd_sc_hd__a21oi_2)
     3    0.011384    0.171541    0.193933    5.411544 ^ _445_/Y (sky130_fd_sc_hd__a21oi_2)
                                                         _092_ (net)
                      0.171541    0.000000    5.411544 ^ _446_/A_N (sky130_fd_sc_hd__nand2b_2)
     1    0.004621    0.049958    0.149771    5.561315 ^ _446_/Y (sky130_fd_sc_hd__nand2b_2)
                                                         _093_ (net)
                      0.049958    0.000000    5.561315 ^ _480_/B (sky130_fd_sc_hd__nand2_2)
     1    0.007837    0.043219    0.059150    5.620465 v _480_/Y (sky130_fd_sc_hd__nand2_2)
                                                         _126_ (net)
                      0.043219    0.000000    5.620465 v _481_/B (sky130_fd_sc_hd__xor2_2)
     1    0.033442    0.428944    0.352462    5.972927 ^ _481_/X (sky130_fd_sc_hd__xor2_2)
                                                         P[9] (net)
                      0.428944    0.000000    5.972927 ^ P[9] (out)
                                              5.972927   data arrival time

                      0.000000   10.000000   10.000000   clock __VIRTUAL_CLK__ (rise edge)
                                  0.000000   10.000000   clock network delay (ideal)
                                 -0.250000    9.750000   clock uncertainty
                                  0.000000    9.750000   clock reconvergence pessimism
                                 -2.000000    7.750000   output external delay
                                              7.750000   data required time
---------------------------------------------------------------------------------------------
                                              7.750000   data required time
                                             -5.972927   data arrival time
---------------------------------------------------------------------------------------------
                                              1.777073   slack (MET)


Startpoint: A[0] (input port clocked by __VIRTUAL_CLK__)
Endpoint: P[8] (output port clocked by __VIRTUAL_CLK__)
Path Group: __VIRTUAL_CLK__
Path Type: max

Fanout         Cap        Slew       Delay        Time   Description
---------------------------------------------------------------------------------------------
                      0.000000    0.000000    0.000000   clock __VIRTUAL_CLK__ (rise edge)
                                  0.000000    0.000000   clock network delay (ideal)
                                  2.000000    2.000000 ^ input external delay
    19    0.059630    0.275358    0.187981    2.187980 ^ A[0] (in)
                                                         A[0] (net)
                      0.275358    0.000000    2.187980 ^ _291_/D (sky130_fd_sc_hd__nand4_2)
     4    0.006528    0.106457    0.149057    2.337037 v _291_/Y (sky130_fd_sc_hd__nand4_2)
                                                         _228_ (net)
                      0.106457    0.000000    2.337037 v _307_/C (sky130_fd_sc_hd__or4_2)
     2    0.005754    0.113889    0.640152    2.977189 v _307_/X (sky130_fd_sc_hd__or4_2)
                                                         _242_ (net)
                      0.113889    0.000000    2.977189 v _310_/B (sky130_fd_sc_hd__and3_2)
     4    0.009908    0.056226    0.243989    3.221179 v _310_/X (sky130_fd_sc_hd__and3_2)
                                                         _245_ (net)
                      0.056226    0.000000    3.221179 v _323_/A (sky130_fd_sc_hd__and3_2)
     3    0.007712    0.050878    0.189559    3.410737 v _323_/X (sky130_fd_sc_hd__and3_2)
                                                         _257_ (net)
                      0.050878    0.000000    3.410737 v _349_/A1 (sky130_fd_sc_hd__o21ba_2)
     2    0.005663    0.042975    0.217153    3.627890 v _349_/X (sky130_fd_sc_hd__o21ba_2)
                                                         _282_ (net)
                      0.042975    0.000000    3.627890 v _352_/B (sky130_fd_sc_hd__or3_2)
     2    0.006084    0.089761    0.460707    4.088597 v _352_/X (sky130_fd_sc_hd__or3_2)
                                                         _001_ (net)
                      0.089761    0.000000    4.088597 v _360_/B (sky130_fd_sc_hd__and3_2)
     3    0.006874    0.048991    0.223058    4.311655 v _360_/X (sky130_fd_sc_hd__and3_2)
                                                         _009_ (net)
                      0.048991    0.000000    4.311655 v _362_/A (sky130_fd_sc_hd__or3b_2)
     3    0.008025    0.097327    0.489578    4.801232 v _362_/X (sky130_fd_sc_hd__or3b_2)
                                                         _011_ (net)
                      0.097327    0.000000    4.801232 v _374_/A1 (sky130_fd_sc_hd__a21o_2)
     2    0.003816    0.037495    0.206102    5.007334 v _374_/X (sky130_fd_sc_hd__a21o_2)
                                                         _023_ (net)
                      0.037495    0.000000    5.007334 v _412_/A1 (sky130_fd_sc_hd__a21o_2)
     2    0.012446    0.058931    0.210277    5.217611 v _412_/X (sky130_fd_sc_hd__a21o_2)
                                                         _060_ (net)
                      0.058931    0.000000    5.217611 v _445_/A2 (sky130_fd_sc_hd__a21oi_2)
     3    0.011384    0.171541    0.193933    5.411544 ^ _445_/Y (sky130_fd_sc_hd__a21oi_2)
                                                         _092_ (net)
                      0.171541    0.000000    5.411544 ^ _447_/B (sky130_fd_sc_hd__xnor2_2)
     1    0.033442    0.453699    0.230715    5.642260 ^ _447_/Y (sky130_fd_sc_hd__xnor2_2)
                                                         P[8] (net)
                      0.453699    0.000000    5.642260 ^ P[8] (out)
                                              5.642260   data arrival time

                      0.000000   10.000000   10.000000   clock __VIRTUAL_CLK__ (rise edge)
                                  0.000000   10.000000   clock network delay (ideal)
                                 -0.250000    9.750000   clock uncertainty
                                  0.000000    9.750000   clock reconvergence pessimism
                                 -2.000000    7.750000   output external delay
                                              7.750000   data required time
---------------------------------------------------------------------------------------------
                                              7.750000   data required time
                                             -5.642260   data arrival time
---------------------------------------------------------------------------------------------
                                              2.107740   slack (MET)


Startpoint: A[0] (input port clocked by __VIRTUAL_CLK__)
Endpoint: P[6] (output port clocked by __VIRTUAL_CLK__)
Path Group: __VIRTUAL_CLK__
Path Type: max

Fanout         Cap        Slew       Delay        Time   Description
---------------------------------------------------------------------------------------------
                      0.000000    0.000000    0.000000   clock __VIRTUAL_CLK__ (rise edge)
                                  0.000000    0.000000   clock network delay (ideal)
                                  2.000000    2.000000 ^ input external delay
    19    0.059630    0.275358    0.187981    2.187980 ^ A[0] (in)
                                                         A[0] (net)
                      0.275358    0.000000    2.187980 ^ _291_/D (sky130_fd_sc_hd__nand4_2)
     4    0.006528    0.106457    0.149057    2.337037 v _291_/Y (sky130_fd_sc_hd__nand4_2)
                                                         _228_ (net)
                      0.106457    0.000000    2.337037 v _307_/C (sky130_fd_sc_hd__or4_2)
     2    0.005754    0.113889    0.640152    2.977189 v _307_/X (sky130_fd_sc_hd__or4_2)
                                                         _242_ (net)
                      0.113889    0.000000    2.977189 v _310_/B (sky130_fd_sc_hd__and3_2)
     4    0.009908    0.056226    0.243989    3.221179 v _310_/X (sky130_fd_sc_hd__and3_2)
                                                         _245_ (net)
                      0.056226    0.000000    3.221179 v _323_/A (sky130_fd_sc_hd__and3_2)
     3    0.007712    0.050878    0.189559    3.410737 v _323_/X (sky130_fd_sc_hd__and3_2)
                                                         _257_ (net)
                      0.050878    0.000000    3.410737 v _349_/A1 (sky130_fd_sc_hd__o21ba_2)
     2    0.005663    0.042975    0.217153    3.627890 v _349_/X (sky130_fd_sc_hd__o21ba_2)
                                                         _282_ (net)
                      0.042975    0.000000    3.627890 v _352_/B (sky130_fd_sc_hd__or3_2)
     2    0.006084    0.089761    0.460707    4.088597 v _352_/X (sky130_fd_sc_hd__or3_2)
                                                         _001_ (net)
                      0.089761    0.000000    4.088597 v _360_/B (sky130_fd_sc_hd__and3_2)
     3    0.006874    0.048991    0.223058    4.311655 v _360_/X (sky130_fd_sc_hd__and3_2)
                                                         _009_ (net)
                      0.048991    0.000000    4.311655 v _362_/A (sky130_fd_sc_hd__or3b_2)
     3    0.008025    0.097327    0.489578    4.801232 v _362_/X (sky130_fd_sc_hd__or3b_2)
                                                         _011_ (net)
                      0.097327    0.000000    4.801232 v _374_/A1 (sky130_fd_sc_hd__a21o_2)
     2    0.003816    0.037495    0.206102    5.007334 v _374_/X (sky130_fd_sc_hd__a21o_2)
                                                         _023_ (net)
                      0.037495    0.000000    5.007334 v _375_/B (sky130_fd_sc_hd__and2b_2)
     1    0.008584    0.051115    0.202409    5.209743 v _375_/X (sky130_fd_sc_hd__and2b_2)
                                                         _024_ (net)
                      0.051115    0.000000    5.209743 v _378_/A (sky130_fd_sc_hd__xor2_2)
     1    0.033442    0.428573    0.382724    5.592467 ^ _378_/X (sky130_fd_sc_hd__xor2_2)
                                                         P[6] (net)
                      0.428573    0.000000    5.592467 ^ P[6] (out)
                                              5.592467   data arrival time

                      0.000000   10.000000   10.000000   clock __VIRTUAL_CLK__ (rise edge)
                                  0.000000   10.000000   clock network delay (ideal)
                                 -0.250000    9.750000   clock uncertainty
                                  0.000000    9.750000   clock reconvergence pessimism
                                 -2.000000    7.750000   output external delay
                                              7.750000   data required time
---------------------------------------------------------------------------------------------
                                              7.750000   data required time
                                             -5.592467   data arrival time
---------------------------------------------------------------------------------------------
                                              2.157532   slack (MET)


Startpoint: A[0] (input port clocked by __VIRTUAL_CLK__)
Endpoint: P[7] (output port clocked by __VIRTUAL_CLK__)
Path Group: __VIRTUAL_CLK__
Path Type: max

Fanout         Cap        Slew       Delay        Time   Description
---------------------------------------------------------------------------------------------
                      0.000000    0.000000    0.000000   clock __VIRTUAL_CLK__ (rise edge)
                                  0.000000    0.000000   clock network delay (ideal)
                                  2.000000    2.000000 ^ input external delay
    19    0.059630    0.275358    0.187981    2.187980 ^ A[0] (in)
                                                         A[0] (net)
                      0.275358    0.000000    2.187980 ^ _291_/D (sky130_fd_sc_hd__nand4_2)
     4    0.006528    0.106457    0.149057    2.337037 v _291_/Y (sky130_fd_sc_hd__nand4_2)
                                                         _228_ (net)
                      0.106457    0.000000    2.337037 v _307_/C (sky130_fd_sc_hd__or4_2)
     2    0.005754    0.113889    0.640152    2.977189 v _307_/X (sky130_fd_sc_hd__or4_2)
                                                         _242_ (net)
                      0.113889    0.000000    2.977189 v _310_/B (sky130_fd_sc_hd__and3_2)
     4    0.009908    0.056226    0.243989    3.221179 v _310_/X (sky130_fd_sc_hd__and3_2)
                                                         _245_ (net)
                      0.056226    0.000000    3.221179 v _323_/A (sky130_fd_sc_hd__and3_2)
     3    0.007712    0.050878    0.189559    3.410737 v _323_/X (sky130_fd_sc_hd__and3_2)
                                                         _257_ (net)
                      0.050878    0.000000    3.410737 v _349_/A1 (sky130_fd_sc_hd__o21ba_2)
     2    0.005663    0.042975    0.217153    3.627890 v _349_/X (sky130_fd_sc_hd__o21ba_2)
                                                         _282_ (net)
                      0.042975    0.000000    3.627890 v _352_/B (sky130_fd_sc_hd__or3_2)
     2    0.006084    0.089761    0.460707    4.088597 v _352_/X (sky130_fd_sc_hd__or3_2)
                                                         _001_ (net)
                      0.089761    0.000000    4.088597 v _360_/B (sky130_fd_sc_hd__and3_2)
     3    0.006874    0.048991    0.223058    4.311655 v _360_/X (sky130_fd_sc_hd__and3_2)
                                                         _009_ (net)
                      0.048991    0.000000    4.311655 v _362_/A (sky130_fd_sc_hd__or3b_2)
     3    0.008025    0.097327    0.489578    4.801232 v _362_/X (sky130_fd_sc_hd__or3b_2)
                                                         _011_ (net)
                      0.097327    0.000000    4.801232 v _374_/A1 (sky130_fd_sc_hd__a21o_2)
     2    0.003816    0.037495    0.206102    5.007334 v _374_/X (sky130_fd_sc_hd__a21o_2)
                                                         _023_ (net)
                      0.037495    0.000000    5.007334 v _412_/A1 (sky130_fd_sc_hd__a21o_2)
     2    0.012446    0.058931    0.210277    5.217611 v _412_/X (sky130_fd_sc_hd__a21o_2)
                                                         _060_ (net)
                      0.058931    0.000000    5.217611 v _413_/B (sky130_fd_sc_hd__xor2_2)
     1    0.033442    0.428700    0.358712    5.576324 ^ _413_/X (sky130_fd_sc_hd__xor2_2)
                                                         P[7] (net)
                      0.428700    0.000000    5.576324 ^ P[7] (out)
                                              5.576324   data arrival time

                      0.000000   10.000000   10.000000   clock __VIRTUAL_CLK__ (rise edge)
                                  0.000000   10.000000   clock network delay (ideal)
                                 -0.250000    9.750000   clock uncertainty
                                  0.000000    9.750000   clock reconvergence pessimism
                                 -2.000000    7.750000   output external delay
                                              7.750000   data required time
---------------------------------------------------------------------------------------------
                                              7.750000   data required time
                                             -5.576324   data arrival time
---------------------------------------------------------------------------------------------
                                              2.173676   slack (MET)


Startpoint: A[0] (input port clocked by __VIRTUAL_CLK__)
Endpoint: P[5] (output port clocked by __VIRTUAL_CLK__)
Path Group: __VIRTUAL_CLK__
Path Type: max

Fanout         Cap        Slew       Delay        Time   Description
---------------------------------------------------------------------------------------------
                      0.000000    0.000000    0.000000   clock __VIRTUAL_CLK__ (rise edge)
                                  0.000000    0.000000   clock network delay (ideal)
                                  2.000000    2.000000 ^ input external delay
    19    0.059630    0.275358    0.187981    2.187980 ^ A[0] (in)
                                                         A[0] (net)
                      0.275358    0.000000    2.187980 ^ _291_/D (sky130_fd_sc_hd__nand4_2)
     4    0.006528    0.106457    0.149057    2.337037 v _291_/Y (sky130_fd_sc_hd__nand4_2)
                                                         _228_ (net)
                      0.106457    0.000000    2.337037 v _307_/C (sky130_fd_sc_hd__or4_2)
     2    0.005754    0.113889    0.640152    2.977189 v _307_/X (sky130_fd_sc_hd__or4_2)
                                                         _242_ (net)
                      0.113889    0.000000    2.977189 v _310_/B (sky130_fd_sc_hd__and3_2)
     4    0.009908    0.056226    0.243989    3.221179 v _310_/X (sky130_fd_sc_hd__and3_2)
                                                         _245_ (net)
                      0.056226    0.000000    3.221179 v _312_/B (sky130_fd_sc_hd__nor3_2)
     4    0.019704    0.370035    0.331666    3.552844 ^ _312_/Y (sky130_fd_sc_hd__nor3_2)
                                                         _247_ (net)
                      0.370035    0.000000    3.552844 ^ _367_/A1 (sky130_fd_sc_hd__a21oi_2)
     1    0.008077    0.098393    0.117434    3.670278 v _367_/Y (sky130_fd_sc_hd__a21oi_2)
                                                         _016_ (net)
                      0.098393    0.000000    3.670278 v _368_/B (sky130_fd_sc_hd__xnor2_2)
     2    0.011010    0.195024    0.197544    3.867822 ^ _368_/Y (sky130_fd_sc_hd__xnor2_2)
                                                         _017_ (net)
                      0.195024    0.000000    3.867822 ^ _371_/B (sky130_fd_sc_hd__xor2_2)
     2    0.010937    0.181490    0.206717    4.074540 ^ _371_/X (sky130_fd_sc_hd__xor2_2)
                                                         _020_ (net)
                      0.181490    0.000000    4.074540 ^ _376_/B (sky130_fd_sc_hd__xnor2_2)
     2    0.003009    0.102901    0.125385    4.199924 ^ _376_/Y (sky130_fd_sc_hd__xnor2_2)
                                                         _025_ (net)
                      0.102901    0.000000    4.199924 ^ _582_/C_N (sky130_fd_sc_hd__or3b_2)
     1    0.001541    0.069870    0.433165    4.633089 v _582_/X (sky130_fd_sc_hd__or3b_2)
                                                         _222_ (net)
                      0.069870    0.000000    4.633089 v _583_/B (sky130_fd_sc_hd__and2b_2)
     1    0.033442    0.103018    0.276484    4.909573 v _583_/X (sky130_fd_sc_hd__and2b_2)
                                                         P[5] (net)
                      0.103018    0.000000    4.909573 v P[5] (out)
                                              4.909573   data arrival time

                      0.000000   10.000000   10.000000   clock __VIRTUAL_CLK__ (rise edge)
                                  0.000000   10.000000   clock network delay (ideal)
                                 -0.250000    9.750000   clock uncertainty
                                  0.000000    9.750000   clock reconvergence pessimism
                                 -2.000000    7.750000   output external delay
                                              7.750000   data required time
---------------------------------------------------------------------------------------------
                                              7.750000   data required time
                                             -4.909573   data arrival time
---------------------------------------------------------------------------------------------
                                              2.840428   slack (MET)


Startpoint: A[0] (input port clocked by __VIRTUAL_CLK__)
Endpoint: P[4] (output port clocked by __VIRTUAL_CLK__)
Path Group: __VIRTUAL_CLK__
Path Type: max

Fanout         Cap        Slew       Delay        Time   Description
---------------------------------------------------------------------------------------------
                      0.000000    0.000000    0.000000   clock __VIRTUAL_CLK__ (rise edge)
                                  0.000000    0.000000   clock network delay (ideal)
                                  2.000000    2.000000 ^ input external delay
    19    0.059630    0.275358    0.187981    2.187980 ^ A[0] (in)
                                                         A[0] (net)
                      0.275358    0.000000    2.187980 ^ _291_/D (sky130_fd_sc_hd__nand4_2)
     4    0.006528    0.106457    0.149057    2.337037 v _291_/Y (sky130_fd_sc_hd__nand4_2)
                                                         _228_ (net)
                      0.106457    0.000000    2.337037 v _307_/C (sky130_fd_sc_hd__or4_2)
     2    0.005754    0.113889    0.640152    2.977189 v _307_/X (sky130_fd_sc_hd__or4_2)
                                                         _242_ (net)
                      0.113889    0.000000    2.977189 v _310_/B (sky130_fd_sc_hd__and3_2)
     4    0.009908    0.056226    0.243989    3.221179 v _310_/X (sky130_fd_sc_hd__and3_2)
                                                         _245_ (net)
                      0.056226    0.000000    3.221179 v _323_/A (sky130_fd_sc_hd__and3_2)
     3    0.007712    0.050878    0.189559    3.410737 v _323_/X (sky130_fd_sc_hd__and3_2)
                                                         _257_ (net)
                      0.050878    0.000000    3.410737 v _325_/A_N (sky130_fd_sc_hd__nand2b_2)
     1    0.008077    0.060305    0.188544    3.599281 v _325_/Y (sky130_fd_sc_hd__nand2b_2)
                                                         _259_ (net)
                      0.060305    0.000000    3.599281 v _326_/B (sky130_fd_sc_hd__xnor2_2)
     2    0.009532    0.097245    0.149051    3.748332 v _326_/Y (sky130_fd_sc_hd__xnor2_2)
                                                         _260_ (net)
                      0.097245    0.000000    3.748332 v _328_/B (sky130_fd_sc_hd__xnor2_2)
     2    0.005574    0.054527    0.151454    3.899786 v _328_/Y (sky130_fd_sc_hd__xnor2_2)
                                                         _262_ (net)
                      0.054527    0.000000    3.899786 v _329_/C (sky130_fd_sc_hd__and3_2)
     3    0.007884    0.051524    0.224729    4.124516 v _329_/X (sky130_fd_sc_hd__and3_2)
                                                         _263_ (net)
                      0.051524    0.000000    4.124516 v _331_/A (sky130_fd_sc_hd__nor2_2)
     1    0.033442    0.373465    0.323423    4.447938 ^ _331_/Y (sky130_fd_sc_hd__nor2_2)
                                                         P[4] (net)
                      0.373465    0.000000    4.447938 ^ P[4] (out)
                                              4.447938   data arrival time

                      0.000000   10.000000   10.000000   clock __VIRTUAL_CLK__ (rise edge)
                                  0.000000   10.000000   clock network delay (ideal)
                                 -0.250000    9.750000   clock uncertainty
                                  0.000000    9.750000   clock reconvergence pessimism
                                 -2.000000    7.750000   output external delay
                                              7.750000   data required time
---------------------------------------------------------------------------------------------
                                              7.750000   data required time
                                             -4.447938   data arrival time
---------------------------------------------------------------------------------------------
                                              3.302062   slack (MET)


Startpoint: A[0] (input port clocked by __VIRTUAL_CLK__)
Endpoint: P[3] (output port clocked by __VIRTUAL_CLK__)
Path Group: __VIRTUAL_CLK__
Path Type: max

Fanout         Cap        Slew       Delay        Time   Description
---------------------------------------------------------------------------------------------
                      0.000000    0.000000    0.000000   clock __VIRTUAL_CLK__ (rise edge)
                                  0.000000    0.000000   clock network delay (ideal)
                                  2.000000    2.000000 ^ input external delay
    19    0.059630    0.275358    0.187981    2.187980 ^ A[0] (in)
                                                         A[0] (net)
                      0.275358    0.000000    2.187980 ^ _291_/D (sky130_fd_sc_hd__nand4_2)
     4    0.006528    0.106457    0.149057    2.337037 v _291_/Y (sky130_fd_sc_hd__nand4_2)
                                                         _228_ (net)
                      0.106457    0.000000    2.337037 v _307_/C (sky130_fd_sc_hd__or4_2)
     2    0.005754    0.113889    0.640152    2.977189 v _307_/X (sky130_fd_sc_hd__or4_2)
                                                         _242_ (net)
                      0.113889    0.000000    2.977189 v _310_/B (sky130_fd_sc_hd__and3_2)
     4    0.009908    0.056226    0.243989    3.221179 v _310_/X (sky130_fd_sc_hd__and3_2)
                                                         _245_ (net)
                      0.056226    0.000000    3.221179 v _313_/A1 (sky130_fd_sc_hd__o21a_2)
     1    0.004136    0.038397    0.212493    3.433672 v _313_/X (sky130_fd_sc_hd__o21a_2)
                                                         _248_ (net)
                      0.038397    0.000000    3.433672 v _314_/B (sky130_fd_sc_hd__nor2_2)
     1    0.033442    0.373467    0.296353    3.730025 ^ _314_/Y (sky130_fd_sc_hd__nor2_2)
                                                         P[3] (net)
                      0.373467    0.000000    3.730025 ^ P[3] (out)
                                              3.730025   data arrival time

                      0.000000   10.000000   10.000000   clock __VIRTUAL_CLK__ (rise edge)
                                  0.000000   10.000000   clock network delay (ideal)
                                 -0.250000    9.750000   clock uncertainty
                                  0.000000    9.750000   clock reconvergence pessimism
                                 -2.000000    7.750000   output external delay
                                              7.750000   data required time
---------------------------------------------------------------------------------------------
                                              7.750000   data required time
                                             -3.730025   data arrival time
---------------------------------------------------------------------------------------------
                                              4.019975   slack (MET)


Startpoint: A[0] (input port clocked by __VIRTUAL_CLK__)
Endpoint: P[2] (output port clocked by __VIRTUAL_CLK__)
Path Group: __VIRTUAL_CLK__
Path Type: max

Fanout         Cap        Slew       Delay        Time   Description
---------------------------------------------------------------------------------------------
                      0.000000    0.000000    0.000000   clock __VIRTUAL_CLK__ (rise edge)
                                  0.000000    0.000000   clock network delay (ideal)
                                  2.000000    2.000000 v input external delay
    19    0.056214    0.123095    0.090151    2.090151 v A[0] (in)
                                                         A[0] (net)
                      0.123095    0.000000    2.090151 v _289_/B (sky130_fd_sc_hd__and2_2)
     3    0.039495    0.113879    0.307418    2.397569 v _289_/X (sky130_fd_sc_hd__and2_2)
                                                         P[0] (net)
                      0.113879    0.000000    2.397569 v _294_/A (sky130_fd_sc_hd__or3_2)
     2    0.006531    0.091418    0.510693    2.908262 v _294_/X (sky130_fd_sc_hd__or3_2)
                                                         _230_ (net)
                      0.091418    0.000000    2.908262 v _298_/A1 (sky130_fd_sc_hd__a21o_2)
     1    0.001418    0.029713    0.192575    3.100838 v _298_/X (sky130_fd_sc_hd__a21o_2)
                                                         _234_ (net)
                      0.029713    0.000000    3.100838 v _300_/A (sky130_fd_sc_hd__and2_2)
     1    0.033442    0.101843    0.232306    3.333143 v _300_/X (sky130_fd_sc_hd__and2_2)
                                                         P[2] (net)
                      0.101843    0.000000    3.333143 v P[2] (out)
                                              3.333143   data arrival time

                      0.000000   10.000000   10.000000   clock __VIRTUAL_CLK__ (rise edge)
                                  0.000000   10.000000   clock network delay (ideal)
                                 -0.250000    9.750000   clock uncertainty
                                  0.000000    9.750000   clock reconvergence pessimism
                                 -2.000000    7.750000   output external delay
                                              7.750000   data required time
---------------------------------------------------------------------------------------------
                                              7.750000   data required time
                                             -3.333143   data arrival time
---------------------------------------------------------------------------------------------
                                              4.416857   slack (MET)


Startpoint: A[0] (input port clocked by __VIRTUAL_CLK__)
Endpoint: P[1] (output port clocked by __VIRTUAL_CLK__)
Path Group: __VIRTUAL_CLK__
Path Type: max

Fanout         Cap        Slew       Delay        Time   Description
---------------------------------------------------------------------------------------------
                      0.000000    0.000000    0.000000   clock __VIRTUAL_CLK__ (rise edge)
                                  0.000000    0.000000   clock network delay (ideal)
                                  2.000000    2.000000 ^ input external delay
    19    0.059630    0.275358    0.187981    2.187980 ^ A[0] (in)
                                                         A[0] (net)
                      0.275358    0.000000    2.187980 ^ _291_/D (sky130_fd_sc_hd__nand4_2)
     4    0.006528    0.106457    0.149057    2.337037 v _291_/Y (sky130_fd_sc_hd__nand4_2)
                                                         _228_ (net)
                      0.106457    0.000000    2.337037 v _292_/C (sky130_fd_sc_hd__and3_2)
     1    0.033442    0.105224    0.312014    2.649051 v _292_/X (sky130_fd_sc_hd__and3_2)
                                                         P[1] (net)
                      0.105224    0.000000    2.649051 v P[1] (out)
                                              2.649051   data arrival time

                      0.000000   10.000000   10.000000   clock __VIRTUAL_CLK__ (rise edge)
                                  0.000000   10.000000   clock network delay (ideal)
                                 -0.250000    9.750000   clock uncertainty
                                  0.000000    9.750000   clock reconvergence pessimism
                                 -2.000000    7.750000   output external delay
                                              7.750000   data required time
---------------------------------------------------------------------------------------------
                                              7.750000   data required time
                                             -2.649051   data arrival time
---------------------------------------------------------------------------------------------
                                              5.100948   slack (MET)


Startpoint: A[0] (input port clocked by __VIRTUAL_CLK__)
Endpoint: P[0] (output port clocked by __VIRTUAL_CLK__)
Path Group: __VIRTUAL_CLK__
Path Type: max

Fanout         Cap        Slew       Delay        Time   Description
---------------------------------------------------------------------------------------------
                      0.000000    0.000000    0.000000   clock __VIRTUAL_CLK__ (rise edge)
                                  0.000000    0.000000   clock network delay (ideal)
                                  2.000000    2.000000 ^ input external delay
    19    0.059630    0.275358    0.187981    2.187980 ^ A[0] (in)
                                                         A[0] (net)
                      0.275358    0.000000    2.187980 ^ _289_/B (sky130_fd_sc_hd__and2_2)
     3    0.040161    0.213572    0.327947    2.515928 ^ _289_/X (sky130_fd_sc_hd__and2_2)
                                                         P[0] (net)
                      0.213572    0.000000    2.515928 ^ P[0] (out)
                                              2.515928   data arrival time

                      0.000000   10.000000   10.000000   clock __VIRTUAL_CLK__ (rise edge)
                                  0.000000   10.000000   clock network delay (ideal)
                                 -0.250000    9.750000   clock uncertainty
                                  0.000000    9.750000   clock reconvergence pessimism
                                 -2.000000    7.750000   output external delay
                                              7.750000   data required time
---------------------------------------------------------------------------------------------
                                              7.750000   data required time
                                             -2.515928   data arrival time
---------------------------------------------------------------------------------------------
                                              5.234072   slack (MET)



