
===========================================================================
report_checks -path_delay min (Hold)
============================================================================
======================= nom_tt_025C_1v80 Corner ===================================

Startpoint: B[0] (input port clocked by __VIRTUAL_CLK__)
Endpoint: P[4] (output port clocked by __VIRTUAL_CLK__)
Path Group: __VIRTUAL_CLK__
Path Type: min

Fanout         Cap        Slew       Delay        Time   Description
---------------------------------------------------------------------------------------------
                      0.000000    0.000000    0.000000   clock __VIRTUAL_CLK__ (rise edge)
                                  0.000000    0.000000   clock network delay (ideal)
                                  2.000000    2.000000 v input external delay
     7    0.027738    0.062763    0.044217    2.044217 v B[0] (in)
                                                         B[0] (net)
                      0.062763    0.000000    2.044217 v _475_/A1 (sky130_fd_sc_hd__a21oi_2)
     1    0.004825    0.092861    0.128877    2.173094 ^ _475_/Y (sky130_fd_sc_hd__a21oi_2)
                                                         _162_ (net)
                      0.092861    0.000002    2.173096 ^ _476_/B (sky130_fd_sc_hd__nor2_2)
     1    0.034559    0.084581    0.100876    2.273972 v _476_/Y (sky130_fd_sc_hd__nor2_2)
                                                         P[4] (net)
                      0.084581    0.000165    2.274137 v P[4] (out)
                                              2.274137   data arrival time

                      0.000000    0.000000    0.000000   clock __VIRTUAL_CLK__ (rise edge)
                                  0.000000    0.000000   clock network delay (ideal)
                                  0.250000    0.250000   clock uncertainty
                                  0.000000    0.250000   clock reconvergence pessimism
                                 -2.000000   -1.750000   output external delay
                                             -1.750000   data required time
---------------------------------------------------------------------------------------------
                                             -1.750000   data required time
                                             -2.274137   data arrival time
---------------------------------------------------------------------------------------------
                                              4.024137   slack (MET)


Startpoint: B[1] (input port clocked by __VIRTUAL_CLK__)
Endpoint: P[1] (output port clocked by __VIRTUAL_CLK__)
Path Group: __VIRTUAL_CLK__
Path Type: min

Fanout         Cap        Slew       Delay        Time   Description
---------------------------------------------------------------------------------------------
                      0.000000    0.000000    0.000000   clock __VIRTUAL_CLK__ (rise edge)
                                  0.000000    0.000000   clock network delay (ideal)
                                  2.000000    2.000000 v input external delay
    17    0.064333    0.142587    0.102064    2.102064 v B[1] (in)
                                                         B[1] (net)
                      0.142590    0.000000    2.102064 v _478_/A (sky130_fd_sc_hd__buf_2)
     1    0.034834    0.090715    0.225465    2.327529 v _478_/X (sky130_fd_sc_hd__buf_2)
                                                         P[1] (net)
                      0.090715    0.000230    2.327759 v P[1] (out)
                                              2.327759   data arrival time

                      0.000000    0.000000    0.000000   clock __VIRTUAL_CLK__ (rise edge)
                                  0.000000    0.000000   clock network delay (ideal)
                                  0.250000    0.250000   clock uncertainty
                                  0.000000    0.250000   clock reconvergence pessimism
                                 -2.000000   -1.750000   output external delay
                                             -1.750000   data required time
---------------------------------------------------------------------------------------------
                                             -1.750000   data required time
                                             -2.327759   data arrival time
---------------------------------------------------------------------------------------------
                                              4.077759   slack (MET)


Startpoint: B[0] (input port clocked by __VIRTUAL_CLK__)
Endpoint: P[0] (output port clocked by __VIRTUAL_CLK__)
Path Group: __VIRTUAL_CLK__
Path Type: min

Fanout         Cap        Slew       Delay        Time   Description
---------------------------------------------------------------------------------------------
                      0.000000    0.000000    0.000000   clock __VIRTUAL_CLK__ (rise edge)
                                  0.000000    0.000000   clock network delay (ideal)
                                  2.000000    2.000000 v input external delay
     7    0.027738    0.062763    0.044267    2.044267 v B[0] (in)
                                                         B[0] (net)
                      0.062763    0.000000    2.044267 v _470_/B (sky130_fd_sc_hd__and2_2)
     1    0.001983    0.032827    0.186442    2.230709 v _470_/X (sky130_fd_sc_hd__and2_2)
                                                         mul_ll.mul_ll.pp0 (net)
                      0.032827    0.000003    2.230712 v _477_/A (sky130_fd_sc_hd__buf_2)
     1    0.034548    0.089974    0.175779    2.406491 v _477_/X (sky130_fd_sc_hd__buf_2)
                                                         P[0] (net)
                      0.089974    0.000163    2.406654 v P[0] (out)
                                              2.406654   data arrival time

                      0.000000    0.000000    0.000000   clock __VIRTUAL_CLK__ (rise edge)
                                  0.000000    0.000000   clock network delay (ideal)
                                  0.250000    0.250000   clock uncertainty
                                  0.000000    0.250000   clock reconvergence pessimism
                                 -2.000000   -1.750000   output external delay
                                             -1.750000   data required time
---------------------------------------------------------------------------------------------
                                             -1.750000   data required time
                                             -2.406654   data arrival time
---------------------------------------------------------------------------------------------
                                              4.156654   slack (MET)


Startpoint: B[0] (input port clocked by __VIRTUAL_CLK__)
Endpoint: P[2] (output port clocked by __VIRTUAL_CLK__)
Path Group: __VIRTUAL_CLK__
Path Type: min

Fanout         Cap        Slew       Delay        Time   Description
---------------------------------------------------------------------------------------------
                      0.000000    0.000000    0.000000   clock __VIRTUAL_CLK__ (rise edge)
                                  0.000000    0.000000   clock network delay (ideal)
                                  2.000000    2.000000 ^ input external delay
     7    0.028898    0.135372    0.093525    2.093524 ^ B[0] (in)
                                                         B[0] (net)
                      0.135375    0.000000    2.093524 ^ _471_/A2 (sky130_fd_sc_hd__a22o_2)
     1    0.002132    0.030709    0.154350    2.247874 ^ _471_/X (sky130_fd_sc_hd__a22o_2)
                                                         _160_ (net)
                      0.030709    0.000006    2.247880 ^ _472_/B (sky130_fd_sc_hd__and2_2)
     1    0.036432    0.191122    0.247951    2.495831 ^ _472_/X (sky130_fd_sc_hd__and2_2)
                                                         P[2] (net)
                      0.191122    0.000700    2.496531 ^ P[2] (out)
                                              2.496531   data arrival time

                      0.000000    0.000000    0.000000   clock __VIRTUAL_CLK__ (rise edge)
                                  0.000000    0.000000   clock network delay (ideal)
                                  0.250000    0.250000   clock uncertainty
                                  0.000000    0.250000   clock reconvergence pessimism
                                 -2.000000   -1.750000   output external delay
                                             -1.750000   data required time
---------------------------------------------------------------------------------------------
                                             -1.750000   data required time
                                             -2.496531   data arrival time
---------------------------------------------------------------------------------------------
                                              4.246531   slack (MET)


Startpoint: A[7] (input port clocked by __VIRTUAL_CLK__)
Endpoint: P[15] (output port clocked by __VIRTUAL_CLK__)
Path Group: __VIRTUAL_CLK__
Path Type: min

Fanout         Cap        Slew       Delay        Time   Description
---------------------------------------------------------------------------------------------
                      0.000000    0.000000    0.000000   clock __VIRTUAL_CLK__ (rise edge)
                                  0.000000    0.000000   clock network delay (ideal)
                                  2.000000    2.000000 ^ input external delay
     8    0.031009    0.144817    0.099703    2.099703 ^ A[7] (in)
                                                         A[7] (net)
                      0.144818    0.000000    2.099703 ^ _462_/B (sky130_fd_sc_hd__nand3_2)
     2    0.003968    0.046500    0.088504    2.188207 v _462_/Y (sky130_fd_sc_hd__nand3_2)
                                                         _155_ (net)
                      0.046500    0.000006    2.188213 v _466_/B1_N (sky130_fd_sc_hd__a21bo_2)
     1    0.003527    0.033328    0.183093    2.371306 ^ _466_/X (sky130_fd_sc_hd__a21bo_2)
                                                         _158_ (net)
                      0.033328    0.000020    2.371325 ^ _467_/B1 (sky130_fd_sc_hd__a21o_2)
     1    0.034515    0.173996    0.183719    2.555044 ^ _467_/X (sky130_fd_sc_hd__a21o_2)
                                                         P[15] (net)
                      0.173996    0.000162    2.555207 ^ P[15] (out)
                                              2.555207   data arrival time

                      0.000000    0.000000    0.000000   clock __VIRTUAL_CLK__ (rise edge)
                                  0.000000    0.000000   clock network delay (ideal)
                                  0.250000    0.250000   clock uncertainty
                                  0.000000    0.250000   clock reconvergence pessimism
                                 -2.000000   -1.750000   output external delay
                                             -1.750000   data required time
---------------------------------------------------------------------------------------------
                                             -1.750000   data required time
                                             -2.555207   data arrival time
---------------------------------------------------------------------------------------------
                                              4.305207   slack (MET)


Startpoint: B[1] (input port clocked by __VIRTUAL_CLK__)
Endpoint: P[5] (output port clocked by __VIRTUAL_CLK__)
Path Group: __VIRTUAL_CLK__
Path Type: min

Fanout         Cap        Slew       Delay        Time   Description
---------------------------------------------------------------------------------------------
                      0.000000    0.000000    0.000000   clock __VIRTUAL_CLK__ (rise edge)
                                  0.000000    0.000000   clock network delay (ideal)
                                  2.000000    2.000000 v input external delay
    17    0.064333    0.142587    0.102286    2.102286 v B[1] (in)
                                                         B[1] (net)
                      0.142593    0.000000    2.102286 v _287_/A (sky130_fd_sc_hd__nand2_2)
     1    0.009134    0.071696    0.111200    2.213485 ^ _287_/Y (sky130_fd_sc_hd__nand2_2)
                                                         _219_ (net)
                      0.071696    0.000005    2.213490 ^ _292_/A (sky130_fd_sc_hd__xnor2_2)
     2    0.006294    0.044315    0.077228    2.290718 v _292_/Y (sky130_fd_sc_hd__xnor2_2)
                                                         _224_ (net)
                      0.044315    0.000015    2.290733 v _298_/B1 (sky130_fd_sc_hd__o21ai_2)
     3    0.007145    0.060335    0.064442    2.355174 ^ _298_/Y (sky130_fd_sc_hd__o21ai_2)
                                                         _230_ (net)
                      0.060335    0.000008    2.355182 ^ _469_/A (sky130_fd_sc_hd__and2_2)
     1    0.034585    0.183108    0.247130    2.602312 ^ _469_/X (sky130_fd_sc_hd__and2_2)
                                                         P[5] (net)
                      0.183108    0.000167    2.602478 ^ P[5] (out)
                                              2.602478   data arrival time

                      0.000000    0.000000    0.000000   clock __VIRTUAL_CLK__ (rise edge)
                                  0.000000    0.000000   clock network delay (ideal)
                                  0.250000    0.250000   clock uncertainty
                                  0.000000    0.250000   clock reconvergence pessimism
                                 -2.000000   -1.750000   output external delay
                                             -1.750000   data required time
---------------------------------------------------------------------------------------------
                                             -1.750000   data required time
                                             -2.602478   data arrival time
---------------------------------------------------------------------------------------------
                                              4.352478   slack (MET)


Startpoint: A[7] (input port clocked by __VIRTUAL_CLK__)
Endpoint: P[14] (output port clocked by __VIRTUAL_CLK__)
Path Group: __VIRTUAL_CLK__
Path Type: min

Fanout         Cap        Slew       Delay        Time   Description
---------------------------------------------------------------------------------------------
                      0.000000    0.000000    0.000000   clock __VIRTUAL_CLK__ (rise edge)
                                  0.000000    0.000000   clock network delay (ideal)
                                  2.000000    2.000000 v input external delay
     8    0.029255    0.066071    0.046620    2.046620 v A[7] (in)
                                                         A[7] (net)
                      0.066072    0.000000    2.046620 v _462_/B (sky130_fd_sc_hd__nand3_2)
     2    0.004224    0.049514    0.075959    2.122580 ^ _462_/Y (sky130_fd_sc_hd__nand3_2)
                                                         _155_ (net)
                      0.049514    0.000003    2.122583 ^ _463_/B1 (sky130_fd_sc_hd__o211a_2)
     2    0.011470    0.087405    0.204621    2.327203 ^ _463_/X (sky130_fd_sc_hd__o211a_2)
                                                         _156_ (net)
                      0.087405    0.000032    2.327235 ^ _464_/B (sky130_fd_sc_hd__xor2_2)
     2    0.011507    0.050625    0.090065    2.417300 v _464_/X (sky130_fd_sc_hd__xor2_2)
                                                         _157_ (net)
                      0.050625    0.000089    2.417389 v _465_/B (sky130_fd_sc_hd__xor2_2)
     1    0.034818    0.102503    0.210826    2.628216 v _465_/X (sky130_fd_sc_hd__xor2_2)
                                                         P[14] (net)
                      0.102503    0.000211    2.628427 v P[14] (out)
                                              2.628427   data arrival time

                      0.000000    0.000000    0.000000   clock __VIRTUAL_CLK__ (rise edge)
                                  0.000000    0.000000   clock network delay (ideal)
                                  0.250000    0.250000   clock uncertainty
                                  0.000000    0.250000   clock reconvergence pessimism
                                 -2.000000   -1.750000   output external delay
                                             -1.750000   data required time
---------------------------------------------------------------------------------------------
                                             -1.750000   data required time
                                             -2.628427   data arrival time
---------------------------------------------------------------------------------------------
                                              4.378427   slack (MET)


Startpoint: B[0] (input port clocked by __VIRTUAL_CLK__)
Endpoint: P[3] (output port clocked by __VIRTUAL_CLK__)
Path Group: __VIRTUAL_CLK__
Path Type: min

Fanout         Cap        Slew       Delay        Time   Description
---------------------------------------------------------------------------------------------
                      0.000000    0.000000    0.000000   clock __VIRTUAL_CLK__ (rise edge)
                                  0.000000    0.000000   clock network delay (ideal)
                                  2.000000    2.000000 v input external delay
     7    0.027738    0.062763    0.044609    2.044610 v B[0] (in)
                                                         B[0] (net)
                      0.062769    0.000000    2.044610 v _253_/B (sky130_fd_sc_hd__and4_2)
     4    0.013410    0.058115    0.243553    2.288162 v _253_/X (sky130_fd_sc_hd__and4_2)
                                                         _185_ (net)
                      0.058115    0.000072    2.288234 v _255_/B (sky130_fd_sc_hd__nand2_2)
     2    0.011988    0.071060    0.095186    2.383420 ^ _255_/Y (sky130_fd_sc_hd__nand2_2)
                                                         _187_ (net)
                      0.071060    0.000010    2.383430 ^ _474_/A (sky130_fd_sc_hd__and2_2)
     1    0.036664    0.192266    0.257783    2.641213 ^ _474_/X (sky130_fd_sc_hd__and2_2)
                                                         P[3] (net)
                      0.192266    0.000747    2.641960 ^ P[3] (out)
                                              2.641960   data arrival time

                      0.000000    0.000000    0.000000   clock __VIRTUAL_CLK__ (rise edge)
                                  0.000000    0.000000   clock network delay (ideal)
                                  0.250000    0.250000   clock uncertainty
                                  0.000000    0.250000   clock reconvergence pessimism
                                 -2.000000   -1.750000   output external delay
                                             -1.750000   data required time
---------------------------------------------------------------------------------------------
                                             -1.750000   data required time
                                             -2.641960   data arrival time
---------------------------------------------------------------------------------------------
                                              4.391960   slack (MET)


Startpoint: B[4] (input port clocked by __VIRTUAL_CLK__)
Endpoint: P[8] (output port clocked by __VIRTUAL_CLK__)
Path Group: __VIRTUAL_CLK__
Path Type: min

Fanout         Cap        Slew       Delay        Time   Description
---------------------------------------------------------------------------------------------
                      0.000000    0.000000    0.000000   clock __VIRTUAL_CLK__ (rise edge)
                                  0.000000    0.000000   clock network delay (ideal)
                                  2.000000    2.000000 v input external delay
     8    0.044370    0.099170    0.071146    2.071146 v B[4] (in)
                                                         B[4] (net)
                      0.099178    0.000000    2.071146 v _348_/A (sky130_fd_sc_hd__nand2_2)
     1    0.008747    0.063268    0.092209    2.163356 ^ _348_/Y (sky130_fd_sc_hd__nand2_2)
                                                         _047_ (net)
                      0.063268    0.000013    2.163368 ^ _349_/B (sky130_fd_sc_hd__xor2_2)
     2    0.013143    0.054456    0.086787    2.250155 v _349_/X (sky130_fd_sc_hd__xor2_2)
                                                         _048_ (net)
                      0.054456    0.000045    2.250200 v _352_/A (sky130_fd_sc_hd__xnor2_2)
     3    0.014624    0.087632    0.237316    2.487516 ^ _352_/Y (sky130_fd_sc_hd__xnor2_2)
                                                         _051_ (net)
                      0.087632    0.000070    2.487585 ^ _354_/A (sky130_fd_sc_hd__xor2_2)
     1    0.036493    0.106412    0.168952    2.656538 v _354_/X (sky130_fd_sc_hd__xor2_2)
                                                         P[8] (net)
                      0.106412    0.000495    2.657032 v P[8] (out)
                                              2.657032   data arrival time

                      0.000000    0.000000    0.000000   clock __VIRTUAL_CLK__ (rise edge)
                                  0.000000    0.000000   clock network delay (ideal)
                                  0.250000    0.250000   clock uncertainty
                                  0.000000    0.250000   clock reconvergence pessimism
                                 -2.000000   -1.750000   output external delay
                                             -1.750000   data required time
---------------------------------------------------------------------------------------------
                                             -1.750000   data required time
                                             -2.657032   data arrival time
---------------------------------------------------------------------------------------------
                                              4.407032   slack (MET)


Startpoint: B[4] (input port clocked by __VIRTUAL_CLK__)
Endpoint: P[9] (output port clocked by __VIRTUAL_CLK__)
Path Group: __VIRTUAL_CLK__
Path Type: min

Fanout         Cap        Slew       Delay        Time   Description
---------------------------------------------------------------------------------------------
                      0.000000    0.000000    0.000000   clock __VIRTUAL_CLK__ (rise edge)
                                  0.000000    0.000000   clock network delay (ideal)
                                  2.000000    2.000000 ^ input external delay
     8    0.045717    0.209885    0.145628    2.145628 ^ B[4] (in)
                                                         B[4] (net)
                      0.209890    0.000000    2.145628 ^ _375_/A1 (sky130_fd_sc_hd__a31o_2)
     2    0.007381    0.053757    0.201725    2.347353 ^ _375_/X (sky130_fd_sc_hd__a31o_2)
                                                         _073_ (net)
                      0.053757    0.000048    2.347401 ^ _376_/B1 (sky130_fd_sc_hd__a21oi_2)
     3    0.008918    0.031093    0.043667    2.391068 v _376_/Y (sky130_fd_sc_hd__a21oi_2)
                                                         _074_ (net)
                      0.031093    0.000046    2.391114 v _378_/A (sky130_fd_sc_hd__nor2_2)
     1    0.009093    0.126004    0.133579    2.524692 ^ _378_/Y (sky130_fd_sc_hd__nor2_2)
                                                         _076_ (net)
                      0.126004    0.000029    2.524722 ^ _379_/B (sky130_fd_sc_hd__xnor2_2)
     1    0.037125    0.168426    0.178964    2.703686 v _379_/Y (sky130_fd_sc_hd__xnor2_2)
                                                         P[9] (net)
                      0.168426    0.000622    2.704308 v P[9] (out)
                                              2.704308   data arrival time

                      0.000000    0.000000    0.000000   clock __VIRTUAL_CLK__ (rise edge)
                                  0.000000    0.000000   clock network delay (ideal)
                                  0.250000    0.250000   clock uncertainty
                                  0.000000    0.250000   clock reconvergence pessimism
                                 -2.000000   -1.750000   output external delay
                                             -1.750000   data required time
---------------------------------------------------------------------------------------------
                                             -1.750000   data required time
                                             -2.704308   data arrival time
---------------------------------------------------------------------------------------------
                                              4.454307   slack (MET)


Startpoint: B[1] (input port clocked by __VIRTUAL_CLK__)
Endpoint: P[6] (output port clocked by __VIRTUAL_CLK__)
Path Group: __VIRTUAL_CLK__
Path Type: min

Fanout         Cap        Slew       Delay        Time   Description
---------------------------------------------------------------------------------------------
                      0.000000    0.000000    0.000000   clock __VIRTUAL_CLK__ (rise edge)
                                  0.000000    0.000000   clock network delay (ideal)
                                  2.000000    2.000000 v input external delay
    17    0.064333    0.142587    0.102286    2.102286 v B[1] (in)
                                                         B[1] (net)
                      0.142593    0.000000    2.102286 v _287_/A (sky130_fd_sc_hd__nand2_2)
     1    0.009134    0.071696    0.111200    2.213485 ^ _287_/Y (sky130_fd_sc_hd__nand2_2)
                                                         _219_ (net)
                      0.071696    0.000005    2.213490 ^ _292_/A (sky130_fd_sc_hd__xnor2_2)
     2    0.006294    0.044315    0.077228    2.290718 v _292_/Y (sky130_fd_sc_hd__xnor2_2)
                                                         _224_ (net)
                      0.044315    0.000015    2.290733 v _298_/B1 (sky130_fd_sc_hd__o21ai_2)
     3    0.007145    0.060335    0.064442    2.355174 ^ _298_/Y (sky130_fd_sc_hd__o21ai_2)
                                                         _230_ (net)
                      0.060335    0.000058    2.355232 ^ _299_/A_N (sky130_fd_sc_hd__nand3b_2)
     5    0.011955    0.079650    0.144229    2.499461 ^ _299_/Y (sky130_fd_sc_hd__nand3b_2)
                                                         _000_ (net)
                      0.079650    0.000018    2.499480 ^ _301_/A (sky130_fd_sc_hd__and2_2)
     1    0.035859    0.188291    0.258332    2.757812 ^ _301_/X (sky130_fd_sc_hd__and2_2)
                                                         P[6] (net)
                      0.188291    0.000360    2.758172 ^ P[6] (out)
                                              2.758172   data arrival time

                      0.000000    0.000000    0.000000   clock __VIRTUAL_CLK__ (rise edge)
                                  0.000000    0.000000   clock network delay (ideal)
                                  0.250000    0.250000   clock uncertainty
                                  0.000000    0.250000   clock reconvergence pessimism
                                 -2.000000   -1.750000   output external delay
                                             -1.750000   data required time
---------------------------------------------------------------------------------------------
                                             -1.750000   data required time
                                             -2.758172   data arrival time
---------------------------------------------------------------------------------------------
                                              4.508172   slack (MET)


Startpoint: B[0] (input port clocked by __VIRTUAL_CLK__)
Endpoint: P[7] (output port clocked by __VIRTUAL_CLK__)
Path Group: __VIRTUAL_CLK__
Path Type: min

Fanout         Cap        Slew       Delay        Time   Description
---------------------------------------------------------------------------------------------
                      0.000000    0.000000    0.000000   clock __VIRTUAL_CLK__ (rise edge)
                                  0.000000    0.000000   clock network delay (ideal)
                                  2.000000    2.000000 v input external delay
     7    0.027738    0.062763    0.044709    2.044709 v B[0] (in)
                                                         B[0] (net)
                      0.062772    0.000000    2.044709 v _235_/A1 (sky130_fd_sc_hd__a22oi_2)
     1    0.005490    0.129471    0.169827    2.214536 ^ _235_/Y (sky130_fd_sc_hd__a22oi_2)
                                                         _167_ (net)
                      0.129471    0.000017    2.214553 ^ _236_/B (sky130_fd_sc_hd__nor2_2)
     1    0.005302    0.035572    0.050778    2.265331 v _236_/Y (sky130_fd_sc_hd__nor2_2)
                                                         _168_ (net)
                      0.035572    0.000023    2.265353 v _237_/A (sky130_fd_sc_hd__inv_2)
     2    0.007782    0.041943    0.052440    2.317794 ^ _237_/Y (sky130_fd_sc_hd__inv_2)
                                                         _169_ (net)
                      0.041943    0.000040    2.317834 ^ _281_/B1 (sky130_fd_sc_hd__o21ai_2)
     2    0.007272    0.043009    0.055120    2.372954 v _281_/Y (sky130_fd_sc_hd__o21ai_2)
                                                         _213_ (net)
                      0.043009    0.000021    2.372975 v _290_/C1 (sky130_fd_sc_hd__o211ai_2)
     6    0.018570    0.127861    0.109827    2.482802 ^ _290_/Y (sky130_fd_sc_hd__o211ai_2)
                                                         _222_ (net)
                      0.127861    0.000143    2.482945 ^ _327_/A1 (sky130_fd_sc_hd__a22o_2)
     1    0.005382    0.044227    0.166046    2.648991 ^ _327_/X (sky130_fd_sc_hd__a22o_2)
                                                         _027_ (net)
                      0.044227    0.000017    2.649008 ^ _328_/B (sky130_fd_sc_hd__nand2b_2)
     1    0.036512    0.151762    0.146562    2.795570 v _328_/Y (sky130_fd_sc_hd__nand2b_2)
                                                         P[7] (net)
                      0.151765    0.000518    2.796088 v P[7] (out)
                                              2.796088   data arrival time

                      0.000000    0.000000    0.000000   clock __VIRTUAL_CLK__ (rise edge)
                                  0.000000    0.000000   clock network delay (ideal)
                                  0.250000    0.250000   clock uncertainty
                                  0.000000    0.250000   clock reconvergence pessimism
                                 -2.000000   -1.750000   output external delay
                                             -1.750000   data required time
---------------------------------------------------------------------------------------------
                                             -1.750000   data required time
                                             -2.796088   data arrival time
---------------------------------------------------------------------------------------------
                                              4.546088   slack (MET)


Startpoint: B[7] (input port clocked by __VIRTUAL_CLK__)
Endpoint: P[12] (output port clocked by __VIRTUAL_CLK__)
Path Group: __VIRTUAL_CLK__
Path Type: min

Fanout         Cap        Slew       Delay        Time   Description
---------------------------------------------------------------------------------------------
                      0.000000    0.000000    0.000000   clock __VIRTUAL_CLK__ (rise edge)
                                  0.000000    0.000000   clock network delay (ideal)
                                  2.000000    2.000000 v input external delay
    17    0.061259    0.135724    0.098875    2.098875 v B[7] (in)
                                                         B[7] (net)
                      0.135751    0.000000    2.098875 v _419_/A1 (sky130_fd_sc_hd__a31o_2)
     2    0.015266    0.062048    0.269786    2.368662 v _419_/X (sky130_fd_sc_hd__a31o_2)
                                                         _115_ (net)
                      0.062048    0.000236    2.368897 v _421_/A (sky130_fd_sc_hd__nand2_2)
     2    0.010459    0.064613    0.082049    2.450947 ^ _421_/Y (sky130_fd_sc_hd__nand2_2)
                                                         _117_ (net)
                      0.064613    0.000064    2.451010 ^ _442_/A (sky130_fd_sc_hd__nand3_2)
     3    0.012100    0.087800    0.092125    2.543136 v _442_/Y (sky130_fd_sc_hd__nand3_2)
                                                         _137_ (net)
                      0.087800    0.000033    2.543168 v _445_/A (sky130_fd_sc_hd__nand2_2)
     1    0.009454    0.064874    0.089843    2.633011 ^ _445_/Y (sky130_fd_sc_hd__nand2_2)
                                                         _140_ (net)
                      0.064874    0.000023    2.633034 ^ _449_/A (sky130_fd_sc_hd__xnor2_2)
     1    0.038638    0.174770    0.176759    2.809793 v _449_/Y (sky130_fd_sc_hd__xnor2_2)
                                                         P[12] (net)
                      0.174777    0.001271    2.811064 v P[12] (out)
                                              2.811064   data arrival time

                      0.000000    0.000000    0.000000   clock __VIRTUAL_CLK__ (rise edge)
                                  0.000000    0.000000   clock network delay (ideal)
                                  0.250000    0.250000   clock uncertainty
                                  0.000000    0.250000   clock reconvergence pessimism
                                 -2.000000   -1.750000   output external delay
                                             -1.750000   data required time
---------------------------------------------------------------------------------------------
                                             -1.750000   data required time
                                             -2.811064   data arrival time
---------------------------------------------------------------------------------------------
                                              4.561064   slack (MET)


Startpoint: B[7] (input port clocked by __VIRTUAL_CLK__)
Endpoint: P[13] (output port clocked by __VIRTUAL_CLK__)
Path Group: __VIRTUAL_CLK__
Path Type: min

Fanout         Cap        Slew       Delay        Time   Description
---------------------------------------------------------------------------------------------
                      0.000000    0.000000    0.000000   clock __VIRTUAL_CLK__ (rise edge)
                                  0.000000    0.000000   clock network delay (ideal)
                                  2.000000    2.000000 v input external delay
    17    0.061259    0.135724    0.098875    2.098875 v B[7] (in)
                                                         B[7] (net)
                      0.135751    0.000000    2.098875 v _419_/A1 (sky130_fd_sc_hd__a31o_2)
     2    0.015266    0.062048    0.269786    2.368662 v _419_/X (sky130_fd_sc_hd__a31o_2)
                                                         _115_ (net)
                      0.062048    0.000236    2.368897 v _421_/A (sky130_fd_sc_hd__nand2_2)
     2    0.010459    0.064613    0.082049    2.450947 ^ _421_/Y (sky130_fd_sc_hd__nand2_2)
                                                         _117_ (net)
                      0.064613    0.000061    2.451008 ^ _443_/A1 (sky130_fd_sc_hd__a21oi_2)
     3    0.012159    0.039415    0.072851    2.523859 v _443_/Y (sky130_fd_sc_hd__a21oi_2)
                                                         _138_ (net)
                      0.039415    0.000066    2.523925 v _458_/C1 (sky130_fd_sc_hd__a211oi_2)
     1    0.005354    0.154867    0.160926    2.684851 ^ _458_/Y (sky130_fd_sc_hd__a211oi_2)
                                                         _152_ (net)
                      0.154867    0.000018    2.684868 ^ _460_/A (sky130_fd_sc_hd__nor2_2)
     1    0.037487    0.094172    0.130619    2.815487 v _460_/Y (sky130_fd_sc_hd__nor2_2)
                                                         P[13] (net)
                      0.094208    0.000696    2.816183 v P[13] (out)
                                              2.816183   data arrival time

                      0.000000    0.000000    0.000000   clock __VIRTUAL_CLK__ (rise edge)
                                  0.000000    0.000000   clock network delay (ideal)
                                  0.250000    0.250000   clock uncertainty
                                  0.000000    0.250000   clock reconvergence pessimism
                                 -2.000000   -1.750000   output external delay
                                             -1.750000   data required time
---------------------------------------------------------------------------------------------
                                             -1.750000   data required time
                                             -2.816183   data arrival time
---------------------------------------------------------------------------------------------
                                              4.566183   slack (MET)


Startpoint: B[4] (input port clocked by __VIRTUAL_CLK__)
Endpoint: P[11] (output port clocked by __VIRTUAL_CLK__)
Path Group: __VIRTUAL_CLK__
Path Type: min

Fanout         Cap        Slew       Delay        Time   Description
---------------------------------------------------------------------------------------------
                      0.000000    0.000000    0.000000   clock __VIRTUAL_CLK__ (rise edge)
                                  0.000000    0.000000   clock network delay (ideal)
                                  2.000000    2.000000 v input external delay
     8    0.044370    0.099170    0.071377    2.071377 v B[4] (in)
                                                         B[4] (net)
                      0.099184    0.000000    2.071377 v _384_/A1 (sky130_fd_sc_hd__a22oi_2)
     2    0.008709    0.159580    0.210419    2.281796 ^ _384_/Y (sky130_fd_sc_hd__a22oi_2)
                                                         _081_ (net)
                      0.159580    0.000071    2.281868 ^ _425_/A2 (sky130_fd_sc_hd__o31a_2)
     3    0.012428    0.078294    0.196843    2.478711 ^ _425_/X (sky130_fd_sc_hd__o31a_2)
                                                         _121_ (net)
                      0.078294    0.000086    2.478796 ^ _428_/B (sky130_fd_sc_hd__nor2_2)
     3    0.013894    0.042068    0.060054    2.538851 v _428_/Y (sky130_fd_sc_hd__nor2_2)
                                                         _124_ (net)
                      0.042068    0.000035    2.538886 v _429_/B (sky130_fd_sc_hd__nor2_2)
     1    0.009804    0.133199    0.121400    2.660285 ^ _429_/Y (sky130_fd_sc_hd__nor2_2)
                                                         _125_ (net)
                      0.133199    0.000040    2.660325 ^ _431_/A (sky130_fd_sc_hd__xnor2_2)
     1    0.038202    0.172924    0.193484    2.853809 v _431_/Y (sky130_fd_sc_hd__xnor2_2)
                                                         P[11] (net)
                      0.172929    0.001158    2.854967 v P[11] (out)
                                              2.854967   data arrival time

                      0.000000    0.000000    0.000000   clock __VIRTUAL_CLK__ (rise edge)
                                  0.000000    0.000000   clock network delay (ideal)
                                  0.250000    0.250000   clock uncertainty
                                  0.000000    0.250000   clock reconvergence pessimism
                                 -2.000000   -1.750000   output external delay
                                             -1.750000   data required time
---------------------------------------------------------------------------------------------
                                             -1.750000   data required time
                                             -2.854967   data arrival time
---------------------------------------------------------------------------------------------
                                              4.604967   slack (MET)


Startpoint: A[4] (input port clocked by __VIRTUAL_CLK__)
Endpoint: P[10] (output port clocked by __VIRTUAL_CLK__)
Path Group: __VIRTUAL_CLK__
Path Type: min

Fanout         Cap        Slew       Delay        Time   Description
---------------------------------------------------------------------------------------------
                      0.000000    0.000000    0.000000   clock __VIRTUAL_CLK__ (rise edge)
                                  0.000000    0.000000   clock network delay (ideal)
                                  2.000000    2.000000 v input external delay
    15    0.059809    0.132776    0.096433    2.096433 v A[4] (in)
                                                         A[4] (net)
                      0.132820    0.000000    2.096433 v _356_/B (sky130_fd_sc_hd__nand2_2)
     2    0.007142    0.063280    0.111125    2.207558 ^ _356_/Y (sky130_fd_sc_hd__nand2_2)
                                                         _054_ (net)
                      0.063280    0.000037    2.207596 ^ _373_/A (sky130_fd_sc_hd__or3_2)
     3    0.009049    0.057154    0.131562    2.339158 ^ _373_/X (sky130_fd_sc_hd__or3_2)
                                                         _071_ (net)
                      0.057154    0.000010    2.339168 ^ _400_/B (sky130_fd_sc_hd__and2b_2)
     2    0.011964    0.074464    0.171003    2.510170 ^ _400_/X (sky130_fd_sc_hd__and2b_2)
                                                         _097_ (net)
                      0.074464    0.000123    2.510293 ^ _402_/B (sky130_fd_sc_hd__nand2_2)
     3    0.014176    0.064567    0.084162    2.594455 v _402_/Y (sky130_fd_sc_hd__nand2_2)
                                                         _099_ (net)
                      0.064567    0.000046    2.594501 v _403_/B (sky130_fd_sc_hd__nand2b_2)
     1    0.009424    0.068046    0.089598    2.684100 ^ _403_/Y (sky130_fd_sc_hd__nand2b_2)
                                                         _100_ (net)
                      0.068046    0.000020    2.684120 ^ _409_/A (sky130_fd_sc_hd__xnor2_2)
     1    0.038387    0.173671    0.176868    2.860987 v _409_/Y (sky130_fd_sc_hd__xnor2_2)
                                                         P[10] (net)
                      0.173682    0.001200    2.862188 v P[10] (out)
                                              2.862188   data arrival time

                      0.000000    0.000000    0.000000   clock __VIRTUAL_CLK__ (rise edge)
                                  0.000000    0.000000   clock network delay (ideal)
                                  0.250000    0.250000   clock uncertainty
                                  0.000000    0.250000   clock reconvergence pessimism
                                 -2.000000   -1.750000   output external delay
                                             -1.750000   data required time
---------------------------------------------------------------------------------------------
                                             -1.750000   data required time
                                             -2.862188   data arrival time
---------------------------------------------------------------------------------------------
                                              4.612188   slack (MET)



