
===========================================================================
report_checks -path_delay max (Setup)
============================================================================
======================= nom_ff_n40C_1v95 Corner ===================================

Startpoint: A[4] (input port clocked by __VIRTUAL_CLK__)
Endpoint: P[15] (output port clocked by __VIRTUAL_CLK__)
Path Group: __VIRTUAL_CLK__
Path Type: max

Fanout         Cap        Slew       Delay        Time   Description
---------------------------------------------------------------------------------------------
                      0.000000    0.000000    0.000000   clock __VIRTUAL_CLK__ (rise edge)
                                  0.000000    0.000000   clock network delay (ideal)
                                  2.000000    2.000000 ^ input external delay
     1    0.003209    0.015383    0.008314    2.008314 ^ A[4] (in)
                                                         A[4] (net)
                      0.015383    0.000000    2.008314 ^ input5/A (sky130_fd_sc_hd__clkbuf_2)
     5    0.030856    0.131502    0.130823    2.139138 ^ input5/X (sky130_fd_sc_hd__clkbuf_2)
                                                         net5 (net)
                      0.131545    0.001956    2.141094 ^ fanout36/A (sky130_fd_sc_hd__buf_6)
    10    0.037041    0.062295    0.103996    2.245090 ^ fanout36/X (sky130_fd_sc_hd__buf_6)
                                                         net36 (net)
                      0.062320    0.001009    2.246099 ^ _292_/B (sky130_fd_sc_hd__and2_1)
     3    0.011108    0.088986    0.120163    2.366262 ^ _292_/X (sky130_fd_sc_hd__and2_1)
                                                         _226_ (net)
                      0.088986    0.000183    2.366445 ^ _310_/A_N (sky130_fd_sc_hd__and3b_1)
     2    0.005508    0.035310    0.121130    2.487575 v _310_/X (sky130_fd_sc_hd__and3b_1)
                                                         _243_ (net)
                      0.035310    0.000145    2.487720 v _362_/A2 (sky130_fd_sc_hd__a31o_1)
     1    0.009197    0.047438    0.151788    2.639508 v _362_/X (sky130_fd_sc_hd__a31o_1)
                                                         _020_ (net)
                      0.047439    0.000223    2.639731 v _363_/A (sky130_fd_sc_hd__xnor2_2)
     2    0.008804    0.123955    0.136343    2.776074 ^ _363_/Y (sky130_fd_sc_hd__xnor2_2)
                                                         _021_ (net)
                      0.123955    0.000188    2.776263 ^ _365_/A (sky130_fd_sc_hd__xor2_1)
     2    0.007569    0.140872    0.140616    2.916878 ^ _365_/X (sky130_fd_sc_hd__xor2_1)
                                                         _023_ (net)
                      0.140872    0.000232    2.917110 ^ _366_/B (sky130_fd_sc_hd__nand2_2)
     4    0.015937    0.068555    0.067762    2.984873 v _366_/Y (sky130_fd_sc_hd__nand2_2)
                                                         _024_ (net)
                      0.068571    0.000788    2.985661 v _472_/A_N (sky130_fd_sc_hd__nand2b_1)
     2    0.005448    0.047557    0.108883    3.094544 v _472_/Y (sky130_fd_sc_hd__nand2b_1)
                                                         _127_ (net)
                      0.047557    0.000121    3.094665 v _476_/C (sky130_fd_sc_hd__and4_1)
     1    0.002782    0.028634    0.121050    3.215715 v _476_/X (sky130_fd_sc_hd__and4_1)
                                                         _131_ (net)
                      0.028634    0.000083    3.215798 v _478_/A_N (sky130_fd_sc_hd__nand2b_2)
     2    0.013696    0.051170    0.128163    3.343962 v _478_/Y (sky130_fd_sc_hd__nand2b_2)
                                                         _133_ (net)
                      0.051174    0.000481    3.344442 v _480_/A (sky130_fd_sc_hd__xor2_2)
     2    0.012796    0.055029    0.131191    3.475633 v _480_/X (sky130_fd_sc_hd__xor2_2)
                                                         _135_ (net)
                      0.055031    0.000312    3.475945 v _482_/A (sky130_fd_sc_hd__xnor2_2)
     3    0.014255    0.168547    0.172314    3.648259 ^ _482_/Y (sky130_fd_sc_hd__xnor2_2)
                                                         _137_ (net)
                      0.168547    0.000478    3.648737 ^ _484_/A_N (sky130_fd_sc_hd__nand2b_4)
     2    0.010058    0.048338    0.108210    3.756947 ^ _484_/Y (sky130_fd_sc_hd__nand2b_4)
                                                         _139_ (net)
                      0.048338    0.000228    3.757175 ^ _531_/B (sky130_fd_sc_hd__nand2_2)
     1    0.008920    0.046599    0.040550    3.797725 v _531_/Y (sky130_fd_sc_hd__nand2_2)
                                                         _184_ (net)
                      0.046602    0.000289    3.798013 v _533_/A1 (sky130_fd_sc_hd__o311ai_4)
     4    0.018015    0.241733    0.257272    4.055285 ^ _533_/Y (sky130_fd_sc_hd__o311ai_4)
                                                         _186_ (net)
                      0.241733    0.000790    4.056075 ^ _557_/A1 (sky130_fd_sc_hd__a2111o_1)
     1    0.002455    0.030367    0.097858    4.153934 ^ _557_/X (sky130_fd_sc_hd__a2111o_1)
                                                         _208_ (net)
                      0.030367    0.000071    4.154004 ^ _560_/C_N (sky130_fd_sc_hd__or3b_4)
     1    0.009647    0.053228    0.229901    4.383905 v _560_/X (sky130_fd_sc_hd__or3b_4)
                                                         net23 (net)
                      0.053228    0.000427    4.384332 v output23/A (sky130_fd_sc_hd__buf_8)
     1    0.034595    0.029938    0.098216    4.482548 v output23/X (sky130_fd_sc_hd__buf_8)
                                                         P[15] (net)
                      0.029967    0.000838    4.483386 v P[15] (out)
                                              4.483386   data arrival time

                      0.000000   10.000000   10.000000   clock __VIRTUAL_CLK__ (rise edge)
                                  0.000000   10.000000   clock network delay (ideal)
                                 -0.250000    9.750000   clock uncertainty
                                  0.000000    9.750000   clock reconvergence pessimism
                                 -2.000000    7.750000   output external delay
                                              7.750000   data required time
---------------------------------------------------------------------------------------------
                                              7.750000   data required time
                                             -4.483386   data arrival time
---------------------------------------------------------------------------------------------
                                              3.266615   slack (MET)


Startpoint: A[4] (input port clocked by __VIRTUAL_CLK__)
Endpoint: P[14] (output port clocked by __VIRTUAL_CLK__)
Path Group: __VIRTUAL_CLK__
Path Type: max

Fanout         Cap        Slew       Delay        Time   Description
---------------------------------------------------------------------------------------------
                      0.000000    0.000000    0.000000   clock __VIRTUAL_CLK__ (rise edge)
                                  0.000000    0.000000   clock network delay (ideal)
                                  2.000000    2.000000 ^ input external delay
     1    0.003209    0.015383    0.008314    2.008314 ^ A[4] (in)
                                                         A[4] (net)
                      0.015383    0.000000    2.008314 ^ input5/A (sky130_fd_sc_hd__clkbuf_2)
     5    0.030856    0.131502    0.130823    2.139138 ^ input5/X (sky130_fd_sc_hd__clkbuf_2)
                                                         net5 (net)
                      0.131545    0.001956    2.141094 ^ fanout36/A (sky130_fd_sc_hd__buf_6)
    10    0.037041    0.062295    0.103996    2.245090 ^ fanout36/X (sky130_fd_sc_hd__buf_6)
                                                         net36 (net)
                      0.062320    0.001009    2.246099 ^ _292_/B (sky130_fd_sc_hd__and2_1)
     3    0.011108    0.088986    0.120163    2.366262 ^ _292_/X (sky130_fd_sc_hd__and2_1)
                                                         _226_ (net)
                      0.088986    0.000183    2.366445 ^ _310_/A_N (sky130_fd_sc_hd__and3b_1)
     2    0.005508    0.035310    0.121130    2.487575 v _310_/X (sky130_fd_sc_hd__and3b_1)
                                                         _243_ (net)
                      0.035310    0.000145    2.487720 v _362_/A2 (sky130_fd_sc_hd__a31o_1)
     1    0.009197    0.047438    0.151788    2.639508 v _362_/X (sky130_fd_sc_hd__a31o_1)
                                                         _020_ (net)
                      0.047439    0.000223    2.639731 v _363_/A (sky130_fd_sc_hd__xnor2_2)
     2    0.008804    0.123955    0.136343    2.776074 ^ _363_/Y (sky130_fd_sc_hd__xnor2_2)
                                                         _021_ (net)
                      0.123955    0.000188    2.776263 ^ _365_/A (sky130_fd_sc_hd__xor2_1)
     2    0.007569    0.140872    0.140616    2.916878 ^ _365_/X (sky130_fd_sc_hd__xor2_1)
                                                         _023_ (net)
                      0.140872    0.000232    2.917110 ^ _366_/B (sky130_fd_sc_hd__nand2_2)
     4    0.015937    0.068555    0.067762    2.984873 v _366_/Y (sky130_fd_sc_hd__nand2_2)
                                                         _024_ (net)
                      0.068571    0.000788    2.985661 v _472_/A_N (sky130_fd_sc_hd__nand2b_1)
     2    0.005448    0.047557    0.108883    3.094544 v _472_/Y (sky130_fd_sc_hd__nand2b_1)
                                                         _127_ (net)
                      0.047557    0.000121    3.094665 v _476_/C (sky130_fd_sc_hd__and4_1)
     1    0.002782    0.028634    0.121050    3.215715 v _476_/X (sky130_fd_sc_hd__and4_1)
                                                         _131_ (net)
                      0.028634    0.000083    3.215798 v _478_/A_N (sky130_fd_sc_hd__nand2b_2)
     2    0.013696    0.051170    0.128163    3.343962 v _478_/Y (sky130_fd_sc_hd__nand2b_2)
                                                         _133_ (net)
                      0.051174    0.000481    3.344442 v _480_/A (sky130_fd_sc_hd__xor2_2)
     2    0.012796    0.055029    0.131191    3.475633 v _480_/X (sky130_fd_sc_hd__xor2_2)
                                                         _135_ (net)
                      0.055031    0.000312    3.475945 v _482_/A (sky130_fd_sc_hd__xnor2_2)
     3    0.014255    0.168547    0.172314    3.648259 ^ _482_/Y (sky130_fd_sc_hd__xnor2_2)
                                                         _137_ (net)
                      0.168547    0.000478    3.648737 ^ _484_/A_N (sky130_fd_sc_hd__nand2b_4)
     2    0.010058    0.048338    0.108210    3.756947 ^ _484_/Y (sky130_fd_sc_hd__nand2b_4)
                                                         _139_ (net)
                      0.048338    0.000228    3.757175 ^ _531_/B (sky130_fd_sc_hd__nand2_2)
     1    0.008920    0.046599    0.040550    3.797725 v _531_/Y (sky130_fd_sc_hd__nand2_2)
                                                         _184_ (net)
                      0.046602    0.000289    3.798013 v _533_/A1 (sky130_fd_sc_hd__o311ai_4)
     4    0.018015    0.241733    0.257272    4.055285 ^ _533_/Y (sky130_fd_sc_hd__o311ai_4)
                                                         _186_ (net)
                      0.241733    0.000735    4.056020 ^ _548_/A1 (sky130_fd_sc_hd__a211o_1)
     2    0.005335    0.045195    0.101378    4.157399 ^ _548_/X (sky130_fd_sc_hd__a211o_1)
                                                         _200_ (net)
                      0.045195    0.000088    4.157486 ^ rebuffer21/A (sky130_fd_sc_hd__buf_1)
     1    0.005151    0.051743    0.068465    4.225951 ^ rebuffer21/X (sky130_fd_sc_hd__buf_1)
                                                         net67 (net)
                      0.051743    0.000150    4.226101 ^ rebuffer20/A (sky130_fd_sc_hd__buf_6)
     1    0.016408    0.032910    0.071910    4.298011 ^ rebuffer20/X (sky130_fd_sc_hd__buf_6)
                                                         net66 (net)
                      0.032918    0.000485    4.298496 ^ _558_/B (sky130_fd_sc_hd__xnor2_4)
     1    0.007268    0.095372    0.069256    4.367752 ^ _558_/Y (sky130_fd_sc_hd__xnor2_4)
                                                         net22 (net)
                      0.095372    0.000232    4.367984 ^ output22/A (sky130_fd_sc_hd__buf_6)
     1    0.033931    0.057367    0.096979    4.464963 ^ output22/X (sky130_fd_sc_hd__buf_6)
                                                         P[14] (net)
                      0.057373    0.000613    4.465577 ^ P[14] (out)
                                              4.465577   data arrival time

                      0.000000   10.000000   10.000000   clock __VIRTUAL_CLK__ (rise edge)
                                  0.000000   10.000000   clock network delay (ideal)
                                 -0.250000    9.750000   clock uncertainty
                                  0.000000    9.750000   clock reconvergence pessimism
                                 -2.000000    7.750000   output external delay
                                              7.750000   data required time
---------------------------------------------------------------------------------------------
                                              7.750000   data required time
                                             -4.465577   data arrival time
---------------------------------------------------------------------------------------------
                                              3.284424   slack (MET)


Startpoint: A[4] (input port clocked by __VIRTUAL_CLK__)
Endpoint: P[13] (output port clocked by __VIRTUAL_CLK__)
Path Group: __VIRTUAL_CLK__
Path Type: max

Fanout         Cap        Slew       Delay        Time   Description
---------------------------------------------------------------------------------------------
                      0.000000    0.000000    0.000000   clock __VIRTUAL_CLK__ (rise edge)
                                  0.000000    0.000000   clock network delay (ideal)
                                  2.000000    2.000000 ^ input external delay
     1    0.003209    0.015383    0.008314    2.008314 ^ A[4] (in)
                                                         A[4] (net)
                      0.015383    0.000000    2.008314 ^ input5/A (sky130_fd_sc_hd__clkbuf_2)
     5    0.030856    0.131502    0.130823    2.139138 ^ input5/X (sky130_fd_sc_hd__clkbuf_2)
                                                         net5 (net)
                      0.131545    0.001956    2.141094 ^ fanout36/A (sky130_fd_sc_hd__buf_6)
    10    0.037041    0.062295    0.103996    2.245090 ^ fanout36/X (sky130_fd_sc_hd__buf_6)
                                                         net36 (net)
                      0.062320    0.001009    2.246099 ^ _292_/B (sky130_fd_sc_hd__and2_1)
     3    0.011108    0.088986    0.120163    2.366262 ^ _292_/X (sky130_fd_sc_hd__and2_1)
                                                         _226_ (net)
                      0.088986    0.000183    2.366445 ^ _310_/A_N (sky130_fd_sc_hd__and3b_1)
     2    0.005508    0.035310    0.121130    2.487575 v _310_/X (sky130_fd_sc_hd__and3b_1)
                                                         _243_ (net)
                      0.035310    0.000145    2.487720 v _362_/A2 (sky130_fd_sc_hd__a31o_1)
     1    0.009197    0.047438    0.151788    2.639508 v _362_/X (sky130_fd_sc_hd__a31o_1)
                                                         _020_ (net)
                      0.047439    0.000223    2.639731 v _363_/A (sky130_fd_sc_hd__xnor2_2)
     2    0.008804    0.123955    0.136343    2.776074 ^ _363_/Y (sky130_fd_sc_hd__xnor2_2)
                                                         _021_ (net)
                      0.123955    0.000188    2.776263 ^ _365_/A (sky130_fd_sc_hd__xor2_1)
     2    0.007569    0.140872    0.140616    2.916878 ^ _365_/X (sky130_fd_sc_hd__xor2_1)
                                                         _023_ (net)
                      0.140872    0.000232    2.917110 ^ _366_/B (sky130_fd_sc_hd__nand2_2)
     4    0.015937    0.068555    0.067762    2.984873 v _366_/Y (sky130_fd_sc_hd__nand2_2)
                                                         _024_ (net)
                      0.068571    0.000788    2.985661 v _472_/A_N (sky130_fd_sc_hd__nand2b_1)
     2    0.005448    0.047557    0.108883    3.094544 v _472_/Y (sky130_fd_sc_hd__nand2b_1)
                                                         _127_ (net)
                      0.047557    0.000121    3.094665 v _476_/C (sky130_fd_sc_hd__and4_1)
     1    0.002782    0.028634    0.121050    3.215715 v _476_/X (sky130_fd_sc_hd__and4_1)
                                                         _131_ (net)
                      0.028634    0.000083    3.215798 v _478_/A_N (sky130_fd_sc_hd__nand2b_2)
     2    0.013696    0.051170    0.128163    3.343962 v _478_/Y (sky130_fd_sc_hd__nand2b_2)
                                                         _133_ (net)
                      0.051174    0.000481    3.344442 v _480_/A (sky130_fd_sc_hd__xor2_2)
     2    0.012796    0.055029    0.131191    3.475633 v _480_/X (sky130_fd_sc_hd__xor2_2)
                                                         _135_ (net)
                      0.055031    0.000312    3.475945 v _482_/A (sky130_fd_sc_hd__xnor2_2)
     3    0.014255    0.168547    0.172314    3.648259 ^ _482_/Y (sky130_fd_sc_hd__xnor2_2)
                                                         _137_ (net)
                      0.168547    0.000478    3.648737 ^ _484_/A_N (sky130_fd_sc_hd__nand2b_4)
     2    0.010058    0.048338    0.108210    3.756947 ^ _484_/Y (sky130_fd_sc_hd__nand2b_4)
                                                         _139_ (net)
                      0.048338    0.000228    3.757175 ^ _531_/B (sky130_fd_sc_hd__nand2_2)
     1    0.008920    0.046599    0.040550    3.797725 v _531_/Y (sky130_fd_sc_hd__nand2_2)
                                                         _184_ (net)
                      0.046602    0.000289    3.798013 v _533_/A1 (sky130_fd_sc_hd__o311ai_4)
     4    0.018015    0.241733    0.257272    4.055285 ^ _533_/Y (sky130_fd_sc_hd__o311ai_4)
                                                         _186_ (net)
                      0.241733    0.000775    4.056061 ^ rebuffer2/A (sky130_fd_sc_hd__dlymetal6s2s_1)
     1    0.002965    0.048212    0.087550    4.143610 ^ rebuffer2/X (sky130_fd_sc_hd__dlymetal6s2s_1)
                                                         net48 (net)
                      0.048212    0.000086    4.143697 ^ _547_/A2 (sky130_fd_sc_hd__o211a_1)
     1    0.002485    0.028700    0.076787    4.220484 ^ _547_/X (sky130_fd_sc_hd__o211a_1)
                                                         _199_ (net)
                      0.028700    0.000052    4.220536 ^ _549_/A_N (sky130_fd_sc_hd__and2b_1)
     1    0.004812    0.030593    0.110415    4.330951 v _549_/X (sky130_fd_sc_hd__and2b_1)
                                                         net21 (net)
                      0.030593    0.000142    4.331092 v output21/A (sky130_fd_sc_hd__buf_4)
     1    0.034055    0.042562    0.110818    4.441910 v output21/X (sky130_fd_sc_hd__buf_4)
                                                         P[13] (net)
                      0.042572    0.000637    4.442547 v P[13] (out)
                                              4.442547   data arrival time

                      0.000000   10.000000   10.000000   clock __VIRTUAL_CLK__ (rise edge)
                                  0.000000   10.000000   clock network delay (ideal)
                                 -0.250000    9.750000   clock uncertainty
                                  0.000000    9.750000   clock reconvergence pessimism
                                 -2.000000    7.750000   output external delay
                                              7.750000   data required time
---------------------------------------------------------------------------------------------
                                              7.750000   data required time
                                             -4.442547   data arrival time
---------------------------------------------------------------------------------------------
                                              3.307453   slack (MET)


Startpoint: A[2] (input port clocked by __VIRTUAL_CLK__)
Endpoint: P[11] (output port clocked by __VIRTUAL_CLK__)
Path Group: __VIRTUAL_CLK__
Path Type: max

Fanout         Cap        Slew       Delay        Time   Description
---------------------------------------------------------------------------------------------
                      0.000000    0.000000    0.000000   clock __VIRTUAL_CLK__ (rise edge)
                                  0.000000    0.000000   clock network delay (ideal)
                                  2.000000    2.000000 ^ input external delay
     1    0.002924    0.014360    0.007567    2.007567 ^ A[2] (in)
                                                         A[2] (net)
                      0.014365    0.000000    2.007567 ^ input3/A (sky130_fd_sc_hd__buf_1)
     2    0.010734    0.098796    0.094255    2.101822 ^ input3/X (sky130_fd_sc_hd__buf_1)
                                                         net3 (net)
                      0.098798    0.000351    2.102173 ^ fanout38/A (sky130_fd_sc_hd__buf_4)
    10    0.045729    0.099623    0.135964    2.238137 ^ fanout38/X (sky130_fd_sc_hd__buf_4)
                                                         net38 (net)
                      0.100003    0.004984    2.243122 ^ _295_/C (sky130_fd_sc_hd__and3_1)
     1    0.006013    0.057051    0.116585    2.359707 ^ _295_/X (sky130_fd_sc_hd__and3_1)
                                                         _229_ (net)
                      0.057051    0.000183    2.359889 ^ _298_/S (sky130_fd_sc_hd__mux2_4)
     2    0.017345    0.053152    0.207017    2.566906 v _298_/X (sky130_fd_sc_hd__mux2_4)
                                                         _232_ (net)
                      0.053154    0.000363    2.567269 v _300_/B (sky130_fd_sc_hd__xor2_4)
     2    0.027287    0.178856    0.173088    2.740357 ^ _300_/X (sky130_fd_sc_hd__xor2_4)
                                                         _234_ (net)
                      0.178856    0.000265    2.740623 ^ _323_/A1 (sky130_fd_sc_hd__a21oi_4)
     2    0.012122    0.054692    0.045663    2.786286 v _323_/Y (sky130_fd_sc_hd__a21oi_4)
                                                         _256_ (net)
                      0.054693    0.000238    2.786524 v _325_/B (sky130_fd_sc_hd__xor2_2)
     2    0.005652    0.057500    0.099150    2.885674 v _325_/X (sky130_fd_sc_hd__xor2_2)
                                                         _258_ (net)
                      0.057500    0.000132    2.885806 v rebuffer6/A (sky130_fd_sc_hd__dlymetal6s2s_1)
     1    0.008506    0.042990    0.111634    2.997440 v rebuffer6/X (sky130_fd_sc_hd__dlymetal6s2s_1)
                                                         net52 (net)
                      0.042990    0.000187    2.997627 v _340_/B (sky130_fd_sc_hd__xnor2_2)
     2    0.012165    0.151220    0.136863    3.134490 ^ _340_/Y (sky130_fd_sc_hd__xnor2_2)
                                                         _273_ (net)
                      0.151220    0.000310    3.134800 ^ _347_/B (sky130_fd_sc_hd__xor2_2)
     2    0.012134    0.141295    0.134854    3.269654 ^ _347_/X (sky130_fd_sc_hd__xor2_2)
                                                         _006_ (net)
                      0.141295    0.000335    3.269989 ^ _351_/A (sky130_fd_sc_hd__xor2_1)
     2    0.004552    0.102458    0.110489    3.380477 ^ _351_/X (sky130_fd_sc_hd__xor2_1)
                                                         _010_ (net)
                      0.102458    0.000124    3.380601 ^ _353_/A_N (sky130_fd_sc_hd__and2b_1)
     2    0.010177    0.045578    0.138678    3.519280 v _353_/X (sky130_fd_sc_hd__and2b_1)
                                                         _012_ (net)
                      0.045578    0.000214    3.519494 v _354_/A (sky130_fd_sc_hd__inv_2)
     1    0.011110    0.043477    0.053329    3.572823 ^ _354_/Y (sky130_fd_sc_hd__inv_2)
                                                         _013_ (net)
                      0.043483    0.000398    3.573221 ^ _387_/A1 (sky130_fd_sc_hd__o21ai_4)
     2    0.015770    0.045135    0.045585    3.618806 v _387_/Y (sky130_fd_sc_hd__o21ai_4)
                                                         _045_ (net)
                      0.045164    0.000601    3.619407 v _424_/A1 (sky130_fd_sc_hd__a21oi_4)
     3    0.024567    0.158536    0.150935    3.770342 ^ _424_/Y (sky130_fd_sc_hd__a21oi_4)
                                                         _081_ (net)
                      0.158568    0.001719    3.772061 ^ _486_/C (sky130_fd_sc_hd__nor3_4)
     2    0.011998    0.047780    0.030334    3.802395 v _486_/Y (sky130_fd_sc_hd__nor3_4)
                                                         _141_ (net)
                      0.047781    0.000358    3.802754 v rebuffer24/A (sky130_fd_sc_hd__dlygate4sd1_1)
     1    0.008836    0.040217    0.168988    3.971742 v rebuffer24/X (sky130_fd_sc_hd__dlygate4sd1_1)
                                                         net70 (net)
                      0.040217    0.000200    3.971942 v _488_/B (sky130_fd_sc_hd__nor2_4)
     2    0.014445    0.084604    0.081798    4.053740 ^ _488_/Y (sky130_fd_sc_hd__nor2_4)
                                                         _143_ (net)
                      0.084604    0.000311    4.054051 ^ _513_/A2 (sky130_fd_sc_hd__o21ai_2)
     1    0.008676    0.061329    0.043847    4.097898 v _513_/Y (sky130_fd_sc_hd__o21ai_2)
                                                         _167_ (net)
                      0.061331    0.000262    4.098159 v _514_/A (sky130_fd_sc_hd__xnor2_2)
     1    0.007085    0.110045    0.130633    4.228792 ^ _514_/Y (sky130_fd_sc_hd__xnor2_2)
                                                         net19 (net)
                      0.110045    0.000272    4.229064 ^ output19/A (sky130_fd_sc_hd__buf_6)
     1    0.034033    0.057664    0.099295    4.328360 ^ output19/X (sky130_fd_sc_hd__buf_6)
                                                         P[11] (net)
                      0.057671    0.000644    4.329003 ^ P[11] (out)
                                              4.329003   data arrival time

                      0.000000   10.000000   10.000000   clock __VIRTUAL_CLK__ (rise edge)
                                  0.000000   10.000000   clock network delay (ideal)
                                 -0.250000    9.750000   clock uncertainty
                                  0.000000    9.750000   clock reconvergence pessimism
                                 -2.000000    7.750000   output external delay
                                              7.750000   data required time
---------------------------------------------------------------------------------------------
                                              7.750000   data required time
                                             -4.329003   data arrival time
---------------------------------------------------------------------------------------------
                                              3.420996   slack (MET)


Startpoint: A[4] (input port clocked by __VIRTUAL_CLK__)
Endpoint: P[12] (output port clocked by __VIRTUAL_CLK__)
Path Group: __VIRTUAL_CLK__
Path Type: max

Fanout         Cap        Slew       Delay        Time   Description
---------------------------------------------------------------------------------------------
                      0.000000    0.000000    0.000000   clock __VIRTUAL_CLK__ (rise edge)
                                  0.000000    0.000000   clock network delay (ideal)
                                  2.000000    2.000000 ^ input external delay
     1    0.003209    0.015383    0.008314    2.008314 ^ A[4] (in)
                                                         A[4] (net)
                      0.015383    0.000000    2.008314 ^ input5/A (sky130_fd_sc_hd__clkbuf_2)
     5    0.030856    0.131502    0.130823    2.139138 ^ input5/X (sky130_fd_sc_hd__clkbuf_2)
                                                         net5 (net)
                      0.131545    0.001956    2.141094 ^ fanout36/A (sky130_fd_sc_hd__buf_6)
    10    0.037041    0.062295    0.103996    2.245090 ^ fanout36/X (sky130_fd_sc_hd__buf_6)
                                                         net36 (net)
                      0.062320    0.001009    2.246099 ^ _292_/B (sky130_fd_sc_hd__and2_1)
     3    0.011108    0.088986    0.120163    2.366262 ^ _292_/X (sky130_fd_sc_hd__and2_1)
                                                         _226_ (net)
                      0.088986    0.000183    2.366445 ^ _310_/A_N (sky130_fd_sc_hd__and3b_1)
     2    0.005508    0.035310    0.121130    2.487575 v _310_/X (sky130_fd_sc_hd__and3b_1)
                                                         _243_ (net)
                      0.035310    0.000145    2.487720 v _362_/A2 (sky130_fd_sc_hd__a31o_1)
     1    0.009197    0.047438    0.151788    2.639508 v _362_/X (sky130_fd_sc_hd__a31o_1)
                                                         _020_ (net)
                      0.047439    0.000223    2.639731 v _363_/A (sky130_fd_sc_hd__xnor2_2)
     2    0.008804    0.123955    0.136343    2.776074 ^ _363_/Y (sky130_fd_sc_hd__xnor2_2)
                                                         _021_ (net)
                      0.123955    0.000188    2.776263 ^ _365_/A (sky130_fd_sc_hd__xor2_1)
     2    0.007569    0.140872    0.140616    2.916878 ^ _365_/X (sky130_fd_sc_hd__xor2_1)
                                                         _023_ (net)
                      0.140872    0.000232    2.917110 ^ _366_/B (sky130_fd_sc_hd__nand2_2)
     4    0.015937    0.068555    0.067762    2.984873 v _366_/Y (sky130_fd_sc_hd__nand2_2)
                                                         _024_ (net)
                      0.068571    0.000788    2.985661 v _472_/A_N (sky130_fd_sc_hd__nand2b_1)
     2    0.005448    0.047557    0.108883    3.094544 v _472_/Y (sky130_fd_sc_hd__nand2b_1)
                                                         _127_ (net)
                      0.047557    0.000121    3.094665 v _476_/C (sky130_fd_sc_hd__and4_1)
     1    0.002782    0.028634    0.121050    3.215715 v _476_/X (sky130_fd_sc_hd__and4_1)
                                                         _131_ (net)
                      0.028634    0.000083    3.215798 v _478_/A_N (sky130_fd_sc_hd__nand2b_2)
     2    0.013696    0.051170    0.128163    3.343962 v _478_/Y (sky130_fd_sc_hd__nand2b_2)
                                                         _133_ (net)
                      0.051174    0.000481    3.344442 v _480_/A (sky130_fd_sc_hd__xor2_2)
     2    0.012796    0.055029    0.131191    3.475633 v _480_/X (sky130_fd_sc_hd__xor2_2)
                                                         _135_ (net)
                      0.055031    0.000312    3.475945 v _482_/A (sky130_fd_sc_hd__xnor2_2)
     3    0.014255    0.168547    0.172314    3.648259 ^ _482_/Y (sky130_fd_sc_hd__xnor2_2)
                                                         _137_ (net)
                      0.168547    0.000478    3.648737 ^ _484_/A_N (sky130_fd_sc_hd__nand2b_4)
     2    0.010058    0.048338    0.108210    3.756947 ^ _484_/Y (sky130_fd_sc_hd__nand2b_4)
                                                         _139_ (net)
                      0.048338    0.000228    3.757175 ^ _531_/B (sky130_fd_sc_hd__nand2_2)
     1    0.008920    0.046599    0.040550    3.797725 v _531_/Y (sky130_fd_sc_hd__nand2_2)
                                                         _184_ (net)
                      0.046602    0.000289    3.798013 v _533_/A1 (sky130_fd_sc_hd__o311ai_4)
     4    0.018015    0.241733    0.257272    4.055285 ^ _533_/Y (sky130_fd_sc_hd__o311ai_4)
                                                         _186_ (net)
                      0.241733    0.000714    4.056000 ^ _534_/B (sky130_fd_sc_hd__xnor2_1)
     1    0.008211    0.156581    0.109494    4.165493 ^ _534_/Y (sky130_fd_sc_hd__xnor2_1)
                                                         net20 (net)
                      0.156582    0.000332    4.165825 ^ output20/A (sky130_fd_sc_hd__buf_6)
     1    0.033969    0.058173    0.102492    4.268317 ^ output20/X (sky130_fd_sc_hd__buf_6)
                                                         P[12] (net)
                      0.058179    0.000623    4.268940 ^ P[12] (out)
                                              4.268940   data arrival time

                      0.000000   10.000000   10.000000   clock __VIRTUAL_CLK__ (rise edge)
                                  0.000000   10.000000   clock network delay (ideal)
                                 -0.250000    9.750000   clock uncertainty
                                  0.000000    9.750000   clock reconvergence pessimism
                                 -2.000000    7.750000   output external delay
                                              7.750000   data required time
---------------------------------------------------------------------------------------------
                                              7.750000   data required time
                                             -4.268940   data arrival time
---------------------------------------------------------------------------------------------
                                              3.481060   slack (MET)


Startpoint: A[2] (input port clocked by __VIRTUAL_CLK__)
Endpoint: P[10] (output port clocked by __VIRTUAL_CLK__)
Path Group: __VIRTUAL_CLK__
Path Type: max

Fanout         Cap        Slew       Delay        Time   Description
---------------------------------------------------------------------------------------------
                      0.000000    0.000000    0.000000   clock __VIRTUAL_CLK__ (rise edge)
                                  0.000000    0.000000   clock network delay (ideal)
                                  2.000000    2.000000 ^ input external delay
     1    0.002924    0.014360    0.007567    2.007567 ^ A[2] (in)
                                                         A[2] (net)
                      0.014365    0.000000    2.007567 ^ input3/A (sky130_fd_sc_hd__buf_1)
     2    0.010734    0.098796    0.094255    2.101822 ^ input3/X (sky130_fd_sc_hd__buf_1)
                                                         net3 (net)
                      0.098798    0.000351    2.102173 ^ fanout38/A (sky130_fd_sc_hd__buf_4)
    10    0.045729    0.099623    0.135964    2.238137 ^ fanout38/X (sky130_fd_sc_hd__buf_4)
                                                         net38 (net)
                      0.100003    0.004984    2.243122 ^ _295_/C (sky130_fd_sc_hd__and3_1)
     1    0.006013    0.057051    0.116585    2.359707 ^ _295_/X (sky130_fd_sc_hd__and3_1)
                                                         _229_ (net)
                      0.057051    0.000183    2.359889 ^ _298_/S (sky130_fd_sc_hd__mux2_4)
     2    0.017345    0.053152    0.207017    2.566906 v _298_/X (sky130_fd_sc_hd__mux2_4)
                                                         _232_ (net)
                      0.053154    0.000363    2.567269 v _300_/B (sky130_fd_sc_hd__xor2_4)
     2    0.027287    0.178856    0.173088    2.740357 ^ _300_/X (sky130_fd_sc_hd__xor2_4)
                                                         _234_ (net)
                      0.178856    0.000265    2.740623 ^ _323_/A1 (sky130_fd_sc_hd__a21oi_4)
     2    0.012122    0.054692    0.045663    2.786286 v _323_/Y (sky130_fd_sc_hd__a21oi_4)
                                                         _256_ (net)
                      0.054693    0.000238    2.786524 v _325_/B (sky130_fd_sc_hd__xor2_2)
     2    0.005652    0.057500    0.099150    2.885674 v _325_/X (sky130_fd_sc_hd__xor2_2)
                                                         _258_ (net)
                      0.057500    0.000132    2.885806 v rebuffer6/A (sky130_fd_sc_hd__dlymetal6s2s_1)
     1    0.008506    0.042990    0.111634    2.997440 v rebuffer6/X (sky130_fd_sc_hd__dlymetal6s2s_1)
                                                         net52 (net)
                      0.042990    0.000187    2.997627 v _340_/B (sky130_fd_sc_hd__xnor2_2)
     2    0.012165    0.151220    0.136863    3.134490 ^ _340_/Y (sky130_fd_sc_hd__xnor2_2)
                                                         _273_ (net)
                      0.151220    0.000310    3.134800 ^ _347_/B (sky130_fd_sc_hd__xor2_2)
     2    0.012134    0.141295    0.134854    3.269654 ^ _347_/X (sky130_fd_sc_hd__xor2_2)
                                                         _006_ (net)
                      0.141295    0.000335    3.269989 ^ _351_/A (sky130_fd_sc_hd__xor2_1)
     2    0.004552    0.102458    0.110489    3.380477 ^ _351_/X (sky130_fd_sc_hd__xor2_1)
                                                         _010_ (net)
                      0.102458    0.000124    3.380601 ^ _353_/A_N (sky130_fd_sc_hd__and2b_1)
     2    0.010177    0.045578    0.138678    3.519280 v _353_/X (sky130_fd_sc_hd__and2b_1)
                                                         _012_ (net)
                      0.045578    0.000214    3.519494 v _354_/A (sky130_fd_sc_hd__inv_2)
     1    0.011110    0.043477    0.053329    3.572823 ^ _354_/Y (sky130_fd_sc_hd__inv_2)
                                                         _013_ (net)
                      0.043483    0.000398    3.573221 ^ _387_/A1 (sky130_fd_sc_hd__o21ai_4)
     2    0.015770    0.045135    0.045585    3.618806 v _387_/Y (sky130_fd_sc_hd__o21ai_4)
                                                         _045_ (net)
                      0.045164    0.000601    3.619407 v _424_/A1 (sky130_fd_sc_hd__a21oi_4)
     3    0.024567    0.158536    0.150935    3.770342 ^ _424_/Y (sky130_fd_sc_hd__a21oi_4)
                                                         _081_ (net)
                      0.158568    0.001719    3.772061 ^ _486_/C (sky130_fd_sc_hd__nor3_4)
     2    0.011998    0.047780    0.030334    3.802395 v _486_/Y (sky130_fd_sc_hd__nor3_4)
                                                         _141_ (net)
                      0.047781    0.000358    3.802754 v rebuffer24/A (sky130_fd_sc_hd__dlygate4sd1_1)
     1    0.008836    0.040217    0.168988    3.971742 v rebuffer24/X (sky130_fd_sc_hd__dlygate4sd1_1)
                                                         net70 (net)
                      0.040217    0.000200    3.971942 v _488_/B (sky130_fd_sc_hd__nor2_4)
     2    0.014445    0.084604    0.081798    4.053740 ^ _488_/Y (sky130_fd_sc_hd__nor2_4)
                                                         _143_ (net)
                      0.084604    0.000212    4.053952 ^ _489_/B (sky130_fd_sc_hd__xor2_2)
     1    0.007304    0.104103    0.107367    4.161318 ^ _489_/X (sky130_fd_sc_hd__xor2_2)
                                                         net18 (net)
                      0.104104    0.000289    4.161607 ^ output18/A (sky130_fd_sc_hd__buf_6)
     1    0.033969    0.057514    0.098340    4.259947 ^ output18/X (sky130_fd_sc_hd__buf_6)
                                                         P[10] (net)
                      0.057520    0.000623    4.260570 ^ P[10] (out)
                                              4.260570   data arrival time

                      0.000000   10.000000   10.000000   clock __VIRTUAL_CLK__ (rise edge)
                                  0.000000   10.000000   clock network delay (ideal)
                                 -0.250000    9.750000   clock uncertainty
                                  0.000000    9.750000   clock reconvergence pessimism
                                 -2.000000    7.750000   output external delay
                                              7.750000   data required time
---------------------------------------------------------------------------------------------
                                              7.750000   data required time
                                             -4.260570   data arrival time
---------------------------------------------------------------------------------------------
                                              3.489430   slack (MET)


Startpoint: A[2] (input port clocked by __VIRTUAL_CLK__)
Endpoint: P[9] (output port clocked by __VIRTUAL_CLK__)
Path Group: __VIRTUAL_CLK__
Path Type: max

Fanout         Cap        Slew       Delay        Time   Description
---------------------------------------------------------------------------------------------
                      0.000000    0.000000    0.000000   clock __VIRTUAL_CLK__ (rise edge)
                                  0.000000    0.000000   clock network delay (ideal)
                                  2.000000    2.000000 ^ input external delay
     1    0.002924    0.014360    0.007567    2.007567 ^ A[2] (in)
                                                         A[2] (net)
                      0.014365    0.000000    2.007567 ^ input3/A (sky130_fd_sc_hd__buf_1)
     2    0.010734    0.098796    0.094255    2.101822 ^ input3/X (sky130_fd_sc_hd__buf_1)
                                                         net3 (net)
                      0.098798    0.000351    2.102173 ^ fanout38/A (sky130_fd_sc_hd__buf_4)
    10    0.045729    0.099623    0.135964    2.238137 ^ fanout38/X (sky130_fd_sc_hd__buf_4)
                                                         net38 (net)
                      0.100003    0.004984    2.243122 ^ _295_/C (sky130_fd_sc_hd__and3_1)
     1    0.006013    0.057051    0.116585    2.359707 ^ _295_/X (sky130_fd_sc_hd__and3_1)
                                                         _229_ (net)
                      0.057051    0.000183    2.359889 ^ _298_/S (sky130_fd_sc_hd__mux2_4)
     2    0.017345    0.053152    0.207017    2.566906 v _298_/X (sky130_fd_sc_hd__mux2_4)
                                                         _232_ (net)
                      0.053154    0.000363    2.567269 v _300_/B (sky130_fd_sc_hd__xor2_4)
     2    0.027287    0.178856    0.173088    2.740357 ^ _300_/X (sky130_fd_sc_hd__xor2_4)
                                                         _234_ (net)
                      0.178856    0.000265    2.740623 ^ _323_/A1 (sky130_fd_sc_hd__a21oi_4)
     2    0.012122    0.054692    0.045663    2.786286 v _323_/Y (sky130_fd_sc_hd__a21oi_4)
                                                         _256_ (net)
                      0.054693    0.000238    2.786524 v _325_/B (sky130_fd_sc_hd__xor2_2)
     2    0.005652    0.057500    0.099150    2.885674 v _325_/X (sky130_fd_sc_hd__xor2_2)
                                                         _258_ (net)
                      0.057500    0.000132    2.885806 v rebuffer6/A (sky130_fd_sc_hd__dlymetal6s2s_1)
     1    0.008506    0.042990    0.111634    2.997440 v rebuffer6/X (sky130_fd_sc_hd__dlymetal6s2s_1)
                                                         net52 (net)
                      0.042990    0.000187    2.997627 v _340_/B (sky130_fd_sc_hd__xnor2_2)
     2    0.012165    0.151220    0.136863    3.134490 ^ _340_/Y (sky130_fd_sc_hd__xnor2_2)
                                                         _273_ (net)
                      0.151220    0.000310    3.134800 ^ _347_/B (sky130_fd_sc_hd__xor2_2)
     2    0.012134    0.141295    0.134854    3.269654 ^ _347_/X (sky130_fd_sc_hd__xor2_2)
                                                         _006_ (net)
                      0.141295    0.000335    3.269989 ^ _351_/A (sky130_fd_sc_hd__xor2_1)
     2    0.004552    0.102458    0.110489    3.380477 ^ _351_/X (sky130_fd_sc_hd__xor2_1)
                                                         _010_ (net)
                      0.102458    0.000124    3.380601 ^ _353_/A_N (sky130_fd_sc_hd__and2b_1)
     2    0.010177    0.045578    0.138678    3.519280 v _353_/X (sky130_fd_sc_hd__and2b_1)
                                                         _012_ (net)
                      0.045578    0.000214    3.519494 v _354_/A (sky130_fd_sc_hd__inv_2)
     1    0.011110    0.043477    0.053329    3.572823 ^ _354_/Y (sky130_fd_sc_hd__inv_2)
                                                         _013_ (net)
                      0.043483    0.000398    3.573221 ^ _387_/A1 (sky130_fd_sc_hd__o21ai_4)
     2    0.015770    0.045135    0.045585    3.618806 v _387_/Y (sky130_fd_sc_hd__o21ai_4)
                                                         _045_ (net)
                      0.045164    0.000601    3.619407 v _424_/A1 (sky130_fd_sc_hd__a21oi_4)
     3    0.024567    0.158536    0.150935    3.770342 ^ _424_/Y (sky130_fd_sc_hd__a21oi_4)
                                                         _081_ (net)
                      0.158563    0.001572    3.771914 ^ _426_/A2 (sky130_fd_sc_hd__o21bai_1)
     1    0.009174    0.065048    0.073256    3.845170 v _426_/Y (sky130_fd_sc_hd__o21bai_1)
                                                         _082_ (net)
                      0.065049    0.000298    3.845468 v _456_/B (sky130_fd_sc_hd__xnor2_2)
     1    0.008516    0.121597    0.122334    3.967801 ^ _456_/Y (sky130_fd_sc_hd__xnor2_2)
                                                         net32 (net)
                      0.121598    0.000330    3.968131 ^ output32/A (sky130_fd_sc_hd__buf_6)
     1    0.034123    0.057912    0.101125    4.069256 ^ output32/X (sky130_fd_sc_hd__buf_6)
                                                         P[9] (net)
                      0.057919    0.000675    4.069932 ^ P[9] (out)
                                              4.069932   data arrival time

                      0.000000   10.000000   10.000000   clock __VIRTUAL_CLK__ (rise edge)
                                  0.000000   10.000000   clock network delay (ideal)
                                 -0.250000    9.750000   clock uncertainty
                                  0.000000    9.750000   clock reconvergence pessimism
                                 -2.000000    7.750000   output external delay
                                              7.750000   data required time
---------------------------------------------------------------------------------------------
                                              7.750000   data required time
                                             -4.069932   data arrival time
---------------------------------------------------------------------------------------------
                                              3.680068   slack (MET)


Startpoint: A[2] (input port clocked by __VIRTUAL_CLK__)
Endpoint: P[8] (output port clocked by __VIRTUAL_CLK__)
Path Group: __VIRTUAL_CLK__
Path Type: max

Fanout         Cap        Slew       Delay        Time   Description
---------------------------------------------------------------------------------------------
                      0.000000    0.000000    0.000000   clock __VIRTUAL_CLK__ (rise edge)
                                  0.000000    0.000000   clock network delay (ideal)
                                  2.000000    2.000000 ^ input external delay
     1    0.002924    0.014360    0.007567    2.007567 ^ A[2] (in)
                                                         A[2] (net)
                      0.014365    0.000000    2.007567 ^ input3/A (sky130_fd_sc_hd__buf_1)
     2    0.010734    0.098796    0.094255    2.101822 ^ input3/X (sky130_fd_sc_hd__buf_1)
                                                         net3 (net)
                      0.098798    0.000351    2.102173 ^ fanout38/A (sky130_fd_sc_hd__buf_4)
    10    0.045729    0.099623    0.135964    2.238137 ^ fanout38/X (sky130_fd_sc_hd__buf_4)
                                                         net38 (net)
                      0.100003    0.004984    2.243122 ^ _295_/C (sky130_fd_sc_hd__and3_1)
     1    0.006013    0.057051    0.116585    2.359707 ^ _295_/X (sky130_fd_sc_hd__and3_1)
                                                         _229_ (net)
                      0.057051    0.000183    2.359889 ^ _298_/S (sky130_fd_sc_hd__mux2_4)
     2    0.017345    0.053152    0.207017    2.566906 v _298_/X (sky130_fd_sc_hd__mux2_4)
                                                         _232_ (net)
                      0.053154    0.000363    2.567269 v _300_/B (sky130_fd_sc_hd__xor2_4)
     2    0.027287    0.178856    0.173088    2.740357 ^ _300_/X (sky130_fd_sc_hd__xor2_4)
                                                         _234_ (net)
                      0.178856    0.000265    2.740623 ^ _323_/A1 (sky130_fd_sc_hd__a21oi_4)
     2    0.012122    0.054692    0.045663    2.786286 v _323_/Y (sky130_fd_sc_hd__a21oi_4)
                                                         _256_ (net)
                      0.054693    0.000238    2.786524 v _325_/B (sky130_fd_sc_hd__xor2_2)
     2    0.005652    0.057500    0.099150    2.885674 v _325_/X (sky130_fd_sc_hd__xor2_2)
                                                         _258_ (net)
                      0.057500    0.000132    2.885806 v rebuffer6/A (sky130_fd_sc_hd__dlymetal6s2s_1)
     1    0.008506    0.042990    0.111634    2.997440 v rebuffer6/X (sky130_fd_sc_hd__dlymetal6s2s_1)
                                                         net52 (net)
                      0.042990    0.000187    2.997627 v _340_/B (sky130_fd_sc_hd__xnor2_2)
     2    0.012165    0.151220    0.136863    3.134490 ^ _340_/Y (sky130_fd_sc_hd__xnor2_2)
                                                         _273_ (net)
                      0.151220    0.000310    3.134800 ^ _347_/B (sky130_fd_sc_hd__xor2_2)
     2    0.012134    0.141295    0.134854    3.269654 ^ _347_/X (sky130_fd_sc_hd__xor2_2)
                                                         _006_ (net)
                      0.141295    0.000335    3.269989 ^ _351_/A (sky130_fd_sc_hd__xor2_1)
     2    0.004552    0.102458    0.110489    3.380477 ^ _351_/X (sky130_fd_sc_hd__xor2_1)
                                                         _010_ (net)
                      0.102458    0.000124    3.380601 ^ _353_/A_N (sky130_fd_sc_hd__and2b_1)
     2    0.010177    0.045578    0.138678    3.519280 v _353_/X (sky130_fd_sc_hd__and2b_1)
                                                         _012_ (net)
                      0.045578    0.000214    3.519494 v _354_/A (sky130_fd_sc_hd__inv_2)
     1    0.011110    0.043477    0.053329    3.572823 ^ _354_/Y (sky130_fd_sc_hd__inv_2)
                                                         _013_ (net)
                      0.043483    0.000398    3.573221 ^ _387_/A1 (sky130_fd_sc_hd__o21ai_4)
     2    0.015770    0.045135    0.045585    3.618806 v _387_/Y (sky130_fd_sc_hd__o21ai_4)
                                                         _045_ (net)
                      0.045164    0.000601    3.619407 v _424_/A1 (sky130_fd_sc_hd__a21oi_4)
     3    0.024567    0.158536    0.150935    3.770342 ^ _424_/Y (sky130_fd_sc_hd__a21oi_4)
                                                         _081_ (net)
                      0.158560    0.001510    3.771852 ^ _425_/B (sky130_fd_sc_hd__xor2_1)
     1    0.005955    0.120272    0.122874    3.894727 ^ _425_/X (sky130_fd_sc_hd__xor2_1)
                                                         net31 (net)
                      0.120272    0.000199    3.894926 ^ output31/A (sky130_fd_sc_hd__buf_4)
     1    0.034032    0.076548    0.126457    4.021383 ^ output31/X (sky130_fd_sc_hd__buf_4)
                                                         P[8] (net)
                      0.076551    0.000626    4.022009 ^ P[8] (out)
                                              4.022009   data arrival time

                      0.000000   10.000000   10.000000   clock __VIRTUAL_CLK__ (rise edge)
                                  0.000000   10.000000   clock network delay (ideal)
                                 -0.250000    9.750000   clock uncertainty
                                  0.000000    9.750000   clock reconvergence pessimism
                                 -2.000000    7.750000   output external delay
                                              7.750000   data required time
---------------------------------------------------------------------------------------------
                                              7.750000   data required time
                                             -4.022009   data arrival time
---------------------------------------------------------------------------------------------
                                              3.727991   slack (MET)


Startpoint: A[2] (input port clocked by __VIRTUAL_CLK__)
Endpoint: P[6] (output port clocked by __VIRTUAL_CLK__)
Path Group: __VIRTUAL_CLK__
Path Type: max

Fanout         Cap        Slew       Delay        Time   Description
---------------------------------------------------------------------------------------------
                      0.000000    0.000000    0.000000   clock __VIRTUAL_CLK__ (rise edge)
                                  0.000000    0.000000   clock network delay (ideal)
                                  2.000000    2.000000 ^ input external delay
     1    0.002924    0.014360    0.007567    2.007567 ^ A[2] (in)
                                                         A[2] (net)
                      0.014365    0.000000    2.007567 ^ input3/A (sky130_fd_sc_hd__buf_1)
     2    0.010734    0.098796    0.094255    2.101822 ^ input3/X (sky130_fd_sc_hd__buf_1)
                                                         net3 (net)
                      0.098798    0.000351    2.102173 ^ fanout38/A (sky130_fd_sc_hd__buf_4)
    10    0.045729    0.099623    0.135964    2.238137 ^ fanout38/X (sky130_fd_sc_hd__buf_4)
                                                         net38 (net)
                      0.100003    0.004984    2.243122 ^ _295_/C (sky130_fd_sc_hd__and3_1)
     1    0.006013    0.057051    0.116585    2.359707 ^ _295_/X (sky130_fd_sc_hd__and3_1)
                                                         _229_ (net)
                      0.057051    0.000183    2.359889 ^ _298_/S (sky130_fd_sc_hd__mux2_4)
     2    0.017345    0.053152    0.207017    2.566906 v _298_/X (sky130_fd_sc_hd__mux2_4)
                                                         _232_ (net)
                      0.053154    0.000363    2.567269 v _300_/B (sky130_fd_sc_hd__xor2_4)
     2    0.027287    0.178856    0.173088    2.740357 ^ _300_/X (sky130_fd_sc_hd__xor2_4)
                                                         _234_ (net)
                      0.178856    0.000265    2.740623 ^ _323_/A1 (sky130_fd_sc_hd__a21oi_4)
     2    0.012122    0.054692    0.045663    2.786286 v _323_/Y (sky130_fd_sc_hd__a21oi_4)
                                                         _256_ (net)
                      0.054693    0.000238    2.786524 v _325_/B (sky130_fd_sc_hd__xor2_2)
     2    0.005652    0.057500    0.099150    2.885674 v _325_/X (sky130_fd_sc_hd__xor2_2)
                                                         _258_ (net)
                      0.057500    0.000137    2.885811 v _326_/A2 (sky130_fd_sc_hd__a21o_1)
     2    0.013823    0.054902    0.153065    3.038876 v _326_/X (sky130_fd_sc_hd__a21o_1)
                                                         _259_ (net)
                      0.054905    0.000470    3.039346 v _329_/A (sky130_fd_sc_hd__xnor2_2)
     2    0.011956    0.149539    0.158286    3.197632 ^ _329_/Y (sky130_fd_sc_hd__xnor2_2)
                                                         _262_ (net)
                      0.149539    0.000384    3.198016 ^ _338_/A (sky130_fd_sc_hd__xnor2_2)
     2    0.011660    0.059035    0.068755    3.266771 v _338_/Y (sky130_fd_sc_hd__xnor2_2)
                                                         _271_ (net)
                      0.059045    0.000382    3.267153 v _339_/B (sky130_fd_sc_hd__xnor2_2)
     2    0.011652    0.063658    0.106410    3.373563 v _339_/Y (sky130_fd_sc_hd__xnor2_2)
                                                         _272_ (net)
                      0.063658    0.000347    3.373910 v _350_/A (sky130_fd_sc_hd__xor2_2)
     2    0.010141    0.078628    0.131227    3.505137 v _350_/X (sky130_fd_sc_hd__xor2_2)
                                                         _009_ (net)
                      0.078629    0.000230    3.505368 v rebuffer1/A (sky130_fd_sc_hd__dlygate4sd1_1)
     1    0.005411    0.029696    0.170518    3.675885 v rebuffer1/X (sky130_fd_sc_hd__dlygate4sd1_1)
                                                         net47 (net)
                      0.029696    0.000175    3.676060 v _355_/A (sky130_fd_sc_hd__xnor2_1)
     1    0.005807    0.122986    0.128455    3.804515 ^ _355_/Y (sky130_fd_sc_hd__xnor2_1)
                                                         net29 (net)
                      0.122986    0.000255    3.804770 ^ output29/A (sky130_fd_sc_hd__buf_2)
     1    0.034318    0.128327    0.159964    3.964734 ^ output29/X (sky130_fd_sc_hd__buf_2)
                                                         P[6] (net)
                      0.128329    0.000733    3.965467 ^ P[6] (out)
                                              3.965467   data arrival time

                      0.000000   10.000000   10.000000   clock __VIRTUAL_CLK__ (rise edge)
                                  0.000000   10.000000   clock network delay (ideal)
                                 -0.250000    9.750000   clock uncertainty
                                  0.000000    9.750000   clock reconvergence pessimism
                                 -2.000000    7.750000   output external delay
                                              7.750000   data required time
---------------------------------------------------------------------------------------------
                                              7.750000   data required time
                                             -3.965467   data arrival time
---------------------------------------------------------------------------------------------
                                              3.784533   slack (MET)


Startpoint: A[2] (input port clocked by __VIRTUAL_CLK__)
Endpoint: P[7] (output port clocked by __VIRTUAL_CLK__)
Path Group: __VIRTUAL_CLK__
Path Type: max

Fanout         Cap        Slew       Delay        Time   Description
---------------------------------------------------------------------------------------------
                      0.000000    0.000000    0.000000   clock __VIRTUAL_CLK__ (rise edge)
                                  0.000000    0.000000   clock network delay (ideal)
                                  2.000000    2.000000 ^ input external delay
     1    0.002924    0.014360    0.007567    2.007567 ^ A[2] (in)
                                                         A[2] (net)
                      0.014365    0.000000    2.007567 ^ input3/A (sky130_fd_sc_hd__buf_1)
     2    0.010734    0.098796    0.094255    2.101822 ^ input3/X (sky130_fd_sc_hd__buf_1)
                                                         net3 (net)
                      0.098798    0.000351    2.102173 ^ fanout38/A (sky130_fd_sc_hd__buf_4)
    10    0.045729    0.099623    0.135964    2.238137 ^ fanout38/X (sky130_fd_sc_hd__buf_4)
                                                         net38 (net)
                      0.100003    0.004984    2.243122 ^ _295_/C (sky130_fd_sc_hd__and3_1)
     1    0.006013    0.057051    0.116585    2.359707 ^ _295_/X (sky130_fd_sc_hd__and3_1)
                                                         _229_ (net)
                      0.057051    0.000183    2.359889 ^ _298_/S (sky130_fd_sc_hd__mux2_4)
     2    0.017345    0.053152    0.207017    2.566906 v _298_/X (sky130_fd_sc_hd__mux2_4)
                                                         _232_ (net)
                      0.053154    0.000363    2.567269 v _300_/B (sky130_fd_sc_hd__xor2_4)
     2    0.027287    0.178856    0.173088    2.740357 ^ _300_/X (sky130_fd_sc_hd__xor2_4)
                                                         _234_ (net)
                      0.178856    0.000265    2.740623 ^ _323_/A1 (sky130_fd_sc_hd__a21oi_4)
     2    0.012122    0.054692    0.045663    2.786286 v _323_/Y (sky130_fd_sc_hd__a21oi_4)
                                                         _256_ (net)
                      0.054693    0.000238    2.786524 v _325_/B (sky130_fd_sc_hd__xor2_2)
     2    0.005652    0.057500    0.099150    2.885674 v _325_/X (sky130_fd_sc_hd__xor2_2)
                                                         _258_ (net)
                      0.057500    0.000132    2.885806 v rebuffer6/A (sky130_fd_sc_hd__dlymetal6s2s_1)
     1    0.008506    0.042990    0.111634    2.997440 v rebuffer6/X (sky130_fd_sc_hd__dlymetal6s2s_1)
                                                         net52 (net)
                      0.042990    0.000187    2.997627 v _340_/B (sky130_fd_sc_hd__xnor2_2)
     2    0.012165    0.151220    0.136863    3.134490 ^ _340_/Y (sky130_fd_sc_hd__xnor2_2)
                                                         _273_ (net)
                      0.151220    0.000310    3.134800 ^ _347_/B (sky130_fd_sc_hd__xor2_2)
     2    0.012134    0.141295    0.134854    3.269654 ^ _347_/X (sky130_fd_sc_hd__xor2_2)
                                                         _006_ (net)
                      0.141295    0.000335    3.269989 ^ _351_/A (sky130_fd_sc_hd__xor2_1)
     2    0.004259    0.047107    0.055294    3.325283 v _351_/X (sky130_fd_sc_hd__xor2_1)
                                                         _010_ (net)
                      0.047107    0.000115    3.325398 v _353_/A_N (sky130_fd_sc_hd__and2b_1)
     2    0.010745    0.079587    0.159696    3.485095 ^ _353_/X (sky130_fd_sc_hd__and2b_1)
                                                         _012_ (net)
                      0.079587    0.000228    3.485323 ^ _354_/A (sky130_fd_sc_hd__inv_2)
     1    0.010166    0.030253    0.030410    3.515733 v _354_/Y (sky130_fd_sc_hd__inv_2)
                                                         _013_ (net)
                      0.030259    0.000363    3.516096 v _387_/A1 (sky130_fd_sc_hd__o21ai_4)
     2    0.016822    0.126914    0.132768    3.648864 ^ _387_/Y (sky130_fd_sc_hd__o21ai_4)
                                                         _045_ (net)
                      0.126914    0.000467    3.649330 ^ _388_/B (sky130_fd_sc_hd__xor2_1)
     1    0.006835    0.131420    0.132161    3.781492 ^ _388_/X (sky130_fd_sc_hd__xor2_1)
                                                         net30 (net)
                      0.131420    0.000314    3.781805 ^ output30/A (sky130_fd_sc_hd__buf_2)
     1    0.034393    0.128633    0.161009    3.942815 ^ output30/X (sky130_fd_sc_hd__buf_2)
                                                         P[7] (net)
                      0.128635    0.000747    3.943562 ^ P[7] (out)
                                              3.943562   data arrival time

                      0.000000   10.000000   10.000000   clock __VIRTUAL_CLK__ (rise edge)
                                  0.000000   10.000000   clock network delay (ideal)
                                 -0.250000    9.750000   clock uncertainty
                                  0.000000    9.750000   clock reconvergence pessimism
                                 -2.000000    7.750000   output external delay
                                              7.750000   data required time
---------------------------------------------------------------------------------------------
                                              7.750000   data required time
                                             -3.943562   data arrival time
---------------------------------------------------------------------------------------------
                                              3.806438   slack (MET)


Startpoint: A[2] (input port clocked by __VIRTUAL_CLK__)
Endpoint: P[5] (output port clocked by __VIRTUAL_CLK__)
Path Group: __VIRTUAL_CLK__
Path Type: max

Fanout         Cap        Slew       Delay        Time   Description
---------------------------------------------------------------------------------------------
                      0.000000    0.000000    0.000000   clock __VIRTUAL_CLK__ (rise edge)
                                  0.000000    0.000000   clock network delay (ideal)
                                  2.000000    2.000000 ^ input external delay
     1    0.002924    0.014360    0.007567    2.007567 ^ A[2] (in)
                                                         A[2] (net)
                      0.014365    0.000000    2.007567 ^ input3/A (sky130_fd_sc_hd__buf_1)
     2    0.010734    0.098796    0.094255    2.101822 ^ input3/X (sky130_fd_sc_hd__buf_1)
                                                         net3 (net)
                      0.098798    0.000351    2.102173 ^ fanout38/A (sky130_fd_sc_hd__buf_4)
    10    0.045729    0.099623    0.135964    2.238137 ^ fanout38/X (sky130_fd_sc_hd__buf_4)
                                                         net38 (net)
                      0.100003    0.004984    2.243122 ^ _295_/C (sky130_fd_sc_hd__and3_1)
     1    0.006013    0.057051    0.116585    2.359707 ^ _295_/X (sky130_fd_sc_hd__and3_1)
                                                         _229_ (net)
                      0.057051    0.000183    2.359889 ^ _298_/S (sky130_fd_sc_hd__mux2_4)
     2    0.017345    0.053152    0.207017    2.566906 v _298_/X (sky130_fd_sc_hd__mux2_4)
                                                         _232_ (net)
                      0.053154    0.000363    2.567269 v _300_/B (sky130_fd_sc_hd__xor2_4)
     2    0.027287    0.178856    0.173088    2.740357 ^ _300_/X (sky130_fd_sc_hd__xor2_4)
                                                         _234_ (net)
                      0.178856    0.000265    2.740623 ^ _323_/A1 (sky130_fd_sc_hd__a21oi_4)
     2    0.012122    0.054692    0.045663    2.786286 v _323_/Y (sky130_fd_sc_hd__a21oi_4)
                                                         _256_ (net)
                      0.054693    0.000238    2.786524 v _325_/B (sky130_fd_sc_hd__xor2_2)
     2    0.005652    0.057500    0.099150    2.885674 v _325_/X (sky130_fd_sc_hd__xor2_2)
                                                         _258_ (net)
                      0.057500    0.000132    2.885806 v rebuffer6/A (sky130_fd_sc_hd__dlymetal6s2s_1)
     1    0.008506    0.042990    0.111634    2.997440 v rebuffer6/X (sky130_fd_sc_hd__dlymetal6s2s_1)
                                                         net52 (net)
                      0.042990    0.000187    2.997627 v _340_/B (sky130_fd_sc_hd__xnor2_2)
     2    0.012165    0.151220    0.136863    3.134490 ^ _340_/Y (sky130_fd_sc_hd__xnor2_2)
                                                         _273_ (net)
                      0.151220    0.000310    3.134800 ^ _347_/B (sky130_fd_sc_hd__xor2_2)
     2    0.012134    0.141295    0.134854    3.269654 ^ _347_/X (sky130_fd_sc_hd__xor2_2)
                                                         _006_ (net)
                      0.141295    0.000335    3.269989 ^ _351_/A (sky130_fd_sc_hd__xor2_1)
     2    0.004552    0.102458    0.110489    3.380477 ^ _351_/X (sky130_fd_sc_hd__xor2_1)
                                                         _010_ (net)
                      0.102458    0.000123    3.380601 ^ rebuffer5/A (sky130_fd_sc_hd__dlygate4sd1_1)
     1    0.005161    0.045555    0.145001    3.525602 ^ rebuffer5/X (sky130_fd_sc_hd__dlygate4sd1_1)
                                                         net51 (net)
                      0.045555    0.000154    3.525756 ^ _561_/A (sky130_fd_sc_hd__xnor2_1)
     1    0.005776    0.122747    0.087212    3.612967 ^ _561_/Y (sky130_fd_sc_hd__xnor2_1)
                                                         net28 (net)
                      0.122747    0.000213    3.613181 ^ output28/A (sky130_fd_sc_hd__buf_2)
     1    0.034393    0.128591    0.160113    3.773294 ^ output28/X (sky130_fd_sc_hd__buf_2)
                                                         P[5] (net)
                      0.128593    0.000747    3.774041 ^ P[5] (out)
                                              3.774041   data arrival time

                      0.000000   10.000000   10.000000   clock __VIRTUAL_CLK__ (rise edge)
                                  0.000000   10.000000   clock network delay (ideal)
                                 -0.250000    9.750000   clock uncertainty
                                  0.000000    9.750000   clock reconvergence pessimism
                                 -2.000000    7.750000   output external delay
                                              7.750000   data required time
---------------------------------------------------------------------------------------------
                                              7.750000   data required time
                                             -3.774041   data arrival time
---------------------------------------------------------------------------------------------
                                              3.975959   slack (MET)


Startpoint: B[0] (input port clocked by __VIRTUAL_CLK__)
Endpoint: P[4] (output port clocked by __VIRTUAL_CLK__)
Path Group: __VIRTUAL_CLK__
Path Type: max

Fanout         Cap        Slew       Delay        Time   Description
---------------------------------------------------------------------------------------------
                      0.000000    0.000000    0.000000   clock __VIRTUAL_CLK__ (rise edge)
                                  0.000000    0.000000   clock network delay (ideal)
                                  2.000000    2.000000 ^ input external delay
     1    0.002517    0.012912    0.006496    2.006496 ^ B[0] (in)
                                                         B[0] (net)
                      0.012912    0.000000    2.006496 ^ input9/A (sky130_fd_sc_hd__buf_2)
    11    0.046286    0.170585    0.160211    2.166707 ^ input9/X (sky130_fd_sc_hd__buf_2)
                                                         net9 (net)
                      0.170596    0.001169    2.167876 ^ _278_/A (sky130_fd_sc_hd__and4_1)
     3    0.008288    0.072403    0.149956    2.317833 ^ _278_/X (sky130_fd_sc_hd__and4_1)
                                                         _214_ (net)
                      0.072403    0.000161    2.317994 ^ _286_/B (sky130_fd_sc_hd__and4b_1)
     4    0.010176    0.086790    0.150536    2.468531 ^ _286_/X (sky130_fd_sc_hd__and4b_1)
                                                         _221_ (net)
                      0.086790    0.000227    2.468757 ^ _301_/A_N (sky130_fd_sc_hd__and4b_1)
     2    0.016435    0.068571    0.163059    2.631817 v _301_/X (sky130_fd_sc_hd__and4b_1)
                                                         _235_ (net)
                      0.068573    0.000504    2.632320 v rebuffer3/A (sky130_fd_sc_hd__buf_6)
     1    0.016308    0.022738    0.095472    2.727793 v rebuffer3/X (sky130_fd_sc_hd__buf_6)
                                                         net49 (net)
                      0.022752    0.000519    2.728312 v _302_/B (sky130_fd_sc_hd__xnor2_4)
     2    0.014672    0.129846    0.119002    2.847314 ^ _302_/Y (sky130_fd_sc_hd__xnor2_4)
                                                         _236_ (net)
                      0.129846    0.000284    2.847599 ^ _304_/B (sky130_fd_sc_hd__xor2_1)
     2    0.010715    0.182274    0.169550    3.017149 ^ _304_/X (sky130_fd_sc_hd__xor2_1)
                                                         _238_ (net)
                      0.182275    0.000363    3.017512 ^ _305_/B (sky130_fd_sc_hd__xnor2_1)
     2    0.005039    0.051399    0.056188    3.073700 v _305_/Y (sky130_fd_sc_hd__xnor2_1)
                                                         _239_ (net)
                      0.051400    0.000130    3.073830 v _306_/B (sky130_fd_sc_hd__and2_1)
     2    0.005192    0.032163    0.111199    3.185030 v _306_/X (sky130_fd_sc_hd__and2_1)
                                                         _240_ (net)
                      0.032163    0.000075    3.185104 v _308_/A (sky130_fd_sc_hd__nor2_1)
     1    0.007452    0.107575    0.105819    3.290923 ^ _308_/Y (sky130_fd_sc_hd__nor2_1)
                                                         net27 (net)
                      0.107577    0.000381    3.291304 ^ output27/A (sky130_fd_sc_hd__buf_2)
     1    0.034030    0.127302    0.155846    3.447150 ^ output27/X (sky130_fd_sc_hd__buf_2)
                                                         P[4] (net)
                      0.127304    0.000641    3.447791 ^ P[4] (out)
                                              3.447791   data arrival time

                      0.000000   10.000000   10.000000   clock __VIRTUAL_CLK__ (rise edge)
                                  0.000000   10.000000   clock network delay (ideal)
                                 -0.250000    9.750000   clock uncertainty
                                  0.000000    9.750000   clock reconvergence pessimism
                                 -2.000000    7.750000   output external delay
                                              7.750000   data required time
---------------------------------------------------------------------------------------------
                                              7.750000   data required time
                                             -3.447791   data arrival time
---------------------------------------------------------------------------------------------
                                              4.302209   slack (MET)


Startpoint: A[1] (input port clocked by __VIRTUAL_CLK__)
Endpoint: P[3] (output port clocked by __VIRTUAL_CLK__)
Path Group: __VIRTUAL_CLK__
Path Type: max

Fanout         Cap        Slew       Delay        Time   Description
---------------------------------------------------------------------------------------------
                      0.000000    0.000000    0.000000   clock __VIRTUAL_CLK__ (rise edge)
                                  0.000000    0.000000   clock network delay (ideal)
                                  2.000000    2.000000 ^ input external delay
     1    0.002500    0.012851    0.006453    2.006453 ^ A[1] (in)
                                                         A[1] (net)
                      0.012851    0.000000    2.006453 ^ input2/A (sky130_fd_sc_hd__dlymetal6s2s_1)
     7    0.022024    0.179011    0.154595    2.161048 ^ input2/X (sky130_fd_sc_hd__dlymetal6s2s_1)
                                                         net2 (net)
                      0.179012    0.000364    2.161412 ^ _284_/A (sky130_fd_sc_hd__and4_1)
     3    0.006489    0.060975    0.141265    2.302677 ^ _284_/X (sky130_fd_sc_hd__and4_1)
                                                         _219_ (net)
                      0.060975    0.000109    2.302786 ^ _285_/A_N (sky130_fd_sc_hd__and3b_1)
     1    0.001765    0.024340    0.103582    2.406368 v _285_/X (sky130_fd_sc_hd__and3b_1)
                                                         _220_ (net)
                      0.024340    0.000033    2.406401 v _288_/B (sky130_fd_sc_hd__or3_1)
     2    0.006724    0.057618    0.211792    2.618193 v _288_/X (sky130_fd_sc_hd__or3_1)
                                                         _223_ (net)
                      0.057618    0.000190    2.618383 v _289_/B (sky130_fd_sc_hd__and2b_1)
     1    0.005745    0.033141    0.115053    2.733436 v _289_/X (sky130_fd_sc_hd__and2b_1)
                                                         _224_ (net)
                      0.033141    0.000181    2.733617 v _291_/B (sky130_fd_sc_hd__xnor2_1)
     1    0.002843    0.082703    0.086225    2.819842 ^ _291_/Y (sky130_fd_sc_hd__xnor2_1)
                                                         net26 (net)
                      0.082703    0.000084    2.819926 ^ output26/A (sky130_fd_sc_hd__buf_2)
     1    0.034091    0.127480    0.150282    2.970208 ^ output26/X (sky130_fd_sc_hd__buf_2)
                                                         P[3] (net)
                      0.127522    0.000656    2.970864 ^ P[3] (out)
                                              2.970864   data arrival time

                      0.000000   10.000000   10.000000   clock __VIRTUAL_CLK__ (rise edge)
                                  0.000000   10.000000   clock network delay (ideal)
                                 -0.250000    9.750000   clock uncertainty
                                  0.000000    9.750000   clock reconvergence pessimism
                                 -2.000000    7.750000   output external delay
                                              7.750000   data required time
---------------------------------------------------------------------------------------------
                                              7.750000   data required time
                                             -2.970864   data arrival time
---------------------------------------------------------------------------------------------
                                              4.779136   slack (MET)


Startpoint: A[0] (input port clocked by __VIRTUAL_CLK__)
Endpoint: P[2] (output port clocked by __VIRTUAL_CLK__)
Path Group: __VIRTUAL_CLK__
Path Type: max

Fanout         Cap        Slew       Delay        Time   Description
---------------------------------------------------------------------------------------------
                      0.000000    0.000000    0.000000   clock __VIRTUAL_CLK__ (rise edge)
                                  0.000000    0.000000   clock network delay (ideal)
                                  2.000000    2.000000 ^ input external delay
     1    0.005502    0.023377    0.014186    2.014186 ^ A[0] (in)
                                                         A[0] (net)
                      0.023377    0.000000    2.014186 ^ input1/A (sky130_fd_sc_hd__buf_6)
     3    0.017158    0.033769    0.065357    2.079543 ^ input1/X (sky130_fd_sc_hd__buf_6)
                                                         net1 (net)
                      0.033774    0.000431    2.079975 ^ clone7/A (sky130_fd_sc_hd__clkbuf_1)
     5    0.014759    0.133203    0.122459    2.202434 ^ clone7/X (sky130_fd_sc_hd__clkbuf_1)
                                                         net53 (net)
                      0.133204    0.000228    2.202662 ^ _275_/B (sky130_fd_sc_hd__nand2_1)
     3    0.009963    0.072671    0.071397    2.274059 v _275_/Y (sky130_fd_sc_hd__nand2_1)
                                                         _212_ (net)
                      0.072672    0.000216    2.274275 v _287_/B (sky130_fd_sc_hd__and3b_1)
     2    0.005594    0.035641    0.125749    2.400024 v _287_/X (sky130_fd_sc_hd__and3b_1)
                                                         _222_ (net)
                      0.035641    0.000081    2.400105 v _563_/A_N (sky130_fd_sc_hd__and2b_1)
     1    0.002622    0.028443    0.116262    2.516367 ^ _563_/X (sky130_fd_sc_hd__and2b_1)
                                                         net25 (net)
                      0.028443    0.000056    2.516423 ^ output25/A (sky130_fd_sc_hd__buf_2)
     1    0.034166    0.127906    0.136163    2.652586 ^ output25/X (sky130_fd_sc_hd__buf_2)
                                                         P[2] (net)
                      0.127911    0.000706    2.653292 ^ P[2] (out)
                                              2.653292   data arrival time

                      0.000000   10.000000   10.000000   clock __VIRTUAL_CLK__ (rise edge)
                                  0.000000   10.000000   clock network delay (ideal)
                                 -0.250000    9.750000   clock uncertainty
                                  0.000000    9.750000   clock reconvergence pessimism
                                 -2.000000    7.750000   output external delay
                                              7.750000   data required time
---------------------------------------------------------------------------------------------
                                              7.750000   data required time
                                             -2.653292   data arrival time
---------------------------------------------------------------------------------------------
                                              5.096708   slack (MET)


Startpoint: B[1] (input port clocked by __VIRTUAL_CLK__)
Endpoint: P[1] (output port clocked by __VIRTUAL_CLK__)
Path Group: __VIRTUAL_CLK__
Path Type: max

Fanout         Cap        Slew       Delay        Time   Description
---------------------------------------------------------------------------------------------
                      0.000000    0.000000    0.000000   clock __VIRTUAL_CLK__ (rise edge)
                                  0.000000    0.000000   clock network delay (ideal)
                                  2.000000    2.000000 ^ input external delay
     1    0.005577    0.023628    0.014371    2.014371 ^ B[1] (in)
                                                         B[1] (net)
                      0.023629    0.000000    2.014371 ^ input10/A (sky130_fd_sc_hd__buf_6)
     6    0.038578    0.063503    0.086543    2.100914 ^ input10/X (sky130_fd_sc_hd__buf_6)
                                                         net10 (net)
                      0.063592    0.001926    2.102839 ^ clone14/A (sky130_fd_sc_hd__clkbuf_1)
     5    0.031400    0.275249    0.224704    2.327544 ^ clone14/X (sky130_fd_sc_hd__clkbuf_1)
                                                         net60 (net)
                      0.275253    0.000857    2.328401 ^ _279_/C (sky130_fd_sc_hd__and3b_1)
     1    0.002366    0.035461    0.111669    2.440070 ^ _279_/X (sky130_fd_sc_hd__and3b_1)
                                                         net24 (net)
                      0.035461    0.000048    2.440118 ^ output24/A (sky130_fd_sc_hd__buf_2)
     1    0.034080    0.127530    0.138080    2.578198 ^ output24/X (sky130_fd_sc_hd__buf_2)
                                                         P[1] (net)
                      0.127536    0.000705    2.578903 ^ P[1] (out)
                                              2.578903   data arrival time

                      0.000000   10.000000   10.000000   clock __VIRTUAL_CLK__ (rise edge)
                                  0.000000   10.000000   clock network delay (ideal)
                                 -0.250000    9.750000   clock uncertainty
                                  0.000000    9.750000   clock reconvergence pessimism
                                 -2.000000    7.750000   output external delay
                                              7.750000   data required time
---------------------------------------------------------------------------------------------
                                              7.750000   data required time
                                             -2.578903   data arrival time
---------------------------------------------------------------------------------------------
                                              5.171097   slack (MET)


Startpoint: A[0] (input port clocked by __VIRTUAL_CLK__)
Endpoint: P[0] (output port clocked by __VIRTUAL_CLK__)
Path Group: __VIRTUAL_CLK__
Path Type: max

Fanout         Cap        Slew       Delay        Time   Description
---------------------------------------------------------------------------------------------
                      0.000000    0.000000    0.000000   clock __VIRTUAL_CLK__ (rise edge)
                                  0.000000    0.000000   clock network delay (ideal)
                                  2.000000    2.000000 ^ input external delay
     1    0.005502    0.023377    0.014186    2.014186 ^ A[0] (in)
                                                         A[0] (net)
                      0.023377    0.000000    2.014186 ^ input1/A (sky130_fd_sc_hd__buf_6)
     3    0.017158    0.033769    0.065357    2.079543 ^ input1/X (sky130_fd_sc_hd__buf_6)
                                                         net1 (net)
                      0.033774    0.000431    2.079975 ^ clone7/A (sky130_fd_sc_hd__clkbuf_1)
     5    0.014759    0.133203    0.122459    2.202434 ^ clone7/X (sky130_fd_sc_hd__clkbuf_1)
                                                         net53 (net)
                      0.133204    0.000228    2.202662 ^ _275_/B (sky130_fd_sc_hd__nand2_1)
     3    0.009963    0.072671    0.071397    2.274059 v _275_/Y (sky130_fd_sc_hd__nand2_1)
                                                         _212_ (net)
                      0.072673    0.000238    2.274297 v _276_/A (sky130_fd_sc_hd__inv_2)
     1    0.002479    0.023782    0.038859    2.313156 ^ _276_/Y (sky130_fd_sc_hd__inv_2)
                                                         net17 (net)
                      0.023782    0.000052    2.313208 ^ output17/A (sky130_fd_sc_hd__buf_2)
     1    0.034211    0.128080    0.134856    2.448064 ^ output17/X (sky130_fd_sc_hd__buf_2)
                                                         P[0] (net)
                      0.128085    0.000717    2.448781 ^ P[0] (out)
                                              2.448781   data arrival time

                      0.000000   10.000000   10.000000   clock __VIRTUAL_CLK__ (rise edge)
                                  0.000000   10.000000   clock network delay (ideal)
                                 -0.250000    9.750000   clock uncertainty
                                  0.000000    9.750000   clock reconvergence pessimism
                                 -2.000000    7.750000   output external delay
                                              7.750000   data required time
---------------------------------------------------------------------------------------------
                                              7.750000   data required time
                                             -2.448781   data arrival time
---------------------------------------------------------------------------------------------
                                              5.301219   slack (MET)



