
===========================================================================
report_checks -path_delay max (Setup)
============================================================================
======================= min_tt_025C_1v80 Corner ===================================

Startpoint: B[0] (input port clocked by __VIRTUAL_CLK__)
Endpoint: P[14] (output port clocked by __VIRTUAL_CLK__)
Path Group: __VIRTUAL_CLK__
Path Type: max

Fanout         Cap        Slew       Delay        Time   Description
---------------------------------------------------------------------------------------------
                      0.000000    0.000000    0.000000   clock __VIRTUAL_CLK__ (rise edge)
                                  0.000000    0.000000   clock network delay (ideal)
                                  2.000000    2.000000 ^ input external delay
     1    0.002816    0.019799    0.010354    2.010354 ^ B[0] (in)
                                                         B[0] (net)
                      0.019799    0.000000    2.010354 ^ input9/A (sky130_fd_sc_hd__buf_1)
     2    0.012893    0.157474    0.151712    2.162066 ^ input9/X (sky130_fd_sc_hd__buf_1)
                                                         net9 (net)
                      0.157474    0.000176    2.162242 ^ fanout34/A (sky130_fd_sc_hd__buf_4)
    10    0.033741    0.101616    0.192524    2.354766 ^ fanout34/X (sky130_fd_sc_hd__buf_4)
                                                         net34 (net)
                      0.101632    0.001318    2.356084 ^ _272_/A (sky130_fd_sc_hd__and3_1)
     4    0.013349    0.141664    0.227930    2.584014 ^ _272_/X (sky130_fd_sc_hd__and3_1)
                                                         _207_ (net)
                      0.141664    0.000223    2.584237 ^ _289_/S (sky130_fd_sc_hd__mux2_2)
     2    0.013784    0.076927    0.391540    2.975777 v _289_/X (sky130_fd_sc_hd__mux2_2)
                                                         _223_ (net)
                      0.076927    0.000217    2.975994 v _290_/B (sky130_fd_sc_hd__xor2_2)
     2    0.014816    0.216561    0.217385    3.193379 ^ _290_/X (sky130_fd_sc_hd__xor2_2)
                                                         _224_ (net)
                      0.216561    0.000123    3.193502 ^ _312_/B2 (sky130_fd_sc_hd__a2bb2oi_2)
     2    0.008542    0.074182    0.099644    3.293146 v _312_/Y (sky130_fd_sc_hd__a2bb2oi_2)
                                                         _245_ (net)
                      0.074182    0.000147    3.293294 v _314_/A (sky130_fd_sc_hd__xnor2_1)
     2    0.005252    0.168180    0.193381    3.486675 ^ _314_/Y (sky130_fd_sc_hd__xnor2_1)
                                                         _247_ (net)
                      0.168180    0.000040    3.486715 ^ _315_/A1 (sky130_fd_sc_hd__o21a_1)
     2    0.004907    0.059392    0.160279    3.646993 ^ _315_/X (sky130_fd_sc_hd__o21a_1)
                                                         _248_ (net)
                      0.059392    0.000059    3.647052 ^ _318_/A_N (sky130_fd_sc_hd__and2b_1)
     2    0.005973    0.047040    0.188035    3.835088 v _318_/X (sky130_fd_sc_hd__and2b_1)
                                                         _251_ (net)
                      0.047040    0.000068    3.835156 v _368_/C (sky130_fd_sc_hd__or4_4)
     1    0.007116    0.088971    0.483554    4.318710 v _368_/X (sky130_fd_sc_hd__or4_4)
                                                         _037_ (net)
                      0.088971    0.000210    4.318921 v _369_/B (sky130_fd_sc_hd__and2b_1)
     2    0.011803    0.070841    0.210414    4.529335 v _369_/X (sky130_fd_sc_hd__and2b_1)
                                                         _038_ (net)
                      0.070841    0.000115    4.529450 v _370_/B (sky130_fd_sc_hd__and2_4)
     2    0.005126    0.031097    0.165187    4.694637 v _370_/X (sky130_fd_sc_hd__and2_4)
                                                         _039_ (net)
                      0.031097    0.000019    4.694656 v _407_/A1 (sky130_fd_sc_hd__o21a_1)
     3    0.007632    0.057451    0.197733    4.892389 v _407_/X (sky130_fd_sc_hd__o21a_1)
                                                         _075_ (net)
                      0.057451    0.000064    4.892453 v _409_/B (sky130_fd_sc_hd__or2_4)
     3    0.015981    0.062914    0.255226    5.147679 v _409_/X (sky130_fd_sc_hd__or2_4)
                                                         _077_ (net)
                      0.062914    0.000125    5.147804 v _468_/A3 (sky130_fd_sc_hd__o31ai_4)
     4    0.020477    0.308624    0.284249    5.432053 ^ _468_/Y (sky130_fd_sc_hd__o31ai_4)
                                                         _134_ (net)
                      0.308625    0.000801    5.432854 ^ _516_/A2 (sky130_fd_sc_hd__o211ai_2)
     3    0.009431    0.091681    0.138614    5.571467 v _516_/Y (sky130_fd_sc_hd__o211ai_2)
                                                         _180_ (net)
                      0.091681    0.000214    5.571681 v _530_/B1 (sky130_fd_sc_hd__o22a_1)
     3    0.011013    0.083264    0.236830    5.808512 v _530_/X (sky130_fd_sc_hd__o22a_1)
                                                         _193_ (net)
                      0.083264    0.000220    5.808732 v _537_/A (sky130_fd_sc_hd__xor2_1)
     1    0.005901    0.165467    0.199584    6.008316 ^ _537_/X (sky130_fd_sc_hd__xor2_1)
                                                         net22 (net)
                      0.165467    0.000074    6.008390 ^ output22/A (sky130_fd_sc_hd__buf_6)
     1    0.035050    0.079052    0.161490    6.169881 ^ output22/X (sky130_fd_sc_hd__buf_6)
                                                         P[14] (net)
                      0.079054    0.000527    6.170407 ^ P[14] (out)
                                              6.170407   data arrival time

                      0.000000   10.000000   10.000000   clock __VIRTUAL_CLK__ (rise edge)
                                  0.000000   10.000000   clock network delay (ideal)
                                 -0.250000    9.750000   clock uncertainty
                                  0.000000    9.750000   clock reconvergence pessimism
                                 -2.000000    7.750000   output external delay
                                              7.750000   data required time
---------------------------------------------------------------------------------------------
                                              7.750000   data required time
                                             -6.170407   data arrival time
---------------------------------------------------------------------------------------------
                                              1.579592   slack (MET)


Startpoint: B[0] (input port clocked by __VIRTUAL_CLK__)
Endpoint: P[13] (output port clocked by __VIRTUAL_CLK__)
Path Group: __VIRTUAL_CLK__
Path Type: max

Fanout         Cap        Slew       Delay        Time   Description
---------------------------------------------------------------------------------------------
                      0.000000    0.000000    0.000000   clock __VIRTUAL_CLK__ (rise edge)
                                  0.000000    0.000000   clock network delay (ideal)
                                  2.000000    2.000000 ^ input external delay
     1    0.002816    0.019799    0.010354    2.010354 ^ B[0] (in)
                                                         B[0] (net)
                      0.019799    0.000000    2.010354 ^ input9/A (sky130_fd_sc_hd__buf_1)
     2    0.012893    0.157474    0.151712    2.162066 ^ input9/X (sky130_fd_sc_hd__buf_1)
                                                         net9 (net)
                      0.157474    0.000176    2.162242 ^ fanout34/A (sky130_fd_sc_hd__buf_4)
    10    0.033741    0.101616    0.192524    2.354766 ^ fanout34/X (sky130_fd_sc_hd__buf_4)
                                                         net34 (net)
                      0.101632    0.001318    2.356084 ^ _272_/A (sky130_fd_sc_hd__and3_1)
     4    0.013349    0.141664    0.227930    2.584014 ^ _272_/X (sky130_fd_sc_hd__and3_1)
                                                         _207_ (net)
                      0.141664    0.000223    2.584237 ^ _289_/S (sky130_fd_sc_hd__mux2_2)
     2    0.013784    0.076927    0.391540    2.975777 v _289_/X (sky130_fd_sc_hd__mux2_2)
                                                         _223_ (net)
                      0.076927    0.000217    2.975994 v _290_/B (sky130_fd_sc_hd__xor2_2)
     2    0.014816    0.216561    0.217385    3.193379 ^ _290_/X (sky130_fd_sc_hd__xor2_2)
                                                         _224_ (net)
                      0.216561    0.000123    3.193502 ^ _312_/B2 (sky130_fd_sc_hd__a2bb2oi_2)
     2    0.008542    0.074182    0.099644    3.293146 v _312_/Y (sky130_fd_sc_hd__a2bb2oi_2)
                                                         _245_ (net)
                      0.074182    0.000147    3.293294 v _314_/A (sky130_fd_sc_hd__xnor2_1)
     2    0.005252    0.168180    0.193381    3.486675 ^ _314_/Y (sky130_fd_sc_hd__xnor2_1)
                                                         _247_ (net)
                      0.168180    0.000040    3.486715 ^ _315_/A1 (sky130_fd_sc_hd__o21a_1)
     2    0.004907    0.059392    0.160279    3.646993 ^ _315_/X (sky130_fd_sc_hd__o21a_1)
                                                         _248_ (net)
                      0.059392    0.000059    3.647052 ^ _318_/A_N (sky130_fd_sc_hd__and2b_1)
     2    0.005973    0.047040    0.188035    3.835088 v _318_/X (sky130_fd_sc_hd__and2b_1)
                                                         _251_ (net)
                      0.047040    0.000068    3.835156 v _368_/C (sky130_fd_sc_hd__or4_4)
     1    0.007116    0.088971    0.483554    4.318710 v _368_/X (sky130_fd_sc_hd__or4_4)
                                                         _037_ (net)
                      0.088971    0.000210    4.318921 v _369_/B (sky130_fd_sc_hd__and2b_1)
     2    0.011803    0.070841    0.210414    4.529335 v _369_/X (sky130_fd_sc_hd__and2b_1)
                                                         _038_ (net)
                      0.070841    0.000115    4.529450 v _370_/B (sky130_fd_sc_hd__and2_4)
     2    0.005126    0.031097    0.165187    4.694637 v _370_/X (sky130_fd_sc_hd__and2_4)
                                                         _039_ (net)
                      0.031097    0.000019    4.694656 v _407_/A1 (sky130_fd_sc_hd__o21a_1)
     3    0.007632    0.057451    0.197733    4.892389 v _407_/X (sky130_fd_sc_hd__o21a_1)
                                                         _075_ (net)
                      0.057451    0.000064    4.892453 v _409_/B (sky130_fd_sc_hd__or2_4)
     3    0.015981    0.062914    0.255226    5.147679 v _409_/X (sky130_fd_sc_hd__or2_4)
                                                         _077_ (net)
                      0.062914    0.000125    5.147804 v _468_/A3 (sky130_fd_sc_hd__o31ai_4)
     4    0.020477    0.308624    0.284249    5.432053 ^ _468_/Y (sky130_fd_sc_hd__o31ai_4)
                                                         _134_ (net)
                      0.308625    0.000801    5.432854 ^ _516_/A2 (sky130_fd_sc_hd__o211ai_2)
     3    0.009431    0.091681    0.138614    5.571467 v _516_/Y (sky130_fd_sc_hd__o211ai_2)
                                                         _180_ (net)
                      0.091681    0.000214    5.571681 v _530_/B1 (sky130_fd_sc_hd__o22a_1)
     3    0.011013    0.083264    0.236830    5.808512 v _530_/X (sky130_fd_sc_hd__o22a_1)
                                                         _193_ (net)
                      0.083264    0.000125    5.808637 v _532_/B (sky130_fd_sc_hd__and2b_1)
     1    0.006569    0.049648    0.185983    5.994620 v _532_/X (sky130_fd_sc_hd__and2b_1)
                                                         net21 (net)
                      0.049648    0.000124    5.994744 v output21/A (sky130_fd_sc_hd__buf_6)
     1    0.034697    0.043982    0.139000    6.133744 v output21/X (sky130_fd_sc_hd__buf_6)
                                                         P[13] (net)
                      0.043986    0.000464    6.134208 v P[13] (out)
                                              6.134208   data arrival time

                      0.000000   10.000000   10.000000   clock __VIRTUAL_CLK__ (rise edge)
                                  0.000000   10.000000   clock network delay (ideal)
                                 -0.250000    9.750000   clock uncertainty
                                  0.000000    9.750000   clock reconvergence pessimism
                                 -2.000000    7.750000   output external delay
                                              7.750000   data required time
---------------------------------------------------------------------------------------------
                                              7.750000   data required time
                                             -6.134208   data arrival time
---------------------------------------------------------------------------------------------
                                              1.615792   slack (MET)


Startpoint: B[0] (input port clocked by __VIRTUAL_CLK__)
Endpoint: P[15] (output port clocked by __VIRTUAL_CLK__)
Path Group: __VIRTUAL_CLK__
Path Type: max

Fanout         Cap        Slew       Delay        Time   Description
---------------------------------------------------------------------------------------------
                      0.000000    0.000000    0.000000   clock __VIRTUAL_CLK__ (rise edge)
                                  0.000000    0.000000   clock network delay (ideal)
                                  2.000000    2.000000 ^ input external delay
     1    0.002816    0.019799    0.010354    2.010354 ^ B[0] (in)
                                                         B[0] (net)
                      0.019799    0.000000    2.010354 ^ input9/A (sky130_fd_sc_hd__buf_1)
     2    0.012893    0.157474    0.151712    2.162066 ^ input9/X (sky130_fd_sc_hd__buf_1)
                                                         net9 (net)
                      0.157474    0.000176    2.162242 ^ fanout34/A (sky130_fd_sc_hd__buf_4)
    10    0.033741    0.101616    0.192524    2.354766 ^ fanout34/X (sky130_fd_sc_hd__buf_4)
                                                         net34 (net)
                      0.101632    0.001318    2.356084 ^ _272_/A (sky130_fd_sc_hd__and3_1)
     4    0.013349    0.141664    0.227930    2.584014 ^ _272_/X (sky130_fd_sc_hd__and3_1)
                                                         _207_ (net)
                      0.141664    0.000223    2.584237 ^ _289_/S (sky130_fd_sc_hd__mux2_2)
     2    0.013784    0.076927    0.391540    2.975777 v _289_/X (sky130_fd_sc_hd__mux2_2)
                                                         _223_ (net)
                      0.076927    0.000217    2.975994 v _290_/B (sky130_fd_sc_hd__xor2_2)
     2    0.014816    0.216561    0.217385    3.193379 ^ _290_/X (sky130_fd_sc_hd__xor2_2)
                                                         _224_ (net)
                      0.216561    0.000123    3.193502 ^ _312_/B2 (sky130_fd_sc_hd__a2bb2oi_2)
     2    0.008542    0.074182    0.099644    3.293146 v _312_/Y (sky130_fd_sc_hd__a2bb2oi_2)
                                                         _245_ (net)
                      0.074182    0.000147    3.293294 v _314_/A (sky130_fd_sc_hd__xnor2_1)
     2    0.005252    0.168180    0.193381    3.486675 ^ _314_/Y (sky130_fd_sc_hd__xnor2_1)
                                                         _247_ (net)
                      0.168180    0.000040    3.486715 ^ _315_/A1 (sky130_fd_sc_hd__o21a_1)
     2    0.004907    0.059392    0.160279    3.646993 ^ _315_/X (sky130_fd_sc_hd__o21a_1)
                                                         _248_ (net)
                      0.059392    0.000059    3.647052 ^ _318_/A_N (sky130_fd_sc_hd__and2b_1)
     2    0.005973    0.047040    0.188035    3.835088 v _318_/X (sky130_fd_sc_hd__and2b_1)
                                                         _251_ (net)
                      0.047040    0.000068    3.835156 v _368_/C (sky130_fd_sc_hd__or4_4)
     1    0.007116    0.088971    0.483554    4.318710 v _368_/X (sky130_fd_sc_hd__or4_4)
                                                         _037_ (net)
                      0.088971    0.000210    4.318921 v _369_/B (sky130_fd_sc_hd__and2b_1)
     2    0.011803    0.070841    0.210414    4.529335 v _369_/X (sky130_fd_sc_hd__and2b_1)
                                                         _038_ (net)
                      0.070841    0.000115    4.529450 v _370_/B (sky130_fd_sc_hd__and2_4)
     2    0.005126    0.031097    0.165187    4.694637 v _370_/X (sky130_fd_sc_hd__and2_4)
                                                         _039_ (net)
                      0.031097    0.000019    4.694656 v _407_/A1 (sky130_fd_sc_hd__o21a_1)
     3    0.007632    0.057451    0.197733    4.892389 v _407_/X (sky130_fd_sc_hd__o21a_1)
                                                         _075_ (net)
                      0.057451    0.000064    4.892453 v _409_/B (sky130_fd_sc_hd__or2_4)
     3    0.015981    0.062914    0.255226    5.147679 v _409_/X (sky130_fd_sc_hd__or2_4)
                                                         _077_ (net)
                      0.062914    0.000125    5.147804 v _468_/A3 (sky130_fd_sc_hd__o31ai_4)
     4    0.020477    0.308624    0.284249    5.432053 ^ _468_/Y (sky130_fd_sc_hd__o31ai_4)
                                                         _134_ (net)
                      0.308625    0.000801    5.432854 ^ _516_/A2 (sky130_fd_sc_hd__o211ai_2)
     3    0.009431    0.091681    0.138614    5.571467 v _516_/Y (sky130_fd_sc_hd__o211ai_2)
                                                         _180_ (net)
                      0.091681    0.000214    5.571681 v _530_/B1 (sky130_fd_sc_hd__o22a_1)
     3    0.011013    0.083264    0.236830    5.808512 v _530_/X (sky130_fd_sc_hd__o22a_1)
                                                         _193_ (net)
                      0.083264    0.000198    5.808709 v _539_/A1 (sky130_fd_sc_hd__o21ai_1)
     1    0.002794    0.100876    0.138242    5.946951 ^ _539_/Y (sky130_fd_sc_hd__o21ai_1)
                                                         net23 (net)
                      0.100876    0.000024    5.946976 ^ output23/A (sky130_fd_sc_hd__buf_4)
     1    0.035118    0.104755    0.177913    6.124888 ^ output23/X (sky130_fd_sc_hd__buf_4)
                                                         P[15] (net)
                      0.104756    0.000581    6.125469 ^ P[15] (out)
                                              6.125469   data arrival time

                      0.000000   10.000000   10.000000   clock __VIRTUAL_CLK__ (rise edge)
                                  0.000000   10.000000   clock network delay (ideal)
                                 -0.250000    9.750000   clock uncertainty
                                  0.000000    9.750000   clock reconvergence pessimism
                                 -2.000000    7.750000   output external delay
                                              7.750000   data required time
---------------------------------------------------------------------------------------------
                                              7.750000   data required time
                                             -6.125469   data arrival time
---------------------------------------------------------------------------------------------
                                              1.624531   slack (MET)


Startpoint: B[2] (input port clocked by __VIRTUAL_CLK__)
Endpoint: P[12] (output port clocked by __VIRTUAL_CLK__)
Path Group: __VIRTUAL_CLK__
Path Type: max

Fanout         Cap        Slew       Delay        Time   Description
---------------------------------------------------------------------------------------------
                      0.000000    0.000000    0.000000   clock __VIRTUAL_CLK__ (rise edge)
                                  0.000000    0.000000   clock network delay (ideal)
                                  2.000000    2.000000 v input external delay
     1    0.002730    0.008470    0.004301    2.004301 v B[2] (in)
                                                         B[2] (net)
                      0.008470    0.000000    2.004301 v input11/A (sky130_fd_sc_hd__clkbuf_2)
     3    0.017924    0.074558    0.127872    2.132173 v input11/X (sky130_fd_sc_hd__clkbuf_2)
                                                         net11 (net)
                      0.074562    0.000584    2.132756 v fanout47/A (sky130_fd_sc_hd__buf_6)
     5    0.019708    0.033031    0.138875    2.271631 v fanout47/X (sky130_fd_sc_hd__buf_6)
                                                         net47 (net)
                      0.033089    0.000972    2.272603 v rebuffer8/A (sky130_fd_sc_hd__dlymetal6s2s_1)
     1    0.004155    0.043600    0.134466    2.407069 v rebuffer8/X (sky130_fd_sc_hd__dlymetal6s2s_1)
                                                         net58 (net)
                      0.043608    0.000066    2.407135 v _276_/C (sky130_fd_sc_hd__and3_4)
     5    0.020991    0.052482    0.201863    2.608998 v _276_/X (sky130_fd_sc_hd__and3_4)
                                                         _211_ (net)
                      0.052482    0.000135    2.609133 v _279_/A (sky130_fd_sc_hd__or3b_4)
     1    0.008874    0.074629    0.403649    3.012781 v _279_/X (sky130_fd_sc_hd__or3b_4)
                                                         _214_ (net)
                      0.074629    0.000098    3.012879 v _281_/B (sky130_fd_sc_hd__xor2_2)
     2    0.008769    0.069329    0.163787    3.176666 v _281_/X (sky130_fd_sc_hd__xor2_2)
                                                         _216_ (net)
                      0.069329    0.000259    3.176926 v _282_/B (sky130_fd_sc_hd__or2_1)
     3    0.007400    0.069231    0.238612    3.415538 v _282_/X (sky130_fd_sc_hd__or2_1)
                                                         _217_ (net)
                      0.069231    0.000038    3.415576 v _295_/A (sky130_fd_sc_hd__or2_4)
     3    0.011625    0.055937    0.269497    3.685073 v _295_/X (sky130_fd_sc_hd__or2_4)
                                                         _229_ (net)
                      0.055937    0.000139    3.685212 v _315_/A2 (sky130_fd_sc_hd__o21a_1)
     2    0.004625    0.043299    0.176270    3.861482 v _315_/X (sky130_fd_sc_hd__o21a_1)
                                                         _248_ (net)
                      0.043299    0.000050    3.861532 v rebuffer2/A (sky130_fd_sc_hd__dlymetal6s2s_1)
     1    0.016164    0.092984    0.185044    4.046576 v rebuffer2/X (sky130_fd_sc_hd__dlymetal6s2s_1)
                                                         net52 (net)
                      0.092984    0.000165    4.046741 v _319_/B (sky130_fd_sc_hd__xnor2_4)
     2    0.013970    0.074591    0.155147    4.201888 v _319_/Y (sky130_fd_sc_hd__xnor2_4)
                                                         _252_ (net)
                      0.074592    0.000369    4.202257 v _325_/B (sky130_fd_sc_hd__xnor2_2)
     2    0.010140    0.070213    0.157023    4.359280 v _325_/Y (sky130_fd_sc_hd__xnor2_2)
                                                         _258_ (net)
                      0.070213    0.000022    4.359303 v _326_/B (sky130_fd_sc_hd__and2b_1)
     1    0.008054    0.056375    0.186942    4.546245 v _326_/X (sky130_fd_sc_hd__and2b_1)
                                                         _259_ (net)
                      0.056375    0.000068    4.546313 v _343_/B1 (sky130_fd_sc_hd__a31oi_4)
     2    0.019158    0.210364    0.209361    4.755674 ^ _343_/Y (sky130_fd_sc_hd__a31oi_4)
                                                         _012_ (net)
                      0.210364    0.000164    4.755838 ^ _372_/A_N (sky130_fd_sc_hd__and2b_1)
     1    0.008775    0.058673    0.235332    4.991171 v _372_/X (sky130_fd_sc_hd__and2b_1)
                                                         _041_ (net)
                      0.058673    0.000104    4.991275 v _410_/B1 (sky130_fd_sc_hd__a21oi_4)
     3    0.019376    0.179710    0.176759    5.168034 ^ _410_/Y (sky130_fd_sc_hd__a21oi_4)
                                                         _078_ (net)
                      0.179710    0.000481    5.168516 ^ _468_/A2 (sky130_fd_sc_hd__o31ai_4)
     4    0.019240    0.101134    0.118483    5.286999 v _468_/Y (sky130_fd_sc_hd__o31ai_4)
                                                         _134_ (net)
                      0.101136    0.000700    5.287698 v _515_/A1 (sky130_fd_sc_hd__o21a_1)
     1    0.002119    0.031621    0.195207    5.482905 v _515_/X (sky130_fd_sc_hd__o21a_1)
                                                         _179_ (net)
                      0.031621    0.000023    5.482928 v _517_/B (sky130_fd_sc_hd__or2_1)
     1    0.001876    0.043016    0.189973    5.672901 v _517_/X (sky130_fd_sc_hd__or2_1)
                                                         _181_ (net)
                      0.043016    0.000010    5.672911 v _518_/B (sky130_fd_sc_hd__and2_1)
     1    0.007878    0.056465    0.172987    5.845898 v _518_/X (sky130_fd_sc_hd__and2_1)
                                                         net20 (net)
                      0.056465    0.000250    5.846148 v output20/A (sky130_fd_sc_hd__buf_4)
     1    0.034017    0.058533    0.173059    6.019207 v output20/X (sky130_fd_sc_hd__buf_4)
                                                         P[12] (net)
                      0.058533    0.000193    6.019401 v P[12] (out)
                                              6.019401   data arrival time

                      0.000000   10.000000   10.000000   clock __VIRTUAL_CLK__ (rise edge)
                                  0.000000   10.000000   clock network delay (ideal)
                                 -0.250000    9.750000   clock uncertainty
                                  0.000000    9.750000   clock reconvergence pessimism
                                 -2.000000    7.750000   output external delay
                                              7.750000   data required time
---------------------------------------------------------------------------------------------
                                              7.750000   data required time
                                             -6.019401   data arrival time
---------------------------------------------------------------------------------------------
                                              1.730599   slack (MET)


Startpoint: B[0] (input port clocked by __VIRTUAL_CLK__)
Endpoint: P[11] (output port clocked by __VIRTUAL_CLK__)
Path Group: __VIRTUAL_CLK__
Path Type: max

Fanout         Cap        Slew       Delay        Time   Description
---------------------------------------------------------------------------------------------
                      0.000000    0.000000    0.000000   clock __VIRTUAL_CLK__ (rise edge)
                                  0.000000    0.000000   clock network delay (ideal)
                                  2.000000    2.000000 ^ input external delay
     1    0.002816    0.019799    0.010354    2.010354 ^ B[0] (in)
                                                         B[0] (net)
                      0.019799    0.000000    2.010354 ^ input9/A (sky130_fd_sc_hd__buf_1)
     2    0.012893    0.157474    0.151712    2.162066 ^ input9/X (sky130_fd_sc_hd__buf_1)
                                                         net9 (net)
                      0.157474    0.000176    2.162242 ^ fanout34/A (sky130_fd_sc_hd__buf_4)
    10    0.033741    0.101616    0.192524    2.354766 ^ fanout34/X (sky130_fd_sc_hd__buf_4)
                                                         net34 (net)
                      0.101632    0.001318    2.356084 ^ _272_/A (sky130_fd_sc_hd__and3_1)
     4    0.013349    0.141664    0.227930    2.584014 ^ _272_/X (sky130_fd_sc_hd__and3_1)
                                                         _207_ (net)
                      0.141664    0.000223    2.584237 ^ _289_/S (sky130_fd_sc_hd__mux2_2)
     2    0.013784    0.076927    0.391540    2.975777 v _289_/X (sky130_fd_sc_hd__mux2_2)
                                                         _223_ (net)
                      0.076927    0.000217    2.975994 v _290_/B (sky130_fd_sc_hd__xor2_2)
     2    0.014816    0.216561    0.217385    3.193379 ^ _290_/X (sky130_fd_sc_hd__xor2_2)
                                                         _224_ (net)
                      0.216561    0.000123    3.193502 ^ _312_/B2 (sky130_fd_sc_hd__a2bb2oi_2)
     2    0.008542    0.074182    0.099644    3.293146 v _312_/Y (sky130_fd_sc_hd__a2bb2oi_2)
                                                         _245_ (net)
                      0.074182    0.000147    3.293294 v _314_/A (sky130_fd_sc_hd__xnor2_1)
     2    0.005252    0.168180    0.193381    3.486675 ^ _314_/Y (sky130_fd_sc_hd__xnor2_1)
                                                         _247_ (net)
                      0.168180    0.000040    3.486715 ^ _315_/A1 (sky130_fd_sc_hd__o21a_1)
     2    0.004907    0.059392    0.160279    3.646993 ^ _315_/X (sky130_fd_sc_hd__o21a_1)
                                                         _248_ (net)
                      0.059392    0.000059    3.647052 ^ _318_/A_N (sky130_fd_sc_hd__and2b_1)
     2    0.005973    0.047040    0.188035    3.835088 v _318_/X (sky130_fd_sc_hd__and2b_1)
                                                         _251_ (net)
                      0.047040    0.000068    3.835156 v _368_/C (sky130_fd_sc_hd__or4_4)
     1    0.007116    0.088971    0.483554    4.318710 v _368_/X (sky130_fd_sc_hd__or4_4)
                                                         _037_ (net)
                      0.088971    0.000210    4.318921 v _369_/B (sky130_fd_sc_hd__and2b_1)
     2    0.011803    0.070841    0.210414    4.529335 v _369_/X (sky130_fd_sc_hd__and2b_1)
                                                         _038_ (net)
                      0.070841    0.000115    4.529450 v _370_/B (sky130_fd_sc_hd__and2_4)
     2    0.005126    0.031097    0.165187    4.694637 v _370_/X (sky130_fd_sc_hd__and2_4)
                                                         _039_ (net)
                      0.031097    0.000019    4.694656 v _407_/A1 (sky130_fd_sc_hd__o21a_1)
     3    0.007632    0.057451    0.197733    4.892389 v _407_/X (sky130_fd_sc_hd__o21a_1)
                                                         _075_ (net)
                      0.057451    0.000064    4.892453 v _409_/B (sky130_fd_sc_hd__or2_4)
     3    0.015981    0.062914    0.255226    5.147679 v _409_/X (sky130_fd_sc_hd__or2_4)
                                                         _077_ (net)
                      0.062914    0.000125    5.147804 v _468_/A3 (sky130_fd_sc_hd__o31ai_4)
     4    0.020477    0.308624    0.284249    5.432053 ^ _468_/Y (sky130_fd_sc_hd__o31ai_4)
                                                         _134_ (net)
                      0.308625    0.000656    5.432710 ^ _491_/A2 (sky130_fd_sc_hd__a21oi_1)
     1    0.008532    0.102796    0.158623    5.591332 v _491_/Y (sky130_fd_sc_hd__a21oi_1)
                                                         _156_ (net)
                      0.102796    0.000054    5.591386 v _492_/B (sky130_fd_sc_hd__xnor2_2)
     1    0.009703    0.174039    0.188118    5.779505 ^ _492_/Y (sky130_fd_sc_hd__xnor2_2)
                                                         net19 (net)
                      0.174039    0.000318    5.779822 ^ output19/A (sky130_fd_sc_hd__buf_6)
     1    0.034044    0.077269    0.162130    5.941952 ^ output19/X (sky130_fd_sc_hd__buf_6)
                                                         P[11] (net)
                      0.077269    0.000208    5.942160 ^ P[11] (out)
                                              5.942160   data arrival time

                      0.000000   10.000000   10.000000   clock __VIRTUAL_CLK__ (rise edge)
                                  0.000000   10.000000   clock network delay (ideal)
                                 -0.250000    9.750000   clock uncertainty
                                  0.000000    9.750000   clock reconvergence pessimism
                                 -2.000000    7.750000   output external delay
                                              7.750000   data required time
---------------------------------------------------------------------------------------------
                                              7.750000   data required time
                                             -5.942160   data arrival time
---------------------------------------------------------------------------------------------
                                              1.807840   slack (MET)


Startpoint: B[0] (input port clocked by __VIRTUAL_CLK__)
Endpoint: P[10] (output port clocked by __VIRTUAL_CLK__)
Path Group: __VIRTUAL_CLK__
Path Type: max

Fanout         Cap        Slew       Delay        Time   Description
---------------------------------------------------------------------------------------------
                      0.000000    0.000000    0.000000   clock __VIRTUAL_CLK__ (rise edge)
                                  0.000000    0.000000   clock network delay (ideal)
                                  2.000000    2.000000 ^ input external delay
     1    0.002816    0.019799    0.010354    2.010354 ^ B[0] (in)
                                                         B[0] (net)
                      0.019799    0.000000    2.010354 ^ input9/A (sky130_fd_sc_hd__buf_1)
     2    0.012893    0.157474    0.151712    2.162066 ^ input9/X (sky130_fd_sc_hd__buf_1)
                                                         net9 (net)
                      0.157474    0.000176    2.162242 ^ fanout34/A (sky130_fd_sc_hd__buf_4)
    10    0.033741    0.101616    0.192524    2.354766 ^ fanout34/X (sky130_fd_sc_hd__buf_4)
                                                         net34 (net)
                      0.101632    0.001318    2.356084 ^ _272_/A (sky130_fd_sc_hd__and3_1)
     4    0.013349    0.141664    0.227930    2.584014 ^ _272_/X (sky130_fd_sc_hd__and3_1)
                                                         _207_ (net)
                      0.141664    0.000223    2.584237 ^ _289_/S (sky130_fd_sc_hd__mux2_2)
     2    0.013784    0.076927    0.391540    2.975777 v _289_/X (sky130_fd_sc_hd__mux2_2)
                                                         _223_ (net)
                      0.076927    0.000217    2.975994 v _290_/B (sky130_fd_sc_hd__xor2_2)
     2    0.014816    0.216561    0.217385    3.193379 ^ _290_/X (sky130_fd_sc_hd__xor2_2)
                                                         _224_ (net)
                      0.216561    0.000123    3.193502 ^ _312_/B2 (sky130_fd_sc_hd__a2bb2oi_2)
     2    0.008542    0.074182    0.099644    3.293146 v _312_/Y (sky130_fd_sc_hd__a2bb2oi_2)
                                                         _245_ (net)
                      0.074182    0.000147    3.293294 v _314_/A (sky130_fd_sc_hd__xnor2_1)
     2    0.005252    0.168180    0.193381    3.486675 ^ _314_/Y (sky130_fd_sc_hd__xnor2_1)
                                                         _247_ (net)
                      0.168180    0.000040    3.486715 ^ _315_/A1 (sky130_fd_sc_hd__o21a_1)
     2    0.004907    0.059392    0.160279    3.646993 ^ _315_/X (sky130_fd_sc_hd__o21a_1)
                                                         _248_ (net)
                      0.059392    0.000059    3.647052 ^ _318_/A_N (sky130_fd_sc_hd__and2b_1)
     2    0.005973    0.047040    0.188035    3.835088 v _318_/X (sky130_fd_sc_hd__and2b_1)
                                                         _251_ (net)
                      0.047040    0.000068    3.835156 v _368_/C (sky130_fd_sc_hd__or4_4)
     1    0.007116    0.088971    0.483554    4.318710 v _368_/X (sky130_fd_sc_hd__or4_4)
                                                         _037_ (net)
                      0.088971    0.000210    4.318921 v _369_/B (sky130_fd_sc_hd__and2b_1)
     2    0.011803    0.070841    0.210414    4.529335 v _369_/X (sky130_fd_sc_hd__and2b_1)
                                                         _038_ (net)
                      0.070841    0.000115    4.529450 v _370_/B (sky130_fd_sc_hd__and2_4)
     2    0.005126    0.031097    0.165187    4.694637 v _370_/X (sky130_fd_sc_hd__and2_4)
                                                         _039_ (net)
                      0.031097    0.000019    4.694656 v _407_/A1 (sky130_fd_sc_hd__o21a_1)
     3    0.007632    0.057451    0.197733    4.892389 v _407_/X (sky130_fd_sc_hd__o21a_1)
                                                         _075_ (net)
                      0.057451    0.000064    4.892453 v _409_/B (sky130_fd_sc_hd__or2_4)
     3    0.015981    0.062914    0.255226    5.147679 v _409_/X (sky130_fd_sc_hd__or2_4)
                                                         _077_ (net)
                      0.062914    0.000125    5.147804 v _468_/A3 (sky130_fd_sc_hd__o31ai_4)
     4    0.020477    0.308624    0.284249    5.432053 ^ _468_/Y (sky130_fd_sc_hd__o31ai_4)
                                                         _134_ (net)
                      0.308625    0.000592    5.432645 ^ _469_/B (sky130_fd_sc_hd__xnor2_1)
     1    0.011324    0.282758    0.223830    5.656476 ^ _469_/Y (sky130_fd_sc_hd__xnor2_1)
                                                         net18 (net)
                      0.282759    0.000331    5.656807 ^ output18/A (sky130_fd_sc_hd__buf_6)
     1    0.033991    0.078503    0.185193    5.842000 ^ output18/X (sky130_fd_sc_hd__buf_6)
                                                         P[10] (net)
                      0.078503    0.000191    5.842191 ^ P[10] (out)
                                              5.842191   data arrival time

                      0.000000   10.000000   10.000000   clock __VIRTUAL_CLK__ (rise edge)
                                  0.000000   10.000000   clock network delay (ideal)
                                 -0.250000    9.750000   clock uncertainty
                                  0.000000    9.750000   clock reconvergence pessimism
                                 -2.000000    7.750000   output external delay
                                              7.750000   data required time
---------------------------------------------------------------------------------------------
                                              7.750000   data required time
                                             -5.842191   data arrival time
---------------------------------------------------------------------------------------------
                                              1.907809   slack (MET)


Startpoint: B[0] (input port clocked by __VIRTUAL_CLK__)
Endpoint: P[9] (output port clocked by __VIRTUAL_CLK__)
Path Group: __VIRTUAL_CLK__
Path Type: max

Fanout         Cap        Slew       Delay        Time   Description
---------------------------------------------------------------------------------------------
                      0.000000    0.000000    0.000000   clock __VIRTUAL_CLK__ (rise edge)
                                  0.000000    0.000000   clock network delay (ideal)
                                  2.000000    2.000000 ^ input external delay
     1    0.002816    0.019799    0.010354    2.010354 ^ B[0] (in)
                                                         B[0] (net)
                      0.019799    0.000000    2.010354 ^ input9/A (sky130_fd_sc_hd__buf_1)
     2    0.012893    0.157474    0.151712    2.162066 ^ input9/X (sky130_fd_sc_hd__buf_1)
                                                         net9 (net)
                      0.157474    0.000176    2.162242 ^ fanout34/A (sky130_fd_sc_hd__buf_4)
    10    0.033741    0.101616    0.192524    2.354766 ^ fanout34/X (sky130_fd_sc_hd__buf_4)
                                                         net34 (net)
                      0.101632    0.001318    2.356084 ^ _272_/A (sky130_fd_sc_hd__and3_1)
     4    0.013349    0.141664    0.227930    2.584014 ^ _272_/X (sky130_fd_sc_hd__and3_1)
                                                         _207_ (net)
                      0.141664    0.000223    2.584237 ^ _289_/S (sky130_fd_sc_hd__mux2_2)
     2    0.013784    0.076927    0.391540    2.975777 v _289_/X (sky130_fd_sc_hd__mux2_2)
                                                         _223_ (net)
                      0.076927    0.000217    2.975994 v _290_/B (sky130_fd_sc_hd__xor2_2)
     2    0.014816    0.216561    0.217385    3.193379 ^ _290_/X (sky130_fd_sc_hd__xor2_2)
                                                         _224_ (net)
                      0.216561    0.000123    3.193502 ^ _312_/B2 (sky130_fd_sc_hd__a2bb2oi_2)
     2    0.008542    0.074182    0.099644    3.293146 v _312_/Y (sky130_fd_sc_hd__a2bb2oi_2)
                                                         _245_ (net)
                      0.074182    0.000147    3.293294 v _314_/A (sky130_fd_sc_hd__xnor2_1)
     2    0.005252    0.168180    0.193381    3.486675 ^ _314_/Y (sky130_fd_sc_hd__xnor2_1)
                                                         _247_ (net)
                      0.168180    0.000040    3.486715 ^ _315_/A1 (sky130_fd_sc_hd__o21a_1)
     2    0.004907    0.059392    0.160279    3.646993 ^ _315_/X (sky130_fd_sc_hd__o21a_1)
                                                         _248_ (net)
                      0.059392    0.000059    3.647052 ^ _318_/A_N (sky130_fd_sc_hd__and2b_1)
     2    0.005973    0.047040    0.188035    3.835088 v _318_/X (sky130_fd_sc_hd__and2b_1)
                                                         _251_ (net)
                      0.047040    0.000068    3.835156 v _368_/C (sky130_fd_sc_hd__or4_4)
     1    0.007116    0.088971    0.483554    4.318710 v _368_/X (sky130_fd_sc_hd__or4_4)
                                                         _037_ (net)
                      0.088971    0.000210    4.318921 v _369_/B (sky130_fd_sc_hd__and2b_1)
     2    0.011803    0.070841    0.210414    4.529335 v _369_/X (sky130_fd_sc_hd__and2b_1)
                                                         _038_ (net)
                      0.070841    0.000115    4.529450 v _370_/B (sky130_fd_sc_hd__and2_4)
     2    0.005126    0.031097    0.165187    4.694637 v _370_/X (sky130_fd_sc_hd__and2_4)
                                                         _039_ (net)
                      0.031097    0.000019    4.694656 v _407_/A1 (sky130_fd_sc_hd__o21a_1)
     3    0.007632    0.057451    0.197733    4.892389 v _407_/X (sky130_fd_sc_hd__o21a_1)
                                                         _075_ (net)
                      0.057451    0.000064    4.892453 v _409_/B (sky130_fd_sc_hd__or2_4)
     3    0.015981    0.062914    0.255226    5.147679 v _409_/X (sky130_fd_sc_hd__or2_4)
                                                         _077_ (net)
                      0.062914    0.000087    5.147766 v _447_/A1 (sky130_fd_sc_hd__o21ba_1)
     1    0.004372    0.042277    0.192349    5.340115 v _447_/X (sky130_fd_sc_hd__o21ba_1)
                                                         _114_ (net)
                      0.042277    0.000038    5.340153 v _448_/B (sky130_fd_sc_hd__xor2_1)
     1    0.007823    0.199617    0.190898    5.531050 ^ _448_/X (sky130_fd_sc_hd__xor2_1)
                                                         net32 (net)
                      0.199617    0.000243    5.531293 ^ output32/A (sky130_fd_sc_hd__buf_4)
     1    0.034052    0.102779    0.205045    5.736339 ^ output32/X (sky130_fd_sc_hd__buf_4)
                                                         P[9] (net)
                      0.102779    0.000202    5.736541 ^ P[9] (out)
                                              5.736541   data arrival time

                      0.000000   10.000000   10.000000   clock __VIRTUAL_CLK__ (rise edge)
                                  0.000000   10.000000   clock network delay (ideal)
                                 -0.250000    9.750000   clock uncertainty
                                  0.000000    9.750000   clock reconvergence pessimism
                                 -2.000000    7.750000   output external delay
                                              7.750000   data required time
---------------------------------------------------------------------------------------------
                                              7.750000   data required time
                                             -5.736541   data arrival time
---------------------------------------------------------------------------------------------
                                              2.013459   slack (MET)


Startpoint: B[2] (input port clocked by __VIRTUAL_CLK__)
Endpoint: P[8] (output port clocked by __VIRTUAL_CLK__)
Path Group: __VIRTUAL_CLK__
Path Type: max

Fanout         Cap        Slew       Delay        Time   Description
---------------------------------------------------------------------------------------------
                      0.000000    0.000000    0.000000   clock __VIRTUAL_CLK__ (rise edge)
                                  0.000000    0.000000   clock network delay (ideal)
                                  2.000000    2.000000 v input external delay
     1    0.002730    0.008470    0.004301    2.004301 v B[2] (in)
                                                         B[2] (net)
                      0.008470    0.000000    2.004301 v input11/A (sky130_fd_sc_hd__clkbuf_2)
     3    0.017924    0.074558    0.127872    2.132173 v input11/X (sky130_fd_sc_hd__clkbuf_2)
                                                         net11 (net)
                      0.074562    0.000584    2.132756 v fanout47/A (sky130_fd_sc_hd__buf_6)
     5    0.019708    0.033031    0.138875    2.271631 v fanout47/X (sky130_fd_sc_hd__buf_6)
                                                         net47 (net)
                      0.033089    0.000972    2.272603 v rebuffer8/A (sky130_fd_sc_hd__dlymetal6s2s_1)
     1    0.004155    0.043600    0.134466    2.407069 v rebuffer8/X (sky130_fd_sc_hd__dlymetal6s2s_1)
                                                         net58 (net)
                      0.043608    0.000066    2.407135 v _276_/C (sky130_fd_sc_hd__and3_4)
     5    0.020991    0.052482    0.201863    2.608998 v _276_/X (sky130_fd_sc_hd__and3_4)
                                                         _211_ (net)
                      0.052482    0.000135    2.609133 v _279_/A (sky130_fd_sc_hd__or3b_4)
     1    0.008874    0.074629    0.403649    3.012781 v _279_/X (sky130_fd_sc_hd__or3b_4)
                                                         _214_ (net)
                      0.074629    0.000098    3.012879 v _281_/B (sky130_fd_sc_hd__xor2_2)
     2    0.008769    0.069329    0.163787    3.176666 v _281_/X (sky130_fd_sc_hd__xor2_2)
                                                         _216_ (net)
                      0.069329    0.000259    3.176926 v _282_/B (sky130_fd_sc_hd__or2_1)
     3    0.007400    0.069231    0.238612    3.415538 v _282_/X (sky130_fd_sc_hd__or2_1)
                                                         _217_ (net)
                      0.069231    0.000038    3.415576 v _295_/A (sky130_fd_sc_hd__or2_4)
     3    0.011625    0.055937    0.269497    3.685073 v _295_/X (sky130_fd_sc_hd__or2_4)
                                                         _229_ (net)
                      0.055937    0.000139    3.685212 v _315_/A2 (sky130_fd_sc_hd__o21a_1)
     2    0.004625    0.043299    0.176270    3.861482 v _315_/X (sky130_fd_sc_hd__o21a_1)
                                                         _248_ (net)
                      0.043299    0.000050    3.861532 v rebuffer2/A (sky130_fd_sc_hd__dlymetal6s2s_1)
     1    0.016164    0.092984    0.185044    4.046576 v rebuffer2/X (sky130_fd_sc_hd__dlymetal6s2s_1)
                                                         net52 (net)
                      0.092984    0.000165    4.046741 v _319_/B (sky130_fd_sc_hd__xnor2_4)
     2    0.013970    0.074591    0.155147    4.201888 v _319_/Y (sky130_fd_sc_hd__xnor2_4)
                                                         _252_ (net)
                      0.074592    0.000369    4.202257 v _325_/B (sky130_fd_sc_hd__xnor2_2)
     2    0.010140    0.070213    0.157023    4.359280 v _325_/Y (sky130_fd_sc_hd__xnor2_2)
                                                         _258_ (net)
                      0.070213    0.000022    4.359303 v _326_/B (sky130_fd_sc_hd__and2b_1)
     1    0.008054    0.056375    0.186942    4.546245 v _326_/X (sky130_fd_sc_hd__and2b_1)
                                                         _259_ (net)
                      0.056375    0.000068    4.546313 v _343_/B1 (sky130_fd_sc_hd__a31oi_4)
     2    0.019158    0.210364    0.209361    4.755674 ^ _343_/Y (sky130_fd_sc_hd__a31oi_4)
                                                         _012_ (net)
                      0.210364    0.000164    4.755838 ^ _372_/A_N (sky130_fd_sc_hd__and2b_1)
     1    0.008775    0.058673    0.235332    4.991171 v _372_/X (sky130_fd_sc_hd__and2b_1)
                                                         _041_ (net)
                      0.058673    0.000104    4.991275 v _410_/B1 (sky130_fd_sc_hd__a21oi_4)
     3    0.019376    0.179710    0.176759    5.168034 ^ _410_/Y (sky130_fd_sc_hd__a21oi_4)
                                                         _078_ (net)
                      0.179710    0.000370    5.168405 ^ _411_/B (sky130_fd_sc_hd__xor2_1)
     1    0.008288    0.207943    0.233504    5.401909 ^ _411_/X (sky130_fd_sc_hd__xor2_1)
                                                         net31 (net)
                      0.207943    0.000270    5.402178 ^ output31/A (sky130_fd_sc_hd__buf_4)
     1    0.033927    0.102545    0.207098    5.609276 ^ output31/X (sky130_fd_sc_hd__buf_4)
                                                         P[8] (net)
                      0.102545    0.000167    5.609443 ^ P[8] (out)
                                              5.609443   data arrival time

                      0.000000   10.000000   10.000000   clock __VIRTUAL_CLK__ (rise edge)
                                  0.000000   10.000000   clock network delay (ideal)
                                 -0.250000    9.750000   clock uncertainty
                                  0.000000    9.750000   clock reconvergence pessimism
                                 -2.000000    7.750000   output external delay
                                              7.750000   data required time
---------------------------------------------------------------------------------------------
                                              7.750000   data required time
                                             -5.609443   data arrival time
---------------------------------------------------------------------------------------------
                                              2.140557   slack (MET)


Startpoint: B[0] (input port clocked by __VIRTUAL_CLK__)
Endpoint: P[7] (output port clocked by __VIRTUAL_CLK__)
Path Group: __VIRTUAL_CLK__
Path Type: max

Fanout         Cap        Slew       Delay        Time   Description
---------------------------------------------------------------------------------------------
                      0.000000    0.000000    0.000000   clock __VIRTUAL_CLK__ (rise edge)
                                  0.000000    0.000000   clock network delay (ideal)
                                  2.000000    2.000000 ^ input external delay
     1    0.002816    0.019799    0.010354    2.010354 ^ B[0] (in)
                                                         B[0] (net)
                      0.019799    0.000000    2.010354 ^ input9/A (sky130_fd_sc_hd__buf_1)
     2    0.012893    0.157474    0.151712    2.162066 ^ input9/X (sky130_fd_sc_hd__buf_1)
                                                         net9 (net)
                      0.157474    0.000176    2.162242 ^ fanout34/A (sky130_fd_sc_hd__buf_4)
    10    0.033741    0.101616    0.192524    2.354766 ^ fanout34/X (sky130_fd_sc_hd__buf_4)
                                                         net34 (net)
                      0.101632    0.001318    2.356084 ^ _272_/A (sky130_fd_sc_hd__and3_1)
     4    0.013349    0.141664    0.227930    2.584014 ^ _272_/X (sky130_fd_sc_hd__and3_1)
                                                         _207_ (net)
                      0.141664    0.000223    2.584237 ^ _289_/S (sky130_fd_sc_hd__mux2_2)
     2    0.013784    0.076927    0.391540    2.975777 v _289_/X (sky130_fd_sc_hd__mux2_2)
                                                         _223_ (net)
                      0.076927    0.000217    2.975994 v _290_/B (sky130_fd_sc_hd__xor2_2)
     2    0.014816    0.216561    0.217385    3.193379 ^ _290_/X (sky130_fd_sc_hd__xor2_2)
                                                         _224_ (net)
                      0.216561    0.000123    3.193502 ^ _312_/B2 (sky130_fd_sc_hd__a2bb2oi_2)
     2    0.008542    0.074182    0.099644    3.293146 v _312_/Y (sky130_fd_sc_hd__a2bb2oi_2)
                                                         _245_ (net)
                      0.074182    0.000147    3.293294 v _314_/A (sky130_fd_sc_hd__xnor2_1)
     2    0.005252    0.168180    0.193381    3.486675 ^ _314_/Y (sky130_fd_sc_hd__xnor2_1)
                                                         _247_ (net)
                      0.168180    0.000040    3.486715 ^ _315_/A1 (sky130_fd_sc_hd__o21a_1)
     2    0.004907    0.059392    0.160279    3.646993 ^ _315_/X (sky130_fd_sc_hd__o21a_1)
                                                         _248_ (net)
                      0.059392    0.000059    3.647052 ^ _318_/A_N (sky130_fd_sc_hd__and2b_1)
     2    0.005973    0.047040    0.188035    3.835088 v _318_/X (sky130_fd_sc_hd__and2b_1)
                                                         _251_ (net)
                      0.047040    0.000068    3.835156 v _368_/C (sky130_fd_sc_hd__or4_4)
     1    0.007116    0.088971    0.483554    4.318710 v _368_/X (sky130_fd_sc_hd__or4_4)
                                                         _037_ (net)
                      0.088971    0.000210    4.318921 v _369_/B (sky130_fd_sc_hd__and2b_1)
     2    0.011803    0.070841    0.210414    4.529335 v _369_/X (sky130_fd_sc_hd__and2b_1)
                                                         _038_ (net)
                      0.070841    0.000129    4.529464 v _371_/B (sky130_fd_sc_hd__xor2_2)
     2    0.020504    0.277644    0.260564    4.790028 ^ _371_/X (sky130_fd_sc_hd__xor2_2)
                                                         _040_ (net)
                      0.277645    0.000328    4.790356 ^ _373_/A (sky130_fd_sc_hd__xnor2_4)
     2    0.020396    0.205346    0.184688    4.975044 ^ _373_/Y (sky130_fd_sc_hd__xnor2_4)
                                                         _042_ (net)
                      0.205346    0.000181    4.975225 ^ _375_/A (sky130_fd_sc_hd__xor2_2)
     1    0.009545    0.160610    0.193671    5.168896 ^ _375_/X (sky130_fd_sc_hd__xor2_2)
                                                         net30 (net)
                      0.160610    0.000326    5.169222 ^ output30/A (sky130_fd_sc_hd__buf_6)
     1    0.034454    0.077883    0.159714    5.328936 ^ output30/X (sky130_fd_sc_hd__buf_6)
                                                         P[7] (net)
                      0.077883    0.000401    5.329337 ^ P[7] (out)
                                              5.329337   data arrival time

                      0.000000   10.000000   10.000000   clock __VIRTUAL_CLK__ (rise edge)
                                  0.000000   10.000000   clock network delay (ideal)
                                 -0.250000    9.750000   clock uncertainty
                                  0.000000    9.750000   clock reconvergence pessimism
                                 -2.000000    7.750000   output external delay
                                              7.750000   data required time
---------------------------------------------------------------------------------------------
                                              7.750000   data required time
                                             -5.329337   data arrival time
---------------------------------------------------------------------------------------------
                                              2.420663   slack (MET)


Startpoint: B[2] (input port clocked by __VIRTUAL_CLK__)
Endpoint: P[6] (output port clocked by __VIRTUAL_CLK__)
Path Group: __VIRTUAL_CLK__
Path Type: max

Fanout         Cap        Slew       Delay        Time   Description
---------------------------------------------------------------------------------------------
                      0.000000    0.000000    0.000000   clock __VIRTUAL_CLK__ (rise edge)
                                  0.000000    0.000000   clock network delay (ideal)
                                  2.000000    2.000000 v input external delay
     1    0.002730    0.008470    0.004301    2.004301 v B[2] (in)
                                                         B[2] (net)
                      0.008470    0.000000    2.004301 v input11/A (sky130_fd_sc_hd__clkbuf_2)
     3    0.017924    0.074558    0.127872    2.132173 v input11/X (sky130_fd_sc_hd__clkbuf_2)
                                                         net11 (net)
                      0.074562    0.000584    2.132756 v fanout47/A (sky130_fd_sc_hd__buf_6)
     5    0.019708    0.033031    0.138875    2.271631 v fanout47/X (sky130_fd_sc_hd__buf_6)
                                                         net47 (net)
                      0.033089    0.000972    2.272603 v rebuffer8/A (sky130_fd_sc_hd__dlymetal6s2s_1)
     1    0.004155    0.043600    0.134466    2.407069 v rebuffer8/X (sky130_fd_sc_hd__dlymetal6s2s_1)
                                                         net58 (net)
                      0.043608    0.000066    2.407135 v _276_/C (sky130_fd_sc_hd__and3_4)
     5    0.020991    0.052482    0.201863    2.608998 v _276_/X (sky130_fd_sc_hd__and3_4)
                                                         _211_ (net)
                      0.052482    0.000135    2.609133 v _279_/A (sky130_fd_sc_hd__or3b_4)
     1    0.008874    0.074629    0.403649    3.012781 v _279_/X (sky130_fd_sc_hd__or3b_4)
                                                         _214_ (net)
                      0.074629    0.000098    3.012879 v _281_/B (sky130_fd_sc_hd__xor2_2)
     2    0.008769    0.069329    0.163787    3.176666 v _281_/X (sky130_fd_sc_hd__xor2_2)
                                                         _216_ (net)
                      0.069329    0.000259    3.176926 v _282_/B (sky130_fd_sc_hd__or2_1)
     3    0.007400    0.069231    0.238612    3.415538 v _282_/X (sky130_fd_sc_hd__or2_1)
                                                         _217_ (net)
                      0.069231    0.000038    3.415576 v _295_/A (sky130_fd_sc_hd__or2_4)
     3    0.011625    0.055937    0.269497    3.685073 v _295_/X (sky130_fd_sc_hd__or2_4)
                                                         _229_ (net)
                      0.055937    0.000139    3.685212 v _315_/A2 (sky130_fd_sc_hd__o21a_1)
     2    0.004625    0.043299    0.176270    3.861482 v _315_/X (sky130_fd_sc_hd__o21a_1)
                                                         _248_ (net)
                      0.043299    0.000050    3.861532 v rebuffer2/A (sky130_fd_sc_hd__dlymetal6s2s_1)
     1    0.016164    0.092984    0.185044    4.046576 v rebuffer2/X (sky130_fd_sc_hd__dlymetal6s2s_1)
                                                         net52 (net)
                      0.092984    0.000165    4.046741 v _319_/B (sky130_fd_sc_hd__xnor2_4)
     2    0.013970    0.074591    0.155147    4.201888 v _319_/Y (sky130_fd_sc_hd__xnor2_4)
                                                         _252_ (net)
                      0.074592    0.000369    4.202257 v _325_/B (sky130_fd_sc_hd__xnor2_2)
     2    0.010140    0.070213    0.157023    4.359280 v _325_/Y (sky130_fd_sc_hd__xnor2_2)
                                                         _258_ (net)
                      0.070213    0.000075    4.359355 v _327_/B (sky130_fd_sc_hd__xnor2_2)
     2    0.008209    0.073582    0.149025    4.508381 v _327_/Y (sky130_fd_sc_hd__xnor2_2)
                                                         _260_ (net)
                      0.073582    0.000136    4.508517 v _339_/B (sky130_fd_sc_hd__xnor2_1)
     2    0.006976    0.203181    0.200782    4.709299 ^ _339_/Y (sky130_fd_sc_hd__xnor2_1)
                                                         _009_ (net)
                      0.203181    0.000019    4.709318 ^ rebuffer3/A (sky130_fd_sc_hd__dlygate4sd1_1)
     1    0.009617    0.100967    0.270360    4.979678 ^ rebuffer3/X (sky130_fd_sc_hd__dlygate4sd1_1)
                                                         net53 (net)
                      0.100967    0.000097    4.979775 ^ _342_/A (sky130_fd_sc_hd__xnor2_2)
     1    0.007889    0.154460    0.132896    5.112671 ^ _342_/Y (sky130_fd_sc_hd__xnor2_2)
                                                         net29 (net)
                      0.154460    0.000203    5.112874 ^ output29/A (sky130_fd_sc_hd__buf_6)
     1    0.034476    0.077849    0.158433    5.271307 ^ output29/X (sky130_fd_sc_hd__buf_6)
                                                         P[6] (net)
                      0.077850    0.000401    5.271708 ^ P[6] (out)
                                              5.271708   data arrival time

                      0.000000   10.000000   10.000000   clock __VIRTUAL_CLK__ (rise edge)
                                  0.000000   10.000000   clock network delay (ideal)
                                 -0.250000    9.750000   clock uncertainty
                                  0.000000    9.750000   clock reconvergence pessimism
                                 -2.000000    7.750000   output external delay
                                              7.750000   data required time
---------------------------------------------------------------------------------------------
                                              7.750000   data required time
                                             -5.271708   data arrival time
---------------------------------------------------------------------------------------------
                                              2.478292   slack (MET)


Startpoint: B[0] (input port clocked by __VIRTUAL_CLK__)
Endpoint: P[5] (output port clocked by __VIRTUAL_CLK__)
Path Group: __VIRTUAL_CLK__
Path Type: max

Fanout         Cap        Slew       Delay        Time   Description
---------------------------------------------------------------------------------------------
                      0.000000    0.000000    0.000000   clock __VIRTUAL_CLK__ (rise edge)
                                  0.000000    0.000000   clock network delay (ideal)
                                  2.000000    2.000000 ^ input external delay
     1    0.002816    0.019799    0.010354    2.010354 ^ B[0] (in)
                                                         B[0] (net)
                      0.019799    0.000000    2.010354 ^ input9/A (sky130_fd_sc_hd__buf_1)
     2    0.012893    0.157474    0.151712    2.162066 ^ input9/X (sky130_fd_sc_hd__buf_1)
                                                         net9 (net)
                      0.157474    0.000176    2.162242 ^ fanout34/A (sky130_fd_sc_hd__buf_4)
    10    0.033741    0.101616    0.192524    2.354766 ^ fanout34/X (sky130_fd_sc_hd__buf_4)
                                                         net34 (net)
                      0.101632    0.001318    2.356084 ^ _272_/A (sky130_fd_sc_hd__and3_1)
     4    0.013349    0.141664    0.227930    2.584014 ^ _272_/X (sky130_fd_sc_hd__and3_1)
                                                         _207_ (net)
                      0.141664    0.000223    2.584237 ^ _289_/S (sky130_fd_sc_hd__mux2_2)
     2    0.013784    0.076927    0.391540    2.975777 v _289_/X (sky130_fd_sc_hd__mux2_2)
                                                         _223_ (net)
                      0.076927    0.000217    2.975994 v _290_/B (sky130_fd_sc_hd__xor2_2)
     2    0.014816    0.216561    0.217385    3.193379 ^ _290_/X (sky130_fd_sc_hd__xor2_2)
                                                         _224_ (net)
                      0.216561    0.000123    3.193502 ^ _312_/B2 (sky130_fd_sc_hd__a2bb2oi_2)
     2    0.008542    0.074182    0.099644    3.293146 v _312_/Y (sky130_fd_sc_hd__a2bb2oi_2)
                                                         _245_ (net)
                      0.074182    0.000147    3.293294 v _314_/A (sky130_fd_sc_hd__xnor2_1)
     2    0.005252    0.168180    0.193381    3.486675 ^ _314_/Y (sky130_fd_sc_hd__xnor2_1)
                                                         _247_ (net)
                      0.168180    0.000038    3.486712 ^ rebuffer1/A (sky130_fd_sc_hd__dlygate4sd1_1)
     1    0.005126    0.060416    0.234629    3.721342 ^ rebuffer1/X (sky130_fd_sc_hd__dlygate4sd1_1)
                                                         net51 (net)
                      0.060416    0.000054    3.721396 ^ _332_/B (sky130_fd_sc_hd__xor2_1)
     2    0.012212    0.279373    0.265541    3.986937 ^ _332_/X (sky130_fd_sc_hd__xor2_1)
                                                         _002_ (net)
                      0.279373    0.000223    3.987160 ^ _335_/B (sky130_fd_sc_hd__xnor2_1)
     2    0.007394    0.088656    0.139500    4.126660 v _335_/Y (sky130_fd_sc_hd__xnor2_1)
                                                         _005_ (net)
                      0.088656    0.000060    4.126720 v _340_/B (sky130_fd_sc_hd__xnor2_1)
     3    0.013601    0.328397    0.306293    4.433013 ^ _340_/Y (sky130_fd_sc_hd__xnor2_1)
                                                         _010_ (net)
                      0.328397    0.000318    4.433331 ^ _341_/B (sky130_fd_sc_hd__nand2_1)
     2    0.010086    0.115107    0.156515    4.589847 v _341_/Y (sky130_fd_sc_hd__nand2_1)
                                                         _011_ (net)
                      0.115107    0.000073    4.589920 v _541_/A (sky130_fd_sc_hd__and2_1)
     1    0.004127    0.040567    0.169798    4.759718 v _541_/X (sky130_fd_sc_hd__and2_1)
                                                         net28 (net)
                      0.040567    0.000080    4.759799 v output28/A (sky130_fd_sc_hd__buf_2)
     1    0.034264    0.089396    0.178434    4.938232 v output28/X (sky130_fd_sc_hd__buf_2)
                                                         P[5] (net)
                      0.089397    0.000345    4.938577 v P[5] (out)
                                              4.938577   data arrival time

                      0.000000   10.000000   10.000000   clock __VIRTUAL_CLK__ (rise edge)
                                  0.000000   10.000000   clock network delay (ideal)
                                 -0.250000    9.750000   clock uncertainty
                                  0.000000    9.750000   clock reconvergence pessimism
                                 -2.000000    7.750000   output external delay
                                              7.750000   data required time
---------------------------------------------------------------------------------------------
                                              7.750000   data required time
                                             -4.938577   data arrival time
---------------------------------------------------------------------------------------------
                                              2.811423   slack (MET)


Startpoint: B[2] (input port clocked by __VIRTUAL_CLK__)
Endpoint: P[4] (output port clocked by __VIRTUAL_CLK__)
Path Group: __VIRTUAL_CLK__
Path Type: max

Fanout         Cap        Slew       Delay        Time   Description
---------------------------------------------------------------------------------------------
                      0.000000    0.000000    0.000000   clock __VIRTUAL_CLK__ (rise edge)
                                  0.000000    0.000000   clock network delay (ideal)
                                  2.000000    2.000000 v input external delay
     1    0.002730    0.008470    0.004301    2.004301 v B[2] (in)
                                                         B[2] (net)
                      0.008470    0.000000    2.004301 v input11/A (sky130_fd_sc_hd__clkbuf_2)
     3    0.017924    0.074558    0.127872    2.132173 v input11/X (sky130_fd_sc_hd__clkbuf_2)
                                                         net11 (net)
                      0.074562    0.000584    2.132756 v fanout47/A (sky130_fd_sc_hd__buf_6)
     5    0.019708    0.033031    0.138875    2.271631 v fanout47/X (sky130_fd_sc_hd__buf_6)
                                                         net47 (net)
                      0.033089    0.000972    2.272603 v rebuffer8/A (sky130_fd_sc_hd__dlymetal6s2s_1)
     1    0.004155    0.043600    0.134466    2.407069 v rebuffer8/X (sky130_fd_sc_hd__dlymetal6s2s_1)
                                                         net58 (net)
                      0.043608    0.000066    2.407135 v _276_/C (sky130_fd_sc_hd__and3_4)
     5    0.020991    0.052482    0.201863    2.608998 v _276_/X (sky130_fd_sc_hd__and3_4)
                                                         _211_ (net)
                      0.052482    0.000135    2.609133 v _279_/A (sky130_fd_sc_hd__or3b_4)
     1    0.008874    0.074629    0.403649    3.012781 v _279_/X (sky130_fd_sc_hd__or3b_4)
                                                         _214_ (net)
                      0.074629    0.000098    3.012879 v _281_/B (sky130_fd_sc_hd__xor2_2)
     2    0.008769    0.069329    0.163787    3.176666 v _281_/X (sky130_fd_sc_hd__xor2_2)
                                                         _216_ (net)
                      0.069329    0.000259    3.176926 v _282_/B (sky130_fd_sc_hd__or2_1)
     3    0.007400    0.069231    0.238612    3.415538 v _282_/X (sky130_fd_sc_hd__or2_1)
                                                         _217_ (net)
                      0.069231    0.000038    3.415576 v _295_/A (sky130_fd_sc_hd__or2_4)
     3    0.011625    0.055937    0.269497    3.685073 v _295_/X (sky130_fd_sc_hd__or2_4)
                                                         _229_ (net)
                      0.055937    0.000119    3.685192 v _297_/A (sky130_fd_sc_hd__nand2_1)
     2    0.009282    0.097496    0.099139    3.784331 ^ _297_/Y (sky130_fd_sc_hd__nand2_1)
                                                         _231_ (net)
                      0.097497    0.000283    3.784614 ^ _298_/B (sky130_fd_sc_hd__nor2_1)
     4    0.014018    0.072498    0.092319    3.876933 v _298_/Y (sky130_fd_sc_hd__nor2_1)
                                                         _232_ (net)
                      0.072498    0.000064    3.876997 v _300_/A (sky130_fd_sc_hd__nor2_1)
     1    0.004340    0.100723    0.125577    4.002574 ^ _300_/Y (sky130_fd_sc_hd__nor2_1)
                                                         net27 (net)
                      0.100723    0.000086    4.002661 ^ output27/A (sky130_fd_sc_hd__buf_2)
     1    0.034319    0.170647    0.219002    4.221662 ^ output27/X (sky130_fd_sc_hd__buf_2)
                                                         P[4] (net)
                      0.170647    0.000357    4.222019 ^ P[4] (out)
                                              4.222019   data arrival time

                      0.000000   10.000000   10.000000   clock __VIRTUAL_CLK__ (rise edge)
                                  0.000000   10.000000   clock network delay (ideal)
                                 -0.250000    9.750000   clock uncertainty
                                  0.000000    9.750000   clock reconvergence pessimism
                                 -2.000000    7.750000   output external delay
                                              7.750000   data required time
---------------------------------------------------------------------------------------------
                                              7.750000   data required time
                                             -4.222019   data arrival time
---------------------------------------------------------------------------------------------
                                              3.527981   slack (MET)


Startpoint: B[2] (input port clocked by __VIRTUAL_CLK__)
Endpoint: P[3] (output port clocked by __VIRTUAL_CLK__)
Path Group: __VIRTUAL_CLK__
Path Type: max

Fanout         Cap        Slew       Delay        Time   Description
---------------------------------------------------------------------------------------------
                      0.000000    0.000000    0.000000   clock __VIRTUAL_CLK__ (rise edge)
                                  0.000000    0.000000   clock network delay (ideal)
                                  2.000000    2.000000 v input external delay
     1    0.002730    0.008470    0.004301    2.004301 v B[2] (in)
                                                         B[2] (net)
                      0.008470    0.000000    2.004301 v input11/A (sky130_fd_sc_hd__clkbuf_2)
     3    0.017924    0.074558    0.127872    2.132173 v input11/X (sky130_fd_sc_hd__clkbuf_2)
                                                         net11 (net)
                      0.074562    0.000584    2.132756 v fanout47/A (sky130_fd_sc_hd__buf_6)
     5    0.019708    0.033031    0.138875    2.271631 v fanout47/X (sky130_fd_sc_hd__buf_6)
                                                         net47 (net)
                      0.033089    0.000972    2.272603 v rebuffer8/A (sky130_fd_sc_hd__dlymetal6s2s_1)
     1    0.004155    0.043600    0.134466    2.407069 v rebuffer8/X (sky130_fd_sc_hd__dlymetal6s2s_1)
                                                         net58 (net)
                      0.043608    0.000066    2.407135 v _276_/C (sky130_fd_sc_hd__and3_4)
     5    0.020991    0.052482    0.201863    2.608998 v _276_/X (sky130_fd_sc_hd__and3_4)
                                                         _211_ (net)
                      0.052482    0.000135    2.609133 v _279_/A (sky130_fd_sc_hd__or3b_4)
     1    0.008874    0.074629    0.403649    3.012781 v _279_/X (sky130_fd_sc_hd__or3b_4)
                                                         _214_ (net)
                      0.074629    0.000098    3.012879 v _281_/B (sky130_fd_sc_hd__xor2_2)
     2    0.008769    0.069329    0.163787    3.176666 v _281_/X (sky130_fd_sc_hd__xor2_2)
                                                         _216_ (net)
                      0.069329    0.000259    3.176926 v _282_/B (sky130_fd_sc_hd__or2_1)
     3    0.007400    0.069231    0.238612    3.415538 v _282_/X (sky130_fd_sc_hd__or2_1)
                                                         _217_ (net)
                      0.069231    0.000041    3.415580 v _284_/A (sky130_fd_sc_hd__and2_1)
     1    0.005445    0.045785    0.155033    3.570613 v _284_/X (sky130_fd_sc_hd__and2_1)
                                                         net26 (net)
                      0.045785    0.000139    3.570752 v output26/A (sky130_fd_sc_hd__buf_2)
     1    0.034333    0.089513    0.180802    3.751553 v output26/X (sky130_fd_sc_hd__buf_2)
                                                         P[3] (net)
                      0.089514    0.000357    3.751910 v P[3] (out)
                                              3.751910   data arrival time

                      0.000000   10.000000   10.000000   clock __VIRTUAL_CLK__ (rise edge)
                                  0.000000   10.000000   clock network delay (ideal)
                                 -0.250000    9.750000   clock uncertainty
                                  0.000000    9.750000   clock reconvergence pessimism
                                 -2.000000    7.750000   output external delay
                                              7.750000   data required time
---------------------------------------------------------------------------------------------
                                              7.750000   data required time
                                             -3.751910   data arrival time
---------------------------------------------------------------------------------------------
                                              3.998090   slack (MET)


Startpoint: A[0] (input port clocked by __VIRTUAL_CLK__)
Endpoint: P[1] (output port clocked by __VIRTUAL_CLK__)
Path Group: __VIRTUAL_CLK__
Path Type: max

Fanout         Cap        Slew       Delay        Time   Description
---------------------------------------------------------------------------------------------
                      0.000000    0.000000    0.000000   clock __VIRTUAL_CLK__ (rise edge)
                                  0.000000    0.000000   clock network delay (ideal)
                                  2.000000    2.000000 v input external delay
     1    0.002801    0.008635    0.004424    2.004424 v A[0] (in)
                                                         A[0] (net)
                      0.008635    0.000000    2.004424 v input1/A (sky130_fd_sc_hd__buf_1)
     2    0.012802    0.080048    0.116487    2.120911 v input1/X (sky130_fd_sc_hd__buf_1)
                                                         net1 (net)
                      0.080051    0.000614    2.121525 v fanout49/A (sky130_fd_sc_hd__clkbuf_4)
    10    0.046011    0.100867    0.215659    2.337184 v fanout49/X (sky130_fd_sc_hd__clkbuf_4)
                                                         net49 (net)
                      0.100945    0.002580    2.339764 v _269_/D (sky130_fd_sc_hd__and4_1)
     3    0.016242    0.092417    0.277345    2.617109 v _269_/X (sky130_fd_sc_hd__and4_1)
                                                         _206_ (net)
                      0.092417    0.000044    2.617153 v _270_/C1 (sky130_fd_sc_hd__a211oi_1)
     1    0.002342    0.171908    0.170040    2.787194 ^ _270_/Y (sky130_fd_sc_hd__a211oi_1)
                                                         net24 (net)
                      0.171908    0.000014    2.787208 ^ output24/A (sky130_fd_sc_hd__buf_2)
     1    0.034006    0.169352    0.239459    3.026667 ^ output24/X (sky130_fd_sc_hd__buf_2)
                                                         P[1] (net)
                      0.169352    0.000200    3.026867 ^ P[1] (out)
                                              3.026867   data arrival time

                      0.000000   10.000000   10.000000   clock __VIRTUAL_CLK__ (rise edge)
                                  0.000000   10.000000   clock network delay (ideal)
                                 -0.250000    9.750000   clock uncertainty
                                  0.000000    9.750000   clock reconvergence pessimism
                                 -2.000000    7.750000   output external delay
                                              7.750000   data required time
---------------------------------------------------------------------------------------------
                                              7.750000   data required time
                                             -3.026867   data arrival time
---------------------------------------------------------------------------------------------
                                              4.723133   slack (MET)


Startpoint: A[0] (input port clocked by __VIRTUAL_CLK__)
Endpoint: P[2] (output port clocked by __VIRTUAL_CLK__)
Path Group: __VIRTUAL_CLK__
Path Type: max

Fanout         Cap        Slew       Delay        Time   Description
---------------------------------------------------------------------------------------------
                      0.000000    0.000000    0.000000   clock __VIRTUAL_CLK__ (rise edge)
                                  0.000000    0.000000   clock network delay (ideal)
                                  2.000000    2.000000 ^ input external delay
     1    0.002977    0.020495    0.010924    2.010924 ^ A[0] (in)
                                                         A[0] (net)
                      0.020495    0.000000    2.010924 ^ input1/A (sky130_fd_sc_hd__buf_1)
     2    0.013222    0.161256    0.154318    2.165242 ^ input1/X (sky130_fd_sc_hd__buf_1)
                                                         net1 (net)
                      0.161259    0.000642    2.165884 ^ fanout49/A (sky130_fd_sc_hd__clkbuf_4)
    10    0.047614    0.150158    0.253853    2.419737 ^ fanout49/X (sky130_fd_sc_hd__clkbuf_4)
                                                         net49 (net)
                      0.150291    0.002699    2.422436 ^ _267_/A (sky130_fd_sc_hd__and2_1)
     2    0.004212    0.058892    0.152824    2.575260 ^ _267_/X (sky130_fd_sc_hd__and2_1)
                                                         net17 (net)
                      0.058892    0.000011    2.575271 ^ _271_/A_N (sky130_fd_sc_hd__and3b_1)
     1    0.002212    0.034300    0.166146    2.741417 v _271_/X (sky130_fd_sc_hd__and3b_1)
                                                         net25 (net)
                      0.034300    0.000022    2.741439 v output25/A (sky130_fd_sc_hd__buf_2)
     1    0.034135    0.089120    0.175568    2.917007 v output25/X (sky130_fd_sc_hd__buf_2)
                                                         P[2] (net)
                      0.089120    0.000251    2.917258 v P[2] (out)
                                              2.917258   data arrival time

                      0.000000   10.000000   10.000000   clock __VIRTUAL_CLK__ (rise edge)
                                  0.000000   10.000000   clock network delay (ideal)
                                 -0.250000    9.750000   clock uncertainty
                                  0.000000    9.750000   clock reconvergence pessimism
                                 -2.000000    7.750000   output external delay
                                              7.750000   data required time
---------------------------------------------------------------------------------------------
                                              7.750000   data required time
                                             -2.917258   data arrival time
---------------------------------------------------------------------------------------------
                                              4.832742   slack (MET)


Startpoint: A[0] (input port clocked by __VIRTUAL_CLK__)
Endpoint: P[0] (output port clocked by __VIRTUAL_CLK__)
Path Group: __VIRTUAL_CLK__
Path Type: max

Fanout         Cap        Slew       Delay        Time   Description
---------------------------------------------------------------------------------------------
                      0.000000    0.000000    0.000000   clock __VIRTUAL_CLK__ (rise edge)
                                  0.000000    0.000000   clock network delay (ideal)
                                  2.000000    2.000000 ^ input external delay
     1    0.002977    0.020495    0.010924    2.010924 ^ A[0] (in)
                                                         A[0] (net)
                      0.020495    0.000000    2.010924 ^ input1/A (sky130_fd_sc_hd__buf_1)
     2    0.013222    0.161256    0.154318    2.165242 ^ input1/X (sky130_fd_sc_hd__buf_1)
                                                         net1 (net)
                      0.161259    0.000642    2.165884 ^ fanout49/A (sky130_fd_sc_hd__clkbuf_4)
    10    0.047614    0.150158    0.253853    2.419737 ^ fanout49/X (sky130_fd_sc_hd__clkbuf_4)
                                                         net49 (net)
                      0.150291    0.002699    2.422436 ^ _267_/A (sky130_fd_sc_hd__and2_1)
     2    0.004212    0.058892    0.152824    2.575260 ^ _267_/X (sky130_fd_sc_hd__and2_1)
                                                         net17 (net)
                      0.058892    0.000024    2.575284 ^ output17/A (sky130_fd_sc_hd__buf_2)
     1    0.034095    0.169337    0.202924    2.778208 ^ output17/X (sky130_fd_sc_hd__buf_2)
                                                         P[0] (net)
                      0.169337    0.000243    2.778451 ^ P[0] (out)
                                              2.778451   data arrival time

                      0.000000   10.000000   10.000000   clock __VIRTUAL_CLK__ (rise edge)
                                  0.000000   10.000000   clock network delay (ideal)
                                 -0.250000    9.750000   clock uncertainty
                                  0.000000    9.750000   clock reconvergence pessimism
                                 -2.000000    7.750000   output external delay
                                              7.750000   data required time
---------------------------------------------------------------------------------------------
                                              7.750000   data required time
                                             -2.778451   data arrival time
---------------------------------------------------------------------------------------------
                                              4.971550   slack (MET)



