Reading timing models for corner nom_tt_025C_1v80…
Reading timing library for the 'nom_tt_025C_1v80' corner at '/home/gmun/.volare/volare/sky130/versions/0fe599b2afb6708d281543108caf8310912f54af/sky130A/libs.ref/sky130_fd_sc_hd/lib/sky130_fd_sc_hd__tt_025C_1v80.lib'…
Reading timing models for corner nom_ff_n40C_1v95…
Reading timing library for the 'nom_ff_n40C_1v95' corner at '/home/gmun/.volare/volare/sky130/versions/0fe599b2afb6708d281543108caf8310912f54af/sky130A/libs.ref/sky130_fd_sc_hd/lib/sky130_fd_sc_hd__ff_n40C_1v95.lib'…
Reading timing models for corner nom_ss_100C_1v60…
Reading timing library for the 'nom_ss_100C_1v60' corner at '/home/gmun/.volare/volare/sky130/versions/0fe599b2afb6708d281543108caf8310912f54af/sky130A/libs.ref/sky130_fd_sc_hd/lib/sky130_fd_sc_hd__ss_100C_1v60.lib'…
Reading OpenROAD database at '/home/gmun/Downloads/8Bits_corrigiendo2op_2Bits/runs/mult8_2bits_2op_e2493/50-openroad-globalplacement/mult8_2bits_2op_e2493.odb'…
Reading design constraints file at '/nix/store/ss2cw3sxbrwwx9jl0rrppbw4kgcmgi2n-python3-3.11.9-env/lib/python3.11/site-packages/openlane/scripts/base.sdc'…
[WARNING STA-0366] port '__VIRTUAL_CLK__' not found.
[INFO] Using clock __VIRTUAL_CLK__…
[INFO] Setting output delay to: 2
[INFO] Setting input delay to: 2
[WARNING STA-0366] port '__VIRTUAL_CLK__' not found.
[INFO] Setting load to: 0.033442
[INFO] Setting clock uncertainty to: 0.25
[INFO] Setting clock transition to: 0.1499999999999999944488848768742172978818416595458984375
[WARNING STA-0419] transition time can not be specified for virtual clocks.
[INFO] Setting timing derate to: 5%
[WARNING STA-0450] virtual clock __VIRTUAL_CLK__ can not be propagated.
[INFO] Setting RC values…
[INFO RSZ-0027] Inserted 16 input buffers.
[INFO RSZ-0028] Inserted 15 output buffers.
[INFO RSZ-0058] Using max wire length 6335um.
Iteration | Resized | Buffers | Nets repaired | Remaining
---------------------------------------------------------
        0 |       0 |       0 |             0 |       341
       10 |       9 |       0 |             0 |       331
       20 |      19 |       0 |             0 |       321
       30 |      27 |       0 |             0 |       311
       40 |      37 |       0 |             0 |       301
       50 |      46 |       0 |             0 |       291
       60 |      56 |       0 |             0 |       281
       70 |      65 |       0 |             0 |       271
       80 |      75 |       0 |             0 |       261
       90 |      85 |       0 |             0 |       251
      100 |      95 |       0 |             0 |       241
      110 |     103 |       0 |             0 |       231
      120 |     113 |       0 |             0 |       221
      130 |     123 |       0 |             0 |       211
      140 |     133 |       0 |             0 |       201
      150 |     143 |       0 |             0 |       191
      160 |     151 |       0 |             0 |       181
      170 |     159 |       0 |             0 |       171
      180 |     169 |       0 |             0 |       161
      190 |     178 |       0 |             0 |       151
      200 |     188 |       0 |             0 |       141
      210 |     197 |       0 |             0 |       131
      220 |     207 |       0 |             0 |       121
      230 |     215 |       0 |             0 |       111
      240 |     222 |       0 |             0 |       101
      250 |     230 |       0 |             0 |        91
      260 |     239 |       0 |             0 |        81
      270 |     249 |       0 |             0 |        71
      280 |     259 |       0 |             0 |        61
      290 |     268 |       0 |             0 |        51
      300 |     277 |       0 |             0 |        41
      310 |     283 |       2 |             2 |        31
      320 |     299 |      12 |            11 |        21
      330 |     306 |      18 |            15 |        11
      340 |     306 |      18 |            15 |         1
    final |     306 |      18 |            15 |         0
---------------------------------------------------------
[INFO RSZ-0035] Found 15 fanout violations.
[INFO RSZ-0038] Inserted 18 buffers in 15 nets.
[INFO RSZ-0039] Resized 306 instances.
[INFO RSZ-0042] Inserted 1 tie sky130_fd_sc_hd__conb_1 instances.
Placement Analysis
---------------------------------
total displacement        552.8 u
average displacement        0.6 u
max displacement            5.5 u
original HPWL            7748.2 u
legalized HPWL           8022.1 u
delta HPWL                    4 %

[INFO DPL-0020] Mirrored 124 instances
[INFO DPL-0021] HPWL before            8022.1 u
[INFO DPL-0022] HPWL after             7854.6 u
[INFO DPL-0023] HPWL delta               -2.1 %
[INFO] Setting RC values…
Setting global connections for newly added cells…
[INFO] Setting global connections...
Updating metrics…
Cell type report:                       Count       Area
  Fill cell                               130     487.97
  Tap cell                                469     586.81
  Timing Repair Buffer                     49     270.26
  Inverter                                 12      45.04
  Multi-Input combinational cell          281    1896.82
  Total                                   941    3286.90
Writing OpenROAD database to '/home/gmun/Downloads/8Bits_corrigiendo2op_2Bits/runs/mult8_2bits_2op_e2493/54-openroad-repairdesignpostgpl/mult8_2bits_2op_e2493.odb'…
Writing netlist to '/home/gmun/Downloads/8Bits_corrigiendo2op_2Bits/runs/mult8_2bits_2op_e2493/54-openroad-repairdesignpostgpl/mult8_2bits_2op_e2493.nl.v'…
Writing powered netlist to '/home/gmun/Downloads/8Bits_corrigiendo2op_2Bits/runs/mult8_2bits_2op_e2493/54-openroad-repairdesignpostgpl/mult8_2bits_2op_e2493.pnl.v'…
Writing layout to '/home/gmun/Downloads/8Bits_corrigiendo2op_2Bits/runs/mult8_2bits_2op_e2493/54-openroad-repairdesignpostgpl/mult8_2bits_2op_e2493.def'…
Writing timing constraints to '/home/gmun/Downloads/8Bits_corrigiendo2op_2Bits/runs/mult8_2bits_2op_e2493/54-openroad-repairdesignpostgpl/mult8_2bits_2op_e2493.sdc'…
