
===========================================================================
report_checks -path_delay max (Setup)
============================================================================
======================= nom_ss_100C_1v60 Corner ===================================

Startpoint: B[5] (input port clocked by __VIRTUAL_CLK__)
Endpoint: P[15] (output port clocked by __VIRTUAL_CLK__)
Path Group: __VIRTUAL_CLK__
Path Type: max

Fanout         Cap        Slew       Delay        Time   Description
---------------------------------------------------------------------------------------------
                      0.000000    0.000000    0.000000   clock __VIRTUAL_CLK__ (rise edge)
                                  0.000000    0.000000   clock network delay (ideal)
                                  2.000000    2.000000 ^ input external delay
     1    0.002602    0.030945    0.014748    2.014748 ^ B[5] (in)
                                                         B[5] (net)
                      0.030945    0.000000    2.014748 ^ input14/A (sky130_fd_sc_hd__dlymetal6s2s_1)
     5    0.021421    0.348403    0.343505    2.358253 ^ input14/X (sky130_fd_sc_hd__dlymetal6s2s_1)
                                                         net14 (net)
                      0.348408    0.001111    2.359365 ^ fanout41/A (sky130_fd_sc_hd__buf_2)
    10    0.043614    0.342510    0.512474    2.871838 ^ fanout41/X (sky130_fd_sc_hd__buf_2)
                                                         net41 (net)
                      0.342523    0.002496    2.874335 ^ _382_/D (sky130_fd_sc_hd__and4_1)
     3    0.010082    0.199426    0.572548    3.446883 ^ _382_/X (sky130_fd_sc_hd__and4_1)
                                                         _038_ (net)
                      0.199426    0.000242    3.447126 ^ _438_/C (sky130_fd_sc_hd__nand4_1)
     4    0.011215    0.399488    0.438233    3.885358 v _438_/Y (sky130_fd_sc_hd__nand4_1)
                                                         _092_ (net)
                      0.399488    0.000177    3.885535 v _440_/B (sky130_fd_sc_hd__and3_1)
     2    0.005209    0.090879    0.520624    4.406158 v _440_/X (sky130_fd_sc_hd__and3_1)
                                                         _094_ (net)
                      0.090879    0.000128    4.406287 v _442_/A (sky130_fd_sc_hd__or2_1)
     3    0.013198    0.184367    0.613142    5.019430 v _442_/X (sky130_fd_sc_hd__or2_1)
                                                         _096_ (net)
                      0.184367    0.000465    5.019895 v _445_/A (sky130_fd_sc_hd__xnor2_1)
     2    0.010161    0.424159    0.474503    5.494397 ^ _445_/Y (sky130_fd_sc_hd__xnor2_1)
                                                         _099_ (net)
                      0.424159    0.000278    5.494675 ^ _479_/B (sky130_fd_sc_hd__nor2_1)
     2    0.006071    0.117787    0.218408    5.713083 v _479_/Y (sky130_fd_sc_hd__nor2_1)
                                                         _132_ (net)
                      0.117787    0.000138    5.713221 v _481_/D (sky130_fd_sc_hd__or4_1)
     2    0.007224    0.229117    1.056730    6.769951 v _481_/X (sky130_fd_sc_hd__or4_1)
                                                         _134_ (net)
                      0.229117    0.000259    6.770210 v _487_/D (sky130_fd_sc_hd__and4_1)
     2    0.007355    0.109581    0.521146    7.291357 v _487_/X (sky130_fd_sc_hd__and4_1)
                                                         _140_ (net)
                      0.109581    0.000218    7.291575 v _488_/A (sky130_fd_sc_hd__inv_2)
     2    0.006386    0.063221    0.102183    7.393758 ^ _488_/Y (sky130_fd_sc_hd__inv_2)
                                                         _141_ (net)
                      0.063221    0.000113    7.393871 ^ _490_/B (sky130_fd_sc_hd__and3_4)
     4    0.017017    0.140472    0.445097    7.838969 ^ _490_/X (sky130_fd_sc_hd__and3_4)
                                                         _143_ (net)
                      0.140472    0.000222    7.839191 ^ _493_/C1 (sky130_fd_sc_hd__a211o_1)
     3    0.013170    0.197864    0.287034    8.126225 ^ _493_/X (sky130_fd_sc_hd__a211o_1)
                                                         _146_ (net)
                      0.197864    0.000409    8.126634 ^ _540_/A (sky130_fd_sc_hd__nand2_1)
     1    0.004905    0.109218    0.174353    8.300987 v _540_/Y (sky130_fd_sc_hd__nand2_1)
                                                         _191_ (net)
                      0.109218    0.000106    8.301092 v _542_/A1 (sky130_fd_sc_hd__o311a_4)
     4    0.017545    0.121493    0.733392    9.034485 v _542_/X (sky130_fd_sc_hd__o311a_4)
                                                         _193_ (net)
                      0.121500    0.001032    9.035517 v _562_/A2 (sky130_fd_sc_hd__o2111a_1)
     1    0.002929    0.073500    0.421418    9.456935 v _562_/X (sky130_fd_sc_hd__o2111a_1)
                                                         _211_ (net)
                      0.073500    0.000088    9.457023 v _565_/B (sky130_fd_sc_hd__or3_4)
     1    0.007283    0.128450    0.731646   10.188669 v _565_/X (sky130_fd_sc_hd__or3_4)
                                                         net23 (net)
                      0.128450    0.000236   10.188905 v output23/A (sky130_fd_sc_hd__buf_8)
     1    0.034964    0.068389    0.267430   10.456335 v output23/X (sky130_fd_sc_hd__buf_8)
                                                         P[15] (net)
                      0.068402    0.000935   10.457270 v P[15] (out)
                                             10.457270   data arrival time

                      0.000000   10.000000   10.000000   clock __VIRTUAL_CLK__ (rise edge)
                                  0.000000   10.000000   clock network delay (ideal)
                                 -0.250000    9.750000   clock uncertainty
                                  0.000000    9.750000   clock reconvergence pessimism
                                 -2.000000    7.750000   output external delay
                                              7.750000   data required time
---------------------------------------------------------------------------------------------
                                              7.750000   data required time
                                            -10.457270   data arrival time
---------------------------------------------------------------------------------------------
                                             -2.707270   slack (VIOLATED)


Startpoint: B[5] (input port clocked by __VIRTUAL_CLK__)
Endpoint: P[14] (output port clocked by __VIRTUAL_CLK__)
Path Group: __VIRTUAL_CLK__
Path Type: max

Fanout         Cap        Slew       Delay        Time   Description
---------------------------------------------------------------------------------------------
                      0.000000    0.000000    0.000000   clock __VIRTUAL_CLK__ (rise edge)
                                  0.000000    0.000000   clock network delay (ideal)
                                  2.000000    2.000000 ^ input external delay
     1    0.002602    0.030945    0.014748    2.014748 ^ B[5] (in)
                                                         B[5] (net)
                      0.030945    0.000000    2.014748 ^ input14/A (sky130_fd_sc_hd__dlymetal6s2s_1)
     5    0.021421    0.348403    0.343505    2.358253 ^ input14/X (sky130_fd_sc_hd__dlymetal6s2s_1)
                                                         net14 (net)
                      0.348408    0.001111    2.359365 ^ fanout41/A (sky130_fd_sc_hd__buf_2)
    10    0.043614    0.342510    0.512474    2.871838 ^ fanout41/X (sky130_fd_sc_hd__buf_2)
                                                         net41 (net)
                      0.342523    0.002496    2.874335 ^ _382_/D (sky130_fd_sc_hd__and4_1)
     3    0.010082    0.199426    0.572548    3.446883 ^ _382_/X (sky130_fd_sc_hd__and4_1)
                                                         _038_ (net)
                      0.199426    0.000242    3.447126 ^ _438_/C (sky130_fd_sc_hd__nand4_1)
     4    0.011215    0.399488    0.438233    3.885358 v _438_/Y (sky130_fd_sc_hd__nand4_1)
                                                         _092_ (net)
                      0.399488    0.000177    3.885535 v _440_/B (sky130_fd_sc_hd__and3_1)
     2    0.005209    0.090879    0.520624    4.406158 v _440_/X (sky130_fd_sc_hd__and3_1)
                                                         _094_ (net)
                      0.090879    0.000128    4.406287 v _442_/A (sky130_fd_sc_hd__or2_1)
     3    0.013198    0.184367    0.613142    5.019430 v _442_/X (sky130_fd_sc_hd__or2_1)
                                                         _096_ (net)
                      0.184367    0.000465    5.019895 v _445_/A (sky130_fd_sc_hd__xnor2_1)
     2    0.010161    0.424159    0.474503    5.494397 ^ _445_/Y (sky130_fd_sc_hd__xnor2_1)
                                                         _099_ (net)
                      0.424159    0.000278    5.494675 ^ _479_/B (sky130_fd_sc_hd__nor2_1)
     2    0.006071    0.117787    0.218408    5.713083 v _479_/Y (sky130_fd_sc_hd__nor2_1)
                                                         _132_ (net)
                      0.117787    0.000138    5.713221 v _481_/D (sky130_fd_sc_hd__or4_1)
     2    0.007224    0.229117    1.056730    6.769951 v _481_/X (sky130_fd_sc_hd__or4_1)
                                                         _134_ (net)
                      0.229117    0.000259    6.770210 v _487_/D (sky130_fd_sc_hd__and4_1)
     2    0.007355    0.109581    0.521146    7.291357 v _487_/X (sky130_fd_sc_hd__and4_1)
                                                         _140_ (net)
                      0.109581    0.000218    7.291575 v _488_/A (sky130_fd_sc_hd__inv_2)
     2    0.006386    0.063221    0.102183    7.393758 ^ _488_/Y (sky130_fd_sc_hd__inv_2)
                                                         _141_ (net)
                      0.063221    0.000113    7.393871 ^ _490_/B (sky130_fd_sc_hd__and3_4)
     4    0.017017    0.140472    0.445097    7.838969 ^ _490_/X (sky130_fd_sc_hd__and3_4)
                                                         _143_ (net)
                      0.140472    0.000222    7.839191 ^ _493_/C1 (sky130_fd_sc_hd__a211o_1)
     3    0.013170    0.197864    0.287034    8.126225 ^ _493_/X (sky130_fd_sc_hd__a211o_1)
                                                         _146_ (net)
                      0.197864    0.000409    8.126634 ^ _540_/A (sky130_fd_sc_hd__nand2_1)
     1    0.004905    0.109218    0.174353    8.300987 v _540_/Y (sky130_fd_sc_hd__nand2_1)
                                                         _191_ (net)
                      0.109218    0.000106    8.301092 v _542_/A1 (sky130_fd_sc_hd__o311a_4)
     4    0.017545    0.121493    0.733392    9.034485 v _542_/X (sky130_fd_sc_hd__o311a_4)
                                                         _193_ (net)
                      0.121500    0.001018    9.035502 v _556_/A1 (sky130_fd_sc_hd__o211a_1)
     2    0.007466    0.111764    0.469769    9.505272 v _556_/X (sky130_fd_sc_hd__o211a_1)
                                                         _206_ (net)
                      0.111764    0.000204    9.505476 v _563_/A (sky130_fd_sc_hd__xor2_1)
     1    0.006119    0.276600    0.331751    9.837227 ^ _563_/X (sky130_fd_sc_hd__xor2_1)
                                                         net22 (net)
                      0.276600    0.000208    9.837434 ^ output22/A (sky130_fd_sc_hd__buf_6)
     1    0.034849    0.125524    0.312097   10.149531 ^ output22/X (sky130_fd_sc_hd__buf_6)
                                                         P[14] (net)
                      0.125528    0.000879   10.150411 ^ P[14] (out)
                                             10.150411   data arrival time

                      0.000000   10.000000   10.000000   clock __VIRTUAL_CLK__ (rise edge)
                                  0.000000   10.000000   clock network delay (ideal)
                                 -0.250000    9.750000   clock uncertainty
                                  0.000000    9.750000   clock reconvergence pessimism
                                 -2.000000    7.750000   output external delay
                                              7.750000   data required time
---------------------------------------------------------------------------------------------
                                              7.750000   data required time
                                            -10.150411   data arrival time
---------------------------------------------------------------------------------------------
                                             -2.400411   slack (VIOLATED)


Startpoint: B[5] (input port clocked by __VIRTUAL_CLK__)
Endpoint: P[13] (output port clocked by __VIRTUAL_CLK__)
Path Group: __VIRTUAL_CLK__
Path Type: max

Fanout         Cap        Slew       Delay        Time   Description
---------------------------------------------------------------------------------------------
                      0.000000    0.000000    0.000000   clock __VIRTUAL_CLK__ (rise edge)
                                  0.000000    0.000000   clock network delay (ideal)
                                  2.000000    2.000000 ^ input external delay
     1    0.002602    0.030945    0.014748    2.014748 ^ B[5] (in)
                                                         B[5] (net)
                      0.030945    0.000000    2.014748 ^ input14/A (sky130_fd_sc_hd__dlymetal6s2s_1)
     5    0.021421    0.348403    0.343505    2.358253 ^ input14/X (sky130_fd_sc_hd__dlymetal6s2s_1)
                                                         net14 (net)
                      0.348408    0.001111    2.359365 ^ fanout41/A (sky130_fd_sc_hd__buf_2)
    10    0.043614    0.342510    0.512474    2.871838 ^ fanout41/X (sky130_fd_sc_hd__buf_2)
                                                         net41 (net)
                      0.342523    0.002496    2.874335 ^ _382_/D (sky130_fd_sc_hd__and4_1)
     3    0.010082    0.199426    0.572548    3.446883 ^ _382_/X (sky130_fd_sc_hd__and4_1)
                                                         _038_ (net)
                      0.199426    0.000242    3.447126 ^ _438_/C (sky130_fd_sc_hd__nand4_1)
     4    0.011215    0.399488    0.438233    3.885358 v _438_/Y (sky130_fd_sc_hd__nand4_1)
                                                         _092_ (net)
                      0.399488    0.000177    3.885535 v _440_/B (sky130_fd_sc_hd__and3_1)
     2    0.005209    0.090879    0.520624    4.406158 v _440_/X (sky130_fd_sc_hd__and3_1)
                                                         _094_ (net)
                      0.090879    0.000128    4.406287 v _442_/A (sky130_fd_sc_hd__or2_1)
     3    0.013198    0.184367    0.613142    5.019430 v _442_/X (sky130_fd_sc_hd__or2_1)
                                                         _096_ (net)
                      0.184367    0.000465    5.019895 v _445_/A (sky130_fd_sc_hd__xnor2_1)
     2    0.010161    0.424159    0.474503    5.494397 ^ _445_/Y (sky130_fd_sc_hd__xnor2_1)
                                                         _099_ (net)
                      0.424159    0.000278    5.494675 ^ _479_/B (sky130_fd_sc_hd__nor2_1)
     2    0.006071    0.117787    0.218408    5.713083 v _479_/Y (sky130_fd_sc_hd__nor2_1)
                                                         _132_ (net)
                      0.117787    0.000138    5.713221 v _481_/D (sky130_fd_sc_hd__or4_1)
     2    0.007224    0.229117    1.056730    6.769951 v _481_/X (sky130_fd_sc_hd__or4_1)
                                                         _134_ (net)
                      0.229117    0.000259    6.770210 v _487_/D (sky130_fd_sc_hd__and4_1)
     2    0.007355    0.109581    0.521146    7.291357 v _487_/X (sky130_fd_sc_hd__and4_1)
                                                         _140_ (net)
                      0.109581    0.000218    7.291575 v _488_/A (sky130_fd_sc_hd__inv_2)
     2    0.006386    0.063221    0.102183    7.393758 ^ _488_/Y (sky130_fd_sc_hd__inv_2)
                                                         _141_ (net)
                      0.063221    0.000113    7.393871 ^ _490_/B (sky130_fd_sc_hd__and3_4)
     4    0.017017    0.140472    0.445097    7.838969 ^ _490_/X (sky130_fd_sc_hd__and3_4)
                                                         _143_ (net)
                      0.140472    0.000222    7.839191 ^ _493_/C1 (sky130_fd_sc_hd__a211o_1)
     3    0.013170    0.197864    0.287034    8.126225 ^ _493_/X (sky130_fd_sc_hd__a211o_1)
                                                         _146_ (net)
                      0.197864    0.000409    8.126634 ^ _540_/A (sky130_fd_sc_hd__nand2_1)
     1    0.004905    0.109218    0.174353    8.300987 v _540_/Y (sky130_fd_sc_hd__nand2_1)
                                                         _191_ (net)
                      0.109218    0.000106    8.301092 v _542_/A1 (sky130_fd_sc_hd__o311a_4)
     4    0.017545    0.121493    0.733392    9.034485 v _542_/X (sky130_fd_sc_hd__o311a_4)
                                                         _193_ (net)
                      0.121501    0.001067    9.035551 v _555_/A2 (sky130_fd_sc_hd__a211oi_1)
     1    0.003909    0.353475    0.447873    9.483424 ^ _555_/Y (sky130_fd_sc_hd__a211oi_1)
                                                         _205_ (net)
                      0.353475    0.000128    9.483552 ^ _557_/A (sky130_fd_sc_hd__nor2_1)
     1    0.002788    0.087049    0.181586    9.665138 v _557_/Y (sky130_fd_sc_hd__nor2_1)
                                                         net21 (net)
                      0.087049    0.000082    9.665220 v output21/A (sky130_fd_sc_hd__buf_4)
     1    0.034652    0.103830    0.313405    9.978625 v output21/X (sky130_fd_sc_hd__buf_4)
                                                         P[13] (net)
                      0.103835    0.000847    9.979473 v P[13] (out)
                                              9.979473   data arrival time

                      0.000000   10.000000   10.000000   clock __VIRTUAL_CLK__ (rise edge)
                                  0.000000   10.000000   clock network delay (ideal)
                                 -0.250000    9.750000   clock uncertainty
                                  0.000000    9.750000   clock reconvergence pessimism
                                 -2.000000    7.750000   output external delay
                                              7.750000   data required time
---------------------------------------------------------------------------------------------
                                              7.750000   data required time
                                             -9.979473   data arrival time
---------------------------------------------------------------------------------------------
                                             -2.229473   slack (VIOLATED)


Startpoint: B[0] (input port clocked by __VIRTUAL_CLK__)
Endpoint: P[11] (output port clocked by __VIRTUAL_CLK__)
Path Group: __VIRTUAL_CLK__
Path Type: max

Fanout         Cap        Slew       Delay        Time   Description
---------------------------------------------------------------------------------------------
                      0.000000    0.000000    0.000000   clock __VIRTUAL_CLK__ (rise edge)
                                  0.000000    0.000000   clock network delay (ideal)
                                  2.000000    2.000000 ^ input external delay
     1    0.002919    0.033040    0.016419    2.016419 ^ B[0] (in)
                                                         B[0] (net)
                      0.033040    0.000000    2.016419 ^ input9/A (sky130_fd_sc_hd__clkbuf_2)
     2    0.018407    0.166412    0.246069    2.262487 ^ input9/X (sky130_fd_sc_hd__clkbuf_2)
                                                         net9 (net)
                      0.166412    0.000585    2.263072 ^ fanout33/A (sky130_fd_sc_hd__buf_6)
     4    0.020903    0.085581    0.235554    2.498626 ^ fanout33/X (sky130_fd_sc_hd__buf_6)
                                                         net33 (net)
                      0.085582    0.000469    2.499094 ^ rebuffer12/A (sky130_fd_sc_hd__clkbuf_2)
     5    0.020454    0.182715    0.281102    2.780196 ^ rebuffer12/X (sky130_fd_sc_hd__clkbuf_2)
                                                         net58 (net)
                      0.182721    0.001275    2.781471 ^ rebuffer15/A (sky130_fd_sc_hd__dlygate4sd1_1)
     3    0.012391    0.197444    0.518970    3.300441 ^ rebuffer15/X (sky130_fd_sc_hd__dlygate4sd1_1)
                                                         net61 (net)
                      0.197444    0.000352    3.300793 ^ rebuffer16/A (sky130_fd_sc_hd__dlygate4sd1_1)
     1    0.003500    0.074041    0.431932    3.732726 ^ rebuffer16/X (sky130_fd_sc_hd__dlygate4sd1_1)
                                                         net62 (net)
                      0.074041    0.000109    3.732835 ^ _307_/A (sky130_fd_sc_hd__nand2_1)
     3    0.010740    0.201502    0.192071    3.924906 v _307_/Y (sky130_fd_sc_hd__nand2_1)
                                                         _241_ (net)
                      0.201502    0.000199    3.925105 v _324_/C (sky130_fd_sc_hd__and3_1)
     1    0.004817    0.088098    0.444970    4.370075 v _324_/X (sky130_fd_sc_hd__and3_1)
                                                         _257_ (net)
                      0.088098    0.000102    4.370177 v _326_/A (sky130_fd_sc_hd__xor2_1)
     2    0.006765    0.151181    0.331961    4.702138 v _326_/X (sky130_fd_sc_hd__xor2_1)
                                                         _259_ (net)
                      0.151181    0.000209    4.702347 v _328_/A (sky130_fd_sc_hd__nor2_1)
     4    0.011716    0.373289    0.383814    5.086162 ^ _328_/Y (sky130_fd_sc_hd__nor2_1)
                                                         _261_ (net)
                      0.373289    0.000365    5.086526 ^ _379_/A (sky130_fd_sc_hd__nand2_1)
     3    0.013121    0.246042    0.345752    5.432278 v _379_/Y (sky130_fd_sc_hd__nand2_1)
                                                         _035_ (net)
                      0.246042    0.000347    5.432625 v _447_/A1 (sky130_fd_sc_hd__o21ai_1)
     1    0.005824    0.248413    0.348246    5.780871 ^ _447_/Y (sky130_fd_sc_hd__o21ai_1)
                                                         _101_ (net)
                      0.248413    0.000199    5.781070 ^ _457_/A (sky130_fd_sc_hd__xnor2_1)
     2    0.011031    0.452879    0.353826    6.134897 ^ _457_/Y (sky130_fd_sc_hd__xnor2_1)
                                                         _111_ (net)
                      0.452879    0.000350    6.135247 ^ _460_/B (sky130_fd_sc_hd__xor2_1)
     2    0.006961    0.300789    0.454286    6.589533 ^ _460_/X (sky130_fd_sc_hd__xor2_1)
                                                         _114_ (net)
                      0.300789    0.000128    6.589662 ^ _464_/A (sky130_fd_sc_hd__xor2_1)
     2    0.008311    0.340358    0.435787    7.025449 ^ _464_/X (sky130_fd_sc_hd__xor2_1)
                                                         _118_ (net)
                      0.340358    0.000311    7.025761 ^ _465_/C (sky130_fd_sc_hd__and3_1)
     2    0.004982    0.116358    0.417845    7.443606 ^ _465_/X (sky130_fd_sc_hd__and3_1)
                                                         _119_ (net)
                      0.116358    0.000107    7.443713 ^ _467_/A_N (sky130_fd_sc_hd__and2b_1)
     2    0.014885    0.160616    0.473097    7.916810 v _467_/X (sky130_fd_sc_hd__and2b_1)
                                                         _121_ (net)
                      0.160616    0.000529    7.917339 v _495_/C1 (sky130_fd_sc_hd__o211a_1)
     2    0.011515    0.148010    0.313259    8.230597 v _495_/X (sky130_fd_sc_hd__o211a_1)
                                                         _148_ (net)
                      0.148011    0.000681    8.231279 v _498_/A (sky130_fd_sc_hd__or2_1)
     2    0.012206    0.181072    0.627126    8.858405 v _498_/X (sky130_fd_sc_hd__or2_1)
                                                         _151_ (net)
                      0.181072    0.000288    8.858693 v _523_/A2 (sky130_fd_sc_hd__a21bo_1)
     1    0.008762    0.109271    0.432991    9.291684 v _523_/X (sky130_fd_sc_hd__a21bo_1)
                                                         _175_ (net)
                      0.109271    0.000266    9.291949 v _524_/B (sky130_fd_sc_hd__xnor2_2)
     1    0.009778    0.271895    0.287926    9.579876 ^ _524_/Y (sky130_fd_sc_hd__xnor2_2)
                                                         net19 (net)
                      0.271895    0.000440    9.580316 ^ output19/A (sky130_fd_sc_hd__buf_6)
     1    0.033958    0.122837    0.308682    9.888997 ^ output19/X (sky130_fd_sc_hd__buf_6)
                                                         P[11] (net)
                      0.122838    0.000624    9.889622 ^ P[11] (out)
                                              9.889622   data arrival time

                      0.000000   10.000000   10.000000   clock __VIRTUAL_CLK__ (rise edge)
                                  0.000000   10.000000   clock network delay (ideal)
                                 -0.250000    9.750000   clock uncertainty
                                  0.000000    9.750000   clock reconvergence pessimism
                                 -2.000000    7.750000   output external delay
                                              7.750000   data required time
---------------------------------------------------------------------------------------------
                                              7.750000   data required time
                                             -9.889622   data arrival time
---------------------------------------------------------------------------------------------
                                             -2.139622   slack (VIOLATED)


Startpoint: B[5] (input port clocked by __VIRTUAL_CLK__)
Endpoint: P[12] (output port clocked by __VIRTUAL_CLK__)
Path Group: __VIRTUAL_CLK__
Path Type: max

Fanout         Cap        Slew       Delay        Time   Description
---------------------------------------------------------------------------------------------
                      0.000000    0.000000    0.000000   clock __VIRTUAL_CLK__ (rise edge)
                                  0.000000    0.000000   clock network delay (ideal)
                                  2.000000    2.000000 ^ input external delay
     1    0.002602    0.030945    0.014748    2.014748 ^ B[5] (in)
                                                         B[5] (net)
                      0.030945    0.000000    2.014748 ^ input14/A (sky130_fd_sc_hd__dlymetal6s2s_1)
     5    0.021421    0.348403    0.343505    2.358253 ^ input14/X (sky130_fd_sc_hd__dlymetal6s2s_1)
                                                         net14 (net)
                      0.348408    0.001111    2.359365 ^ fanout41/A (sky130_fd_sc_hd__buf_2)
    10    0.043614    0.342510    0.512474    2.871838 ^ fanout41/X (sky130_fd_sc_hd__buf_2)
                                                         net41 (net)
                      0.342523    0.002496    2.874335 ^ _382_/D (sky130_fd_sc_hd__and4_1)
     3    0.010082    0.199426    0.572548    3.446883 ^ _382_/X (sky130_fd_sc_hd__and4_1)
                                                         _038_ (net)
                      0.199426    0.000242    3.447126 ^ _438_/C (sky130_fd_sc_hd__nand4_1)
     4    0.011215    0.399488    0.438233    3.885358 v _438_/Y (sky130_fd_sc_hd__nand4_1)
                                                         _092_ (net)
                      0.399488    0.000177    3.885535 v _440_/B (sky130_fd_sc_hd__and3_1)
     2    0.005209    0.090879    0.520624    4.406158 v _440_/X (sky130_fd_sc_hd__and3_1)
                                                         _094_ (net)
                      0.090879    0.000128    4.406287 v _442_/A (sky130_fd_sc_hd__or2_1)
     3    0.013198    0.184367    0.613142    5.019430 v _442_/X (sky130_fd_sc_hd__or2_1)
                                                         _096_ (net)
                      0.184367    0.000465    5.019895 v _445_/A (sky130_fd_sc_hd__xnor2_1)
     2    0.010161    0.424159    0.474503    5.494397 ^ _445_/Y (sky130_fd_sc_hd__xnor2_1)
                                                         _099_ (net)
                      0.424159    0.000278    5.494675 ^ _479_/B (sky130_fd_sc_hd__nor2_1)
     2    0.006071    0.117787    0.218408    5.713083 v _479_/Y (sky130_fd_sc_hd__nor2_1)
                                                         _132_ (net)
                      0.117787    0.000138    5.713221 v _481_/D (sky130_fd_sc_hd__or4_1)
     2    0.007224    0.229117    1.056730    6.769951 v _481_/X (sky130_fd_sc_hd__or4_1)
                                                         _134_ (net)
                      0.229117    0.000259    6.770210 v _487_/D (sky130_fd_sc_hd__and4_1)
     2    0.007355    0.109581    0.521146    7.291357 v _487_/X (sky130_fd_sc_hd__and4_1)
                                                         _140_ (net)
                      0.109581    0.000218    7.291575 v _488_/A (sky130_fd_sc_hd__inv_2)
     2    0.006386    0.063221    0.102183    7.393758 ^ _488_/Y (sky130_fd_sc_hd__inv_2)
                                                         _141_ (net)
                      0.063221    0.000113    7.393871 ^ _490_/B (sky130_fd_sc_hd__and3_4)
     4    0.017017    0.140472    0.445097    7.838969 ^ _490_/X (sky130_fd_sc_hd__and3_4)
                                                         _143_ (net)
                      0.140472    0.000222    7.839191 ^ _493_/C1 (sky130_fd_sc_hd__a211o_1)
     3    0.013170    0.197864    0.287034    8.126225 ^ _493_/X (sky130_fd_sc_hd__a211o_1)
                                                         _146_ (net)
                      0.197864    0.000409    8.126634 ^ _540_/A (sky130_fd_sc_hd__nand2_1)
     1    0.004905    0.109218    0.174353    8.300987 v _540_/Y (sky130_fd_sc_hd__nand2_1)
                                                         _191_ (net)
                      0.109218    0.000106    8.301092 v _542_/A1 (sky130_fd_sc_hd__o311a_4)
     4    0.017545    0.121493    0.733392    9.034485 v _542_/X (sky130_fd_sc_hd__o311a_4)
                                                         _193_ (net)
                      0.121500    0.001013    9.035498 v _543_/B (sky130_fd_sc_hd__xnor2_1)
     1    0.005610    0.276118    0.303547    9.339045 ^ _543_/Y (sky130_fd_sc_hd__xnor2_1)
                                                         net20 (net)
                      0.276118    0.000225    9.339270 ^ output20/A (sky130_fd_sc_hd__buf_4)
     1    0.035061    0.169152    0.375479    9.714748 ^ output20/X (sky130_fd_sc_hd__buf_4)
                                                         P[12] (net)
                      0.169154    0.000926    9.715674 ^ P[12] (out)
                                              9.715674   data arrival time

                      0.000000   10.000000   10.000000   clock __VIRTUAL_CLK__ (rise edge)
                                  0.000000   10.000000   clock network delay (ideal)
                                 -0.250000    9.750000   clock uncertainty
                                  0.000000    9.750000   clock reconvergence pessimism
                                 -2.000000    7.750000   output external delay
                                              7.750000   data required time
---------------------------------------------------------------------------------------------
                                              7.750000   data required time
                                             -9.715674   data arrival time
---------------------------------------------------------------------------------------------
                                             -1.965675   slack (VIOLATED)


Startpoint: B[0] (input port clocked by __VIRTUAL_CLK__)
Endpoint: P[10] (output port clocked by __VIRTUAL_CLK__)
Path Group: __VIRTUAL_CLK__
Path Type: max

Fanout         Cap        Slew       Delay        Time   Description
---------------------------------------------------------------------------------------------
                      0.000000    0.000000    0.000000   clock __VIRTUAL_CLK__ (rise edge)
                                  0.000000    0.000000   clock network delay (ideal)
                                  2.000000    2.000000 ^ input external delay
     1    0.002919    0.033040    0.016419    2.016419 ^ B[0] (in)
                                                         B[0] (net)
                      0.033040    0.000000    2.016419 ^ input9/A (sky130_fd_sc_hd__clkbuf_2)
     2    0.018407    0.166412    0.246069    2.262487 ^ input9/X (sky130_fd_sc_hd__clkbuf_2)
                                                         net9 (net)
                      0.166412    0.000585    2.263072 ^ fanout33/A (sky130_fd_sc_hd__buf_6)
     4    0.020903    0.085581    0.235554    2.498626 ^ fanout33/X (sky130_fd_sc_hd__buf_6)
                                                         net33 (net)
                      0.085582    0.000469    2.499094 ^ rebuffer12/A (sky130_fd_sc_hd__clkbuf_2)
     5    0.020454    0.182715    0.281102    2.780196 ^ rebuffer12/X (sky130_fd_sc_hd__clkbuf_2)
                                                         net58 (net)
                      0.182721    0.001275    2.781471 ^ rebuffer15/A (sky130_fd_sc_hd__dlygate4sd1_1)
     3    0.012391    0.197444    0.518970    3.300441 ^ rebuffer15/X (sky130_fd_sc_hd__dlygate4sd1_1)
                                                         net61 (net)
                      0.197444    0.000352    3.300793 ^ rebuffer16/A (sky130_fd_sc_hd__dlygate4sd1_1)
     1    0.003500    0.074041    0.431932    3.732726 ^ rebuffer16/X (sky130_fd_sc_hd__dlygate4sd1_1)
                                                         net62 (net)
                      0.074041    0.000109    3.732835 ^ _307_/A (sky130_fd_sc_hd__nand2_1)
     3    0.010740    0.201502    0.192071    3.924906 v _307_/Y (sky130_fd_sc_hd__nand2_1)
                                                         _241_ (net)
                      0.201502    0.000199    3.925105 v _324_/C (sky130_fd_sc_hd__and3_1)
     1    0.004817    0.088098    0.444970    4.370075 v _324_/X (sky130_fd_sc_hd__and3_1)
                                                         _257_ (net)
                      0.088098    0.000102    4.370177 v _326_/A (sky130_fd_sc_hd__xor2_1)
     2    0.006765    0.151181    0.331961    4.702138 v _326_/X (sky130_fd_sc_hd__xor2_1)
                                                         _259_ (net)
                      0.151181    0.000209    4.702347 v _328_/A (sky130_fd_sc_hd__nor2_1)
     4    0.011716    0.373289    0.383814    5.086162 ^ _328_/Y (sky130_fd_sc_hd__nor2_1)
                                                         _261_ (net)
                      0.373289    0.000365    5.086526 ^ _379_/A (sky130_fd_sc_hd__nand2_1)
     3    0.013121    0.246042    0.345752    5.432278 v _379_/Y (sky130_fd_sc_hd__nand2_1)
                                                         _035_ (net)
                      0.246042    0.000347    5.432625 v _447_/A1 (sky130_fd_sc_hd__o21ai_1)
     1    0.005824    0.248413    0.348246    5.780871 ^ _447_/Y (sky130_fd_sc_hd__o21ai_1)
                                                         _101_ (net)
                      0.248413    0.000199    5.781070 ^ _457_/A (sky130_fd_sc_hd__xnor2_1)
     2    0.011031    0.452879    0.353826    6.134897 ^ _457_/Y (sky130_fd_sc_hd__xnor2_1)
                                                         _111_ (net)
                      0.452879    0.000350    6.135247 ^ _460_/B (sky130_fd_sc_hd__xor2_1)
     2    0.006961    0.300789    0.454286    6.589533 ^ _460_/X (sky130_fd_sc_hd__xor2_1)
                                                         _114_ (net)
                      0.300789    0.000128    6.589662 ^ _464_/A (sky130_fd_sc_hd__xor2_1)
     2    0.008311    0.340358    0.435787    7.025449 ^ _464_/X (sky130_fd_sc_hd__xor2_1)
                                                         _118_ (net)
                      0.340358    0.000311    7.025761 ^ _465_/C (sky130_fd_sc_hd__and3_1)
     2    0.004982    0.116358    0.417845    7.443606 ^ _465_/X (sky130_fd_sc_hd__and3_1)
                                                         _119_ (net)
                      0.116358    0.000107    7.443713 ^ _467_/A_N (sky130_fd_sc_hd__and2b_1)
     2    0.014885    0.160616    0.473097    7.916810 v _467_/X (sky130_fd_sc_hd__and2b_1)
                                                         _121_ (net)
                      0.160616    0.000529    7.917339 v _495_/C1 (sky130_fd_sc_hd__o211a_1)
     2    0.011515    0.148010    0.313259    8.230597 v _495_/X (sky130_fd_sc_hd__o211a_1)
                                                         _148_ (net)
                      0.148011    0.000681    8.231279 v _498_/A (sky130_fd_sc_hd__or2_1)
     2    0.012206    0.181072    0.627126    8.858405 v _498_/X (sky130_fd_sc_hd__or2_1)
                                                         _151_ (net)
                      0.181072    0.000353    8.858758 v _499_/B (sky130_fd_sc_hd__xnor2_2)
     1    0.010090    0.277226    0.321362    9.180120 ^ _499_/Y (sky130_fd_sc_hd__xnor2_2)
                                                         net18 (net)
                      0.277226    0.000568    9.180688 ^ output18/A (sky130_fd_sc_hd__buf_6)
     1    0.034051    0.123176    0.310718    9.491405 ^ output18/X (sky130_fd_sc_hd__buf_6)
                                                         P[10] (net)
                      0.123177    0.000655    9.492061 ^ P[10] (out)
                                              9.492061   data arrival time

                      0.000000   10.000000   10.000000   clock __VIRTUAL_CLK__ (rise edge)
                                  0.000000   10.000000   clock network delay (ideal)
                                 -0.250000    9.750000   clock uncertainty
                                  0.000000    9.750000   clock reconvergence pessimism
                                 -2.000000    7.750000   output external delay
                                              7.750000   data required time
---------------------------------------------------------------------------------------------
                                              7.750000   data required time
                                             -9.492061   data arrival time
---------------------------------------------------------------------------------------------
                                             -1.742061   slack (VIOLATED)


Startpoint: B[2] (input port clocked by __VIRTUAL_CLK__)
Endpoint: P[8] (output port clocked by __VIRTUAL_CLK__)
Path Group: __VIRTUAL_CLK__
Path Type: max

Fanout         Cap        Slew       Delay        Time   Description
---------------------------------------------------------------------------------------------
                      0.000000    0.000000    0.000000   clock __VIRTUAL_CLK__ (rise edge)
                                  0.000000    0.000000   clock network delay (ideal)
                                  2.000000    2.000000 v input external delay
     1    0.002738    0.018221    0.009040    2.009040 v B[2] (in)
                                                         B[2] (net)
                      0.018221    0.000000    2.009040 v input11/A (sky130_fd_sc_hd__clkbuf_2)
     2    0.019293    0.143053    0.240220    2.249259 v input11/X (sky130_fd_sc_hd__clkbuf_2)
                                                         net11 (net)
                      0.143053    0.000334    2.249593 v fanout43/A (sky130_fd_sc_hd__buf_6)
     5    0.015018    0.050159    0.252360    2.501953 v fanout43/X (sky130_fd_sc_hd__buf_6)
                                                         net43 (net)
                      0.050159    0.000508    2.502461 v rebuffer24/A (sky130_fd_sc_hd__dlygate4sd1_1)
     5    0.023591    0.230790    0.617221    3.119682 v rebuffer24/X (sky130_fd_sc_hd__dlygate4sd1_1)
                                                         net70 (net)
                      0.230790    0.000342    3.120025 v _298_/A2 (sky130_fd_sc_hd__o2111ai_1)
     1    0.005931    0.343116    0.415065    3.535090 ^ _298_/Y (sky130_fd_sc_hd__o2111ai_1)
                                                         _233_ (net)
                      0.343116    0.000190    3.535280 ^ _301_/B1 (sky130_fd_sc_hd__o31ai_2)
     2    0.005832    0.133108    0.238994    3.774274 v _301_/Y (sky130_fd_sc_hd__o31ai_2)
                                                         _236_ (net)
                      0.133108    0.000154    3.774428 v _302_/C (sky130_fd_sc_hd__and3_1)
     3    0.008815    0.119768    0.444785    4.219213 v _302_/X (sky130_fd_sc_hd__and3_1)
                                                         _237_ (net)
                      0.119768    0.000320    4.219533 v _304_/A (sky130_fd_sc_hd__or3_4)
     4    0.014274    0.145375    0.818961    5.038494 v _304_/X (sky130_fd_sc_hd__or3_4)
                                                         _239_ (net)
                      0.145375    0.000312    5.038806 v _341_/A2 (sky130_fd_sc_hd__o221a_4)
     2    0.018089    0.117587    0.544141    5.582948 v _341_/X (sky130_fd_sc_hd__o221a_4)
                                                         _274_ (net)
                      0.117587    0.000447    5.583395 v _344_/B (sky130_fd_sc_hd__xor2_4)
     2    0.016233    0.261230    0.305132    5.888526 ^ _344_/X (sky130_fd_sc_hd__xor2_4)
                                                         _001_ (net)
                      0.261230    0.000596    5.889122 ^ _353_/B (sky130_fd_sc_hd__xor2_2)
     2    0.012106    0.292210    0.391135    6.280257 ^ _353_/X (sky130_fd_sc_hd__xor2_2)
                                                         _010_ (net)
                      0.292210    0.000225    6.280482 ^ _354_/A (sky130_fd_sc_hd__xnor2_2)
     2    0.012012    0.310798    0.326263    6.606745 ^ _354_/Y (sky130_fd_sc_hd__xnor2_2)
                                                         _011_ (net)
                      0.310798    0.000341    6.607085 ^ _365_/B (sky130_fd_sc_hd__xnor2_2)
     2    0.004020    0.174509    0.276127    6.883212 ^ _365_/Y (sky130_fd_sc_hd__xnor2_2)
                                                         _022_ (net)
                      0.174509    0.000079    6.883291 ^ _368_/A_N (sky130_fd_sc_hd__and2b_1)
     2    0.006004    0.091676    0.428886    7.312177 v _368_/X (sky130_fd_sc_hd__and2b_1)
                                                         _025_ (net)
                      0.091676    0.000160    7.312337 v _400_/A2 (sky130_fd_sc_hd__o21a_1)
     4    0.011645    0.143485    0.394338    7.706675 v _400_/X (sky130_fd_sc_hd__o21a_1)
                                                         _056_ (net)
                      0.143485    0.000295    7.706970 v _434_/B (sky130_fd_sc_hd__or3_1)
     1    0.003068    0.137688    0.819871    8.526841 v _434_/X (sky130_fd_sc_hd__or3_1)
                                                         _089_ (net)
                      0.137688    0.000087    8.526928 v _435_/B (sky130_fd_sc_hd__and2_4)
     1    0.010930    0.064161    0.330092    8.857020 v _435_/X (sky130_fd_sc_hd__and2_4)
                                                         net31 (net)
                      0.064161    0.000655    8.857676 v output31/A (sky130_fd_sc_hd__buf_6)
     1    0.034105    0.075723    0.244064    9.101740 v output31/X (sky130_fd_sc_hd__buf_6)
                                                         P[8] (net)
                      0.075729    0.000676    9.102416 v P[8] (out)
                                              9.102416   data arrival time

                      0.000000   10.000000   10.000000   clock __VIRTUAL_CLK__ (rise edge)
                                  0.000000   10.000000   clock network delay (ideal)
                                 -0.250000    9.750000   clock uncertainty
                                  0.000000    9.750000   clock reconvergence pessimism
                                 -2.000000    7.750000   output external delay
                                              7.750000   data required time
---------------------------------------------------------------------------------------------
                                              7.750000   data required time
                                             -9.102416   data arrival time
---------------------------------------------------------------------------------------------
                                             -1.352416   slack (VIOLATED)


Startpoint: B[2] (input port clocked by __VIRTUAL_CLK__)
Endpoint: P[9] (output port clocked by __VIRTUAL_CLK__)
Path Group: __VIRTUAL_CLK__
Path Type: max

Fanout         Cap        Slew       Delay        Time   Description
---------------------------------------------------------------------------------------------
                      0.000000    0.000000    0.000000   clock __VIRTUAL_CLK__ (rise edge)
                                  0.000000    0.000000   clock network delay (ideal)
                                  2.000000    2.000000 v input external delay
     1    0.002738    0.018221    0.009040    2.009040 v B[2] (in)
                                                         B[2] (net)
                      0.018221    0.000000    2.009040 v input11/A (sky130_fd_sc_hd__clkbuf_2)
     2    0.019293    0.143053    0.240220    2.249259 v input11/X (sky130_fd_sc_hd__clkbuf_2)
                                                         net11 (net)
                      0.143053    0.000334    2.249593 v fanout43/A (sky130_fd_sc_hd__buf_6)
     5    0.015018    0.050159    0.252360    2.501953 v fanout43/X (sky130_fd_sc_hd__buf_6)
                                                         net43 (net)
                      0.050159    0.000508    2.502461 v rebuffer24/A (sky130_fd_sc_hd__dlygate4sd1_1)
     5    0.023591    0.230790    0.617221    3.119682 v rebuffer24/X (sky130_fd_sc_hd__dlygate4sd1_1)
                                                         net70 (net)
                      0.230790    0.000342    3.120025 v _298_/A2 (sky130_fd_sc_hd__o2111ai_1)
     1    0.005931    0.343116    0.415065    3.535090 ^ _298_/Y (sky130_fd_sc_hd__o2111ai_1)
                                                         _233_ (net)
                      0.343116    0.000190    3.535280 ^ _301_/B1 (sky130_fd_sc_hd__o31ai_2)
     2    0.005832    0.133108    0.238994    3.774274 v _301_/Y (sky130_fd_sc_hd__o31ai_2)
                                                         _236_ (net)
                      0.133108    0.000154    3.774428 v _302_/C (sky130_fd_sc_hd__and3_1)
     3    0.008815    0.119768    0.444785    4.219213 v _302_/X (sky130_fd_sc_hd__and3_1)
                                                         _237_ (net)
                      0.119768    0.000323    4.219536 v rebuffer1/A (sky130_fd_sc_hd__dlygate4sd1_1)
     3    0.008230    0.105100    0.542695    4.762231 v rebuffer1/X (sky130_fd_sc_hd__dlygate4sd1_1)
                                                         net47 (net)
                      0.105100    0.000212    4.762443 v rebuffer2/A (sky130_fd_sc_hd__dlygate4sd1_1)
     1    0.001614    0.051839    0.475779    5.238222 v rebuffer2/X (sky130_fd_sc_hd__dlygate4sd1_1)
                                                         net48 (net)
                      0.051839    0.000032    5.238253 v _315_/A (sky130_fd_sc_hd__and3_1)
     1    0.002864    0.070984    0.281805    5.520058 v _315_/X (sky130_fd_sc_hd__and3_1)
                                                         _249_ (net)
                      0.070984    0.000085    5.520143 v _318_/A (sky130_fd_sc_hd__nor2_1)
     1    0.005523    0.203321    0.223358    5.743501 ^ _318_/Y (sky130_fd_sc_hd__nor2_1)
                                                         _252_ (net)
                      0.203321    0.000171    5.743673 ^ _319_/B (sky130_fd_sc_hd__xnor2_1)
     2    0.009776    0.411692    0.323016    6.066689 ^ _319_/Y (sky130_fd_sc_hd__xnor2_1)
                                                         _253_ (net)
                      0.411692    0.000354    6.067043 ^ _321_/B (sky130_fd_sc_hd__xnor2_1)
     2    0.010768    0.445480    0.402808    6.469851 ^ _321_/Y (sky130_fd_sc_hd__xnor2_1)
                                                         _255_ (net)
                      0.445480    0.000304    6.470156 ^ _322_/B (sky130_fd_sc_hd__nand2b_1)
     2    0.006944    0.165910    0.285579    6.755735 v _322_/Y (sky130_fd_sc_hd__nand2b_1)
                                                         _256_ (net)
                      0.165910    0.000176    6.755911 v _367_/A2 (sky130_fd_sc_hd__a21oi_2)
     3    0.018111    0.386113    0.444823    7.200734 ^ _367_/Y (sky130_fd_sc_hd__a21oi_2)
                                                         _024_ (net)
                      0.386231    0.000885    7.201619 ^ _368_/B (sky130_fd_sc_hd__and2b_1)
     2    0.006512    0.119999    0.371441    7.573060 ^ _368_/X (sky130_fd_sc_hd__and2b_1)
                                                         _025_ (net)
                      0.119999    0.000175    7.573235 ^ _400_/A2 (sky130_fd_sc_hd__o21a_1)
     4    0.012401    0.205851    0.326707    7.899941 ^ _400_/X (sky130_fd_sc_hd__o21a_1)
                                                         _056_ (net)
                      0.205851    0.000331    7.900273 ^ _433_/A2 (sky130_fd_sc_hd__o21ai_1)
     2    0.008168    0.173241    0.226176    8.126449 v _433_/Y (sky130_fd_sc_hd__o21ai_1)
                                                         _088_ (net)
                      0.173241    0.000211    8.126660 v _468_/B (sky130_fd_sc_hd__nand2_2)
     1    0.009101    0.108789    0.177463    8.304124 ^ _468_/Y (sky130_fd_sc_hd__nand2_2)
                                                         _122_ (net)
                      0.108789    0.000203    8.304327 ^ _469_/B (sky130_fd_sc_hd__xor2_2)
     1    0.010932    0.271656    0.324205    8.628531 ^ _469_/X (sky130_fd_sc_hd__xor2_2)
                                                         net32 (net)
                      0.271656    0.000621    8.629152 ^ output32/A (sky130_fd_sc_hd__buf_6)
     1    0.033987    0.122920    0.308657    8.937810 ^ output32/X (sky130_fd_sc_hd__buf_6)
                                                         P[9] (net)
                      0.122921    0.000633    8.938443 ^ P[9] (out)
                                              8.938443   data arrival time

                      0.000000   10.000000   10.000000   clock __VIRTUAL_CLK__ (rise edge)
                                  0.000000   10.000000   clock network delay (ideal)
                                 -0.250000    9.750000   clock uncertainty
                                  0.000000    9.750000   clock reconvergence pessimism
                                 -2.000000    7.750000   output external delay
                                              7.750000   data required time
---------------------------------------------------------------------------------------------
                                              7.750000   data required time
                                             -8.938443   data arrival time
---------------------------------------------------------------------------------------------
                                             -1.188443   slack (VIOLATED)


Startpoint: B[2] (input port clocked by __VIRTUAL_CLK__)
Endpoint: P[7] (output port clocked by __VIRTUAL_CLK__)
Path Group: __VIRTUAL_CLK__
Path Type: max

Fanout         Cap        Slew       Delay        Time   Description
---------------------------------------------------------------------------------------------
                      0.000000    0.000000    0.000000   clock __VIRTUAL_CLK__ (rise edge)
                                  0.000000    0.000000   clock network delay (ideal)
                                  2.000000    2.000000 v input external delay
     1    0.002738    0.018221    0.009040    2.009040 v B[2] (in)
                                                         B[2] (net)
                      0.018221    0.000000    2.009040 v input11/A (sky130_fd_sc_hd__clkbuf_2)
     2    0.019293    0.143053    0.240220    2.249259 v input11/X (sky130_fd_sc_hd__clkbuf_2)
                                                         net11 (net)
                      0.143053    0.000334    2.249593 v fanout43/A (sky130_fd_sc_hd__buf_6)
     5    0.015018    0.050159    0.252360    2.501953 v fanout43/X (sky130_fd_sc_hd__buf_6)
                                                         net43 (net)
                      0.050159    0.000508    2.502461 v rebuffer24/A (sky130_fd_sc_hd__dlygate4sd1_1)
     5    0.023591    0.230790    0.617221    3.119682 v rebuffer24/X (sky130_fd_sc_hd__dlygate4sd1_1)
                                                         net70 (net)
                      0.230790    0.000342    3.120025 v _298_/A2 (sky130_fd_sc_hd__o2111ai_1)
     1    0.005931    0.343116    0.415065    3.535090 ^ _298_/Y (sky130_fd_sc_hd__o2111ai_1)
                                                         _233_ (net)
                      0.343116    0.000190    3.535280 ^ _301_/B1 (sky130_fd_sc_hd__o31ai_2)
     2    0.005832    0.133108    0.238994    3.774274 v _301_/Y (sky130_fd_sc_hd__o31ai_2)
                                                         _236_ (net)
                      0.133108    0.000154    3.774428 v _302_/C (sky130_fd_sc_hd__and3_1)
     3    0.008815    0.119768    0.444785    4.219213 v _302_/X (sky130_fd_sc_hd__and3_1)
                                                         _237_ (net)
                      0.119768    0.000320    4.219533 v _304_/A (sky130_fd_sc_hd__or3_4)
     4    0.014274    0.145375    0.818961    5.038494 v _304_/X (sky130_fd_sc_hd__or3_4)
                                                         _239_ (net)
                      0.145375    0.000312    5.038806 v _341_/A2 (sky130_fd_sc_hd__o221a_4)
     2    0.018089    0.117587    0.544141    5.582948 v _341_/X (sky130_fd_sc_hd__o221a_4)
                                                         _274_ (net)
                      0.117587    0.000447    5.583395 v _344_/B (sky130_fd_sc_hd__xor2_4)
     2    0.016233    0.261230    0.305132    5.888526 ^ _344_/X (sky130_fd_sc_hd__xor2_4)
                                                         _001_ (net)
                      0.261230    0.000596    5.889122 ^ _353_/B (sky130_fd_sc_hd__xor2_2)
     2    0.012106    0.292210    0.391135    6.280257 ^ _353_/X (sky130_fd_sc_hd__xor2_2)
                                                         _010_ (net)
                      0.292210    0.000225    6.280482 ^ _354_/A (sky130_fd_sc_hd__xnor2_2)
     2    0.012012    0.310798    0.326263    6.606745 ^ _354_/Y (sky130_fd_sc_hd__xnor2_2)
                                                         _011_ (net)
                      0.310798    0.000341    6.607085 ^ _365_/B (sky130_fd_sc_hd__xnor2_2)
     2    0.004020    0.174509    0.276127    6.883212 ^ _365_/Y (sky130_fd_sc_hd__xnor2_2)
                                                         _022_ (net)
                      0.174509    0.000079    6.883291 ^ _368_/A_N (sky130_fd_sc_hd__and2b_1)
     2    0.006004    0.091676    0.428886    7.312177 v _368_/X (sky130_fd_sc_hd__and2b_1)
                                                         _025_ (net)
                      0.091676    0.000160    7.312337 v _400_/A2 (sky130_fd_sc_hd__o21a_1)
     4    0.011645    0.143485    0.394338    7.706675 v _400_/X (sky130_fd_sc_hd__o21a_1)
                                                         _056_ (net)
                      0.143485    0.000242    7.706917 v _402_/A (sky130_fd_sc_hd__nor2_1)
     1    0.008660    0.289368    0.317775    8.024693 ^ _402_/Y (sky130_fd_sc_hd__nor2_1)
                                                         net30 (net)
                      0.289369    0.000438    8.025130 ^ output30/A (sky130_fd_sc_hd__buf_4)
     1    0.034421    0.166642    0.378956    8.404086 ^ output30/X (sky130_fd_sc_hd__buf_4)
                                                         P[7] (net)
                      0.166643    0.000772    8.404858 ^ P[7] (out)
                                              8.404858   data arrival time

                      0.000000   10.000000   10.000000   clock __VIRTUAL_CLK__ (rise edge)
                                  0.000000   10.000000   clock network delay (ideal)
                                 -0.250000    9.750000   clock uncertainty
                                  0.000000    9.750000   clock reconvergence pessimism
                                 -2.000000    7.750000   output external delay
                                              7.750000   data required time
---------------------------------------------------------------------------------------------
                                              7.750000   data required time
                                             -8.404858   data arrival time
---------------------------------------------------------------------------------------------
                                             -0.654858   slack (VIOLATED)


Startpoint: B[2] (input port clocked by __VIRTUAL_CLK__)
Endpoint: P[6] (output port clocked by __VIRTUAL_CLK__)
Path Group: __VIRTUAL_CLK__
Path Type: max

Fanout         Cap        Slew       Delay        Time   Description
---------------------------------------------------------------------------------------------
                      0.000000    0.000000    0.000000   clock __VIRTUAL_CLK__ (rise edge)
                                  0.000000    0.000000   clock network delay (ideal)
                                  2.000000    2.000000 v input external delay
     1    0.002738    0.018221    0.009040    2.009040 v B[2] (in)
                                                         B[2] (net)
                      0.018221    0.000000    2.009040 v input11/A (sky130_fd_sc_hd__clkbuf_2)
     2    0.019293    0.143053    0.240220    2.249259 v input11/X (sky130_fd_sc_hd__clkbuf_2)
                                                         net11 (net)
                      0.143053    0.000334    2.249593 v fanout43/A (sky130_fd_sc_hd__buf_6)
     5    0.015018    0.050159    0.252360    2.501953 v fanout43/X (sky130_fd_sc_hd__buf_6)
                                                         net43 (net)
                      0.050159    0.000508    2.502461 v rebuffer24/A (sky130_fd_sc_hd__dlygate4sd1_1)
     5    0.023591    0.230790    0.617221    3.119682 v rebuffer24/X (sky130_fd_sc_hd__dlygate4sd1_1)
                                                         net70 (net)
                      0.230790    0.000342    3.120025 v _298_/A2 (sky130_fd_sc_hd__o2111ai_1)
     1    0.005931    0.343116    0.415065    3.535090 ^ _298_/Y (sky130_fd_sc_hd__o2111ai_1)
                                                         _233_ (net)
                      0.343116    0.000190    3.535280 ^ _301_/B1 (sky130_fd_sc_hd__o31ai_2)
     2    0.005832    0.133108    0.238994    3.774274 v _301_/Y (sky130_fd_sc_hd__o31ai_2)
                                                         _236_ (net)
                      0.133108    0.000154    3.774428 v _302_/C (sky130_fd_sc_hd__and3_1)
     3    0.008815    0.119768    0.444785    4.219213 v _302_/X (sky130_fd_sc_hd__and3_1)
                                                         _237_ (net)
                      0.119768    0.000320    4.219533 v _304_/A (sky130_fd_sc_hd__or3_4)
     4    0.014274    0.145375    0.818961    5.038494 v _304_/X (sky130_fd_sc_hd__or3_4)
                                                         _239_ (net)
                      0.145375    0.000312    5.038806 v _341_/A2 (sky130_fd_sc_hd__o221a_4)
     2    0.018089    0.117587    0.544141    5.582948 v _341_/X (sky130_fd_sc_hd__o221a_4)
                                                         _274_ (net)
                      0.117587    0.000447    5.583395 v _344_/B (sky130_fd_sc_hd__xor2_4)
     2    0.016233    0.261230    0.305132    5.888526 ^ _344_/X (sky130_fd_sc_hd__xor2_4)
                                                         _001_ (net)
                      0.261230    0.000596    5.889122 ^ _353_/B (sky130_fd_sc_hd__xor2_2)
     2    0.012106    0.292210    0.391135    6.280257 ^ _353_/X (sky130_fd_sc_hd__xor2_2)
                                                         _010_ (net)
                      0.292210    0.000225    6.280482 ^ _354_/A (sky130_fd_sc_hd__xnor2_2)
     2    0.011583    0.155884    0.264055    6.544537 v _354_/Y (sky130_fd_sc_hd__xnor2_2)
                                                         _011_ (net)
                      0.155884    0.000329    6.544866 v _365_/B (sky130_fd_sc_hd__xnor2_2)
     2    0.003819    0.106831    0.266145    6.811011 v _365_/Y (sky130_fd_sc_hd__xnor2_2)
                                                         _022_ (net)
                      0.106831    0.000064    6.811075 v rebuffer18/A (sky130_fd_sc_hd__dlygate4sd1_1)
     1    0.009522    0.115953    0.546469    7.357543 v rebuffer18/X (sky130_fd_sc_hd__dlygate4sd1_1)
                                                         net64 (net)
                      0.115953    0.000338    7.357882 v _369_/B (sky130_fd_sc_hd__xnor2_2)
     1    0.010456    0.283614    0.299901    7.657782 ^ _369_/Y (sky130_fd_sc_hd__xnor2_2)
                                                         net29 (net)
                      0.283614    0.000576    7.658359 ^ output29/A (sky130_fd_sc_hd__buf_6)
     1    0.034527    0.124658    0.313884    7.972243 ^ output29/X (sky130_fd_sc_hd__buf_6)
                                                         P[6] (net)
                      0.124661    0.000801    7.973044 ^ P[6] (out)
                                              7.973044   data arrival time

                      0.000000   10.000000   10.000000   clock __VIRTUAL_CLK__ (rise edge)
                                  0.000000   10.000000   clock network delay (ideal)
                                 -0.250000    9.750000   clock uncertainty
                                  0.000000    9.750000   clock reconvergence pessimism
                                 -2.000000    7.750000   output external delay
                                              7.750000   data required time
---------------------------------------------------------------------------------------------
                                              7.750000   data required time
                                             -7.973044   data arrival time
---------------------------------------------------------------------------------------------
                                             -0.223044   slack (VIOLATED)


Startpoint: B[2] (input port clocked by __VIRTUAL_CLK__)
Endpoint: P[5] (output port clocked by __VIRTUAL_CLK__)
Path Group: __VIRTUAL_CLK__
Path Type: max

Fanout         Cap        Slew       Delay        Time   Description
---------------------------------------------------------------------------------------------
                      0.000000    0.000000    0.000000   clock __VIRTUAL_CLK__ (rise edge)
                                  0.000000    0.000000   clock network delay (ideal)
                                  2.000000    2.000000 v input external delay
     1    0.002738    0.018221    0.009040    2.009040 v B[2] (in)
                                                         B[2] (net)
                      0.018221    0.000000    2.009040 v input11/A (sky130_fd_sc_hd__clkbuf_2)
     2    0.019293    0.143053    0.240220    2.249259 v input11/X (sky130_fd_sc_hd__clkbuf_2)
                                                         net11 (net)
                      0.143053    0.000334    2.249593 v fanout43/A (sky130_fd_sc_hd__buf_6)
     5    0.015018    0.050159    0.252360    2.501953 v fanout43/X (sky130_fd_sc_hd__buf_6)
                                                         net43 (net)
                      0.050159    0.000508    2.502461 v rebuffer24/A (sky130_fd_sc_hd__dlygate4sd1_1)
     5    0.023591    0.230790    0.617221    3.119682 v rebuffer24/X (sky130_fd_sc_hd__dlygate4sd1_1)
                                                         net70 (net)
                      0.230790    0.000342    3.120025 v _298_/A2 (sky130_fd_sc_hd__o2111ai_1)
     1    0.005931    0.343116    0.415065    3.535090 ^ _298_/Y (sky130_fd_sc_hd__o2111ai_1)
                                                         _233_ (net)
                      0.343116    0.000190    3.535280 ^ _301_/B1 (sky130_fd_sc_hd__o31ai_2)
     2    0.005832    0.133108    0.238994    3.774274 v _301_/Y (sky130_fd_sc_hd__o31ai_2)
                                                         _236_ (net)
                      0.133108    0.000154    3.774428 v _302_/C (sky130_fd_sc_hd__and3_1)
     3    0.008815    0.119768    0.444785    4.219213 v _302_/X (sky130_fd_sc_hd__and3_1)
                                                         _237_ (net)
                      0.119768    0.000323    4.219536 v rebuffer1/A (sky130_fd_sc_hd__dlygate4sd1_1)
     3    0.008230    0.105100    0.542695    4.762231 v rebuffer1/X (sky130_fd_sc_hd__dlygate4sd1_1)
                                                         net47 (net)
                      0.105100    0.000212    4.762443 v rebuffer2/A (sky130_fd_sc_hd__dlygate4sd1_1)
     1    0.001614    0.051839    0.475779    5.238222 v rebuffer2/X (sky130_fd_sc_hd__dlygate4sd1_1)
                                                         net48 (net)
                      0.051839    0.000032    5.238253 v _315_/A (sky130_fd_sc_hd__and3_1)
     1    0.002864    0.070984    0.281805    5.520058 v _315_/X (sky130_fd_sc_hd__and3_1)
                                                         _249_ (net)
                      0.070984    0.000085    5.520143 v _318_/A (sky130_fd_sc_hd__nor2_1)
     1    0.005523    0.203321    0.223358    5.743501 ^ _318_/Y (sky130_fd_sc_hd__nor2_1)
                                                         _252_ (net)
                      0.203321    0.000171    5.743673 ^ _319_/B (sky130_fd_sc_hd__xnor2_1)
     2    0.009776    0.411692    0.323016    6.066689 ^ _319_/Y (sky130_fd_sc_hd__xnor2_1)
                                                         _253_ (net)
                      0.411692    0.000354    6.067043 ^ _321_/B (sky130_fd_sc_hd__xnor2_1)
     2    0.010768    0.445480    0.402808    6.469851 ^ _321_/Y (sky130_fd_sc_hd__xnor2_1)
                                                         _255_ (net)
                      0.445480    0.000304    6.470156 ^ _322_/B (sky130_fd_sc_hd__nand2b_1)
     2    0.006944    0.165910    0.285579    6.755735 v _322_/Y (sky130_fd_sc_hd__nand2b_1)
                                                         _256_ (net)
                      0.165910    0.000176    6.755911 v _367_/A2 (sky130_fd_sc_hd__a21oi_2)
     3    0.018111    0.386113    0.444823    7.200734 ^ _367_/Y (sky130_fd_sc_hd__a21oi_2)
                                                         _024_ (net)
                      0.386229    0.000456    7.201190 ^ _567_/A (sky130_fd_sc_hd__nor2_1)
     1    0.006898    0.119382    0.232419    7.433608 v _567_/Y (sky130_fd_sc_hd__nor2_1)
                                                         net28 (net)
                      0.119382    0.000310    7.433918 v output28/A (sky130_fd_sc_hd__buf_2)
     1    0.034393    0.166438    0.368502    7.802420 v output28/X (sky130_fd_sc_hd__buf_2)
                                                         P[5] (net)
                      0.166439    0.000748    7.803168 v P[5] (out)
                                              7.803168   data arrival time

                      0.000000   10.000000   10.000000   clock __VIRTUAL_CLK__ (rise edge)
                                  0.000000   10.000000   clock network delay (ideal)
                                 -0.250000    9.750000   clock uncertainty
                                  0.000000    9.750000   clock reconvergence pessimism
                                 -2.000000    7.750000   output external delay
                                              7.750000   data required time
---------------------------------------------------------------------------------------------
                                              7.750000   data required time
                                             -7.803168   data arrival time
---------------------------------------------------------------------------------------------
                                             -0.053168   slack (VIOLATED)


Startpoint: B[2] (input port clocked by __VIRTUAL_CLK__)
Endpoint: P[4] (output port clocked by __VIRTUAL_CLK__)
Path Group: __VIRTUAL_CLK__
Path Type: max

Fanout         Cap        Slew       Delay        Time   Description
---------------------------------------------------------------------------------------------
                      0.000000    0.000000    0.000000   clock __VIRTUAL_CLK__ (rise edge)
                                  0.000000    0.000000   clock network delay (ideal)
                                  2.000000    2.000000 v input external delay
     1    0.002738    0.018221    0.009040    2.009040 v B[2] (in)
                                                         B[2] (net)
                      0.018221    0.000000    2.009040 v input11/A (sky130_fd_sc_hd__clkbuf_2)
     2    0.019293    0.143053    0.240220    2.249259 v input11/X (sky130_fd_sc_hd__clkbuf_2)
                                                         net11 (net)
                      0.143053    0.000334    2.249593 v fanout43/A (sky130_fd_sc_hd__buf_6)
     5    0.015018    0.050159    0.252360    2.501953 v fanout43/X (sky130_fd_sc_hd__buf_6)
                                                         net43 (net)
                      0.050159    0.000508    2.502461 v rebuffer24/A (sky130_fd_sc_hd__dlygate4sd1_1)
     5    0.023591    0.230790    0.617221    3.119682 v rebuffer24/X (sky130_fd_sc_hd__dlygate4sd1_1)
                                                         net70 (net)
                      0.230790    0.000342    3.120025 v _298_/A2 (sky130_fd_sc_hd__o2111ai_1)
     1    0.005931    0.343116    0.415065    3.535090 ^ _298_/Y (sky130_fd_sc_hd__o2111ai_1)
                                                         _233_ (net)
                      0.343116    0.000190    3.535280 ^ _301_/B1 (sky130_fd_sc_hd__o31ai_2)
     2    0.005832    0.133108    0.238994    3.774274 v _301_/Y (sky130_fd_sc_hd__o31ai_2)
                                                         _236_ (net)
                      0.133108    0.000154    3.774428 v _302_/C (sky130_fd_sc_hd__and3_1)
     3    0.008815    0.119768    0.444785    4.219213 v _302_/X (sky130_fd_sc_hd__and3_1)
                                                         _237_ (net)
                      0.119768    0.000323    4.219536 v rebuffer1/A (sky130_fd_sc_hd__dlygate4sd1_1)
     3    0.008230    0.105100    0.542695    4.762231 v rebuffer1/X (sky130_fd_sc_hd__dlygate4sd1_1)
                                                         net47 (net)
                      0.105100    0.000212    4.762443 v rebuffer2/A (sky130_fd_sc_hd__dlygate4sd1_1)
     1    0.001614    0.051839    0.475779    5.238222 v rebuffer2/X (sky130_fd_sc_hd__dlygate4sd1_1)
                                                         net48 (net)
                      0.051839    0.000032    5.238253 v _315_/A (sky130_fd_sc_hd__and3_1)
     1    0.002864    0.070984    0.281805    5.520058 v _315_/X (sky130_fd_sc_hd__and3_1)
                                                         _249_ (net)
                      0.070984    0.000085    5.520143 v _318_/A (sky130_fd_sc_hd__nor2_1)
     1    0.005523    0.203321    0.223358    5.743501 ^ _318_/Y (sky130_fd_sc_hd__nor2_1)
                                                         _252_ (net)
                      0.203321    0.000171    5.743673 ^ _319_/B (sky130_fd_sc_hd__xnor2_1)
     2    0.009776    0.411692    0.323016    6.066689 ^ _319_/Y (sky130_fd_sc_hd__xnor2_1)
                                                         _253_ (net)
                      0.411692    0.000354    6.067043 ^ _321_/B (sky130_fd_sc_hd__xnor2_1)
     2    0.010768    0.445480    0.402808    6.469851 ^ _321_/Y (sky130_fd_sc_hd__xnor2_1)
                                                         _255_ (net)
                      0.445480    0.000395    6.470246 ^ _323_/B (sky130_fd_sc_hd__xnor2_1)
     1    0.007079    0.323514    0.373746    6.843992 ^ _323_/Y (sky130_fd_sc_hd__xnor2_1)
                                                         net27 (net)
                      0.323514    0.000330    6.844322 ^ output27/A (sky130_fd_sc_hd__buf_2)
     1    0.034393    0.273838    0.454842    7.299165 ^ output27/X (sky130_fd_sc_hd__buf_2)
                                                         P[4] (net)
                      0.273838    0.000748    7.299912 ^ P[4] (out)
                                              7.299912   data arrival time

                      0.000000   10.000000   10.000000   clock __VIRTUAL_CLK__ (rise edge)
                                  0.000000   10.000000   clock network delay (ideal)
                                 -0.250000    9.750000   clock uncertainty
                                  0.000000    9.750000   clock reconvergence pessimism
                                 -2.000000    7.750000   output external delay
                                              7.750000   data required time
---------------------------------------------------------------------------------------------
                                              7.750000   data required time
                                             -7.299912   data arrival time
---------------------------------------------------------------------------------------------
                                              0.450088   slack (MET)


Startpoint: B[2] (input port clocked by __VIRTUAL_CLK__)
Endpoint: P[3] (output port clocked by __VIRTUAL_CLK__)
Path Group: __VIRTUAL_CLK__
Path Type: max

Fanout         Cap        Slew       Delay        Time   Description
---------------------------------------------------------------------------------------------
                      0.000000    0.000000    0.000000   clock __VIRTUAL_CLK__ (rise edge)
                                  0.000000    0.000000   clock network delay (ideal)
                                  2.000000    2.000000 v input external delay
     1    0.002738    0.018221    0.009040    2.009040 v B[2] (in)
                                                         B[2] (net)
                      0.018221    0.000000    2.009040 v input11/A (sky130_fd_sc_hd__clkbuf_2)
     2    0.019293    0.143053    0.240220    2.249259 v input11/X (sky130_fd_sc_hd__clkbuf_2)
                                                         net11 (net)
                      0.143053    0.000334    2.249593 v fanout43/A (sky130_fd_sc_hd__buf_6)
     5    0.015018    0.050159    0.252360    2.501953 v fanout43/X (sky130_fd_sc_hd__buf_6)
                                                         net43 (net)
                      0.050159    0.000508    2.502461 v rebuffer24/A (sky130_fd_sc_hd__dlygate4sd1_1)
     5    0.023591    0.230790    0.617221    3.119682 v rebuffer24/X (sky130_fd_sc_hd__dlygate4sd1_1)
                                                         net70 (net)
                      0.230790    0.000342    3.120025 v _298_/A2 (sky130_fd_sc_hd__o2111ai_1)
     1    0.005931    0.343116    0.415065    3.535090 ^ _298_/Y (sky130_fd_sc_hd__o2111ai_1)
                                                         _233_ (net)
                      0.343116    0.000190    3.535280 ^ _301_/B1 (sky130_fd_sc_hd__o31ai_2)
     2    0.005832    0.133108    0.238994    3.774274 v _301_/Y (sky130_fd_sc_hd__o31ai_2)
                                                         _236_ (net)
                      0.133108    0.000154    3.774428 v _302_/C (sky130_fd_sc_hd__and3_1)
     3    0.008815    0.119768    0.444785    4.219213 v _302_/X (sky130_fd_sc_hd__and3_1)
                                                         _237_ (net)
                      0.119768    0.000320    4.219533 v _304_/A (sky130_fd_sc_hd__or3_4)
     4    0.014274    0.145375    0.818961    5.038494 v _304_/X (sky130_fd_sc_hd__or3_4)
                                                         _239_ (net)
                      0.145375    0.000191    5.038685 v _306_/A (sky130_fd_sc_hd__and2_1)
     1    0.005517    0.089732    0.335521    5.374206 v _306_/X (sky130_fd_sc_hd__and2_1)
                                                         net26 (net)
                      0.089732    0.000159    5.374365 v output26/A (sky130_fd_sc_hd__buf_2)
     1    0.034092    0.165196    0.353270    5.727635 v output26/X (sky130_fd_sc_hd__buf_2)
                                                         P[3] (net)
                      0.165196    0.000706    5.728341 v P[3] (out)
                                              5.728341   data arrival time

                      0.000000   10.000000   10.000000   clock __VIRTUAL_CLK__ (rise edge)
                                  0.000000   10.000000   clock network delay (ideal)
                                 -0.250000    9.750000   clock uncertainty
                                  0.000000    9.750000   clock reconvergence pessimism
                                 -2.000000    7.750000   output external delay
                                              7.750000   data required time
---------------------------------------------------------------------------------------------
                                              7.750000   data required time
                                             -5.728341   data arrival time
---------------------------------------------------------------------------------------------
                                              2.021659   slack (MET)


Startpoint: B[2] (input port clocked by __VIRTUAL_CLK__)
Endpoint: P[2] (output port clocked by __VIRTUAL_CLK__)
Path Group: __VIRTUAL_CLK__
Path Type: max

Fanout         Cap        Slew       Delay        Time   Description
---------------------------------------------------------------------------------------------
                      0.000000    0.000000    0.000000   clock __VIRTUAL_CLK__ (rise edge)
                                  0.000000    0.000000   clock network delay (ideal)
                                  2.000000    2.000000 ^ input external delay
     1    0.002923    0.033064    0.016441    2.016441 ^ B[2] (in)
                                                         B[2] (net)
                      0.033064    0.000000    2.016441 ^ input11/A (sky130_fd_sc_hd__clkbuf_2)
     2    0.019742    0.177189    0.253763    2.270203 ^ input11/X (sky130_fd_sc_hd__clkbuf_2)
                                                         net11 (net)
                      0.177189    0.000344    2.270548 ^ fanout43/A (sky130_fd_sc_hd__buf_6)
     5    0.015510    0.070348    0.227540    2.498088 ^ fanout43/X (sky130_fd_sc_hd__buf_6)
                                                         net43 (net)
                      0.070349    0.000427    2.498515 ^ rebuffer23/A (sky130_fd_sc_hd__dlygate4sd1_1)
     1    0.002677    0.063626    0.368692    2.867208 ^ rebuffer23/X (sky130_fd_sc_hd__dlygate4sd1_1)
                                                         net69 (net)
                      0.063626    0.000053    2.867260 ^ _286_/B (sky130_fd_sc_hd__nand2_1)
     2    0.005164    0.105782    0.130794    2.998054 v _286_/Y (sky130_fd_sc_hd__nand2_1)
                                                         _222_ (net)
                      0.105782    0.000108    2.998162 v _287_/B (sky130_fd_sc_hd__or3b_1)
     2    0.007739    0.188285    0.888615    3.886777 v _287_/X (sky130_fd_sc_hd__or3b_1)
                                                         _223_ (net)
                      0.188285    0.000301    3.887078 v _291_/A1 (sky130_fd_sc_hd__a21o_1)
     1    0.003724    0.067773    0.343560    4.230638 v _291_/X (sky130_fd_sc_hd__a21o_1)
                                                         _227_ (net)
                      0.067773    0.000116    4.230754 v _293_/A (sky130_fd_sc_hd__and2_1)
     1    0.003785    0.076647    0.283143    4.513897 v _293_/X (sky130_fd_sc_hd__and2_1)
                                                         net25 (net)
                      0.076647    0.000130    4.514027 v output25/A (sky130_fd_sc_hd__buf_2)
     1    0.034169    0.165501    0.347272    4.861300 v output25/X (sky130_fd_sc_hd__buf_2)
                                                         P[2] (net)
                      0.165501    0.000707    4.862006 v P[2] (out)
                                              4.862006   data arrival time

                      0.000000   10.000000   10.000000   clock __VIRTUAL_CLK__ (rise edge)
                                  0.000000   10.000000   clock network delay (ideal)
                                 -0.250000    9.750000   clock uncertainty
                                  0.000000    9.750000   clock reconvergence pessimism
                                 -2.000000    7.750000   output external delay
                                              7.750000   data required time
---------------------------------------------------------------------------------------------
                                              7.750000   data required time
                                             -4.862006   data arrival time
---------------------------------------------------------------------------------------------
                                              2.887994   slack (MET)


Startpoint: B[1] (input port clocked by __VIRTUAL_CLK__)
Endpoint: P[1] (output port clocked by __VIRTUAL_CLK__)
Path Group: __VIRTUAL_CLK__
Path Type: max

Fanout         Cap        Slew       Delay        Time   Description
---------------------------------------------------------------------------------------------
                      0.000000    0.000000    0.000000   clock __VIRTUAL_CLK__ (rise edge)
                                  0.000000    0.000000   clock network delay (ideal)
                                  2.000000    2.000000 v input external delay
     1    0.002797    0.018445    0.009227    2.009227 v B[1] (in)
                                                         B[1] (net)
                      0.018446    0.000000    2.009227 v input10/A (sky130_fd_sc_hd__clkbuf_2)
     2    0.019453    0.144132    0.240966    2.250193 v input10/X (sky130_fd_sc_hd__clkbuf_2)
                                                         net10 (net)
                      0.144132    0.000263    2.250457 v fanout44/A (sky130_fd_sc_hd__buf_6)
     5    0.021927    0.060443    0.264414    2.514871 v fanout44/X (sky130_fd_sc_hd__buf_6)
                                                         net44 (net)
                      0.060448    0.000605    2.515476 v rebuffer9/A (sky130_fd_sc_hd__dlymetal6s2s_1)
     4    0.014473    0.164238    0.361495    2.876971 v rebuffer9/X (sky130_fd_sc_hd__dlymetal6s2s_1)
                                                         net55 (net)
                      0.164238    0.000162    2.877133 v _285_/A (sky130_fd_sc_hd__and2_1)
     1    0.002395    0.065182    0.315000    3.192133 v _285_/X (sky130_fd_sc_hd__and2_1)
                                                         net24 (net)
                      0.065182    0.000067    3.192200 v output24/A (sky130_fd_sc_hd__buf_2)
     1    0.034048    0.165063    0.341666    3.533866 v output24/X (sky130_fd_sc_hd__buf_2)
                                                         P[1] (net)
                      0.165063    0.000655    3.534521 v P[1] (out)
                                              3.534521   data arrival time

                      0.000000   10.000000   10.000000   clock __VIRTUAL_CLK__ (rise edge)
                                  0.000000   10.000000   clock network delay (ideal)
                                 -0.250000    9.750000   clock uncertainty
                                  0.000000    9.750000   clock reconvergence pessimism
                                 -2.000000    7.750000   output external delay
                                              7.750000   data required time
---------------------------------------------------------------------------------------------
                                              7.750000   data required time
                                             -3.534521   data arrival time
---------------------------------------------------------------------------------------------
                                              4.215479   slack (MET)


Startpoint: B[0] (input port clocked by __VIRTUAL_CLK__)
Endpoint: P[0] (output port clocked by __VIRTUAL_CLK__)
Path Group: __VIRTUAL_CLK__
Path Type: max

Fanout         Cap        Slew       Delay        Time   Description
---------------------------------------------------------------------------------------------
                      0.000000    0.000000    0.000000   clock __VIRTUAL_CLK__ (rise edge)
                                  0.000000    0.000000   clock network delay (ideal)
                                  2.000000    2.000000 ^ input external delay
     1    0.002919    0.033040    0.016419    2.016419 ^ B[0] (in)
                                                         B[0] (net)
                      0.033040    0.000000    2.016419 ^ input9/A (sky130_fd_sc_hd__clkbuf_2)
     2    0.018407    0.166412    0.246069    2.262487 ^ input9/X (sky130_fd_sc_hd__clkbuf_2)
                                                         net9 (net)
                      0.166412    0.000585    2.263072 ^ fanout33/A (sky130_fd_sc_hd__buf_6)
     4    0.020903    0.085581    0.235554    2.498626 ^ fanout33/X (sky130_fd_sc_hd__buf_6)
                                                         net33 (net)
                      0.085587    0.000793    2.499418 ^ _281_/A (sky130_fd_sc_hd__nand2_1)
     3    0.011458    0.202796    0.205628    2.705046 v _281_/Y (sky130_fd_sc_hd__nand2_1)
                                                         _219_ (net)
                      0.202796    0.000283    2.705329 v _282_/A (sky130_fd_sc_hd__inv_2)
     1    0.002046    0.057317    0.105956    2.811286 ^ _282_/Y (sky130_fd_sc_hd__inv_2)
                                                         net17 (net)
                      0.057317    0.000041    2.811327 ^ output17/A (sky130_fd_sc_hd__buf_2)
     1    0.034155    0.271295    0.337061    3.148387 ^ output17/X (sky130_fd_sc_hd__buf_2)
                                                         P[0] (net)
                      0.271295    0.000706    3.149094 ^ P[0] (out)
                                              3.149094   data arrival time

                      0.000000   10.000000   10.000000   clock __VIRTUAL_CLK__ (rise edge)
                                  0.000000   10.000000   clock network delay (ideal)
                                 -0.250000    9.750000   clock uncertainty
                                  0.000000    9.750000   clock reconvergence pessimism
                                 -2.000000    7.750000   output external delay
                                              7.750000   data required time
---------------------------------------------------------------------------------------------
                                              7.750000   data required time
                                             -3.149094   data arrival time
---------------------------------------------------------------------------------------------
                                              4.600906   slack (MET)



