
===========================================================================
report_checks -path_delay min (Hold)
============================================================================
======================= nom_ss_100C_1v60 Corner ===================================

Startpoint: A[0] (input port clocked by __VIRTUAL_CLK__)
Endpoint: P[0] (output port clocked by __VIRTUAL_CLK__)
Path Group: __VIRTUAL_CLK__
Path Type: min

Fanout         Cap        Slew       Delay        Time   Description
---------------------------------------------------------------------------------------------
                      0.000000    0.000000    0.000000   clock __VIRTUAL_CLK__ (rise edge)
                                  0.000000    0.000000   clock network delay (ideal)
                                  2.000000    2.000000 v input external delay
     1    0.007139    0.035698    0.022706    2.022706 v A[0] (in)
                                                         A[0] (net)
                      0.035699    0.000000    2.022706 v input1/A (sky130_fd_sc_hd__buf_8)
     2    0.010055    0.041119    0.193008    2.215713 v input1/X (sky130_fd_sc_hd__buf_8)
                                                         net1 (net)
                      0.041119    0.000346    2.216059 v fanout46/A (sky130_fd_sc_hd__buf_8)
     8    0.031634    0.064512    0.222099    2.438158 v fanout46/X (sky130_fd_sc_hd__buf_8)
                                                         net46 (net)
                      0.064519    0.000715    2.438873 v _281_/B (sky130_fd_sc_hd__nand2_1)
     3    0.012049    0.187494    0.189674    2.628547 ^ _281_/Y (sky130_fd_sc_hd__nand2_1)
                                                         _219_ (net)
                      0.187495    0.000300    2.628847 ^ _282_/A (sky130_fd_sc_hd__inv_2)
     1    0.001918    0.039251    0.082789    2.711636 v _282_/Y (sky130_fd_sc_hd__inv_2)
                                                         net17 (net)
                      0.039251    0.000038    2.711674 v output17/A (sky130_fd_sc_hd__buf_2)
     1    0.034155    0.165625    0.330089    3.041763 v output17/X (sky130_fd_sc_hd__buf_2)
                                                         P[0] (net)
                      0.165625    0.000706    3.042469 v P[0] (out)
                                              3.042469   data arrival time

                      0.000000    0.000000    0.000000   clock __VIRTUAL_CLK__ (rise edge)
                                  0.000000    0.000000   clock network delay (ideal)
                                  0.250000    0.250000   clock uncertainty
                                  0.000000    0.250000   clock reconvergence pessimism
                                 -2.000000   -1.750000   output external delay
                                             -1.750000   data required time
---------------------------------------------------------------------------------------------
                                             -1.750000   data required time
                                             -3.042469   data arrival time
---------------------------------------------------------------------------------------------
                                              4.792469   slack (MET)


Startpoint: A[0] (input port clocked by __VIRTUAL_CLK__)
Endpoint: P[1] (output port clocked by __VIRTUAL_CLK__)
Path Group: __VIRTUAL_CLK__
Path Type: min

Fanout         Cap        Slew       Delay        Time   Description
---------------------------------------------------------------------------------------------
                      0.000000    0.000000    0.000000   clock __VIRTUAL_CLK__ (rise edge)
                                  0.000000    0.000000   clock network delay (ideal)
                                  2.000000    2.000000 v input external delay
     1    0.007139    0.035698    0.022706    2.022706 v A[0] (in)
                                                         A[0] (net)
                      0.035699    0.000000    2.022706 v input1/A (sky130_fd_sc_hd__buf_8)
     2    0.010055    0.041119    0.193008    2.215713 v input1/X (sky130_fd_sc_hd__buf_8)
                                                         net1 (net)
                      0.041119    0.000346    2.216059 v fanout46/A (sky130_fd_sc_hd__buf_8)
     8    0.031634    0.064512    0.222099    2.438158 v fanout46/X (sky130_fd_sc_hd__buf_8)
                                                         net46 (net)
                      0.064516    0.000612    2.438770 v _284_/D (sky130_fd_sc_hd__nand4_4)
     4    0.014159    0.101932    0.162588    2.601357 ^ _284_/Y (sky130_fd_sc_hd__nand4_4)
                                                         _221_ (net)
                      0.101932    0.000273    2.601630 ^ _285_/B (sky130_fd_sc_hd__and2_1)
     1    0.002523    0.075984    0.234677    2.836307 ^ _285_/X (sky130_fd_sc_hd__and2_1)
                                                         net24 (net)
                      0.075984    0.000071    2.836378 ^ output24/A (sky130_fd_sc_hd__buf_2)
     1    0.034048    0.270523    0.345087    3.181465 ^ output24/X (sky130_fd_sc_hd__buf_2)
                                                         P[1] (net)
                      0.270523    0.000655    3.182121 ^ P[1] (out)
                                              3.182121   data arrival time

                      0.000000    0.000000    0.000000   clock __VIRTUAL_CLK__ (rise edge)
                                  0.000000    0.000000   clock network delay (ideal)
                                  0.250000    0.250000   clock uncertainty
                                  0.000000    0.250000   clock reconvergence pessimism
                                 -2.000000   -1.750000   output external delay
                                             -1.750000   data required time
---------------------------------------------------------------------------------------------
                                             -1.750000   data required time
                                             -3.182121   data arrival time
---------------------------------------------------------------------------------------------
                                              4.932121   slack (MET)


Startpoint: A[4] (input port clocked by __VIRTUAL_CLK__)
Endpoint: P[4] (output port clocked by __VIRTUAL_CLK__)
Path Group: __VIRTUAL_CLK__
Path Type: min

Fanout         Cap        Slew       Delay        Time   Description
---------------------------------------------------------------------------------------------
                      0.000000    0.000000    0.000000   clock __VIRTUAL_CLK__ (rise edge)
                                  0.000000    0.000000   clock network delay (ideal)
                                  2.000000    2.000000 v input external delay
     1    0.002960    0.019072    0.009742    2.009742 v A[4] (in)
                                                         A[4] (net)
                      0.019072    0.000000    2.009742 v input5/A (sky130_fd_sc_hd__clkbuf_2)
     4    0.025395    0.183233    0.269234    2.278975 v input5/X (sky130_fd_sc_hd__clkbuf_2)
                                                         net5 (net)
                      0.183245    0.001624    2.280600 v fanout35/A (sky130_fd_sc_hd__buf_2)
    10    0.038521    0.183098    0.412030    2.692630 v fanout35/X (sky130_fd_sc_hd__buf_2)
                                                         net35 (net)
                      0.183098    0.000581    2.693211 v _307_/B (sky130_fd_sc_hd__nand2_1)
     3    0.011188    0.175638    0.237385    2.930595 ^ _307_/Y (sky130_fd_sc_hd__nand2_1)
                                                         _241_ (net)
                      0.175639    0.000353    2.930948 ^ _323_/A (sky130_fd_sc_hd__xnor2_1)
     1    0.006951    0.134287    0.225286    3.156234 v _323_/Y (sky130_fd_sc_hd__xnor2_1)
                                                         net27 (net)
                      0.134287    0.000320    3.156555 v output27/A (sky130_fd_sc_hd__buf_2)
     1    0.034393    0.166458    0.375690    3.532245 v output27/X (sky130_fd_sc_hd__buf_2)
                                                         P[4] (net)
                      0.166459    0.000748    3.532992 v P[4] (out)
                                              3.532992   data arrival time

                      0.000000    0.000000    0.000000   clock __VIRTUAL_CLK__ (rise edge)
                                  0.000000    0.000000   clock network delay (ideal)
                                  0.250000    0.250000   clock uncertainty
                                  0.000000    0.250000   clock reconvergence pessimism
                                 -2.000000   -1.750000   output external delay
                                             -1.750000   data required time
---------------------------------------------------------------------------------------------
                                             -1.750000   data required time
                                             -3.532992   data arrival time
---------------------------------------------------------------------------------------------
                                              5.282992   slack (MET)


Startpoint: B[7] (input port clocked by __VIRTUAL_CLK__)
Endpoint: P[15] (output port clocked by __VIRTUAL_CLK__)
Path Group: __VIRTUAL_CLK__
Path Type: min

Fanout         Cap        Slew       Delay        Time   Description
---------------------------------------------------------------------------------------------
                      0.000000    0.000000    0.000000   clock __VIRTUAL_CLK__ (rise edge)
                                  0.000000    0.000000   clock network delay (ideal)
                                  2.000000    2.000000 ^ input external delay
     1    0.003333    0.035801    0.018612    2.018612 ^ B[7] (in)
                                                         B[7] (net)
                      0.035801    0.000000    2.018612 ^ input16/A (sky130_fd_sc_hd__buf_1)
     3    0.015354    0.298380    0.297751    2.316363 ^ input16/X (sky130_fd_sc_hd__buf_1)
                                                         net16 (net)
                      0.298382    0.000588    2.316951 ^ _559_/A1 (sky130_fd_sc_hd__a41o_1)
     2    0.012853    0.201481    0.517063    2.834013 ^ _559_/X (sky130_fd_sc_hd__a41o_1)
                                                         _208_ (net)
                      0.201482    0.000780    2.834793 ^ _560_/B (sky130_fd_sc_hd__and2_1)
     1    0.002824    0.079797    0.275654    3.110448 ^ _560_/X (sky130_fd_sc_hd__and2_1)
                                                         _209_ (net)
                      0.079797    0.000056    3.110504 ^ _565_/A (sky130_fd_sc_hd__or3_4)
     1    0.007884    0.066451    0.222724    3.333228 ^ _565_/X (sky130_fd_sc_hd__or3_4)
                                                         net23 (net)
                      0.066451    0.000257    3.333484 ^ output23/A (sky130_fd_sc_hd__buf_8)
     1    0.034964    0.106117    0.204095    3.537579 ^ output23/X (sky130_fd_sc_hd__buf_8)
                                                         P[15] (net)
                      0.106124    0.000935    3.538514 ^ P[15] (out)
                                              3.538514   data arrival time

                      0.000000    0.000000    0.000000   clock __VIRTUAL_CLK__ (rise edge)
                                  0.000000    0.000000   clock network delay (ideal)
                                  0.250000    0.250000   clock uncertainty
                                  0.000000    0.250000   clock reconvergence pessimism
                                 -2.000000   -1.750000   output external delay
                                             -1.750000   data required time
---------------------------------------------------------------------------------------------
                                             -1.750000   data required time
                                             -3.538514   data arrival time
---------------------------------------------------------------------------------------------
                                              5.288514   slack (MET)


Startpoint: B[0] (input port clocked by __VIRTUAL_CLK__)
Endpoint: P[2] (output port clocked by __VIRTUAL_CLK__)
Path Group: __VIRTUAL_CLK__
Path Type: min

Fanout         Cap        Slew       Delay        Time   Description
---------------------------------------------------------------------------------------------
                      0.000000    0.000000    0.000000   clock __VIRTUAL_CLK__ (rise edge)
                                  0.000000    0.000000   clock network delay (ideal)
                                  2.000000    2.000000 ^ input external delay
     1    0.002919    0.033040    0.016419    2.016419 ^ B[0] (in)
                                                         B[0] (net)
                      0.033040    0.000000    2.016419 ^ input9/A (sky130_fd_sc_hd__clkbuf_2)
     2    0.018407    0.166412    0.246069    2.262487 ^ input9/X (sky130_fd_sc_hd__clkbuf_2)
                                                         net9 (net)
                      0.166412    0.000585    2.263072 ^ fanout33/A (sky130_fd_sc_hd__buf_6)
     4    0.020903    0.085581    0.235554    2.498626 ^ fanout33/X (sky130_fd_sc_hd__buf_6)
                                                         net33 (net)
                      0.085581    0.000245    2.498871 ^ _289_/A (sky130_fd_sc_hd__and2_1)
     3    0.008540    0.157823    0.287081    2.785952 ^ _289_/X (sky130_fd_sc_hd__and2_1)
                                                         _225_ (net)
                      0.157823    0.000178    2.786129 ^ _291_/B1 (sky130_fd_sc_hd__a21o_1)
     1    0.003768    0.070073    0.184412    2.970542 ^ _291_/X (sky130_fd_sc_hd__a21o_1)
                                                         _227_ (net)
                      0.070073    0.000118    2.970659 ^ _293_/A (sky130_fd_sc_hd__and2_1)
     1    0.003913    0.093863    0.228823    3.199482 ^ _293_/X (sky130_fd_sc_hd__and2_1)
                                                         net25 (net)
                      0.093863    0.000135    3.199617 ^ output25/A (sky130_fd_sc_hd__buf_2)
     1    0.034169    0.271463    0.354043    3.553660 ^ output25/X (sky130_fd_sc_hd__buf_2)
                                                         P[2] (net)
                      0.271463    0.000707    3.554367 ^ P[2] (out)
                                              3.554367   data arrival time

                      0.000000    0.000000    0.000000   clock __VIRTUAL_CLK__ (rise edge)
                                  0.000000    0.000000   clock network delay (ideal)
                                  0.250000    0.250000   clock uncertainty
                                  0.000000    0.250000   clock reconvergence pessimism
                                 -2.000000   -1.750000   output external delay
                                             -1.750000   data required time
---------------------------------------------------------------------------------------------
                                             -1.750000   data required time
                                             -3.554367   data arrival time
---------------------------------------------------------------------------------------------
                                              5.304367   slack (MET)


Startpoint: B[7] (input port clocked by __VIRTUAL_CLK__)
Endpoint: P[14] (output port clocked by __VIRTUAL_CLK__)
Path Group: __VIRTUAL_CLK__
Path Type: min

Fanout         Cap        Slew       Delay        Time   Description
---------------------------------------------------------------------------------------------
                      0.000000    0.000000    0.000000   clock __VIRTUAL_CLK__ (rise edge)
                                  0.000000    0.000000   clock network delay (ideal)
                                  2.000000    2.000000 v input external delay
     1    0.003204    0.020015    0.010514    2.010514 v B[7] (in)
                                                         B[7] (net)
                      0.020015    0.000000    2.010514 v input16/A (sky130_fd_sc_hd__buf_1)
     3    0.014997    0.177687    0.238897    2.249410 v input16/X (sky130_fd_sc_hd__buf_1)
                                                         net16 (net)
                      0.177687    0.000572    2.249982 v _559_/A1 (sky130_fd_sc_hd__a41o_1)
     2    0.012478    0.143028    0.454148    2.704130 v _559_/X (sky130_fd_sc_hd__a41o_1)
                                                         _208_ (net)
                      0.143031    0.000770    2.704900 v _561_/B (sky130_fd_sc_hd__xor2_1)
     2    0.009307    0.114662    0.343623    3.048523 v _561_/X (sky130_fd_sc_hd__xor2_1)
                                                         _210_ (net)
                      0.114662    0.000294    3.048817 v _563_/B (sky130_fd_sc_hd__xor2_1)
     1    0.005740    0.088911    0.304297    3.353114 v _563_/X (sky130_fd_sc_hd__xor2_1)
                                                         net22 (net)
                      0.088911    0.000194    3.353308 v output22/A (sky130_fd_sc_hd__buf_6)
     1    0.034849    0.076685    0.256400    3.609708 v output22/X (sky130_fd_sc_hd__buf_6)
                                                         P[14] (net)
                      0.076696    0.000879    3.610587 v P[14] (out)
                                              3.610587   data arrival time

                      0.000000    0.000000    0.000000   clock __VIRTUAL_CLK__ (rise edge)
                                  0.000000    0.000000   clock network delay (ideal)
                                  0.250000    0.250000   clock uncertainty
                                  0.000000    0.250000   clock reconvergence pessimism
                                 -2.000000   -1.750000   output external delay
                                             -1.750000   data required time
---------------------------------------------------------------------------------------------
                                             -1.750000   data required time
                                             -3.610587   data arrival time
---------------------------------------------------------------------------------------------
                                              5.360587   slack (MET)


Startpoint: B[4] (input port clocked by __VIRTUAL_CLK__)
Endpoint: P[5] (output port clocked by __VIRTUAL_CLK__)
Path Group: __VIRTUAL_CLK__
Path Type: min

Fanout         Cap        Slew       Delay        Time   Description
---------------------------------------------------------------------------------------------
                      0.000000    0.000000    0.000000   clock __VIRTUAL_CLK__ (rise edge)
                                  0.000000    0.000000   clock network delay (ideal)
                                  2.000000    2.000000 v input external delay
     1    0.002233    0.016313    0.007449    2.007449 v B[4] (in)
                                                         B[4] (net)
                      0.016313    0.000000    2.007449 v input13/A (sky130_fd_sc_hd__buf_2)
     8    0.036191    0.174013    0.325200    2.332649 v input13/X (sky130_fd_sc_hd__buf_2)
                                                         net13 (net)
                      0.174038    0.002121    2.334769 v _308_/B (sky130_fd_sc_hd__nand2_1)
     3    0.017350    0.261530    0.293650    2.628419 ^ _308_/Y (sky130_fd_sc_hd__nand2_1)
                                                         _242_ (net)
                      0.261536    0.001036    2.629455 ^ _320_/A_N (sky130_fd_sc_hd__nand2b_1)
     2    0.009071    0.166236    0.316054    2.945509 ^ _320_/Y (sky130_fd_sc_hd__nand2b_1)
                                                         _254_ (net)
                      0.166236    0.000239    2.945749 ^ _566_/A (sky130_fd_sc_hd__and3_1)
     1    0.002715    0.085423    0.310241    3.255989 ^ _566_/X (sky130_fd_sc_hd__and3_1)
                                                         _213_ (net)
                      0.085423    0.000054    3.256043 ^ _567_/B (sky130_fd_sc_hd__nor2_1)
     1    0.006898    0.069803    0.102097    3.358140 v _567_/Y (sky130_fd_sc_hd__nor2_1)
                                                         net28 (net)
                      0.069803    0.000310    3.358450 v output28/A (sky130_fd_sc_hd__buf_2)
     1    0.034393    0.166430    0.344824    3.703273 v output28/X (sky130_fd_sc_hd__buf_2)
                                                         P[5] (net)
                      0.166431    0.000748    3.704021 v P[5] (out)
                                              3.704021   data arrival time

                      0.000000    0.000000    0.000000   clock __VIRTUAL_CLK__ (rise edge)
                                  0.000000    0.000000   clock network delay (ideal)
                                  0.250000    0.250000   clock uncertainty
                                  0.000000    0.250000   clock reconvergence pessimism
                                 -2.000000   -1.750000   output external delay
                                             -1.750000   data required time
---------------------------------------------------------------------------------------------
                                             -1.750000   data required time
                                             -3.704021   data arrival time
---------------------------------------------------------------------------------------------
                                              5.454021   slack (MET)


Startpoint: B[4] (input port clocked by __VIRTUAL_CLK__)
Endpoint: P[6] (output port clocked by __VIRTUAL_CLK__)
Path Group: __VIRTUAL_CLK__
Path Type: min

Fanout         Cap        Slew       Delay        Time   Description
---------------------------------------------------------------------------------------------
                      0.000000    0.000000    0.000000   clock __VIRTUAL_CLK__ (rise edge)
                                  0.000000    0.000000   clock network delay (ideal)
                                  2.000000    2.000000 v input external delay
     1    0.002233    0.016313    0.007449    2.007449 v B[4] (in)
                                                         B[4] (net)
                      0.016313    0.000000    2.007449 v input13/A (sky130_fd_sc_hd__buf_2)
     8    0.036191    0.174013    0.325200    2.332649 v input13/X (sky130_fd_sc_hd__buf_2)
                                                         net13 (net)
                      0.174038    0.002121    2.334769 v _308_/B (sky130_fd_sc_hd__nand2_1)
     3    0.017350    0.261530    0.293650    2.628419 ^ _308_/Y (sky130_fd_sc_hd__nand2_1)
                                                         _242_ (net)
                      0.261536    0.001036    2.629455 ^ _320_/A_N (sky130_fd_sc_hd__nand2b_1)
     2    0.009071    0.166236    0.316054    2.945509 ^ _320_/Y (sky130_fd_sc_hd__nand2b_1)
                                                         _254_ (net)
                      0.166236    0.000322    2.945832 ^ _367_/A1 (sky130_fd_sc_hd__a21oi_2)
     3    0.017223    0.091659    0.212047    3.157878 v _367_/Y (sky130_fd_sc_hd__a21oi_2)
                                                         _024_ (net)
                      0.091667    0.000919    3.158797 v _369_/A (sky130_fd_sc_hd__xnor2_2)
     1    0.010077    0.120339    0.282282    3.441080 v _369_/Y (sky130_fd_sc_hd__xnor2_2)
                                                         net29 (net)
                      0.120339    0.000548    3.441627 v output29/A (sky130_fd_sc_hd__buf_6)
     1    0.034527    0.076269    0.271338    3.712965 v output29/X (sky130_fd_sc_hd__buf_6)
                                                         P[6] (net)
                      0.076277    0.000801    3.713766 v P[6] (out)
                                              3.713766   data arrival time

                      0.000000    0.000000    0.000000   clock __VIRTUAL_CLK__ (rise edge)
                                  0.000000    0.000000   clock network delay (ideal)
                                  0.250000    0.250000   clock uncertainty
                                  0.000000    0.250000   clock reconvergence pessimism
                                 -2.000000   -1.750000   output external delay
                                             -1.750000   data required time
---------------------------------------------------------------------------------------------
                                             -1.750000   data required time
                                             -3.713766   data arrival time
---------------------------------------------------------------------------------------------
                                              5.463766   slack (MET)


Startpoint: B[4] (input port clocked by __VIRTUAL_CLK__)
Endpoint: P[9] (output port clocked by __VIRTUAL_CLK__)
Path Group: __VIRTUAL_CLK__
Path Type: min

Fanout         Cap        Slew       Delay        Time   Description
---------------------------------------------------------------------------------------------
                      0.000000    0.000000    0.000000   clock __VIRTUAL_CLK__ (rise edge)
                                  0.000000    0.000000   clock network delay (ideal)
                                  2.000000    2.000000 v input external delay
     1    0.002233    0.016313    0.007449    2.007449 v B[4] (in)
                                                         B[4] (net)
                      0.016313    0.000000    2.007449 v input13/A (sky130_fd_sc_hd__buf_2)
     8    0.036191    0.174013    0.325200    2.332649 v input13/X (sky130_fd_sc_hd__buf_2)
                                                         net13 (net)
                      0.174085    0.003314    2.335963 v _426_/A (sky130_fd_sc_hd__nand2_1)
     3    0.014967    0.228492    0.260012    2.595975 ^ _426_/Y (sky130_fd_sc_hd__nand2_1)
                                                         _081_ (net)
                      0.228495    0.000672    2.596647 ^ _427_/B (sky130_fd_sc_hd__nand2_1)
     1    0.003229    0.083740    0.168610    2.765257 v _427_/Y (sky130_fd_sc_hd__nand2_1)
                                                         _082_ (net)
                      0.083740    0.000095    2.765352 v _429_/A (sky130_fd_sc_hd__nand2_1)
     2    0.007003    0.117628    0.137889    2.903241 ^ _429_/Y (sky130_fd_sc_hd__nand2_1)
                                                         _084_ (net)
                      0.117667    0.000231    2.903472 ^ _430_/B1 (sky130_fd_sc_hd__a21o_1)
     3    0.010800    0.157647    0.234016    3.137489 ^ _430_/X (sky130_fd_sc_hd__a21o_1)
                                                         _085_ (net)
                      0.157647    0.000388    3.137877 ^ _468_/A (sky130_fd_sc_hd__nand2_2)
     1    0.008581    0.099079    0.146903    3.284780 v _468_/Y (sky130_fd_sc_hd__nand2_2)
                                                         _122_ (net)
                      0.099079    0.000191    3.284971 v _469_/B (sky130_fd_sc_hd__xor2_2)
     1    0.010553    0.088779    0.303598    3.588570 v _469_/X (sky130_fd_sc_hd__xor2_2)
                                                         net32 (net)
                      0.088781    0.000590    3.589160 v output32/A (sky130_fd_sc_hd__buf_6)
     1    0.033987    0.075594    0.255454    3.844614 v output32/X (sky130_fd_sc_hd__buf_6)
                                                         P[9] (net)
                      0.075599    0.000634    3.845247 v P[9] (out)
                                              3.845247   data arrival time

                      0.000000    0.000000    0.000000   clock __VIRTUAL_CLK__ (rise edge)
                                  0.000000    0.000000   clock network delay (ideal)
                                  0.250000    0.250000   clock uncertainty
                                  0.000000    0.250000   clock reconvergence pessimism
                                 -2.000000   -1.750000   output external delay
                                             -1.750000   data required time
---------------------------------------------------------------------------------------------
                                             -1.750000   data required time
                                             -3.845247   data arrival time
---------------------------------------------------------------------------------------------
                                              5.595247   slack (MET)


Startpoint: B[0] (input port clocked by __VIRTUAL_CLK__)
Endpoint: P[3] (output port clocked by __VIRTUAL_CLK__)
Path Group: __VIRTUAL_CLK__
Path Type: min

Fanout         Cap        Slew       Delay        Time   Description
---------------------------------------------------------------------------------------------
                      0.000000    0.000000    0.000000   clock __VIRTUAL_CLK__ (rise edge)
                                  0.000000    0.000000   clock network delay (ideal)
                                  2.000000    2.000000 v input external delay
     1    0.002734    0.018207    0.009026    2.009026 v B[0] (in)
                                                         B[0] (net)
                      0.018207    0.000000    2.009026 v input9/A (sky130_fd_sc_hd__clkbuf_2)
     2    0.017863    0.133736    0.233212    2.242238 v input9/X (sky130_fd_sc_hd__clkbuf_2)
                                                         net9 (net)
                      0.133736    0.000564    2.242802 v fanout33/A (sky130_fd_sc_hd__buf_6)
     4    0.020286    0.057917    0.256613    2.499415 v fanout33/X (sky130_fd_sc_hd__buf_6)
                                                         net33 (net)
                      0.057917    0.000238    2.499653 v _289_/A (sky130_fd_sc_hd__and2_1)
     3    0.007953    0.106107    0.312690    2.812344 v _289_/X (sky130_fd_sc_hd__and2_1)
                                                         _225_ (net)
                      0.106107    0.000171    2.812515 v _292_/C (sky130_fd_sc_hd__nand3_1)
     3    0.011204    0.198940    0.226691    3.039206 ^ _292_/Y (sky130_fd_sc_hd__nand3_1)
                                                         _228_ (net)
                      0.198940    0.000454    3.039660 ^ _305_/B1 (sky130_fd_sc_hd__o21ai_1)
     1    0.002414    0.080208    0.167586    3.207245 v _305_/Y (sky130_fd_sc_hd__o21ai_1)
                                                         _240_ (net)
                      0.080208    0.000070    3.207315 v _306_/B (sky130_fd_sc_hd__and2_1)
     1    0.005517    0.087324    0.343373    3.550688 v _306_/X (sky130_fd_sc_hd__and2_1)
                                                         net26 (net)
                      0.087324    0.000159    3.550847 v output26/A (sky130_fd_sc_hd__buf_2)
     1    0.034092    0.165192    0.352109    3.902957 v output26/X (sky130_fd_sc_hd__buf_2)
                                                         P[3] (net)
                      0.165193    0.000706    3.903662 v P[3] (out)
                                              3.903662   data arrival time

                      0.000000    0.000000    0.000000   clock __VIRTUAL_CLK__ (rise edge)
                                  0.000000    0.000000   clock network delay (ideal)
                                  0.250000    0.250000   clock uncertainty
                                  0.000000    0.250000   clock reconvergence pessimism
                                 -2.000000   -1.750000   output external delay
                                             -1.750000   data required time
---------------------------------------------------------------------------------------------
                                             -1.750000   data required time
                                             -3.903662   data arrival time
---------------------------------------------------------------------------------------------
                                              5.653663   slack (MET)


Startpoint: A[6] (input port clocked by __VIRTUAL_CLK__)
Endpoint: P[13] (output port clocked by __VIRTUAL_CLK__)
Path Group: __VIRTUAL_CLK__
Path Type: min

Fanout         Cap        Slew       Delay        Time   Description
---------------------------------------------------------------------------------------------
                      0.000000    0.000000    0.000000   clock __VIRTUAL_CLK__ (rise edge)
                                  0.000000    0.000000   clock network delay (ideal)
                                  2.000000    2.000000 ^ input external delay
     1    0.003364    0.036007    0.018773    2.018773 ^ A[6] (in)
                                                         A[6] (net)
                      0.036007    0.000000    2.018773 ^ input7/A (sky130_fd_sc_hd__clkbuf_2)
     4    0.019839    0.177942    0.255679    2.274452 ^ input7/X (sky130_fd_sc_hd__clkbuf_2)
                                                         net7 (net)
                      0.177942    0.000498    2.274950 ^ _527_/B (sky130_fd_sc_hd__and3_1)
     2    0.005643    0.123664    0.366027    2.640977 ^ _527_/X (sky130_fd_sc_hd__and3_1)
                                                         _178_ (net)
                      0.123664    0.000161    2.641138 ^ _550_/A1 (sky130_fd_sc_hd__o21bai_1)
     2    0.007268    0.144103    0.222939    2.864077 v _550_/Y (sky130_fd_sc_hd__o21bai_1)
                                                         _200_ (net)
                      0.144103    0.000109    2.864186 v _552_/A (sky130_fd_sc_hd__nand2_1)
     2    0.011060    0.175530    0.206994    3.071180 ^ _552_/Y (sky130_fd_sc_hd__nand2_1)
                                                         _202_ (net)
                      0.175530    0.000314    3.071494 ^ _554_/A (sky130_fd_sc_hd__xnor2_1)
     3    0.010423    0.180730    0.321977    3.393471 ^ _554_/Y (sky130_fd_sc_hd__xnor2_1)
                                                         _204_ (net)
                      0.180730    0.000279    3.393750 ^ _555_/B1 (sky130_fd_sc_hd__a211oi_1)
     1    0.003753    0.077218    0.135204    3.528954 v _555_/Y (sky130_fd_sc_hd__a211oi_1)
                                                         _205_ (net)
                      0.077218    0.000122    3.529075 v _557_/A (sky130_fd_sc_hd__nor2_1)
     1    0.002981    0.132965    0.172377    3.701452 ^ _557_/Y (sky130_fd_sc_hd__nor2_1)
                                                         net21 (net)
                      0.132965    0.000087    3.701540 ^ output21/A (sky130_fd_sc_hd__buf_4)
     1    0.034652    0.166810    0.310670    4.012210 ^ output21/X (sky130_fd_sc_hd__buf_4)
                                                         P[13] (net)
                      0.166811    0.000847    4.013057 ^ P[13] (out)
                                              4.013057   data arrival time

                      0.000000    0.000000    0.000000   clock __VIRTUAL_CLK__ (rise edge)
                                  0.000000    0.000000   clock network delay (ideal)
                                  0.250000    0.250000   clock uncertainty
                                  0.000000    0.250000   clock reconvergence pessimism
                                 -2.000000   -1.750000   output external delay
                                             -1.750000   data required time
---------------------------------------------------------------------------------------------
                                             -1.750000   data required time
                                             -4.013057   data arrival time
---------------------------------------------------------------------------------------------
                                              5.763057   slack (MET)


Startpoint: B[4] (input port clocked by __VIRTUAL_CLK__)
Endpoint: P[8] (output port clocked by __VIRTUAL_CLK__)
Path Group: __VIRTUAL_CLK__
Path Type: min

Fanout         Cap        Slew       Delay        Time   Description
---------------------------------------------------------------------------------------------
                      0.000000    0.000000    0.000000   clock __VIRTUAL_CLK__ (rise edge)
                                  0.000000    0.000000   clock network delay (ideal)
                                  2.000000    2.000000 ^ input external delay
     1    0.002361    0.029354    0.013474    2.013474 ^ B[4] (in)
                                                         B[4] (net)
                      0.029354    0.000000    2.013474 ^ input13/A (sky130_fd_sc_hd__buf_2)
     8    0.037151    0.293756    0.338831    2.352305 ^ input13/X (sky130_fd_sc_hd__buf_2)
                                                         net13 (net)
                      0.293812    0.003398    2.355703 ^ _426_/A (sky130_fd_sc_hd__nand2_1)
     3    0.014548    0.255744    0.328776    2.684479 v _426_/Y (sky130_fd_sc_hd__nand2_1)
                                                         _081_ (net)
                      0.255744    0.000649    2.685127 v _427_/B (sky130_fd_sc_hd__nand2_1)
     1    0.003330    0.067679    0.187093    2.872220 ^ _427_/Y (sky130_fd_sc_hd__nand2_1)
                                                         _082_ (net)
                      0.067679    0.000098    2.872318 ^ _429_/A (sky130_fd_sc_hd__nand2_1)
     2    0.006552    0.125433    0.139225    3.011543 v _429_/Y (sky130_fd_sc_hd__nand2_1)
                                                         _084_ (net)
                      0.125433    0.000220    3.011764 v _431_/C (sky130_fd_sc_hd__nand3_1)
     1    0.001971    0.073229    0.138770    3.150533 ^ _431_/Y (sky130_fd_sc_hd__nand3_1)
                                                         _086_ (net)
                      0.073229    0.000055    3.150589 ^ _432_/B (sky130_fd_sc_hd__and2_1)
     3    0.007227    0.139324    0.278655    3.429244 ^ _432_/X (sky130_fd_sc_hd__and2_1)
                                                         _087_ (net)
                      0.139324    0.000167    3.429410 ^ _434_/C (sky130_fd_sc_hd__or3_1)
     1    0.003285    0.068822    0.200377    3.629787 ^ _434_/X (sky130_fd_sc_hd__or3_1)
                                                         _089_ (net)
                      0.068822    0.000094    3.629881 ^ _435_/B (sky130_fd_sc_hd__and2_4)
     1    0.011309    0.094489    0.306219    3.936100 ^ _435_/X (sky130_fd_sc_hd__and2_4)
                                                         net31 (net)
                      0.094493    0.000687    3.936787 ^ output31/A (sky130_fd_sc_hd__buf_6)
     1    0.034105    0.122303    0.233492    4.170279 ^ output31/X (sky130_fd_sc_hd__buf_6)
                                                         P[8] (net)
                      0.122304    0.000676    4.170954 ^ P[8] (out)
                                              4.170954   data arrival time

                      0.000000    0.000000    0.000000   clock __VIRTUAL_CLK__ (rise edge)
                                  0.000000    0.000000   clock network delay (ideal)
                                  0.250000    0.250000   clock uncertainty
                                  0.000000    0.250000   clock reconvergence pessimism
                                 -2.000000   -1.750000   output external delay
                                             -1.750000   data required time
---------------------------------------------------------------------------------------------
                                             -1.750000   data required time
                                             -4.170954   data arrival time
---------------------------------------------------------------------------------------------
                                              5.920955   slack (MET)


Startpoint: A[4] (input port clocked by __VIRTUAL_CLK__)
Endpoint: P[10] (output port clocked by __VIRTUAL_CLK__)
Path Group: __VIRTUAL_CLK__
Path Type: min

Fanout         Cap        Slew       Delay        Time   Description
---------------------------------------------------------------------------------------------
                      0.000000    0.000000    0.000000   clock __VIRTUAL_CLK__ (rise edge)
                                  0.000000    0.000000   clock network delay (ideal)
                                  2.000000    2.000000 v input external delay
     1    0.002960    0.019072    0.009742    2.009742 v A[4] (in)
                                                         A[4] (net)
                      0.019072    0.000000    2.009742 v input5/A (sky130_fd_sc_hd__clkbuf_2)
     4    0.025395    0.183233    0.269234    2.278975 v input5/X (sky130_fd_sc_hd__clkbuf_2)
                                                         net5 (net)
                      0.183245    0.001624    2.280600 v fanout35/A (sky130_fd_sc_hd__buf_2)
    10    0.038521    0.183098    0.412030    2.692630 v fanout35/X (sky130_fd_sc_hd__buf_2)
                                                         net35 (net)
                      0.183116    0.001910    2.694540 v _462_/B (sky130_fd_sc_hd__and3b_1)
     2    0.010763    0.130615    0.452895    3.147435 v _462_/X (sky130_fd_sc_hd__and3b_1)
                                                         _116_ (net)
                      0.130615    0.000404    3.147839 v _463_/B (sky130_fd_sc_hd__nand2b_1)
     2    0.007889    0.148606    0.188614    3.336453 ^ _463_/Y (sky130_fd_sc_hd__nand2b_1)
                                                         _117_ (net)
                      0.148606    0.000215    3.336668 ^ _492_/C1 (sky130_fd_sc_hd__o211ai_2)
     3    0.010902    0.186019    0.247625    3.584293 v _492_/Y (sky130_fd_sc_hd__o211ai_2)
                                                         _145_ (net)
                      0.186019    0.000335    3.584628 v _494_/A (sky130_fd_sc_hd__nand2_1)
     1    0.009854    0.161337    0.214466    3.799093 ^ _494_/Y (sky130_fd_sc_hd__nand2_1)
                                                         _147_ (net)
                      0.161337    0.000219    3.799313 ^ _499_/A (sky130_fd_sc_hd__xnor2_2)
     1    0.009711    0.117792    0.206403    4.005715 v _499_/Y (sky130_fd_sc_hd__xnor2_2)
                                                         net18 (net)
                      0.117792    0.000542    4.006257 v output18/A (sky130_fd_sc_hd__buf_6)
     1    0.034051    0.075667    0.269615    4.275873 v output18/X (sky130_fd_sc_hd__buf_6)
                                                         P[10] (net)
                      0.075672    0.000655    4.276528 v P[10] (out)
                                              4.276528   data arrival time

                      0.000000    0.000000    0.000000   clock __VIRTUAL_CLK__ (rise edge)
                                  0.000000    0.000000   clock network delay (ideal)
                                  0.250000    0.250000   clock uncertainty
                                  0.000000    0.250000   clock reconvergence pessimism
                                 -2.000000   -1.750000   output external delay
                                             -1.750000   data required time
---------------------------------------------------------------------------------------------
                                             -1.750000   data required time
                                             -4.276528   data arrival time
---------------------------------------------------------------------------------------------
                                              6.026528   slack (MET)


Startpoint: A[5] (input port clocked by __VIRTUAL_CLK__)
Endpoint: P[7] (output port clocked by __VIRTUAL_CLK__)
Path Group: __VIRTUAL_CLK__
Path Type: min

Fanout         Cap        Slew       Delay        Time   Description
---------------------------------------------------------------------------------------------
                      0.000000    0.000000    0.000000   clock __VIRTUAL_CLK__ (rise edge)
                                  0.000000    0.000000   clock network delay (ideal)
                                  2.000000    2.000000 v input external delay
     1    0.002473    0.017222    0.008206    2.008206 v A[5] (in)
                                                         A[5] (net)
                      0.017222    0.000000    2.008206 v input6/A (sky130_fd_sc_hd__buf_2)
     9    0.044038    0.204665    0.349788    2.357993 v input6/X (sky130_fd_sc_hd__buf_2)
                                                         net6 (net)
                      0.204736    0.003595    2.361588 v _360_/C (sky130_fd_sc_hd__nand4_2)
     2    0.007576    0.104489    0.227068    2.588656 ^ _360_/Y (sky130_fd_sc_hd__nand4_2)
                                                         _017_ (net)
                      0.104489    0.000113    2.588769 ^ _361_/C (sky130_fd_sc_hd__and3_1)
     2    0.010322    0.187225    0.406887    2.995656 ^ _361_/X (sky130_fd_sc_hd__and3_1)
                                                         _018_ (net)
                      0.187225    0.000267    2.995923 ^ _363_/B1 (sky130_fd_sc_hd__a22oi_2)
     2    0.015761    0.177644    0.213479    3.209402 v _363_/Y (sky130_fd_sc_hd__a22oi_2)
                                                         _020_ (net)
                      0.177644    0.000651    3.210053 v _364_/B (sky130_fd_sc_hd__nor2_1)
     2    0.007815    0.265010    0.288058    3.498112 ^ _364_/Y (sky130_fd_sc_hd__nor2_1)
                                                         _021_ (net)
                      0.265010    0.000263    3.498374 ^ _401_/A (sky130_fd_sc_hd__nor3_1)
     1    0.002901    0.051564    0.173435    3.671810 v _401_/Y (sky130_fd_sc_hd__nor3_1)
                                                         _057_ (net)
                      0.051564    0.000084    3.671894 v _402_/B (sky130_fd_sc_hd__nor2_1)
     1    0.008660    0.287312    0.256116    3.928010 ^ _402_/Y (sky130_fd_sc_hd__nor2_1)
                                                         net30 (net)
                      0.287313    0.000438    3.928449 ^ output30/A (sky130_fd_sc_hd__buf_4)
     1    0.034421    0.166620    0.378131    4.306580 ^ output30/X (sky130_fd_sc_hd__buf_4)
                                                         P[7] (net)
                      0.166621    0.000772    4.307352 ^ P[7] (out)
                                              4.307352   data arrival time

                      0.000000    0.000000    0.000000   clock __VIRTUAL_CLK__ (rise edge)
                                  0.000000    0.000000   clock network delay (ideal)
                                  0.250000    0.250000   clock uncertainty
                                  0.000000    0.250000   clock reconvergence pessimism
                                 -2.000000   -1.750000   output external delay
                                             -1.750000   data required time
---------------------------------------------------------------------------------------------
                                             -1.750000   data required time
                                             -4.307352   data arrival time
---------------------------------------------------------------------------------------------
                                              6.057352   slack (MET)


Startpoint: B[4] (input port clocked by __VIRTUAL_CLK__)
Endpoint: P[11] (output port clocked by __VIRTUAL_CLK__)
Path Group: __VIRTUAL_CLK__
Path Type: min

Fanout         Cap        Slew       Delay        Time   Description
---------------------------------------------------------------------------------------------
                      0.000000    0.000000    0.000000   clock __VIRTUAL_CLK__ (rise edge)
                                  0.000000    0.000000   clock network delay (ideal)
                                  2.000000    2.000000 ^ input external delay
     1    0.002361    0.029354    0.013474    2.013474 ^ B[4] (in)
                                                         B[4] (net)
                      0.029354    0.000000    2.013474 ^ input13/A (sky130_fd_sc_hd__buf_2)
     8    0.037151    0.293756    0.338831    2.352305 ^ input13/X (sky130_fd_sc_hd__buf_2)
                                                         net13 (net)
                      0.293817    0.003525    2.355830 ^ _473_/A (sky130_fd_sc_hd__nand2_1)
     4    0.015583    0.265534    0.340945    2.696774 v _473_/Y (sky130_fd_sc_hd__nand2_1)
                                                         _126_ (net)
                      0.265534    0.000431    2.697205 v _475_/B (sky130_fd_sc_hd__nand2_1)
     1    0.002193    0.053716    0.175482    2.872687 ^ _475_/Y (sky130_fd_sc_hd__nand2_1)
                                                         _128_ (net)
                      0.053716    0.000045    2.872732 ^ _476_/B (sky130_fd_sc_hd__and2_1)
     2    0.007156    0.138267    0.270025    3.142757 ^ _476_/X (sky130_fd_sc_hd__and2_1)
                                                         _129_ (net)
                      0.138267    0.000199    3.142957 ^ _491_/B1 (sky130_fd_sc_hd__a21oi_1)
     2    0.008086    0.093238    0.134128    3.277085 v _491_/Y (sky130_fd_sc_hd__a21oi_1)
                                                         _144_ (net)
                      0.093238    0.000246    3.277331 v _492_/A2 (sky130_fd_sc_hd__o211ai_2)
     3    0.011223    0.143334    0.321683    3.599014 ^ _492_/Y (sky130_fd_sc_hd__o211ai_2)
                                                         _145_ (net)
                      0.143334    0.000324    3.599338 ^ _523_/A1 (sky130_fd_sc_hd__a21bo_1)
     1    0.009035    0.134082    0.287646    3.886984 ^ _523_/X (sky130_fd_sc_hd__a21bo_1)
                                                         _175_ (net)
                      0.134082    0.000274    3.887257 ^ _524_/B (sky130_fd_sc_hd__xnor2_2)
     1    0.009399    0.114018    0.173989    4.061246 v _524_/Y (sky130_fd_sc_hd__xnor2_2)
                                                         net19 (net)
                      0.114018    0.000417    4.061663 v output19/A (sky130_fd_sc_hd__buf_6)
     1    0.033958    0.075551    0.267688    4.329351 v output19/X (sky130_fd_sc_hd__buf_6)
                                                         P[11] (net)
                      0.075555    0.000624    4.329975 v P[11] (out)
                                              4.329975   data arrival time

                      0.000000    0.000000    0.000000   clock __VIRTUAL_CLK__ (rise edge)
                                  0.000000    0.000000   clock network delay (ideal)
                                  0.250000    0.250000   clock uncertainty
                                  0.000000    0.250000   clock reconvergence pessimism
                                 -2.000000   -1.750000   output external delay
                                             -1.750000   data required time
---------------------------------------------------------------------------------------------
                                             -1.750000   data required time
                                             -4.329975   data arrival time
---------------------------------------------------------------------------------------------
                                              6.079975   slack (MET)


Startpoint: B[3] (input port clocked by __VIRTUAL_CLK__)
Endpoint: P[12] (output port clocked by __VIRTUAL_CLK__)
Path Group: __VIRTUAL_CLK__
Path Type: min

Fanout         Cap        Slew       Delay        Time   Description
---------------------------------------------------------------------------------------------
                      0.000000    0.000000    0.000000   clock __VIRTUAL_CLK__ (rise edge)
                                  0.000000    0.000000   clock network delay (ideal)
                                  2.000000    2.000000 v input external delay
     1    0.005335    0.028441    0.017219    2.017219 v B[3] (in)
                                                         B[3] (net)
                      0.028442    0.000000    2.017219 v input12/A (sky130_fd_sc_hd__buf_6)
     5    0.029690    0.070189    0.221913    2.239132 v input12/X (sky130_fd_sc_hd__buf_6)
                                                         net12 (net)
                      0.070340    0.002606    2.241738 v _448_/B (sky130_fd_sc_hd__nand4_1)
     3    0.009189    0.175063    0.206314    2.448052 ^ _448_/Y (sky130_fd_sc_hd__nand4_1)
                                                         _102_ (net)
                      0.175063    0.000310    2.448362 ^ _515_/A (sky130_fd_sc_hd__and3_1)
     2    0.017436    0.283769    0.484825    2.933187 ^ _515_/X (sky130_fd_sc_hd__and3_1)
                                                         _167_ (net)
                      0.283769    0.001054    2.934241 ^ _516_/B (sky130_fd_sc_hd__nor2_1)
     2    0.005770    0.090758    0.172952    3.107193 v _516_/Y (sky130_fd_sc_hd__nor2_1)
                                                         _168_ (net)
                      0.090758    0.000178    3.107371 v _537_/A1 (sky130_fd_sc_hd__o21a_1)
     4    0.010832    0.127746    0.415125    3.522496 v _537_/X (sky130_fd_sc_hd__o21a_1)
                                                         _188_ (net)
                      0.127746    0.000340    3.522835 v _539_/A_N (sky130_fd_sc_hd__nand2b_1)
     1    0.004728    0.109925    0.343655    3.866491 v _539_/Y (sky130_fd_sc_hd__nand2b_1)
                                                         _190_ (net)
                      0.109925    0.000139    3.866629 v _543_/A (sky130_fd_sc_hd__xnor2_1)
     1    0.005417    0.110849    0.262321    4.128950 v _543_/Y (sky130_fd_sc_hd__xnor2_1)
                                                         net20 (net)
                      0.110849    0.000215    4.129166 v output20/A (sky130_fd_sc_hd__buf_4)
     1    0.035061    0.104460    0.325304    4.454470 v output20/X (sky130_fd_sc_hd__buf_4)
                                                         P[12] (net)
                      0.104466    0.000926    4.455396 v P[12] (out)
                                              4.455396   data arrival time

                      0.000000    0.000000    0.000000   clock __VIRTUAL_CLK__ (rise edge)
                                  0.000000    0.000000   clock network delay (ideal)
                                  0.250000    0.250000   clock uncertainty
                                  0.000000    0.250000   clock reconvergence pessimism
                                 -2.000000   -1.750000   output external delay
                                             -1.750000   data required time
---------------------------------------------------------------------------------------------
                                             -1.750000   data required time
                                             -4.455396   data arrival time
---------------------------------------------------------------------------------------------
                                              6.205396   slack (MET)



