
===========================================================================
report_checks -path_delay max (Setup)
============================================================================
======================= nom_tt_025C_1v80 Corner ===================================

Startpoint: B[3] (input port clocked by __VIRTUAL_CLK__)
Endpoint: P[13] (output port clocked by __VIRTUAL_CLK__)
Path Group: __VIRTUAL_CLK__
Path Type: max

Fanout         Cap        Slew       Delay        Time   Description
---------------------------------------------------------------------------------------------
                      0.000000    0.000000    0.000000   clock __VIRTUAL_CLK__ (rise edge)
                                  0.000000    0.000000   clock network delay (ideal)
                                  2.000000    2.000000 v input external delay
     1    0.007169    0.018312    0.011584    2.011584 v B[3] (in)
                                                         B[3] (net)
                      0.018312    0.000000    2.011584 v input12/A (sky130_fd_sc_hd__buf_8)
     4    0.014770    0.027595    0.108602    2.120186 v input12/X (sky130_fd_sc_hd__buf_8)
                                                         net12 (net)
                      0.027595    0.000046    2.120232 v fanout44/A (sky130_fd_sc_hd__buf_8)
     5    0.014645    0.027616    0.112164    2.232395 v fanout44/X (sky130_fd_sc_hd__buf_8)
                                                         net44 (net)
                      0.027616    0.000291    2.232686 v _294_/A (sky130_fd_sc_hd__or4bb_4)
     2    0.004454    0.084277    0.522021    2.754707 v _294_/X (sky130_fd_sc_hd__or4bb_4)
                                                         _229_ (net)
                      0.084277    0.000004    2.754710 v _297_/A1 (sky130_fd_sc_hd__a211o_1)
     3    0.005561    0.062421    0.281159    3.035870 v _297_/X (sky130_fd_sc_hd__a211o_1)
                                                         _232_ (net)
                      0.062421    0.000017    3.035887 v _310_/D_N (sky130_fd_sc_hd__or4b_4)
     2    0.015915    0.060938    0.230857    3.266744 ^ _310_/X (sky130_fd_sc_hd__or4b_4)
                                                         _244_ (net)
                      0.060938    0.000101    3.266845 ^ rebuffer12/A (sky130_fd_sc_hd__buf_6)
     1    0.008984    0.031497    0.094387    3.361231 ^ rebuffer12/X (sky130_fd_sc_hd__buf_6)
                                                         net61 (net)
                      0.031497    0.000028    3.361259 ^ _311_/B (sky130_fd_sc_hd__xor2_2)
     2    0.012238    0.195809    0.188662    3.549921 ^ _311_/X (sky130_fd_sc_hd__xor2_2)
                                                         _245_ (net)
                      0.195809    0.000045    3.549966 ^ _312_/A (sky130_fd_sc_hd__nor2_4)
     4    0.017866    0.058591    0.080806    3.630772 v _312_/Y (sky130_fd_sc_hd__nor2_4)
                                                         _246_ (net)
                      0.058591    0.000101    3.630873 v _331_/B (sky130_fd_sc_hd__nand2_2)
     1    0.005756    0.049805    0.073117    3.703990 ^ _331_/Y (sky130_fd_sc_hd__nand2_2)
                                                         _264_ (net)
                      0.049805    0.000030    3.704020 ^ _335_/A1 (sky130_fd_sc_hd__a21oi_2)
     1    0.003583    0.044083    0.045836    3.749856 v _335_/Y (sky130_fd_sc_hd__a21oi_2)
                                                         _268_ (net)
                      0.044083    0.000027    3.749883 v _390_/B (sky130_fd_sc_hd__or3_4)
     2    0.015265    0.083604    0.391859    4.141742 v _390_/X (sky130_fd_sc_hd__or3_4)
                                                         _046_ (net)
                      0.083604    0.000261    4.142003 v _392_/A (sky130_fd_sc_hd__xor2_2)
     2    0.010628    0.071682    0.200048    4.342051 v _392_/X (sky130_fd_sc_hd__xor2_2)
                                                         _048_ (net)
                      0.071682    0.000023    4.342073 v _394_/A (sky130_fd_sc_hd__xor2_2)
     2    0.011920    0.085423    0.198566    4.540639 v _394_/X (sky130_fd_sc_hd__xor2_2)
                                                         _050_ (net)
                      0.085423    0.000075    4.540715 v _396_/A (sky130_fd_sc_hd__xor2_2)
     2    0.009570    0.097749    0.198149    4.738863 v _396_/X (sky130_fd_sc_hd__xor2_2)
                                                         _052_ (net)
                      0.097749    0.000007    4.738871 v _434_/A2 (sky130_fd_sc_hd__a21bo_4)
     4    0.010835    0.042770    0.241654    4.980525 v _434_/X (sky130_fd_sc_hd__a21bo_4)
                                                         _089_ (net)
                      0.042770    0.000126    4.980651 v _541_/A3 (sky130_fd_sc_hd__a311o_1)
     3    0.010169    0.088204    0.386297    5.366948 v _541_/X (sky130_fd_sc_hd__a311o_1)
                                                         _192_ (net)
                      0.088204    0.000214    5.367161 v _556_/A1 (sky130_fd_sc_hd__a41o_1)
     3    0.013198    0.082971    0.237399    5.604559 v _556_/X (sky130_fd_sc_hd__a41o_1)
                                                         _206_ (net)
                      0.082971    0.000044    5.604603 v _558_/B1_N (sky130_fd_sc_hd__o21ba_4)
     1    0.010719    0.055466    0.244717    5.849320 ^ _558_/X (sky130_fd_sc_hd__o21ba_4)
                                                         net21 (net)
                      0.055466    0.000171    5.849491 ^ output21/A (sky130_fd_sc_hd__buf_8)
     1    0.034614    0.066195    0.120008    5.969499 ^ output21/X (sky130_fd_sc_hd__buf_8)
                                                         P[13] (net)
                      0.066195    0.000248    5.969746 ^ P[13] (out)
                                              5.969746   data arrival time

                      0.000000   10.000000   10.000000   clock __VIRTUAL_CLK__ (rise edge)
                                  0.000000   10.000000   clock network delay (ideal)
                                 -0.250000    9.750000   clock uncertainty
                                  0.000000    9.750000   clock reconvergence pessimism
                                 -2.000000    7.750000   output external delay
                                              7.750000   data required time
---------------------------------------------------------------------------------------------
                                              7.750000   data required time
                                             -5.969746   data arrival time
---------------------------------------------------------------------------------------------
                                              1.780254   slack (MET)


Startpoint: B[3] (input port clocked by __VIRTUAL_CLK__)
Endpoint: P[14] (output port clocked by __VIRTUAL_CLK__)
Path Group: __VIRTUAL_CLK__
Path Type: max

Fanout         Cap        Slew       Delay        Time   Description
---------------------------------------------------------------------------------------------
                      0.000000    0.000000    0.000000   clock __VIRTUAL_CLK__ (rise edge)
                                  0.000000    0.000000   clock network delay (ideal)
                                  2.000000    2.000000 v input external delay
     1    0.007169    0.018312    0.011584    2.011584 v B[3] (in)
                                                         B[3] (net)
                      0.018312    0.000000    2.011584 v input12/A (sky130_fd_sc_hd__buf_8)
     4    0.014770    0.027595    0.108602    2.120186 v input12/X (sky130_fd_sc_hd__buf_8)
                                                         net12 (net)
                      0.027595    0.000046    2.120232 v fanout44/A (sky130_fd_sc_hd__buf_8)
     5    0.014645    0.027616    0.112164    2.232395 v fanout44/X (sky130_fd_sc_hd__buf_8)
                                                         net44 (net)
                      0.027616    0.000291    2.232686 v _294_/A (sky130_fd_sc_hd__or4bb_4)
     2    0.004454    0.084277    0.522021    2.754707 v _294_/X (sky130_fd_sc_hd__or4bb_4)
                                                         _229_ (net)
                      0.084277    0.000004    2.754710 v _297_/A1 (sky130_fd_sc_hd__a211o_1)
     3    0.005561    0.062421    0.281159    3.035870 v _297_/X (sky130_fd_sc_hd__a211o_1)
                                                         _232_ (net)
                      0.062421    0.000017    3.035887 v _310_/D_N (sky130_fd_sc_hd__or4b_4)
     2    0.015915    0.060938    0.230857    3.266744 ^ _310_/X (sky130_fd_sc_hd__or4b_4)
                                                         _244_ (net)
                      0.060938    0.000101    3.266845 ^ rebuffer12/A (sky130_fd_sc_hd__buf_6)
     1    0.008984    0.031497    0.094387    3.361231 ^ rebuffer12/X (sky130_fd_sc_hd__buf_6)
                                                         net61 (net)
                      0.031497    0.000028    3.361259 ^ _311_/B (sky130_fd_sc_hd__xor2_2)
     2    0.012238    0.195809    0.188662    3.549921 ^ _311_/X (sky130_fd_sc_hd__xor2_2)
                                                         _245_ (net)
                      0.195809    0.000045    3.549966 ^ _312_/A (sky130_fd_sc_hd__nor2_4)
     4    0.017866    0.058591    0.080806    3.630772 v _312_/Y (sky130_fd_sc_hd__nor2_4)
                                                         _246_ (net)
                      0.058591    0.000101    3.630873 v _331_/B (sky130_fd_sc_hd__nand2_2)
     1    0.005756    0.049805    0.073117    3.703990 ^ _331_/Y (sky130_fd_sc_hd__nand2_2)
                                                         _264_ (net)
                      0.049805    0.000030    3.704020 ^ _335_/A1 (sky130_fd_sc_hd__a21oi_2)
     1    0.003583    0.044083    0.045836    3.749856 v _335_/Y (sky130_fd_sc_hd__a21oi_2)
                                                         _268_ (net)
                      0.044083    0.000027    3.749883 v _390_/B (sky130_fd_sc_hd__or3_4)
     2    0.015265    0.083604    0.391859    4.141742 v _390_/X (sky130_fd_sc_hd__or3_4)
                                                         _046_ (net)
                      0.083604    0.000261    4.142003 v _392_/A (sky130_fd_sc_hd__xor2_2)
     2    0.010628    0.071682    0.200048    4.342051 v _392_/X (sky130_fd_sc_hd__xor2_2)
                                                         _048_ (net)
                      0.071682    0.000023    4.342073 v _394_/A (sky130_fd_sc_hd__xor2_2)
     2    0.011920    0.085423    0.198566    4.540639 v _394_/X (sky130_fd_sc_hd__xor2_2)
                                                         _050_ (net)
                      0.085423    0.000075    4.540715 v _396_/A (sky130_fd_sc_hd__xor2_2)
     2    0.009570    0.097749    0.198149    4.738863 v _396_/X (sky130_fd_sc_hd__xor2_2)
                                                         _052_ (net)
                      0.097749    0.000007    4.738871 v _434_/A2 (sky130_fd_sc_hd__a21bo_4)
     4    0.010835    0.042770    0.241654    4.980525 v _434_/X (sky130_fd_sc_hd__a21bo_4)
                                                         _089_ (net)
                      0.042770    0.000126    4.980651 v _541_/A3 (sky130_fd_sc_hd__a311o_1)
     3    0.010169    0.088204    0.386297    5.366948 v _541_/X (sky130_fd_sc_hd__a311o_1)
                                                         _192_ (net)
                      0.088204    0.000214    5.367161 v _556_/A1 (sky130_fd_sc_hd__a41o_1)
     3    0.013198    0.082971    0.237399    5.604559 v _556_/X (sky130_fd_sc_hd__a41o_1)
                                                         _206_ (net)
                      0.082971    0.000207    5.604767 v _563_/A (sky130_fd_sc_hd__xor2_1)
     1    0.005422    0.162452    0.192931    5.797698 ^ _563_/X (sky130_fd_sc_hd__xor2_1)
                                                         net22 (net)
                      0.162452    0.000018    5.797715 ^ output22/A (sky130_fd_sc_hd__buf_6)
     1    0.034498    0.077965    0.160268    5.957983 ^ output22/X (sky130_fd_sc_hd__buf_6)
                                                         P[14] (net)
                      0.077965    0.000231    5.958215 ^ P[14] (out)
                                              5.958215   data arrival time

                      0.000000   10.000000   10.000000   clock __VIRTUAL_CLK__ (rise edge)
                                  0.000000   10.000000   clock network delay (ideal)
                                 -0.250000    9.750000   clock uncertainty
                                  0.000000    9.750000   clock reconvergence pessimism
                                 -2.000000    7.750000   output external delay
                                              7.750000   data required time
---------------------------------------------------------------------------------------------
                                              7.750000   data required time
                                             -5.958215   data arrival time
---------------------------------------------------------------------------------------------
                                              1.791785   slack (MET)


Startpoint: B[3] (input port clocked by __VIRTUAL_CLK__)
Endpoint: P[15] (output port clocked by __VIRTUAL_CLK__)
Path Group: __VIRTUAL_CLK__
Path Type: max

Fanout         Cap        Slew       Delay        Time   Description
---------------------------------------------------------------------------------------------
                      0.000000    0.000000    0.000000   clock __VIRTUAL_CLK__ (rise edge)
                                  0.000000    0.000000   clock network delay (ideal)
                                  2.000000    2.000000 v input external delay
     1    0.007169    0.018312    0.011584    2.011584 v B[3] (in)
                                                         B[3] (net)
                      0.018312    0.000000    2.011584 v input12/A (sky130_fd_sc_hd__buf_8)
     4    0.014770    0.027595    0.108602    2.120186 v input12/X (sky130_fd_sc_hd__buf_8)
                                                         net12 (net)
                      0.027595    0.000046    2.120232 v fanout44/A (sky130_fd_sc_hd__buf_8)
     5    0.014645    0.027616    0.112164    2.232395 v fanout44/X (sky130_fd_sc_hd__buf_8)
                                                         net44 (net)
                      0.027616    0.000291    2.232686 v _294_/A (sky130_fd_sc_hd__or4bb_4)
     2    0.004454    0.084277    0.522021    2.754707 v _294_/X (sky130_fd_sc_hd__or4bb_4)
                                                         _229_ (net)
                      0.084277    0.000004    2.754710 v _297_/A1 (sky130_fd_sc_hd__a211o_1)
     3    0.005561    0.062421    0.281159    3.035870 v _297_/X (sky130_fd_sc_hd__a211o_1)
                                                         _232_ (net)
                      0.062421    0.000017    3.035887 v _310_/D_N (sky130_fd_sc_hd__or4b_4)
     2    0.015915    0.060938    0.230857    3.266744 ^ _310_/X (sky130_fd_sc_hd__or4b_4)
                                                         _244_ (net)
                      0.060938    0.000101    3.266845 ^ rebuffer12/A (sky130_fd_sc_hd__buf_6)
     1    0.008984    0.031497    0.094387    3.361231 ^ rebuffer12/X (sky130_fd_sc_hd__buf_6)
                                                         net61 (net)
                      0.031497    0.000028    3.361259 ^ _311_/B (sky130_fd_sc_hd__xor2_2)
     2    0.012238    0.195809    0.188662    3.549921 ^ _311_/X (sky130_fd_sc_hd__xor2_2)
                                                         _245_ (net)
                      0.195809    0.000045    3.549966 ^ _312_/A (sky130_fd_sc_hd__nor2_4)
     4    0.017866    0.058591    0.080806    3.630772 v _312_/Y (sky130_fd_sc_hd__nor2_4)
                                                         _246_ (net)
                      0.058591    0.000101    3.630873 v _331_/B (sky130_fd_sc_hd__nand2_2)
     1    0.005756    0.049805    0.073117    3.703990 ^ _331_/Y (sky130_fd_sc_hd__nand2_2)
                                                         _264_ (net)
                      0.049805    0.000030    3.704020 ^ _335_/A1 (sky130_fd_sc_hd__a21oi_2)
     1    0.003583    0.044083    0.045836    3.749856 v _335_/Y (sky130_fd_sc_hd__a21oi_2)
                                                         _268_ (net)
                      0.044083    0.000027    3.749883 v _390_/B (sky130_fd_sc_hd__or3_4)
     2    0.015265    0.083604    0.391859    4.141742 v _390_/X (sky130_fd_sc_hd__or3_4)
                                                         _046_ (net)
                      0.083604    0.000261    4.142003 v _392_/A (sky130_fd_sc_hd__xor2_2)
     2    0.010628    0.071682    0.200048    4.342051 v _392_/X (sky130_fd_sc_hd__xor2_2)
                                                         _048_ (net)
                      0.071682    0.000023    4.342073 v _394_/A (sky130_fd_sc_hd__xor2_2)
     2    0.011920    0.085423    0.198566    4.540639 v _394_/X (sky130_fd_sc_hd__xor2_2)
                                                         _050_ (net)
                      0.085423    0.000075    4.540715 v _396_/A (sky130_fd_sc_hd__xor2_2)
     2    0.009570    0.097749    0.198149    4.738863 v _396_/X (sky130_fd_sc_hd__xor2_2)
                                                         _052_ (net)
                      0.097749    0.000007    4.738871 v _434_/A2 (sky130_fd_sc_hd__a21bo_4)
     4    0.010835    0.042770    0.241654    4.980525 v _434_/X (sky130_fd_sc_hd__a21bo_4)
                                                         _089_ (net)
                      0.042770    0.000126    4.980651 v _541_/A3 (sky130_fd_sc_hd__a311o_1)
     3    0.010169    0.088204    0.386297    5.366948 v _541_/X (sky130_fd_sc_hd__a311o_1)
                                                         _192_ (net)
                      0.088204    0.000214    5.367161 v _556_/A1 (sky130_fd_sc_hd__a41o_1)
     3    0.013198    0.082971    0.237399    5.604559 v _556_/X (sky130_fd_sc_hd__a41o_1)
                                                         _206_ (net)
                      0.082971    0.000210    5.604769 v _566_/A2 (sky130_fd_sc_hd__a21o_1)
     1    0.004790    0.042928    0.196210    5.800979 v _566_/X (sky130_fd_sc_hd__a21o_1)
                                                         net23 (net)
                      0.042928    0.000013    5.800992 v output23/A (sky130_fd_sc_hd__buf_6)
     1    0.034399    0.043702    0.136001    5.936993 v output23/X (sky130_fd_sc_hd__buf_6)
                                                         P[15] (net)
                      0.043702    0.000217    5.937210 v P[15] (out)
                                              5.937210   data arrival time

                      0.000000   10.000000   10.000000   clock __VIRTUAL_CLK__ (rise edge)
                                  0.000000   10.000000   clock network delay (ideal)
                                 -0.250000    9.750000   clock uncertainty
                                  0.000000    9.750000   clock reconvergence pessimism
                                 -2.000000    7.750000   output external delay
                                              7.750000   data required time
---------------------------------------------------------------------------------------------
                                              7.750000   data required time
                                             -5.937210   data arrival time
---------------------------------------------------------------------------------------------
                                              1.812790   slack (MET)


Startpoint: B[3] (input port clocked by __VIRTUAL_CLK__)
Endpoint: P[12] (output port clocked by __VIRTUAL_CLK__)
Path Group: __VIRTUAL_CLK__
Path Type: max

Fanout         Cap        Slew       Delay        Time   Description
---------------------------------------------------------------------------------------------
                      0.000000    0.000000    0.000000   clock __VIRTUAL_CLK__ (rise edge)
                                  0.000000    0.000000   clock network delay (ideal)
                                  2.000000    2.000000 v input external delay
     1    0.007169    0.018312    0.011584    2.011584 v B[3] (in)
                                                         B[3] (net)
                      0.018312    0.000000    2.011584 v input12/A (sky130_fd_sc_hd__buf_8)
     4    0.014770    0.027595    0.108602    2.120186 v input12/X (sky130_fd_sc_hd__buf_8)
                                                         net12 (net)
                      0.027595    0.000046    2.120232 v fanout44/A (sky130_fd_sc_hd__buf_8)
     5    0.014645    0.027616    0.112164    2.232395 v fanout44/X (sky130_fd_sc_hd__buf_8)
                                                         net44 (net)
                      0.027616    0.000291    2.232686 v _294_/A (sky130_fd_sc_hd__or4bb_4)
     2    0.004454    0.084277    0.522021    2.754707 v _294_/X (sky130_fd_sc_hd__or4bb_4)
                                                         _229_ (net)
                      0.084277    0.000004    2.754710 v _297_/A1 (sky130_fd_sc_hd__a211o_1)
     3    0.005561    0.062421    0.281159    3.035870 v _297_/X (sky130_fd_sc_hd__a211o_1)
                                                         _232_ (net)
                      0.062421    0.000017    3.035887 v _310_/D_N (sky130_fd_sc_hd__or4b_4)
     2    0.015915    0.060938    0.230857    3.266744 ^ _310_/X (sky130_fd_sc_hd__or4b_4)
                                                         _244_ (net)
                      0.060938    0.000101    3.266845 ^ rebuffer12/A (sky130_fd_sc_hd__buf_6)
     1    0.008984    0.031497    0.094387    3.361231 ^ rebuffer12/X (sky130_fd_sc_hd__buf_6)
                                                         net61 (net)
                      0.031497    0.000028    3.361259 ^ _311_/B (sky130_fd_sc_hd__xor2_2)
     2    0.012238    0.195809    0.188662    3.549921 ^ _311_/X (sky130_fd_sc_hd__xor2_2)
                                                         _245_ (net)
                      0.195809    0.000045    3.549966 ^ _312_/A (sky130_fd_sc_hd__nor2_4)
     4    0.017866    0.058591    0.080806    3.630772 v _312_/Y (sky130_fd_sc_hd__nor2_4)
                                                         _246_ (net)
                      0.058591    0.000101    3.630873 v _331_/B (sky130_fd_sc_hd__nand2_2)
     1    0.005756    0.049805    0.073117    3.703990 ^ _331_/Y (sky130_fd_sc_hd__nand2_2)
                                                         _264_ (net)
                      0.049805    0.000030    3.704020 ^ _335_/A1 (sky130_fd_sc_hd__a21oi_2)
     1    0.003583    0.044083    0.045836    3.749856 v _335_/Y (sky130_fd_sc_hd__a21oi_2)
                                                         _268_ (net)
                      0.044083    0.000027    3.749883 v _390_/B (sky130_fd_sc_hd__or3_4)
     2    0.015265    0.083604    0.391859    4.141742 v _390_/X (sky130_fd_sc_hd__or3_4)
                                                         _046_ (net)
                      0.083604    0.000261    4.142003 v _392_/A (sky130_fd_sc_hd__xor2_2)
     2    0.010628    0.071682    0.200048    4.342051 v _392_/X (sky130_fd_sc_hd__xor2_2)
                                                         _048_ (net)
                      0.071682    0.000023    4.342073 v _394_/A (sky130_fd_sc_hd__xor2_2)
     2    0.011920    0.085423    0.198566    4.540639 v _394_/X (sky130_fd_sc_hd__xor2_2)
                                                         _050_ (net)
                      0.085423    0.000075    4.540715 v _396_/A (sky130_fd_sc_hd__xor2_2)
     2    0.009570    0.097749    0.198149    4.738863 v _396_/X (sky130_fd_sc_hd__xor2_2)
                                                         _052_ (net)
                      0.097749    0.000007    4.738871 v _434_/A2 (sky130_fd_sc_hd__a21bo_4)
     4    0.010835    0.042770    0.241654    4.980525 v _434_/X (sky130_fd_sc_hd__a21bo_4)
                                                         _089_ (net)
                      0.042770    0.000126    4.980651 v _541_/A3 (sky130_fd_sc_hd__a311o_1)
     3    0.010169    0.088204    0.386297    5.366948 v _541_/X (sky130_fd_sc_hd__a311o_1)
                                                         _192_ (net)
                      0.088204    0.000203    5.367151 v rebuffer1/A (sky130_fd_sc_hd__dlymetal6s2s_1)
     1    0.004428    0.045895    0.159912    5.527062 v rebuffer1/X (sky130_fd_sc_hd__dlymetal6s2s_1)
                                                         net50 (net)
                      0.045895    0.000006    5.527069 v _542_/B (sky130_fd_sc_hd__nand2_2)
     1    0.008996    0.066385    0.079054    5.606123 ^ _542_/Y (sky130_fd_sc_hd__nand2_2)
                                                         _193_ (net)
                      0.066385    0.000020    5.606143 ^ _543_/B (sky130_fd_sc_hd__xnor2_2)
     1    0.009147    0.168061    0.122914    5.729057 ^ _543_/Y (sky130_fd_sc_hd__xnor2_2)
                                                         net20 (net)
                      0.168061    0.000125    5.729182 ^ output20/A (sky130_fd_sc_hd__buf_6)
     1    0.034111    0.077306    0.161012    5.890194 ^ output20/X (sky130_fd_sc_hd__buf_6)
                                                         P[12] (net)
                      0.077306    0.000101    5.890296 ^ P[12] (out)
                                              5.890296   data arrival time

                      0.000000   10.000000   10.000000   clock __VIRTUAL_CLK__ (rise edge)
                                  0.000000   10.000000   clock network delay (ideal)
                                 -0.250000    9.750000   clock uncertainty
                                  0.000000    9.750000   clock reconvergence pessimism
                                 -2.000000    7.750000   output external delay
                                              7.750000   data required time
---------------------------------------------------------------------------------------------
                                              7.750000   data required time
                                             -5.890296   data arrival time
---------------------------------------------------------------------------------------------
                                              1.859704   slack (MET)


Startpoint: B[3] (input port clocked by __VIRTUAL_CLK__)
Endpoint: P[11] (output port clocked by __VIRTUAL_CLK__)
Path Group: __VIRTUAL_CLK__
Path Type: max

Fanout         Cap        Slew       Delay        Time   Description
---------------------------------------------------------------------------------------------
                      0.000000    0.000000    0.000000   clock __VIRTUAL_CLK__ (rise edge)
                                  0.000000    0.000000   clock network delay (ideal)
                                  2.000000    2.000000 v input external delay
     1    0.007169    0.018312    0.011584    2.011584 v B[3] (in)
                                                         B[3] (net)
                      0.018312    0.000000    2.011584 v input12/A (sky130_fd_sc_hd__buf_8)
     4    0.014770    0.027595    0.108602    2.120186 v input12/X (sky130_fd_sc_hd__buf_8)
                                                         net12 (net)
                      0.027595    0.000046    2.120232 v fanout44/A (sky130_fd_sc_hd__buf_8)
     5    0.014645    0.027616    0.112164    2.232395 v fanout44/X (sky130_fd_sc_hd__buf_8)
                                                         net44 (net)
                      0.027616    0.000291    2.232686 v _294_/A (sky130_fd_sc_hd__or4bb_4)
     2    0.004454    0.084277    0.522021    2.754707 v _294_/X (sky130_fd_sc_hd__or4bb_4)
                                                         _229_ (net)
                      0.084277    0.000004    2.754710 v _297_/A1 (sky130_fd_sc_hd__a211o_1)
     3    0.005561    0.062421    0.281159    3.035870 v _297_/X (sky130_fd_sc_hd__a211o_1)
                                                         _232_ (net)
                      0.062421    0.000017    3.035887 v _310_/D_N (sky130_fd_sc_hd__or4b_4)
     2    0.015915    0.060938    0.230857    3.266744 ^ _310_/X (sky130_fd_sc_hd__or4b_4)
                                                         _244_ (net)
                      0.060938    0.000101    3.266845 ^ rebuffer12/A (sky130_fd_sc_hd__buf_6)
     1    0.008984    0.031497    0.094387    3.361231 ^ rebuffer12/X (sky130_fd_sc_hd__buf_6)
                                                         net61 (net)
                      0.031497    0.000028    3.361259 ^ _311_/B (sky130_fd_sc_hd__xor2_2)
     2    0.012238    0.195809    0.188662    3.549921 ^ _311_/X (sky130_fd_sc_hd__xor2_2)
                                                         _245_ (net)
                      0.195809    0.000045    3.549966 ^ _312_/A (sky130_fd_sc_hd__nor2_4)
     4    0.017866    0.058591    0.080806    3.630772 v _312_/Y (sky130_fd_sc_hd__nor2_4)
                                                         _246_ (net)
                      0.058591    0.000101    3.630873 v _331_/B (sky130_fd_sc_hd__nand2_2)
     1    0.005756    0.049805    0.073117    3.703990 ^ _331_/Y (sky130_fd_sc_hd__nand2_2)
                                                         _264_ (net)
                      0.049805    0.000030    3.704020 ^ _335_/A1 (sky130_fd_sc_hd__a21oi_2)
     1    0.003583    0.044083    0.045836    3.749856 v _335_/Y (sky130_fd_sc_hd__a21oi_2)
                                                         _268_ (net)
                      0.044083    0.000027    3.749883 v _390_/B (sky130_fd_sc_hd__or3_4)
     2    0.015265    0.083604    0.391859    4.141742 v _390_/X (sky130_fd_sc_hd__or3_4)
                                                         _046_ (net)
                      0.083604    0.000261    4.142003 v _392_/A (sky130_fd_sc_hd__xor2_2)
     2    0.010628    0.071682    0.200048    4.342051 v _392_/X (sky130_fd_sc_hd__xor2_2)
                                                         _048_ (net)
                      0.071682    0.000023    4.342073 v _394_/A (sky130_fd_sc_hd__xor2_2)
     2    0.011920    0.085423    0.198566    4.540639 v _394_/X (sky130_fd_sc_hd__xor2_2)
                                                         _050_ (net)
                      0.085423    0.000075    4.540715 v _396_/A (sky130_fd_sc_hd__xor2_2)
     2    0.009570    0.097749    0.198149    4.738863 v _396_/X (sky130_fd_sc_hd__xor2_2)
                                                         _052_ (net)
                      0.097749    0.000007    4.738871 v _434_/A2 (sky130_fd_sc_hd__a21bo_4)
     4    0.010835    0.042770    0.241654    4.980525 v _434_/X (sky130_fd_sc_hd__a21bo_4)
                                                         _089_ (net)
                      0.042770    0.000122    4.980647 v _493_/A2 (sky130_fd_sc_hd__a31o_1)
     2    0.014512    0.086354    0.251727    5.232374 v _493_/X (sky130_fd_sc_hd__a31o_1)
                                                         _146_ (net)
                      0.086354    0.000135    5.232508 v _516_/A1 (sky130_fd_sc_hd__a21oi_2)
     1    0.009256    0.149605    0.176185    5.408694 ^ _516_/Y (sky130_fd_sc_hd__a21oi_2)
                                                         _168_ (net)
                      0.149605    0.000039    5.408732 ^ _517_/B (sky130_fd_sc_hd__xnor2_2)
     1    0.008856    0.164902    0.142634    5.551366 ^ _517_/Y (sky130_fd_sc_hd__xnor2_2)
                                                         net19 (net)
                      0.164902    0.000117    5.551484 ^ output19/A (sky130_fd_sc_hd__buf_6)
     1    0.034197    0.077427    0.160444    5.711927 ^ output19/X (sky130_fd_sc_hd__buf_6)
                                                         P[11] (net)
                      0.077427    0.000121    5.712049 ^ P[11] (out)
                                              5.712049   data arrival time

                      0.000000   10.000000   10.000000   clock __VIRTUAL_CLK__ (rise edge)
                                  0.000000   10.000000   clock network delay (ideal)
                                 -0.250000    9.750000   clock uncertainty
                                  0.000000    9.750000   clock reconvergence pessimism
                                 -2.000000    7.750000   output external delay
                                              7.750000   data required time
---------------------------------------------------------------------------------------------
                                              7.750000   data required time
                                             -5.712049   data arrival time
---------------------------------------------------------------------------------------------
                                              2.037951   slack (MET)


Startpoint: B[3] (input port clocked by __VIRTUAL_CLK__)
Endpoint: P[8] (output port clocked by __VIRTUAL_CLK__)
Path Group: __VIRTUAL_CLK__
Path Type: max

Fanout         Cap        Slew       Delay        Time   Description
---------------------------------------------------------------------------------------------
                      0.000000    0.000000    0.000000   clock __VIRTUAL_CLK__ (rise edge)
                                  0.000000    0.000000   clock network delay (ideal)
                                  2.000000    2.000000 v input external delay
     1    0.007169    0.018312    0.011584    2.011584 v B[3] (in)
                                                         B[3] (net)
                      0.018312    0.000000    2.011584 v input12/A (sky130_fd_sc_hd__buf_8)
     4    0.014770    0.027595    0.108602    2.120186 v input12/X (sky130_fd_sc_hd__buf_8)
                                                         net12 (net)
                      0.027595    0.000046    2.120232 v fanout44/A (sky130_fd_sc_hd__buf_8)
     5    0.014645    0.027616    0.112164    2.232395 v fanout44/X (sky130_fd_sc_hd__buf_8)
                                                         net44 (net)
                      0.027616    0.000291    2.232686 v _294_/A (sky130_fd_sc_hd__or4bb_4)
     2    0.004454    0.084277    0.522021    2.754707 v _294_/X (sky130_fd_sc_hd__or4bb_4)
                                                         _229_ (net)
                      0.084277    0.000004    2.754710 v _297_/A1 (sky130_fd_sc_hd__a211o_1)
     3    0.005561    0.062421    0.281159    3.035870 v _297_/X (sky130_fd_sc_hd__a211o_1)
                                                         _232_ (net)
                      0.062421    0.000017    3.035887 v _310_/D_N (sky130_fd_sc_hd__or4b_4)
     2    0.015915    0.060938    0.230857    3.266744 ^ _310_/X (sky130_fd_sc_hd__or4b_4)
                                                         _244_ (net)
                      0.060938    0.000101    3.266845 ^ rebuffer12/A (sky130_fd_sc_hd__buf_6)
     1    0.008984    0.031497    0.094387    3.361231 ^ rebuffer12/X (sky130_fd_sc_hd__buf_6)
                                                         net61 (net)
                      0.031497    0.000028    3.361259 ^ _311_/B (sky130_fd_sc_hd__xor2_2)
     2    0.012238    0.195809    0.188662    3.549921 ^ _311_/X (sky130_fd_sc_hd__xor2_2)
                                                         _245_ (net)
                      0.195809    0.000045    3.549966 ^ _312_/A (sky130_fd_sc_hd__nor2_4)
     4    0.017866    0.058591    0.080806    3.630772 v _312_/Y (sky130_fd_sc_hd__nor2_4)
                                                         _246_ (net)
                      0.058591    0.000091    3.630863 v _346_/B (sky130_fd_sc_hd__xnor2_2)
     2    0.008925    0.072180    0.146380    3.777243 v _346_/Y (sky130_fd_sc_hd__xnor2_2)
                                                         _003_ (net)
                      0.072180    0.000068    3.777311 v _353_/B (sky130_fd_sc_hd__xnor2_1)
     2    0.004209    0.056376    0.137014    3.914325 v _353_/Y (sky130_fd_sc_hd__xnor2_1)
                                                         _010_ (net)
                      0.056376    0.000008    3.914333 v _358_/B (sky130_fd_sc_hd__and2_1)
     1    0.002913    0.035613    0.155711    4.070044 v _358_/X (sky130_fd_sc_hd__and2_1)
                                                         _015_ (net)
                      0.035613    0.000010    4.070054 v _359_/B (sky130_fd_sc_hd__or2_4)
     2    0.007635    0.050994    0.227935    4.297988 v _359_/X (sky130_fd_sc_hd__or2_4)
                                                         _016_ (net)
                      0.050994    0.000016    4.298005 v _360_/B (sky130_fd_sc_hd__or3_4)
     2    0.014227    0.081473    0.391214    4.689219 v _360_/X (sky130_fd_sc_hd__or3_4)
                                                         _017_ (net)
                      0.081473    0.000076    4.689295 v _397_/A1 (sky130_fd_sc_hd__o21ai_4)
     2    0.010260    0.130708    0.174304    4.863598 ^ _397_/Y (sky130_fd_sc_hd__o21ai_4)
                                                         _053_ (net)
                      0.130708    0.000055    4.863653 ^ _434_/A1 (sky130_fd_sc_hd__a21bo_4)
     4    0.011688    0.053560    0.151558    5.015212 ^ _434_/X (sky130_fd_sc_hd__a21bo_4)
                                                         _089_ (net)
                      0.053560    0.000065    5.015277 ^ rebuffer11/A (sky130_fd_sc_hd__dlygate4sd1_1)
     1    0.008912    0.097077    0.232901    5.248178 ^ rebuffer11/X (sky130_fd_sc_hd__dlygate4sd1_1)
                                                         net60 (net)
                      0.097077    0.000020    5.248197 ^ _435_/B (sky130_fd_sc_hd__xor2_2)
     1    0.009365    0.158722    0.181163    5.429360 ^ _435_/X (sky130_fd_sc_hd__xor2_2)
                                                         net31 (net)
                      0.158722    0.000137    5.429497 ^ output31/A (sky130_fd_sc_hd__buf_6)
     1    0.034092    0.077157    0.158998    5.588496 ^ output31/X (sky130_fd_sc_hd__buf_6)
                                                         P[8] (net)
                      0.077157    0.000097    5.588593 ^ P[8] (out)
                                              5.588593   data arrival time

                      0.000000   10.000000   10.000000   clock __VIRTUAL_CLK__ (rise edge)
                                  0.000000   10.000000   clock network delay (ideal)
                                 -0.250000    9.750000   clock uncertainty
                                  0.000000    9.750000   clock reconvergence pessimism
                                 -2.000000    7.750000   output external delay
                                              7.750000   data required time
---------------------------------------------------------------------------------------------
                                              7.750000   data required time
                                             -5.588593   data arrival time
---------------------------------------------------------------------------------------------
                                              2.161407   slack (MET)


Startpoint: B[3] (input port clocked by __VIRTUAL_CLK__)
Endpoint: P[10] (output port clocked by __VIRTUAL_CLK__)
Path Group: __VIRTUAL_CLK__
Path Type: max

Fanout         Cap        Slew       Delay        Time   Description
---------------------------------------------------------------------------------------------
                      0.000000    0.000000    0.000000   clock __VIRTUAL_CLK__ (rise edge)
                                  0.000000    0.000000   clock network delay (ideal)
                                  2.000000    2.000000 v input external delay
     1    0.007169    0.018312    0.011584    2.011584 v B[3] (in)
                                                         B[3] (net)
                      0.018312    0.000000    2.011584 v input12/A (sky130_fd_sc_hd__buf_8)
     4    0.014770    0.027595    0.108602    2.120186 v input12/X (sky130_fd_sc_hd__buf_8)
                                                         net12 (net)
                      0.027595    0.000046    2.120232 v fanout44/A (sky130_fd_sc_hd__buf_8)
     5    0.014645    0.027616    0.112164    2.232395 v fanout44/X (sky130_fd_sc_hd__buf_8)
                                                         net44 (net)
                      0.027616    0.000291    2.232686 v _294_/A (sky130_fd_sc_hd__or4bb_4)
     2    0.004454    0.084277    0.522021    2.754707 v _294_/X (sky130_fd_sc_hd__or4bb_4)
                                                         _229_ (net)
                      0.084277    0.000004    2.754710 v _297_/A1 (sky130_fd_sc_hd__a211o_1)
     3    0.005561    0.062421    0.281159    3.035870 v _297_/X (sky130_fd_sc_hd__a211o_1)
                                                         _232_ (net)
                      0.062421    0.000017    3.035887 v _310_/D_N (sky130_fd_sc_hd__or4b_4)
     2    0.015915    0.060938    0.230857    3.266744 ^ _310_/X (sky130_fd_sc_hd__or4b_4)
                                                         _244_ (net)
                      0.060938    0.000101    3.266845 ^ rebuffer12/A (sky130_fd_sc_hd__buf_6)
     1    0.008984    0.031497    0.094387    3.361231 ^ rebuffer12/X (sky130_fd_sc_hd__buf_6)
                                                         net61 (net)
                      0.031497    0.000028    3.361259 ^ _311_/B (sky130_fd_sc_hd__xor2_2)
     2    0.012238    0.195809    0.188662    3.549921 ^ _311_/X (sky130_fd_sc_hd__xor2_2)
                                                         _245_ (net)
                      0.195809    0.000045    3.549966 ^ _312_/A (sky130_fd_sc_hd__nor2_4)
     4    0.017866    0.058591    0.080806    3.630772 v _312_/Y (sky130_fd_sc_hd__nor2_4)
                                                         _246_ (net)
                      0.058591    0.000101    3.630873 v _331_/B (sky130_fd_sc_hd__nand2_2)
     1    0.005756    0.049805    0.073117    3.703990 ^ _331_/Y (sky130_fd_sc_hd__nand2_2)
                                                         _264_ (net)
                      0.049805    0.000030    3.704020 ^ _335_/A1 (sky130_fd_sc_hd__a21oi_2)
     1    0.003583    0.044083    0.045836    3.749856 v _335_/Y (sky130_fd_sc_hd__a21oi_2)
                                                         _268_ (net)
                      0.044083    0.000027    3.749883 v _390_/B (sky130_fd_sc_hd__or3_4)
     2    0.015265    0.083604    0.391859    4.141742 v _390_/X (sky130_fd_sc_hd__or3_4)
                                                         _046_ (net)
                      0.083604    0.000261    4.142003 v _392_/A (sky130_fd_sc_hd__xor2_2)
     2    0.010628    0.071682    0.200048    4.342051 v _392_/X (sky130_fd_sc_hd__xor2_2)
                                                         _048_ (net)
                      0.071682    0.000023    4.342073 v _394_/A (sky130_fd_sc_hd__xor2_2)
     2    0.011920    0.085423    0.198566    4.540639 v _394_/X (sky130_fd_sc_hd__xor2_2)
                                                         _050_ (net)
                      0.085423    0.000075    4.540715 v _396_/A (sky130_fd_sc_hd__xor2_2)
     2    0.009570    0.097749    0.198149    4.738863 v _396_/X (sky130_fd_sc_hd__xor2_2)
                                                         _052_ (net)
                      0.097749    0.000007    4.738871 v _434_/A2 (sky130_fd_sc_hd__a21bo_4)
     4    0.010835    0.042770    0.241654    4.980525 v _434_/X (sky130_fd_sc_hd__a21bo_4)
                                                         _089_ (net)
                      0.042770    0.000122    4.980647 v _493_/A2 (sky130_fd_sc_hd__a31o_1)
     2    0.014512    0.086354    0.251727    5.232374 v _493_/X (sky130_fd_sc_hd__a31o_1)
                                                         _146_ (net)
                      0.086354    0.000145    5.232519 v _494_/B (sky130_fd_sc_hd__xnor2_2)
     1    0.008859    0.164956    0.174876    5.407395 ^ _494_/Y (sky130_fd_sc_hd__xnor2_2)
                                                         net18 (net)
                      0.164956    0.000117    5.407512 ^ output18/A (sky130_fd_sc_hd__buf_6)
     1    0.034111    0.077268    0.160350    5.567863 ^ output18/X (sky130_fd_sc_hd__buf_6)
                                                         P[10] (net)
                      0.077268    0.000101    5.567964 ^ P[10] (out)
                                              5.567964   data arrival time

                      0.000000   10.000000   10.000000   clock __VIRTUAL_CLK__ (rise edge)
                                  0.000000   10.000000   clock network delay (ideal)
                                 -0.250000    9.750000   clock uncertainty
                                  0.000000    9.750000   clock reconvergence pessimism
                                 -2.000000    7.750000   output external delay
                                              7.750000   data required time
---------------------------------------------------------------------------------------------
                                              7.750000   data required time
                                             -5.567964   data arrival time
---------------------------------------------------------------------------------------------
                                              2.182036   slack (MET)


Startpoint: B[3] (input port clocked by __VIRTUAL_CLK__)
Endpoint: P[9] (output port clocked by __VIRTUAL_CLK__)
Path Group: __VIRTUAL_CLK__
Path Type: max

Fanout         Cap        Slew       Delay        Time   Description
---------------------------------------------------------------------------------------------
                      0.000000    0.000000    0.000000   clock __VIRTUAL_CLK__ (rise edge)
                                  0.000000    0.000000   clock network delay (ideal)
                                  2.000000    2.000000 v input external delay
     1    0.007169    0.018312    0.011584    2.011584 v B[3] (in)
                                                         B[3] (net)
                      0.018312    0.000000    2.011584 v input12/A (sky130_fd_sc_hd__buf_8)
     4    0.014770    0.027595    0.108602    2.120186 v input12/X (sky130_fd_sc_hd__buf_8)
                                                         net12 (net)
                      0.027595    0.000046    2.120232 v fanout44/A (sky130_fd_sc_hd__buf_8)
     5    0.014645    0.027616    0.112164    2.232395 v fanout44/X (sky130_fd_sc_hd__buf_8)
                                                         net44 (net)
                      0.027616    0.000291    2.232686 v _294_/A (sky130_fd_sc_hd__or4bb_4)
     2    0.004454    0.084277    0.522021    2.754707 v _294_/X (sky130_fd_sc_hd__or4bb_4)
                                                         _229_ (net)
                      0.084277    0.000004    2.754710 v _297_/A1 (sky130_fd_sc_hd__a211o_1)
     3    0.005561    0.062421    0.281159    3.035870 v _297_/X (sky130_fd_sc_hd__a211o_1)
                                                         _232_ (net)
                      0.062421    0.000017    3.035887 v _310_/D_N (sky130_fd_sc_hd__or4b_4)
     2    0.015915    0.060938    0.230857    3.266744 ^ _310_/X (sky130_fd_sc_hd__or4b_4)
                                                         _244_ (net)
                      0.060938    0.000101    3.266845 ^ rebuffer12/A (sky130_fd_sc_hd__buf_6)
     1    0.008984    0.031497    0.094387    3.361231 ^ rebuffer12/X (sky130_fd_sc_hd__buf_6)
                                                         net61 (net)
                      0.031497    0.000028    3.361259 ^ _311_/B (sky130_fd_sc_hd__xor2_2)
     2    0.012238    0.195809    0.188662    3.549921 ^ _311_/X (sky130_fd_sc_hd__xor2_2)
                                                         _245_ (net)
                      0.195809    0.000045    3.549966 ^ _312_/A (sky130_fd_sc_hd__nor2_4)
     4    0.017866    0.058591    0.080806    3.630772 v _312_/Y (sky130_fd_sc_hd__nor2_4)
                                                         _246_ (net)
                      0.058591    0.000101    3.630873 v _331_/B (sky130_fd_sc_hd__nand2_2)
     1    0.005756    0.049805    0.073117    3.703990 ^ _331_/Y (sky130_fd_sc_hd__nand2_2)
                                                         _264_ (net)
                      0.049805    0.000030    3.704020 ^ _335_/A1 (sky130_fd_sc_hd__a21oi_2)
     1    0.003583    0.044083    0.045836    3.749856 v _335_/Y (sky130_fd_sc_hd__a21oi_2)
                                                         _268_ (net)
                      0.044083    0.000027    3.749883 v _390_/B (sky130_fd_sc_hd__or3_4)
     2    0.015265    0.083604    0.391859    4.141742 v _390_/X (sky130_fd_sc_hd__or3_4)
                                                         _046_ (net)
                      0.083604    0.000261    4.142003 v _392_/A (sky130_fd_sc_hd__xor2_2)
     2    0.010628    0.071682    0.200048    4.342051 v _392_/X (sky130_fd_sc_hd__xor2_2)
                                                         _048_ (net)
                      0.071682    0.000023    4.342073 v _394_/A (sky130_fd_sc_hd__xor2_2)
     2    0.011920    0.085423    0.198566    4.540639 v _394_/X (sky130_fd_sc_hd__xor2_2)
                                                         _050_ (net)
                      0.085423    0.000075    4.540715 v _396_/A (sky130_fd_sc_hd__xor2_2)
     2    0.009570    0.097749    0.198149    4.738863 v _396_/X (sky130_fd_sc_hd__xor2_2)
                                                         _052_ (net)
                      0.097749    0.000007    4.738871 v _434_/A2 (sky130_fd_sc_hd__a21bo_4)
     4    0.010835    0.042770    0.241654    4.980525 v _434_/X (sky130_fd_sc_hd__a21bo_4)
                                                         _089_ (net)
                      0.042770    0.000106    4.980631 v _472_/A2 (sky130_fd_sc_hd__a21oi_1)
     1    0.008856    0.223587    0.220333    5.200964 ^ _472_/Y (sky130_fd_sc_hd__a21oi_1)
                                                         _126_ (net)
                      0.223587    0.000015    5.200979 ^ _473_/B (sky130_fd_sc_hd__xnor2_2)
     1    0.009410    0.170897    0.156965    5.357944 ^ _473_/Y (sky130_fd_sc_hd__xnor2_2)
                                                         net32 (net)
                      0.170897    0.000138    5.358082 ^ output32/A (sky130_fd_sc_hd__buf_6)
     1    0.034111    0.077340    0.161617    5.519699 ^ output32/X (sky130_fd_sc_hd__buf_6)
                                                         P[9] (net)
                      0.077340    0.000101    5.519800 ^ P[9] (out)
                                              5.519800   data arrival time

                      0.000000   10.000000   10.000000   clock __VIRTUAL_CLK__ (rise edge)
                                  0.000000   10.000000   clock network delay (ideal)
                                 -0.250000    9.750000   clock uncertainty
                                  0.000000    9.750000   clock reconvergence pessimism
                                 -2.000000    7.750000   output external delay
                                              7.750000   data required time
---------------------------------------------------------------------------------------------
                                              7.750000   data required time
                                             -5.519800   data arrival time
---------------------------------------------------------------------------------------------
                                              2.230200   slack (MET)


Startpoint: B[3] (input port clocked by __VIRTUAL_CLK__)
Endpoint: P[7] (output port clocked by __VIRTUAL_CLK__)
Path Group: __VIRTUAL_CLK__
Path Type: max

Fanout         Cap        Slew       Delay        Time   Description
---------------------------------------------------------------------------------------------
                      0.000000    0.000000    0.000000   clock __VIRTUAL_CLK__ (rise edge)
                                  0.000000    0.000000   clock network delay (ideal)
                                  2.000000    2.000000 v input external delay
     1    0.007169    0.018312    0.011584    2.011584 v B[3] (in)
                                                         B[3] (net)
                      0.018312    0.000000    2.011584 v input12/A (sky130_fd_sc_hd__buf_8)
     4    0.014770    0.027595    0.108602    2.120186 v input12/X (sky130_fd_sc_hd__buf_8)
                                                         net12 (net)
                      0.027595    0.000046    2.120232 v fanout44/A (sky130_fd_sc_hd__buf_8)
     5    0.014645    0.027616    0.112164    2.232395 v fanout44/X (sky130_fd_sc_hd__buf_8)
                                                         net44 (net)
                      0.027616    0.000291    2.232686 v _294_/A (sky130_fd_sc_hd__or4bb_4)
     2    0.004454    0.084277    0.522021    2.754707 v _294_/X (sky130_fd_sc_hd__or4bb_4)
                                                         _229_ (net)
                      0.084277    0.000004    2.754710 v _297_/A1 (sky130_fd_sc_hd__a211o_1)
     3    0.005561    0.062421    0.281159    3.035870 v _297_/X (sky130_fd_sc_hd__a211o_1)
                                                         _232_ (net)
                      0.062421    0.000017    3.035887 v _310_/D_N (sky130_fd_sc_hd__or4b_4)
     2    0.015915    0.060938    0.230857    3.266744 ^ _310_/X (sky130_fd_sc_hd__or4b_4)
                                                         _244_ (net)
                      0.060938    0.000101    3.266845 ^ rebuffer12/A (sky130_fd_sc_hd__buf_6)
     1    0.008984    0.031497    0.094387    3.361231 ^ rebuffer12/X (sky130_fd_sc_hd__buf_6)
                                                         net61 (net)
                      0.031497    0.000028    3.361259 ^ _311_/B (sky130_fd_sc_hd__xor2_2)
     2    0.012238    0.195809    0.188662    3.549921 ^ _311_/X (sky130_fd_sc_hd__xor2_2)
                                                         _245_ (net)
                      0.195809    0.000045    3.549966 ^ _312_/A (sky130_fd_sc_hd__nor2_4)
     4    0.017866    0.058591    0.080806    3.630772 v _312_/Y (sky130_fd_sc_hd__nor2_4)
                                                         _246_ (net)
                      0.058591    0.000091    3.630863 v _346_/B (sky130_fd_sc_hd__xnor2_2)
     2    0.008925    0.072180    0.146380    3.777243 v _346_/Y (sky130_fd_sc_hd__xnor2_2)
                                                         _003_ (net)
                      0.072180    0.000068    3.777311 v _353_/B (sky130_fd_sc_hd__xnor2_1)
     2    0.004209    0.056376    0.137014    3.914325 v _353_/Y (sky130_fd_sc_hd__xnor2_1)
                                                         _010_ (net)
                      0.056376    0.000008    3.914333 v _358_/B (sky130_fd_sc_hd__and2_1)
     1    0.002913    0.035613    0.155711    4.070044 v _358_/X (sky130_fd_sc_hd__and2_1)
                                                         _015_ (net)
                      0.035613    0.000010    4.070054 v _359_/B (sky130_fd_sc_hd__or2_4)
     2    0.007635    0.050994    0.227935    4.297988 v _359_/X (sky130_fd_sc_hd__or2_4)
                                                         _016_ (net)
                      0.050994    0.000016    4.298005 v _360_/B (sky130_fd_sc_hd__or3_4)
     2    0.014227    0.081473    0.391214    4.689219 v _360_/X (sky130_fd_sc_hd__or3_4)
                                                         _017_ (net)
                      0.081473    0.000076    4.689295 v _397_/A1 (sky130_fd_sc_hd__o21ai_4)
     2    0.010260    0.130708    0.174304    4.863598 ^ _397_/Y (sky130_fd_sc_hd__o21ai_4)
                                                         _053_ (net)
                      0.130708    0.000033    4.863632 ^ _398_/B (sky130_fd_sc_hd__xor2_1)
     1    0.008124    0.205021    0.225246    5.088878 ^ _398_/X (sky130_fd_sc_hd__xor2_1)
                                                         net30 (net)
                      0.205021    0.000129    5.089007 ^ output30/A (sky130_fd_sc_hd__buf_4)
     1    0.034192    0.103181    0.206835    5.295842 ^ output30/X (sky130_fd_sc_hd__buf_4)
                                                         P[7] (net)
                      0.103181    0.000123    5.295965 ^ P[7] (out)
                                              5.295965   data arrival time

                      0.000000   10.000000   10.000000   clock __VIRTUAL_CLK__ (rise edge)
                                  0.000000   10.000000   clock network delay (ideal)
                                 -0.250000    9.750000   clock uncertainty
                                  0.000000    9.750000   clock reconvergence pessimism
                                 -2.000000    7.750000   output external delay
                                              7.750000   data required time
---------------------------------------------------------------------------------------------
                                              7.750000   data required time
                                             -5.295965   data arrival time
---------------------------------------------------------------------------------------------
                                              2.454035   slack (MET)


Startpoint: A[3] (input port clocked by __VIRTUAL_CLK__)
Endpoint: P[6] (output port clocked by __VIRTUAL_CLK__)
Path Group: __VIRTUAL_CLK__
Path Type: max

Fanout         Cap        Slew       Delay        Time   Description
---------------------------------------------------------------------------------------------
                      0.000000    0.000000    0.000000   clock __VIRTUAL_CLK__ (rise edge)
                                  0.000000    0.000000   clock network delay (ideal)
                                  2.000000    2.000000 ^ input external delay
     1    0.002730    0.019431    0.010046    2.010046 ^ A[3] (in)
                                                         A[3] (net)
                      0.019431    0.000000    2.010046 ^ input4/A (sky130_fd_sc_hd__buf_1)
     2    0.011229    0.138575    0.138555    2.148601 ^ input4/X (sky130_fd_sc_hd__buf_1)
                                                         net4 (net)
                      0.138575    0.000082    2.148682 ^ fanout38/A (sky130_fd_sc_hd__buf_4)
    10    0.028695    0.088288    0.178154    2.326836 ^ fanout38/X (sky130_fd_sc_hd__buf_4)
                                                         net38 (net)
                      0.088288    0.000004    2.326840 ^ _322_/C_N (sky130_fd_sc_hd__or4bb_4)
     1    0.008609    0.093842    0.544187    2.871027 v _322_/X (sky130_fd_sc_hd__or4bb_4)
                                                         _255_ (net)
                      0.093842    0.000019    2.871046 v _324_/A1 (sky130_fd_sc_hd__a21oi_4)
     2    0.021567    0.192991    0.211621    3.082667 ^ _324_/Y (sky130_fd_sc_hd__a21oi_4)
                                                         _257_ (net)
                      0.192991    0.000174    3.082841 ^ _326_/A (sky130_fd_sc_hd__xor2_4)
     2    0.021114    0.199015    0.229806    3.312647 ^ _326_/X (sky130_fd_sc_hd__xor2_4)
                                                         _259_ (net)
                      0.199015    0.000125    3.312771 ^ _327_/A (sky130_fd_sc_hd__xnor2_4)
     2    0.018598    0.194134    0.167449    3.480221 ^ _327_/Y (sky130_fd_sc_hd__xnor2_4)
                                                         _260_ (net)
                      0.194134    0.000080    3.480301 ^ _329_/A_N (sky130_fd_sc_hd__nand2b_1)
     2    0.007778    0.096672    0.166400    3.646700 ^ _329_/Y (sky130_fd_sc_hd__nand2b_1)
                                                         _262_ (net)
                      0.096672    0.000009    3.646709 ^ _332_/B1_N (sky130_fd_sc_hd__a21bo_1)
     1    0.008814    0.060540    0.234835    3.881545 v _332_/X (sky130_fd_sc_hd__a21bo_1)
                                                         _265_ (net)
                      0.060540    0.000035    3.881580 v _336_/B (sky130_fd_sc_hd__xnor2_2)
     2    0.014300    0.088346    0.164175    4.045755 v _336_/Y (sky130_fd_sc_hd__xnor2_2)
                                                         _269_ (net)
                      0.088346    0.000173    4.045928 v _344_/A (sky130_fd_sc_hd__xnor2_2)
     2    0.011792    0.204073    0.226637    4.272565 ^ _344_/Y (sky130_fd_sc_hd__xnor2_2)
                                                         _001_ (net)
                      0.204073    0.000025    4.272590 ^ _345_/B (sky130_fd_sc_hd__xnor2_2)
     2    0.012336    0.210339    0.164021    4.436611 ^ _345_/Y (sky130_fd_sc_hd__xnor2_2)
                                                         _002_ (net)
                      0.210339    0.000069    4.436680 ^ _357_/B (sky130_fd_sc_hd__xor2_2)
     2    0.014160    0.216926    0.234157    4.670837 ^ _357_/X (sky130_fd_sc_hd__xor2_2)
                                                         _014_ (net)
                      0.216926    0.000012    4.670849 ^ _361_/A (sky130_fd_sc_hd__xor2_1)
     1    0.007272    0.189762    0.223722    4.894571 ^ _361_/X (sky130_fd_sc_hd__xor2_1)
                                                         net29 (net)
                      0.189762    0.000146    4.894717 ^ output29/A (sky130_fd_sc_hd__buf_4)
     1    0.034373    0.103494    0.202973    5.097690 ^ output29/X (sky130_fd_sc_hd__buf_4)
                                                         P[6] (net)
                      0.103494    0.000202    5.097891 ^ P[6] (out)
                                              5.097891   data arrival time

                      0.000000   10.000000   10.000000   clock __VIRTUAL_CLK__ (rise edge)
                                  0.000000   10.000000   clock network delay (ideal)
                                 -0.250000    9.750000   clock uncertainty
                                  0.000000    9.750000   clock reconvergence pessimism
                                 -2.000000    7.750000   output external delay
                                              7.750000   data required time
---------------------------------------------------------------------------------------------
                                              7.750000   data required time
                                             -5.097891   data arrival time
---------------------------------------------------------------------------------------------
                                              2.652109   slack (MET)


Startpoint: B[3] (input port clocked by __VIRTUAL_CLK__)
Endpoint: P[5] (output port clocked by __VIRTUAL_CLK__)
Path Group: __VIRTUAL_CLK__
Path Type: max

Fanout         Cap        Slew       Delay        Time   Description
---------------------------------------------------------------------------------------------
                      0.000000    0.000000    0.000000   clock __VIRTUAL_CLK__ (rise edge)
                                  0.000000    0.000000   clock network delay (ideal)
                                  2.000000    2.000000 v input external delay
     1    0.007169    0.018312    0.011584    2.011584 v B[3] (in)
                                                         B[3] (net)
                      0.018312    0.000000    2.011584 v input12/A (sky130_fd_sc_hd__buf_8)
     4    0.014770    0.027595    0.108602    2.120186 v input12/X (sky130_fd_sc_hd__buf_8)
                                                         net12 (net)
                      0.027595    0.000046    2.120232 v fanout44/A (sky130_fd_sc_hd__buf_8)
     5    0.014645    0.027616    0.112164    2.232395 v fanout44/X (sky130_fd_sc_hd__buf_8)
                                                         net44 (net)
                      0.027616    0.000291    2.232686 v _294_/A (sky130_fd_sc_hd__or4bb_4)
     2    0.004454    0.084277    0.522021    2.754707 v _294_/X (sky130_fd_sc_hd__or4bb_4)
                                                         _229_ (net)
                      0.084277    0.000004    2.754710 v _297_/A1 (sky130_fd_sc_hd__a211o_1)
     3    0.005561    0.062421    0.281159    3.035870 v _297_/X (sky130_fd_sc_hd__a211o_1)
                                                         _232_ (net)
                      0.062421    0.000017    3.035887 v _310_/D_N (sky130_fd_sc_hd__or4b_4)
     2    0.015915    0.060938    0.230857    3.266744 ^ _310_/X (sky130_fd_sc_hd__or4b_4)
                                                         _244_ (net)
                      0.060938    0.000101    3.266845 ^ rebuffer12/A (sky130_fd_sc_hd__buf_6)
     1    0.008984    0.031497    0.094387    3.361231 ^ rebuffer12/X (sky130_fd_sc_hd__buf_6)
                                                         net61 (net)
                      0.031497    0.000028    3.361259 ^ _311_/B (sky130_fd_sc_hd__xor2_2)
     2    0.012238    0.195809    0.188662    3.549921 ^ _311_/X (sky130_fd_sc_hd__xor2_2)
                                                         _245_ (net)
                      0.195809    0.000045    3.549966 ^ _312_/A (sky130_fd_sc_hd__nor2_4)
     4    0.017866    0.058591    0.080806    3.630772 v _312_/Y (sky130_fd_sc_hd__nor2_4)
                                                         _246_ (net)
                      0.058591    0.000091    3.630863 v _346_/B (sky130_fd_sc_hd__xnor2_2)
     2    0.008925    0.072180    0.146380    3.777243 v _346_/Y (sky130_fd_sc_hd__xnor2_2)
                                                         _003_ (net)
                      0.072180    0.000068    3.777311 v _353_/B (sky130_fd_sc_hd__xnor2_1)
     2    0.004209    0.056376    0.137014    3.914325 v _353_/Y (sky130_fd_sc_hd__xnor2_1)
                                                         _010_ (net)
                      0.056376    0.000008    3.914333 v _358_/B (sky130_fd_sc_hd__and2_1)
     1    0.002913    0.035613    0.155711    4.070044 v _358_/X (sky130_fd_sc_hd__and2_1)
                                                         _015_ (net)
                      0.035613    0.000010    4.070054 v _359_/B (sky130_fd_sc_hd__or2_4)
     2    0.007635    0.050994    0.227935    4.297988 v _359_/X (sky130_fd_sc_hd__or2_4)
                                                         _016_ (net)
                      0.050994    0.000018    4.298006 v _567_/B (sky130_fd_sc_hd__xnor2_1)
     1    0.005881    0.174665    0.175363    4.473369 ^ _567_/Y (sky130_fd_sc_hd__xnor2_1)
                                                         net28 (net)
                      0.174665    0.000099    4.473468 ^ output28/A (sky130_fd_sc_hd__buf_2)
     1    0.034344    0.170922    0.241327    4.714795 ^ output28/X (sky130_fd_sc_hd__buf_2)
                                                         P[5] (net)
                      0.170922    0.000198    4.714993 ^ P[5] (out)
                                              4.714993   data arrival time

                      0.000000   10.000000   10.000000   clock __VIRTUAL_CLK__ (rise edge)
                                  0.000000   10.000000   clock network delay (ideal)
                                 -0.250000    9.750000   clock uncertainty
                                  0.000000    9.750000   clock reconvergence pessimism
                                 -2.000000    7.750000   output external delay
                                              7.750000   data required time
---------------------------------------------------------------------------------------------
                                              7.750000   data required time
                                             -4.714993   data arrival time
---------------------------------------------------------------------------------------------
                                              3.035007   slack (MET)


Startpoint: B[3] (input port clocked by __VIRTUAL_CLK__)
Endpoint: P[4] (output port clocked by __VIRTUAL_CLK__)
Path Group: __VIRTUAL_CLK__
Path Type: max

Fanout         Cap        Slew       Delay        Time   Description
---------------------------------------------------------------------------------------------
                      0.000000    0.000000    0.000000   clock __VIRTUAL_CLK__ (rise edge)
                                  0.000000    0.000000   clock network delay (ideal)
                                  2.000000    2.000000 v input external delay
     1    0.007169    0.018312    0.011584    2.011584 v B[3] (in)
                                                         B[3] (net)
                      0.018312    0.000000    2.011584 v input12/A (sky130_fd_sc_hd__buf_8)
     4    0.014770    0.027595    0.108602    2.120186 v input12/X (sky130_fd_sc_hd__buf_8)
                                                         net12 (net)
                      0.027595    0.000046    2.120232 v fanout44/A (sky130_fd_sc_hd__buf_8)
     5    0.014645    0.027616    0.112164    2.232395 v fanout44/X (sky130_fd_sc_hd__buf_8)
                                                         net44 (net)
                      0.027616    0.000291    2.232686 v _294_/A (sky130_fd_sc_hd__or4bb_4)
     2    0.004454    0.084277    0.522021    2.754707 v _294_/X (sky130_fd_sc_hd__or4bb_4)
                                                         _229_ (net)
                      0.084277    0.000004    2.754710 v _297_/A1 (sky130_fd_sc_hd__a211o_1)
     3    0.005561    0.062421    0.281159    3.035870 v _297_/X (sky130_fd_sc_hd__a211o_1)
                                                         _232_ (net)
                      0.062421    0.000017    3.035887 v _310_/D_N (sky130_fd_sc_hd__or4b_4)
     2    0.015915    0.060938    0.230857    3.266744 ^ _310_/X (sky130_fd_sc_hd__or4b_4)
                                                         _244_ (net)
                      0.060938    0.000101    3.266845 ^ rebuffer12/A (sky130_fd_sc_hd__buf_6)
     1    0.008984    0.031497    0.094387    3.361231 ^ rebuffer12/X (sky130_fd_sc_hd__buf_6)
                                                         net61 (net)
                      0.031497    0.000028    3.361259 ^ _311_/B (sky130_fd_sc_hd__xor2_2)
     2    0.012238    0.195809    0.188662    3.549921 ^ _311_/X (sky130_fd_sc_hd__xor2_2)
                                                         _245_ (net)
                      0.195809    0.000045    3.549966 ^ _312_/A (sky130_fd_sc_hd__nor2_4)
     4    0.017866    0.058591    0.080806    3.630772 v _312_/Y (sky130_fd_sc_hd__nor2_4)
                                                         _246_ (net)
                      0.058591    0.000053    3.630825 v _314_/A (sky130_fd_sc_hd__or2_1)
     3    0.010108    0.080732    0.266926    3.897752 v _314_/X (sky130_fd_sc_hd__or2_1)
                                                         _248_ (net)
                      0.080732    0.000132    3.897883 v _316_/B (sky130_fd_sc_hd__and2_1)
     1    0.002467    0.034601    0.164307    4.062190 v _316_/X (sky130_fd_sc_hd__and2_1)
                                                         _250_ (net)
                      0.034601    0.000004    4.062194 v _317_/B (sky130_fd_sc_hd__nor2_1)
     1    0.005264    0.115387    0.108509    4.170702 ^ _317_/Y (sky130_fd_sc_hd__nor2_1)
                                                         net27 (net)
                      0.115387    0.000080    4.170783 ^ output27/A (sky130_fd_sc_hd__buf_2)
     1    0.034344    0.170817    0.224601    4.395384 ^ output27/X (sky130_fd_sc_hd__buf_2)
                                                         P[4] (net)
                      0.170817    0.000198    4.395582 ^ P[4] (out)
                                              4.395582   data arrival time

                      0.000000   10.000000   10.000000   clock __VIRTUAL_CLK__ (rise edge)
                                  0.000000   10.000000   clock network delay (ideal)
                                 -0.250000    9.750000   clock uncertainty
                                  0.000000    9.750000   clock reconvergence pessimism
                                 -2.000000    7.750000   output external delay
                                              7.750000   data required time
---------------------------------------------------------------------------------------------
                                              7.750000   data required time
                                             -4.395582   data arrival time
---------------------------------------------------------------------------------------------
                                              3.354418   slack (MET)


Startpoint: B[3] (input port clocked by __VIRTUAL_CLK__)
Endpoint: P[3] (output port clocked by __VIRTUAL_CLK__)
Path Group: __VIRTUAL_CLK__
Path Type: max

Fanout         Cap        Slew       Delay        Time   Description
---------------------------------------------------------------------------------------------
                      0.000000    0.000000    0.000000   clock __VIRTUAL_CLK__ (rise edge)
                                  0.000000    0.000000   clock network delay (ideal)
                                  2.000000    2.000000 v input external delay
     1    0.007169    0.018312    0.011584    2.011584 v B[3] (in)
                                                         B[3] (net)
                      0.018312    0.000000    2.011584 v input12/A (sky130_fd_sc_hd__buf_8)
     4    0.014770    0.027595    0.108602    2.120186 v input12/X (sky130_fd_sc_hd__buf_8)
                                                         net12 (net)
                      0.027595    0.000046    2.120232 v fanout44/A (sky130_fd_sc_hd__buf_8)
     5    0.014645    0.027616    0.112164    2.232395 v fanout44/X (sky130_fd_sc_hd__buf_8)
                                                         net44 (net)
                      0.027616    0.000291    2.232686 v _294_/A (sky130_fd_sc_hd__or4bb_4)
     2    0.004454    0.084277    0.522021    2.754707 v _294_/X (sky130_fd_sc_hd__or4bb_4)
                                                         _229_ (net)
                      0.084277    0.000004    2.754710 v _297_/A1 (sky130_fd_sc_hd__a211o_1)
     3    0.005561    0.062421    0.281159    3.035870 v _297_/X (sky130_fd_sc_hd__a211o_1)
                                                         _232_ (net)
                      0.062421    0.000012    3.035882 v rebuffer2/A (sky130_fd_sc_hd__dlygate4sd1_1)
     1    0.002566    0.031365    0.231939    3.267822 v rebuffer2/X (sky130_fd_sc_hd__dlygate4sd1_1)
                                                         net51 (net)
                      0.031365    0.000004    3.267825 v _299_/B1 (sky130_fd_sc_hd__o21a_1)
     2    0.010607    0.069441    0.127407    3.395233 v _299_/X (sky130_fd_sc_hd__o21a_1)
                                                         _234_ (net)
                      0.069441    0.000169    3.395401 v _301_/B (sky130_fd_sc_hd__xnor2_1)
     1    0.005754    0.172136    0.180674    3.576075 ^ _301_/Y (sky130_fd_sc_hd__xnor2_1)
                                                         net26 (net)
                      0.172136    0.000093    3.576168 ^ output26/A (sky130_fd_sc_hd__buf_2)
     1    0.034344    0.170920    0.240643    3.816811 ^ output26/X (sky130_fd_sc_hd__buf_2)
                                                         P[3] (net)
                      0.170920    0.000198    3.817008 ^ P[3] (out)
                                              3.817008   data arrival time

                      0.000000   10.000000   10.000000   clock __VIRTUAL_CLK__ (rise edge)
                                  0.000000   10.000000   clock network delay (ideal)
                                 -0.250000    9.750000   clock uncertainty
                                  0.000000    9.750000   clock reconvergence pessimism
                                 -2.000000    7.750000   output external delay
                                              7.750000   data required time
---------------------------------------------------------------------------------------------
                                              7.750000   data required time
                                             -3.817008   data arrival time
---------------------------------------------------------------------------------------------
                                              3.932991   slack (MET)


Startpoint: A[0] (input port clocked by __VIRTUAL_CLK__)
Endpoint: P[2] (output port clocked by __VIRTUAL_CLK__)
Path Group: __VIRTUAL_CLK__
Path Type: max

Fanout         Cap        Slew       Delay        Time   Description
---------------------------------------------------------------------------------------------
                      0.000000    0.000000    0.000000   clock __VIRTUAL_CLK__ (rise edge)
                                  0.000000    0.000000   clock network delay (ideal)
                                  2.000000    2.000000 v input external delay
     1    0.002865    0.008783    0.004521    2.004521 v A[0] (in)
                                                         A[0] (net)
                      0.008783    0.000000    2.004521 v input1/A (sky130_fd_sc_hd__buf_4)
     2    0.012420    0.035193    0.126627    2.131148 v input1/X (sky130_fd_sc_hd__buf_4)
                                                         net1 (net)
                      0.035193    0.000047    2.131196 v fanout48/A (sky130_fd_sc_hd__buf_6)
     5    0.010192    0.025498    0.111008    2.242204 v fanout48/X (sky130_fd_sc_hd__buf_6)
                                                         net48 (net)
                      0.025498    0.000025    2.242229 v rebuffer7/A (sky130_fd_sc_hd__dlygate4sd1_1)
     2    0.004088    0.038364    0.224316    2.466545 v rebuffer7/X (sky130_fd_sc_hd__dlygate4sd1_1)
                                                         net56 (net)
                      0.038364    0.000004    2.466549 v _282_/B (sky130_fd_sc_hd__and2_1)
     3    0.007288    0.053741    0.168348    2.634897 v _282_/X (sky130_fd_sc_hd__and2_1)
                                                         net17 (net)
                      0.053741    0.000021    2.634918 v _287_/A_N (sky130_fd_sc_hd__and3b_1)
     1    0.004998    0.071058    0.219669    2.854588 ^ _287_/X (sky130_fd_sc_hd__and3b_1)
                                                         _223_ (net)
                      0.071058    0.000015    2.854603 ^ _288_/B (sky130_fd_sc_hd__xor2_1)
     1    0.002259    0.103744    0.134222    2.988825 ^ _288_/X (sky130_fd_sc_hd__xor2_1)
                                                         net25 (net)
                      0.103744    0.000005    2.988829 ^ output25/A (sky130_fd_sc_hd__buf_2)
     1    0.034110    0.169639    0.219596    3.208425 ^ output25/X (sky130_fd_sc_hd__buf_2)
                                                         P[2] (net)
                      0.169639    0.000111    3.208536 ^ P[2] (out)
                                              3.208536   data arrival time

                      0.000000   10.000000   10.000000   clock __VIRTUAL_CLK__ (rise edge)
                                  0.000000   10.000000   clock network delay (ideal)
                                 -0.250000    9.750000   clock uncertainty
                                  0.000000    9.750000   clock reconvergence pessimism
                                 -2.000000    7.750000   output external delay
                                              7.750000   data required time
---------------------------------------------------------------------------------------------
                                              7.750000   data required time
                                             -3.208536   data arrival time
---------------------------------------------------------------------------------------------
                                              4.541464   slack (MET)


Startpoint: B[1] (input port clocked by __VIRTUAL_CLK__)
Endpoint: P[1] (output port clocked by __VIRTUAL_CLK__)
Path Group: __VIRTUAL_CLK__
Path Type: max

Fanout         Cap        Slew       Delay        Time   Description
---------------------------------------------------------------------------------------------
                      0.000000    0.000000    0.000000   clock __VIRTUAL_CLK__ (rise edge)
                                  0.000000    0.000000   clock network delay (ideal)
                                  2.000000    2.000000 ^ input external delay
     1    0.002799    0.019730    0.010291    2.010291 ^ B[1] (in)
                                                         B[1] (net)
                      0.019730    0.000000    2.010291 ^ input10/A (sky130_fd_sc_hd__clkbuf_1)
     1    0.003204    0.050205    0.075162    2.085453 ^ input10/X (sky130_fd_sc_hd__clkbuf_1)
                                                         net10 (net)
                      0.050205    0.000013    2.085466 ^ fanout47/A (sky130_fd_sc_hd__clkbuf_2)
     8    0.026437    0.148166    0.180103    2.265570 ^ fanout47/X (sky130_fd_sc_hd__clkbuf_2)
                                                         net47 (net)
                      0.148166    0.000118    2.265687 ^ fanout46/A (sky130_fd_sc_hd__buf_2)
    10    0.028293    0.142714    0.214131    2.479819 ^ fanout46/X (sky130_fd_sc_hd__buf_2)
                                                         net46 (net)
                      0.142714    0.000212    2.480031 ^ _283_/B_N (sky130_fd_sc_hd__and4bb_1)
     1    0.002515    0.040188    0.224865    2.704896 v _283_/X (sky130_fd_sc_hd__and4bb_1)
                                                         _220_ (net)
                      0.040188    0.000005    2.704901 v _285_/B1 (sky130_fd_sc_hd__a31o_1)
     1    0.002074    0.034373    0.171853    2.876754 v _285_/X (sky130_fd_sc_hd__a31o_1)
                                                         net24 (net)
                      0.034373    0.000004    2.876758 v output24/A (sky130_fd_sc_hd__buf_2)
     1    0.033989    0.088724    0.175462    3.052220 v output24/X (sky130_fd_sc_hd__buf_2)
                                                         P[1] (net)
                      0.088724    0.000083    3.052303 v P[1] (out)
                                              3.052303   data arrival time

                      0.000000   10.000000   10.000000   clock __VIRTUAL_CLK__ (rise edge)
                                  0.000000   10.000000   clock network delay (ideal)
                                 -0.250000    9.750000   clock uncertainty
                                  0.000000    9.750000   clock reconvergence pessimism
                                 -2.000000    7.750000   output external delay
                                              7.750000   data required time
---------------------------------------------------------------------------------------------
                                              7.750000   data required time
                                             -3.052303   data arrival time
---------------------------------------------------------------------------------------------
                                              4.697698   slack (MET)


Startpoint: A[0] (input port clocked by __VIRTUAL_CLK__)
Endpoint: P[0] (output port clocked by __VIRTUAL_CLK__)
Path Group: __VIRTUAL_CLK__
Path Type: max

Fanout         Cap        Slew       Delay        Time   Description
---------------------------------------------------------------------------------------------
                      0.000000    0.000000    0.000000   clock __VIRTUAL_CLK__ (rise edge)
                                  0.000000    0.000000   clock network delay (ideal)
                                  2.000000    2.000000 v input external delay
     1    0.002865    0.008783    0.004521    2.004521 v A[0] (in)
                                                         A[0] (net)
                      0.008783    0.000000    2.004521 v input1/A (sky130_fd_sc_hd__buf_4)
     2    0.012420    0.035193    0.126627    2.131148 v input1/X (sky130_fd_sc_hd__buf_4)
                                                         net1 (net)
                      0.035193    0.000047    2.131196 v fanout48/A (sky130_fd_sc_hd__buf_6)
     5    0.010192    0.025498    0.111008    2.242204 v fanout48/X (sky130_fd_sc_hd__buf_6)
                                                         net48 (net)
                      0.025498    0.000025    2.242229 v rebuffer7/A (sky130_fd_sc_hd__dlygate4sd1_1)
     2    0.004088    0.038364    0.224316    2.466545 v rebuffer7/X (sky130_fd_sc_hd__dlygate4sd1_1)
                                                         net56 (net)
                      0.038364    0.000004    2.466549 v _282_/B (sky130_fd_sc_hd__and2_1)
     3    0.007288    0.053741    0.168348    2.634897 v _282_/X (sky130_fd_sc_hd__and2_1)
                                                         net17 (net)
                      0.053741    0.000032    2.634930 v output17/A (sky130_fd_sc_hd__buf_2)
     1    0.034041    0.088710    0.183910    2.818840 v output17/X (sky130_fd_sc_hd__buf_2)
                                                         P[0] (net)
                      0.088710    0.000095    2.818934 v P[0] (out)
                                              2.818934   data arrival time

                      0.000000   10.000000   10.000000   clock __VIRTUAL_CLK__ (rise edge)
                                  0.000000   10.000000   clock network delay (ideal)
                                 -0.250000    9.750000   clock uncertainty
                                  0.000000    9.750000   clock reconvergence pessimism
                                 -2.000000    7.750000   output external delay
                                              7.750000   data required time
---------------------------------------------------------------------------------------------
                                              7.750000   data required time
                                             -2.818934   data arrival time
---------------------------------------------------------------------------------------------
                                              4.931066   slack (MET)



