
===========================================================================
report_checks -path_delay max (Setup)
============================================================================
======================= min_ff_n40C_1v95 Corner ===================================

Startpoint: A[4] (input port clocked by __VIRTUAL_CLK__)
Endpoint: P[15] (output port clocked by __VIRTUAL_CLK__)
Path Group: __VIRTUAL_CLK__
Path Type: max

Fanout         Cap        Slew       Delay        Time   Description
---------------------------------------------------------------------------------------------
                      0.000000    0.000000    0.000000   clock __VIRTUAL_CLK__ (rise edge)
                                  0.000000    0.000000   clock network delay (ideal)
                                  2.000000    2.000000 ^ input external delay
     1    0.003148    0.015159    0.008137    2.008137 ^ A[4] (in)
                                                         A[4] (net)
                      0.015159    0.000000    2.008137 ^ input5/A (sky130_fd_sc_hd__clkbuf_2)
     5    0.029312    0.125201    0.127072    2.135209 ^ input5/X (sky130_fd_sc_hd__clkbuf_2)
                                                         net5 (net)
                      0.125221    0.001282    2.136492 ^ fanout36/A (sky130_fd_sc_hd__buf_6)
    10    0.035455    0.059780    0.102560    2.239051 ^ fanout36/X (sky130_fd_sc_hd__buf_6)
                                                         net36 (net)
                      0.059783    0.000508    2.239560 ^ _292_/B (sky130_fd_sc_hd__and2_1)
     3    0.010668    0.085845    0.117637    2.357196 ^ _292_/X (sky130_fd_sc_hd__and2_1)
                                                         _226_ (net)
                      0.085845    0.000055    2.357251 ^ _310_/A_N (sky130_fd_sc_hd__and3b_1)
     2    0.005349    0.034858    0.120309    2.477560 v _310_/X (sky130_fd_sc_hd__and3b_1)
                                                         _243_ (net)
                      0.034858    0.000052    2.477612 v _362_/A2 (sky130_fd_sc_hd__a31o_1)
     1    0.009123    0.047123    0.151463    2.629075 v _362_/X (sky130_fd_sc_hd__a31o_1)
                                                         _020_ (net)
                      0.047123    0.000076    2.629151 v _363_/A (sky130_fd_sc_hd__xnor2_2)
     2    0.008671    0.122876    0.135441    2.764592 ^ _363_/Y (sky130_fd_sc_hd__xnor2_2)
                                                         _021_ (net)
                      0.122876    0.000076    2.764668 ^ _365_/A (sky130_fd_sc_hd__xor2_1)
     2    0.007440    0.139198    0.139416    2.904084 ^ _365_/X (sky130_fd_sc_hd__xor2_1)
                                                         _023_ (net)
                      0.139198    0.000092    2.904176 ^ _366_/B (sky130_fd_sc_hd__nand2_2)
     4    0.015492    0.067092    0.066922    2.971098 v _366_/Y (sky130_fd_sc_hd__nand2_2)
                                                         _024_ (net)
                      0.067117    0.000438    2.971537 v _472_/A_N (sky130_fd_sc_hd__nand2b_1)
     2    0.005275    0.046538    0.107704    3.079241 v _472_/Y (sky130_fd_sc_hd__nand2b_1)
                                                         _127_ (net)
                      0.046538    0.000045    3.079286 v _476_/C (sky130_fd_sc_hd__and4_1)
     1    0.002635    0.028186    0.119964    3.199251 v _476_/X (sky130_fd_sc_hd__and4_1)
                                                         _131_ (net)
                      0.028186    0.000031    3.199282 v _478_/A_N (sky130_fd_sc_hd__nand2b_2)
     2    0.013413    0.050666    0.127432    3.326714 v _478_/Y (sky130_fd_sc_hd__nand2b_2)
                                                         _133_ (net)
                      0.050666    0.000220    3.326934 v _480_/A (sky130_fd_sc_hd__xor2_2)
     2    0.012587    0.054016    0.130739    3.457673 v _480_/X (sky130_fd_sc_hd__xor2_2)
                                                         _135_ (net)
                      0.054016    0.000132    3.457805 v _482_/A (sky130_fd_sc_hd__xnor2_2)
     3    0.013810    0.164854    0.169344    3.627149 ^ _482_/Y (sky130_fd_sc_hd__xnor2_2)
                                                         _137_ (net)
                      0.164854    0.000246    3.627394 ^ _484_/A_N (sky130_fd_sc_hd__nand2b_4)
     2    0.009987    0.047910    0.107726    3.735120 ^ _484_/Y (sky130_fd_sc_hd__nand2b_4)
                                                         _139_ (net)
                      0.047910    0.000071    3.735192 ^ _531_/B (sky130_fd_sc_hd__nand2_2)
     1    0.008858    0.046092    0.040434    3.775626 v _531_/Y (sky130_fd_sc_hd__nand2_2)
                                                         _184_ (net)
                      0.046092    0.000105    3.775731 v _533_/A1 (sky130_fd_sc_hd__o311ai_4)
     4    0.017441    0.238122    0.254351    4.030082 ^ _533_/Y (sky130_fd_sc_hd__o311ai_4)
                                                         _186_ (net)
                      0.238122    0.000485    4.030568 ^ _557_/A1 (sky130_fd_sc_hd__a2111o_1)
     1    0.002378    0.029913    0.097174    4.127742 ^ _557_/X (sky130_fd_sc_hd__a2111o_1)
                                                         _208_ (net)
                      0.029913    0.000025    4.127767 ^ _560_/C_N (sky130_fd_sc_hd__or3b_4)
     1    0.009419    0.052945    0.229395    4.357162 v _560_/X (sky130_fd_sc_hd__or3b_4)
                                                         net23 (net)
                      0.052945    0.000235    4.357398 v output23/A (sky130_fd_sc_hd__buf_8)
     1    0.034522    0.029850    0.098296    4.455694 v output23/X (sky130_fd_sc_hd__buf_8)
                                                         P[15] (net)
                      0.029857    0.000433    4.456127 v P[15] (out)
                                              4.456127   data arrival time

                      0.000000   10.000000   10.000000   clock __VIRTUAL_CLK__ (rise edge)
                                  0.000000   10.000000   clock network delay (ideal)
                                 -0.250000    9.750000   clock uncertainty
                                  0.000000    9.750000   clock reconvergence pessimism
                                 -2.000000    7.750000   output external delay
                                              7.750000   data required time
---------------------------------------------------------------------------------------------
                                              7.750000   data required time
                                             -4.456127   data arrival time
---------------------------------------------------------------------------------------------
                                              3.293873   slack (MET)


Startpoint: A[4] (input port clocked by __VIRTUAL_CLK__)
Endpoint: P[14] (output port clocked by __VIRTUAL_CLK__)
Path Group: __VIRTUAL_CLK__
Path Type: max

Fanout         Cap        Slew       Delay        Time   Description
---------------------------------------------------------------------------------------------
                      0.000000    0.000000    0.000000   clock __VIRTUAL_CLK__ (rise edge)
                                  0.000000    0.000000   clock network delay (ideal)
                                  2.000000    2.000000 ^ input external delay
     1    0.003148    0.015159    0.008137    2.008137 ^ A[4] (in)
                                                         A[4] (net)
                      0.015159    0.000000    2.008137 ^ input5/A (sky130_fd_sc_hd__clkbuf_2)
     5    0.029312    0.125201    0.127072    2.135209 ^ input5/X (sky130_fd_sc_hd__clkbuf_2)
                                                         net5 (net)
                      0.125221    0.001282    2.136492 ^ fanout36/A (sky130_fd_sc_hd__buf_6)
    10    0.035455    0.059780    0.102560    2.239051 ^ fanout36/X (sky130_fd_sc_hd__buf_6)
                                                         net36 (net)
                      0.059783    0.000508    2.239560 ^ _292_/B (sky130_fd_sc_hd__and2_1)
     3    0.010668    0.085845    0.117637    2.357196 ^ _292_/X (sky130_fd_sc_hd__and2_1)
                                                         _226_ (net)
                      0.085845    0.000055    2.357251 ^ _310_/A_N (sky130_fd_sc_hd__and3b_1)
     2    0.005349    0.034858    0.120309    2.477560 v _310_/X (sky130_fd_sc_hd__and3b_1)
                                                         _243_ (net)
                      0.034858    0.000052    2.477612 v _362_/A2 (sky130_fd_sc_hd__a31o_1)
     1    0.009123    0.047123    0.151463    2.629075 v _362_/X (sky130_fd_sc_hd__a31o_1)
                                                         _020_ (net)
                      0.047123    0.000076    2.629151 v _363_/A (sky130_fd_sc_hd__xnor2_2)
     2    0.008671    0.122876    0.135441    2.764592 ^ _363_/Y (sky130_fd_sc_hd__xnor2_2)
                                                         _021_ (net)
                      0.122876    0.000076    2.764668 ^ _365_/A (sky130_fd_sc_hd__xor2_1)
     2    0.007440    0.139198    0.139416    2.904084 ^ _365_/X (sky130_fd_sc_hd__xor2_1)
                                                         _023_ (net)
                      0.139198    0.000092    2.904176 ^ _366_/B (sky130_fd_sc_hd__nand2_2)
     4    0.015492    0.067092    0.066922    2.971098 v _366_/Y (sky130_fd_sc_hd__nand2_2)
                                                         _024_ (net)
                      0.067117    0.000438    2.971537 v _472_/A_N (sky130_fd_sc_hd__nand2b_1)
     2    0.005275    0.046538    0.107704    3.079241 v _472_/Y (sky130_fd_sc_hd__nand2b_1)
                                                         _127_ (net)
                      0.046538    0.000045    3.079286 v _476_/C (sky130_fd_sc_hd__and4_1)
     1    0.002635    0.028186    0.119964    3.199251 v _476_/X (sky130_fd_sc_hd__and4_1)
                                                         _131_ (net)
                      0.028186    0.000031    3.199282 v _478_/A_N (sky130_fd_sc_hd__nand2b_2)
     2    0.013413    0.050666    0.127432    3.326714 v _478_/Y (sky130_fd_sc_hd__nand2b_2)
                                                         _133_ (net)
                      0.050666    0.000220    3.326934 v _480_/A (sky130_fd_sc_hd__xor2_2)
     2    0.012587    0.054016    0.130739    3.457673 v _480_/X (sky130_fd_sc_hd__xor2_2)
                                                         _135_ (net)
                      0.054016    0.000132    3.457805 v _482_/A (sky130_fd_sc_hd__xnor2_2)
     3    0.013810    0.164854    0.169344    3.627149 ^ _482_/Y (sky130_fd_sc_hd__xnor2_2)
                                                         _137_ (net)
                      0.164854    0.000246    3.627394 ^ _484_/A_N (sky130_fd_sc_hd__nand2b_4)
     2    0.009987    0.047910    0.107726    3.735120 ^ _484_/Y (sky130_fd_sc_hd__nand2b_4)
                                                         _139_ (net)
                      0.047910    0.000071    3.735192 ^ _531_/B (sky130_fd_sc_hd__nand2_2)
     1    0.008858    0.046092    0.040434    3.775626 v _531_/Y (sky130_fd_sc_hd__nand2_2)
                                                         _184_ (net)
                      0.046092    0.000105    3.775731 v _533_/A1 (sky130_fd_sc_hd__o311ai_4)
     4    0.017441    0.238122    0.254351    4.030082 ^ _533_/Y (sky130_fd_sc_hd__o311ai_4)
                                                         _186_ (net)
                      0.238122    0.000449    4.030531 ^ _548_/A1 (sky130_fd_sc_hd__a211o_1)
     2    0.005241    0.044606    0.100809    4.131340 ^ _548_/X (sky130_fd_sc_hd__a211o_1)
                                                         _200_ (net)
                      0.044606    0.000028    4.131368 ^ rebuffer21/A (sky130_fd_sc_hd__buf_1)
     1    0.005131    0.051566    0.068289    4.199657 ^ rebuffer21/X (sky130_fd_sc_hd__buf_1)
                                                         net67 (net)
                      0.051566    0.000044    4.199701 ^ rebuffer20/A (sky130_fd_sc_hd__buf_6)
     1    0.016385    0.032910    0.072012    4.271713 ^ rebuffer20/X (sky130_fd_sc_hd__buf_6)
                                                         net66 (net)
                      0.032911    0.000148    4.271861 ^ _558_/B (sky130_fd_sc_hd__xnor2_4)
     1    0.007113    0.094647    0.069022    4.340883 ^ _558_/Y (sky130_fd_sc_hd__xnor2_4)
                                                         net22 (net)
                      0.094647    0.000118    4.341001 ^ output22/A (sky130_fd_sc_hd__buf_6)
     1    0.033902    0.057406    0.097091    4.438092 ^ output22/X (sky130_fd_sc_hd__buf_6)
                                                         P[14] (net)
                      0.057406    0.000165    4.438257 ^ P[14] (out)
                                              4.438257   data arrival time

                      0.000000   10.000000   10.000000   clock __VIRTUAL_CLK__ (rise edge)
                                  0.000000   10.000000   clock network delay (ideal)
                                 -0.250000    9.750000   clock uncertainty
                                  0.000000    9.750000   clock reconvergence pessimism
                                 -2.000000    7.750000   output external delay
                                              7.750000   data required time
---------------------------------------------------------------------------------------------
                                              7.750000   data required time
                                             -4.438257   data arrival time
---------------------------------------------------------------------------------------------
                                              3.311743   slack (MET)


Startpoint: A[4] (input port clocked by __VIRTUAL_CLK__)
Endpoint: P[13] (output port clocked by __VIRTUAL_CLK__)
Path Group: __VIRTUAL_CLK__
Path Type: max

Fanout         Cap        Slew       Delay        Time   Description
---------------------------------------------------------------------------------------------
                      0.000000    0.000000    0.000000   clock __VIRTUAL_CLK__ (rise edge)
                                  0.000000    0.000000   clock network delay (ideal)
                                  2.000000    2.000000 ^ input external delay
     1    0.003148    0.015159    0.008137    2.008137 ^ A[4] (in)
                                                         A[4] (net)
                      0.015159    0.000000    2.008137 ^ input5/A (sky130_fd_sc_hd__clkbuf_2)
     5    0.029312    0.125201    0.127072    2.135209 ^ input5/X (sky130_fd_sc_hd__clkbuf_2)
                                                         net5 (net)
                      0.125221    0.001282    2.136492 ^ fanout36/A (sky130_fd_sc_hd__buf_6)
    10    0.035455    0.059780    0.102560    2.239051 ^ fanout36/X (sky130_fd_sc_hd__buf_6)
                                                         net36 (net)
                      0.059783    0.000508    2.239560 ^ _292_/B (sky130_fd_sc_hd__and2_1)
     3    0.010668    0.085845    0.117637    2.357196 ^ _292_/X (sky130_fd_sc_hd__and2_1)
                                                         _226_ (net)
                      0.085845    0.000055    2.357251 ^ _310_/A_N (sky130_fd_sc_hd__and3b_1)
     2    0.005349    0.034858    0.120309    2.477560 v _310_/X (sky130_fd_sc_hd__and3b_1)
                                                         _243_ (net)
                      0.034858    0.000052    2.477612 v _362_/A2 (sky130_fd_sc_hd__a31o_1)
     1    0.009123    0.047123    0.151463    2.629075 v _362_/X (sky130_fd_sc_hd__a31o_1)
                                                         _020_ (net)
                      0.047123    0.000076    2.629151 v _363_/A (sky130_fd_sc_hd__xnor2_2)
     2    0.008671    0.122876    0.135441    2.764592 ^ _363_/Y (sky130_fd_sc_hd__xnor2_2)
                                                         _021_ (net)
                      0.122876    0.000076    2.764668 ^ _365_/A (sky130_fd_sc_hd__xor2_1)
     2    0.007440    0.139198    0.139416    2.904084 ^ _365_/X (sky130_fd_sc_hd__xor2_1)
                                                         _023_ (net)
                      0.139198    0.000092    2.904176 ^ _366_/B (sky130_fd_sc_hd__nand2_2)
     4    0.015492    0.067092    0.066922    2.971098 v _366_/Y (sky130_fd_sc_hd__nand2_2)
                                                         _024_ (net)
                      0.067117    0.000438    2.971537 v _472_/A_N (sky130_fd_sc_hd__nand2b_1)
     2    0.005275    0.046538    0.107704    3.079241 v _472_/Y (sky130_fd_sc_hd__nand2b_1)
                                                         _127_ (net)
                      0.046538    0.000045    3.079286 v _476_/C (sky130_fd_sc_hd__and4_1)
     1    0.002635    0.028186    0.119964    3.199251 v _476_/X (sky130_fd_sc_hd__and4_1)
                                                         _131_ (net)
                      0.028186    0.000031    3.199282 v _478_/A_N (sky130_fd_sc_hd__nand2b_2)
     2    0.013413    0.050666    0.127432    3.326714 v _478_/Y (sky130_fd_sc_hd__nand2b_2)
                                                         _133_ (net)
                      0.050666    0.000220    3.326934 v _480_/A (sky130_fd_sc_hd__xor2_2)
     2    0.012587    0.054016    0.130739    3.457673 v _480_/X (sky130_fd_sc_hd__xor2_2)
                                                         _135_ (net)
                      0.054016    0.000132    3.457805 v _482_/A (sky130_fd_sc_hd__xnor2_2)
     3    0.013810    0.164854    0.169344    3.627149 ^ _482_/Y (sky130_fd_sc_hd__xnor2_2)
                                                         _137_ (net)
                      0.164854    0.000246    3.627394 ^ _484_/A_N (sky130_fd_sc_hd__nand2b_4)
     2    0.009987    0.047910    0.107726    3.735120 ^ _484_/Y (sky130_fd_sc_hd__nand2b_4)
                                                         _139_ (net)
                      0.047910    0.000071    3.735192 ^ _531_/B (sky130_fd_sc_hd__nand2_2)
     1    0.008858    0.046092    0.040434    3.775626 v _531_/Y (sky130_fd_sc_hd__nand2_2)
                                                         _184_ (net)
                      0.046092    0.000105    3.775731 v _533_/A1 (sky130_fd_sc_hd__o311ai_4)
     4    0.017441    0.238122    0.254351    4.030082 ^ _533_/Y (sky130_fd_sc_hd__o311ai_4)
                                                         _186_ (net)
                      0.238122    0.000480    4.030562 ^ rebuffer2/A (sky130_fd_sc_hd__dlymetal6s2s_1)
     1    0.002921    0.047879    0.087165    4.117727 ^ rebuffer2/X (sky130_fd_sc_hd__dlymetal6s2s_1)
                                                         net48 (net)
                      0.047879    0.000027    4.117754 ^ _547_/A2 (sky130_fd_sc_hd__o211a_1)
     1    0.002428    0.028306    0.076445    4.194199 ^ _547_/X (sky130_fd_sc_hd__o211a_1)
                                                         _199_ (net)
                      0.028306    0.000016    4.194215 ^ _549_/A_N (sky130_fd_sc_hd__and2b_1)
     1    0.004657    0.030187    0.109860    4.304075 v _549_/X (sky130_fd_sc_hd__and2b_1)
                                                         net21 (net)
                      0.030187    0.000073    4.304148 v output21/A (sky130_fd_sc_hd__buf_4)
     1    0.034019    0.042484    0.110881    4.415030 v output21/X (sky130_fd_sc_hd__buf_4)
                                                         P[13] (net)
                      0.042484    0.000185    4.415214 v P[13] (out)
                                              4.415214   data arrival time

                      0.000000   10.000000   10.000000   clock __VIRTUAL_CLK__ (rise edge)
                                  0.000000   10.000000   clock network delay (ideal)
                                 -0.250000    9.750000   clock uncertainty
                                  0.000000    9.750000   clock reconvergence pessimism
                                 -2.000000    7.750000   output external delay
                                              7.750000   data required time
---------------------------------------------------------------------------------------------
                                              7.750000   data required time
                                             -4.415214   data arrival time
---------------------------------------------------------------------------------------------
                                              3.334786   slack (MET)


Startpoint: A[2] (input port clocked by __VIRTUAL_CLK__)
Endpoint: P[11] (output port clocked by __VIRTUAL_CLK__)
Path Group: __VIRTUAL_CLK__
Path Type: max

Fanout         Cap        Slew       Delay        Time   Description
---------------------------------------------------------------------------------------------
                      0.000000    0.000000    0.000000   clock __VIRTUAL_CLK__ (rise edge)
                                  0.000000    0.000000   clock network delay (ideal)
                                  2.000000    2.000000 ^ input external delay
     1    0.002877    0.014192    0.007424    2.007424 ^ A[2] (in)
                                                         A[2] (net)
                      0.014192    0.000000    2.007424 ^ input3/A (sky130_fd_sc_hd__buf_1)
     2    0.010128    0.093629    0.090743    2.098168 ^ input3/X (sky130_fd_sc_hd__buf_1)
                                                         net3 (net)
                      0.093629    0.000217    2.098385 ^ fanout38/A (sky130_fd_sc_hd__buf_4)
    10    0.043339    0.094874    0.132384    2.230769 ^ fanout38/X (sky130_fd_sc_hd__buf_4)
                                                         net38 (net)
                      0.095048    0.003297    2.234066 ^ _295_/C (sky130_fd_sc_hd__and3_1)
     1    0.005949    0.056484    0.115536    2.349602 ^ _295_/X (sky130_fd_sc_hd__and3_1)
                                                         _229_ (net)
                      0.056484    0.000060    2.349662 ^ _298_/S (sky130_fd_sc_hd__mux2_4)
     2    0.017273    0.052977    0.206998    2.556660 v _298_/X (sky130_fd_sc_hd__mux2_4)
                                                         _232_ (net)
                      0.052977    0.000109    2.556769 v _300_/B (sky130_fd_sc_hd__xor2_4)
     2    0.027191    0.178397    0.172815    2.729584 ^ _300_/X (sky130_fd_sc_hd__xor2_4)
                                                         _234_ (net)
                      0.178397    0.000102    2.729686 ^ _323_/A1 (sky130_fd_sc_hd__a21oi_4)
     2    0.011959    0.054291    0.045383    2.775069 v _323_/Y (sky130_fd_sc_hd__a21oi_4)
                                                         _256_ (net)
                      0.054291    0.000127    2.775196 v _325_/B (sky130_fd_sc_hd__xor2_2)
     2    0.005504    0.056895    0.098701    2.873897 v _325_/X (sky130_fd_sc_hd__xor2_2)
                                                         _258_ (net)
                      0.056895    0.000048    2.873945 v rebuffer6/A (sky130_fd_sc_hd__dlymetal6s2s_1)
     1    0.008468    0.042841    0.111354    2.985300 v rebuffer6/X (sky130_fd_sc_hd__dlymetal6s2s_1)
                                                         net52 (net)
                      0.042841    0.000054    2.985353 v _340_/B (sky130_fd_sc_hd__xnor2_2)
     2    0.011937    0.149371    0.135489    3.120842 ^ _340_/Y (sky130_fd_sc_hd__xnor2_2)
                                                         _273_ (net)
                      0.149371    0.000146    3.120988 ^ _347_/B (sky130_fd_sc_hd__xor2_2)
     2    0.011810    0.138763    0.133101    3.254089 ^ _347_/X (sky130_fd_sc_hd__xor2_2)
                                                         _006_ (net)
                      0.138763    0.000159    3.254248 ^ _351_/A (sky130_fd_sc_hd__xor2_1)
     2    0.004470    0.101415    0.109734    3.363982 ^ _351_/X (sky130_fd_sc_hd__xor2_1)
                                                         _010_ (net)
                      0.101415    0.000052    3.364034 ^ _353_/A_N (sky130_fd_sc_hd__and2b_1)
     2    0.010072    0.045355    0.138315    3.502349 v _353_/X (sky130_fd_sc_hd__and2b_1)
                                                         _012_ (net)
                      0.045355    0.000091    3.502441 v _354_/A (sky130_fd_sc_hd__inv_2)
     1    0.010981    0.043017    0.053070    3.555510 ^ _354_/Y (sky130_fd_sc_hd__inv_2)
                                                         _013_ (net)
                      0.043017    0.000161    3.555672 ^ _387_/A1 (sky130_fd_sc_hd__o21ai_4)
     2    0.015523    0.044762    0.045330    3.601001 v _387_/Y (sky130_fd_sc_hd__o21ai_4)
                                                         _045_ (net)
                      0.044765    0.000323    3.601324 v _424_/A1 (sky130_fd_sc_hd__a21oi_4)
     3    0.023920    0.155524    0.148710    3.750034 ^ _424_/Y (sky130_fd_sc_hd__a21oi_4)
                                                         _081_ (net)
                      0.155592    0.001175    3.751208 ^ _486_/C (sky130_fd_sc_hd__nor3_4)
     2    0.011785    0.047489    0.030279    3.781487 v _486_/Y (sky130_fd_sc_hd__nor3_4)
                                                         _141_ (net)
                      0.047490    0.000196    3.781683 v rebuffer24/A (sky130_fd_sc_hd__dlygate4sd1_1)
     1    0.008763    0.039929    0.168751    3.950434 v rebuffer24/X (sky130_fd_sc_hd__dlygate4sd1_1)
                                                         net70 (net)
                      0.039929    0.000060    3.950494 v _488_/B (sky130_fd_sc_hd__nor2_4)
     2    0.014325    0.084142    0.081398    4.031892 ^ _488_/Y (sky130_fd_sc_hd__nor2_4)
                                                         _143_ (net)
                      0.084142    0.000125    4.032017 ^ _513_/A2 (sky130_fd_sc_hd__o21ai_2)
     1    0.008641    0.060947    0.043828    4.075844 v _513_/Y (sky130_fd_sc_hd__o21ai_2)
                                                         _167_ (net)
                      0.060947    0.000084    4.075928 v _514_/A (sky130_fd_sc_hd__xnor2_2)
     1    0.006933    0.108831    0.129596    4.205524 ^ _514_/Y (sky130_fd_sc_hd__xnor2_2)
                                                         net19 (net)
                      0.108831    0.000131    4.205655 ^ output19/A (sky130_fd_sc_hd__buf_6)
     1    0.033991    0.057683    0.099321    4.304976 ^ output19/X (sky130_fd_sc_hd__buf_6)
                                                         P[11] (net)
                      0.057683    0.000191    4.305168 ^ P[11] (out)
                                              4.305168   data arrival time

                      0.000000   10.000000   10.000000   clock __VIRTUAL_CLK__ (rise edge)
                                  0.000000   10.000000   clock network delay (ideal)
                                 -0.250000    9.750000   clock uncertainty
                                  0.000000    9.750000   clock reconvergence pessimism
                                 -2.000000    7.750000   output external delay
                                              7.750000   data required time
---------------------------------------------------------------------------------------------
                                              7.750000   data required time
                                             -4.305168   data arrival time
---------------------------------------------------------------------------------------------
                                              3.444833   slack (MET)


Startpoint: A[4] (input port clocked by __VIRTUAL_CLK__)
Endpoint: P[12] (output port clocked by __VIRTUAL_CLK__)
Path Group: __VIRTUAL_CLK__
Path Type: max

Fanout         Cap        Slew       Delay        Time   Description
---------------------------------------------------------------------------------------------
                      0.000000    0.000000    0.000000   clock __VIRTUAL_CLK__ (rise edge)
                                  0.000000    0.000000   clock network delay (ideal)
                                  2.000000    2.000000 ^ input external delay
     1    0.003148    0.015159    0.008137    2.008137 ^ A[4] (in)
                                                         A[4] (net)
                      0.015159    0.000000    2.008137 ^ input5/A (sky130_fd_sc_hd__clkbuf_2)
     5    0.029312    0.125201    0.127072    2.135209 ^ input5/X (sky130_fd_sc_hd__clkbuf_2)
                                                         net5 (net)
                      0.125221    0.001282    2.136492 ^ fanout36/A (sky130_fd_sc_hd__buf_6)
    10    0.035455    0.059780    0.102560    2.239051 ^ fanout36/X (sky130_fd_sc_hd__buf_6)
                                                         net36 (net)
                      0.059783    0.000508    2.239560 ^ _292_/B (sky130_fd_sc_hd__and2_1)
     3    0.010668    0.085845    0.117637    2.357196 ^ _292_/X (sky130_fd_sc_hd__and2_1)
                                                         _226_ (net)
                      0.085845    0.000055    2.357251 ^ _310_/A_N (sky130_fd_sc_hd__and3b_1)
     2    0.005349    0.034858    0.120309    2.477560 v _310_/X (sky130_fd_sc_hd__and3b_1)
                                                         _243_ (net)
                      0.034858    0.000052    2.477612 v _362_/A2 (sky130_fd_sc_hd__a31o_1)
     1    0.009123    0.047123    0.151463    2.629075 v _362_/X (sky130_fd_sc_hd__a31o_1)
                                                         _020_ (net)
                      0.047123    0.000076    2.629151 v _363_/A (sky130_fd_sc_hd__xnor2_2)
     2    0.008671    0.122876    0.135441    2.764592 ^ _363_/Y (sky130_fd_sc_hd__xnor2_2)
                                                         _021_ (net)
                      0.122876    0.000076    2.764668 ^ _365_/A (sky130_fd_sc_hd__xor2_1)
     2    0.007440    0.139198    0.139416    2.904084 ^ _365_/X (sky130_fd_sc_hd__xor2_1)
                                                         _023_ (net)
                      0.139198    0.000092    2.904176 ^ _366_/B (sky130_fd_sc_hd__nand2_2)
     4    0.015492    0.067092    0.066922    2.971098 v _366_/Y (sky130_fd_sc_hd__nand2_2)
                                                         _024_ (net)
                      0.067117    0.000438    2.971537 v _472_/A_N (sky130_fd_sc_hd__nand2b_1)
     2    0.005275    0.046538    0.107704    3.079241 v _472_/Y (sky130_fd_sc_hd__nand2b_1)
                                                         _127_ (net)
                      0.046538    0.000045    3.079286 v _476_/C (sky130_fd_sc_hd__and4_1)
     1    0.002635    0.028186    0.119964    3.199251 v _476_/X (sky130_fd_sc_hd__and4_1)
                                                         _131_ (net)
                      0.028186    0.000031    3.199282 v _478_/A_N (sky130_fd_sc_hd__nand2b_2)
     2    0.013413    0.050666    0.127432    3.326714 v _478_/Y (sky130_fd_sc_hd__nand2b_2)
                                                         _133_ (net)
                      0.050666    0.000220    3.326934 v _480_/A (sky130_fd_sc_hd__xor2_2)
     2    0.012587    0.054016    0.130739    3.457673 v _480_/X (sky130_fd_sc_hd__xor2_2)
                                                         _135_ (net)
                      0.054016    0.000132    3.457805 v _482_/A (sky130_fd_sc_hd__xnor2_2)
     3    0.013810    0.164854    0.169344    3.627149 ^ _482_/Y (sky130_fd_sc_hd__xnor2_2)
                                                         _137_ (net)
                      0.164854    0.000246    3.627394 ^ _484_/A_N (sky130_fd_sc_hd__nand2b_4)
     2    0.009987    0.047910    0.107726    3.735120 ^ _484_/Y (sky130_fd_sc_hd__nand2b_4)
                                                         _139_ (net)
                      0.047910    0.000071    3.735192 ^ _531_/B (sky130_fd_sc_hd__nand2_2)
     1    0.008858    0.046092    0.040434    3.775626 v _531_/Y (sky130_fd_sc_hd__nand2_2)
                                                         _184_ (net)
                      0.046092    0.000105    3.775731 v _533_/A1 (sky130_fd_sc_hd__o311ai_4)
     4    0.017441    0.238122    0.254351    4.030082 ^ _533_/Y (sky130_fd_sc_hd__o311ai_4)
                                                         _186_ (net)
                      0.238122    0.000414    4.030497 ^ _534_/B (sky130_fd_sc_hd__xnor2_1)
     1    0.007978    0.153255    0.108185    4.138681 ^ _534_/Y (sky130_fd_sc_hd__xnor2_1)
                                                         net20 (net)
                      0.153302    0.000184    4.138865 ^ output20/A (sky130_fd_sc_hd__buf_6)
     1    0.033937    0.058167    0.102576    4.241442 ^ output20/X (sky130_fd_sc_hd__buf_6)
                                                         P[12] (net)
                      0.058167    0.000174    4.241615 ^ P[12] (out)
                                              4.241615   data arrival time

                      0.000000   10.000000   10.000000   clock __VIRTUAL_CLK__ (rise edge)
                                  0.000000   10.000000   clock network delay (ideal)
                                 -0.250000    9.750000   clock uncertainty
                                  0.000000    9.750000   clock reconvergence pessimism
                                 -2.000000    7.750000   output external delay
                                              7.750000   data required time
---------------------------------------------------------------------------------------------
                                              7.750000   data required time
                                             -4.241615   data arrival time
---------------------------------------------------------------------------------------------
                                              3.508385   slack (MET)


Startpoint: A[2] (input port clocked by __VIRTUAL_CLK__)
Endpoint: P[10] (output port clocked by __VIRTUAL_CLK__)
Path Group: __VIRTUAL_CLK__
Path Type: max

Fanout         Cap        Slew       Delay        Time   Description
---------------------------------------------------------------------------------------------
                      0.000000    0.000000    0.000000   clock __VIRTUAL_CLK__ (rise edge)
                                  0.000000    0.000000   clock network delay (ideal)
                                  2.000000    2.000000 ^ input external delay
     1    0.002877    0.014192    0.007424    2.007424 ^ A[2] (in)
                                                         A[2] (net)
                      0.014192    0.000000    2.007424 ^ input3/A (sky130_fd_sc_hd__buf_1)
     2    0.010128    0.093629    0.090743    2.098168 ^ input3/X (sky130_fd_sc_hd__buf_1)
                                                         net3 (net)
                      0.093629    0.000217    2.098385 ^ fanout38/A (sky130_fd_sc_hd__buf_4)
    10    0.043339    0.094874    0.132384    2.230769 ^ fanout38/X (sky130_fd_sc_hd__buf_4)
                                                         net38 (net)
                      0.095048    0.003297    2.234066 ^ _295_/C (sky130_fd_sc_hd__and3_1)
     1    0.005949    0.056484    0.115536    2.349602 ^ _295_/X (sky130_fd_sc_hd__and3_1)
                                                         _229_ (net)
                      0.056484    0.000060    2.349662 ^ _298_/S (sky130_fd_sc_hd__mux2_4)
     2    0.017273    0.052977    0.206998    2.556660 v _298_/X (sky130_fd_sc_hd__mux2_4)
                                                         _232_ (net)
                      0.052977    0.000109    2.556769 v _300_/B (sky130_fd_sc_hd__xor2_4)
     2    0.027191    0.178397    0.172815    2.729584 ^ _300_/X (sky130_fd_sc_hd__xor2_4)
                                                         _234_ (net)
                      0.178397    0.000102    2.729686 ^ _323_/A1 (sky130_fd_sc_hd__a21oi_4)
     2    0.011959    0.054291    0.045383    2.775069 v _323_/Y (sky130_fd_sc_hd__a21oi_4)
                                                         _256_ (net)
                      0.054291    0.000127    2.775196 v _325_/B (sky130_fd_sc_hd__xor2_2)
     2    0.005504    0.056895    0.098701    2.873897 v _325_/X (sky130_fd_sc_hd__xor2_2)
                                                         _258_ (net)
                      0.056895    0.000048    2.873945 v rebuffer6/A (sky130_fd_sc_hd__dlymetal6s2s_1)
     1    0.008468    0.042841    0.111354    2.985300 v rebuffer6/X (sky130_fd_sc_hd__dlymetal6s2s_1)
                                                         net52 (net)
                      0.042841    0.000054    2.985353 v _340_/B (sky130_fd_sc_hd__xnor2_2)
     2    0.011937    0.149371    0.135489    3.120842 ^ _340_/Y (sky130_fd_sc_hd__xnor2_2)
                                                         _273_ (net)
                      0.149371    0.000146    3.120988 ^ _347_/B (sky130_fd_sc_hd__xor2_2)
     2    0.011810    0.138763    0.133101    3.254089 ^ _347_/X (sky130_fd_sc_hd__xor2_2)
                                                         _006_ (net)
                      0.138763    0.000159    3.254248 ^ _351_/A (sky130_fd_sc_hd__xor2_1)
     2    0.004470    0.101415    0.109734    3.363982 ^ _351_/X (sky130_fd_sc_hd__xor2_1)
                                                         _010_ (net)
                      0.101415    0.000052    3.364034 ^ _353_/A_N (sky130_fd_sc_hd__and2b_1)
     2    0.010072    0.045355    0.138315    3.502349 v _353_/X (sky130_fd_sc_hd__and2b_1)
                                                         _012_ (net)
                      0.045355    0.000091    3.502441 v _354_/A (sky130_fd_sc_hd__inv_2)
     1    0.010981    0.043017    0.053070    3.555510 ^ _354_/Y (sky130_fd_sc_hd__inv_2)
                                                         _013_ (net)
                      0.043017    0.000161    3.555672 ^ _387_/A1 (sky130_fd_sc_hd__o21ai_4)
     2    0.015523    0.044762    0.045330    3.601001 v _387_/Y (sky130_fd_sc_hd__o21ai_4)
                                                         _045_ (net)
                      0.044765    0.000323    3.601324 v _424_/A1 (sky130_fd_sc_hd__a21oi_4)
     3    0.023920    0.155524    0.148710    3.750034 ^ _424_/Y (sky130_fd_sc_hd__a21oi_4)
                                                         _081_ (net)
                      0.155592    0.001175    3.751208 ^ _486_/C (sky130_fd_sc_hd__nor3_4)
     2    0.011785    0.047489    0.030279    3.781487 v _486_/Y (sky130_fd_sc_hd__nor3_4)
                                                         _141_ (net)
                      0.047490    0.000196    3.781683 v rebuffer24/A (sky130_fd_sc_hd__dlygate4sd1_1)
     1    0.008763    0.039929    0.168751    3.950434 v rebuffer24/X (sky130_fd_sc_hd__dlygate4sd1_1)
                                                         net70 (net)
                      0.039929    0.000060    3.950494 v _488_/B (sky130_fd_sc_hd__nor2_4)
     2    0.014325    0.084142    0.081398    4.031892 ^ _488_/Y (sky130_fd_sc_hd__nor2_4)
                                                         _143_ (net)
                      0.084142    0.000090    4.031981 ^ _489_/B (sky130_fd_sc_hd__xor2_2)
     1    0.007138    0.102854    0.106441    4.138422 ^ _489_/X (sky130_fd_sc_hd__xor2_2)
                                                         net18 (net)
                      0.102854    0.000143    4.138566 ^ output18/A (sky130_fd_sc_hd__buf_6)
     1    0.033937    0.057543    0.098369    4.236935 ^ output18/X (sky130_fd_sc_hd__buf_6)
                                                         P[10] (net)
                      0.057543    0.000174    4.237108 ^ P[10] (out)
                                              4.237108   data arrival time

                      0.000000   10.000000   10.000000   clock __VIRTUAL_CLK__ (rise edge)
                                  0.000000   10.000000   clock network delay (ideal)
                                 -0.250000    9.750000   clock uncertainty
                                  0.000000    9.750000   clock reconvergence pessimism
                                 -2.000000    7.750000   output external delay
                                              7.750000   data required time
---------------------------------------------------------------------------------------------
                                              7.750000   data required time
                                             -4.237108   data arrival time
---------------------------------------------------------------------------------------------
                                              3.512892   slack (MET)


Startpoint: A[2] (input port clocked by __VIRTUAL_CLK__)
Endpoint: P[9] (output port clocked by __VIRTUAL_CLK__)
Path Group: __VIRTUAL_CLK__
Path Type: max

Fanout         Cap        Slew       Delay        Time   Description
---------------------------------------------------------------------------------------------
                      0.000000    0.000000    0.000000   clock __VIRTUAL_CLK__ (rise edge)
                                  0.000000    0.000000   clock network delay (ideal)
                                  2.000000    2.000000 ^ input external delay
     1    0.002877    0.014192    0.007424    2.007424 ^ A[2] (in)
                                                         A[2] (net)
                      0.014192    0.000000    2.007424 ^ input3/A (sky130_fd_sc_hd__buf_1)
     2    0.010128    0.093629    0.090743    2.098168 ^ input3/X (sky130_fd_sc_hd__buf_1)
                                                         net3 (net)
                      0.093629    0.000217    2.098385 ^ fanout38/A (sky130_fd_sc_hd__buf_4)
    10    0.043339    0.094874    0.132384    2.230769 ^ fanout38/X (sky130_fd_sc_hd__buf_4)
                                                         net38 (net)
                      0.095048    0.003297    2.234066 ^ _295_/C (sky130_fd_sc_hd__and3_1)
     1    0.005949    0.056484    0.115536    2.349602 ^ _295_/X (sky130_fd_sc_hd__and3_1)
                                                         _229_ (net)
                      0.056484    0.000060    2.349662 ^ _298_/S (sky130_fd_sc_hd__mux2_4)
     2    0.017273    0.052977    0.206998    2.556660 v _298_/X (sky130_fd_sc_hd__mux2_4)
                                                         _232_ (net)
                      0.052977    0.000109    2.556769 v _300_/B (sky130_fd_sc_hd__xor2_4)
     2    0.027191    0.178397    0.172815    2.729584 ^ _300_/X (sky130_fd_sc_hd__xor2_4)
                                                         _234_ (net)
                      0.178397    0.000102    2.729686 ^ _323_/A1 (sky130_fd_sc_hd__a21oi_4)
     2    0.011959    0.054291    0.045383    2.775069 v _323_/Y (sky130_fd_sc_hd__a21oi_4)
                                                         _256_ (net)
                      0.054291    0.000127    2.775196 v _325_/B (sky130_fd_sc_hd__xor2_2)
     2    0.005504    0.056895    0.098701    2.873897 v _325_/X (sky130_fd_sc_hd__xor2_2)
                                                         _258_ (net)
                      0.056895    0.000048    2.873945 v rebuffer6/A (sky130_fd_sc_hd__dlymetal6s2s_1)
     1    0.008468    0.042841    0.111354    2.985300 v rebuffer6/X (sky130_fd_sc_hd__dlymetal6s2s_1)
                                                         net52 (net)
                      0.042841    0.000054    2.985353 v _340_/B (sky130_fd_sc_hd__xnor2_2)
     2    0.011937    0.149371    0.135489    3.120842 ^ _340_/Y (sky130_fd_sc_hd__xnor2_2)
                                                         _273_ (net)
                      0.149371    0.000146    3.120988 ^ _347_/B (sky130_fd_sc_hd__xor2_2)
     2    0.011810    0.138763    0.133101    3.254089 ^ _347_/X (sky130_fd_sc_hd__xor2_2)
                                                         _006_ (net)
                      0.138763    0.000159    3.254248 ^ _351_/A (sky130_fd_sc_hd__xor2_1)
     2    0.004470    0.101415    0.109734    3.363982 ^ _351_/X (sky130_fd_sc_hd__xor2_1)
                                                         _010_ (net)
                      0.101415    0.000052    3.364034 ^ _353_/A_N (sky130_fd_sc_hd__and2b_1)
     2    0.010072    0.045355    0.138315    3.502349 v _353_/X (sky130_fd_sc_hd__and2b_1)
                                                         _012_ (net)
                      0.045355    0.000091    3.502441 v _354_/A (sky130_fd_sc_hd__inv_2)
     1    0.010981    0.043017    0.053070    3.555510 ^ _354_/Y (sky130_fd_sc_hd__inv_2)
                                                         _013_ (net)
                      0.043017    0.000161    3.555672 ^ _387_/A1 (sky130_fd_sc_hd__o21ai_4)
     2    0.015523    0.044762    0.045330    3.601001 v _387_/Y (sky130_fd_sc_hd__o21ai_4)
                                                         _045_ (net)
                      0.044765    0.000323    3.601324 v _424_/A1 (sky130_fd_sc_hd__a21oi_4)
     3    0.023920    0.155524    0.148710    3.750034 ^ _424_/Y (sky130_fd_sc_hd__a21oi_4)
                                                         _081_ (net)
                      0.155590    0.001108    3.751141 ^ _426_/A2 (sky130_fd_sc_hd__o21bai_1)
     1    0.009045    0.064400    0.072657    3.823798 v _426_/Y (sky130_fd_sc_hd__o21bai_1)
                                                         _082_ (net)
                      0.064400    0.000112    3.823911 v _456_/B (sky130_fd_sc_hd__xnor2_2)
     1    0.008134    0.118483    0.119767    3.943677 ^ _456_/Y (sky130_fd_sc_hd__xnor2_2)
                                                         net32 (net)
                      0.118483    0.000165    3.943842 ^ output32/A (sky130_fd_sc_hd__buf_6)
     1    0.034077    0.057909    0.100861    4.044703 ^ output32/X (sky130_fd_sc_hd__buf_6)
                                                         P[9] (net)
                      0.057909    0.000217    4.044920 ^ P[9] (out)
                                              4.044920   data arrival time

                      0.000000   10.000000   10.000000   clock __VIRTUAL_CLK__ (rise edge)
                                  0.000000   10.000000   clock network delay (ideal)
                                 -0.250000    9.750000   clock uncertainty
                                  0.000000    9.750000   clock reconvergence pessimism
                                 -2.000000    7.750000   output external delay
                                              7.750000   data required time
---------------------------------------------------------------------------------------------
                                              7.750000   data required time
                                             -4.044920   data arrival time
---------------------------------------------------------------------------------------------
                                              3.705080   slack (MET)


Startpoint: A[2] (input port clocked by __VIRTUAL_CLK__)
Endpoint: P[8] (output port clocked by __VIRTUAL_CLK__)
Path Group: __VIRTUAL_CLK__
Path Type: max

Fanout         Cap        Slew       Delay        Time   Description
---------------------------------------------------------------------------------------------
                      0.000000    0.000000    0.000000   clock __VIRTUAL_CLK__ (rise edge)
                                  0.000000    0.000000   clock network delay (ideal)
                                  2.000000    2.000000 ^ input external delay
     1    0.002877    0.014192    0.007424    2.007424 ^ A[2] (in)
                                                         A[2] (net)
                      0.014192    0.000000    2.007424 ^ input3/A (sky130_fd_sc_hd__buf_1)
     2    0.010128    0.093629    0.090743    2.098168 ^ input3/X (sky130_fd_sc_hd__buf_1)
                                                         net3 (net)
                      0.093629    0.000217    2.098385 ^ fanout38/A (sky130_fd_sc_hd__buf_4)
    10    0.043339    0.094874    0.132384    2.230769 ^ fanout38/X (sky130_fd_sc_hd__buf_4)
                                                         net38 (net)
                      0.095048    0.003297    2.234066 ^ _295_/C (sky130_fd_sc_hd__and3_1)
     1    0.005949    0.056484    0.115536    2.349602 ^ _295_/X (sky130_fd_sc_hd__and3_1)
                                                         _229_ (net)
                      0.056484    0.000060    2.349662 ^ _298_/S (sky130_fd_sc_hd__mux2_4)
     2    0.017273    0.052977    0.206998    2.556660 v _298_/X (sky130_fd_sc_hd__mux2_4)
                                                         _232_ (net)
                      0.052977    0.000109    2.556769 v _300_/B (sky130_fd_sc_hd__xor2_4)
     2    0.027191    0.178397    0.172815    2.729584 ^ _300_/X (sky130_fd_sc_hd__xor2_4)
                                                         _234_ (net)
                      0.178397    0.000102    2.729686 ^ _323_/A1 (sky130_fd_sc_hd__a21oi_4)
     2    0.011959    0.054291    0.045383    2.775069 v _323_/Y (sky130_fd_sc_hd__a21oi_4)
                                                         _256_ (net)
                      0.054291    0.000127    2.775196 v _325_/B (sky130_fd_sc_hd__xor2_2)
     2    0.005504    0.056895    0.098701    2.873897 v _325_/X (sky130_fd_sc_hd__xor2_2)
                                                         _258_ (net)
                      0.056895    0.000048    2.873945 v rebuffer6/A (sky130_fd_sc_hd__dlymetal6s2s_1)
     1    0.008468    0.042841    0.111354    2.985300 v rebuffer6/X (sky130_fd_sc_hd__dlymetal6s2s_1)
                                                         net52 (net)
                      0.042841    0.000054    2.985353 v _340_/B (sky130_fd_sc_hd__xnor2_2)
     2    0.011937    0.149371    0.135489    3.120842 ^ _340_/Y (sky130_fd_sc_hd__xnor2_2)
                                                         _273_ (net)
                      0.149371    0.000146    3.120988 ^ _347_/B (sky130_fd_sc_hd__xor2_2)
     2    0.011810    0.138763    0.133101    3.254089 ^ _347_/X (sky130_fd_sc_hd__xor2_2)
                                                         _006_ (net)
                      0.138763    0.000159    3.254248 ^ _351_/A (sky130_fd_sc_hd__xor2_1)
     2    0.004470    0.101415    0.109734    3.363982 ^ _351_/X (sky130_fd_sc_hd__xor2_1)
                                                         _010_ (net)
                      0.101415    0.000052    3.364034 ^ _353_/A_N (sky130_fd_sc_hd__and2b_1)
     2    0.010072    0.045355    0.138315    3.502349 v _353_/X (sky130_fd_sc_hd__and2b_1)
                                                         _012_ (net)
                      0.045355    0.000091    3.502441 v _354_/A (sky130_fd_sc_hd__inv_2)
     1    0.010981    0.043017    0.053070    3.555510 ^ _354_/Y (sky130_fd_sc_hd__inv_2)
                                                         _013_ (net)
                      0.043017    0.000161    3.555672 ^ _387_/A1 (sky130_fd_sc_hd__o21ai_4)
     2    0.015523    0.044762    0.045330    3.601001 v _387_/Y (sky130_fd_sc_hd__o21ai_4)
                                                         _045_ (net)
                      0.044765    0.000323    3.601324 v _424_/A1 (sky130_fd_sc_hd__a21oi_4)
     3    0.023920    0.155524    0.148710    3.750034 ^ _424_/Y (sky130_fd_sc_hd__a21oi_4)
                                                         _081_ (net)
                      0.155588    0.001040    3.751074 ^ _425_/B (sky130_fd_sc_hd__xor2_1)
     1    0.005734    0.117456    0.120826    3.871899 ^ _425_/X (sky130_fd_sc_hd__xor2_1)
                                                         net31 (net)
                      0.117456    0.000111    3.872011 ^ output31/A (sky130_fd_sc_hd__buf_4)
     1    0.033993    0.076398    0.126070    3.998081 ^ output31/X (sky130_fd_sc_hd__buf_4)
                                                         P[8] (net)
                      0.076398    0.000176    3.998256 ^ P[8] (out)
                                              3.998256   data arrival time

                      0.000000   10.000000   10.000000   clock __VIRTUAL_CLK__ (rise edge)
                                  0.000000   10.000000   clock network delay (ideal)
                                 -0.250000    9.750000   clock uncertainty
                                  0.000000    9.750000   clock reconvergence pessimism
                                 -2.000000    7.750000   output external delay
                                              7.750000   data required time
---------------------------------------------------------------------------------------------
                                              7.750000   data required time
                                             -3.998256   data arrival time
---------------------------------------------------------------------------------------------
                                              3.751744   slack (MET)


Startpoint: A[2] (input port clocked by __VIRTUAL_CLK__)
Endpoint: P[6] (output port clocked by __VIRTUAL_CLK__)
Path Group: __VIRTUAL_CLK__
Path Type: max

Fanout         Cap        Slew       Delay        Time   Description
---------------------------------------------------------------------------------------------
                      0.000000    0.000000    0.000000   clock __VIRTUAL_CLK__ (rise edge)
                                  0.000000    0.000000   clock network delay (ideal)
                                  2.000000    2.000000 ^ input external delay
     1    0.002877    0.014192    0.007424    2.007424 ^ A[2] (in)
                                                         A[2] (net)
                      0.014192    0.000000    2.007424 ^ input3/A (sky130_fd_sc_hd__buf_1)
     2    0.010128    0.093629    0.090743    2.098168 ^ input3/X (sky130_fd_sc_hd__buf_1)
                                                         net3 (net)
                      0.093629    0.000217    2.098385 ^ fanout38/A (sky130_fd_sc_hd__buf_4)
    10    0.043339    0.094874    0.132384    2.230769 ^ fanout38/X (sky130_fd_sc_hd__buf_4)
                                                         net38 (net)
                      0.095048    0.003297    2.234066 ^ _295_/C (sky130_fd_sc_hd__and3_1)
     1    0.005949    0.056484    0.115536    2.349602 ^ _295_/X (sky130_fd_sc_hd__and3_1)
                                                         _229_ (net)
                      0.056484    0.000060    2.349662 ^ _298_/S (sky130_fd_sc_hd__mux2_4)
     2    0.017273    0.052977    0.206998    2.556660 v _298_/X (sky130_fd_sc_hd__mux2_4)
                                                         _232_ (net)
                      0.052977    0.000109    2.556769 v _300_/B (sky130_fd_sc_hd__xor2_4)
     2    0.027191    0.178397    0.172815    2.729584 ^ _300_/X (sky130_fd_sc_hd__xor2_4)
                                                         _234_ (net)
                      0.178397    0.000102    2.729686 ^ _323_/A1 (sky130_fd_sc_hd__a21oi_4)
     2    0.011959    0.054291    0.045383    2.775069 v _323_/Y (sky130_fd_sc_hd__a21oi_4)
                                                         _256_ (net)
                      0.054291    0.000127    2.775196 v _325_/B (sky130_fd_sc_hd__xor2_2)
     2    0.005504    0.056895    0.098701    2.873897 v _325_/X (sky130_fd_sc_hd__xor2_2)
                                                         _258_ (net)
                      0.056895    0.000049    2.873946 v _326_/A2 (sky130_fd_sc_hd__a21o_1)
     2    0.013503    0.053943    0.152190    3.026136 v _326_/X (sky130_fd_sc_hd__a21o_1)
                                                         _259_ (net)
                      0.053943    0.000223    3.026359 v _329_/A (sky130_fd_sc_hd__xnor2_2)
     2    0.011859    0.148755    0.157438    3.183797 ^ _329_/Y (sky130_fd_sc_hd__xnor2_2)
                                                         _262_ (net)
                      0.148755    0.000157    3.183954 ^ _338_/A (sky130_fd_sc_hd__xnor2_2)
     2    0.011533    0.058650    0.068502    3.252456 v _338_/Y (sky130_fd_sc_hd__xnor2_2)
                                                         _271_ (net)
                      0.058650    0.000154    3.252610 v _339_/B (sky130_fd_sc_hd__xnor2_2)
     2    0.011483    0.062975    0.105991    3.358601 v _339_/Y (sky130_fd_sc_hd__xnor2_2)
                                                         _272_ (net)
                      0.062975    0.000131    3.358732 v _350_/A (sky130_fd_sc_hd__xor2_2)
     2    0.010092    0.078067    0.130985    3.489717 v _350_/X (sky130_fd_sc_hd__xor2_2)
                                                         _009_ (net)
                      0.078067    0.000084    3.489801 v rebuffer1/A (sky130_fd_sc_hd__dlygate4sd1_1)
     1    0.005306    0.029369    0.170039    3.659839 v rebuffer1/X (sky130_fd_sc_hd__dlygate4sd1_1)
                                                         net47 (net)
                      0.029369    0.000066    3.659905 v _355_/A (sky130_fd_sc_hd__xnor2_1)
     1    0.005513    0.118926    0.125277    3.785182 ^ _355_/Y (sky130_fd_sc_hd__xnor2_1)
                                                         net29 (net)
                      0.118926    0.000140    3.785322 ^ output29/A (sky130_fd_sc_hd__buf_2)
     1    0.034253    0.128035    0.159202    3.944524 ^ output29/X (sky130_fd_sc_hd__buf_2)
                                                         P[6] (net)
                      0.128035    0.000345    3.944868 ^ P[6] (out)
                                              3.944868   data arrival time

                      0.000000   10.000000   10.000000   clock __VIRTUAL_CLK__ (rise edge)
                                  0.000000   10.000000   clock network delay (ideal)
                                 -0.250000    9.750000   clock uncertainty
                                  0.000000    9.750000   clock reconvergence pessimism
                                 -2.000000    7.750000   output external delay
                                              7.750000   data required time
---------------------------------------------------------------------------------------------
                                              7.750000   data required time
                                             -3.944868   data arrival time
---------------------------------------------------------------------------------------------
                                              3.805132   slack (MET)


Startpoint: A[2] (input port clocked by __VIRTUAL_CLK__)
Endpoint: P[7] (output port clocked by __VIRTUAL_CLK__)
Path Group: __VIRTUAL_CLK__
Path Type: max

Fanout         Cap        Slew       Delay        Time   Description
---------------------------------------------------------------------------------------------
                      0.000000    0.000000    0.000000   clock __VIRTUAL_CLK__ (rise edge)
                                  0.000000    0.000000   clock network delay (ideal)
                                  2.000000    2.000000 ^ input external delay
     1    0.002877    0.014192    0.007424    2.007424 ^ A[2] (in)
                                                         A[2] (net)
                      0.014192    0.000000    2.007424 ^ input3/A (sky130_fd_sc_hd__buf_1)
     2    0.010128    0.093629    0.090743    2.098168 ^ input3/X (sky130_fd_sc_hd__buf_1)
                                                         net3 (net)
                      0.093629    0.000217    2.098385 ^ fanout38/A (sky130_fd_sc_hd__buf_4)
    10    0.043339    0.094874    0.132384    2.230769 ^ fanout38/X (sky130_fd_sc_hd__buf_4)
                                                         net38 (net)
                      0.095048    0.003297    2.234066 ^ _295_/C (sky130_fd_sc_hd__and3_1)
     1    0.005949    0.056484    0.115536    2.349602 ^ _295_/X (sky130_fd_sc_hd__and3_1)
                                                         _229_ (net)
                      0.056484    0.000060    2.349662 ^ _298_/S (sky130_fd_sc_hd__mux2_4)
     2    0.017273    0.052977    0.206998    2.556660 v _298_/X (sky130_fd_sc_hd__mux2_4)
                                                         _232_ (net)
                      0.052977    0.000109    2.556769 v _300_/B (sky130_fd_sc_hd__xor2_4)
     2    0.027191    0.178397    0.172815    2.729584 ^ _300_/X (sky130_fd_sc_hd__xor2_4)
                                                         _234_ (net)
                      0.178397    0.000102    2.729686 ^ _323_/A1 (sky130_fd_sc_hd__a21oi_4)
     2    0.011959    0.054291    0.045383    2.775069 v _323_/Y (sky130_fd_sc_hd__a21oi_4)
                                                         _256_ (net)
                      0.054291    0.000127    2.775196 v _325_/B (sky130_fd_sc_hd__xor2_2)
     2    0.005504    0.056895    0.098701    2.873897 v _325_/X (sky130_fd_sc_hd__xor2_2)
                                                         _258_ (net)
                      0.056895    0.000048    2.873945 v rebuffer6/A (sky130_fd_sc_hd__dlymetal6s2s_1)
     1    0.008468    0.042841    0.111354    2.985300 v rebuffer6/X (sky130_fd_sc_hd__dlymetal6s2s_1)
                                                         net52 (net)
                      0.042841    0.000054    2.985353 v _340_/B (sky130_fd_sc_hd__xnor2_2)
     2    0.011937    0.149371    0.135489    3.120842 ^ _340_/Y (sky130_fd_sc_hd__xnor2_2)
                                                         _273_ (net)
                      0.149371    0.000146    3.120988 ^ _347_/B (sky130_fd_sc_hd__xor2_2)
     2    0.011810    0.138763    0.133101    3.254089 ^ _347_/X (sky130_fd_sc_hd__xor2_2)
                                                         _006_ (net)
                      0.138763    0.000159    3.254248 ^ _351_/A (sky130_fd_sc_hd__xor2_1)
     2    0.004177    0.046492    0.054878    3.309126 v _351_/X (sky130_fd_sc_hd__xor2_1)
                                                         _010_ (net)
                      0.046492    0.000048    3.309175 v _353_/A_N (sky130_fd_sc_hd__and2b_1)
     2    0.010640    0.078849    0.159053    3.468228 ^ _353_/X (sky130_fd_sc_hd__and2b_1)
                                                         _012_ (net)
                      0.078849    0.000097    3.468325 ^ _354_/A (sky130_fd_sc_hd__inv_2)
     1    0.010037    0.029779    0.030255    3.498580 v _354_/Y (sky130_fd_sc_hd__inv_2)
                                                         _013_ (net)
                      0.029780    0.000147    3.498727 v _387_/A1 (sky130_fd_sc_hd__o21ai_4)
     2    0.016575    0.125851    0.131869    3.630596 ^ _387_/Y (sky130_fd_sc_hd__o21ai_4)
                                                         _045_ (net)
                      0.125851    0.000246    3.630842 ^ _388_/B (sky130_fd_sc_hd__xor2_1)
     1    0.006442    0.126352    0.128430    3.759272 ^ _388_/X (sky130_fd_sc_hd__xor2_1)
                                                         net30 (net)
                      0.126352    0.000185    3.759456 ^ output30/A (sky130_fd_sc_hd__buf_2)
     1    0.034319    0.128287    0.160570    3.920026 ^ output30/X (sky130_fd_sc_hd__buf_2)
                                                         P[7] (net)
                      0.128287    0.000357    3.920383 ^ P[7] (out)
                                              3.920383   data arrival time

                      0.000000   10.000000   10.000000   clock __VIRTUAL_CLK__ (rise edge)
                                  0.000000   10.000000   clock network delay (ideal)
                                 -0.250000    9.750000   clock uncertainty
                                  0.000000    9.750000   clock reconvergence pessimism
                                 -2.000000    7.750000   output external delay
                                              7.750000   data required time
---------------------------------------------------------------------------------------------
                                              7.750000   data required time
                                             -3.920383   data arrival time
---------------------------------------------------------------------------------------------
                                              3.829617   slack (MET)


Startpoint: A[2] (input port clocked by __VIRTUAL_CLK__)
Endpoint: P[5] (output port clocked by __VIRTUAL_CLK__)
Path Group: __VIRTUAL_CLK__
Path Type: max

Fanout         Cap        Slew       Delay        Time   Description
---------------------------------------------------------------------------------------------
                      0.000000    0.000000    0.000000   clock __VIRTUAL_CLK__ (rise edge)
                                  0.000000    0.000000   clock network delay (ideal)
                                  2.000000    2.000000 ^ input external delay
     1    0.002877    0.014192    0.007424    2.007424 ^ A[2] (in)
                                                         A[2] (net)
                      0.014192    0.000000    2.007424 ^ input3/A (sky130_fd_sc_hd__buf_1)
     2    0.010128    0.093629    0.090743    2.098168 ^ input3/X (sky130_fd_sc_hd__buf_1)
                                                         net3 (net)
                      0.093629    0.000217    2.098385 ^ fanout38/A (sky130_fd_sc_hd__buf_4)
    10    0.043339    0.094874    0.132384    2.230769 ^ fanout38/X (sky130_fd_sc_hd__buf_4)
                                                         net38 (net)
                      0.095048    0.003297    2.234066 ^ _295_/C (sky130_fd_sc_hd__and3_1)
     1    0.005949    0.056484    0.115536    2.349602 ^ _295_/X (sky130_fd_sc_hd__and3_1)
                                                         _229_ (net)
                      0.056484    0.000060    2.349662 ^ _298_/S (sky130_fd_sc_hd__mux2_4)
     2    0.017273    0.052977    0.206998    2.556660 v _298_/X (sky130_fd_sc_hd__mux2_4)
                                                         _232_ (net)
                      0.052977    0.000109    2.556769 v _300_/B (sky130_fd_sc_hd__xor2_4)
     2    0.027191    0.178397    0.172815    2.729584 ^ _300_/X (sky130_fd_sc_hd__xor2_4)
                                                         _234_ (net)
                      0.178397    0.000102    2.729686 ^ _323_/A1 (sky130_fd_sc_hd__a21oi_4)
     2    0.011959    0.054291    0.045383    2.775069 v _323_/Y (sky130_fd_sc_hd__a21oi_4)
                                                         _256_ (net)
                      0.054291    0.000127    2.775196 v _325_/B (sky130_fd_sc_hd__xor2_2)
     2    0.005504    0.056895    0.098701    2.873897 v _325_/X (sky130_fd_sc_hd__xor2_2)
                                                         _258_ (net)
                      0.056895    0.000048    2.873945 v rebuffer6/A (sky130_fd_sc_hd__dlymetal6s2s_1)
     1    0.008468    0.042841    0.111354    2.985300 v rebuffer6/X (sky130_fd_sc_hd__dlymetal6s2s_1)
                                                         net52 (net)
                      0.042841    0.000054    2.985353 v _340_/B (sky130_fd_sc_hd__xnor2_2)
     2    0.011937    0.149371    0.135489    3.120842 ^ _340_/Y (sky130_fd_sc_hd__xnor2_2)
                                                         _273_ (net)
                      0.149371    0.000146    3.120988 ^ _347_/B (sky130_fd_sc_hd__xor2_2)
     2    0.011810    0.138763    0.133101    3.254089 ^ _347_/X (sky130_fd_sc_hd__xor2_2)
                                                         _006_ (net)
                      0.138763    0.000159    3.254248 ^ _351_/A (sky130_fd_sc_hd__xor2_1)
     2    0.004470    0.101415    0.109734    3.363982 ^ _351_/X (sky130_fd_sc_hd__xor2_1)
                                                         _010_ (net)
                      0.101415    0.000052    3.364034 ^ rebuffer5/A (sky130_fd_sc_hd__dlygate4sd1_1)
     1    0.005112    0.045214    0.144698    3.508732 ^ rebuffer5/X (sky130_fd_sc_hd__dlygate4sd1_1)
                                                         net51 (net)
                      0.045214    0.000050    3.508782 ^ _561_/A (sky130_fd_sc_hd__xnor2_1)
     1    0.005487    0.118744    0.085482    3.594264 ^ _561_/Y (sky130_fd_sc_hd__xnor2_1)
                                                         net28 (net)
                      0.118744    0.000135    3.594399 ^ output28/A (sky130_fd_sc_hd__buf_2)
     1    0.034319    0.128269    0.159314    3.753713 ^ output28/X (sky130_fd_sc_hd__buf_2)
                                                         P[5] (net)
                      0.128269    0.000357    3.754070 ^ P[5] (out)
                                              3.754070   data arrival time

                      0.000000   10.000000   10.000000   clock __VIRTUAL_CLK__ (rise edge)
                                  0.000000   10.000000   clock network delay (ideal)
                                 -0.250000    9.750000   clock uncertainty
                                  0.000000    9.750000   clock reconvergence pessimism
                                 -2.000000    7.750000   output external delay
                                              7.750000   data required time
---------------------------------------------------------------------------------------------
                                              7.750000   data required time
                                             -3.754070   data arrival time
---------------------------------------------------------------------------------------------
                                              3.995930   slack (MET)


Startpoint: A[0] (input port clocked by __VIRTUAL_CLK__)
Endpoint: P[4] (output port clocked by __VIRTUAL_CLK__)
Path Group: __VIRTUAL_CLK__
Path Type: max

Fanout         Cap        Slew       Delay        Time   Description
---------------------------------------------------------------------------------------------
                      0.000000    0.000000    0.000000   clock __VIRTUAL_CLK__ (rise edge)
                                  0.000000    0.000000   clock network delay (ideal)
                                  2.000000    2.000000 v input external delay
     1    0.004980    0.008177    0.004213    2.004213 v A[0] (in)
                                                         A[0] (net)
                      0.008177    0.000000    2.004213 v input1/A (sky130_fd_sc_hd__buf_6)
     3    0.015470    0.021999    0.070007    2.074220 v input1/X (sky130_fd_sc_hd__buf_6)
                                                         net1 (net)
                      0.021999    0.000060    2.074280 v fanout45/A (sky130_fd_sc_hd__buf_6)
     5    0.017307    0.023233    0.076644    2.150924 v fanout45/X (sky130_fd_sc_hd__buf_6)
                                                         net45 (net)
                      0.023233    0.000085    2.151009 v _284_/C (sky130_fd_sc_hd__and4_1)
     3    0.005946    0.037572    0.124014    2.275023 v _284_/X (sky130_fd_sc_hd__and4_1)
                                                         _219_ (net)
                      0.037572    0.000017    2.275040 v _286_/A_N (sky130_fd_sc_hd__and4b_1)
     4    0.009935    0.085218    0.184888    2.459928 ^ _286_/X (sky130_fd_sc_hd__and4b_1)
                                                         _221_ (net)
                      0.085218    0.000086    2.460014 ^ _301_/A_N (sky130_fd_sc_hd__and4b_1)
     2    0.016135    0.067615    0.162271    2.622286 v _301_/X (sky130_fd_sc_hd__and4b_1)
                                                         _235_ (net)
                      0.067615    0.000261    2.622546 v rebuffer3/A (sky130_fd_sc_hd__buf_6)
     1    0.016216    0.022597    0.095168    2.717714 v rebuffer3/X (sky130_fd_sc_hd__buf_6)
                                                         net49 (net)
                      0.022598    0.000178    2.717892 v _302_/B (sky130_fd_sc_hd__xnor2_4)
     2    0.014561    0.129342    0.118651    2.836544 ^ _302_/Y (sky130_fd_sc_hd__xnor2_4)
                                                         _236_ (net)
                      0.129342    0.000083    2.836627 ^ _304_/B (sky130_fd_sc_hd__xor2_1)
     2    0.010356    0.177479    0.166183    3.002809 ^ _304_/X (sky130_fd_sc_hd__xor2_1)
                                                         _238_ (net)
                      0.177535    0.000183    3.002992 ^ _305_/B (sky130_fd_sc_hd__xnor2_1)
     2    0.004906    0.050094    0.055343    3.058335 v _305_/Y (sky130_fd_sc_hd__xnor2_1)
                                                         _239_ (net)
                      0.050094    0.000054    3.058389 v _306_/B (sky130_fd_sc_hd__and2_1)
     2    0.005128    0.031979    0.110513    3.168902 v _306_/X (sky130_fd_sc_hd__and2_1)
                                                         _240_ (net)
                      0.031979    0.000016    3.168917 v _308_/A (sky130_fd_sc_hd__nor2_1)
     1    0.006953    0.101644    0.101486    3.270403 ^ _308_/Y (sky130_fd_sc_hd__nor2_1)
                                                         net27 (net)
                      0.101645    0.000206    3.270609 ^ output27/A (sky130_fd_sc_hd__buf_2)
     1    0.033986    0.127074    0.154688    3.425297 ^ output27/X (sky130_fd_sc_hd__buf_2)
                                                         P[4] (net)
                      0.127074    0.000188    3.425485 ^ P[4] (out)
                                              3.425485   data arrival time

                      0.000000   10.000000   10.000000   clock __VIRTUAL_CLK__ (rise edge)
                                  0.000000   10.000000   clock network delay (ideal)
                                 -0.250000    9.750000   clock uncertainty
                                  0.000000    9.750000   clock reconvergence pessimism
                                 -2.000000    7.750000   output external delay
                                              7.750000   data required time
---------------------------------------------------------------------------------------------
                                              7.750000   data required time
                                             -3.425485   data arrival time
---------------------------------------------------------------------------------------------
                                              4.324515   slack (MET)


Startpoint: A[1] (input port clocked by __VIRTUAL_CLK__)
Endpoint: P[3] (output port clocked by __VIRTUAL_CLK__)
Path Group: __VIRTUAL_CLK__
Path Type: max

Fanout         Cap        Slew       Delay        Time   Description
---------------------------------------------------------------------------------------------
                      0.000000    0.000000    0.000000   clock __VIRTUAL_CLK__ (rise edge)
                                  0.000000    0.000000   clock network delay (ideal)
                                  2.000000    2.000000 ^ input external delay
     1    0.002456    0.012698    0.006320    2.006320 ^ A[1] (in)
                                                         A[1] (net)
                      0.012698    0.000000    2.006320 ^ input2/A (sky130_fd_sc_hd__dlymetal6s2s_1)
     7    0.021192    0.173146    0.150613    2.156933 ^ input2/X (sky130_fd_sc_hd__dlymetal6s2s_1)
                                                         net2 (net)
                      0.173146    0.000155    2.157089 ^ _284_/A (sky130_fd_sc_hd__and4_1)
     3    0.006353    0.060014    0.139869    2.296957 ^ _284_/X (sky130_fd_sc_hd__and4_1)
                                                         _219_ (net)
                      0.060014    0.000033    2.296991 ^ _285_/A_N (sky130_fd_sc_hd__and3b_1)
     1    0.001745    0.024280    0.103393    2.400384 v _285_/X (sky130_fd_sc_hd__and3b_1)
                                                         _220_ (net)
                      0.024280    0.000006    2.400390 v _288_/B (sky130_fd_sc_hd__or3_1)
     2    0.006323    0.056083    0.209909    2.610299 v _288_/X (sky130_fd_sc_hd__or3_1)
                                                         _223_ (net)
                      0.056083    0.000085    2.610384 v _289_/B (sky130_fd_sc_hd__and2b_1)
     1    0.005601    0.032707    0.113995    2.724378 v _289_/X (sky130_fd_sc_hd__and2b_1)
                                                         _224_ (net)
                      0.032707    0.000068    2.724446 v _291_/B (sky130_fd_sc_hd__xnor2_1)
     1    0.002756    0.081523    0.085151    2.809596 ^ _291_/Y (sky130_fd_sc_hd__xnor2_1)
                                                         net26 (net)
                      0.081523    0.000031    2.809628 ^ output26/A (sky130_fd_sc_hd__buf_2)
     1    0.034047    0.127297    0.150212    2.959840 ^ output26/X (sky130_fd_sc_hd__buf_2)
                                                         P[3] (net)
                      0.127297    0.000200    2.960040 ^ P[3] (out)
                                              2.960040   data arrival time

                      0.000000   10.000000   10.000000   clock __VIRTUAL_CLK__ (rise edge)
                                  0.000000   10.000000   clock network delay (ideal)
                                 -0.250000    9.750000   clock uncertainty
                                  0.000000    9.750000   clock reconvergence pessimism
                                 -2.000000    7.750000   output external delay
                                              7.750000   data required time
---------------------------------------------------------------------------------------------
                                              7.750000   data required time
                                             -2.960040   data arrival time
---------------------------------------------------------------------------------------------
                                              4.789960   slack (MET)


Startpoint: A[0] (input port clocked by __VIRTUAL_CLK__)
Endpoint: P[2] (output port clocked by __VIRTUAL_CLK__)
Path Group: __VIRTUAL_CLK__
Path Type: max

Fanout         Cap        Slew       Delay        Time   Description
---------------------------------------------------------------------------------------------
                      0.000000    0.000000    0.000000   clock __VIRTUAL_CLK__ (rise edge)
                                  0.000000    0.000000   clock network delay (ideal)
                                  2.000000    2.000000 ^ input external delay
     1    0.005468    0.023259    0.014071    2.014071 ^ A[0] (in)
                                                         A[0] (net)
                      0.023259    0.000000    2.014071 ^ input1/A (sky130_fd_sc_hd__buf_6)
     3    0.016332    0.032680    0.064536    2.078607 ^ input1/X (sky130_fd_sc_hd__buf_6)
                                                         net1 (net)
                      0.032681    0.000190    2.078797 ^ clone7/A (sky130_fd_sc_hd__clkbuf_1)
     5    0.014221    0.128587    0.119190    2.197987 ^ clone7/X (sky130_fd_sc_hd__clkbuf_1)
                                                         net53 (net)
                      0.128587    0.000069    2.198056 ^ _275_/B (sky130_fd_sc_hd__nand2_1)
     3    0.009802    0.070785    0.070398    2.268454 v _275_/Y (sky130_fd_sc_hd__nand2_1)
                                                         _212_ (net)
                      0.070785    0.000080    2.268534 v _287_/B (sky130_fd_sc_hd__and3b_1)
     2    0.005332    0.034904    0.124134    2.392668 v _287_/X (sky130_fd_sc_hd__and3b_1)
                                                         _222_ (net)
                      0.034904    0.000019    2.392687 v _563_/A_N (sky130_fd_sc_hd__and2b_1)
     1    0.002574    0.028172    0.115736    2.508422 ^ _563_/X (sky130_fd_sc_hd__and2b_1)
                                                         net25 (net)
                      0.028172    0.000019    2.508441 ^ output25/A (sky130_fd_sc_hd__buf_2)
     1    0.034102    0.127603    0.136242    2.644683 ^ output25/X (sky130_fd_sc_hd__buf_2)
                                                         P[2] (net)
                      0.127604    0.000243    2.644926 ^ P[2] (out)
                                              2.644926   data arrival time

                      0.000000   10.000000   10.000000   clock __VIRTUAL_CLK__ (rise edge)
                                  0.000000   10.000000   clock network delay (ideal)
                                 -0.250000    9.750000   clock uncertainty
                                  0.000000    9.750000   clock reconvergence pessimism
                                 -2.000000    7.750000   output external delay
                                              7.750000   data required time
---------------------------------------------------------------------------------------------
                                              7.750000   data required time
                                             -2.644926   data arrival time
---------------------------------------------------------------------------------------------
                                              5.105074   slack (MET)


Startpoint: B[1] (input port clocked by __VIRTUAL_CLK__)
Endpoint: P[1] (output port clocked by __VIRTUAL_CLK__)
Path Group: __VIRTUAL_CLK__
Path Type: max

Fanout         Cap        Slew       Delay        Time   Description
---------------------------------------------------------------------------------------------
                      0.000000    0.000000    0.000000   clock __VIRTUAL_CLK__ (rise edge)
                                  0.000000    0.000000   clock network delay (ideal)
                                  2.000000    2.000000 ^ input external delay
     1    0.005533    0.023478    0.014231    2.014231 ^ B[1] (in)
                                                         B[1] (net)
                      0.023478    0.000000    2.014231 ^ input10/A (sky130_fd_sc_hd__buf_6)
     6    0.036275    0.060246    0.084680    2.098911 ^ input10/X (sky130_fd_sc_hd__buf_6)
                                                         net10 (net)
                      0.060282    0.001180    2.100091 ^ clone14/A (sky130_fd_sc_hd__clkbuf_1)
     5    0.029158    0.256092    0.211629    2.311720 ^ clone14/X (sky130_fd_sc_hd__clkbuf_1)
                                                         net60 (net)
                      0.256093    0.000425    2.312145 ^ _279_/C (sky130_fd_sc_hd__and3b_1)
     1    0.002335    0.034915    0.110130    2.422275 ^ _279_/X (sky130_fd_sc_hd__and3b_1)
                                                         net24 (net)
                      0.034915    0.000014    2.422290 ^ output24/A (sky130_fd_sc_hd__buf_2)
     1    0.034035    0.127349    0.138120    2.560409 ^ output24/X (sky130_fd_sc_hd__buf_2)
                                                         P[1] (net)
                      0.127350    0.000242    2.560652 ^ P[1] (out)
                                              2.560652   data arrival time

                      0.000000   10.000000   10.000000   clock __VIRTUAL_CLK__ (rise edge)
                                  0.000000   10.000000   clock network delay (ideal)
                                 -0.250000    9.750000   clock uncertainty
                                  0.000000    9.750000   clock reconvergence pessimism
                                 -2.000000    7.750000   output external delay
                                              7.750000   data required time
---------------------------------------------------------------------------------------------
                                              7.750000   data required time
                                             -2.560652   data arrival time
---------------------------------------------------------------------------------------------
                                              5.189349   slack (MET)


Startpoint: A[0] (input port clocked by __VIRTUAL_CLK__)
Endpoint: P[0] (output port clocked by __VIRTUAL_CLK__)
Path Group: __VIRTUAL_CLK__
Path Type: max

Fanout         Cap        Slew       Delay        Time   Description
---------------------------------------------------------------------------------------------
                      0.000000    0.000000    0.000000   clock __VIRTUAL_CLK__ (rise edge)
                                  0.000000    0.000000   clock network delay (ideal)
                                  2.000000    2.000000 ^ input external delay
     1    0.005468    0.023259    0.014071    2.014071 ^ A[0] (in)
                                                         A[0] (net)
                      0.023259    0.000000    2.014071 ^ input1/A (sky130_fd_sc_hd__buf_6)
     3    0.016332    0.032680    0.064536    2.078607 ^ input1/X (sky130_fd_sc_hd__buf_6)
                                                         net1 (net)
                      0.032681    0.000190    2.078797 ^ clone7/A (sky130_fd_sc_hd__clkbuf_1)
     5    0.014221    0.128587    0.119190    2.197987 ^ clone7/X (sky130_fd_sc_hd__clkbuf_1)
                                                         net53 (net)
                      0.128587    0.000069    2.198056 ^ _275_/B (sky130_fd_sc_hd__nand2_1)
     3    0.009802    0.070785    0.070398    2.268454 v _275_/Y (sky130_fd_sc_hd__nand2_1)
                                                         _212_ (net)
                      0.070786    0.000084    2.268538 v _276_/A (sky130_fd_sc_hd__inv_2)
     1    0.002441    0.023389    0.038267    2.306805 ^ _276_/Y (sky130_fd_sc_hd__inv_2)
                                                         net17 (net)
                      0.023389    0.000016    2.306821 ^ output17/A (sky130_fd_sc_hd__buf_2)
     1    0.034142    0.127760    0.134886    2.441706 ^ output17/X (sky130_fd_sc_hd__buf_2)
                                                         P[0] (net)
                      0.127760    0.000251    2.441958 ^ P[0] (out)
                                              2.441958   data arrival time

                      0.000000   10.000000   10.000000   clock __VIRTUAL_CLK__ (rise edge)
                                  0.000000   10.000000   clock network delay (ideal)
                                 -0.250000    9.750000   clock uncertainty
                                  0.000000    9.750000   clock reconvergence pessimism
                                 -2.000000    7.750000   output external delay
                                              7.750000   data required time
---------------------------------------------------------------------------------------------
                                              7.750000   data required time
                                             -2.441958   data arrival time
---------------------------------------------------------------------------------------------
                                              5.308042   slack (MET)



